[2025-06-03T13:16:58.188+0000] {processor.py:161} INFO - Started process (PID=57) to work on /home/airflow/.local/lib/python3.8/site-packages/airflow/example_dags/example_branch_day_of_week_operator.py
[2025-06-03T13:16:58.189+0000] {processor.py:830} INFO - Processing file /home/airflow/.local/lib/python3.8/site-packages/airflow/example_dags/example_branch_day_of_week_operator.py for tasks to queue
[2025-06-03T13:16:58.189+0000] {logging_mixin.py:188} INFO - [2025-06-03T13:16:58.189+0000] {dagbag.py:540} INFO - Filling up the DagBag from /home/airflow/.local/lib/python3.8/site-packages/airflow/example_dags/example_branch_day_of_week_operator.py
[2025-06-03T13:16:58.196+0000] {processor.py:840} INFO - DAG(s) 'example_weekday_branch_operator' retrieved from /home/airflow/.local/lib/python3.8/site-packages/airflow/example_dags/example_branch_day_of_week_operator.py
[2025-06-03T13:16:58.207+0000] {logging_mixin.py:188} INFO - [2025-06-03T13:16:58.207+0000] {dag.py:3047} INFO - Sync 1 DAGs
[2025-06-03T13:16:58.230+0000] {logging_mixin.py:188} INFO - [2025-06-03T13:16:58.230+0000] {dag.py:3834} INFO - Setting next_dagrun for example_weekday_branch_operator to 2025-06-02 00:00:00+00:00, run_after=2025-06-03 00:00:00+00:00
[2025-06-03T13:16:58.246+0000] {processor.py:183} INFO - Processing /home/airflow/.local/lib/python3.8/site-packages/airflow/example_dags/example_branch_day_of_week_operator.py took 0.064 seconds
[2025-06-03T13:17:28.342+0000] {processor.py:161} INFO - Started process (PID=112) to work on /home/airflow/.local/lib/python3.8/site-packages/airflow/example_dags/example_branch_day_of_week_operator.py
[2025-06-03T13:17:28.342+0000] {processor.py:830} INFO - Processing file /home/airflow/.local/lib/python3.8/site-packages/airflow/example_dags/example_branch_day_of_week_operator.py for tasks to queue
[2025-06-03T13:17:28.343+0000] {logging_mixin.py:188} INFO - [2025-06-03T13:17:28.343+0000] {dagbag.py:540} INFO - Filling up the DagBag from /home/airflow/.local/lib/python3.8/site-packages/airflow/example_dags/example_branch_day_of_week_operator.py
[2025-06-03T13:17:28.346+0000] {processor.py:840} INFO - DAG(s) 'example_weekday_branch_operator' retrieved from /home/airflow/.local/lib/python3.8/site-packages/airflow/example_dags/example_branch_day_of_week_operator.py
[2025-06-03T13:17:28.382+0000] {logging_mixin.py:188} INFO - [2025-06-03T13:17:28.382+0000] {dag.py:3047} INFO - Sync 1 DAGs
[2025-06-03T13:17:28.389+0000] {logging_mixin.py:188} INFO - [2025-06-03T13:17:28.389+0000] {dag.py:3834} INFO - Setting next_dagrun for example_weekday_branch_operator to 2025-06-02 00:00:00+00:00, run_after=2025-06-03 00:00:00+00:00
[2025-06-03T13:17:28.395+0000] {processor.py:183} INFO - Processing /home/airflow/.local/lib/python3.8/site-packages/airflow/example_dags/example_branch_day_of_week_operator.py took 0.054 seconds
[2025-06-03T13:17:59.378+0000] {processor.py:161} INFO - Started process (PID=173) to work on /home/airflow/.local/lib/python3.8/site-packages/airflow/example_dags/example_branch_day_of_week_operator.py
[2025-06-03T13:17:59.379+0000] {processor.py:830} INFO - Processing file /home/airflow/.local/lib/python3.8/site-packages/airflow/example_dags/example_branch_day_of_week_operator.py for tasks to queue
[2025-06-03T13:17:59.379+0000] {logging_mixin.py:188} INFO - [2025-06-03T13:17:59.379+0000] {dagbag.py:540} INFO - Filling up the DagBag from /home/airflow/.local/lib/python3.8/site-packages/airflow/example_dags/example_branch_day_of_week_operator.py
[2025-06-03T13:17:59.384+0000] {processor.py:840} INFO - DAG(s) 'example_weekday_branch_operator' retrieved from /home/airflow/.local/lib/python3.8/site-packages/airflow/example_dags/example_branch_day_of_week_operator.py
[2025-06-03T13:17:59.394+0000] {logging_mixin.py:188} INFO - [2025-06-03T13:17:59.394+0000] {dag.py:3047} INFO - Sync 1 DAGs
[2025-06-03T13:17:59.403+0000] {logging_mixin.py:188} INFO - [2025-06-03T13:17:59.403+0000] {dag.py:3834} INFO - Setting next_dagrun for example_weekday_branch_operator to 2025-06-02 00:00:00+00:00, run_after=2025-06-03 00:00:00+00:00
[2025-06-03T13:17:59.409+0000] {processor.py:183} INFO - Processing /home/airflow/.local/lib/python3.8/site-packages/airflow/example_dags/example_branch_day_of_week_operator.py took 0.033 seconds
[2025-06-03T13:18:29.974+0000] {processor.py:161} INFO - Started process (PID=228) to work on /home/airflow/.local/lib/python3.8/site-packages/airflow/example_dags/example_branch_day_of_week_operator.py
[2025-06-03T13:18:29.975+0000] {processor.py:830} INFO - Processing file /home/airflow/.local/lib/python3.8/site-packages/airflow/example_dags/example_branch_day_of_week_operator.py for tasks to queue
[2025-06-03T13:18:29.976+0000] {logging_mixin.py:188} INFO - [2025-06-03T13:18:29.976+0000] {dagbag.py:540} INFO - Filling up the DagBag from /home/airflow/.local/lib/python3.8/site-packages/airflow/example_dags/example_branch_day_of_week_operator.py
[2025-06-03T13:18:29.983+0000] {processor.py:840} INFO - DAG(s) 'example_weekday_branch_operator' retrieved from /home/airflow/.local/lib/python3.8/site-packages/airflow/example_dags/example_branch_day_of_week_operator.py
[2025-06-03T13:18:29.994+0000] {logging_mixin.py:188} INFO - [2025-06-03T13:18:29.994+0000] {dag.py:3047} INFO - Sync 1 DAGs
[2025-06-03T13:18:30.003+0000] {logging_mixin.py:188} INFO - [2025-06-03T13:18:30.003+0000] {dag.py:3834} INFO - Setting next_dagrun for example_weekday_branch_operator to 2025-06-02 00:00:00+00:00, run_after=2025-06-03 00:00:00+00:00
[2025-06-03T13:18:30.011+0000] {processor.py:183} INFO - Processing /home/airflow/.local/lib/python3.8/site-packages/airflow/example_dags/example_branch_day_of_week_operator.py took 0.040 seconds
[2025-06-03T13:19:00.604+0000] {processor.py:161} INFO - Started process (PID=283) to work on /home/airflow/.local/lib/python3.8/site-packages/airflow/example_dags/example_branch_day_of_week_operator.py
[2025-06-03T13:19:00.605+0000] {processor.py:830} INFO - Processing file /home/airflow/.local/lib/python3.8/site-packages/airflow/example_dags/example_branch_day_of_week_operator.py for tasks to queue
[2025-06-03T13:19:00.606+0000] {logging_mixin.py:188} INFO - [2025-06-03T13:19:00.606+0000] {dagbag.py:540} INFO - Filling up the DagBag from /home/airflow/.local/lib/python3.8/site-packages/airflow/example_dags/example_branch_day_of_week_operator.py
[2025-06-03T13:19:00.609+0000] {processor.py:840} INFO - DAG(s) 'example_weekday_branch_operator' retrieved from /home/airflow/.local/lib/python3.8/site-packages/airflow/example_dags/example_branch_day_of_week_operator.py
[2025-06-03T13:19:00.619+0000] {logging_mixin.py:188} INFO - [2025-06-03T13:19:00.619+0000] {dag.py:3047} INFO - Sync 1 DAGs
[2025-06-03T13:19:00.628+0000] {logging_mixin.py:188} INFO - [2025-06-03T13:19:00.628+0000] {dag.py:3834} INFO - Setting next_dagrun for example_weekday_branch_operator to 2025-06-02 00:00:00+00:00, run_after=2025-06-03 00:00:00+00:00
[2025-06-03T13:19:00.634+0000] {processor.py:183} INFO - Processing /home/airflow/.local/lib/python3.8/site-packages/airflow/example_dags/example_branch_day_of_week_operator.py took 0.031 seconds
[2025-06-03T13:19:31.170+0000] {processor.py:161} INFO - Started process (PID=338) to work on /home/airflow/.local/lib/python3.8/site-packages/airflow/example_dags/example_branch_day_of_week_operator.py
[2025-06-03T13:19:31.170+0000] {processor.py:830} INFO - Processing file /home/airflow/.local/lib/python3.8/site-packages/airflow/example_dags/example_branch_day_of_week_operator.py for tasks to queue
[2025-06-03T13:19:31.171+0000] {logging_mixin.py:188} INFO - [2025-06-03T13:19:31.171+0000] {dagbag.py:540} INFO - Filling up the DagBag from /home/airflow/.local/lib/python3.8/site-packages/airflow/example_dags/example_branch_day_of_week_operator.py
[2025-06-03T13:19:31.175+0000] {processor.py:840} INFO - DAG(s) 'example_weekday_branch_operator' retrieved from /home/airflow/.local/lib/python3.8/site-packages/airflow/example_dags/example_branch_day_of_week_operator.py
[2025-06-03T13:19:31.184+0000] {logging_mixin.py:188} INFO - [2025-06-03T13:19:31.184+0000] {dag.py:3047} INFO - Sync 1 DAGs
[2025-06-03T13:19:31.192+0000] {logging_mixin.py:188} INFO - [2025-06-03T13:19:31.192+0000] {dag.py:3834} INFO - Setting next_dagrun for example_weekday_branch_operator to 2025-06-02 00:00:00+00:00, run_after=2025-06-03 00:00:00+00:00
[2025-06-03T13:19:31.199+0000] {processor.py:183} INFO - Processing /home/airflow/.local/lib/python3.8/site-packages/airflow/example_dags/example_branch_day_of_week_operator.py took 0.030 seconds
[2025-06-03T13:20:01.763+0000] {processor.py:161} INFO - Started process (PID=393) to work on /home/airflow/.local/lib/python3.8/site-packages/airflow/example_dags/example_branch_day_of_week_operator.py
[2025-06-03T13:20:01.766+0000] {processor.py:830} INFO - Processing file /home/airflow/.local/lib/python3.8/site-packages/airflow/example_dags/example_branch_day_of_week_operator.py for tasks to queue
[2025-06-03T13:20:01.767+0000] {logging_mixin.py:188} INFO - [2025-06-03T13:20:01.767+0000] {dagbag.py:540} INFO - Filling up the DagBag from /home/airflow/.local/lib/python3.8/site-packages/airflow/example_dags/example_branch_day_of_week_operator.py
[2025-06-03T13:20:01.772+0000] {processor.py:840} INFO - DAG(s) 'example_weekday_branch_operator' retrieved from /home/airflow/.local/lib/python3.8/site-packages/airflow/example_dags/example_branch_day_of_week_operator.py
[2025-06-03T13:20:01.781+0000] {logging_mixin.py:188} INFO - [2025-06-03T13:20:01.781+0000] {dag.py:3047} INFO - Sync 1 DAGs
[2025-06-03T13:20:01.789+0000] {logging_mixin.py:188} INFO - [2025-06-03T13:20:01.789+0000] {dag.py:3834} INFO - Setting next_dagrun for example_weekday_branch_operator to 2025-06-02 00:00:00+00:00, run_after=2025-06-03 00:00:00+00:00
[2025-06-03T13:20:01.797+0000] {processor.py:183} INFO - Processing /home/airflow/.local/lib/python3.8/site-packages/airflow/example_dags/example_branch_day_of_week_operator.py took 0.035 seconds
[2025-06-03T13:20:32.551+0000] {processor.py:161} INFO - Started process (PID=448) to work on /home/airflow/.local/lib/python3.8/site-packages/airflow/example_dags/example_branch_day_of_week_operator.py
[2025-06-03T13:20:32.552+0000] {processor.py:830} INFO - Processing file /home/airflow/.local/lib/python3.8/site-packages/airflow/example_dags/example_branch_day_of_week_operator.py for tasks to queue
[2025-06-03T13:20:32.553+0000] {logging_mixin.py:188} INFO - [2025-06-03T13:20:32.553+0000] {dagbag.py:540} INFO - Filling up the DagBag from /home/airflow/.local/lib/python3.8/site-packages/airflow/example_dags/example_branch_day_of_week_operator.py
[2025-06-03T13:20:32.558+0000] {processor.py:840} INFO - DAG(s) 'example_weekday_branch_operator' retrieved from /home/airflow/.local/lib/python3.8/site-packages/airflow/example_dags/example_branch_day_of_week_operator.py
[2025-06-03T13:20:32.574+0000] {logging_mixin.py:188} INFO - [2025-06-03T13:20:32.573+0000] {dag.py:3047} INFO - Sync 1 DAGs
[2025-06-03T13:20:32.585+0000] {logging_mixin.py:188} INFO - [2025-06-03T13:20:32.584+0000] {dag.py:3834} INFO - Setting next_dagrun for example_weekday_branch_operator to 2025-06-02 00:00:00+00:00, run_after=2025-06-03 00:00:00+00:00
[2025-06-03T13:20:32.594+0000] {processor.py:183} INFO - Processing /home/airflow/.local/lib/python3.8/site-packages/airflow/example_dags/example_branch_day_of_week_operator.py took 0.047 seconds
[2025-06-03T13:21:03.330+0000] {processor.py:161} INFO - Started process (PID=503) to work on /home/airflow/.local/lib/python3.8/site-packages/airflow/example_dags/example_branch_day_of_week_operator.py
[2025-06-03T13:21:03.330+0000] {processor.py:830} INFO - Processing file /home/airflow/.local/lib/python3.8/site-packages/airflow/example_dags/example_branch_day_of_week_operator.py for tasks to queue
[2025-06-03T13:21:03.331+0000] {logging_mixin.py:188} INFO - [2025-06-03T13:21:03.331+0000] {dagbag.py:540} INFO - Filling up the DagBag from /home/airflow/.local/lib/python3.8/site-packages/airflow/example_dags/example_branch_day_of_week_operator.py
[2025-06-03T13:21:03.336+0000] {processor.py:840} INFO - DAG(s) 'example_weekday_branch_operator' retrieved from /home/airflow/.local/lib/python3.8/site-packages/airflow/example_dags/example_branch_day_of_week_operator.py
[2025-06-03T13:21:03.346+0000] {logging_mixin.py:188} INFO - [2025-06-03T13:21:03.345+0000] {dag.py:3047} INFO - Sync 1 DAGs
[2025-06-03T13:21:03.354+0000] {logging_mixin.py:188} INFO - [2025-06-03T13:21:03.354+0000] {dag.py:3834} INFO - Setting next_dagrun for example_weekday_branch_operator to 2025-06-02 00:00:00+00:00, run_after=2025-06-03 00:00:00+00:00
[2025-06-03T13:21:03.362+0000] {processor.py:183} INFO - Processing /home/airflow/.local/lib/python3.8/site-packages/airflow/example_dags/example_branch_day_of_week_operator.py took 0.034 seconds
[2025-06-03T13:21:34.180+0000] {processor.py:161} INFO - Started process (PID=558) to work on /home/airflow/.local/lib/python3.8/site-packages/airflow/example_dags/example_branch_day_of_week_operator.py
[2025-06-03T13:21:34.182+0000] {processor.py:830} INFO - Processing file /home/airflow/.local/lib/python3.8/site-packages/airflow/example_dags/example_branch_day_of_week_operator.py for tasks to queue
[2025-06-03T13:21:34.183+0000] {logging_mixin.py:188} INFO - [2025-06-03T13:21:34.183+0000] {dagbag.py:540} INFO - Filling up the DagBag from /home/airflow/.local/lib/python3.8/site-packages/airflow/example_dags/example_branch_day_of_week_operator.py
[2025-06-03T13:21:34.187+0000] {processor.py:840} INFO - DAG(s) 'example_weekday_branch_operator' retrieved from /home/airflow/.local/lib/python3.8/site-packages/airflow/example_dags/example_branch_day_of_week_operator.py
[2025-06-03T13:21:34.197+0000] {logging_mixin.py:188} INFO - [2025-06-03T13:21:34.197+0000] {dag.py:3047} INFO - Sync 1 DAGs
[2025-06-03T13:21:34.206+0000] {logging_mixin.py:188} INFO - [2025-06-03T13:21:34.206+0000] {dag.py:3834} INFO - Setting next_dagrun for example_weekday_branch_operator to 2025-06-02 00:00:00+00:00, run_after=2025-06-03 00:00:00+00:00
[2025-06-03T13:21:34.222+0000] {processor.py:183} INFO - Processing /home/airflow/.local/lib/python3.8/site-packages/airflow/example_dags/example_branch_day_of_week_operator.py took 0.044 seconds
[2025-06-03T13:22:05.163+0000] {processor.py:161} INFO - Started process (PID=613) to work on /home/airflow/.local/lib/python3.8/site-packages/airflow/example_dags/example_branch_day_of_week_operator.py
[2025-06-03T13:22:05.166+0000] {processor.py:830} INFO - Processing file /home/airflow/.local/lib/python3.8/site-packages/airflow/example_dags/example_branch_day_of_week_operator.py for tasks to queue
[2025-06-03T13:22:05.170+0000] {logging_mixin.py:188} INFO - [2025-06-03T13:22:05.170+0000] {dagbag.py:540} INFO - Filling up the DagBag from /home/airflow/.local/lib/python3.8/site-packages/airflow/example_dags/example_branch_day_of_week_operator.py
[2025-06-03T13:22:05.183+0000] {processor.py:840} INFO - DAG(s) 'example_weekday_branch_operator' retrieved from /home/airflow/.local/lib/python3.8/site-packages/airflow/example_dags/example_branch_day_of_week_operator.py
[2025-06-03T13:22:05.200+0000] {logging_mixin.py:188} INFO - [2025-06-03T13:22:05.200+0000] {dag.py:3047} INFO - Sync 1 DAGs
[2025-06-03T13:22:05.215+0000] {logging_mixin.py:188} INFO - [2025-06-03T13:22:05.215+0000] {dag.py:3834} INFO - Setting next_dagrun for example_weekday_branch_operator to 2025-06-02 00:00:00+00:00, run_after=2025-06-03 00:00:00+00:00
[2025-06-03T13:22:05.225+0000] {processor.py:183} INFO - Processing /home/airflow/.local/lib/python3.8/site-packages/airflow/example_dags/example_branch_day_of_week_operator.py took 0.065 seconds
[2025-06-03T13:22:36.108+0000] {processor.py:161} INFO - Started process (PID=668) to work on /home/airflow/.local/lib/python3.8/site-packages/airflow/example_dags/example_branch_day_of_week_operator.py
[2025-06-03T13:22:36.109+0000] {processor.py:830} INFO - Processing file /home/airflow/.local/lib/python3.8/site-packages/airflow/example_dags/example_branch_day_of_week_operator.py for tasks to queue
[2025-06-03T13:22:36.110+0000] {logging_mixin.py:188} INFO - [2025-06-03T13:22:36.110+0000] {dagbag.py:540} INFO - Filling up the DagBag from /home/airflow/.local/lib/python3.8/site-packages/airflow/example_dags/example_branch_day_of_week_operator.py
[2025-06-03T13:22:36.115+0000] {processor.py:840} INFO - DAG(s) 'example_weekday_branch_operator' retrieved from /home/airflow/.local/lib/python3.8/site-packages/airflow/example_dags/example_branch_day_of_week_operator.py
[2025-06-03T13:22:36.126+0000] {logging_mixin.py:188} INFO - [2025-06-03T13:22:36.125+0000] {dag.py:3047} INFO - Sync 1 DAGs
[2025-06-03T13:22:36.135+0000] {logging_mixin.py:188} INFO - [2025-06-03T13:22:36.135+0000] {dag.py:3834} INFO - Setting next_dagrun for example_weekday_branch_operator to 2025-06-02 00:00:00+00:00, run_after=2025-06-03 00:00:00+00:00
[2025-06-03T13:22:36.143+0000] {processor.py:183} INFO - Processing /home/airflow/.local/lib/python3.8/site-packages/airflow/example_dags/example_branch_day_of_week_operator.py took 0.037 seconds
[2025-06-03T13:23:06.946+0000] {processor.py:161} INFO - Started process (PID=723) to work on /home/airflow/.local/lib/python3.8/site-packages/airflow/example_dags/example_branch_day_of_week_operator.py
[2025-06-03T13:23:06.947+0000] {processor.py:830} INFO - Processing file /home/airflow/.local/lib/python3.8/site-packages/airflow/example_dags/example_branch_day_of_week_operator.py for tasks to queue
[2025-06-03T13:23:06.948+0000] {logging_mixin.py:188} INFO - [2025-06-03T13:23:06.948+0000] {dagbag.py:540} INFO - Filling up the DagBag from /home/airflow/.local/lib/python3.8/site-packages/airflow/example_dags/example_branch_day_of_week_operator.py
[2025-06-03T13:23:06.956+0000] {processor.py:840} INFO - DAG(s) 'example_weekday_branch_operator' retrieved from /home/airflow/.local/lib/python3.8/site-packages/airflow/example_dags/example_branch_day_of_week_operator.py
[2025-06-03T13:23:06.968+0000] {logging_mixin.py:188} INFO - [2025-06-03T13:23:06.968+0000] {dag.py:3047} INFO - Sync 1 DAGs
[2025-06-03T13:23:06.979+0000] {logging_mixin.py:188} INFO - [2025-06-03T13:23:06.978+0000] {dag.py:3834} INFO - Setting next_dagrun for example_weekday_branch_operator to 2025-06-02 00:00:00+00:00, run_after=2025-06-03 00:00:00+00:00
[2025-06-03T13:23:06.986+0000] {processor.py:183} INFO - Processing /home/airflow/.local/lib/python3.8/site-packages/airflow/example_dags/example_branch_day_of_week_operator.py took 0.043 seconds
[2025-06-03T13:23:37.906+0000] {processor.py:161} INFO - Started process (PID=778) to work on /home/airflow/.local/lib/python3.8/site-packages/airflow/example_dags/example_branch_day_of_week_operator.py
[2025-06-03T13:23:37.907+0000] {processor.py:830} INFO - Processing file /home/airflow/.local/lib/python3.8/site-packages/airflow/example_dags/example_branch_day_of_week_operator.py for tasks to queue
[2025-06-03T13:23:37.908+0000] {logging_mixin.py:188} INFO - [2025-06-03T13:23:37.908+0000] {dagbag.py:540} INFO - Filling up the DagBag from /home/airflow/.local/lib/python3.8/site-packages/airflow/example_dags/example_branch_day_of_week_operator.py
[2025-06-03T13:23:37.911+0000] {processor.py:840} INFO - DAG(s) 'example_weekday_branch_operator' retrieved from /home/airflow/.local/lib/python3.8/site-packages/airflow/example_dags/example_branch_day_of_week_operator.py
[2025-06-03T13:23:37.922+0000] {logging_mixin.py:188} INFO - [2025-06-03T13:23:37.922+0000] {dag.py:3047} INFO - Sync 1 DAGs
[2025-06-03T13:23:37.931+0000] {logging_mixin.py:188} INFO - [2025-06-03T13:23:37.931+0000] {dag.py:3834} INFO - Setting next_dagrun for example_weekday_branch_operator to 2025-06-02 00:00:00+00:00, run_after=2025-06-03 00:00:00+00:00
[2025-06-03T13:23:37.939+0000] {processor.py:183} INFO - Processing /home/airflow/.local/lib/python3.8/site-packages/airflow/example_dags/example_branch_day_of_week_operator.py took 0.035 seconds
[2025-06-03T13:24:08.221+0000] {processor.py:161} INFO - Started process (PID=833) to work on /home/airflow/.local/lib/python3.8/site-packages/airflow/example_dags/example_branch_day_of_week_operator.py
[2025-06-03T13:24:08.222+0000] {processor.py:830} INFO - Processing file /home/airflow/.local/lib/python3.8/site-packages/airflow/example_dags/example_branch_day_of_week_operator.py for tasks to queue
[2025-06-03T13:24:08.222+0000] {logging_mixin.py:188} INFO - [2025-06-03T13:24:08.222+0000] {dagbag.py:540} INFO - Filling up the DagBag from /home/airflow/.local/lib/python3.8/site-packages/airflow/example_dags/example_branch_day_of_week_operator.py
[2025-06-03T13:24:08.226+0000] {processor.py:840} INFO - DAG(s) 'example_weekday_branch_operator' retrieved from /home/airflow/.local/lib/python3.8/site-packages/airflow/example_dags/example_branch_day_of_week_operator.py
[2025-06-03T13:24:08.236+0000] {logging_mixin.py:188} INFO - [2025-06-03T13:24:08.236+0000] {dag.py:3047} INFO - Sync 1 DAGs
[2025-06-03T13:24:08.244+0000] {logging_mixin.py:188} INFO - [2025-06-03T13:24:08.244+0000] {dag.py:3834} INFO - Setting next_dagrun for example_weekday_branch_operator to 2025-06-02 00:00:00+00:00, run_after=2025-06-03 00:00:00+00:00
[2025-06-03T13:24:08.250+0000] {processor.py:183} INFO - Processing /home/airflow/.local/lib/python3.8/site-packages/airflow/example_dags/example_branch_day_of_week_operator.py took 0.030 seconds
[2025-06-03T13:24:39.113+0000] {processor.py:161} INFO - Started process (PID=888) to work on /home/airflow/.local/lib/python3.8/site-packages/airflow/example_dags/example_branch_day_of_week_operator.py
[2025-06-03T13:24:39.114+0000] {processor.py:830} INFO - Processing file /home/airflow/.local/lib/python3.8/site-packages/airflow/example_dags/example_branch_day_of_week_operator.py for tasks to queue
[2025-06-03T13:24:39.114+0000] {logging_mixin.py:188} INFO - [2025-06-03T13:24:39.114+0000] {dagbag.py:540} INFO - Filling up the DagBag from /home/airflow/.local/lib/python3.8/site-packages/airflow/example_dags/example_branch_day_of_week_operator.py
[2025-06-03T13:24:39.118+0000] {processor.py:840} INFO - DAG(s) 'example_weekday_branch_operator' retrieved from /home/airflow/.local/lib/python3.8/site-packages/airflow/example_dags/example_branch_day_of_week_operator.py
[2025-06-03T13:24:39.128+0000] {logging_mixin.py:188} INFO - [2025-06-03T13:24:39.128+0000] {dag.py:3047} INFO - Sync 1 DAGs
[2025-06-03T13:24:39.137+0000] {logging_mixin.py:188} INFO - [2025-06-03T13:24:39.137+0000] {dag.py:3834} INFO - Setting next_dagrun for example_weekday_branch_operator to 2025-06-02 00:00:00+00:00, run_after=2025-06-03 00:00:00+00:00
[2025-06-03T13:24:39.144+0000] {processor.py:183} INFO - Processing /home/airflow/.local/lib/python3.8/site-packages/airflow/example_dags/example_branch_day_of_week_operator.py took 0.033 seconds
[2025-06-03T13:25:09.812+0000] {processor.py:161} INFO - Started process (PID=943) to work on /home/airflow/.local/lib/python3.8/site-packages/airflow/example_dags/example_branch_day_of_week_operator.py
[2025-06-03T13:25:09.814+0000] {processor.py:830} INFO - Processing file /home/airflow/.local/lib/python3.8/site-packages/airflow/example_dags/example_branch_day_of_week_operator.py for tasks to queue
[2025-06-03T13:25:09.815+0000] {logging_mixin.py:188} INFO - [2025-06-03T13:25:09.815+0000] {dagbag.py:540} INFO - Filling up the DagBag from /home/airflow/.local/lib/python3.8/site-packages/airflow/example_dags/example_branch_day_of_week_operator.py
[2025-06-03T13:25:09.823+0000] {processor.py:840} INFO - DAG(s) 'example_weekday_branch_operator' retrieved from /home/airflow/.local/lib/python3.8/site-packages/airflow/example_dags/example_branch_day_of_week_operator.py
[2025-06-03T13:25:09.840+0000] {logging_mixin.py:188} INFO - [2025-06-03T13:25:09.840+0000] {dag.py:3047} INFO - Sync 1 DAGs
[2025-06-03T13:25:09.852+0000] {logging_mixin.py:188} INFO - [2025-06-03T13:25:09.852+0000] {dag.py:3834} INFO - Setting next_dagrun for example_weekday_branch_operator to 2025-06-02 00:00:00+00:00, run_after=2025-06-03 00:00:00+00:00
[2025-06-03T13:25:09.865+0000] {processor.py:183} INFO - Processing /home/airflow/.local/lib/python3.8/site-packages/airflow/example_dags/example_branch_day_of_week_operator.py took 0.058 seconds
[2025-06-03T13:25:40.403+0000] {processor.py:161} INFO - Started process (PID=998) to work on /home/airflow/.local/lib/python3.8/site-packages/airflow/example_dags/example_branch_day_of_week_operator.py
[2025-06-03T13:25:40.405+0000] {processor.py:830} INFO - Processing file /home/airflow/.local/lib/python3.8/site-packages/airflow/example_dags/example_branch_day_of_week_operator.py for tasks to queue
[2025-06-03T13:25:40.410+0000] {logging_mixin.py:188} INFO - [2025-06-03T13:25:40.410+0000] {dagbag.py:540} INFO - Filling up the DagBag from /home/airflow/.local/lib/python3.8/site-packages/airflow/example_dags/example_branch_day_of_week_operator.py
[2025-06-03T13:25:40.417+0000] {processor.py:840} INFO - DAG(s) 'example_weekday_branch_operator' retrieved from /home/airflow/.local/lib/python3.8/site-packages/airflow/example_dags/example_branch_day_of_week_operator.py
[2025-06-03T13:25:40.441+0000] {logging_mixin.py:188} INFO - [2025-06-03T13:25:40.441+0000] {dag.py:3047} INFO - Sync 1 DAGs
[2025-06-03T13:25:40.460+0000] {logging_mixin.py:188} INFO - [2025-06-03T13:25:40.460+0000] {dag.py:3834} INFO - Setting next_dagrun for example_weekday_branch_operator to 2025-06-02 00:00:00+00:00, run_after=2025-06-03 00:00:00+00:00
[2025-06-03T13:25:40.471+0000] {processor.py:183} INFO - Processing /home/airflow/.local/lib/python3.8/site-packages/airflow/example_dags/example_branch_day_of_week_operator.py took 0.073 seconds
[2025-06-03T13:26:10.509+0000] {processor.py:161} INFO - Started process (PID=1053) to work on /home/airflow/.local/lib/python3.8/site-packages/airflow/example_dags/example_branch_day_of_week_operator.py
[2025-06-03T13:26:10.509+0000] {processor.py:830} INFO - Processing file /home/airflow/.local/lib/python3.8/site-packages/airflow/example_dags/example_branch_day_of_week_operator.py for tasks to queue
[2025-06-03T13:26:10.510+0000] {logging_mixin.py:188} INFO - [2025-06-03T13:26:10.510+0000] {dagbag.py:540} INFO - Filling up the DagBag from /home/airflow/.local/lib/python3.8/site-packages/airflow/example_dags/example_branch_day_of_week_operator.py
[2025-06-03T13:26:10.514+0000] {processor.py:840} INFO - DAG(s) 'example_weekday_branch_operator' retrieved from /home/airflow/.local/lib/python3.8/site-packages/airflow/example_dags/example_branch_day_of_week_operator.py
[2025-06-03T13:26:10.530+0000] {logging_mixin.py:188} INFO - [2025-06-03T13:26:10.529+0000] {dag.py:3047} INFO - Sync 1 DAGs
[2025-06-03T13:26:10.547+0000] {logging_mixin.py:188} INFO - [2025-06-03T13:26:10.547+0000] {dag.py:3834} INFO - Setting next_dagrun for example_weekday_branch_operator to 2025-06-02 00:00:00+00:00, run_after=2025-06-03 00:00:00+00:00
[2025-06-03T13:26:10.562+0000] {processor.py:183} INFO - Processing /home/airflow/.local/lib/python3.8/site-packages/airflow/example_dags/example_branch_day_of_week_operator.py took 0.056 seconds
[2025-06-03T13:26:40.738+0000] {processor.py:161} INFO - Started process (PID=1108) to work on /home/airflow/.local/lib/python3.8/site-packages/airflow/example_dags/example_branch_day_of_week_operator.py
[2025-06-03T13:26:40.739+0000] {processor.py:830} INFO - Processing file /home/airflow/.local/lib/python3.8/site-packages/airflow/example_dags/example_branch_day_of_week_operator.py for tasks to queue
[2025-06-03T13:26:40.742+0000] {logging_mixin.py:188} INFO - [2025-06-03T13:26:40.741+0000] {dagbag.py:540} INFO - Filling up the DagBag from /home/airflow/.local/lib/python3.8/site-packages/airflow/example_dags/example_branch_day_of_week_operator.py
[2025-06-03T13:26:40.748+0000] {processor.py:840} INFO - DAG(s) 'example_weekday_branch_operator' retrieved from /home/airflow/.local/lib/python3.8/site-packages/airflow/example_dags/example_branch_day_of_week_operator.py
[2025-06-03T13:26:40.765+0000] {logging_mixin.py:188} INFO - [2025-06-03T13:26:40.765+0000] {dag.py:3047} INFO - Sync 1 DAGs
[2025-06-03T13:26:40.778+0000] {logging_mixin.py:188} INFO - [2025-06-03T13:26:40.778+0000] {dag.py:3834} INFO - Setting next_dagrun for example_weekday_branch_operator to 2025-06-02 00:00:00+00:00, run_after=2025-06-03 00:00:00+00:00
[2025-06-03T13:26:40.787+0000] {processor.py:183} INFO - Processing /home/airflow/.local/lib/python3.8/site-packages/airflow/example_dags/example_branch_day_of_week_operator.py took 0.052 seconds
[2025-06-03T13:27:11.407+0000] {processor.py:161} INFO - Started process (PID=1163) to work on /home/airflow/.local/lib/python3.8/site-packages/airflow/example_dags/example_branch_day_of_week_operator.py
[2025-06-03T13:27:11.408+0000] {processor.py:830} INFO - Processing file /home/airflow/.local/lib/python3.8/site-packages/airflow/example_dags/example_branch_day_of_week_operator.py for tasks to queue
[2025-06-03T13:27:11.409+0000] {logging_mixin.py:188} INFO - [2025-06-03T13:27:11.408+0000] {dagbag.py:540} INFO - Filling up the DagBag from /home/airflow/.local/lib/python3.8/site-packages/airflow/example_dags/example_branch_day_of_week_operator.py
[2025-06-03T13:27:11.413+0000] {processor.py:840} INFO - DAG(s) 'example_weekday_branch_operator' retrieved from /home/airflow/.local/lib/python3.8/site-packages/airflow/example_dags/example_branch_day_of_week_operator.py
[2025-06-03T13:27:11.428+0000] {logging_mixin.py:188} INFO - [2025-06-03T13:27:11.428+0000] {dag.py:3047} INFO - Sync 1 DAGs
[2025-06-03T13:27:11.440+0000] {logging_mixin.py:188} INFO - [2025-06-03T13:27:11.440+0000] {dag.py:3834} INFO - Setting next_dagrun for example_weekday_branch_operator to 2025-06-02 00:00:00+00:00, run_after=2025-06-03 00:00:00+00:00
[2025-06-03T13:27:11.452+0000] {processor.py:183} INFO - Processing /home/airflow/.local/lib/python3.8/site-packages/airflow/example_dags/example_branch_day_of_week_operator.py took 0.047 seconds
[2025-06-03T13:27:42.023+0000] {processor.py:161} INFO - Started process (PID=1218) to work on /home/airflow/.local/lib/python3.8/site-packages/airflow/example_dags/example_branch_day_of_week_operator.py
[2025-06-03T13:27:42.024+0000] {processor.py:830} INFO - Processing file /home/airflow/.local/lib/python3.8/site-packages/airflow/example_dags/example_branch_day_of_week_operator.py for tasks to queue
[2025-06-03T13:27:42.025+0000] {logging_mixin.py:188} INFO - [2025-06-03T13:27:42.025+0000] {dagbag.py:540} INFO - Filling up the DagBag from /home/airflow/.local/lib/python3.8/site-packages/airflow/example_dags/example_branch_day_of_week_operator.py
[2025-06-03T13:27:42.028+0000] {processor.py:840} INFO - DAG(s) 'example_weekday_branch_operator' retrieved from /home/airflow/.local/lib/python3.8/site-packages/airflow/example_dags/example_branch_day_of_week_operator.py
[2025-06-03T13:27:42.040+0000] {logging_mixin.py:188} INFO - [2025-06-03T13:27:42.040+0000] {dag.py:3047} INFO - Sync 1 DAGs
[2025-06-03T13:27:42.050+0000] {logging_mixin.py:188} INFO - [2025-06-03T13:27:42.049+0000] {dag.py:3834} INFO - Setting next_dagrun for example_weekday_branch_operator to 2025-06-02 00:00:00+00:00, run_after=2025-06-03 00:00:00+00:00
[2025-06-03T13:27:42.057+0000] {processor.py:183} INFO - Processing /home/airflow/.local/lib/python3.8/site-packages/airflow/example_dags/example_branch_day_of_week_operator.py took 0.036 seconds
[2025-06-03T13:28:12.576+0000] {processor.py:161} INFO - Started process (PID=1273) to work on /home/airflow/.local/lib/python3.8/site-packages/airflow/example_dags/example_branch_day_of_week_operator.py
[2025-06-03T13:28:12.577+0000] {processor.py:830} INFO - Processing file /home/airflow/.local/lib/python3.8/site-packages/airflow/example_dags/example_branch_day_of_week_operator.py for tasks to queue
[2025-06-03T13:28:12.578+0000] {logging_mixin.py:188} INFO - [2025-06-03T13:28:12.578+0000] {dagbag.py:540} INFO - Filling up the DagBag from /home/airflow/.local/lib/python3.8/site-packages/airflow/example_dags/example_branch_day_of_week_operator.py
[2025-06-03T13:28:12.582+0000] {processor.py:840} INFO - DAG(s) 'example_weekday_branch_operator' retrieved from /home/airflow/.local/lib/python3.8/site-packages/airflow/example_dags/example_branch_day_of_week_operator.py
[2025-06-03T13:28:12.598+0000] {logging_mixin.py:188} INFO - [2025-06-03T13:28:12.598+0000] {dag.py:3047} INFO - Sync 1 DAGs
[2025-06-03T13:28:12.616+0000] {logging_mixin.py:188} INFO - [2025-06-03T13:28:12.616+0000] {dag.py:3834} INFO - Setting next_dagrun for example_weekday_branch_operator to 2025-06-02 00:00:00+00:00, run_after=2025-06-03 00:00:00+00:00
[2025-06-03T13:28:12.629+0000] {processor.py:183} INFO - Processing /home/airflow/.local/lib/python3.8/site-packages/airflow/example_dags/example_branch_day_of_week_operator.py took 0.054 seconds
[2025-06-03T13:28:42.704+0000] {processor.py:161} INFO - Started process (PID=1328) to work on /home/airflow/.local/lib/python3.8/site-packages/airflow/example_dags/example_branch_day_of_week_operator.py
[2025-06-03T13:28:42.705+0000] {processor.py:830} INFO - Processing file /home/airflow/.local/lib/python3.8/site-packages/airflow/example_dags/example_branch_day_of_week_operator.py for tasks to queue
[2025-06-03T13:28:42.709+0000] {logging_mixin.py:188} INFO - [2025-06-03T13:28:42.709+0000] {dagbag.py:540} INFO - Filling up the DagBag from /home/airflow/.local/lib/python3.8/site-packages/airflow/example_dags/example_branch_day_of_week_operator.py
[2025-06-03T13:28:42.714+0000] {processor.py:840} INFO - DAG(s) 'example_weekday_branch_operator' retrieved from /home/airflow/.local/lib/python3.8/site-packages/airflow/example_dags/example_branch_day_of_week_operator.py
[2025-06-03T13:28:42.728+0000] {logging_mixin.py:188} INFO - [2025-06-03T13:28:42.728+0000] {dag.py:3047} INFO - Sync 1 DAGs
[2025-06-03T13:28:42.744+0000] {logging_mixin.py:188} INFO - [2025-06-03T13:28:42.744+0000] {dag.py:3834} INFO - Setting next_dagrun for example_weekday_branch_operator to 2025-06-02 00:00:00+00:00, run_after=2025-06-03 00:00:00+00:00
[2025-06-03T13:28:42.758+0000] {processor.py:183} INFO - Processing /home/airflow/.local/lib/python3.8/site-packages/airflow/example_dags/example_branch_day_of_week_operator.py took 0.056 seconds
[2025-06-03T13:29:13.498+0000] {processor.py:161} INFO - Started process (PID=1383) to work on /home/airflow/.local/lib/python3.8/site-packages/airflow/example_dags/example_branch_day_of_week_operator.py
[2025-06-03T13:29:13.500+0000] {processor.py:830} INFO - Processing file /home/airflow/.local/lib/python3.8/site-packages/airflow/example_dags/example_branch_day_of_week_operator.py for tasks to queue
[2025-06-03T13:29:13.502+0000] {logging_mixin.py:188} INFO - [2025-06-03T13:29:13.502+0000] {dagbag.py:540} INFO - Filling up the DagBag from /home/airflow/.local/lib/python3.8/site-packages/airflow/example_dags/example_branch_day_of_week_operator.py
[2025-06-03T13:29:13.507+0000] {processor.py:840} INFO - DAG(s) 'example_weekday_branch_operator' retrieved from /home/airflow/.local/lib/python3.8/site-packages/airflow/example_dags/example_branch_day_of_week_operator.py
[2025-06-03T13:29:13.515+0000] {logging_mixin.py:188} INFO - [2025-06-03T13:29:13.515+0000] {dag.py:3047} INFO - Sync 1 DAGs
[2025-06-03T13:29:13.524+0000] {logging_mixin.py:188} INFO - [2025-06-03T13:29:13.524+0000] {dag.py:3834} INFO - Setting next_dagrun for example_weekday_branch_operator to 2025-06-02 00:00:00+00:00, run_after=2025-06-03 00:00:00+00:00
[2025-06-03T13:29:13.531+0000] {processor.py:183} INFO - Processing /home/airflow/.local/lib/python3.8/site-packages/airflow/example_dags/example_branch_day_of_week_operator.py took 0.034 seconds
[2025-06-03T13:29:43.841+0000] {processor.py:161} INFO - Started process (PID=1438) to work on /home/airflow/.local/lib/python3.8/site-packages/airflow/example_dags/example_branch_day_of_week_operator.py
[2025-06-03T13:29:43.841+0000] {processor.py:830} INFO - Processing file /home/airflow/.local/lib/python3.8/site-packages/airflow/example_dags/example_branch_day_of_week_operator.py for tasks to queue
[2025-06-03T13:29:43.842+0000] {logging_mixin.py:188} INFO - [2025-06-03T13:29:43.842+0000] {dagbag.py:540} INFO - Filling up the DagBag from /home/airflow/.local/lib/python3.8/site-packages/airflow/example_dags/example_branch_day_of_week_operator.py
[2025-06-03T13:29:43.847+0000] {processor.py:840} INFO - DAG(s) 'example_weekday_branch_operator' retrieved from /home/airflow/.local/lib/python3.8/site-packages/airflow/example_dags/example_branch_day_of_week_operator.py
[2025-06-03T13:29:43.855+0000] {logging_mixin.py:188} INFO - [2025-06-03T13:29:43.855+0000] {dag.py:3047} INFO - Sync 1 DAGs
[2025-06-03T13:29:43.864+0000] {logging_mixin.py:188} INFO - [2025-06-03T13:29:43.864+0000] {dag.py:3834} INFO - Setting next_dagrun for example_weekday_branch_operator to 2025-06-02 00:00:00+00:00, run_after=2025-06-03 00:00:00+00:00
[2025-06-03T13:29:43.871+0000] {processor.py:183} INFO - Processing /home/airflow/.local/lib/python3.8/site-packages/airflow/example_dags/example_branch_day_of_week_operator.py took 0.032 seconds
[2025-06-03T13:30:14.178+0000] {processor.py:161} INFO - Started process (PID=1493) to work on /home/airflow/.local/lib/python3.8/site-packages/airflow/example_dags/example_branch_day_of_week_operator.py
[2025-06-03T13:30:14.180+0000] {processor.py:830} INFO - Processing file /home/airflow/.local/lib/python3.8/site-packages/airflow/example_dags/example_branch_day_of_week_operator.py for tasks to queue
[2025-06-03T13:30:14.181+0000] {logging_mixin.py:188} INFO - [2025-06-03T13:30:14.181+0000] {dagbag.py:540} INFO - Filling up the DagBag from /home/airflow/.local/lib/python3.8/site-packages/airflow/example_dags/example_branch_day_of_week_operator.py
[2025-06-03T13:30:14.185+0000] {processor.py:840} INFO - DAG(s) 'example_weekday_branch_operator' retrieved from /home/airflow/.local/lib/python3.8/site-packages/airflow/example_dags/example_branch_day_of_week_operator.py
[2025-06-03T13:30:14.193+0000] {logging_mixin.py:188} INFO - [2025-06-03T13:30:14.192+0000] {dag.py:3047} INFO - Sync 1 DAGs
[2025-06-03T13:30:14.201+0000] {logging_mixin.py:188} INFO - [2025-06-03T13:30:14.201+0000] {dag.py:3834} INFO - Setting next_dagrun for example_weekday_branch_operator to 2025-06-02 00:00:00+00:00, run_after=2025-06-03 00:00:00+00:00
[2025-06-03T13:30:14.207+0000] {processor.py:183} INFO - Processing /home/airflow/.local/lib/python3.8/site-packages/airflow/example_dags/example_branch_day_of_week_operator.py took 0.031 seconds
[2025-06-03T13:30:44.501+0000] {processor.py:161} INFO - Started process (PID=1547) to work on /home/airflow/.local/lib/python3.8/site-packages/airflow/example_dags/example_branch_day_of_week_operator.py
[2025-06-03T13:30:44.501+0000] {processor.py:830} INFO - Processing file /home/airflow/.local/lib/python3.8/site-packages/airflow/example_dags/example_branch_day_of_week_operator.py for tasks to queue
[2025-06-03T13:30:44.502+0000] {logging_mixin.py:188} INFO - [2025-06-03T13:30:44.502+0000] {dagbag.py:540} INFO - Filling up the DagBag from /home/airflow/.local/lib/python3.8/site-packages/airflow/example_dags/example_branch_day_of_week_operator.py
[2025-06-03T13:30:44.505+0000] {processor.py:840} INFO - DAG(s) 'example_weekday_branch_operator' retrieved from /home/airflow/.local/lib/python3.8/site-packages/airflow/example_dags/example_branch_day_of_week_operator.py
[2025-06-03T13:30:44.516+0000] {logging_mixin.py:188} INFO - [2025-06-03T13:30:44.516+0000] {dag.py:3047} INFO - Sync 1 DAGs
[2025-06-03T13:30:44.524+0000] {logging_mixin.py:188} INFO - [2025-06-03T13:30:44.524+0000] {dag.py:3834} INFO - Setting next_dagrun for example_weekday_branch_operator to 2025-06-02 00:00:00+00:00, run_after=2025-06-03 00:00:00+00:00
[2025-06-03T13:30:44.531+0000] {processor.py:183} INFO - Processing /home/airflow/.local/lib/python3.8/site-packages/airflow/example_dags/example_branch_day_of_week_operator.py took 0.031 seconds
[2025-06-03T13:31:14.808+0000] {processor.py:161} INFO - Started process (PID=1602) to work on /home/airflow/.local/lib/python3.8/site-packages/airflow/example_dags/example_branch_day_of_week_operator.py
[2025-06-03T13:31:14.810+0000] {processor.py:830} INFO - Processing file /home/airflow/.local/lib/python3.8/site-packages/airflow/example_dags/example_branch_day_of_week_operator.py for tasks to queue
[2025-06-03T13:31:14.812+0000] {logging_mixin.py:188} INFO - [2025-06-03T13:31:14.812+0000] {dagbag.py:540} INFO - Filling up the DagBag from /home/airflow/.local/lib/python3.8/site-packages/airflow/example_dags/example_branch_day_of_week_operator.py
[2025-06-03T13:31:14.815+0000] {processor.py:840} INFO - DAG(s) 'example_weekday_branch_operator' retrieved from /home/airflow/.local/lib/python3.8/site-packages/airflow/example_dags/example_branch_day_of_week_operator.py
[2025-06-03T13:31:14.823+0000] {logging_mixin.py:188} INFO - [2025-06-03T13:31:14.823+0000] {dag.py:3047} INFO - Sync 1 DAGs
[2025-06-03T13:31:14.831+0000] {logging_mixin.py:188} INFO - [2025-06-03T13:31:14.831+0000] {dag.py:3834} INFO - Setting next_dagrun for example_weekday_branch_operator to 2025-06-02 00:00:00+00:00, run_after=2025-06-03 00:00:00+00:00
[2025-06-03T13:31:14.839+0000] {processor.py:183} INFO - Processing /home/airflow/.local/lib/python3.8/site-packages/airflow/example_dags/example_branch_day_of_week_operator.py took 0.032 seconds
[2025-06-03T13:31:45.059+0000] {processor.py:161} INFO - Started process (PID=1657) to work on /home/airflow/.local/lib/python3.8/site-packages/airflow/example_dags/example_branch_day_of_week_operator.py
[2025-06-03T13:31:45.060+0000] {processor.py:830} INFO - Processing file /home/airflow/.local/lib/python3.8/site-packages/airflow/example_dags/example_branch_day_of_week_operator.py for tasks to queue
[2025-06-03T13:31:45.062+0000] {logging_mixin.py:188} INFO - [2025-06-03T13:31:45.062+0000] {dagbag.py:540} INFO - Filling up the DagBag from /home/airflow/.local/lib/python3.8/site-packages/airflow/example_dags/example_branch_day_of_week_operator.py
[2025-06-03T13:31:45.065+0000] {processor.py:840} INFO - DAG(s) 'example_weekday_branch_operator' retrieved from /home/airflow/.local/lib/python3.8/site-packages/airflow/example_dags/example_branch_day_of_week_operator.py
[2025-06-03T13:31:45.074+0000] {logging_mixin.py:188} INFO - [2025-06-03T13:31:45.074+0000] {dag.py:3047} INFO - Sync 1 DAGs
[2025-06-03T13:31:45.082+0000] {logging_mixin.py:188} INFO - [2025-06-03T13:31:45.082+0000] {dag.py:3834} INFO - Setting next_dagrun for example_weekday_branch_operator to 2025-06-02 00:00:00+00:00, run_after=2025-06-03 00:00:00+00:00
[2025-06-03T13:31:45.088+0000] {processor.py:183} INFO - Processing /home/airflow/.local/lib/python3.8/site-packages/airflow/example_dags/example_branch_day_of_week_operator.py took 0.030 seconds
[2025-06-03T13:32:15.386+0000] {processor.py:161} INFO - Started process (PID=1712) to work on /home/airflow/.local/lib/python3.8/site-packages/airflow/example_dags/example_branch_day_of_week_operator.py
[2025-06-03T13:32:15.388+0000] {processor.py:830} INFO - Processing file /home/airflow/.local/lib/python3.8/site-packages/airflow/example_dags/example_branch_day_of_week_operator.py for tasks to queue
[2025-06-03T13:32:15.389+0000] {logging_mixin.py:188} INFO - [2025-06-03T13:32:15.389+0000] {dagbag.py:540} INFO - Filling up the DagBag from /home/airflow/.local/lib/python3.8/site-packages/airflow/example_dags/example_branch_day_of_week_operator.py
[2025-06-03T13:32:15.392+0000] {processor.py:840} INFO - DAG(s) 'example_weekday_branch_operator' retrieved from /home/airflow/.local/lib/python3.8/site-packages/airflow/example_dags/example_branch_day_of_week_operator.py
[2025-06-03T13:32:15.400+0000] {logging_mixin.py:188} INFO - [2025-06-03T13:32:15.400+0000] {dag.py:3047} INFO - Sync 1 DAGs
[2025-06-03T13:32:15.409+0000] {logging_mixin.py:188} INFO - [2025-06-03T13:32:15.409+0000] {dag.py:3834} INFO - Setting next_dagrun for example_weekday_branch_operator to 2025-06-02 00:00:00+00:00, run_after=2025-06-03 00:00:00+00:00
[2025-06-03T13:32:15.416+0000] {processor.py:183} INFO - Processing /home/airflow/.local/lib/python3.8/site-packages/airflow/example_dags/example_branch_day_of_week_operator.py took 0.031 seconds
[2025-06-03T13:32:45.665+0000] {processor.py:161} INFO - Started process (PID=1767) to work on /home/airflow/.local/lib/python3.8/site-packages/airflow/example_dags/example_branch_day_of_week_operator.py
[2025-06-03T13:32:45.666+0000] {processor.py:830} INFO - Processing file /home/airflow/.local/lib/python3.8/site-packages/airflow/example_dags/example_branch_day_of_week_operator.py for tasks to queue
[2025-06-03T13:32:45.667+0000] {logging_mixin.py:188} INFO - [2025-06-03T13:32:45.667+0000] {dagbag.py:540} INFO - Filling up the DagBag from /home/airflow/.local/lib/python3.8/site-packages/airflow/example_dags/example_branch_day_of_week_operator.py
[2025-06-03T13:32:45.671+0000] {processor.py:840} INFO - DAG(s) 'example_weekday_branch_operator' retrieved from /home/airflow/.local/lib/python3.8/site-packages/airflow/example_dags/example_branch_day_of_week_operator.py
[2025-06-03T13:32:45.679+0000] {logging_mixin.py:188} INFO - [2025-06-03T13:32:45.679+0000] {dag.py:3047} INFO - Sync 1 DAGs
[2025-06-03T13:32:45.687+0000] {logging_mixin.py:188} INFO - [2025-06-03T13:32:45.687+0000] {dag.py:3834} INFO - Setting next_dagrun for example_weekday_branch_operator to 2025-06-02 00:00:00+00:00, run_after=2025-06-03 00:00:00+00:00
[2025-06-03T13:32:45.695+0000] {processor.py:183} INFO - Processing /home/airflow/.local/lib/python3.8/site-packages/airflow/example_dags/example_branch_day_of_week_operator.py took 0.031 seconds
[2025-06-03T13:33:15.982+0000] {processor.py:161} INFO - Started process (PID=1822) to work on /home/airflow/.local/lib/python3.8/site-packages/airflow/example_dags/example_branch_day_of_week_operator.py
[2025-06-03T13:33:15.983+0000] {processor.py:830} INFO - Processing file /home/airflow/.local/lib/python3.8/site-packages/airflow/example_dags/example_branch_day_of_week_operator.py for tasks to queue
[2025-06-03T13:33:15.983+0000] {logging_mixin.py:188} INFO - [2025-06-03T13:33:15.983+0000] {dagbag.py:540} INFO - Filling up the DagBag from /home/airflow/.local/lib/python3.8/site-packages/airflow/example_dags/example_branch_day_of_week_operator.py
[2025-06-03T13:33:15.986+0000] {processor.py:840} INFO - DAG(s) 'example_weekday_branch_operator' retrieved from /home/airflow/.local/lib/python3.8/site-packages/airflow/example_dags/example_branch_day_of_week_operator.py
[2025-06-03T13:33:15.995+0000] {logging_mixin.py:188} INFO - [2025-06-03T13:33:15.995+0000] {dag.py:3047} INFO - Sync 1 DAGs
[2025-06-03T13:33:16.004+0000] {logging_mixin.py:188} INFO - [2025-06-03T13:33:16.004+0000] {dag.py:3834} INFO - Setting next_dagrun for example_weekday_branch_operator to 2025-06-02 00:00:00+00:00, run_after=2025-06-03 00:00:00+00:00
[2025-06-03T13:33:16.010+0000] {processor.py:183} INFO - Processing /home/airflow/.local/lib/python3.8/site-packages/airflow/example_dags/example_branch_day_of_week_operator.py took 0.030 seconds
[2025-06-03T13:33:46.274+0000] {processor.py:161} INFO - Started process (PID=1877) to work on /home/airflow/.local/lib/python3.8/site-packages/airflow/example_dags/example_branch_day_of_week_operator.py
[2025-06-03T13:33:46.274+0000] {processor.py:830} INFO - Processing file /home/airflow/.local/lib/python3.8/site-packages/airflow/example_dags/example_branch_day_of_week_operator.py for tasks to queue
[2025-06-03T13:33:46.275+0000] {logging_mixin.py:188} INFO - [2025-06-03T13:33:46.275+0000] {dagbag.py:540} INFO - Filling up the DagBag from /home/airflow/.local/lib/python3.8/site-packages/airflow/example_dags/example_branch_day_of_week_operator.py
[2025-06-03T13:33:46.279+0000] {processor.py:840} INFO - DAG(s) 'example_weekday_branch_operator' retrieved from /home/airflow/.local/lib/python3.8/site-packages/airflow/example_dags/example_branch_day_of_week_operator.py
[2025-06-03T13:33:46.287+0000] {logging_mixin.py:188} INFO - [2025-06-03T13:33:46.287+0000] {dag.py:3047} INFO - Sync 1 DAGs
[2025-06-03T13:33:46.295+0000] {logging_mixin.py:188} INFO - [2025-06-03T13:33:46.295+0000] {dag.py:3834} INFO - Setting next_dagrun for example_weekday_branch_operator to 2025-06-02 00:00:00+00:00, run_after=2025-06-03 00:00:00+00:00
[2025-06-03T13:33:46.301+0000] {processor.py:183} INFO - Processing /home/airflow/.local/lib/python3.8/site-packages/airflow/example_dags/example_branch_day_of_week_operator.py took 0.030 seconds
[2025-06-03T13:34:16.544+0000] {processor.py:161} INFO - Started process (PID=1932) to work on /home/airflow/.local/lib/python3.8/site-packages/airflow/example_dags/example_branch_day_of_week_operator.py
[2025-06-03T13:34:16.545+0000] {processor.py:830} INFO - Processing file /home/airflow/.local/lib/python3.8/site-packages/airflow/example_dags/example_branch_day_of_week_operator.py for tasks to queue
[2025-06-03T13:34:16.546+0000] {logging_mixin.py:188} INFO - [2025-06-03T13:34:16.545+0000] {dagbag.py:540} INFO - Filling up the DagBag from /home/airflow/.local/lib/python3.8/site-packages/airflow/example_dags/example_branch_day_of_week_operator.py
[2025-06-03T13:34:16.549+0000] {processor.py:840} INFO - DAG(s) 'example_weekday_branch_operator' retrieved from /home/airflow/.local/lib/python3.8/site-packages/airflow/example_dags/example_branch_day_of_week_operator.py
[2025-06-03T13:34:16.556+0000] {logging_mixin.py:188} INFO - [2025-06-03T13:34:16.556+0000] {dag.py:3047} INFO - Sync 1 DAGs
[2025-06-03T13:34:16.564+0000] {logging_mixin.py:188} INFO - [2025-06-03T13:34:16.564+0000] {dag.py:3834} INFO - Setting next_dagrun for example_weekday_branch_operator to 2025-06-02 00:00:00+00:00, run_after=2025-06-03 00:00:00+00:00
[2025-06-03T13:34:16.569+0000] {processor.py:183} INFO - Processing /home/airflow/.local/lib/python3.8/site-packages/airflow/example_dags/example_branch_day_of_week_operator.py took 0.026 seconds
[2025-06-03T13:34:46.902+0000] {processor.py:161} INFO - Started process (PID=1987) to work on /home/airflow/.local/lib/python3.8/site-packages/airflow/example_dags/example_branch_day_of_week_operator.py
[2025-06-03T13:34:46.903+0000] {processor.py:830} INFO - Processing file /home/airflow/.local/lib/python3.8/site-packages/airflow/example_dags/example_branch_day_of_week_operator.py for tasks to queue
[2025-06-03T13:34:46.904+0000] {logging_mixin.py:188} INFO - [2025-06-03T13:34:46.904+0000] {dagbag.py:540} INFO - Filling up the DagBag from /home/airflow/.local/lib/python3.8/site-packages/airflow/example_dags/example_branch_day_of_week_operator.py
[2025-06-03T13:34:46.908+0000] {processor.py:840} INFO - DAG(s) 'example_weekday_branch_operator' retrieved from /home/airflow/.local/lib/python3.8/site-packages/airflow/example_dags/example_branch_day_of_week_operator.py
[2025-06-03T13:34:46.920+0000] {logging_mixin.py:188} INFO - [2025-06-03T13:34:46.920+0000] {dag.py:3047} INFO - Sync 1 DAGs
[2025-06-03T13:34:46.932+0000] {logging_mixin.py:188} INFO - [2025-06-03T13:34:46.932+0000] {dag.py:3834} INFO - Setting next_dagrun for example_weekday_branch_operator to 2025-06-02 00:00:00+00:00, run_after=2025-06-03 00:00:00+00:00
[2025-06-03T13:34:46.940+0000] {processor.py:183} INFO - Processing /home/airflow/.local/lib/python3.8/site-packages/airflow/example_dags/example_branch_day_of_week_operator.py took 0.039 seconds
[2025-06-03T13:35:17.402+0000] {processor.py:161} INFO - Started process (PID=2042) to work on /home/airflow/.local/lib/python3.8/site-packages/airflow/example_dags/example_branch_day_of_week_operator.py
[2025-06-03T13:35:17.405+0000] {processor.py:830} INFO - Processing file /home/airflow/.local/lib/python3.8/site-packages/airflow/example_dags/example_branch_day_of_week_operator.py for tasks to queue
[2025-06-03T13:35:17.409+0000] {logging_mixin.py:188} INFO - [2025-06-03T13:35:17.409+0000] {dagbag.py:540} INFO - Filling up the DagBag from /home/airflow/.local/lib/python3.8/site-packages/airflow/example_dags/example_branch_day_of_week_operator.py
[2025-06-03T13:35:17.412+0000] {processor.py:840} INFO - DAG(s) 'example_weekday_branch_operator' retrieved from /home/airflow/.local/lib/python3.8/site-packages/airflow/example_dags/example_branch_day_of_week_operator.py
[2025-06-03T13:35:17.422+0000] {logging_mixin.py:188} INFO - [2025-06-03T13:35:17.422+0000] {dag.py:3047} INFO - Sync 1 DAGs
[2025-06-03T13:35:17.430+0000] {logging_mixin.py:188} INFO - [2025-06-03T13:35:17.430+0000] {dag.py:3834} INFO - Setting next_dagrun for example_weekday_branch_operator to 2025-06-02 00:00:00+00:00, run_after=2025-06-03 00:00:00+00:00
[2025-06-03T13:35:17.446+0000] {processor.py:183} INFO - Processing /home/airflow/.local/lib/python3.8/site-packages/airflow/example_dags/example_branch_day_of_week_operator.py took 0.046 seconds
[2025-06-03T13:35:47.907+0000] {processor.py:161} INFO - Started process (PID=2097) to work on /home/airflow/.local/lib/python3.8/site-packages/airflow/example_dags/example_branch_day_of_week_operator.py
[2025-06-03T13:35:47.909+0000] {processor.py:830} INFO - Processing file /home/airflow/.local/lib/python3.8/site-packages/airflow/example_dags/example_branch_day_of_week_operator.py for tasks to queue
[2025-06-03T13:35:47.911+0000] {logging_mixin.py:188} INFO - [2025-06-03T13:35:47.911+0000] {dagbag.py:540} INFO - Filling up the DagBag from /home/airflow/.local/lib/python3.8/site-packages/airflow/example_dags/example_branch_day_of_week_operator.py
[2025-06-03T13:35:47.915+0000] {processor.py:840} INFO - DAG(s) 'example_weekday_branch_operator' retrieved from /home/airflow/.local/lib/python3.8/site-packages/airflow/example_dags/example_branch_day_of_week_operator.py
[2025-06-03T13:35:47.924+0000] {logging_mixin.py:188} INFO - [2025-06-03T13:35:47.924+0000] {dag.py:3047} INFO - Sync 1 DAGs
[2025-06-03T13:35:47.932+0000] {logging_mixin.py:188} INFO - [2025-06-03T13:35:47.932+0000] {dag.py:3834} INFO - Setting next_dagrun for example_weekday_branch_operator to 2025-06-02 00:00:00+00:00, run_after=2025-06-03 00:00:00+00:00
[2025-06-03T13:35:47.940+0000] {processor.py:183} INFO - Processing /home/airflow/.local/lib/python3.8/site-packages/airflow/example_dags/example_branch_day_of_week_operator.py took 0.034 seconds
[2025-06-03T13:36:18.227+0000] {processor.py:161} INFO - Started process (PID=2152) to work on /home/airflow/.local/lib/python3.8/site-packages/airflow/example_dags/example_branch_day_of_week_operator.py
[2025-06-03T13:36:18.228+0000] {processor.py:830} INFO - Processing file /home/airflow/.local/lib/python3.8/site-packages/airflow/example_dags/example_branch_day_of_week_operator.py for tasks to queue
[2025-06-03T13:36:18.230+0000] {logging_mixin.py:188} INFO - [2025-06-03T13:36:18.229+0000] {dagbag.py:540} INFO - Filling up the DagBag from /home/airflow/.local/lib/python3.8/site-packages/airflow/example_dags/example_branch_day_of_week_operator.py
[2025-06-03T13:36:18.234+0000] {processor.py:840} INFO - DAG(s) 'example_weekday_branch_operator' retrieved from /home/airflow/.local/lib/python3.8/site-packages/airflow/example_dags/example_branch_day_of_week_operator.py
[2025-06-03T13:36:18.242+0000] {logging_mixin.py:188} INFO - [2025-06-03T13:36:18.242+0000] {dag.py:3047} INFO - Sync 1 DAGs
[2025-06-03T13:36:18.250+0000] {logging_mixin.py:188} INFO - [2025-06-03T13:36:18.250+0000] {dag.py:3834} INFO - Setting next_dagrun for example_weekday_branch_operator to 2025-06-02 00:00:00+00:00, run_after=2025-06-03 00:00:00+00:00
[2025-06-03T13:36:18.257+0000] {processor.py:183} INFO - Processing /home/airflow/.local/lib/python3.8/site-packages/airflow/example_dags/example_branch_day_of_week_operator.py took 0.031 seconds
[2025-06-03T13:36:48.553+0000] {processor.py:161} INFO - Started process (PID=2207) to work on /home/airflow/.local/lib/python3.8/site-packages/airflow/example_dags/example_branch_day_of_week_operator.py
[2025-06-03T13:36:48.554+0000] {processor.py:830} INFO - Processing file /home/airflow/.local/lib/python3.8/site-packages/airflow/example_dags/example_branch_day_of_week_operator.py for tasks to queue
[2025-06-03T13:36:48.555+0000] {logging_mixin.py:188} INFO - [2025-06-03T13:36:48.555+0000] {dagbag.py:540} INFO - Filling up the DagBag from /home/airflow/.local/lib/python3.8/site-packages/airflow/example_dags/example_branch_day_of_week_operator.py
[2025-06-03T13:36:48.558+0000] {processor.py:840} INFO - DAG(s) 'example_weekday_branch_operator' retrieved from /home/airflow/.local/lib/python3.8/site-packages/airflow/example_dags/example_branch_day_of_week_operator.py
[2025-06-03T13:36:48.568+0000] {logging_mixin.py:188} INFO - [2025-06-03T13:36:48.568+0000] {dag.py:3047} INFO - Sync 1 DAGs
[2025-06-03T13:36:48.577+0000] {logging_mixin.py:188} INFO - [2025-06-03T13:36:48.577+0000] {dag.py:3834} INFO - Setting next_dagrun for example_weekday_branch_operator to 2025-06-02 00:00:00+00:00, run_after=2025-06-03 00:00:00+00:00
[2025-06-03T13:36:48.585+0000] {processor.py:183} INFO - Processing /home/airflow/.local/lib/python3.8/site-packages/airflow/example_dags/example_branch_day_of_week_operator.py took 0.033 seconds
[2025-06-03T13:37:18.950+0000] {processor.py:161} INFO - Started process (PID=2262) to work on /home/airflow/.local/lib/python3.8/site-packages/airflow/example_dags/example_branch_day_of_week_operator.py
[2025-06-03T13:37:18.951+0000] {processor.py:830} INFO - Processing file /home/airflow/.local/lib/python3.8/site-packages/airflow/example_dags/example_branch_day_of_week_operator.py for tasks to queue
[2025-06-03T13:37:18.953+0000] {logging_mixin.py:188} INFO - [2025-06-03T13:37:18.953+0000] {dagbag.py:540} INFO - Filling up the DagBag from /home/airflow/.local/lib/python3.8/site-packages/airflow/example_dags/example_branch_day_of_week_operator.py
[2025-06-03T13:37:18.956+0000] {processor.py:840} INFO - DAG(s) 'example_weekday_branch_operator' retrieved from /home/airflow/.local/lib/python3.8/site-packages/airflow/example_dags/example_branch_day_of_week_operator.py
[2025-06-03T13:37:18.966+0000] {logging_mixin.py:188} INFO - [2025-06-03T13:37:18.966+0000] {dag.py:3047} INFO - Sync 1 DAGs
[2025-06-03T13:37:18.974+0000] {logging_mixin.py:188} INFO - [2025-06-03T13:37:18.974+0000] {dag.py:3834} INFO - Setting next_dagrun for example_weekday_branch_operator to 2025-06-02 00:00:00+00:00, run_after=2025-06-03 00:00:00+00:00
[2025-06-03T13:37:18.981+0000] {processor.py:183} INFO - Processing /home/airflow/.local/lib/python3.8/site-packages/airflow/example_dags/example_branch_day_of_week_operator.py took 0.032 seconds
[2025-06-03T13:37:49.505+0000] {processor.py:161} INFO - Started process (PID=2317) to work on /home/airflow/.local/lib/python3.8/site-packages/airflow/example_dags/example_branch_day_of_week_operator.py
[2025-06-03T13:37:49.505+0000] {processor.py:830} INFO - Processing file /home/airflow/.local/lib/python3.8/site-packages/airflow/example_dags/example_branch_day_of_week_operator.py for tasks to queue
[2025-06-03T13:37:49.507+0000] {logging_mixin.py:188} INFO - [2025-06-03T13:37:49.507+0000] {dagbag.py:540} INFO - Filling up the DagBag from /home/airflow/.local/lib/python3.8/site-packages/airflow/example_dags/example_branch_day_of_week_operator.py
[2025-06-03T13:37:49.513+0000] {processor.py:840} INFO - DAG(s) 'example_weekday_branch_operator' retrieved from /home/airflow/.local/lib/python3.8/site-packages/airflow/example_dags/example_branch_day_of_week_operator.py
[2025-06-03T13:37:49.525+0000] {logging_mixin.py:188} INFO - [2025-06-03T13:37:49.525+0000] {dag.py:3047} INFO - Sync 1 DAGs
[2025-06-03T13:37:49.536+0000] {logging_mixin.py:188} INFO - [2025-06-03T13:37:49.536+0000] {dag.py:3834} INFO - Setting next_dagrun for example_weekday_branch_operator to 2025-06-02 00:00:00+00:00, run_after=2025-06-03 00:00:00+00:00
[2025-06-03T13:37:49.548+0000] {processor.py:183} INFO - Processing /home/airflow/.local/lib/python3.8/site-packages/airflow/example_dags/example_branch_day_of_week_operator.py took 0.045 seconds
[2025-06-03T13:38:20.371+0000] {processor.py:161} INFO - Started process (PID=2372) to work on /home/airflow/.local/lib/python3.8/site-packages/airflow/example_dags/example_branch_day_of_week_operator.py
[2025-06-03T13:38:20.372+0000] {processor.py:830} INFO - Processing file /home/airflow/.local/lib/python3.8/site-packages/airflow/example_dags/example_branch_day_of_week_operator.py for tasks to queue
[2025-06-03T13:38:20.373+0000] {logging_mixin.py:188} INFO - [2025-06-03T13:38:20.373+0000] {dagbag.py:540} INFO - Filling up the DagBag from /home/airflow/.local/lib/python3.8/site-packages/airflow/example_dags/example_branch_day_of_week_operator.py
[2025-06-03T13:38:20.378+0000] {processor.py:840} INFO - DAG(s) 'example_weekday_branch_operator' retrieved from /home/airflow/.local/lib/python3.8/site-packages/airflow/example_dags/example_branch_day_of_week_operator.py
[2025-06-03T13:38:20.390+0000] {logging_mixin.py:188} INFO - [2025-06-03T13:38:20.390+0000] {dag.py:3047} INFO - Sync 1 DAGs
[2025-06-03T13:38:20.398+0000] {logging_mixin.py:188} INFO - [2025-06-03T13:38:20.398+0000] {dag.py:3834} INFO - Setting next_dagrun for example_weekday_branch_operator to 2025-06-02 00:00:00+00:00, run_after=2025-06-03 00:00:00+00:00
[2025-06-03T13:38:20.413+0000] {processor.py:183} INFO - Processing /home/airflow/.local/lib/python3.8/site-packages/airflow/example_dags/example_branch_day_of_week_operator.py took 0.044 seconds
[2025-06-03T13:38:50.911+0000] {processor.py:161} INFO - Started process (PID=2427) to work on /home/airflow/.local/lib/python3.8/site-packages/airflow/example_dags/example_branch_day_of_week_operator.py
[2025-06-03T13:38:50.912+0000] {processor.py:830} INFO - Processing file /home/airflow/.local/lib/python3.8/site-packages/airflow/example_dags/example_branch_day_of_week_operator.py for tasks to queue
[2025-06-03T13:38:50.912+0000] {logging_mixin.py:188} INFO - [2025-06-03T13:38:50.912+0000] {dagbag.py:540} INFO - Filling up the DagBag from /home/airflow/.local/lib/python3.8/site-packages/airflow/example_dags/example_branch_day_of_week_operator.py
[2025-06-03T13:38:50.916+0000] {processor.py:840} INFO - DAG(s) 'example_weekday_branch_operator' retrieved from /home/airflow/.local/lib/python3.8/site-packages/airflow/example_dags/example_branch_day_of_week_operator.py
[2025-06-03T13:38:50.927+0000] {logging_mixin.py:188} INFO - [2025-06-03T13:38:50.927+0000] {dag.py:3047} INFO - Sync 1 DAGs
[2025-06-03T13:38:50.936+0000] {logging_mixin.py:188} INFO - [2025-06-03T13:38:50.935+0000] {dag.py:3834} INFO - Setting next_dagrun for example_weekday_branch_operator to 2025-06-02 00:00:00+00:00, run_after=2025-06-03 00:00:00+00:00
[2025-06-03T13:38:50.945+0000] {processor.py:183} INFO - Processing /home/airflow/.local/lib/python3.8/site-packages/airflow/example_dags/example_branch_day_of_week_operator.py took 0.036 seconds
[2025-06-03T13:39:21.006+0000] {processor.py:161} INFO - Started process (PID=2482) to work on /home/airflow/.local/lib/python3.8/site-packages/airflow/example_dags/example_branch_day_of_week_operator.py
[2025-06-03T13:39:21.007+0000] {processor.py:830} INFO - Processing file /home/airflow/.local/lib/python3.8/site-packages/airflow/example_dags/example_branch_day_of_week_operator.py for tasks to queue
[2025-06-03T13:39:21.008+0000] {logging_mixin.py:188} INFO - [2025-06-03T13:39:21.008+0000] {dagbag.py:540} INFO - Filling up the DagBag from /home/airflow/.local/lib/python3.8/site-packages/airflow/example_dags/example_branch_day_of_week_operator.py
[2025-06-03T13:39:21.013+0000] {processor.py:840} INFO - DAG(s) 'example_weekday_branch_operator' retrieved from /home/airflow/.local/lib/python3.8/site-packages/airflow/example_dags/example_branch_day_of_week_operator.py
[2025-06-03T13:39:21.079+0000] {logging_mixin.py:188} INFO - [2025-06-03T13:39:21.078+0000] {dag.py:3047} INFO - Sync 1 DAGs
[2025-06-03T13:39:21.098+0000] {logging_mixin.py:188} INFO - [2025-06-03T13:39:21.097+0000] {dag.py:3834} INFO - Setting next_dagrun for example_weekday_branch_operator to 2025-06-02 00:00:00+00:00, run_after=2025-06-03 00:00:00+00:00
[2025-06-03T13:39:21.111+0000] {processor.py:183} INFO - Processing /home/airflow/.local/lib/python3.8/site-packages/airflow/example_dags/example_branch_day_of_week_operator.py took 0.107 seconds
[2025-06-03T13:39:52.015+0000] {processor.py:161} INFO - Started process (PID=2537) to work on /home/airflow/.local/lib/python3.8/site-packages/airflow/example_dags/example_branch_day_of_week_operator.py
[2025-06-03T13:39:52.016+0000] {processor.py:830} INFO - Processing file /home/airflow/.local/lib/python3.8/site-packages/airflow/example_dags/example_branch_day_of_week_operator.py for tasks to queue
[2025-06-03T13:39:52.017+0000] {logging_mixin.py:188} INFO - [2025-06-03T13:39:52.017+0000] {dagbag.py:540} INFO - Filling up the DagBag from /home/airflow/.local/lib/python3.8/site-packages/airflow/example_dags/example_branch_day_of_week_operator.py
[2025-06-03T13:39:52.022+0000] {processor.py:840} INFO - DAG(s) 'example_weekday_branch_operator' retrieved from /home/airflow/.local/lib/python3.8/site-packages/airflow/example_dags/example_branch_day_of_week_operator.py
[2025-06-03T13:39:52.035+0000] {logging_mixin.py:188} INFO - [2025-06-03T13:39:52.035+0000] {dag.py:3047} INFO - Sync 1 DAGs
[2025-06-03T13:39:52.045+0000] {logging_mixin.py:188} INFO - [2025-06-03T13:39:52.045+0000] {dag.py:3834} INFO - Setting next_dagrun for example_weekday_branch_operator to 2025-06-02 00:00:00+00:00, run_after=2025-06-03 00:00:00+00:00
[2025-06-03T13:39:52.053+0000] {processor.py:183} INFO - Processing /home/airflow/.local/lib/python3.8/site-packages/airflow/example_dags/example_branch_day_of_week_operator.py took 0.040 seconds
[2025-06-03T13:40:22.804+0000] {processor.py:161} INFO - Started process (PID=2593) to work on /home/airflow/.local/lib/python3.8/site-packages/airflow/example_dags/example_branch_day_of_week_operator.py
[2025-06-03T13:40:22.806+0000] {processor.py:830} INFO - Processing file /home/airflow/.local/lib/python3.8/site-packages/airflow/example_dags/example_branch_day_of_week_operator.py for tasks to queue
[2025-06-03T13:40:22.808+0000] {logging_mixin.py:188} INFO - [2025-06-03T13:40:22.808+0000] {dagbag.py:540} INFO - Filling up the DagBag from /home/airflow/.local/lib/python3.8/site-packages/airflow/example_dags/example_branch_day_of_week_operator.py
[2025-06-03T13:40:22.816+0000] {processor.py:840} INFO - DAG(s) 'example_weekday_branch_operator' retrieved from /home/airflow/.local/lib/python3.8/site-packages/airflow/example_dags/example_branch_day_of_week_operator.py
[2025-06-03T13:40:22.836+0000] {logging_mixin.py:188} INFO - [2025-06-03T13:40:22.835+0000] {dag.py:3047} INFO - Sync 1 DAGs
[2025-06-03T13:40:22.848+0000] {logging_mixin.py:188} INFO - [2025-06-03T13:40:22.848+0000] {dag.py:3834} INFO - Setting next_dagrun for example_weekday_branch_operator to 2025-06-02 00:00:00+00:00, run_after=2025-06-03 00:00:00+00:00
[2025-06-03T13:40:22.865+0000] {processor.py:183} INFO - Processing /home/airflow/.local/lib/python3.8/site-packages/airflow/example_dags/example_branch_day_of_week_operator.py took 0.063 seconds
