[2025-06-03T13:16:59.061+0000] {processor.py:161} INFO - Started process (PID=80) to work on /home/airflow/.local/lib/python3.8/site-packages/airflow/example_dags/example_skip_dag.py
[2025-06-03T13:16:59.061+0000] {processor.py:830} INFO - Processing file /home/airflow/.local/lib/python3.8/site-packages/airflow/example_dags/example_skip_dag.py for tasks to queue
[2025-06-03T13:16:59.062+0000] {logging_mixin.py:188} INFO - [2025-06-03T13:16:59.062+0000] {dagbag.py:540} INFO - Filling up the DagBag from /home/airflow/.local/lib/python3.8/site-packages/airflow/example_dags/example_skip_dag.py
[2025-06-03T13:16:59.066+0000] {processor.py:840} INFO - DAG(s) 'example_skip_dag' retrieved from /home/airflow/.local/lib/python3.8/site-packages/airflow/example_dags/example_skip_dag.py
[2025-06-03T13:16:59.072+0000] {logging_mixin.py:188} INFO - [2025-06-03T13:16:59.072+0000] {dag.py:3047} INFO - Sync 1 DAGs
[2025-06-03T13:16:59.087+0000] {logging_mixin.py:188} INFO - [2025-06-03T13:16:59.086+0000] {dag.py:3834} INFO - Setting next_dagrun for example_skip_dag to 2025-06-02 00:00:00+00:00, run_after=2025-06-03 00:00:00+00:00
[2025-06-03T13:16:59.101+0000] {processor.py:183} INFO - Processing /home/airflow/.local/lib/python3.8/site-packages/airflow/example_dags/example_skip_dag.py took 0.042 seconds
[2025-06-03T13:17:30.124+0000] {processor.py:161} INFO - Started process (PID=135) to work on /home/airflow/.local/lib/python3.8/site-packages/airflow/example_dags/example_skip_dag.py
[2025-06-03T13:17:30.125+0000] {processor.py:830} INFO - Processing file /home/airflow/.local/lib/python3.8/site-packages/airflow/example_dags/example_skip_dag.py for tasks to queue
[2025-06-03T13:17:30.127+0000] {logging_mixin.py:188} INFO - [2025-06-03T13:17:30.126+0000] {dagbag.py:540} INFO - Filling up the DagBag from /home/airflow/.local/lib/python3.8/site-packages/airflow/example_dags/example_skip_dag.py
[2025-06-03T13:17:30.130+0000] {processor.py:840} INFO - DAG(s) 'example_skip_dag' retrieved from /home/airflow/.local/lib/python3.8/site-packages/airflow/example_dags/example_skip_dag.py
[2025-06-03T13:17:30.177+0000] {logging_mixin.py:188} INFO - [2025-06-03T13:17:30.177+0000] {dag.py:3047} INFO - Sync 1 DAGs
[2025-06-03T13:17:30.189+0000] {logging_mixin.py:188} INFO - [2025-06-03T13:17:30.189+0000] {dag.py:3834} INFO - Setting next_dagrun for example_skip_dag to 2025-06-02 00:00:00+00:00, run_after=2025-06-03 00:00:00+00:00
[2025-06-03T13:17:30.197+0000] {processor.py:183} INFO - Processing /home/airflow/.local/lib/python3.8/site-packages/airflow/example_dags/example_skip_dag.py took 0.075 seconds
[2025-06-03T13:18:00.894+0000] {processor.py:161} INFO - Started process (PID=190) to work on /home/airflow/.local/lib/python3.8/site-packages/airflow/example_dags/example_skip_dag.py
[2025-06-03T13:18:00.895+0000] {processor.py:830} INFO - Processing file /home/airflow/.local/lib/python3.8/site-packages/airflow/example_dags/example_skip_dag.py for tasks to queue
[2025-06-03T13:18:00.896+0000] {logging_mixin.py:188} INFO - [2025-06-03T13:18:00.896+0000] {dagbag.py:540} INFO - Filling up the DagBag from /home/airflow/.local/lib/python3.8/site-packages/airflow/example_dags/example_skip_dag.py
[2025-06-03T13:18:00.899+0000] {processor.py:840} INFO - DAG(s) 'example_skip_dag' retrieved from /home/airflow/.local/lib/python3.8/site-packages/airflow/example_dags/example_skip_dag.py
[2025-06-03T13:18:00.910+0000] {logging_mixin.py:188} INFO - [2025-06-03T13:18:00.910+0000] {dag.py:3047} INFO - Sync 1 DAGs
[2025-06-03T13:18:00.920+0000] {logging_mixin.py:188} INFO - [2025-06-03T13:18:00.920+0000] {dag.py:3834} INFO - Setting next_dagrun for example_skip_dag to 2025-06-02 00:00:00+00:00, run_after=2025-06-03 00:00:00+00:00
[2025-06-03T13:18:00.928+0000] {processor.py:183} INFO - Processing /home/airflow/.local/lib/python3.8/site-packages/airflow/example_dags/example_skip_dag.py took 0.036 seconds
[2025-06-03T13:18:31.519+0000] {processor.py:161} INFO - Started process (PID=245) to work on /home/airflow/.local/lib/python3.8/site-packages/airflow/example_dags/example_skip_dag.py
[2025-06-03T13:18:31.520+0000] {processor.py:830} INFO - Processing file /home/airflow/.local/lib/python3.8/site-packages/airflow/example_dags/example_skip_dag.py for tasks to queue
[2025-06-03T13:18:31.521+0000] {logging_mixin.py:188} INFO - [2025-06-03T13:18:31.521+0000] {dagbag.py:540} INFO - Filling up the DagBag from /home/airflow/.local/lib/python3.8/site-packages/airflow/example_dags/example_skip_dag.py
[2025-06-03T13:18:31.525+0000] {processor.py:840} INFO - DAG(s) 'example_skip_dag' retrieved from /home/airflow/.local/lib/python3.8/site-packages/airflow/example_dags/example_skip_dag.py
[2025-06-03T13:18:31.537+0000] {logging_mixin.py:188} INFO - [2025-06-03T13:18:31.537+0000] {dag.py:3047} INFO - Sync 1 DAGs
[2025-06-03T13:18:31.547+0000] {logging_mixin.py:188} INFO - [2025-06-03T13:18:31.546+0000] {dag.py:3834} INFO - Setting next_dagrun for example_skip_dag to 2025-06-02 00:00:00+00:00, run_after=2025-06-03 00:00:00+00:00
[2025-06-03T13:18:31.556+0000] {processor.py:183} INFO - Processing /home/airflow/.local/lib/python3.8/site-packages/airflow/example_dags/example_skip_dag.py took 0.039 seconds
[2025-06-03T13:19:02.015+0000] {processor.py:161} INFO - Started process (PID=300) to work on /home/airflow/.local/lib/python3.8/site-packages/airflow/example_dags/example_skip_dag.py
[2025-06-03T13:19:02.015+0000] {processor.py:830} INFO - Processing file /home/airflow/.local/lib/python3.8/site-packages/airflow/example_dags/example_skip_dag.py for tasks to queue
[2025-06-03T13:19:02.016+0000] {logging_mixin.py:188} INFO - [2025-06-03T13:19:02.016+0000] {dagbag.py:540} INFO - Filling up the DagBag from /home/airflow/.local/lib/python3.8/site-packages/airflow/example_dags/example_skip_dag.py
[2025-06-03T13:19:02.019+0000] {processor.py:840} INFO - DAG(s) 'example_skip_dag' retrieved from /home/airflow/.local/lib/python3.8/site-packages/airflow/example_dags/example_skip_dag.py
[2025-06-03T13:19:02.028+0000] {logging_mixin.py:188} INFO - [2025-06-03T13:19:02.028+0000] {dag.py:3047} INFO - Sync 1 DAGs
[2025-06-03T13:19:02.036+0000] {logging_mixin.py:188} INFO - [2025-06-03T13:19:02.036+0000] {dag.py:3834} INFO - Setting next_dagrun for example_skip_dag to 2025-06-02 00:00:00+00:00, run_after=2025-06-03 00:00:00+00:00
[2025-06-03T13:19:02.042+0000] {processor.py:183} INFO - Processing /home/airflow/.local/lib/python3.8/site-packages/airflow/example_dags/example_skip_dag.py took 0.028 seconds
[2025-06-03T13:19:32.688+0000] {processor.py:161} INFO - Started process (PID=355) to work on /home/airflow/.local/lib/python3.8/site-packages/airflow/example_dags/example_skip_dag.py
[2025-06-03T13:19:32.690+0000] {processor.py:830} INFO - Processing file /home/airflow/.local/lib/python3.8/site-packages/airflow/example_dags/example_skip_dag.py for tasks to queue
[2025-06-03T13:19:32.691+0000] {logging_mixin.py:188} INFO - [2025-06-03T13:19:32.690+0000] {dagbag.py:540} INFO - Filling up the DagBag from /home/airflow/.local/lib/python3.8/site-packages/airflow/example_dags/example_skip_dag.py
[2025-06-03T13:19:32.694+0000] {processor.py:840} INFO - DAG(s) 'example_skip_dag' retrieved from /home/airflow/.local/lib/python3.8/site-packages/airflow/example_dags/example_skip_dag.py
[2025-06-03T13:19:32.705+0000] {logging_mixin.py:188} INFO - [2025-06-03T13:19:32.705+0000] {dag.py:3047} INFO - Sync 1 DAGs
[2025-06-03T13:19:32.716+0000] {logging_mixin.py:188} INFO - [2025-06-03T13:19:32.716+0000] {dag.py:3834} INFO - Setting next_dagrun for example_skip_dag to 2025-06-02 00:00:00+00:00, run_after=2025-06-03 00:00:00+00:00
[2025-06-03T13:19:32.723+0000] {processor.py:183} INFO - Processing /home/airflow/.local/lib/python3.8/site-packages/airflow/example_dags/example_skip_dag.py took 0.039 seconds
[2025-06-03T13:20:03.262+0000] {processor.py:161} INFO - Started process (PID=410) to work on /home/airflow/.local/lib/python3.8/site-packages/airflow/example_dags/example_skip_dag.py
[2025-06-03T13:20:03.262+0000] {processor.py:830} INFO - Processing file /home/airflow/.local/lib/python3.8/site-packages/airflow/example_dags/example_skip_dag.py for tasks to queue
[2025-06-03T13:20:03.263+0000] {logging_mixin.py:188} INFO - [2025-06-03T13:20:03.263+0000] {dagbag.py:540} INFO - Filling up the DagBag from /home/airflow/.local/lib/python3.8/site-packages/airflow/example_dags/example_skip_dag.py
[2025-06-03T13:20:03.266+0000] {processor.py:840} INFO - DAG(s) 'example_skip_dag' retrieved from /home/airflow/.local/lib/python3.8/site-packages/airflow/example_dags/example_skip_dag.py
[2025-06-03T13:20:03.277+0000] {logging_mixin.py:188} INFO - [2025-06-03T13:20:03.277+0000] {dag.py:3047} INFO - Sync 1 DAGs
[2025-06-03T13:20:03.288+0000] {logging_mixin.py:188} INFO - [2025-06-03T13:20:03.288+0000] {dag.py:3834} INFO - Setting next_dagrun for example_skip_dag to 2025-06-02 00:00:00+00:00, run_after=2025-06-03 00:00:00+00:00
[2025-06-03T13:20:03.296+0000] {processor.py:183} INFO - Processing /home/airflow/.local/lib/python3.8/site-packages/airflow/example_dags/example_skip_dag.py took 0.036 seconds
[2025-06-03T13:20:34.090+0000] {processor.py:161} INFO - Started process (PID=465) to work on /home/airflow/.local/lib/python3.8/site-packages/airflow/example_dags/example_skip_dag.py
[2025-06-03T13:20:34.091+0000] {processor.py:830} INFO - Processing file /home/airflow/.local/lib/python3.8/site-packages/airflow/example_dags/example_skip_dag.py for tasks to queue
[2025-06-03T13:20:34.092+0000] {logging_mixin.py:188} INFO - [2025-06-03T13:20:34.092+0000] {dagbag.py:540} INFO - Filling up the DagBag from /home/airflow/.local/lib/python3.8/site-packages/airflow/example_dags/example_skip_dag.py
[2025-06-03T13:20:34.096+0000] {processor.py:840} INFO - DAG(s) 'example_skip_dag' retrieved from /home/airflow/.local/lib/python3.8/site-packages/airflow/example_dags/example_skip_dag.py
[2025-06-03T13:20:34.105+0000] {logging_mixin.py:188} INFO - [2025-06-03T13:20:34.105+0000] {dag.py:3047} INFO - Sync 1 DAGs
[2025-06-03T13:20:34.114+0000] {logging_mixin.py:188} INFO - [2025-06-03T13:20:34.114+0000] {dag.py:3834} INFO - Setting next_dagrun for example_skip_dag to 2025-06-02 00:00:00+00:00, run_after=2025-06-03 00:00:00+00:00
[2025-06-03T13:20:34.121+0000] {processor.py:183} INFO - Processing /home/airflow/.local/lib/python3.8/site-packages/airflow/example_dags/example_skip_dag.py took 0.032 seconds
[2025-06-03T13:21:04.909+0000] {processor.py:161} INFO - Started process (PID=520) to work on /home/airflow/.local/lib/python3.8/site-packages/airflow/example_dags/example_skip_dag.py
[2025-06-03T13:21:04.910+0000] {processor.py:830} INFO - Processing file /home/airflow/.local/lib/python3.8/site-packages/airflow/example_dags/example_skip_dag.py for tasks to queue
[2025-06-03T13:21:04.912+0000] {logging_mixin.py:188} INFO - [2025-06-03T13:21:04.912+0000] {dagbag.py:540} INFO - Filling up the DagBag from /home/airflow/.local/lib/python3.8/site-packages/airflow/example_dags/example_skip_dag.py
[2025-06-03T13:21:04.919+0000] {processor.py:840} INFO - DAG(s) 'example_skip_dag' retrieved from /home/airflow/.local/lib/python3.8/site-packages/airflow/example_dags/example_skip_dag.py
[2025-06-03T13:21:04.945+0000] {logging_mixin.py:188} INFO - [2025-06-03T13:21:04.944+0000] {dag.py:3047} INFO - Sync 1 DAGs
[2025-06-03T13:21:04.964+0000] {logging_mixin.py:188} INFO - [2025-06-03T13:21:04.964+0000] {dag.py:3834} INFO - Setting next_dagrun for example_skip_dag to 2025-06-02 00:00:00+00:00, run_after=2025-06-03 00:00:00+00:00
[2025-06-03T13:21:04.980+0000] {processor.py:183} INFO - Processing /home/airflow/.local/lib/python3.8/site-packages/airflow/example_dags/example_skip_dag.py took 0.075 seconds
[2025-06-03T13:21:35.775+0000] {processor.py:161} INFO - Started process (PID=575) to work on /home/airflow/.local/lib/python3.8/site-packages/airflow/example_dags/example_skip_dag.py
[2025-06-03T13:21:35.776+0000] {processor.py:830} INFO - Processing file /home/airflow/.local/lib/python3.8/site-packages/airflow/example_dags/example_skip_dag.py for tasks to queue
[2025-06-03T13:21:35.778+0000] {logging_mixin.py:188} INFO - [2025-06-03T13:21:35.777+0000] {dagbag.py:540} INFO - Filling up the DagBag from /home/airflow/.local/lib/python3.8/site-packages/airflow/example_dags/example_skip_dag.py
[2025-06-03T13:21:35.782+0000] {processor.py:840} INFO - DAG(s) 'example_skip_dag' retrieved from /home/airflow/.local/lib/python3.8/site-packages/airflow/example_dags/example_skip_dag.py
[2025-06-03T13:21:35.792+0000] {logging_mixin.py:188} INFO - [2025-06-03T13:21:35.792+0000] {dag.py:3047} INFO - Sync 1 DAGs
[2025-06-03T13:21:35.800+0000] {logging_mixin.py:188} INFO - [2025-06-03T13:21:35.800+0000] {dag.py:3834} INFO - Setting next_dagrun for example_skip_dag to 2025-06-02 00:00:00+00:00, run_after=2025-06-03 00:00:00+00:00
[2025-06-03T13:21:35.811+0000] {processor.py:183} INFO - Processing /home/airflow/.local/lib/python3.8/site-packages/airflow/example_dags/example_skip_dag.py took 0.038 seconds
[2025-06-03T13:22:06.767+0000] {processor.py:161} INFO - Started process (PID=630) to work on /home/airflow/.local/lib/python3.8/site-packages/airflow/example_dags/example_skip_dag.py
[2025-06-03T13:22:06.768+0000] {processor.py:830} INFO - Processing file /home/airflow/.local/lib/python3.8/site-packages/airflow/example_dags/example_skip_dag.py for tasks to queue
[2025-06-03T13:22:06.770+0000] {logging_mixin.py:188} INFO - [2025-06-03T13:22:06.769+0000] {dagbag.py:540} INFO - Filling up the DagBag from /home/airflow/.local/lib/python3.8/site-packages/airflow/example_dags/example_skip_dag.py
[2025-06-03T13:22:06.773+0000] {processor.py:840} INFO - DAG(s) 'example_skip_dag' retrieved from /home/airflow/.local/lib/python3.8/site-packages/airflow/example_dags/example_skip_dag.py
[2025-06-03T13:22:06.784+0000] {logging_mixin.py:188} INFO - [2025-06-03T13:22:06.783+0000] {dag.py:3047} INFO - Sync 1 DAGs
[2025-06-03T13:22:06.791+0000] {logging_mixin.py:188} INFO - [2025-06-03T13:22:06.791+0000] {dag.py:3834} INFO - Setting next_dagrun for example_skip_dag to 2025-06-02 00:00:00+00:00, run_after=2025-06-03 00:00:00+00:00
[2025-06-03T13:22:06.798+0000] {processor.py:183} INFO - Processing /home/airflow/.local/lib/python3.8/site-packages/airflow/example_dags/example_skip_dag.py took 0.033 seconds
[2025-06-03T13:22:37.707+0000] {processor.py:161} INFO - Started process (PID=685) to work on /home/airflow/.local/lib/python3.8/site-packages/airflow/example_dags/example_skip_dag.py
[2025-06-03T13:22:37.708+0000] {processor.py:830} INFO - Processing file /home/airflow/.local/lib/python3.8/site-packages/airflow/example_dags/example_skip_dag.py for tasks to queue
[2025-06-03T13:22:37.710+0000] {logging_mixin.py:188} INFO - [2025-06-03T13:22:37.710+0000] {dagbag.py:540} INFO - Filling up the DagBag from /home/airflow/.local/lib/python3.8/site-packages/airflow/example_dags/example_skip_dag.py
[2025-06-03T13:22:37.715+0000] {processor.py:840} INFO - DAG(s) 'example_skip_dag' retrieved from /home/airflow/.local/lib/python3.8/site-packages/airflow/example_dags/example_skip_dag.py
[2025-06-03T13:22:37.751+0000] {logging_mixin.py:188} INFO - [2025-06-03T13:22:37.751+0000] {dag.py:3047} INFO - Sync 1 DAGs
[2025-06-03T13:22:37.765+0000] {logging_mixin.py:188} INFO - [2025-06-03T13:22:37.764+0000] {dag.py:3834} INFO - Setting next_dagrun for example_skip_dag to 2025-06-02 00:00:00+00:00, run_after=2025-06-03 00:00:00+00:00
[2025-06-03T13:22:37.772+0000] {processor.py:183} INFO - Processing /home/airflow/.local/lib/python3.8/site-packages/airflow/example_dags/example_skip_dag.py took 0.068 seconds
[2025-06-03T13:23:08.602+0000] {processor.py:161} INFO - Started process (PID=740) to work on /home/airflow/.local/lib/python3.8/site-packages/airflow/example_dags/example_skip_dag.py
[2025-06-03T13:23:08.603+0000] {processor.py:830} INFO - Processing file /home/airflow/.local/lib/python3.8/site-packages/airflow/example_dags/example_skip_dag.py for tasks to queue
[2025-06-03T13:23:08.605+0000] {logging_mixin.py:188} INFO - [2025-06-03T13:23:08.605+0000] {dagbag.py:540} INFO - Filling up the DagBag from /home/airflow/.local/lib/python3.8/site-packages/airflow/example_dags/example_skip_dag.py
[2025-06-03T13:23:08.609+0000] {processor.py:840} INFO - DAG(s) 'example_skip_dag' retrieved from /home/airflow/.local/lib/python3.8/site-packages/airflow/example_dags/example_skip_dag.py
[2025-06-03T13:23:08.622+0000] {logging_mixin.py:188} INFO - [2025-06-03T13:23:08.622+0000] {dag.py:3047} INFO - Sync 1 DAGs
[2025-06-03T13:23:08.632+0000] {logging_mixin.py:188} INFO - [2025-06-03T13:23:08.632+0000] {dag.py:3834} INFO - Setting next_dagrun for example_skip_dag to 2025-06-02 00:00:00+00:00, run_after=2025-06-03 00:00:00+00:00
[2025-06-03T13:23:08.639+0000] {processor.py:183} INFO - Processing /home/airflow/.local/lib/python3.8/site-packages/airflow/example_dags/example_skip_dag.py took 0.039 seconds
[2025-06-03T13:23:39.660+0000] {processor.py:161} INFO - Started process (PID=795) to work on /home/airflow/.local/lib/python3.8/site-packages/airflow/example_dags/example_skip_dag.py
[2025-06-03T13:23:39.661+0000] {processor.py:830} INFO - Processing file /home/airflow/.local/lib/python3.8/site-packages/airflow/example_dags/example_skip_dag.py for tasks to queue
[2025-06-03T13:23:39.663+0000] {logging_mixin.py:188} INFO - [2025-06-03T13:23:39.663+0000] {dagbag.py:540} INFO - Filling up the DagBag from /home/airflow/.local/lib/python3.8/site-packages/airflow/example_dags/example_skip_dag.py
[2025-06-03T13:23:39.674+0000] {processor.py:840} INFO - DAG(s) 'example_skip_dag' retrieved from /home/airflow/.local/lib/python3.8/site-packages/airflow/example_dags/example_skip_dag.py
[2025-06-03T13:23:39.696+0000] {logging_mixin.py:188} INFO - [2025-06-03T13:23:39.695+0000] {dag.py:3047} INFO - Sync 1 DAGs
[2025-06-03T13:23:39.721+0000] {logging_mixin.py:188} INFO - [2025-06-03T13:23:39.721+0000] {dag.py:3834} INFO - Setting next_dagrun for example_skip_dag to 2025-06-02 00:00:00+00:00, run_after=2025-06-03 00:00:00+00:00
[2025-06-03T13:23:39.739+0000] {processor.py:183} INFO - Processing /home/airflow/.local/lib/python3.8/site-packages/airflow/example_dags/example_skip_dag.py took 0.081 seconds
[2025-06-03T13:24:09.829+0000] {processor.py:161} INFO - Started process (PID=850) to work on /home/airflow/.local/lib/python3.8/site-packages/airflow/example_dags/example_skip_dag.py
[2025-06-03T13:24:09.830+0000] {processor.py:830} INFO - Processing file /home/airflow/.local/lib/python3.8/site-packages/airflow/example_dags/example_skip_dag.py for tasks to queue
[2025-06-03T13:24:09.831+0000] {logging_mixin.py:188} INFO - [2025-06-03T13:24:09.831+0000] {dagbag.py:540} INFO - Filling up the DagBag from /home/airflow/.local/lib/python3.8/site-packages/airflow/example_dags/example_skip_dag.py
[2025-06-03T13:24:09.834+0000] {processor.py:840} INFO - DAG(s) 'example_skip_dag' retrieved from /home/airflow/.local/lib/python3.8/site-packages/airflow/example_dags/example_skip_dag.py
[2025-06-03T13:24:09.844+0000] {logging_mixin.py:188} INFO - [2025-06-03T13:24:09.844+0000] {dag.py:3047} INFO - Sync 1 DAGs
[2025-06-03T13:24:09.853+0000] {logging_mixin.py:188} INFO - [2025-06-03T13:24:09.852+0000] {dag.py:3834} INFO - Setting next_dagrun for example_skip_dag to 2025-06-02 00:00:00+00:00, run_after=2025-06-03 00:00:00+00:00
[2025-06-03T13:24:09.859+0000] {processor.py:183} INFO - Processing /home/airflow/.local/lib/python3.8/site-packages/airflow/example_dags/example_skip_dag.py took 0.032 seconds
[2025-06-03T13:24:40.596+0000] {processor.py:161} INFO - Started process (PID=905) to work on /home/airflow/.local/lib/python3.8/site-packages/airflow/example_dags/example_skip_dag.py
[2025-06-03T13:24:40.597+0000] {processor.py:830} INFO - Processing file /home/airflow/.local/lib/python3.8/site-packages/airflow/example_dags/example_skip_dag.py for tasks to queue
[2025-06-03T13:24:40.597+0000] {logging_mixin.py:188} INFO - [2025-06-03T13:24:40.597+0000] {dagbag.py:540} INFO - Filling up the DagBag from /home/airflow/.local/lib/python3.8/site-packages/airflow/example_dags/example_skip_dag.py
[2025-06-03T13:24:40.601+0000] {processor.py:840} INFO - DAG(s) 'example_skip_dag' retrieved from /home/airflow/.local/lib/python3.8/site-packages/airflow/example_dags/example_skip_dag.py
[2025-06-03T13:24:40.610+0000] {logging_mixin.py:188} INFO - [2025-06-03T13:24:40.610+0000] {dag.py:3047} INFO - Sync 1 DAGs
[2025-06-03T13:24:40.623+0000] {logging_mixin.py:188} INFO - [2025-06-03T13:24:40.623+0000] {dag.py:3834} INFO - Setting next_dagrun for example_skip_dag to 2025-06-02 00:00:00+00:00, run_after=2025-06-03 00:00:00+00:00
[2025-06-03T13:24:40.630+0000] {processor.py:183} INFO - Processing /home/airflow/.local/lib/python3.8/site-packages/airflow/example_dags/example_skip_dag.py took 0.035 seconds
[2025-06-03T13:25:11.447+0000] {processor.py:161} INFO - Started process (PID=960) to work on /home/airflow/.local/lib/python3.8/site-packages/airflow/example_dags/example_skip_dag.py
[2025-06-03T13:25:11.448+0000] {processor.py:830} INFO - Processing file /home/airflow/.local/lib/python3.8/site-packages/airflow/example_dags/example_skip_dag.py for tasks to queue
[2025-06-03T13:25:11.449+0000] {logging_mixin.py:188} INFO - [2025-06-03T13:25:11.448+0000] {dagbag.py:540} INFO - Filling up the DagBag from /home/airflow/.local/lib/python3.8/site-packages/airflow/example_dags/example_skip_dag.py
[2025-06-03T13:25:11.451+0000] {processor.py:840} INFO - DAG(s) 'example_skip_dag' retrieved from /home/airflow/.local/lib/python3.8/site-packages/airflow/example_dags/example_skip_dag.py
[2025-06-03T13:25:11.464+0000] {logging_mixin.py:188} INFO - [2025-06-03T13:25:11.464+0000] {dag.py:3047} INFO - Sync 1 DAGs
[2025-06-03T13:25:11.474+0000] {logging_mixin.py:188} INFO - [2025-06-03T13:25:11.474+0000] {dag.py:3834} INFO - Setting next_dagrun for example_skip_dag to 2025-06-02 00:00:00+00:00, run_after=2025-06-03 00:00:00+00:00
[2025-06-03T13:25:11.481+0000] {processor.py:183} INFO - Processing /home/airflow/.local/lib/python3.8/site-packages/airflow/example_dags/example_skip_dag.py took 0.035 seconds
[2025-06-03T13:25:42.102+0000] {processor.py:161} INFO - Started process (PID=1015) to work on /home/airflow/.local/lib/python3.8/site-packages/airflow/example_dags/example_skip_dag.py
[2025-06-03T13:25:42.102+0000] {processor.py:830} INFO - Processing file /home/airflow/.local/lib/python3.8/site-packages/airflow/example_dags/example_skip_dag.py for tasks to queue
[2025-06-03T13:25:42.104+0000] {logging_mixin.py:188} INFO - [2025-06-03T13:25:42.103+0000] {dagbag.py:540} INFO - Filling up the DagBag from /home/airflow/.local/lib/python3.8/site-packages/airflow/example_dags/example_skip_dag.py
[2025-06-03T13:25:42.107+0000] {processor.py:840} INFO - DAG(s) 'example_skip_dag' retrieved from /home/airflow/.local/lib/python3.8/site-packages/airflow/example_dags/example_skip_dag.py
[2025-06-03T13:25:42.121+0000] {logging_mixin.py:188} INFO - [2025-06-03T13:25:42.121+0000] {dag.py:3047} INFO - Sync 1 DAGs
[2025-06-03T13:25:42.139+0000] {logging_mixin.py:188} INFO - [2025-06-03T13:25:42.138+0000] {dag.py:3834} INFO - Setting next_dagrun for example_skip_dag to 2025-06-02 00:00:00+00:00, run_after=2025-06-03 00:00:00+00:00
[2025-06-03T13:25:42.150+0000] {processor.py:183} INFO - Processing /home/airflow/.local/lib/python3.8/site-packages/airflow/example_dags/example_skip_dag.py took 0.050 seconds
[2025-06-03T13:26:13.180+0000] {processor.py:161} INFO - Started process (PID=1070) to work on /home/airflow/.local/lib/python3.8/site-packages/airflow/example_dags/example_skip_dag.py
[2025-06-03T13:26:13.181+0000] {processor.py:830} INFO - Processing file /home/airflow/.local/lib/python3.8/site-packages/airflow/example_dags/example_skip_dag.py for tasks to queue
[2025-06-03T13:26:13.181+0000] {logging_mixin.py:188} INFO - [2025-06-03T13:26:13.181+0000] {dagbag.py:540} INFO - Filling up the DagBag from /home/airflow/.local/lib/python3.8/site-packages/airflow/example_dags/example_skip_dag.py
[2025-06-03T13:26:13.184+0000] {processor.py:840} INFO - DAG(s) 'example_skip_dag' retrieved from /home/airflow/.local/lib/python3.8/site-packages/airflow/example_dags/example_skip_dag.py
[2025-06-03T13:26:13.194+0000] {logging_mixin.py:188} INFO - [2025-06-03T13:26:13.194+0000] {dag.py:3047} INFO - Sync 1 DAGs
[2025-06-03T13:26:13.202+0000] {logging_mixin.py:188} INFO - [2025-06-03T13:26:13.202+0000] {dag.py:3834} INFO - Setting next_dagrun for example_skip_dag to 2025-06-02 00:00:00+00:00, run_after=2025-06-03 00:00:00+00:00
[2025-06-03T13:26:13.209+0000] {processor.py:183} INFO - Processing /home/airflow/.local/lib/python3.8/site-packages/airflow/example_dags/example_skip_dag.py took 0.031 seconds
[2025-06-03T13:26:43.252+0000] {processor.py:161} INFO - Started process (PID=1125) to work on /home/airflow/.local/lib/python3.8/site-packages/airflow/example_dags/example_skip_dag.py
[2025-06-03T13:26:43.252+0000] {processor.py:830} INFO - Processing file /home/airflow/.local/lib/python3.8/site-packages/airflow/example_dags/example_skip_dag.py for tasks to queue
[2025-06-03T13:26:43.253+0000] {logging_mixin.py:188} INFO - [2025-06-03T13:26:43.253+0000] {dagbag.py:540} INFO - Filling up the DagBag from /home/airflow/.local/lib/python3.8/site-packages/airflow/example_dags/example_skip_dag.py
[2025-06-03T13:26:43.257+0000] {processor.py:840} INFO - DAG(s) 'example_skip_dag' retrieved from /home/airflow/.local/lib/python3.8/site-packages/airflow/example_dags/example_skip_dag.py
[2025-06-03T13:26:43.268+0000] {logging_mixin.py:188} INFO - [2025-06-03T13:26:43.267+0000] {dag.py:3047} INFO - Sync 1 DAGs
[2025-06-03T13:26:43.278+0000] {logging_mixin.py:188} INFO - [2025-06-03T13:26:43.278+0000] {dag.py:3834} INFO - Setting next_dagrun for example_skip_dag to 2025-06-02 00:00:00+00:00, run_after=2025-06-03 00:00:00+00:00
[2025-06-03T13:26:43.289+0000] {processor.py:183} INFO - Processing /home/airflow/.local/lib/python3.8/site-packages/airflow/example_dags/example_skip_dag.py took 0.039 seconds
[2025-06-03T13:27:13.917+0000] {processor.py:161} INFO - Started process (PID=1180) to work on /home/airflow/.local/lib/python3.8/site-packages/airflow/example_dags/example_skip_dag.py
[2025-06-03T13:27:13.918+0000] {processor.py:830} INFO - Processing file /home/airflow/.local/lib/python3.8/site-packages/airflow/example_dags/example_skip_dag.py for tasks to queue
[2025-06-03T13:27:13.919+0000] {logging_mixin.py:188} INFO - [2025-06-03T13:27:13.919+0000] {dagbag.py:540} INFO - Filling up the DagBag from /home/airflow/.local/lib/python3.8/site-packages/airflow/example_dags/example_skip_dag.py
[2025-06-03T13:27:13.923+0000] {processor.py:840} INFO - DAG(s) 'example_skip_dag' retrieved from /home/airflow/.local/lib/python3.8/site-packages/airflow/example_dags/example_skip_dag.py
[2025-06-03T13:27:13.934+0000] {logging_mixin.py:188} INFO - [2025-06-03T13:27:13.934+0000] {dag.py:3047} INFO - Sync 1 DAGs
[2025-06-03T13:27:13.942+0000] {logging_mixin.py:188} INFO - [2025-06-03T13:27:13.942+0000] {dag.py:3834} INFO - Setting next_dagrun for example_skip_dag to 2025-06-02 00:00:00+00:00, run_after=2025-06-03 00:00:00+00:00
[2025-06-03T13:27:13.949+0000] {processor.py:183} INFO - Processing /home/airflow/.local/lib/python3.8/site-packages/airflow/example_dags/example_skip_dag.py took 0.035 seconds
[2025-06-03T13:27:44.468+0000] {processor.py:161} INFO - Started process (PID=1235) to work on /home/airflow/.local/lib/python3.8/site-packages/airflow/example_dags/example_skip_dag.py
[2025-06-03T13:27:44.469+0000] {processor.py:830} INFO - Processing file /home/airflow/.local/lib/python3.8/site-packages/airflow/example_dags/example_skip_dag.py for tasks to queue
[2025-06-03T13:27:44.469+0000] {logging_mixin.py:188} INFO - [2025-06-03T13:27:44.469+0000] {dagbag.py:540} INFO - Filling up the DagBag from /home/airflow/.local/lib/python3.8/site-packages/airflow/example_dags/example_skip_dag.py
[2025-06-03T13:27:44.472+0000] {processor.py:840} INFO - DAG(s) 'example_skip_dag' retrieved from /home/airflow/.local/lib/python3.8/site-packages/airflow/example_dags/example_skip_dag.py
[2025-06-03T13:27:44.482+0000] {logging_mixin.py:188} INFO - [2025-06-03T13:27:44.482+0000] {dag.py:3047} INFO - Sync 1 DAGs
[2025-06-03T13:27:44.492+0000] {logging_mixin.py:188} INFO - [2025-06-03T13:27:44.491+0000] {dag.py:3834} INFO - Setting next_dagrun for example_skip_dag to 2025-06-02 00:00:00+00:00, run_after=2025-06-03 00:00:00+00:00
[2025-06-03T13:27:44.499+0000] {processor.py:183} INFO - Processing /home/airflow/.local/lib/python3.8/site-packages/airflow/example_dags/example_skip_dag.py took 0.032 seconds
[2025-06-03T13:28:15.109+0000] {processor.py:161} INFO - Started process (PID=1290) to work on /home/airflow/.local/lib/python3.8/site-packages/airflow/example_dags/example_skip_dag.py
[2025-06-03T13:28:15.109+0000] {processor.py:830} INFO - Processing file /home/airflow/.local/lib/python3.8/site-packages/airflow/example_dags/example_skip_dag.py for tasks to queue
[2025-06-03T13:28:15.110+0000] {logging_mixin.py:188} INFO - [2025-06-03T13:28:15.110+0000] {dagbag.py:540} INFO - Filling up the DagBag from /home/airflow/.local/lib/python3.8/site-packages/airflow/example_dags/example_skip_dag.py
[2025-06-03T13:28:15.113+0000] {processor.py:840} INFO - DAG(s) 'example_skip_dag' retrieved from /home/airflow/.local/lib/python3.8/site-packages/airflow/example_dags/example_skip_dag.py
[2025-06-03T13:28:15.122+0000] {logging_mixin.py:188} INFO - [2025-06-03T13:28:15.122+0000] {dag.py:3047} INFO - Sync 1 DAGs
[2025-06-03T13:28:15.131+0000] {logging_mixin.py:188} INFO - [2025-06-03T13:28:15.131+0000] {dag.py:3834} INFO - Setting next_dagrun for example_skip_dag to 2025-06-02 00:00:00+00:00, run_after=2025-06-03 00:00:00+00:00
[2025-06-03T13:28:15.138+0000] {processor.py:183} INFO - Processing /home/airflow/.local/lib/python3.8/site-packages/airflow/example_dags/example_skip_dag.py took 0.031 seconds
[2025-06-03T13:28:45.630+0000] {processor.py:161} INFO - Started process (PID=1345) to work on /home/airflow/.local/lib/python3.8/site-packages/airflow/example_dags/example_skip_dag.py
[2025-06-03T13:28:45.630+0000] {processor.py:830} INFO - Processing file /home/airflow/.local/lib/python3.8/site-packages/airflow/example_dags/example_skip_dag.py for tasks to queue
[2025-06-03T13:28:45.631+0000] {logging_mixin.py:188} INFO - [2025-06-03T13:28:45.631+0000] {dagbag.py:540} INFO - Filling up the DagBag from /home/airflow/.local/lib/python3.8/site-packages/airflow/example_dags/example_skip_dag.py
[2025-06-03T13:28:45.635+0000] {processor.py:840} INFO - DAG(s) 'example_skip_dag' retrieved from /home/airflow/.local/lib/python3.8/site-packages/airflow/example_dags/example_skip_dag.py
[2025-06-03T13:28:45.646+0000] {logging_mixin.py:188} INFO - [2025-06-03T13:28:45.646+0000] {dag.py:3047} INFO - Sync 1 DAGs
[2025-06-03T13:28:45.670+0000] {logging_mixin.py:188} INFO - [2025-06-03T13:28:45.670+0000] {dag.py:3834} INFO - Setting next_dagrun for example_skip_dag to 2025-06-02 00:00:00+00:00, run_after=2025-06-03 00:00:00+00:00
[2025-06-03T13:28:45.708+0000] {processor.py:183} INFO - Processing /home/airflow/.local/lib/python3.8/site-packages/airflow/example_dags/example_skip_dag.py took 0.080 seconds
[2025-06-03T13:29:15.844+0000] {processor.py:161} INFO - Started process (PID=1399) to work on /home/airflow/.local/lib/python3.8/site-packages/airflow/example_dags/example_skip_dag.py
[2025-06-03T13:29:15.846+0000] {processor.py:830} INFO - Processing file /home/airflow/.local/lib/python3.8/site-packages/airflow/example_dags/example_skip_dag.py for tasks to queue
[2025-06-03T13:29:15.847+0000] {logging_mixin.py:188} INFO - [2025-06-03T13:29:15.847+0000] {dagbag.py:540} INFO - Filling up the DagBag from /home/airflow/.local/lib/python3.8/site-packages/airflow/example_dags/example_skip_dag.py
[2025-06-03T13:29:15.850+0000] {processor.py:840} INFO - DAG(s) 'example_skip_dag' retrieved from /home/airflow/.local/lib/python3.8/site-packages/airflow/example_dags/example_skip_dag.py
[2025-06-03T13:29:15.859+0000] {logging_mixin.py:188} INFO - [2025-06-03T13:29:15.859+0000] {dag.py:3047} INFO - Sync 1 DAGs
[2025-06-03T13:29:15.866+0000] {logging_mixin.py:188} INFO - [2025-06-03T13:29:15.866+0000] {dag.py:3834} INFO - Setting next_dagrun for example_skip_dag to 2025-06-02 00:00:00+00:00, run_after=2025-06-03 00:00:00+00:00
[2025-06-03T13:29:15.873+0000] {processor.py:183} INFO - Processing /home/airflow/.local/lib/python3.8/site-packages/airflow/example_dags/example_skip_dag.py took 0.030 seconds
[2025-06-03T13:29:46.263+0000] {processor.py:161} INFO - Started process (PID=1455) to work on /home/airflow/.local/lib/python3.8/site-packages/airflow/example_dags/example_skip_dag.py
[2025-06-03T13:29:46.263+0000] {processor.py:830} INFO - Processing file /home/airflow/.local/lib/python3.8/site-packages/airflow/example_dags/example_skip_dag.py for tasks to queue
[2025-06-03T13:29:46.264+0000] {logging_mixin.py:188} INFO - [2025-06-03T13:29:46.264+0000] {dagbag.py:540} INFO - Filling up the DagBag from /home/airflow/.local/lib/python3.8/site-packages/airflow/example_dags/example_skip_dag.py
[2025-06-03T13:29:46.267+0000] {processor.py:840} INFO - DAG(s) 'example_skip_dag' retrieved from /home/airflow/.local/lib/python3.8/site-packages/airflow/example_dags/example_skip_dag.py
[2025-06-03T13:29:46.275+0000] {logging_mixin.py:188} INFO - [2025-06-03T13:29:46.275+0000] {dag.py:3047} INFO - Sync 1 DAGs
[2025-06-03T13:29:46.282+0000] {logging_mixin.py:188} INFO - [2025-06-03T13:29:46.282+0000] {dag.py:3834} INFO - Setting next_dagrun for example_skip_dag to 2025-06-02 00:00:00+00:00, run_after=2025-06-03 00:00:00+00:00
[2025-06-03T13:29:46.289+0000] {processor.py:183} INFO - Processing /home/airflow/.local/lib/python3.8/site-packages/airflow/example_dags/example_skip_dag.py took 0.027 seconds
[2025-06-03T13:30:16.612+0000] {processor.py:161} INFO - Started process (PID=1510) to work on /home/airflow/.local/lib/python3.8/site-packages/airflow/example_dags/example_skip_dag.py
[2025-06-03T13:30:16.612+0000] {processor.py:830} INFO - Processing file /home/airflow/.local/lib/python3.8/site-packages/airflow/example_dags/example_skip_dag.py for tasks to queue
[2025-06-03T13:30:16.613+0000] {logging_mixin.py:188} INFO - [2025-06-03T13:30:16.613+0000] {dagbag.py:540} INFO - Filling up the DagBag from /home/airflow/.local/lib/python3.8/site-packages/airflow/example_dags/example_skip_dag.py
[2025-06-03T13:30:16.616+0000] {processor.py:840} INFO - DAG(s) 'example_skip_dag' retrieved from /home/airflow/.local/lib/python3.8/site-packages/airflow/example_dags/example_skip_dag.py
[2025-06-03T13:30:16.626+0000] {logging_mixin.py:188} INFO - [2025-06-03T13:30:16.626+0000] {dag.py:3047} INFO - Sync 1 DAGs
[2025-06-03T13:30:16.634+0000] {logging_mixin.py:188} INFO - [2025-06-03T13:30:16.634+0000] {dag.py:3834} INFO - Setting next_dagrun for example_skip_dag to 2025-06-02 00:00:00+00:00, run_after=2025-06-03 00:00:00+00:00
[2025-06-03T13:30:16.640+0000] {processor.py:183} INFO - Processing /home/airflow/.local/lib/python3.8/site-packages/airflow/example_dags/example_skip_dag.py took 0.030 seconds
[2025-06-03T13:30:46.899+0000] {processor.py:161} INFO - Started process (PID=1564) to work on /home/airflow/.local/lib/python3.8/site-packages/airflow/example_dags/example_skip_dag.py
[2025-06-03T13:30:46.900+0000] {processor.py:830} INFO - Processing file /home/airflow/.local/lib/python3.8/site-packages/airflow/example_dags/example_skip_dag.py for tasks to queue
[2025-06-03T13:30:46.901+0000] {logging_mixin.py:188} INFO - [2025-06-03T13:30:46.900+0000] {dagbag.py:540} INFO - Filling up the DagBag from /home/airflow/.local/lib/python3.8/site-packages/airflow/example_dags/example_skip_dag.py
[2025-06-03T13:30:46.903+0000] {processor.py:840} INFO - DAG(s) 'example_skip_dag' retrieved from /home/airflow/.local/lib/python3.8/site-packages/airflow/example_dags/example_skip_dag.py
[2025-06-03T13:30:46.912+0000] {logging_mixin.py:188} INFO - [2025-06-03T13:30:46.912+0000] {dag.py:3047} INFO - Sync 1 DAGs
[2025-06-03T13:30:46.919+0000] {logging_mixin.py:188} INFO - [2025-06-03T13:30:46.919+0000] {dag.py:3834} INFO - Setting next_dagrun for example_skip_dag to 2025-06-02 00:00:00+00:00, run_after=2025-06-03 00:00:00+00:00
[2025-06-03T13:30:46.925+0000] {processor.py:183} INFO - Processing /home/airflow/.local/lib/python3.8/site-packages/airflow/example_dags/example_skip_dag.py took 0.027 seconds
[2025-06-03T13:31:17.201+0000] {processor.py:161} INFO - Started process (PID=1619) to work on /home/airflow/.local/lib/python3.8/site-packages/airflow/example_dags/example_skip_dag.py
[2025-06-03T13:31:17.202+0000] {processor.py:830} INFO - Processing file /home/airflow/.local/lib/python3.8/site-packages/airflow/example_dags/example_skip_dag.py for tasks to queue
[2025-06-03T13:31:17.202+0000] {logging_mixin.py:188} INFO - [2025-06-03T13:31:17.202+0000] {dagbag.py:540} INFO - Filling up the DagBag from /home/airflow/.local/lib/python3.8/site-packages/airflow/example_dags/example_skip_dag.py
[2025-06-03T13:31:17.205+0000] {processor.py:840} INFO - DAG(s) 'example_skip_dag' retrieved from /home/airflow/.local/lib/python3.8/site-packages/airflow/example_dags/example_skip_dag.py
[2025-06-03T13:31:17.213+0000] {logging_mixin.py:188} INFO - [2025-06-03T13:31:17.213+0000] {dag.py:3047} INFO - Sync 1 DAGs
[2025-06-03T13:31:17.221+0000] {logging_mixin.py:188} INFO - [2025-06-03T13:31:17.221+0000] {dag.py:3834} INFO - Setting next_dagrun for example_skip_dag to 2025-06-02 00:00:00+00:00, run_after=2025-06-03 00:00:00+00:00
[2025-06-03T13:31:17.227+0000] {processor.py:183} INFO - Processing /home/airflow/.local/lib/python3.8/site-packages/airflow/example_dags/example_skip_dag.py took 0.027 seconds
[2025-06-03T13:31:47.485+0000] {processor.py:161} INFO - Started process (PID=1674) to work on /home/airflow/.local/lib/python3.8/site-packages/airflow/example_dags/example_skip_dag.py
[2025-06-03T13:31:47.485+0000] {processor.py:830} INFO - Processing file /home/airflow/.local/lib/python3.8/site-packages/airflow/example_dags/example_skip_dag.py for tasks to queue
[2025-06-03T13:31:47.486+0000] {logging_mixin.py:188} INFO - [2025-06-03T13:31:47.486+0000] {dagbag.py:540} INFO - Filling up the DagBag from /home/airflow/.local/lib/python3.8/site-packages/airflow/example_dags/example_skip_dag.py
[2025-06-03T13:31:47.489+0000] {processor.py:840} INFO - DAG(s) 'example_skip_dag' retrieved from /home/airflow/.local/lib/python3.8/site-packages/airflow/example_dags/example_skip_dag.py
[2025-06-03T13:31:47.498+0000] {logging_mixin.py:188} INFO - [2025-06-03T13:31:47.498+0000] {dag.py:3047} INFO - Sync 1 DAGs
[2025-06-03T13:31:47.506+0000] {logging_mixin.py:188} INFO - [2025-06-03T13:31:47.506+0000] {dag.py:3834} INFO - Setting next_dagrun for example_skip_dag to 2025-06-02 00:00:00+00:00, run_after=2025-06-03 00:00:00+00:00
[2025-06-03T13:31:47.512+0000] {processor.py:183} INFO - Processing /home/airflow/.local/lib/python3.8/site-packages/airflow/example_dags/example_skip_dag.py took 0.028 seconds
[2025-06-03T13:32:17.790+0000] {processor.py:161} INFO - Started process (PID=1729) to work on /home/airflow/.local/lib/python3.8/site-packages/airflow/example_dags/example_skip_dag.py
[2025-06-03T13:32:17.790+0000] {processor.py:830} INFO - Processing file /home/airflow/.local/lib/python3.8/site-packages/airflow/example_dags/example_skip_dag.py for tasks to queue
[2025-06-03T13:32:17.792+0000] {logging_mixin.py:188} INFO - [2025-06-03T13:32:17.791+0000] {dagbag.py:540} INFO - Filling up the DagBag from /home/airflow/.local/lib/python3.8/site-packages/airflow/example_dags/example_skip_dag.py
[2025-06-03T13:32:17.794+0000] {processor.py:840} INFO - DAG(s) 'example_skip_dag' retrieved from /home/airflow/.local/lib/python3.8/site-packages/airflow/example_dags/example_skip_dag.py
[2025-06-03T13:32:17.803+0000] {logging_mixin.py:188} INFO - [2025-06-03T13:32:17.803+0000] {dag.py:3047} INFO - Sync 1 DAGs
[2025-06-03T13:32:17.810+0000] {logging_mixin.py:188} INFO - [2025-06-03T13:32:17.810+0000] {dag.py:3834} INFO - Setting next_dagrun for example_skip_dag to 2025-06-02 00:00:00+00:00, run_after=2025-06-03 00:00:00+00:00
[2025-06-03T13:32:17.817+0000] {processor.py:183} INFO - Processing /home/airflow/.local/lib/python3.8/site-packages/airflow/example_dags/example_skip_dag.py took 0.028 seconds
[2025-06-03T13:32:48.064+0000] {processor.py:161} INFO - Started process (PID=1784) to work on /home/airflow/.local/lib/python3.8/site-packages/airflow/example_dags/example_skip_dag.py
[2025-06-03T13:32:48.065+0000] {processor.py:830} INFO - Processing file /home/airflow/.local/lib/python3.8/site-packages/airflow/example_dags/example_skip_dag.py for tasks to queue
[2025-06-03T13:32:48.066+0000] {logging_mixin.py:188} INFO - [2025-06-03T13:32:48.066+0000] {dagbag.py:540} INFO - Filling up the DagBag from /home/airflow/.local/lib/python3.8/site-packages/airflow/example_dags/example_skip_dag.py
[2025-06-03T13:32:48.068+0000] {processor.py:840} INFO - DAG(s) 'example_skip_dag' retrieved from /home/airflow/.local/lib/python3.8/site-packages/airflow/example_dags/example_skip_dag.py
[2025-06-03T13:32:48.077+0000] {logging_mixin.py:188} INFO - [2025-06-03T13:32:48.077+0000] {dag.py:3047} INFO - Sync 1 DAGs
[2025-06-03T13:32:48.085+0000] {logging_mixin.py:188} INFO - [2025-06-03T13:32:48.085+0000] {dag.py:3834} INFO - Setting next_dagrun for example_skip_dag to 2025-06-02 00:00:00+00:00, run_after=2025-06-03 00:00:00+00:00
[2025-06-03T13:32:48.091+0000] {processor.py:183} INFO - Processing /home/airflow/.local/lib/python3.8/site-packages/airflow/example_dags/example_skip_dag.py took 0.028 seconds
[2025-06-03T13:33:18.381+0000] {processor.py:161} INFO - Started process (PID=1839) to work on /home/airflow/.local/lib/python3.8/site-packages/airflow/example_dags/example_skip_dag.py
[2025-06-03T13:33:18.382+0000] {processor.py:830} INFO - Processing file /home/airflow/.local/lib/python3.8/site-packages/airflow/example_dags/example_skip_dag.py for tasks to queue
[2025-06-03T13:33:18.382+0000] {logging_mixin.py:188} INFO - [2025-06-03T13:33:18.382+0000] {dagbag.py:540} INFO - Filling up the DagBag from /home/airflow/.local/lib/python3.8/site-packages/airflow/example_dags/example_skip_dag.py
[2025-06-03T13:33:18.385+0000] {processor.py:840} INFO - DAG(s) 'example_skip_dag' retrieved from /home/airflow/.local/lib/python3.8/site-packages/airflow/example_dags/example_skip_dag.py
[2025-06-03T13:33:18.393+0000] {logging_mixin.py:188} INFO - [2025-06-03T13:33:18.393+0000] {dag.py:3047} INFO - Sync 1 DAGs
[2025-06-03T13:33:18.401+0000] {logging_mixin.py:188} INFO - [2025-06-03T13:33:18.400+0000] {dag.py:3834} INFO - Setting next_dagrun for example_skip_dag to 2025-06-02 00:00:00+00:00, run_after=2025-06-03 00:00:00+00:00
[2025-06-03T13:33:18.407+0000] {processor.py:183} INFO - Processing /home/airflow/.local/lib/python3.8/site-packages/airflow/example_dags/example_skip_dag.py took 0.027 seconds
[2025-06-03T13:33:48.664+0000] {processor.py:161} INFO - Started process (PID=1894) to work on /home/airflow/.local/lib/python3.8/site-packages/airflow/example_dags/example_skip_dag.py
[2025-06-03T13:33:48.665+0000] {processor.py:830} INFO - Processing file /home/airflow/.local/lib/python3.8/site-packages/airflow/example_dags/example_skip_dag.py for tasks to queue
[2025-06-03T13:33:48.666+0000] {logging_mixin.py:188} INFO - [2025-06-03T13:33:48.666+0000] {dagbag.py:540} INFO - Filling up the DagBag from /home/airflow/.local/lib/python3.8/site-packages/airflow/example_dags/example_skip_dag.py
[2025-06-03T13:33:48.669+0000] {processor.py:840} INFO - DAG(s) 'example_skip_dag' retrieved from /home/airflow/.local/lib/python3.8/site-packages/airflow/example_dags/example_skip_dag.py
[2025-06-03T13:33:48.677+0000] {logging_mixin.py:188} INFO - [2025-06-03T13:33:48.677+0000] {dag.py:3047} INFO - Sync 1 DAGs
[2025-06-03T13:33:48.685+0000] {logging_mixin.py:188} INFO - [2025-06-03T13:33:48.684+0000] {dag.py:3834} INFO - Setting next_dagrun for example_skip_dag to 2025-06-02 00:00:00+00:00, run_after=2025-06-03 00:00:00+00:00
[2025-06-03T13:33:48.691+0000] {processor.py:183} INFO - Processing /home/airflow/.local/lib/python3.8/site-packages/airflow/example_dags/example_skip_dag.py took 0.028 seconds
[2025-06-03T13:34:18.971+0000] {processor.py:161} INFO - Started process (PID=1949) to work on /home/airflow/.local/lib/python3.8/site-packages/airflow/example_dags/example_skip_dag.py
[2025-06-03T13:34:18.971+0000] {processor.py:830} INFO - Processing file /home/airflow/.local/lib/python3.8/site-packages/airflow/example_dags/example_skip_dag.py for tasks to queue
[2025-06-03T13:34:18.972+0000] {logging_mixin.py:188} INFO - [2025-06-03T13:34:18.972+0000] {dagbag.py:540} INFO - Filling up the DagBag from /home/airflow/.local/lib/python3.8/site-packages/airflow/example_dags/example_skip_dag.py
[2025-06-03T13:34:18.975+0000] {processor.py:840} INFO - DAG(s) 'example_skip_dag' retrieved from /home/airflow/.local/lib/python3.8/site-packages/airflow/example_dags/example_skip_dag.py
[2025-06-03T13:34:18.985+0000] {logging_mixin.py:188} INFO - [2025-06-03T13:34:18.984+0000] {dag.py:3047} INFO - Sync 1 DAGs
[2025-06-03T13:34:18.993+0000] {logging_mixin.py:188} INFO - [2025-06-03T13:34:18.992+0000] {dag.py:3834} INFO - Setting next_dagrun for example_skip_dag to 2025-06-02 00:00:00+00:00, run_after=2025-06-03 00:00:00+00:00
[2025-06-03T13:34:19.001+0000] {processor.py:183} INFO - Processing /home/airflow/.local/lib/python3.8/site-packages/airflow/example_dags/example_skip_dag.py took 0.032 seconds
[2025-06-03T13:34:49.332+0000] {processor.py:161} INFO - Started process (PID=2004) to work on /home/airflow/.local/lib/python3.8/site-packages/airflow/example_dags/example_skip_dag.py
[2025-06-03T13:34:49.333+0000] {processor.py:830} INFO - Processing file /home/airflow/.local/lib/python3.8/site-packages/airflow/example_dags/example_skip_dag.py for tasks to queue
[2025-06-03T13:34:49.333+0000] {logging_mixin.py:188} INFO - [2025-06-03T13:34:49.333+0000] {dagbag.py:540} INFO - Filling up the DagBag from /home/airflow/.local/lib/python3.8/site-packages/airflow/example_dags/example_skip_dag.py
[2025-06-03T13:34:49.336+0000] {processor.py:840} INFO - DAG(s) 'example_skip_dag' retrieved from /home/airflow/.local/lib/python3.8/site-packages/airflow/example_dags/example_skip_dag.py
[2025-06-03T13:34:49.344+0000] {logging_mixin.py:188} INFO - [2025-06-03T13:34:49.344+0000] {dag.py:3047} INFO - Sync 1 DAGs
[2025-06-03T13:34:49.352+0000] {logging_mixin.py:188} INFO - [2025-06-03T13:34:49.351+0000] {dag.py:3834} INFO - Setting next_dagrun for example_skip_dag to 2025-06-02 00:00:00+00:00, run_after=2025-06-03 00:00:00+00:00
[2025-06-03T13:34:49.358+0000] {processor.py:183} INFO - Processing /home/airflow/.local/lib/python3.8/site-packages/airflow/example_dags/example_skip_dag.py took 0.027 seconds
[2025-06-03T13:35:19.939+0000] {processor.py:161} INFO - Started process (PID=2059) to work on /home/airflow/.local/lib/python3.8/site-packages/airflow/example_dags/example_skip_dag.py
[2025-06-03T13:35:19.939+0000] {processor.py:830} INFO - Processing file /home/airflow/.local/lib/python3.8/site-packages/airflow/example_dags/example_skip_dag.py for tasks to queue
[2025-06-03T13:35:19.941+0000] {logging_mixin.py:188} INFO - [2025-06-03T13:35:19.940+0000] {dagbag.py:540} INFO - Filling up the DagBag from /home/airflow/.local/lib/python3.8/site-packages/airflow/example_dags/example_skip_dag.py
[2025-06-03T13:35:19.945+0000] {processor.py:840} INFO - DAG(s) 'example_skip_dag' retrieved from /home/airflow/.local/lib/python3.8/site-packages/airflow/example_dags/example_skip_dag.py
[2025-06-03T13:35:19.956+0000] {logging_mixin.py:188} INFO - [2025-06-03T13:35:19.956+0000] {dag.py:3047} INFO - Sync 1 DAGs
[2025-06-03T13:35:19.965+0000] {logging_mixin.py:188} INFO - [2025-06-03T13:35:19.965+0000] {dag.py:3834} INFO - Setting next_dagrun for example_skip_dag to 2025-06-02 00:00:00+00:00, run_after=2025-06-03 00:00:00+00:00
[2025-06-03T13:35:19.976+0000] {processor.py:183} INFO - Processing /home/airflow/.local/lib/python3.8/site-packages/airflow/example_dags/example_skip_dag.py took 0.039 seconds
[2025-06-03T13:35:50.326+0000] {processor.py:161} INFO - Started process (PID=2114) to work on /home/airflow/.local/lib/python3.8/site-packages/airflow/example_dags/example_skip_dag.py
[2025-06-03T13:35:50.326+0000] {processor.py:830} INFO - Processing file /home/airflow/.local/lib/python3.8/site-packages/airflow/example_dags/example_skip_dag.py for tasks to queue
[2025-06-03T13:35:50.327+0000] {logging_mixin.py:188} INFO - [2025-06-03T13:35:50.327+0000] {dagbag.py:540} INFO - Filling up the DagBag from /home/airflow/.local/lib/python3.8/site-packages/airflow/example_dags/example_skip_dag.py
[2025-06-03T13:35:50.330+0000] {processor.py:840} INFO - DAG(s) 'example_skip_dag' retrieved from /home/airflow/.local/lib/python3.8/site-packages/airflow/example_dags/example_skip_dag.py
[2025-06-03T13:35:50.337+0000] {logging_mixin.py:188} INFO - [2025-06-03T13:35:50.337+0000] {dag.py:3047} INFO - Sync 1 DAGs
[2025-06-03T13:35:50.344+0000] {logging_mixin.py:188} INFO - [2025-06-03T13:35:50.344+0000] {dag.py:3834} INFO - Setting next_dagrun for example_skip_dag to 2025-06-02 00:00:00+00:00, run_after=2025-06-03 00:00:00+00:00
[2025-06-03T13:35:50.350+0000] {processor.py:183} INFO - Processing /home/airflow/.local/lib/python3.8/site-packages/airflow/example_dags/example_skip_dag.py took 0.026 seconds
[2025-06-03T13:36:20.618+0000] {processor.py:161} INFO - Started process (PID=2169) to work on /home/airflow/.local/lib/python3.8/site-packages/airflow/example_dags/example_skip_dag.py
[2025-06-03T13:36:20.619+0000] {processor.py:830} INFO - Processing file /home/airflow/.local/lib/python3.8/site-packages/airflow/example_dags/example_skip_dag.py for tasks to queue
[2025-06-03T13:36:20.619+0000] {logging_mixin.py:188} INFO - [2025-06-03T13:36:20.619+0000] {dagbag.py:540} INFO - Filling up the DagBag from /home/airflow/.local/lib/python3.8/site-packages/airflow/example_dags/example_skip_dag.py
[2025-06-03T13:36:20.622+0000] {processor.py:840} INFO - DAG(s) 'example_skip_dag' retrieved from /home/airflow/.local/lib/python3.8/site-packages/airflow/example_dags/example_skip_dag.py
[2025-06-03T13:36:20.630+0000] {logging_mixin.py:188} INFO - [2025-06-03T13:36:20.630+0000] {dag.py:3047} INFO - Sync 1 DAGs
[2025-06-03T13:36:20.638+0000] {logging_mixin.py:188} INFO - [2025-06-03T13:36:20.638+0000] {dag.py:3834} INFO - Setting next_dagrun for example_skip_dag to 2025-06-02 00:00:00+00:00, run_after=2025-06-03 00:00:00+00:00
[2025-06-03T13:36:20.646+0000] {processor.py:183} INFO - Processing /home/airflow/.local/lib/python3.8/site-packages/airflow/example_dags/example_skip_dag.py took 0.030 seconds
[2025-06-03T13:36:50.994+0000] {processor.py:161} INFO - Started process (PID=2224) to work on /home/airflow/.local/lib/python3.8/site-packages/airflow/example_dags/example_skip_dag.py
[2025-06-03T13:36:50.995+0000] {processor.py:830} INFO - Processing file /home/airflow/.local/lib/python3.8/site-packages/airflow/example_dags/example_skip_dag.py for tasks to queue
[2025-06-03T13:36:50.996+0000] {logging_mixin.py:188} INFO - [2025-06-03T13:36:50.995+0000] {dagbag.py:540} INFO - Filling up the DagBag from /home/airflow/.local/lib/python3.8/site-packages/airflow/example_dags/example_skip_dag.py
[2025-06-03T13:36:50.998+0000] {processor.py:840} INFO - DAG(s) 'example_skip_dag' retrieved from /home/airflow/.local/lib/python3.8/site-packages/airflow/example_dags/example_skip_dag.py
[2025-06-03T13:36:51.006+0000] {logging_mixin.py:188} INFO - [2025-06-03T13:36:51.006+0000] {dag.py:3047} INFO - Sync 1 DAGs
[2025-06-03T13:36:51.014+0000] {logging_mixin.py:188} INFO - [2025-06-03T13:36:51.014+0000] {dag.py:3834} INFO - Setting next_dagrun for example_skip_dag to 2025-06-02 00:00:00+00:00, run_after=2025-06-03 00:00:00+00:00
[2025-06-03T13:36:51.020+0000] {processor.py:183} INFO - Processing /home/airflow/.local/lib/python3.8/site-packages/airflow/example_dags/example_skip_dag.py took 0.027 seconds
[2025-06-03T13:37:21.366+0000] {processor.py:161} INFO - Started process (PID=2279) to work on /home/airflow/.local/lib/python3.8/site-packages/airflow/example_dags/example_skip_dag.py
[2025-06-03T13:37:21.366+0000] {processor.py:830} INFO - Processing file /home/airflow/.local/lib/python3.8/site-packages/airflow/example_dags/example_skip_dag.py for tasks to queue
[2025-06-03T13:37:21.367+0000] {logging_mixin.py:188} INFO - [2025-06-03T13:37:21.367+0000] {dagbag.py:540} INFO - Filling up the DagBag from /home/airflow/.local/lib/python3.8/site-packages/airflow/example_dags/example_skip_dag.py
[2025-06-03T13:37:21.370+0000] {processor.py:840} INFO - DAG(s) 'example_skip_dag' retrieved from /home/airflow/.local/lib/python3.8/site-packages/airflow/example_dags/example_skip_dag.py
[2025-06-03T13:37:21.379+0000] {logging_mixin.py:188} INFO - [2025-06-03T13:37:21.379+0000] {dag.py:3047} INFO - Sync 1 DAGs
[2025-06-03T13:37:21.386+0000] {logging_mixin.py:188} INFO - [2025-06-03T13:37:21.386+0000] {dag.py:3834} INFO - Setting next_dagrun for example_skip_dag to 2025-06-02 00:00:00+00:00, run_after=2025-06-03 00:00:00+00:00
[2025-06-03T13:37:21.392+0000] {processor.py:183} INFO - Processing /home/airflow/.local/lib/python3.8/site-packages/airflow/example_dags/example_skip_dag.py took 0.028 seconds
[2025-06-03T13:37:52.042+0000] {processor.py:161} INFO - Started process (PID=2334) to work on /home/airflow/.local/lib/python3.8/site-packages/airflow/example_dags/example_skip_dag.py
[2025-06-03T13:37:52.042+0000] {processor.py:830} INFO - Processing file /home/airflow/.local/lib/python3.8/site-packages/airflow/example_dags/example_skip_dag.py for tasks to queue
[2025-06-03T13:37:52.043+0000] {logging_mixin.py:188} INFO - [2025-06-03T13:37:52.043+0000] {dagbag.py:540} INFO - Filling up the DagBag from /home/airflow/.local/lib/python3.8/site-packages/airflow/example_dags/example_skip_dag.py
[2025-06-03T13:37:52.046+0000] {processor.py:840} INFO - DAG(s) 'example_skip_dag' retrieved from /home/airflow/.local/lib/python3.8/site-packages/airflow/example_dags/example_skip_dag.py
[2025-06-03T13:37:52.059+0000] {logging_mixin.py:188} INFO - [2025-06-03T13:37:52.059+0000] {dag.py:3047} INFO - Sync 1 DAGs
[2025-06-03T13:37:52.068+0000] {logging_mixin.py:188} INFO - [2025-06-03T13:37:52.068+0000] {dag.py:3834} INFO - Setting next_dagrun for example_skip_dag to 2025-06-02 00:00:00+00:00, run_after=2025-06-03 00:00:00+00:00
[2025-06-03T13:37:52.079+0000] {processor.py:183} INFO - Processing /home/airflow/.local/lib/python3.8/site-packages/airflow/example_dags/example_skip_dag.py took 0.039 seconds
[2025-06-03T13:38:23.035+0000] {processor.py:161} INFO - Started process (PID=2389) to work on /home/airflow/.local/lib/python3.8/site-packages/airflow/example_dags/example_skip_dag.py
[2025-06-03T13:38:23.035+0000] {processor.py:830} INFO - Processing file /home/airflow/.local/lib/python3.8/site-packages/airflow/example_dags/example_skip_dag.py for tasks to queue
[2025-06-03T13:38:23.036+0000] {logging_mixin.py:188} INFO - [2025-06-03T13:38:23.036+0000] {dagbag.py:540} INFO - Filling up the DagBag from /home/airflow/.local/lib/python3.8/site-packages/airflow/example_dags/example_skip_dag.py
[2025-06-03T13:38:23.039+0000] {processor.py:840} INFO - DAG(s) 'example_skip_dag' retrieved from /home/airflow/.local/lib/python3.8/site-packages/airflow/example_dags/example_skip_dag.py
[2025-06-03T13:38:23.054+0000] {logging_mixin.py:188} INFO - [2025-06-03T13:38:23.054+0000] {dag.py:3047} INFO - Sync 1 DAGs
[2025-06-03T13:38:23.065+0000] {logging_mixin.py:188} INFO - [2025-06-03T13:38:23.065+0000] {dag.py:3834} INFO - Setting next_dagrun for example_skip_dag to 2025-06-02 00:00:00+00:00, run_after=2025-06-03 00:00:00+00:00
[2025-06-03T13:38:23.081+0000] {processor.py:183} INFO - Processing /home/airflow/.local/lib/python3.8/site-packages/airflow/example_dags/example_skip_dag.py took 0.048 seconds
[2025-06-03T13:38:53.617+0000] {processor.py:161} INFO - Started process (PID=2444) to work on /home/airflow/.local/lib/python3.8/site-packages/airflow/example_dags/example_skip_dag.py
[2025-06-03T13:38:53.618+0000] {processor.py:830} INFO - Processing file /home/airflow/.local/lib/python3.8/site-packages/airflow/example_dags/example_skip_dag.py for tasks to queue
[2025-06-03T13:38:53.619+0000] {logging_mixin.py:188} INFO - [2025-06-03T13:38:53.619+0000] {dagbag.py:540} INFO - Filling up the DagBag from /home/airflow/.local/lib/python3.8/site-packages/airflow/example_dags/example_skip_dag.py
[2025-06-03T13:38:53.624+0000] {processor.py:840} INFO - DAG(s) 'example_skip_dag' retrieved from /home/airflow/.local/lib/python3.8/site-packages/airflow/example_dags/example_skip_dag.py
[2025-06-03T13:38:53.633+0000] {logging_mixin.py:188} INFO - [2025-06-03T13:38:53.633+0000] {dag.py:3047} INFO - Sync 1 DAGs
[2025-06-03T13:38:53.642+0000] {logging_mixin.py:188} INFO - [2025-06-03T13:38:53.642+0000] {dag.py:3834} INFO - Setting next_dagrun for example_skip_dag to 2025-06-02 00:00:00+00:00, run_after=2025-06-03 00:00:00+00:00
[2025-06-03T13:38:53.650+0000] {processor.py:183} INFO - Processing /home/airflow/.local/lib/python3.8/site-packages/airflow/example_dags/example_skip_dag.py took 0.034 seconds
[2025-06-03T13:39:24.657+0000] {processor.py:161} INFO - Started process (PID=2499) to work on /home/airflow/.local/lib/python3.8/site-packages/airflow/example_dags/example_skip_dag.py
[2025-06-03T13:39:24.658+0000] {processor.py:830} INFO - Processing file /home/airflow/.local/lib/python3.8/site-packages/airflow/example_dags/example_skip_dag.py for tasks to queue
[2025-06-03T13:39:24.659+0000] {logging_mixin.py:188} INFO - [2025-06-03T13:39:24.659+0000] {dagbag.py:540} INFO - Filling up the DagBag from /home/airflow/.local/lib/python3.8/site-packages/airflow/example_dags/example_skip_dag.py
[2025-06-03T13:39:24.663+0000] {processor.py:840} INFO - DAG(s) 'example_skip_dag' retrieved from /home/airflow/.local/lib/python3.8/site-packages/airflow/example_dags/example_skip_dag.py
[2025-06-03T13:39:24.673+0000] {logging_mixin.py:188} INFO - [2025-06-03T13:39:24.673+0000] {dag.py:3047} INFO - Sync 1 DAGs
[2025-06-03T13:39:24.686+0000] {logging_mixin.py:188} INFO - [2025-06-03T13:39:24.685+0000] {dag.py:3834} INFO - Setting next_dagrun for example_skip_dag to 2025-06-02 00:00:00+00:00, run_after=2025-06-03 00:00:00+00:00
[2025-06-03T13:39:24.699+0000] {processor.py:183} INFO - Processing /home/airflow/.local/lib/python3.8/site-packages/airflow/example_dags/example_skip_dag.py took 0.043 seconds
[2025-06-03T13:39:55.553+0000] {processor.py:161} INFO - Started process (PID=2554) to work on /home/airflow/.local/lib/python3.8/site-packages/airflow/example_dags/example_skip_dag.py
[2025-06-03T13:39:55.554+0000] {processor.py:830} INFO - Processing file /home/airflow/.local/lib/python3.8/site-packages/airflow/example_dags/example_skip_dag.py for tasks to queue
[2025-06-03T13:39:55.555+0000] {logging_mixin.py:188} INFO - [2025-06-03T13:39:55.555+0000] {dagbag.py:540} INFO - Filling up the DagBag from /home/airflow/.local/lib/python3.8/site-packages/airflow/example_dags/example_skip_dag.py
[2025-06-03T13:39:55.558+0000] {processor.py:840} INFO - DAG(s) 'example_skip_dag' retrieved from /home/airflow/.local/lib/python3.8/site-packages/airflow/example_dags/example_skip_dag.py
[2025-06-03T13:39:55.570+0000] {logging_mixin.py:188} INFO - [2025-06-03T13:39:55.570+0000] {dag.py:3047} INFO - Sync 1 DAGs
[2025-06-03T13:39:55.579+0000] {logging_mixin.py:188} INFO - [2025-06-03T13:39:55.579+0000] {dag.py:3834} INFO - Setting next_dagrun for example_skip_dag to 2025-06-02 00:00:00+00:00, run_after=2025-06-03 00:00:00+00:00
[2025-06-03T13:39:55.586+0000] {processor.py:183} INFO - Processing /home/airflow/.local/lib/python3.8/site-packages/airflow/example_dags/example_skip_dag.py took 0.034 seconds
[2025-06-03T13:40:26.437+0000] {processor.py:161} INFO - Started process (PID=2610) to work on /home/airflow/.local/lib/python3.8/site-packages/airflow/example_dags/example_skip_dag.py
[2025-06-03T13:40:26.440+0000] {processor.py:830} INFO - Processing file /home/airflow/.local/lib/python3.8/site-packages/airflow/example_dags/example_skip_dag.py for tasks to queue
[2025-06-03T13:40:26.441+0000] {logging_mixin.py:188} INFO - [2025-06-03T13:40:26.440+0000] {dagbag.py:540} INFO - Filling up the DagBag from /home/airflow/.local/lib/python3.8/site-packages/airflow/example_dags/example_skip_dag.py
[2025-06-03T13:40:26.444+0000] {processor.py:840} INFO - DAG(s) 'example_skip_dag' retrieved from /home/airflow/.local/lib/python3.8/site-packages/airflow/example_dags/example_skip_dag.py
[2025-06-03T13:40:26.454+0000] {logging_mixin.py:188} INFO - [2025-06-03T13:40:26.454+0000] {dag.py:3047} INFO - Sync 1 DAGs
[2025-06-03T13:40:26.482+0000] {logging_mixin.py:188} INFO - [2025-06-03T13:40:26.482+0000] {dag.py:3834} INFO - Setting next_dagrun for example_skip_dag to 2025-06-02 00:00:00+00:00, run_after=2025-06-03 00:00:00+00:00
[2025-06-03T13:40:26.492+0000] {processor.py:183} INFO - Processing /home/airflow/.local/lib/python3.8/site-packages/airflow/example_dags/example_skip_dag.py took 0.057 seconds
