[2025-06-03T13:16:57.760+0000] {processor.py:161} INFO - Started process (PID=51) to work on /home/airflow/.local/lib/python3.8/site-packages/airflow/example_dags/example_bash_operator.py
[2025-06-03T13:16:57.762+0000] {processor.py:830} INFO - Processing file /home/airflow/.local/lib/python3.8/site-packages/airflow/example_dags/example_bash_operator.py for tasks to queue
[2025-06-03T13:16:57.764+0000] {logging_mixin.py:188} INFO - [2025-06-03T13:16:57.764+0000] {dagbag.py:540} INFO - Filling up the DagBag from /home/airflow/.local/lib/python3.8/site-packages/airflow/example_dags/example_bash_operator.py
[2025-06-03T13:16:57.785+0000] {processor.py:840} INFO - DAG(s) 'example_bash_operator' retrieved from /home/airflow/.local/lib/python3.8/site-packages/airflow/example_dags/example_bash_operator.py
[2025-06-03T13:16:57.806+0000] {logging_mixin.py:188} INFO - [2025-06-03T13:16:57.806+0000] {dag.py:3047} INFO - Sync 1 DAGs
[2025-06-03T13:16:57.831+0000] {logging_mixin.py:188} INFO - [2025-06-03T13:16:57.830+0000] {dag.py:3834} INFO - Setting next_dagrun for example_bash_operator to 2025-06-02 00:00:00+00:00, run_after=2025-06-03 00:00:00+00:00
[2025-06-03T13:16:57.857+0000] {processor.py:183} INFO - Processing /home/airflow/.local/lib/python3.8/site-packages/airflow/example_dags/example_bash_operator.py took 0.102 seconds
[2025-06-03T13:17:28.074+0000] {processor.py:161} INFO - Started process (PID=106) to work on /home/airflow/.local/lib/python3.8/site-packages/airflow/example_dags/example_bash_operator.py
[2025-06-03T13:17:28.074+0000] {processor.py:830} INFO - Processing file /home/airflow/.local/lib/python3.8/site-packages/airflow/example_dags/example_bash_operator.py for tasks to queue
[2025-06-03T13:17:28.075+0000] {logging_mixin.py:188} INFO - [2025-06-03T13:17:28.075+0000] {dagbag.py:540} INFO - Filling up the DagBag from /home/airflow/.local/lib/python3.8/site-packages/airflow/example_dags/example_bash_operator.py
[2025-06-03T13:17:28.081+0000] {processor.py:840} INFO - DAG(s) 'example_bash_operator' retrieved from /home/airflow/.local/lib/python3.8/site-packages/airflow/example_dags/example_bash_operator.py
[2025-06-03T13:17:28.124+0000] {logging_mixin.py:188} INFO - [2025-06-03T13:17:28.124+0000] {dag.py:3047} INFO - Sync 1 DAGs
[2025-06-03T13:17:28.134+0000] {logging_mixin.py:188} INFO - [2025-06-03T13:17:28.134+0000] {dag.py:3834} INFO - Setting next_dagrun for example_bash_operator to 2025-06-02 00:00:00+00:00, run_after=2025-06-03 00:00:00+00:00
[2025-06-03T13:17:28.141+0000] {processor.py:183} INFO - Processing /home/airflow/.local/lib/python3.8/site-packages/airflow/example_dags/example_bash_operator.py took 0.069 seconds
[2025-06-03T13:17:58.211+0000] {processor.py:161} INFO - Started process (PID=161) to work on /home/airflow/.local/lib/python3.8/site-packages/airflow/example_dags/example_bash_operator.py
[2025-06-03T13:17:58.214+0000] {processor.py:830} INFO - Processing file /home/airflow/.local/lib/python3.8/site-packages/airflow/example_dags/example_bash_operator.py for tasks to queue
[2025-06-03T13:17:58.214+0000] {logging_mixin.py:188} INFO - [2025-06-03T13:17:58.214+0000] {dagbag.py:540} INFO - Filling up the DagBag from /home/airflow/.local/lib/python3.8/site-packages/airflow/example_dags/example_bash_operator.py
[2025-06-03T13:17:58.220+0000] {processor.py:840} INFO - DAG(s) 'example_bash_operator' retrieved from /home/airflow/.local/lib/python3.8/site-packages/airflow/example_dags/example_bash_operator.py
[2025-06-03T13:17:58.231+0000] {logging_mixin.py:188} INFO - [2025-06-03T13:17:58.231+0000] {dag.py:3047} INFO - Sync 1 DAGs
[2025-06-03T13:17:58.240+0000] {logging_mixin.py:188} INFO - [2025-06-03T13:17:58.239+0000] {dag.py:3834} INFO - Setting next_dagrun for example_bash_operator to 2025-06-02 00:00:00+00:00, run_after=2025-06-03 00:00:00+00:00
[2025-06-03T13:17:58.246+0000] {processor.py:183} INFO - Processing /home/airflow/.local/lib/python3.8/site-packages/airflow/example_dags/example_bash_operator.py took 0.037 seconds
[2025-06-03T13:18:28.746+0000] {processor.py:161} INFO - Started process (PID=216) to work on /home/airflow/.local/lib/python3.8/site-packages/airflow/example_dags/example_bash_operator.py
[2025-06-03T13:18:28.747+0000] {processor.py:830} INFO - Processing file /home/airflow/.local/lib/python3.8/site-packages/airflow/example_dags/example_bash_operator.py for tasks to queue
[2025-06-03T13:18:28.748+0000] {logging_mixin.py:188} INFO - [2025-06-03T13:18:28.748+0000] {dagbag.py:540} INFO - Filling up the DagBag from /home/airflow/.local/lib/python3.8/site-packages/airflow/example_dags/example_bash_operator.py
[2025-06-03T13:18:28.753+0000] {processor.py:840} INFO - DAG(s) 'example_bash_operator' retrieved from /home/airflow/.local/lib/python3.8/site-packages/airflow/example_dags/example_bash_operator.py
[2025-06-03T13:18:28.765+0000] {logging_mixin.py:188} INFO - [2025-06-03T13:18:28.765+0000] {dag.py:3047} INFO - Sync 1 DAGs
[2025-06-03T13:18:28.775+0000] {logging_mixin.py:188} INFO - [2025-06-03T13:18:28.775+0000] {dag.py:3834} INFO - Setting next_dagrun for example_bash_operator to 2025-06-02 00:00:00+00:00, run_after=2025-06-03 00:00:00+00:00
[2025-06-03T13:18:28.781+0000] {processor.py:183} INFO - Processing /home/airflow/.local/lib/python3.8/site-packages/airflow/example_dags/example_bash_operator.py took 0.036 seconds
[2025-06-03T13:18:59.410+0000] {processor.py:161} INFO - Started process (PID=277) to work on /home/airflow/.local/lib/python3.8/site-packages/airflow/example_dags/example_bash_operator.py
[2025-06-03T13:18:59.411+0000] {processor.py:830} INFO - Processing file /home/airflow/.local/lib/python3.8/site-packages/airflow/example_dags/example_bash_operator.py for tasks to queue
[2025-06-03T13:18:59.411+0000] {logging_mixin.py:188} INFO - [2025-06-03T13:18:59.411+0000] {dagbag.py:540} INFO - Filling up the DagBag from /home/airflow/.local/lib/python3.8/site-packages/airflow/example_dags/example_bash_operator.py
[2025-06-03T13:18:59.416+0000] {processor.py:840} INFO - DAG(s) 'example_bash_operator' retrieved from /home/airflow/.local/lib/python3.8/site-packages/airflow/example_dags/example_bash_operator.py
[2025-06-03T13:18:59.431+0000] {logging_mixin.py:188} INFO - [2025-06-03T13:18:59.430+0000] {dag.py:3047} INFO - Sync 1 DAGs
[2025-06-03T13:18:59.440+0000] {logging_mixin.py:188} INFO - [2025-06-03T13:18:59.440+0000] {dag.py:3834} INFO - Setting next_dagrun for example_bash_operator to 2025-06-02 00:00:00+00:00, run_after=2025-06-03 00:00:00+00:00
[2025-06-03T13:18:59.452+0000] {processor.py:183} INFO - Processing /home/airflow/.local/lib/python3.8/site-packages/airflow/example_dags/example_bash_operator.py took 0.043 seconds
[2025-06-03T13:19:29.999+0000] {processor.py:161} INFO - Started process (PID=332) to work on /home/airflow/.local/lib/python3.8/site-packages/airflow/example_dags/example_bash_operator.py
[2025-06-03T13:19:30.000+0000] {processor.py:830} INFO - Processing file /home/airflow/.local/lib/python3.8/site-packages/airflow/example_dags/example_bash_operator.py for tasks to queue
[2025-06-03T13:19:30.001+0000] {logging_mixin.py:188} INFO - [2025-06-03T13:19:30.001+0000] {dagbag.py:540} INFO - Filling up the DagBag from /home/airflow/.local/lib/python3.8/site-packages/airflow/example_dags/example_bash_operator.py
[2025-06-03T13:19:30.006+0000] {processor.py:840} INFO - DAG(s) 'example_bash_operator' retrieved from /home/airflow/.local/lib/python3.8/site-packages/airflow/example_dags/example_bash_operator.py
[2025-06-03T13:19:30.017+0000] {logging_mixin.py:188} INFO - [2025-06-03T13:19:30.017+0000] {dag.py:3047} INFO - Sync 1 DAGs
[2025-06-03T13:19:30.029+0000] {logging_mixin.py:188} INFO - [2025-06-03T13:19:30.029+0000] {dag.py:3834} INFO - Setting next_dagrun for example_bash_operator to 2025-06-02 00:00:00+00:00, run_after=2025-06-03 00:00:00+00:00
[2025-06-03T13:19:30.042+0000] {processor.py:183} INFO - Processing /home/airflow/.local/lib/python3.8/site-packages/airflow/example_dags/example_bash_operator.py took 0.044 seconds
[2025-06-03T13:20:00.579+0000] {processor.py:161} INFO - Started process (PID=387) to work on /home/airflow/.local/lib/python3.8/site-packages/airflow/example_dags/example_bash_operator.py
[2025-06-03T13:20:00.580+0000] {processor.py:830} INFO - Processing file /home/airflow/.local/lib/python3.8/site-packages/airflow/example_dags/example_bash_operator.py for tasks to queue
[2025-06-03T13:20:00.580+0000] {logging_mixin.py:188} INFO - [2025-06-03T13:20:00.580+0000] {dagbag.py:540} INFO - Filling up the DagBag from /home/airflow/.local/lib/python3.8/site-packages/airflow/example_dags/example_bash_operator.py
[2025-06-03T13:20:00.585+0000] {processor.py:840} INFO - DAG(s) 'example_bash_operator' retrieved from /home/airflow/.local/lib/python3.8/site-packages/airflow/example_dags/example_bash_operator.py
[2025-06-03T13:20:00.600+0000] {logging_mixin.py:188} INFO - [2025-06-03T13:20:00.600+0000] {dag.py:3047} INFO - Sync 1 DAGs
[2025-06-03T13:20:00.611+0000] {logging_mixin.py:188} INFO - [2025-06-03T13:20:00.611+0000] {dag.py:3834} INFO - Setting next_dagrun for example_bash_operator to 2025-06-02 00:00:00+00:00, run_after=2025-06-03 00:00:00+00:00
[2025-06-03T13:20:00.618+0000] {processor.py:183} INFO - Processing /home/airflow/.local/lib/python3.8/site-packages/airflow/example_dags/example_bash_operator.py took 0.041 seconds
[2025-06-03T13:20:31.381+0000] {processor.py:161} INFO - Started process (PID=442) to work on /home/airflow/.local/lib/python3.8/site-packages/airflow/example_dags/example_bash_operator.py
[2025-06-03T13:20:31.382+0000] {processor.py:830} INFO - Processing file /home/airflow/.local/lib/python3.8/site-packages/airflow/example_dags/example_bash_operator.py for tasks to queue
[2025-06-03T13:20:31.383+0000] {logging_mixin.py:188} INFO - [2025-06-03T13:20:31.383+0000] {dagbag.py:540} INFO - Filling up the DagBag from /home/airflow/.local/lib/python3.8/site-packages/airflow/example_dags/example_bash_operator.py
[2025-06-03T13:20:31.388+0000] {processor.py:840} INFO - DAG(s) 'example_bash_operator' retrieved from /home/airflow/.local/lib/python3.8/site-packages/airflow/example_dags/example_bash_operator.py
[2025-06-03T13:20:31.400+0000] {logging_mixin.py:188} INFO - [2025-06-03T13:20:31.400+0000] {dag.py:3047} INFO - Sync 1 DAGs
[2025-06-03T13:20:31.408+0000] {logging_mixin.py:188} INFO - [2025-06-03T13:20:31.408+0000] {dag.py:3834} INFO - Setting next_dagrun for example_bash_operator to 2025-06-02 00:00:00+00:00, run_after=2025-06-03 00:00:00+00:00
[2025-06-03T13:20:31.414+0000] {processor.py:183} INFO - Processing /home/airflow/.local/lib/python3.8/site-packages/airflow/example_dags/example_bash_operator.py took 0.035 seconds
[2025-06-03T13:21:02.135+0000] {processor.py:161} INFO - Started process (PID=497) to work on /home/airflow/.local/lib/python3.8/site-packages/airflow/example_dags/example_bash_operator.py
[2025-06-03T13:21:02.135+0000] {processor.py:830} INFO - Processing file /home/airflow/.local/lib/python3.8/site-packages/airflow/example_dags/example_bash_operator.py for tasks to queue
[2025-06-03T13:21:02.136+0000] {logging_mixin.py:188} INFO - [2025-06-03T13:21:02.136+0000] {dagbag.py:540} INFO - Filling up the DagBag from /home/airflow/.local/lib/python3.8/site-packages/airflow/example_dags/example_bash_operator.py
[2025-06-03T13:21:02.141+0000] {processor.py:840} INFO - DAG(s) 'example_bash_operator' retrieved from /home/airflow/.local/lib/python3.8/site-packages/airflow/example_dags/example_bash_operator.py
[2025-06-03T13:21:02.153+0000] {logging_mixin.py:188} INFO - [2025-06-03T13:21:02.153+0000] {dag.py:3047} INFO - Sync 1 DAGs
[2025-06-03T13:21:02.163+0000] {logging_mixin.py:188} INFO - [2025-06-03T13:21:02.162+0000] {dag.py:3834} INFO - Setting next_dagrun for example_bash_operator to 2025-06-02 00:00:00+00:00, run_after=2025-06-03 00:00:00+00:00
[2025-06-03T13:21:02.169+0000] {processor.py:183} INFO - Processing /home/airflow/.local/lib/python3.8/site-packages/airflow/example_dags/example_bash_operator.py took 0.036 seconds
[2025-06-03T13:21:32.997+0000] {processor.py:161} INFO - Started process (PID=552) to work on /home/airflow/.local/lib/python3.8/site-packages/airflow/example_dags/example_bash_operator.py
[2025-06-03T13:21:33.000+0000] {processor.py:830} INFO - Processing file /home/airflow/.local/lib/python3.8/site-packages/airflow/example_dags/example_bash_operator.py for tasks to queue
[2025-06-03T13:21:33.001+0000] {logging_mixin.py:188} INFO - [2025-06-03T13:21:33.001+0000] {dagbag.py:540} INFO - Filling up the DagBag from /home/airflow/.local/lib/python3.8/site-packages/airflow/example_dags/example_bash_operator.py
[2025-06-03T13:21:33.005+0000] {processor.py:840} INFO - DAG(s) 'example_bash_operator' retrieved from /home/airflow/.local/lib/python3.8/site-packages/airflow/example_dags/example_bash_operator.py
[2025-06-03T13:21:33.017+0000] {logging_mixin.py:188} INFO - [2025-06-03T13:21:33.016+0000] {dag.py:3047} INFO - Sync 1 DAGs
[2025-06-03T13:21:33.026+0000] {logging_mixin.py:188} INFO - [2025-06-03T13:21:33.026+0000] {dag.py:3834} INFO - Setting next_dagrun for example_bash_operator to 2025-06-02 00:00:00+00:00, run_after=2025-06-03 00:00:00+00:00
[2025-06-03T13:21:33.034+0000] {processor.py:183} INFO - Processing /home/airflow/.local/lib/python3.8/site-packages/airflow/example_dags/example_bash_operator.py took 0.038 seconds
[2025-06-03T13:22:03.954+0000] {processor.py:161} INFO - Started process (PID=607) to work on /home/airflow/.local/lib/python3.8/site-packages/airflow/example_dags/example_bash_operator.py
[2025-06-03T13:22:03.956+0000] {processor.py:830} INFO - Processing file /home/airflow/.local/lib/python3.8/site-packages/airflow/example_dags/example_bash_operator.py for tasks to queue
[2025-06-03T13:22:03.956+0000] {logging_mixin.py:188} INFO - [2025-06-03T13:22:03.956+0000] {dagbag.py:540} INFO - Filling up the DagBag from /home/airflow/.local/lib/python3.8/site-packages/airflow/example_dags/example_bash_operator.py
[2025-06-03T13:22:03.962+0000] {processor.py:840} INFO - DAG(s) 'example_bash_operator' retrieved from /home/airflow/.local/lib/python3.8/site-packages/airflow/example_dags/example_bash_operator.py
[2025-06-03T13:22:03.974+0000] {logging_mixin.py:188} INFO - [2025-06-03T13:22:03.974+0000] {dag.py:3047} INFO - Sync 1 DAGs
[2025-06-03T13:22:03.982+0000] {logging_mixin.py:188} INFO - [2025-06-03T13:22:03.982+0000] {dag.py:3834} INFO - Setting next_dagrun for example_bash_operator to 2025-06-02 00:00:00+00:00, run_after=2025-06-03 00:00:00+00:00
[2025-06-03T13:22:03.989+0000] {processor.py:183} INFO - Processing /home/airflow/.local/lib/python3.8/site-packages/airflow/example_dags/example_bash_operator.py took 0.037 seconds
[2025-06-03T13:22:34.942+0000] {processor.py:161} INFO - Started process (PID=662) to work on /home/airflow/.local/lib/python3.8/site-packages/airflow/example_dags/example_bash_operator.py
[2025-06-03T13:22:34.943+0000] {processor.py:830} INFO - Processing file /home/airflow/.local/lib/python3.8/site-packages/airflow/example_dags/example_bash_operator.py for tasks to queue
[2025-06-03T13:22:34.945+0000] {logging_mixin.py:188} INFO - [2025-06-03T13:22:34.945+0000] {dagbag.py:540} INFO - Filling up the DagBag from /home/airflow/.local/lib/python3.8/site-packages/airflow/example_dags/example_bash_operator.py
[2025-06-03T13:22:34.950+0000] {processor.py:840} INFO - DAG(s) 'example_bash_operator' retrieved from /home/airflow/.local/lib/python3.8/site-packages/airflow/example_dags/example_bash_operator.py
[2025-06-03T13:22:34.961+0000] {logging_mixin.py:188} INFO - [2025-06-03T13:22:34.961+0000] {dag.py:3047} INFO - Sync 1 DAGs
[2025-06-03T13:22:34.972+0000] {logging_mixin.py:188} INFO - [2025-06-03T13:22:34.972+0000] {dag.py:3834} INFO - Setting next_dagrun for example_bash_operator to 2025-06-02 00:00:00+00:00, run_after=2025-06-03 00:00:00+00:00
[2025-06-03T13:22:34.978+0000] {processor.py:183} INFO - Processing /home/airflow/.local/lib/python3.8/site-packages/airflow/example_dags/example_bash_operator.py took 0.037 seconds
[2025-06-03T13:23:05.740+0000] {processor.py:161} INFO - Started process (PID=717) to work on /home/airflow/.local/lib/python3.8/site-packages/airflow/example_dags/example_bash_operator.py
[2025-06-03T13:23:05.743+0000] {processor.py:830} INFO - Processing file /home/airflow/.local/lib/python3.8/site-packages/airflow/example_dags/example_bash_operator.py for tasks to queue
[2025-06-03T13:23:05.744+0000] {logging_mixin.py:188} INFO - [2025-06-03T13:23:05.744+0000] {dagbag.py:540} INFO - Filling up the DagBag from /home/airflow/.local/lib/python3.8/site-packages/airflow/example_dags/example_bash_operator.py
[2025-06-03T13:23:05.749+0000] {processor.py:840} INFO - DAG(s) 'example_bash_operator' retrieved from /home/airflow/.local/lib/python3.8/site-packages/airflow/example_dags/example_bash_operator.py
[2025-06-03T13:23:05.759+0000] {logging_mixin.py:188} INFO - [2025-06-03T13:23:05.759+0000] {dag.py:3047} INFO - Sync 1 DAGs
[2025-06-03T13:23:05.770+0000] {logging_mixin.py:188} INFO - [2025-06-03T13:23:05.770+0000] {dag.py:3834} INFO - Setting next_dagrun for example_bash_operator to 2025-06-02 00:00:00+00:00, run_after=2025-06-03 00:00:00+00:00
[2025-06-03T13:23:05.779+0000] {processor.py:183} INFO - Processing /home/airflow/.local/lib/python3.8/site-packages/airflow/example_dags/example_bash_operator.py took 0.040 seconds
[2025-06-03T13:23:36.737+0000] {processor.py:161} INFO - Started process (PID=772) to work on /home/airflow/.local/lib/python3.8/site-packages/airflow/example_dags/example_bash_operator.py
[2025-06-03T13:23:36.737+0000] {processor.py:830} INFO - Processing file /home/airflow/.local/lib/python3.8/site-packages/airflow/example_dags/example_bash_operator.py for tasks to queue
[2025-06-03T13:23:36.738+0000] {logging_mixin.py:188} INFO - [2025-06-03T13:23:36.738+0000] {dagbag.py:540} INFO - Filling up the DagBag from /home/airflow/.local/lib/python3.8/site-packages/airflow/example_dags/example_bash_operator.py
[2025-06-03T13:23:36.742+0000] {processor.py:840} INFO - DAG(s) 'example_bash_operator' retrieved from /home/airflow/.local/lib/python3.8/site-packages/airflow/example_dags/example_bash_operator.py
[2025-06-03T13:23:36.753+0000] {logging_mixin.py:188} INFO - [2025-06-03T13:23:36.753+0000] {dag.py:3047} INFO - Sync 1 DAGs
[2025-06-03T13:23:36.762+0000] {logging_mixin.py:188} INFO - [2025-06-03T13:23:36.762+0000] {dag.py:3834} INFO - Setting next_dagrun for example_bash_operator to 2025-06-02 00:00:00+00:00, run_after=2025-06-03 00:00:00+00:00
[2025-06-03T13:23:36.772+0000] {processor.py:183} INFO - Processing /home/airflow/.local/lib/python3.8/site-packages/airflow/example_dags/example_bash_operator.py took 0.037 seconds
[2025-06-03T13:24:07.032+0000] {processor.py:161} INFO - Started process (PID=827) to work on /home/airflow/.local/lib/python3.8/site-packages/airflow/example_dags/example_bash_operator.py
[2025-06-03T13:24:07.033+0000] {processor.py:830} INFO - Processing file /home/airflow/.local/lib/python3.8/site-packages/airflow/example_dags/example_bash_operator.py for tasks to queue
[2025-06-03T13:24:07.034+0000] {logging_mixin.py:188} INFO - [2025-06-03T13:24:07.034+0000] {dagbag.py:540} INFO - Filling up the DagBag from /home/airflow/.local/lib/python3.8/site-packages/airflow/example_dags/example_bash_operator.py
[2025-06-03T13:24:07.042+0000] {processor.py:840} INFO - DAG(s) 'example_bash_operator' retrieved from /home/airflow/.local/lib/python3.8/site-packages/airflow/example_dags/example_bash_operator.py
[2025-06-03T13:24:07.063+0000] {logging_mixin.py:188} INFO - [2025-06-03T13:24:07.063+0000] {dag.py:3047} INFO - Sync 1 DAGs
[2025-06-03T13:24:07.075+0000] {logging_mixin.py:188} INFO - [2025-06-03T13:24:07.075+0000] {dag.py:3834} INFO - Setting next_dagrun for example_bash_operator to 2025-06-02 00:00:00+00:00, run_after=2025-06-03 00:00:00+00:00
[2025-06-03T13:24:07.085+0000] {processor.py:183} INFO - Processing /home/airflow/.local/lib/python3.8/site-packages/airflow/example_dags/example_bash_operator.py took 0.056 seconds
[2025-06-03T13:24:37.953+0000] {processor.py:161} INFO - Started process (PID=882) to work on /home/airflow/.local/lib/python3.8/site-packages/airflow/example_dags/example_bash_operator.py
[2025-06-03T13:24:37.953+0000] {processor.py:830} INFO - Processing file /home/airflow/.local/lib/python3.8/site-packages/airflow/example_dags/example_bash_operator.py for tasks to queue
[2025-06-03T13:24:37.954+0000] {logging_mixin.py:188} INFO - [2025-06-03T13:24:37.954+0000] {dagbag.py:540} INFO - Filling up the DagBag from /home/airflow/.local/lib/python3.8/site-packages/airflow/example_dags/example_bash_operator.py
[2025-06-03T13:24:37.959+0000] {processor.py:840} INFO - DAG(s) 'example_bash_operator' retrieved from /home/airflow/.local/lib/python3.8/site-packages/airflow/example_dags/example_bash_operator.py
[2025-06-03T13:24:37.970+0000] {logging_mixin.py:188} INFO - [2025-06-03T13:24:37.970+0000] {dag.py:3047} INFO - Sync 1 DAGs
[2025-06-03T13:24:37.978+0000] {logging_mixin.py:188} INFO - [2025-06-03T13:24:37.978+0000] {dag.py:3834} INFO - Setting next_dagrun for example_bash_operator to 2025-06-02 00:00:00+00:00, run_after=2025-06-03 00:00:00+00:00
[2025-06-03T13:24:37.984+0000] {processor.py:183} INFO - Processing /home/airflow/.local/lib/python3.8/site-packages/airflow/example_dags/example_bash_operator.py took 0.033 seconds
[2025-06-03T13:25:08.483+0000] {processor.py:161} INFO - Started process (PID=937) to work on /home/airflow/.local/lib/python3.8/site-packages/airflow/example_dags/example_bash_operator.py
[2025-06-03T13:25:08.485+0000] {processor.py:830} INFO - Processing file /home/airflow/.local/lib/python3.8/site-packages/airflow/example_dags/example_bash_operator.py for tasks to queue
[2025-06-03T13:25:08.485+0000] {logging_mixin.py:188} INFO - [2025-06-03T13:25:08.485+0000] {dagbag.py:540} INFO - Filling up the DagBag from /home/airflow/.local/lib/python3.8/site-packages/airflow/example_dags/example_bash_operator.py
[2025-06-03T13:25:08.490+0000] {processor.py:840} INFO - DAG(s) 'example_bash_operator' retrieved from /home/airflow/.local/lib/python3.8/site-packages/airflow/example_dags/example_bash_operator.py
[2025-06-03T13:25:08.505+0000] {logging_mixin.py:188} INFO - [2025-06-03T13:25:08.505+0000] {dag.py:3047} INFO - Sync 1 DAGs
[2025-06-03T13:25:08.519+0000] {logging_mixin.py:188} INFO - [2025-06-03T13:25:08.518+0000] {dag.py:3834} INFO - Setting next_dagrun for example_bash_operator to 2025-06-02 00:00:00+00:00, run_after=2025-06-03 00:00:00+00:00
[2025-06-03T13:25:08.527+0000] {processor.py:183} INFO - Processing /home/airflow/.local/lib/python3.8/site-packages/airflow/example_dags/example_bash_operator.py took 0.045 seconds
[2025-06-03T13:25:39.033+0000] {processor.py:161} INFO - Started process (PID=992) to work on /home/airflow/.local/lib/python3.8/site-packages/airflow/example_dags/example_bash_operator.py
[2025-06-03T13:25:39.033+0000] {processor.py:830} INFO - Processing file /home/airflow/.local/lib/python3.8/site-packages/airflow/example_dags/example_bash_operator.py for tasks to queue
[2025-06-03T13:25:39.036+0000] {logging_mixin.py:188} INFO - [2025-06-03T13:25:39.036+0000] {dagbag.py:540} INFO - Filling up the DagBag from /home/airflow/.local/lib/python3.8/site-packages/airflow/example_dags/example_bash_operator.py
[2025-06-03T13:25:39.042+0000] {processor.py:840} INFO - DAG(s) 'example_bash_operator' retrieved from /home/airflow/.local/lib/python3.8/site-packages/airflow/example_dags/example_bash_operator.py
[2025-06-03T13:25:39.055+0000] {logging_mixin.py:188} INFO - [2025-06-03T13:25:39.055+0000] {dag.py:3047} INFO - Sync 1 DAGs
[2025-06-03T13:25:39.065+0000] {logging_mixin.py:188} INFO - [2025-06-03T13:25:39.065+0000] {dag.py:3834} INFO - Setting next_dagrun for example_bash_operator to 2025-06-02 00:00:00+00:00, run_after=2025-06-03 00:00:00+00:00
[2025-06-03T13:25:39.072+0000] {processor.py:183} INFO - Processing /home/airflow/.local/lib/python3.8/site-packages/airflow/example_dags/example_bash_operator.py took 0.041 seconds
[2025-06-03T13:26:09.131+0000] {processor.py:161} INFO - Started process (PID=1047) to work on /home/airflow/.local/lib/python3.8/site-packages/airflow/example_dags/example_bash_operator.py
[2025-06-03T13:26:09.133+0000] {processor.py:830} INFO - Processing file /home/airflow/.local/lib/python3.8/site-packages/airflow/example_dags/example_bash_operator.py for tasks to queue
[2025-06-03T13:26:09.133+0000] {logging_mixin.py:188} INFO - [2025-06-03T13:26:09.133+0000] {dagbag.py:540} INFO - Filling up the DagBag from /home/airflow/.local/lib/python3.8/site-packages/airflow/example_dags/example_bash_operator.py
[2025-06-03T13:26:09.138+0000] {processor.py:840} INFO - DAG(s) 'example_bash_operator' retrieved from /home/airflow/.local/lib/python3.8/site-packages/airflow/example_dags/example_bash_operator.py
[2025-06-03T13:26:09.153+0000] {logging_mixin.py:188} INFO - [2025-06-03T13:26:09.153+0000] {dag.py:3047} INFO - Sync 1 DAGs
[2025-06-03T13:26:09.161+0000] {logging_mixin.py:188} INFO - [2025-06-03T13:26:09.161+0000] {dag.py:3834} INFO - Setting next_dagrun for example_bash_operator to 2025-06-02 00:00:00+00:00, run_after=2025-06-03 00:00:00+00:00
[2025-06-03T13:26:09.169+0000] {processor.py:183} INFO - Processing /home/airflow/.local/lib/python3.8/site-packages/airflow/example_dags/example_bash_operator.py took 0.039 seconds
[2025-06-03T13:26:39.503+0000] {processor.py:161} INFO - Started process (PID=1102) to work on /home/airflow/.local/lib/python3.8/site-packages/airflow/example_dags/example_bash_operator.py
[2025-06-03T13:26:39.506+0000] {processor.py:830} INFO - Processing file /home/airflow/.local/lib/python3.8/site-packages/airflow/example_dags/example_bash_operator.py for tasks to queue
[2025-06-03T13:26:39.509+0000] {logging_mixin.py:188} INFO - [2025-06-03T13:26:39.509+0000] {dagbag.py:540} INFO - Filling up the DagBag from /home/airflow/.local/lib/python3.8/site-packages/airflow/example_dags/example_bash_operator.py
[2025-06-03T13:26:39.514+0000] {processor.py:840} INFO - DAG(s) 'example_bash_operator' retrieved from /home/airflow/.local/lib/python3.8/site-packages/airflow/example_dags/example_bash_operator.py
[2025-06-03T13:26:39.527+0000] {logging_mixin.py:188} INFO - [2025-06-03T13:26:39.526+0000] {dag.py:3047} INFO - Sync 1 DAGs
[2025-06-03T13:26:39.537+0000] {logging_mixin.py:188} INFO - [2025-06-03T13:26:39.537+0000] {dag.py:3834} INFO - Setting next_dagrun for example_bash_operator to 2025-06-02 00:00:00+00:00, run_after=2025-06-03 00:00:00+00:00
[2025-06-03T13:26:39.544+0000] {processor.py:183} INFO - Processing /home/airflow/.local/lib/python3.8/site-packages/airflow/example_dags/example_bash_operator.py took 0.042 seconds
[2025-06-03T13:27:10.199+0000] {processor.py:161} INFO - Started process (PID=1157) to work on /home/airflow/.local/lib/python3.8/site-packages/airflow/example_dags/example_bash_operator.py
[2025-06-03T13:27:10.202+0000] {processor.py:830} INFO - Processing file /home/airflow/.local/lib/python3.8/site-packages/airflow/example_dags/example_bash_operator.py for tasks to queue
[2025-06-03T13:27:10.203+0000] {logging_mixin.py:188} INFO - [2025-06-03T13:27:10.203+0000] {dagbag.py:540} INFO - Filling up the DagBag from /home/airflow/.local/lib/python3.8/site-packages/airflow/example_dags/example_bash_operator.py
[2025-06-03T13:27:10.208+0000] {processor.py:840} INFO - DAG(s) 'example_bash_operator' retrieved from /home/airflow/.local/lib/python3.8/site-packages/airflow/example_dags/example_bash_operator.py
[2025-06-03T13:27:10.219+0000] {logging_mixin.py:188} INFO - [2025-06-03T13:27:10.219+0000] {dag.py:3047} INFO - Sync 1 DAGs
[2025-06-03T13:27:10.229+0000] {logging_mixin.py:188} INFO - [2025-06-03T13:27:10.228+0000] {dag.py:3834} INFO - Setting next_dagrun for example_bash_operator to 2025-06-02 00:00:00+00:00, run_after=2025-06-03 00:00:00+00:00
[2025-06-03T13:27:10.237+0000] {processor.py:183} INFO - Processing /home/airflow/.local/lib/python3.8/site-packages/airflow/example_dags/example_bash_operator.py took 0.040 seconds
[2025-06-03T13:27:40.783+0000] {processor.py:161} INFO - Started process (PID=1212) to work on /home/airflow/.local/lib/python3.8/site-packages/airflow/example_dags/example_bash_operator.py
[2025-06-03T13:27:40.783+0000] {processor.py:830} INFO - Processing file /home/airflow/.local/lib/python3.8/site-packages/airflow/example_dags/example_bash_operator.py for tasks to queue
[2025-06-03T13:27:40.784+0000] {logging_mixin.py:188} INFO - [2025-06-03T13:27:40.784+0000] {dagbag.py:540} INFO - Filling up the DagBag from /home/airflow/.local/lib/python3.8/site-packages/airflow/example_dags/example_bash_operator.py
[2025-06-03T13:27:40.789+0000] {processor.py:840} INFO - DAG(s) 'example_bash_operator' retrieved from /home/airflow/.local/lib/python3.8/site-packages/airflow/example_dags/example_bash_operator.py
[2025-06-03T13:27:40.800+0000] {logging_mixin.py:188} INFO - [2025-06-03T13:27:40.800+0000] {dag.py:3047} INFO - Sync 1 DAGs
[2025-06-03T13:27:40.809+0000] {logging_mixin.py:188} INFO - [2025-06-03T13:27:40.808+0000] {dag.py:3834} INFO - Setting next_dagrun for example_bash_operator to 2025-06-02 00:00:00+00:00, run_after=2025-06-03 00:00:00+00:00
[2025-06-03T13:27:40.815+0000] {processor.py:183} INFO - Processing /home/airflow/.local/lib/python3.8/site-packages/airflow/example_dags/example_bash_operator.py took 0.034 seconds
[2025-06-03T13:28:11.335+0000] {processor.py:161} INFO - Started process (PID=1267) to work on /home/airflow/.local/lib/python3.8/site-packages/airflow/example_dags/example_bash_operator.py
[2025-06-03T13:28:11.338+0000] {processor.py:830} INFO - Processing file /home/airflow/.local/lib/python3.8/site-packages/airflow/example_dags/example_bash_operator.py for tasks to queue
[2025-06-03T13:28:11.339+0000] {logging_mixin.py:188} INFO - [2025-06-03T13:28:11.339+0000] {dagbag.py:540} INFO - Filling up the DagBag from /home/airflow/.local/lib/python3.8/site-packages/airflow/example_dags/example_bash_operator.py
[2025-06-03T13:28:11.344+0000] {processor.py:840} INFO - DAG(s) 'example_bash_operator' retrieved from /home/airflow/.local/lib/python3.8/site-packages/airflow/example_dags/example_bash_operator.py
[2025-06-03T13:28:11.356+0000] {logging_mixin.py:188} INFO - [2025-06-03T13:28:11.356+0000] {dag.py:3047} INFO - Sync 1 DAGs
[2025-06-03T13:28:11.369+0000] {logging_mixin.py:188} INFO - [2025-06-03T13:28:11.368+0000] {dag.py:3834} INFO - Setting next_dagrun for example_bash_operator to 2025-06-02 00:00:00+00:00, run_after=2025-06-03 00:00:00+00:00
[2025-06-03T13:28:11.376+0000] {processor.py:183} INFO - Processing /home/airflow/.local/lib/python3.8/site-packages/airflow/example_dags/example_bash_operator.py took 0.042 seconds
[2025-06-03T13:28:42.422+0000] {processor.py:161} INFO - Started process (PID=1322) to work on /home/airflow/.local/lib/python3.8/site-packages/airflow/example_dags/example_bash_operator.py
[2025-06-03T13:28:42.423+0000] {processor.py:830} INFO - Processing file /home/airflow/.local/lib/python3.8/site-packages/airflow/example_dags/example_bash_operator.py for tasks to queue
[2025-06-03T13:28:42.425+0000] {logging_mixin.py:188} INFO - [2025-06-03T13:28:42.424+0000] {dagbag.py:540} INFO - Filling up the DagBag from /home/airflow/.local/lib/python3.8/site-packages/airflow/example_dags/example_bash_operator.py
[2025-06-03T13:28:42.432+0000] {processor.py:840} INFO - DAG(s) 'example_bash_operator' retrieved from /home/airflow/.local/lib/python3.8/site-packages/airflow/example_dags/example_bash_operator.py
[2025-06-03T13:28:42.445+0000] {logging_mixin.py:188} INFO - [2025-06-03T13:28:42.444+0000] {dag.py:3047} INFO - Sync 1 DAGs
[2025-06-03T13:28:42.454+0000] {logging_mixin.py:188} INFO - [2025-06-03T13:28:42.454+0000] {dag.py:3834} INFO - Setting next_dagrun for example_bash_operator to 2025-06-02 00:00:00+00:00, run_after=2025-06-03 00:00:00+00:00
[2025-06-03T13:28:42.462+0000] {processor.py:183} INFO - Processing /home/airflow/.local/lib/python3.8/site-packages/airflow/example_dags/example_bash_operator.py took 0.041 seconds
[2025-06-03T13:29:13.360+0000] {processor.py:161} INFO - Started process (PID=1377) to work on /home/airflow/.local/lib/python3.8/site-packages/airflow/example_dags/example_bash_operator.py
[2025-06-03T13:29:13.363+0000] {processor.py:830} INFO - Processing file /home/airflow/.local/lib/python3.8/site-packages/airflow/example_dags/example_bash_operator.py for tasks to queue
[2025-06-03T13:29:13.363+0000] {logging_mixin.py:188} INFO - [2025-06-03T13:29:13.363+0000] {dagbag.py:540} INFO - Filling up the DagBag from /home/airflow/.local/lib/python3.8/site-packages/airflow/example_dags/example_bash_operator.py
[2025-06-03T13:29:13.368+0000] {processor.py:840} INFO - DAG(s) 'example_bash_operator' retrieved from /home/airflow/.local/lib/python3.8/site-packages/airflow/example_dags/example_bash_operator.py
[2025-06-03T13:29:13.379+0000] {logging_mixin.py:188} INFO - [2025-06-03T13:29:13.379+0000] {dag.py:3047} INFO - Sync 1 DAGs
[2025-06-03T13:29:13.390+0000] {logging_mixin.py:188} INFO - [2025-06-03T13:29:13.390+0000] {dag.py:3834} INFO - Setting next_dagrun for example_bash_operator to 2025-06-02 00:00:00+00:00, run_after=2025-06-03 00:00:00+00:00
[2025-06-03T13:29:13.398+0000] {processor.py:183} INFO - Processing /home/airflow/.local/lib/python3.8/site-packages/airflow/example_dags/example_bash_operator.py took 0.040 seconds
[2025-06-03T13:29:43.700+0000] {processor.py:161} INFO - Started process (PID=1432) to work on /home/airflow/.local/lib/python3.8/site-packages/airflow/example_dags/example_bash_operator.py
[2025-06-03T13:29:43.701+0000] {processor.py:830} INFO - Processing file /home/airflow/.local/lib/python3.8/site-packages/airflow/example_dags/example_bash_operator.py for tasks to queue
[2025-06-03T13:29:43.703+0000] {logging_mixin.py:188} INFO - [2025-06-03T13:29:43.703+0000] {dagbag.py:540} INFO - Filling up the DagBag from /home/airflow/.local/lib/python3.8/site-packages/airflow/example_dags/example_bash_operator.py
[2025-06-03T13:29:43.708+0000] {processor.py:840} INFO - DAG(s) 'example_bash_operator' retrieved from /home/airflow/.local/lib/python3.8/site-packages/airflow/example_dags/example_bash_operator.py
[2025-06-03T13:29:43.719+0000] {logging_mixin.py:188} INFO - [2025-06-03T13:29:43.719+0000] {dag.py:3047} INFO - Sync 1 DAGs
[2025-06-03T13:29:43.729+0000] {logging_mixin.py:188} INFO - [2025-06-03T13:29:43.729+0000] {dag.py:3834} INFO - Setting next_dagrun for example_bash_operator to 2025-06-02 00:00:00+00:00, run_after=2025-06-03 00:00:00+00:00
[2025-06-03T13:29:43.738+0000] {processor.py:183} INFO - Processing /home/airflow/.local/lib/python3.8/site-packages/airflow/example_dags/example_bash_operator.py took 0.039 seconds
[2025-06-03T13:30:14.049+0000] {processor.py:161} INFO - Started process (PID=1487) to work on /home/airflow/.local/lib/python3.8/site-packages/airflow/example_dags/example_bash_operator.py
[2025-06-03T13:30:14.050+0000] {processor.py:830} INFO - Processing file /home/airflow/.local/lib/python3.8/site-packages/airflow/example_dags/example_bash_operator.py for tasks to queue
[2025-06-03T13:30:14.051+0000] {logging_mixin.py:188} INFO - [2025-06-03T13:30:14.051+0000] {dagbag.py:540} INFO - Filling up the DagBag from /home/airflow/.local/lib/python3.8/site-packages/airflow/example_dags/example_bash_operator.py
[2025-06-03T13:30:14.056+0000] {processor.py:840} INFO - DAG(s) 'example_bash_operator' retrieved from /home/airflow/.local/lib/python3.8/site-packages/airflow/example_dags/example_bash_operator.py
[2025-06-03T13:30:14.069+0000] {logging_mixin.py:188} INFO - [2025-06-03T13:30:14.068+0000] {dag.py:3047} INFO - Sync 1 DAGs
[2025-06-03T13:30:14.078+0000] {logging_mixin.py:188} INFO - [2025-06-03T13:30:14.078+0000] {dag.py:3834} INFO - Setting next_dagrun for example_bash_operator to 2025-06-02 00:00:00+00:00, run_after=2025-06-03 00:00:00+00:00
[2025-06-03T13:30:14.084+0000] {processor.py:183} INFO - Processing /home/airflow/.local/lib/python3.8/site-packages/airflow/example_dags/example_bash_operator.py took 0.037 seconds
[2025-06-03T13:30:44.377+0000] {processor.py:161} INFO - Started process (PID=1541) to work on /home/airflow/.local/lib/python3.8/site-packages/airflow/example_dags/example_bash_operator.py
[2025-06-03T13:30:44.378+0000] {processor.py:830} INFO - Processing file /home/airflow/.local/lib/python3.8/site-packages/airflow/example_dags/example_bash_operator.py for tasks to queue
[2025-06-03T13:30:44.379+0000] {logging_mixin.py:188} INFO - [2025-06-03T13:30:44.379+0000] {dagbag.py:540} INFO - Filling up the DagBag from /home/airflow/.local/lib/python3.8/site-packages/airflow/example_dags/example_bash_operator.py
[2025-06-03T13:30:44.383+0000] {processor.py:840} INFO - DAG(s) 'example_bash_operator' retrieved from /home/airflow/.local/lib/python3.8/site-packages/airflow/example_dags/example_bash_operator.py
[2025-06-03T13:30:44.394+0000] {logging_mixin.py:188} INFO - [2025-06-03T13:30:44.394+0000] {dag.py:3047} INFO - Sync 1 DAGs
[2025-06-03T13:30:44.402+0000] {logging_mixin.py:188} INFO - [2025-06-03T13:30:44.402+0000] {dag.py:3834} INFO - Setting next_dagrun for example_bash_operator to 2025-06-02 00:00:00+00:00, run_after=2025-06-03 00:00:00+00:00
[2025-06-03T13:30:44.408+0000] {processor.py:183} INFO - Processing /home/airflow/.local/lib/python3.8/site-packages/airflow/example_dags/example_bash_operator.py took 0.032 seconds
[2025-06-03T13:31:14.672+0000] {processor.py:161} INFO - Started process (PID=1596) to work on /home/airflow/.local/lib/python3.8/site-packages/airflow/example_dags/example_bash_operator.py
[2025-06-03T13:31:14.675+0000] {processor.py:830} INFO - Processing file /home/airflow/.local/lib/python3.8/site-packages/airflow/example_dags/example_bash_operator.py for tasks to queue
[2025-06-03T13:31:14.675+0000] {logging_mixin.py:188} INFO - [2025-06-03T13:31:14.675+0000] {dagbag.py:540} INFO - Filling up the DagBag from /home/airflow/.local/lib/python3.8/site-packages/airflow/example_dags/example_bash_operator.py
[2025-06-03T13:31:14.680+0000] {processor.py:840} INFO - DAG(s) 'example_bash_operator' retrieved from /home/airflow/.local/lib/python3.8/site-packages/airflow/example_dags/example_bash_operator.py
[2025-06-03T13:31:14.694+0000] {logging_mixin.py:188} INFO - [2025-06-03T13:31:14.693+0000] {dag.py:3047} INFO - Sync 1 DAGs
[2025-06-03T13:31:14.702+0000] {logging_mixin.py:188} INFO - [2025-06-03T13:31:14.702+0000] {dag.py:3834} INFO - Setting next_dagrun for example_bash_operator to 2025-06-02 00:00:00+00:00, run_after=2025-06-03 00:00:00+00:00
[2025-06-03T13:31:14.708+0000] {processor.py:183} INFO - Processing /home/airflow/.local/lib/python3.8/site-packages/airflow/example_dags/example_bash_operator.py took 0.037 seconds
[2025-06-03T13:31:44.926+0000] {processor.py:161} INFO - Started process (PID=1651) to work on /home/airflow/.local/lib/python3.8/site-packages/airflow/example_dags/example_bash_operator.py
[2025-06-03T13:31:44.927+0000] {processor.py:830} INFO - Processing file /home/airflow/.local/lib/python3.8/site-packages/airflow/example_dags/example_bash_operator.py for tasks to queue
[2025-06-03T13:31:44.928+0000] {logging_mixin.py:188} INFO - [2025-06-03T13:31:44.928+0000] {dagbag.py:540} INFO - Filling up the DagBag from /home/airflow/.local/lib/python3.8/site-packages/airflow/example_dags/example_bash_operator.py
[2025-06-03T13:31:44.933+0000] {processor.py:840} INFO - DAG(s) 'example_bash_operator' retrieved from /home/airflow/.local/lib/python3.8/site-packages/airflow/example_dags/example_bash_operator.py
[2025-06-03T13:31:44.945+0000] {logging_mixin.py:188} INFO - [2025-06-03T13:31:44.945+0000] {dag.py:3047} INFO - Sync 1 DAGs
[2025-06-03T13:31:44.958+0000] {logging_mixin.py:188} INFO - [2025-06-03T13:31:44.958+0000] {dag.py:3834} INFO - Setting next_dagrun for example_bash_operator to 2025-06-02 00:00:00+00:00, run_after=2025-06-03 00:00:00+00:00
[2025-06-03T13:31:44.964+0000] {processor.py:183} INFO - Processing /home/airflow/.local/lib/python3.8/site-packages/airflow/example_dags/example_bash_operator.py took 0.040 seconds
[2025-06-03T13:32:15.247+0000] {processor.py:161} INFO - Started process (PID=1706) to work on /home/airflow/.local/lib/python3.8/site-packages/airflow/example_dags/example_bash_operator.py
[2025-06-03T13:32:15.248+0000] {processor.py:830} INFO - Processing file /home/airflow/.local/lib/python3.8/site-packages/airflow/example_dags/example_bash_operator.py for tasks to queue
[2025-06-03T13:32:15.249+0000] {logging_mixin.py:188} INFO - [2025-06-03T13:32:15.249+0000] {dagbag.py:540} INFO - Filling up the DagBag from /home/airflow/.local/lib/python3.8/site-packages/airflow/example_dags/example_bash_operator.py
[2025-06-03T13:32:15.253+0000] {processor.py:840} INFO - DAG(s) 'example_bash_operator' retrieved from /home/airflow/.local/lib/python3.8/site-packages/airflow/example_dags/example_bash_operator.py
[2025-06-03T13:32:15.265+0000] {logging_mixin.py:188} INFO - [2025-06-03T13:32:15.265+0000] {dag.py:3047} INFO - Sync 1 DAGs
[2025-06-03T13:32:15.273+0000] {logging_mixin.py:188} INFO - [2025-06-03T13:32:15.273+0000] {dag.py:3834} INFO - Setting next_dagrun for example_bash_operator to 2025-06-02 00:00:00+00:00, run_after=2025-06-03 00:00:00+00:00
[2025-06-03T13:32:15.279+0000] {processor.py:183} INFO - Processing /home/airflow/.local/lib/python3.8/site-packages/airflow/example_dags/example_bash_operator.py took 0.034 seconds
[2025-06-03T13:32:45.535+0000] {processor.py:161} INFO - Started process (PID=1761) to work on /home/airflow/.local/lib/python3.8/site-packages/airflow/example_dags/example_bash_operator.py
[2025-06-03T13:32:45.535+0000] {processor.py:830} INFO - Processing file /home/airflow/.local/lib/python3.8/site-packages/airflow/example_dags/example_bash_operator.py for tasks to queue
[2025-06-03T13:32:45.536+0000] {logging_mixin.py:188} INFO - [2025-06-03T13:32:45.536+0000] {dagbag.py:540} INFO - Filling up the DagBag from /home/airflow/.local/lib/python3.8/site-packages/airflow/example_dags/example_bash_operator.py
[2025-06-03T13:32:45.540+0000] {processor.py:840} INFO - DAG(s) 'example_bash_operator' retrieved from /home/airflow/.local/lib/python3.8/site-packages/airflow/example_dags/example_bash_operator.py
[2025-06-03T13:32:45.550+0000] {logging_mixin.py:188} INFO - [2025-06-03T13:32:45.549+0000] {dag.py:3047} INFO - Sync 1 DAGs
[2025-06-03T13:32:45.557+0000] {logging_mixin.py:188} INFO - [2025-06-03T13:32:45.557+0000] {dag.py:3834} INFO - Setting next_dagrun for example_bash_operator to 2025-06-02 00:00:00+00:00, run_after=2025-06-03 00:00:00+00:00
[2025-06-03T13:32:45.562+0000] {processor.py:183} INFO - Processing /home/airflow/.local/lib/python3.8/site-packages/airflow/example_dags/example_bash_operator.py took 0.029 seconds
[2025-06-03T13:33:15.865+0000] {processor.py:161} INFO - Started process (PID=1816) to work on /home/airflow/.local/lib/python3.8/site-packages/airflow/example_dags/example_bash_operator.py
[2025-06-03T13:33:15.866+0000] {processor.py:830} INFO - Processing file /home/airflow/.local/lib/python3.8/site-packages/airflow/example_dags/example_bash_operator.py for tasks to queue
[2025-06-03T13:33:15.866+0000] {logging_mixin.py:188} INFO - [2025-06-03T13:33:15.866+0000] {dagbag.py:540} INFO - Filling up the DagBag from /home/airflow/.local/lib/python3.8/site-packages/airflow/example_dags/example_bash_operator.py
[2025-06-03T13:33:15.871+0000] {processor.py:840} INFO - DAG(s) 'example_bash_operator' retrieved from /home/airflow/.local/lib/python3.8/site-packages/airflow/example_dags/example_bash_operator.py
[2025-06-03T13:33:15.882+0000] {logging_mixin.py:188} INFO - [2025-06-03T13:33:15.882+0000] {dag.py:3047} INFO - Sync 1 DAGs
[2025-06-03T13:33:15.890+0000] {logging_mixin.py:188} INFO - [2025-06-03T13:33:15.890+0000] {dag.py:3834} INFO - Setting next_dagrun for example_bash_operator to 2025-06-02 00:00:00+00:00, run_after=2025-06-03 00:00:00+00:00
[2025-06-03T13:33:15.896+0000] {processor.py:183} INFO - Processing /home/airflow/.local/lib/python3.8/site-packages/airflow/example_dags/example_bash_operator.py took 0.032 seconds
[2025-06-03T13:33:46.142+0000] {processor.py:161} INFO - Started process (PID=1871) to work on /home/airflow/.local/lib/python3.8/site-packages/airflow/example_dags/example_bash_operator.py
[2025-06-03T13:33:46.143+0000] {processor.py:830} INFO - Processing file /home/airflow/.local/lib/python3.8/site-packages/airflow/example_dags/example_bash_operator.py for tasks to queue
[2025-06-03T13:33:46.147+0000] {logging_mixin.py:188} INFO - [2025-06-03T13:33:46.146+0000] {dagbag.py:540} INFO - Filling up the DagBag from /home/airflow/.local/lib/python3.8/site-packages/airflow/example_dags/example_bash_operator.py
[2025-06-03T13:33:46.152+0000] {processor.py:840} INFO - DAG(s) 'example_bash_operator' retrieved from /home/airflow/.local/lib/python3.8/site-packages/airflow/example_dags/example_bash_operator.py
[2025-06-03T13:33:46.163+0000] {logging_mixin.py:188} INFO - [2025-06-03T13:33:46.163+0000] {dag.py:3047} INFO - Sync 1 DAGs
[2025-06-03T13:33:46.171+0000] {logging_mixin.py:188} INFO - [2025-06-03T13:33:46.171+0000] {dag.py:3834} INFO - Setting next_dagrun for example_bash_operator to 2025-06-02 00:00:00+00:00, run_after=2025-06-03 00:00:00+00:00
[2025-06-03T13:33:46.178+0000] {processor.py:183} INFO - Processing /home/airflow/.local/lib/python3.8/site-packages/airflow/example_dags/example_bash_operator.py took 0.037 seconds
[2025-06-03T13:34:16.392+0000] {processor.py:161} INFO - Started process (PID=1926) to work on /home/airflow/.local/lib/python3.8/site-packages/airflow/example_dags/example_bash_operator.py
[2025-06-03T13:34:16.395+0000] {processor.py:830} INFO - Processing file /home/airflow/.local/lib/python3.8/site-packages/airflow/example_dags/example_bash_operator.py for tasks to queue
[2025-06-03T13:34:16.396+0000] {logging_mixin.py:188} INFO - [2025-06-03T13:34:16.396+0000] {dagbag.py:540} INFO - Filling up the DagBag from /home/airflow/.local/lib/python3.8/site-packages/airflow/example_dags/example_bash_operator.py
[2025-06-03T13:34:16.400+0000] {processor.py:840} INFO - DAG(s) 'example_bash_operator' retrieved from /home/airflow/.local/lib/python3.8/site-packages/airflow/example_dags/example_bash_operator.py
[2025-06-03T13:34:16.412+0000] {logging_mixin.py:188} INFO - [2025-06-03T13:34:16.412+0000] {dag.py:3047} INFO - Sync 1 DAGs
[2025-06-03T13:34:16.421+0000] {logging_mixin.py:188} INFO - [2025-06-03T13:34:16.421+0000] {dag.py:3834} INFO - Setting next_dagrun for example_bash_operator to 2025-06-02 00:00:00+00:00, run_after=2025-06-03 00:00:00+00:00
[2025-06-03T13:34:16.428+0000] {processor.py:183} INFO - Processing /home/airflow/.local/lib/python3.8/site-packages/airflow/example_dags/example_bash_operator.py took 0.037 seconds
[2025-06-03T13:34:46.750+0000] {processor.py:161} INFO - Started process (PID=1981) to work on /home/airflow/.local/lib/python3.8/site-packages/airflow/example_dags/example_bash_operator.py
[2025-06-03T13:34:46.751+0000] {processor.py:830} INFO - Processing file /home/airflow/.local/lib/python3.8/site-packages/airflow/example_dags/example_bash_operator.py for tasks to queue
[2025-06-03T13:34:46.753+0000] {logging_mixin.py:188} INFO - [2025-06-03T13:34:46.752+0000] {dagbag.py:540} INFO - Filling up the DagBag from /home/airflow/.local/lib/python3.8/site-packages/airflow/example_dags/example_bash_operator.py
[2025-06-03T13:34:46.760+0000] {processor.py:840} INFO - DAG(s) 'example_bash_operator' retrieved from /home/airflow/.local/lib/python3.8/site-packages/airflow/example_dags/example_bash_operator.py
[2025-06-03T13:34:46.777+0000] {logging_mixin.py:188} INFO - [2025-06-03T13:34:46.777+0000] {dag.py:3047} INFO - Sync 1 DAGs
[2025-06-03T13:34:46.787+0000] {logging_mixin.py:188} INFO - [2025-06-03T13:34:46.786+0000] {dag.py:3834} INFO - Setting next_dagrun for example_bash_operator to 2025-06-02 00:00:00+00:00, run_after=2025-06-03 00:00:00+00:00
[2025-06-03T13:34:46.794+0000] {processor.py:183} INFO - Processing /home/airflow/.local/lib/python3.8/site-packages/airflow/example_dags/example_bash_operator.py took 0.046 seconds
[2025-06-03T13:35:17.250+0000] {processor.py:161} INFO - Started process (PID=2036) to work on /home/airflow/.local/lib/python3.8/site-packages/airflow/example_dags/example_bash_operator.py
[2025-06-03T13:35:17.251+0000] {processor.py:830} INFO - Processing file /home/airflow/.local/lib/python3.8/site-packages/airflow/example_dags/example_bash_operator.py for tasks to queue
[2025-06-03T13:35:17.252+0000] {logging_mixin.py:188} INFO - [2025-06-03T13:35:17.252+0000] {dagbag.py:540} INFO - Filling up the DagBag from /home/airflow/.local/lib/python3.8/site-packages/airflow/example_dags/example_bash_operator.py
[2025-06-03T13:35:17.257+0000] {processor.py:840} INFO - DAG(s) 'example_bash_operator' retrieved from /home/airflow/.local/lib/python3.8/site-packages/airflow/example_dags/example_bash_operator.py
[2025-06-03T13:35:17.270+0000] {logging_mixin.py:188} INFO - [2025-06-03T13:35:17.269+0000] {dag.py:3047} INFO - Sync 1 DAGs
[2025-06-03T13:35:17.281+0000] {logging_mixin.py:188} INFO - [2025-06-03T13:35:17.281+0000] {dag.py:3834} INFO - Setting next_dagrun for example_bash_operator to 2025-06-02 00:00:00+00:00, run_after=2025-06-03 00:00:00+00:00
[2025-06-03T13:35:17.292+0000] {processor.py:183} INFO - Processing /home/airflow/.local/lib/python3.8/site-packages/airflow/example_dags/example_bash_operator.py took 0.044 seconds
[2025-06-03T13:35:47.784+0000] {processor.py:161} INFO - Started process (PID=2091) to work on /home/airflow/.local/lib/python3.8/site-packages/airflow/example_dags/example_bash_operator.py
[2025-06-03T13:35:47.787+0000] {processor.py:830} INFO - Processing file /home/airflow/.local/lib/python3.8/site-packages/airflow/example_dags/example_bash_operator.py for tasks to queue
[2025-06-03T13:35:47.788+0000] {logging_mixin.py:188} INFO - [2025-06-03T13:35:47.788+0000] {dagbag.py:540} INFO - Filling up the DagBag from /home/airflow/.local/lib/python3.8/site-packages/airflow/example_dags/example_bash_operator.py
[2025-06-03T13:35:47.792+0000] {processor.py:840} INFO - DAG(s) 'example_bash_operator' retrieved from /home/airflow/.local/lib/python3.8/site-packages/airflow/example_dags/example_bash_operator.py
[2025-06-03T13:35:47.803+0000] {logging_mixin.py:188} INFO - [2025-06-03T13:35:47.803+0000] {dag.py:3047} INFO - Sync 1 DAGs
[2025-06-03T13:35:47.811+0000] {logging_mixin.py:188} INFO - [2025-06-03T13:35:47.811+0000] {dag.py:3834} INFO - Setting next_dagrun for example_bash_operator to 2025-06-02 00:00:00+00:00, run_after=2025-06-03 00:00:00+00:00
[2025-06-03T13:35:47.818+0000] {processor.py:183} INFO - Processing /home/airflow/.local/lib/python3.8/site-packages/airflow/example_dags/example_bash_operator.py took 0.035 seconds
[2025-06-03T13:36:18.105+0000] {processor.py:161} INFO - Started process (PID=2146) to work on /home/airflow/.local/lib/python3.8/site-packages/airflow/example_dags/example_bash_operator.py
[2025-06-03T13:36:18.107+0000] {processor.py:830} INFO - Processing file /home/airflow/.local/lib/python3.8/site-packages/airflow/example_dags/example_bash_operator.py for tasks to queue
[2025-06-03T13:36:18.107+0000] {logging_mixin.py:188} INFO - [2025-06-03T13:36:18.107+0000] {dagbag.py:540} INFO - Filling up the DagBag from /home/airflow/.local/lib/python3.8/site-packages/airflow/example_dags/example_bash_operator.py
[2025-06-03T13:36:18.112+0000] {processor.py:840} INFO - DAG(s) 'example_bash_operator' retrieved from /home/airflow/.local/lib/python3.8/site-packages/airflow/example_dags/example_bash_operator.py
[2025-06-03T13:36:18.123+0000] {logging_mixin.py:188} INFO - [2025-06-03T13:36:18.123+0000] {dag.py:3047} INFO - Sync 1 DAGs
[2025-06-03T13:36:18.131+0000] {logging_mixin.py:188} INFO - [2025-06-03T13:36:18.131+0000] {dag.py:3834} INFO - Setting next_dagrun for example_bash_operator to 2025-06-02 00:00:00+00:00, run_after=2025-06-03 00:00:00+00:00
[2025-06-03T13:36:18.137+0000] {processor.py:183} INFO - Processing /home/airflow/.local/lib/python3.8/site-packages/airflow/example_dags/example_bash_operator.py took 0.033 seconds
[2025-06-03T13:36:48.409+0000] {processor.py:161} INFO - Started process (PID=2201) to work on /home/airflow/.local/lib/python3.8/site-packages/airflow/example_dags/example_bash_operator.py
[2025-06-03T13:36:48.410+0000] {processor.py:830} INFO - Processing file /home/airflow/.local/lib/python3.8/site-packages/airflow/example_dags/example_bash_operator.py for tasks to queue
[2025-06-03T13:36:48.410+0000] {logging_mixin.py:188} INFO - [2025-06-03T13:36:48.410+0000] {dagbag.py:540} INFO - Filling up the DagBag from /home/airflow/.local/lib/python3.8/site-packages/airflow/example_dags/example_bash_operator.py
[2025-06-03T13:36:48.416+0000] {processor.py:840} INFO - DAG(s) 'example_bash_operator' retrieved from /home/airflow/.local/lib/python3.8/site-packages/airflow/example_dags/example_bash_operator.py
[2025-06-03T13:36:48.429+0000] {logging_mixin.py:188} INFO - [2025-06-03T13:36:48.429+0000] {dag.py:3047} INFO - Sync 1 DAGs
[2025-06-03T13:36:48.438+0000] {logging_mixin.py:188} INFO - [2025-06-03T13:36:48.438+0000] {dag.py:3834} INFO - Setting next_dagrun for example_bash_operator to 2025-06-02 00:00:00+00:00, run_after=2025-06-03 00:00:00+00:00
[2025-06-03T13:36:48.444+0000] {processor.py:183} INFO - Processing /home/airflow/.local/lib/python3.8/site-packages/airflow/example_dags/example_bash_operator.py took 0.037 seconds
[2025-06-03T13:37:18.816+0000] {processor.py:161} INFO - Started process (PID=2256) to work on /home/airflow/.local/lib/python3.8/site-packages/airflow/example_dags/example_bash_operator.py
[2025-06-03T13:37:18.819+0000] {processor.py:830} INFO - Processing file /home/airflow/.local/lib/python3.8/site-packages/airflow/example_dags/example_bash_operator.py for tasks to queue
[2025-06-03T13:37:18.819+0000] {logging_mixin.py:188} INFO - [2025-06-03T13:37:18.819+0000] {dagbag.py:540} INFO - Filling up the DagBag from /home/airflow/.local/lib/python3.8/site-packages/airflow/example_dags/example_bash_operator.py
[2025-06-03T13:37:18.825+0000] {processor.py:840} INFO - DAG(s) 'example_bash_operator' retrieved from /home/airflow/.local/lib/python3.8/site-packages/airflow/example_dags/example_bash_operator.py
[2025-06-03T13:37:18.836+0000] {logging_mixin.py:188} INFO - [2025-06-03T13:37:18.836+0000] {dag.py:3047} INFO - Sync 1 DAGs
[2025-06-03T13:37:18.844+0000] {logging_mixin.py:188} INFO - [2025-06-03T13:37:18.844+0000] {dag.py:3834} INFO - Setting next_dagrun for example_bash_operator to 2025-06-02 00:00:00+00:00, run_after=2025-06-03 00:00:00+00:00
[2025-06-03T13:37:18.850+0000] {processor.py:183} INFO - Processing /home/airflow/.local/lib/python3.8/site-packages/airflow/example_dags/example_bash_operator.py took 0.036 seconds
[2025-06-03T13:37:49.273+0000] {processor.py:161} INFO - Started process (PID=2311) to work on /home/airflow/.local/lib/python3.8/site-packages/airflow/example_dags/example_bash_operator.py
[2025-06-03T13:37:49.274+0000] {processor.py:830} INFO - Processing file /home/airflow/.local/lib/python3.8/site-packages/airflow/example_dags/example_bash_operator.py for tasks to queue
[2025-06-03T13:37:49.276+0000] {logging_mixin.py:188} INFO - [2025-06-03T13:37:49.275+0000] {dagbag.py:540} INFO - Filling up the DagBag from /home/airflow/.local/lib/python3.8/site-packages/airflow/example_dags/example_bash_operator.py
[2025-06-03T13:37:49.286+0000] {processor.py:840} INFO - DAG(s) 'example_bash_operator' retrieved from /home/airflow/.local/lib/python3.8/site-packages/airflow/example_dags/example_bash_operator.py
[2025-06-03T13:37:49.318+0000] {logging_mixin.py:188} INFO - [2025-06-03T13:37:49.318+0000] {dag.py:3047} INFO - Sync 1 DAGs
[2025-06-03T13:37:49.358+0000] {logging_mixin.py:188} INFO - [2025-06-03T13:37:49.358+0000] {dag.py:3834} INFO - Setting next_dagrun for example_bash_operator to 2025-06-02 00:00:00+00:00, run_after=2025-06-03 00:00:00+00:00
[2025-06-03T13:37:49.373+0000] {processor.py:183} INFO - Processing /home/airflow/.local/lib/python3.8/site-packages/airflow/example_dags/example_bash_operator.py took 0.103 seconds
[2025-06-03T13:38:20.185+0000] {processor.py:161} INFO - Started process (PID=2366) to work on /home/airflow/.local/lib/python3.8/site-packages/airflow/example_dags/example_bash_operator.py
[2025-06-03T13:38:20.185+0000] {processor.py:830} INFO - Processing file /home/airflow/.local/lib/python3.8/site-packages/airflow/example_dags/example_bash_operator.py for tasks to queue
[2025-06-03T13:38:20.186+0000] {logging_mixin.py:188} INFO - [2025-06-03T13:38:20.186+0000] {dagbag.py:540} INFO - Filling up the DagBag from /home/airflow/.local/lib/python3.8/site-packages/airflow/example_dags/example_bash_operator.py
[2025-06-03T13:38:20.191+0000] {processor.py:840} INFO - DAG(s) 'example_bash_operator' retrieved from /home/airflow/.local/lib/python3.8/site-packages/airflow/example_dags/example_bash_operator.py
[2025-06-03T13:38:20.207+0000] {logging_mixin.py:188} INFO - [2025-06-03T13:38:20.207+0000] {dag.py:3047} INFO - Sync 1 DAGs
[2025-06-03T13:38:20.221+0000] {logging_mixin.py:188} INFO - [2025-06-03T13:38:20.221+0000] {dag.py:3834} INFO - Setting next_dagrun for example_bash_operator to 2025-06-02 00:00:00+00:00, run_after=2025-06-03 00:00:00+00:00
[2025-06-03T13:38:20.240+0000] {processor.py:183} INFO - Processing /home/airflow/.local/lib/python3.8/site-packages/airflow/example_dags/example_bash_operator.py took 0.057 seconds
[2025-06-03T13:38:50.714+0000] {processor.py:161} INFO - Started process (PID=2421) to work on /home/airflow/.local/lib/python3.8/site-packages/airflow/example_dags/example_bash_operator.py
[2025-06-03T13:38:50.715+0000] {processor.py:830} INFO - Processing file /home/airflow/.local/lib/python3.8/site-packages/airflow/example_dags/example_bash_operator.py for tasks to queue
[2025-06-03T13:38:50.716+0000] {logging_mixin.py:188} INFO - [2025-06-03T13:38:50.716+0000] {dagbag.py:540} INFO - Filling up the DagBag from /home/airflow/.local/lib/python3.8/site-packages/airflow/example_dags/example_bash_operator.py
[2025-06-03T13:38:50.723+0000] {processor.py:840} INFO - DAG(s) 'example_bash_operator' retrieved from /home/airflow/.local/lib/python3.8/site-packages/airflow/example_dags/example_bash_operator.py
[2025-06-03T13:38:50.748+0000] {logging_mixin.py:188} INFO - [2025-06-03T13:38:50.747+0000] {dag.py:3047} INFO - Sync 1 DAGs
[2025-06-03T13:38:50.773+0000] {logging_mixin.py:188} INFO - [2025-06-03T13:38:50.773+0000] {dag.py:3834} INFO - Setting next_dagrun for example_bash_operator to 2025-06-02 00:00:00+00:00, run_after=2025-06-03 00:00:00+00:00
[2025-06-03T13:38:50.785+0000] {processor.py:183} INFO - Processing /home/airflow/.local/lib/python3.8/site-packages/airflow/example_dags/example_bash_operator.py took 0.073 seconds
[2025-06-03T13:39:20.804+0000] {processor.py:161} INFO - Started process (PID=2476) to work on /home/airflow/.local/lib/python3.8/site-packages/airflow/example_dags/example_bash_operator.py
[2025-06-03T13:39:20.805+0000] {processor.py:830} INFO - Processing file /home/airflow/.local/lib/python3.8/site-packages/airflow/example_dags/example_bash_operator.py for tasks to queue
[2025-06-03T13:39:20.805+0000] {logging_mixin.py:188} INFO - [2025-06-03T13:39:20.805+0000] {dagbag.py:540} INFO - Filling up the DagBag from /home/airflow/.local/lib/python3.8/site-packages/airflow/example_dags/example_bash_operator.py
[2025-06-03T13:39:20.809+0000] {processor.py:840} INFO - DAG(s) 'example_bash_operator' retrieved from /home/airflow/.local/lib/python3.8/site-packages/airflow/example_dags/example_bash_operator.py
[2025-06-03T13:39:20.821+0000] {logging_mixin.py:188} INFO - [2025-06-03T13:39:20.821+0000] {dag.py:3047} INFO - Sync 1 DAGs
[2025-06-03T13:39:20.829+0000] {logging_mixin.py:188} INFO - [2025-06-03T13:39:20.828+0000] {dag.py:3834} INFO - Setting next_dagrun for example_bash_operator to 2025-06-02 00:00:00+00:00, run_after=2025-06-03 00:00:00+00:00
[2025-06-03T13:39:20.834+0000] {processor.py:183} INFO - Processing /home/airflow/.local/lib/python3.8/site-packages/airflow/example_dags/example_bash_operator.py took 0.032 seconds
[2025-06-03T13:39:50.854+0000] {processor.py:161} INFO - Started process (PID=2531) to work on /home/airflow/.local/lib/python3.8/site-packages/airflow/example_dags/example_bash_operator.py
[2025-06-03T13:39:50.854+0000] {processor.py:830} INFO - Processing file /home/airflow/.local/lib/python3.8/site-packages/airflow/example_dags/example_bash_operator.py for tasks to queue
[2025-06-03T13:39:50.855+0000] {logging_mixin.py:188} INFO - [2025-06-03T13:39:50.855+0000] {dagbag.py:540} INFO - Filling up the DagBag from /home/airflow/.local/lib/python3.8/site-packages/airflow/example_dags/example_bash_operator.py
[2025-06-03T13:39:50.859+0000] {processor.py:840} INFO - DAG(s) 'example_bash_operator' retrieved from /home/airflow/.local/lib/python3.8/site-packages/airflow/example_dags/example_bash_operator.py
[2025-06-03T13:39:50.870+0000] {logging_mixin.py:188} INFO - [2025-06-03T13:39:50.870+0000] {dag.py:3047} INFO - Sync 1 DAGs
[2025-06-03T13:39:50.877+0000] {logging_mixin.py:188} INFO - [2025-06-03T13:39:50.877+0000] {dag.py:3834} INFO - Setting next_dagrun for example_bash_operator to 2025-06-02 00:00:00+00:00, run_after=2025-06-03 00:00:00+00:00
[2025-06-03T13:39:50.882+0000] {processor.py:183} INFO - Processing /home/airflow/.local/lib/python3.8/site-packages/airflow/example_dags/example_bash_operator.py took 0.030 seconds
[2025-06-03T13:40:21.583+0000] {processor.py:161} INFO - Started process (PID=2587) to work on /home/airflow/.local/lib/python3.8/site-packages/airflow/example_dags/example_bash_operator.py
[2025-06-03T13:40:21.584+0000] {processor.py:830} INFO - Processing file /home/airflow/.local/lib/python3.8/site-packages/airflow/example_dags/example_bash_operator.py for tasks to queue
[2025-06-03T13:40:21.585+0000] {logging_mixin.py:188} INFO - [2025-06-03T13:40:21.585+0000] {dagbag.py:540} INFO - Filling up the DagBag from /home/airflow/.local/lib/python3.8/site-packages/airflow/example_dags/example_bash_operator.py
[2025-06-03T13:40:21.589+0000] {processor.py:840} INFO - DAG(s) 'example_bash_operator' retrieved from /home/airflow/.local/lib/python3.8/site-packages/airflow/example_dags/example_bash_operator.py
[2025-06-03T13:40:21.602+0000] {logging_mixin.py:188} INFO - [2025-06-03T13:40:21.602+0000] {dag.py:3047} INFO - Sync 1 DAGs
[2025-06-03T13:40:21.611+0000] {logging_mixin.py:188} INFO - [2025-06-03T13:40:21.611+0000] {dag.py:3834} INFO - Setting next_dagrun for example_bash_operator to 2025-06-02 00:00:00+00:00, run_after=2025-06-03 00:00:00+00:00
[2025-06-03T13:40:21.618+0000] {processor.py:183} INFO - Processing /home/airflow/.local/lib/python3.8/site-packages/airflow/example_dags/example_bash_operator.py took 0.036 seconds
