[2025-06-03T13:16:59.174+0000] {processor.py:161} INFO - Started process (PID=83) to work on /home/airflow/.local/lib/python3.8/site-packages/airflow/example_dags/example_short_circuit_operator.py
[2025-06-03T13:16:59.175+0000] {processor.py:830} INFO - Processing file /home/airflow/.local/lib/python3.8/site-packages/airflow/example_dags/example_short_circuit_operator.py for tasks to queue
[2025-06-03T13:16:59.176+0000] {logging_mixin.py:188} INFO - [2025-06-03T13:16:59.176+0000] {dagbag.py:540} INFO - Filling up the DagBag from /home/airflow/.local/lib/python3.8/site-packages/airflow/example_dags/example_short_circuit_operator.py
[2025-06-03T13:16:59.180+0000] {processor.py:840} INFO - DAG(s) 'example_short_circuit_operator' retrieved from /home/airflow/.local/lib/python3.8/site-packages/airflow/example_dags/example_short_circuit_operator.py
[2025-06-03T13:16:59.188+0000] {logging_mixin.py:188} INFO - [2025-06-03T13:16:59.188+0000] {dag.py:3047} INFO - Sync 1 DAGs
[2025-06-03T13:16:59.198+0000] {logging_mixin.py:188} INFO - [2025-06-03T13:16:59.197+0000] {dag.py:3834} INFO - Setting next_dagrun for example_short_circuit_operator to 2025-06-02 00:00:00+00:00, run_after=2025-06-03 00:00:00+00:00
[2025-06-03T13:16:59.205+0000] {processor.py:183} INFO - Processing /home/airflow/.local/lib/python3.8/site-packages/airflow/example_dags/example_short_circuit_operator.py took 0.034 seconds
[2025-06-03T13:17:30.226+0000] {processor.py:161} INFO - Started process (PID=138) to work on /home/airflow/.local/lib/python3.8/site-packages/airflow/example_dags/example_short_circuit_operator.py
[2025-06-03T13:17:30.226+0000] {processor.py:830} INFO - Processing file /home/airflow/.local/lib/python3.8/site-packages/airflow/example_dags/example_short_circuit_operator.py for tasks to queue
[2025-06-03T13:17:30.227+0000] {logging_mixin.py:188} INFO - [2025-06-03T13:17:30.227+0000] {dagbag.py:540} INFO - Filling up the DagBag from /home/airflow/.local/lib/python3.8/site-packages/airflow/example_dags/example_short_circuit_operator.py
[2025-06-03T13:17:30.231+0000] {processor.py:840} INFO - DAG(s) 'example_short_circuit_operator' retrieved from /home/airflow/.local/lib/python3.8/site-packages/airflow/example_dags/example_short_circuit_operator.py
[2025-06-03T13:17:30.277+0000] {logging_mixin.py:188} INFO - [2025-06-03T13:17:30.277+0000] {dag.py:3047} INFO - Sync 1 DAGs
[2025-06-03T13:17:30.290+0000] {logging_mixin.py:188} INFO - [2025-06-03T13:17:30.290+0000] {dag.py:3834} INFO - Setting next_dagrun for example_short_circuit_operator to 2025-06-02 00:00:00+00:00, run_after=2025-06-03 00:00:00+00:00
[2025-06-03T13:17:30.300+0000] {processor.py:183} INFO - Processing /home/airflow/.local/lib/python3.8/site-packages/airflow/example_dags/example_short_circuit_operator.py took 0.076 seconds
[2025-06-03T13:18:00.982+0000] {processor.py:161} INFO - Started process (PID=193) to work on /home/airflow/.local/lib/python3.8/site-packages/airflow/example_dags/example_short_circuit_operator.py
[2025-06-03T13:18:00.982+0000] {processor.py:830} INFO - Processing file /home/airflow/.local/lib/python3.8/site-packages/airflow/example_dags/example_short_circuit_operator.py for tasks to queue
[2025-06-03T13:18:00.983+0000] {logging_mixin.py:188} INFO - [2025-06-03T13:18:00.983+0000] {dagbag.py:540} INFO - Filling up the DagBag from /home/airflow/.local/lib/python3.8/site-packages/airflow/example_dags/example_short_circuit_operator.py
[2025-06-03T13:18:00.986+0000] {processor.py:840} INFO - DAG(s) 'example_short_circuit_operator' retrieved from /home/airflow/.local/lib/python3.8/site-packages/airflow/example_dags/example_short_circuit_operator.py
[2025-06-03T13:18:00.996+0000] {logging_mixin.py:188} INFO - [2025-06-03T13:18:00.996+0000] {dag.py:3047} INFO - Sync 1 DAGs
[2025-06-03T13:18:01.003+0000] {logging_mixin.py:188} INFO - [2025-06-03T13:18:01.003+0000] {dag.py:3834} INFO - Setting next_dagrun for example_short_circuit_operator to 2025-06-02 00:00:00+00:00, run_after=2025-06-03 00:00:00+00:00
[2025-06-03T13:18:01.010+0000] {processor.py:183} INFO - Processing /home/airflow/.local/lib/python3.8/site-packages/airflow/example_dags/example_short_circuit_operator.py took 0.029 seconds
[2025-06-03T13:18:31.608+0000] {processor.py:161} INFO - Started process (PID=248) to work on /home/airflow/.local/lib/python3.8/site-packages/airflow/example_dags/example_short_circuit_operator.py
[2025-06-03T13:18:31.611+0000] {processor.py:830} INFO - Processing file /home/airflow/.local/lib/python3.8/site-packages/airflow/example_dags/example_short_circuit_operator.py for tasks to queue
[2025-06-03T13:18:31.612+0000] {logging_mixin.py:188} INFO - [2025-06-03T13:18:31.612+0000] {dagbag.py:540} INFO - Filling up the DagBag from /home/airflow/.local/lib/python3.8/site-packages/airflow/example_dags/example_short_circuit_operator.py
[2025-06-03T13:18:31.615+0000] {processor.py:840} INFO - DAG(s) 'example_short_circuit_operator' retrieved from /home/airflow/.local/lib/python3.8/site-packages/airflow/example_dags/example_short_circuit_operator.py
[2025-06-03T13:18:31.625+0000] {logging_mixin.py:188} INFO - [2025-06-03T13:18:31.625+0000] {dag.py:3047} INFO - Sync 1 DAGs
[2025-06-03T13:18:31.632+0000] {logging_mixin.py:188} INFO - [2025-06-03T13:18:31.632+0000] {dag.py:3834} INFO - Setting next_dagrun for example_short_circuit_operator to 2025-06-02 00:00:00+00:00, run_after=2025-06-03 00:00:00+00:00
[2025-06-03T13:18:31.639+0000] {processor.py:183} INFO - Processing /home/airflow/.local/lib/python3.8/site-packages/airflow/example_dags/example_short_circuit_operator.py took 0.032 seconds
[2025-06-03T13:19:02.090+0000] {processor.py:161} INFO - Started process (PID=303) to work on /home/airflow/.local/lib/python3.8/site-packages/airflow/example_dags/example_short_circuit_operator.py
[2025-06-03T13:19:02.091+0000] {processor.py:830} INFO - Processing file /home/airflow/.local/lib/python3.8/site-packages/airflow/example_dags/example_short_circuit_operator.py for tasks to queue
[2025-06-03T13:19:02.092+0000] {logging_mixin.py:188} INFO - [2025-06-03T13:19:02.092+0000] {dagbag.py:540} INFO - Filling up the DagBag from /home/airflow/.local/lib/python3.8/site-packages/airflow/example_dags/example_short_circuit_operator.py
[2025-06-03T13:19:02.095+0000] {processor.py:840} INFO - DAG(s) 'example_short_circuit_operator' retrieved from /home/airflow/.local/lib/python3.8/site-packages/airflow/example_dags/example_short_circuit_operator.py
[2025-06-03T13:19:02.107+0000] {logging_mixin.py:188} INFO - [2025-06-03T13:19:02.106+0000] {dag.py:3047} INFO - Sync 1 DAGs
[2025-06-03T13:19:02.115+0000] {logging_mixin.py:188} INFO - [2025-06-03T13:19:02.115+0000] {dag.py:3834} INFO - Setting next_dagrun for example_short_circuit_operator to 2025-06-02 00:00:00+00:00, run_after=2025-06-03 00:00:00+00:00
[2025-06-03T13:19:02.121+0000] {processor.py:183} INFO - Processing /home/airflow/.local/lib/python3.8/site-packages/airflow/example_dags/example_short_circuit_operator.py took 0.032 seconds
[2025-06-03T13:19:32.775+0000] {processor.py:161} INFO - Started process (PID=358) to work on /home/airflow/.local/lib/python3.8/site-packages/airflow/example_dags/example_short_circuit_operator.py
[2025-06-03T13:19:32.775+0000] {processor.py:830} INFO - Processing file /home/airflow/.local/lib/python3.8/site-packages/airflow/example_dags/example_short_circuit_operator.py for tasks to queue
[2025-06-03T13:19:32.777+0000] {logging_mixin.py:188} INFO - [2025-06-03T13:19:32.777+0000] {dagbag.py:540} INFO - Filling up the DagBag from /home/airflow/.local/lib/python3.8/site-packages/airflow/example_dags/example_short_circuit_operator.py
[2025-06-03T13:19:32.784+0000] {processor.py:840} INFO - DAG(s) 'example_short_circuit_operator' retrieved from /home/airflow/.local/lib/python3.8/site-packages/airflow/example_dags/example_short_circuit_operator.py
[2025-06-03T13:19:32.794+0000] {logging_mixin.py:188} INFO - [2025-06-03T13:19:32.793+0000] {dag.py:3047} INFO - Sync 1 DAGs
[2025-06-03T13:19:32.802+0000] {logging_mixin.py:188} INFO - [2025-06-03T13:19:32.802+0000] {dag.py:3834} INFO - Setting next_dagrun for example_short_circuit_operator to 2025-06-02 00:00:00+00:00, run_after=2025-06-03 00:00:00+00:00
[2025-06-03T13:19:32.809+0000] {processor.py:183} INFO - Processing /home/airflow/.local/lib/python3.8/site-packages/airflow/example_dags/example_short_circuit_operator.py took 0.035 seconds
[2025-06-03T13:20:03.352+0000] {processor.py:161} INFO - Started process (PID=413) to work on /home/airflow/.local/lib/python3.8/site-packages/airflow/example_dags/example_short_circuit_operator.py
[2025-06-03T13:20:03.353+0000] {processor.py:830} INFO - Processing file /home/airflow/.local/lib/python3.8/site-packages/airflow/example_dags/example_short_circuit_operator.py for tasks to queue
[2025-06-03T13:20:03.354+0000] {logging_mixin.py:188} INFO - [2025-06-03T13:20:03.354+0000] {dagbag.py:540} INFO - Filling up the DagBag from /home/airflow/.local/lib/python3.8/site-packages/airflow/example_dags/example_short_circuit_operator.py
[2025-06-03T13:20:03.357+0000] {processor.py:840} INFO - DAG(s) 'example_short_circuit_operator' retrieved from /home/airflow/.local/lib/python3.8/site-packages/airflow/example_dags/example_short_circuit_operator.py
[2025-06-03T13:20:03.375+0000] {logging_mixin.py:188} INFO - [2025-06-03T13:20:03.375+0000] {dag.py:3047} INFO - Sync 1 DAGs
[2025-06-03T13:20:03.387+0000] {logging_mixin.py:188} INFO - [2025-06-03T13:20:03.387+0000] {dag.py:3834} INFO - Setting next_dagrun for example_short_circuit_operator to 2025-06-02 00:00:00+00:00, run_after=2025-06-03 00:00:00+00:00
[2025-06-03T13:20:03.395+0000] {processor.py:183} INFO - Processing /home/airflow/.local/lib/python3.8/site-packages/airflow/example_dags/example_short_circuit_operator.py took 0.044 seconds
[2025-06-03T13:20:34.172+0000] {processor.py:161} INFO - Started process (PID=468) to work on /home/airflow/.local/lib/python3.8/site-packages/airflow/example_dags/example_short_circuit_operator.py
[2025-06-03T13:20:34.174+0000] {processor.py:830} INFO - Processing file /home/airflow/.local/lib/python3.8/site-packages/airflow/example_dags/example_short_circuit_operator.py for tasks to queue
[2025-06-03T13:20:34.175+0000] {logging_mixin.py:188} INFO - [2025-06-03T13:20:34.175+0000] {dagbag.py:540} INFO - Filling up the DagBag from /home/airflow/.local/lib/python3.8/site-packages/airflow/example_dags/example_short_circuit_operator.py
[2025-06-03T13:20:34.178+0000] {processor.py:840} INFO - DAG(s) 'example_short_circuit_operator' retrieved from /home/airflow/.local/lib/python3.8/site-packages/airflow/example_dags/example_short_circuit_operator.py
[2025-06-03T13:20:34.187+0000] {logging_mixin.py:188} INFO - [2025-06-03T13:20:34.187+0000] {dag.py:3047} INFO - Sync 1 DAGs
[2025-06-03T13:20:34.197+0000] {logging_mixin.py:188} INFO - [2025-06-03T13:20:34.197+0000] {dag.py:3834} INFO - Setting next_dagrun for example_short_circuit_operator to 2025-06-02 00:00:00+00:00, run_after=2025-06-03 00:00:00+00:00
[2025-06-03T13:20:34.205+0000] {processor.py:183} INFO - Processing /home/airflow/.local/lib/python3.8/site-packages/airflow/example_dags/example_short_circuit_operator.py took 0.035 seconds
[2025-06-03T13:21:05.056+0000] {processor.py:161} INFO - Started process (PID=523) to work on /home/airflow/.local/lib/python3.8/site-packages/airflow/example_dags/example_short_circuit_operator.py
[2025-06-03T13:21:05.057+0000] {processor.py:830} INFO - Processing file /home/airflow/.local/lib/python3.8/site-packages/airflow/example_dags/example_short_circuit_operator.py for tasks to queue
[2025-06-03T13:21:05.057+0000] {logging_mixin.py:188} INFO - [2025-06-03T13:21:05.057+0000] {dagbag.py:540} INFO - Filling up the DagBag from /home/airflow/.local/lib/python3.8/site-packages/airflow/example_dags/example_short_circuit_operator.py
[2025-06-03T13:21:05.061+0000] {processor.py:840} INFO - DAG(s) 'example_short_circuit_operator' retrieved from /home/airflow/.local/lib/python3.8/site-packages/airflow/example_dags/example_short_circuit_operator.py
[2025-06-03T13:21:05.070+0000] {logging_mixin.py:188} INFO - [2025-06-03T13:21:05.070+0000] {dag.py:3047} INFO - Sync 1 DAGs
[2025-06-03T13:21:05.078+0000] {logging_mixin.py:188} INFO - [2025-06-03T13:21:05.078+0000] {dag.py:3834} INFO - Setting next_dagrun for example_short_circuit_operator to 2025-06-02 00:00:00+00:00, run_after=2025-06-03 00:00:00+00:00
[2025-06-03T13:21:05.084+0000] {processor.py:183} INFO - Processing /home/airflow/.local/lib/python3.8/site-packages/airflow/example_dags/example_short_circuit_operator.py took 0.030 seconds
[2025-06-03T13:21:35.871+0000] {processor.py:161} INFO - Started process (PID=578) to work on /home/airflow/.local/lib/python3.8/site-packages/airflow/example_dags/example_short_circuit_operator.py
[2025-06-03T13:21:35.872+0000] {processor.py:830} INFO - Processing file /home/airflow/.local/lib/python3.8/site-packages/airflow/example_dags/example_short_circuit_operator.py for tasks to queue
[2025-06-03T13:21:35.873+0000] {logging_mixin.py:188} INFO - [2025-06-03T13:21:35.873+0000] {dagbag.py:540} INFO - Filling up the DagBag from /home/airflow/.local/lib/python3.8/site-packages/airflow/example_dags/example_short_circuit_operator.py
[2025-06-03T13:21:35.877+0000] {processor.py:840} INFO - DAG(s) 'example_short_circuit_operator' retrieved from /home/airflow/.local/lib/python3.8/site-packages/airflow/example_dags/example_short_circuit_operator.py
[2025-06-03T13:21:35.889+0000] {logging_mixin.py:188} INFO - [2025-06-03T13:21:35.889+0000] {dag.py:3047} INFO - Sync 1 DAGs
[2025-06-03T13:21:35.900+0000] {logging_mixin.py:188} INFO - [2025-06-03T13:21:35.900+0000] {dag.py:3834} INFO - Setting next_dagrun for example_short_circuit_operator to 2025-06-02 00:00:00+00:00, run_after=2025-06-03 00:00:00+00:00
[2025-06-03T13:21:35.912+0000] {processor.py:183} INFO - Processing /home/airflow/.local/lib/python3.8/site-packages/airflow/example_dags/example_short_circuit_operator.py took 0.043 seconds
[2025-06-03T13:22:06.842+0000] {processor.py:161} INFO - Started process (PID=633) to work on /home/airflow/.local/lib/python3.8/site-packages/airflow/example_dags/example_short_circuit_operator.py
[2025-06-03T13:22:06.843+0000] {processor.py:830} INFO - Processing file /home/airflow/.local/lib/python3.8/site-packages/airflow/example_dags/example_short_circuit_operator.py for tasks to queue
[2025-06-03T13:22:06.846+0000] {logging_mixin.py:188} INFO - [2025-06-03T13:22:06.846+0000] {dagbag.py:540} INFO - Filling up the DagBag from /home/airflow/.local/lib/python3.8/site-packages/airflow/example_dags/example_short_circuit_operator.py
[2025-06-03T13:22:06.849+0000] {processor.py:840} INFO - DAG(s) 'example_short_circuit_operator' retrieved from /home/airflow/.local/lib/python3.8/site-packages/airflow/example_dags/example_short_circuit_operator.py
[2025-06-03T13:22:06.858+0000] {logging_mixin.py:188} INFO - [2025-06-03T13:22:06.858+0000] {dag.py:3047} INFO - Sync 1 DAGs
[2025-06-03T13:22:06.869+0000] {logging_mixin.py:188} INFO - [2025-06-03T13:22:06.869+0000] {dag.py:3834} INFO - Setting next_dagrun for example_short_circuit_operator to 2025-06-02 00:00:00+00:00, run_after=2025-06-03 00:00:00+00:00
[2025-06-03T13:22:06.888+0000] {processor.py:183} INFO - Processing /home/airflow/.local/lib/python3.8/site-packages/airflow/example_dags/example_short_circuit_operator.py took 0.047 seconds
[2025-06-03T13:22:37.823+0000] {processor.py:161} INFO - Started process (PID=688) to work on /home/airflow/.local/lib/python3.8/site-packages/airflow/example_dags/example_short_circuit_operator.py
[2025-06-03T13:22:37.824+0000] {processor.py:830} INFO - Processing file /home/airflow/.local/lib/python3.8/site-packages/airflow/example_dags/example_short_circuit_operator.py for tasks to queue
[2025-06-03T13:22:37.826+0000] {logging_mixin.py:188} INFO - [2025-06-03T13:22:37.826+0000] {dagbag.py:540} INFO - Filling up the DagBag from /home/airflow/.local/lib/python3.8/site-packages/airflow/example_dags/example_short_circuit_operator.py
[2025-06-03T13:22:37.831+0000] {processor.py:840} INFO - DAG(s) 'example_short_circuit_operator' retrieved from /home/airflow/.local/lib/python3.8/site-packages/airflow/example_dags/example_short_circuit_operator.py
[2025-06-03T13:22:37.842+0000] {logging_mixin.py:188} INFO - [2025-06-03T13:22:37.842+0000] {dag.py:3047} INFO - Sync 1 DAGs
[2025-06-03T13:22:37.851+0000] {logging_mixin.py:188} INFO - [2025-06-03T13:22:37.851+0000] {dag.py:3834} INFO - Setting next_dagrun for example_short_circuit_operator to 2025-06-02 00:00:00+00:00, run_after=2025-06-03 00:00:00+00:00
[2025-06-03T13:22:37.858+0000] {processor.py:183} INFO - Processing /home/airflow/.local/lib/python3.8/site-packages/airflow/example_dags/example_short_circuit_operator.py took 0.038 seconds
[2025-06-03T13:23:08.697+0000] {processor.py:161} INFO - Started process (PID=743) to work on /home/airflow/.local/lib/python3.8/site-packages/airflow/example_dags/example_short_circuit_operator.py
[2025-06-03T13:23:08.701+0000] {processor.py:830} INFO - Processing file /home/airflow/.local/lib/python3.8/site-packages/airflow/example_dags/example_short_circuit_operator.py for tasks to queue
[2025-06-03T13:23:08.703+0000] {logging_mixin.py:188} INFO - [2025-06-03T13:23:08.702+0000] {dagbag.py:540} INFO - Filling up the DagBag from /home/airflow/.local/lib/python3.8/site-packages/airflow/example_dags/example_short_circuit_operator.py
[2025-06-03T13:23:08.708+0000] {processor.py:840} INFO - DAG(s) 'example_short_circuit_operator' retrieved from /home/airflow/.local/lib/python3.8/site-packages/airflow/example_dags/example_short_circuit_operator.py
[2025-06-03T13:23:08.722+0000] {logging_mixin.py:188} INFO - [2025-06-03T13:23:08.722+0000] {dag.py:3047} INFO - Sync 1 DAGs
[2025-06-03T13:23:08.731+0000] {logging_mixin.py:188} INFO - [2025-06-03T13:23:08.731+0000] {dag.py:3834} INFO - Setting next_dagrun for example_short_circuit_operator to 2025-06-02 00:00:00+00:00, run_after=2025-06-03 00:00:00+00:00
[2025-06-03T13:23:08.738+0000] {processor.py:183} INFO - Processing /home/airflow/.local/lib/python3.8/site-packages/airflow/example_dags/example_short_circuit_operator.py took 0.042 seconds
[2025-06-03T13:23:39.787+0000] {processor.py:161} INFO - Started process (PID=798) to work on /home/airflow/.local/lib/python3.8/site-packages/airflow/example_dags/example_short_circuit_operator.py
[2025-06-03T13:23:39.788+0000] {processor.py:830} INFO - Processing file /home/airflow/.local/lib/python3.8/site-packages/airflow/example_dags/example_short_circuit_operator.py for tasks to queue
[2025-06-03T13:23:39.789+0000] {logging_mixin.py:188} INFO - [2025-06-03T13:23:39.789+0000] {dagbag.py:540} INFO - Filling up the DagBag from /home/airflow/.local/lib/python3.8/site-packages/airflow/example_dags/example_short_circuit_operator.py
[2025-06-03T13:23:39.793+0000] {processor.py:840} INFO - DAG(s) 'example_short_circuit_operator' retrieved from /home/airflow/.local/lib/python3.8/site-packages/airflow/example_dags/example_short_circuit_operator.py
[2025-06-03T13:23:39.805+0000] {logging_mixin.py:188} INFO - [2025-06-03T13:23:39.805+0000] {dag.py:3047} INFO - Sync 1 DAGs
[2025-06-03T13:23:39.815+0000] {logging_mixin.py:188} INFO - [2025-06-03T13:23:39.815+0000] {dag.py:3834} INFO - Setting next_dagrun for example_short_circuit_operator to 2025-06-02 00:00:00+00:00, run_after=2025-06-03 00:00:00+00:00
[2025-06-03T13:23:39.824+0000] {processor.py:183} INFO - Processing /home/airflow/.local/lib/python3.8/site-packages/airflow/example_dags/example_short_circuit_operator.py took 0.039 seconds
[2025-06-03T13:24:09.887+0000] {processor.py:161} INFO - Started process (PID=853) to work on /home/airflow/.local/lib/python3.8/site-packages/airflow/example_dags/example_short_circuit_operator.py
[2025-06-03T13:24:09.889+0000] {processor.py:830} INFO - Processing file /home/airflow/.local/lib/python3.8/site-packages/airflow/example_dags/example_short_circuit_operator.py for tasks to queue
[2025-06-03T13:24:09.891+0000] {logging_mixin.py:188} INFO - [2025-06-03T13:24:09.891+0000] {dagbag.py:540} INFO - Filling up the DagBag from /home/airflow/.local/lib/python3.8/site-packages/airflow/example_dags/example_short_circuit_operator.py
[2025-06-03T13:24:09.900+0000] {processor.py:840} INFO - DAG(s) 'example_short_circuit_operator' retrieved from /home/airflow/.local/lib/python3.8/site-packages/airflow/example_dags/example_short_circuit_operator.py
[2025-06-03T13:24:09.914+0000] {logging_mixin.py:188} INFO - [2025-06-03T13:24:09.914+0000] {dag.py:3047} INFO - Sync 1 DAGs
[2025-06-03T13:24:09.928+0000] {logging_mixin.py:188} INFO - [2025-06-03T13:24:09.927+0000] {dag.py:3834} INFO - Setting next_dagrun for example_short_circuit_operator to 2025-06-02 00:00:00+00:00, run_after=2025-06-03 00:00:00+00:00
[2025-06-03T13:24:09.937+0000] {processor.py:183} INFO - Processing /home/airflow/.local/lib/python3.8/site-packages/airflow/example_dags/example_short_circuit_operator.py took 0.052 seconds
[2025-06-03T13:24:40.667+0000] {processor.py:161} INFO - Started process (PID=908) to work on /home/airflow/.local/lib/python3.8/site-packages/airflow/example_dags/example_short_circuit_operator.py
[2025-06-03T13:24:40.667+0000] {processor.py:830} INFO - Processing file /home/airflow/.local/lib/python3.8/site-packages/airflow/example_dags/example_short_circuit_operator.py for tasks to queue
[2025-06-03T13:24:40.668+0000] {logging_mixin.py:188} INFO - [2025-06-03T13:24:40.668+0000] {dagbag.py:540} INFO - Filling up the DagBag from /home/airflow/.local/lib/python3.8/site-packages/airflow/example_dags/example_short_circuit_operator.py
[2025-06-03T13:24:40.672+0000] {processor.py:840} INFO - DAG(s) 'example_short_circuit_operator' retrieved from /home/airflow/.local/lib/python3.8/site-packages/airflow/example_dags/example_short_circuit_operator.py
[2025-06-03T13:24:40.685+0000] {logging_mixin.py:188} INFO - [2025-06-03T13:24:40.684+0000] {dag.py:3047} INFO - Sync 1 DAGs
[2025-06-03T13:24:40.694+0000] {logging_mixin.py:188} INFO - [2025-06-03T13:24:40.694+0000] {dag.py:3834} INFO - Setting next_dagrun for example_short_circuit_operator to 2025-06-02 00:00:00+00:00, run_after=2025-06-03 00:00:00+00:00
[2025-06-03T13:24:40.700+0000] {processor.py:183} INFO - Processing /home/airflow/.local/lib/python3.8/site-packages/airflow/example_dags/example_short_circuit_operator.py took 0.035 seconds
[2025-06-03T13:25:11.547+0000] {processor.py:161} INFO - Started process (PID=963) to work on /home/airflow/.local/lib/python3.8/site-packages/airflow/example_dags/example_short_circuit_operator.py
[2025-06-03T13:25:11.550+0000] {processor.py:830} INFO - Processing file /home/airflow/.local/lib/python3.8/site-packages/airflow/example_dags/example_short_circuit_operator.py for tasks to queue
[2025-06-03T13:25:11.551+0000] {logging_mixin.py:188} INFO - [2025-06-03T13:25:11.551+0000] {dagbag.py:540} INFO - Filling up the DagBag from /home/airflow/.local/lib/python3.8/site-packages/airflow/example_dags/example_short_circuit_operator.py
[2025-06-03T13:25:11.554+0000] {processor.py:840} INFO - DAG(s) 'example_short_circuit_operator' retrieved from /home/airflow/.local/lib/python3.8/site-packages/airflow/example_dags/example_short_circuit_operator.py
[2025-06-03T13:25:11.569+0000] {logging_mixin.py:188} INFO - [2025-06-03T13:25:11.569+0000] {dag.py:3047} INFO - Sync 1 DAGs
[2025-06-03T13:25:11.581+0000] {logging_mixin.py:188} INFO - [2025-06-03T13:25:11.581+0000] {dag.py:3834} INFO - Setting next_dagrun for example_short_circuit_operator to 2025-06-02 00:00:00+00:00, run_after=2025-06-03 00:00:00+00:00
[2025-06-03T13:25:11.590+0000] {processor.py:183} INFO - Processing /home/airflow/.local/lib/python3.8/site-packages/airflow/example_dags/example_short_circuit_operator.py took 0.045 seconds
[2025-06-03T13:25:42.223+0000] {processor.py:161} INFO - Started process (PID=1018) to work on /home/airflow/.local/lib/python3.8/site-packages/airflow/example_dags/example_short_circuit_operator.py
[2025-06-03T13:25:42.223+0000] {processor.py:830} INFO - Processing file /home/airflow/.local/lib/python3.8/site-packages/airflow/example_dags/example_short_circuit_operator.py for tasks to queue
[2025-06-03T13:25:42.224+0000] {logging_mixin.py:188} INFO - [2025-06-03T13:25:42.224+0000] {dagbag.py:540} INFO - Filling up the DagBag from /home/airflow/.local/lib/python3.8/site-packages/airflow/example_dags/example_short_circuit_operator.py
[2025-06-03T13:25:42.227+0000] {processor.py:840} INFO - DAG(s) 'example_short_circuit_operator' retrieved from /home/airflow/.local/lib/python3.8/site-packages/airflow/example_dags/example_short_circuit_operator.py
[2025-06-03T13:25:42.241+0000] {logging_mixin.py:188} INFO - [2025-06-03T13:25:42.241+0000] {dag.py:3047} INFO - Sync 1 DAGs
[2025-06-03T13:25:42.250+0000] {logging_mixin.py:188} INFO - [2025-06-03T13:25:42.249+0000] {dag.py:3834} INFO - Setting next_dagrun for example_short_circuit_operator to 2025-06-02 00:00:00+00:00, run_after=2025-06-03 00:00:00+00:00
[2025-06-03T13:25:42.256+0000] {processor.py:183} INFO - Processing /home/airflow/.local/lib/python3.8/site-packages/airflow/example_dags/example_short_circuit_operator.py took 0.035 seconds
[2025-06-03T13:26:13.256+0000] {processor.py:161} INFO - Started process (PID=1073) to work on /home/airflow/.local/lib/python3.8/site-packages/airflow/example_dags/example_short_circuit_operator.py
[2025-06-03T13:26:13.258+0000] {processor.py:830} INFO - Processing file /home/airflow/.local/lib/python3.8/site-packages/airflow/example_dags/example_short_circuit_operator.py for tasks to queue
[2025-06-03T13:26:13.259+0000] {logging_mixin.py:188} INFO - [2025-06-03T13:26:13.259+0000] {dagbag.py:540} INFO - Filling up the DagBag from /home/airflow/.local/lib/python3.8/site-packages/airflow/example_dags/example_short_circuit_operator.py
[2025-06-03T13:26:13.262+0000] {processor.py:840} INFO - DAG(s) 'example_short_circuit_operator' retrieved from /home/airflow/.local/lib/python3.8/site-packages/airflow/example_dags/example_short_circuit_operator.py
[2025-06-03T13:26:13.272+0000] {logging_mixin.py:188} INFO - [2025-06-03T13:26:13.272+0000] {dag.py:3047} INFO - Sync 1 DAGs
[2025-06-03T13:26:13.281+0000] {logging_mixin.py:188} INFO - [2025-06-03T13:26:13.281+0000] {dag.py:3834} INFO - Setting next_dagrun for example_short_circuit_operator to 2025-06-02 00:00:00+00:00, run_after=2025-06-03 00:00:00+00:00
[2025-06-03T13:26:13.290+0000] {processor.py:183} INFO - Processing /home/airflow/.local/lib/python3.8/site-packages/airflow/example_dags/example_short_circuit_operator.py took 0.035 seconds
[2025-06-03T13:26:43.355+0000] {processor.py:161} INFO - Started process (PID=1128) to work on /home/airflow/.local/lib/python3.8/site-packages/airflow/example_dags/example_short_circuit_operator.py
[2025-06-03T13:26:43.356+0000] {processor.py:830} INFO - Processing file /home/airflow/.local/lib/python3.8/site-packages/airflow/example_dags/example_short_circuit_operator.py for tasks to queue
[2025-06-03T13:26:43.359+0000] {logging_mixin.py:188} INFO - [2025-06-03T13:26:43.359+0000] {dagbag.py:540} INFO - Filling up the DagBag from /home/airflow/.local/lib/python3.8/site-packages/airflow/example_dags/example_short_circuit_operator.py
[2025-06-03T13:26:43.362+0000] {processor.py:840} INFO - DAG(s) 'example_short_circuit_operator' retrieved from /home/airflow/.local/lib/python3.8/site-packages/airflow/example_dags/example_short_circuit_operator.py
[2025-06-03T13:26:43.376+0000] {logging_mixin.py:188} INFO - [2025-06-03T13:26:43.376+0000] {dag.py:3047} INFO - Sync 1 DAGs
[2025-06-03T13:26:43.389+0000] {logging_mixin.py:188} INFO - [2025-06-03T13:26:43.389+0000] {dag.py:3834} INFO - Setting next_dagrun for example_short_circuit_operator to 2025-06-02 00:00:00+00:00, run_after=2025-06-03 00:00:00+00:00
[2025-06-03T13:26:43.398+0000] {processor.py:183} INFO - Processing /home/airflow/.local/lib/python3.8/site-packages/airflow/example_dags/example_short_circuit_operator.py took 0.045 seconds
[2025-06-03T13:27:13.996+0000] {processor.py:161} INFO - Started process (PID=1183) to work on /home/airflow/.local/lib/python3.8/site-packages/airflow/example_dags/example_short_circuit_operator.py
[2025-06-03T13:27:13.996+0000] {processor.py:830} INFO - Processing file /home/airflow/.local/lib/python3.8/site-packages/airflow/example_dags/example_short_circuit_operator.py for tasks to queue
[2025-06-03T13:27:13.997+0000] {logging_mixin.py:188} INFO - [2025-06-03T13:27:13.997+0000] {dagbag.py:540} INFO - Filling up the DagBag from /home/airflow/.local/lib/python3.8/site-packages/airflow/example_dags/example_short_circuit_operator.py
[2025-06-03T13:27:14.000+0000] {processor.py:840} INFO - DAG(s) 'example_short_circuit_operator' retrieved from /home/airflow/.local/lib/python3.8/site-packages/airflow/example_dags/example_short_circuit_operator.py
[2025-06-03T13:27:14.008+0000] {logging_mixin.py:188} INFO - [2025-06-03T13:27:14.008+0000] {dag.py:3047} INFO - Sync 1 DAGs
[2025-06-03T13:27:14.025+0000] {logging_mixin.py:188} INFO - [2025-06-03T13:27:14.025+0000] {dag.py:3834} INFO - Setting next_dagrun for example_short_circuit_operator to 2025-06-02 00:00:00+00:00, run_after=2025-06-03 00:00:00+00:00
[2025-06-03T13:27:14.034+0000] {processor.py:183} INFO - Processing /home/airflow/.local/lib/python3.8/site-packages/airflow/example_dags/example_short_circuit_operator.py took 0.039 seconds
[2025-06-03T13:27:44.549+0000] {processor.py:161} INFO - Started process (PID=1238) to work on /home/airflow/.local/lib/python3.8/site-packages/airflow/example_dags/example_short_circuit_operator.py
[2025-06-03T13:27:44.550+0000] {processor.py:830} INFO - Processing file /home/airflow/.local/lib/python3.8/site-packages/airflow/example_dags/example_short_circuit_operator.py for tasks to queue
[2025-06-03T13:27:44.550+0000] {logging_mixin.py:188} INFO - [2025-06-03T13:27:44.550+0000] {dagbag.py:540} INFO - Filling up the DagBag from /home/airflow/.local/lib/python3.8/site-packages/airflow/example_dags/example_short_circuit_operator.py
[2025-06-03T13:27:44.554+0000] {processor.py:840} INFO - DAG(s) 'example_short_circuit_operator' retrieved from /home/airflow/.local/lib/python3.8/site-packages/airflow/example_dags/example_short_circuit_operator.py
[2025-06-03T13:27:44.564+0000] {logging_mixin.py:188} INFO - [2025-06-03T13:27:44.564+0000] {dag.py:3047} INFO - Sync 1 DAGs
[2025-06-03T13:27:44.575+0000] {logging_mixin.py:188} INFO - [2025-06-03T13:27:44.574+0000] {dag.py:3834} INFO - Setting next_dagrun for example_short_circuit_operator to 2025-06-02 00:00:00+00:00, run_after=2025-06-03 00:00:00+00:00
[2025-06-03T13:27:44.583+0000] {processor.py:183} INFO - Processing /home/airflow/.local/lib/python3.8/site-packages/airflow/example_dags/example_short_circuit_operator.py took 0.036 seconds
[2025-06-03T13:28:15.192+0000] {processor.py:161} INFO - Started process (PID=1293) to work on /home/airflow/.local/lib/python3.8/site-packages/airflow/example_dags/example_short_circuit_operator.py
[2025-06-03T13:28:15.192+0000] {processor.py:830} INFO - Processing file /home/airflow/.local/lib/python3.8/site-packages/airflow/example_dags/example_short_circuit_operator.py for tasks to queue
[2025-06-03T13:28:15.193+0000] {logging_mixin.py:188} INFO - [2025-06-03T13:28:15.193+0000] {dagbag.py:540} INFO - Filling up the DagBag from /home/airflow/.local/lib/python3.8/site-packages/airflow/example_dags/example_short_circuit_operator.py
[2025-06-03T13:28:15.196+0000] {processor.py:840} INFO - DAG(s) 'example_short_circuit_operator' retrieved from /home/airflow/.local/lib/python3.8/site-packages/airflow/example_dags/example_short_circuit_operator.py
[2025-06-03T13:28:15.210+0000] {logging_mixin.py:188} INFO - [2025-06-03T13:28:15.210+0000] {dag.py:3047} INFO - Sync 1 DAGs
[2025-06-03T13:28:15.219+0000] {logging_mixin.py:188} INFO - [2025-06-03T13:28:15.219+0000] {dag.py:3834} INFO - Setting next_dagrun for example_short_circuit_operator to 2025-06-02 00:00:00+00:00, run_after=2025-06-03 00:00:00+00:00
[2025-06-03T13:28:15.225+0000] {processor.py:183} INFO - Processing /home/airflow/.local/lib/python3.8/site-packages/airflow/example_dags/example_short_circuit_operator.py took 0.035 seconds
[2025-06-03T13:28:45.855+0000] {processor.py:161} INFO - Started process (PID=1348) to work on /home/airflow/.local/lib/python3.8/site-packages/airflow/example_dags/example_short_circuit_operator.py
[2025-06-03T13:28:45.856+0000] {processor.py:830} INFO - Processing file /home/airflow/.local/lib/python3.8/site-packages/airflow/example_dags/example_short_circuit_operator.py for tasks to queue
[2025-06-03T13:28:45.857+0000] {logging_mixin.py:188} INFO - [2025-06-03T13:28:45.857+0000] {dagbag.py:540} INFO - Filling up the DagBag from /home/airflow/.local/lib/python3.8/site-packages/airflow/example_dags/example_short_circuit_operator.py
[2025-06-03T13:28:45.862+0000] {processor.py:840} INFO - DAG(s) 'example_short_circuit_operator' retrieved from /home/airflow/.local/lib/python3.8/site-packages/airflow/example_dags/example_short_circuit_operator.py
[2025-06-03T13:28:45.875+0000] {logging_mixin.py:188} INFO - [2025-06-03T13:28:45.875+0000] {dag.py:3047} INFO - Sync 1 DAGs
[2025-06-03T13:28:45.889+0000] {logging_mixin.py:188} INFO - [2025-06-03T13:28:45.889+0000] {dag.py:3834} INFO - Setting next_dagrun for example_short_circuit_operator to 2025-06-02 00:00:00+00:00, run_after=2025-06-03 00:00:00+00:00
[2025-06-03T13:28:45.906+0000] {processor.py:183} INFO - Processing /home/airflow/.local/lib/python3.8/site-packages/airflow/example_dags/example_short_circuit_operator.py took 0.053 seconds
[2025-06-03T13:29:16.006+0000] {processor.py:161} INFO - Started process (PID=1403) to work on /home/airflow/.local/lib/python3.8/site-packages/airflow/example_dags/example_short_circuit_operator.py
[2025-06-03T13:29:16.006+0000] {processor.py:830} INFO - Processing file /home/airflow/.local/lib/python3.8/site-packages/airflow/example_dags/example_short_circuit_operator.py for tasks to queue
[2025-06-03T13:29:16.007+0000] {logging_mixin.py:188} INFO - [2025-06-03T13:29:16.007+0000] {dagbag.py:540} INFO - Filling up the DagBag from /home/airflow/.local/lib/python3.8/site-packages/airflow/example_dags/example_short_circuit_operator.py
[2025-06-03T13:29:16.010+0000] {processor.py:840} INFO - DAG(s) 'example_short_circuit_operator' retrieved from /home/airflow/.local/lib/python3.8/site-packages/airflow/example_dags/example_short_circuit_operator.py
[2025-06-03T13:29:16.019+0000] {logging_mixin.py:188} INFO - [2025-06-03T13:29:16.019+0000] {dag.py:3047} INFO - Sync 1 DAGs
[2025-06-03T13:29:16.026+0000] {logging_mixin.py:188} INFO - [2025-06-03T13:29:16.026+0000] {dag.py:3834} INFO - Setting next_dagrun for example_short_circuit_operator to 2025-06-02 00:00:00+00:00, run_after=2025-06-03 00:00:00+00:00
[2025-06-03T13:29:16.033+0000] {processor.py:183} INFO - Processing /home/airflow/.local/lib/python3.8/site-packages/airflow/example_dags/example_short_circuit_operator.py took 0.029 seconds
[2025-06-03T13:29:46.329+0000] {processor.py:161} INFO - Started process (PID=1458) to work on /home/airflow/.local/lib/python3.8/site-packages/airflow/example_dags/example_short_circuit_operator.py
[2025-06-03T13:29:46.331+0000] {processor.py:830} INFO - Processing file /home/airflow/.local/lib/python3.8/site-packages/airflow/example_dags/example_short_circuit_operator.py for tasks to queue
[2025-06-03T13:29:46.332+0000] {logging_mixin.py:188} INFO - [2025-06-03T13:29:46.332+0000] {dagbag.py:540} INFO - Filling up the DagBag from /home/airflow/.local/lib/python3.8/site-packages/airflow/example_dags/example_short_circuit_operator.py
[2025-06-03T13:29:46.335+0000] {processor.py:840} INFO - DAG(s) 'example_short_circuit_operator' retrieved from /home/airflow/.local/lib/python3.8/site-packages/airflow/example_dags/example_short_circuit_operator.py
[2025-06-03T13:29:46.343+0000] {logging_mixin.py:188} INFO - [2025-06-03T13:29:46.343+0000] {dag.py:3047} INFO - Sync 1 DAGs
[2025-06-03T13:29:46.352+0000] {logging_mixin.py:188} INFO - [2025-06-03T13:29:46.352+0000] {dag.py:3834} INFO - Setting next_dagrun for example_short_circuit_operator to 2025-06-02 00:00:00+00:00, run_after=2025-06-03 00:00:00+00:00
[2025-06-03T13:29:46.358+0000] {processor.py:183} INFO - Processing /home/airflow/.local/lib/python3.8/site-packages/airflow/example_dags/example_short_circuit_operator.py took 0.030 seconds
[2025-06-03T13:30:16.664+0000] {processor.py:161} INFO - Started process (PID=1513) to work on /home/airflow/.local/lib/python3.8/site-packages/airflow/example_dags/example_short_circuit_operator.py
[2025-06-03T13:30:16.665+0000] {processor.py:830} INFO - Processing file /home/airflow/.local/lib/python3.8/site-packages/airflow/example_dags/example_short_circuit_operator.py for tasks to queue
[2025-06-03T13:30:16.666+0000] {logging_mixin.py:188} INFO - [2025-06-03T13:30:16.666+0000] {dagbag.py:540} INFO - Filling up the DagBag from /home/airflow/.local/lib/python3.8/site-packages/airflow/example_dags/example_short_circuit_operator.py
[2025-06-03T13:30:16.669+0000] {processor.py:840} INFO - DAG(s) 'example_short_circuit_operator' retrieved from /home/airflow/.local/lib/python3.8/site-packages/airflow/example_dags/example_short_circuit_operator.py
[2025-06-03T13:30:16.678+0000] {logging_mixin.py:188} INFO - [2025-06-03T13:30:16.678+0000] {dag.py:3047} INFO - Sync 1 DAGs
[2025-06-03T13:30:16.689+0000] {logging_mixin.py:188} INFO - [2025-06-03T13:30:16.689+0000] {dag.py:3834} INFO - Setting next_dagrun for example_short_circuit_operator to 2025-06-02 00:00:00+00:00, run_after=2025-06-03 00:00:00+00:00
[2025-06-03T13:30:16.695+0000] {processor.py:183} INFO - Processing /home/airflow/.local/lib/python3.8/site-packages/airflow/example_dags/example_short_circuit_operator.py took 0.032 seconds
[2025-06-03T13:30:46.965+0000] {processor.py:161} INFO - Started process (PID=1567) to work on /home/airflow/.local/lib/python3.8/site-packages/airflow/example_dags/example_short_circuit_operator.py
[2025-06-03T13:30:46.965+0000] {processor.py:830} INFO - Processing file /home/airflow/.local/lib/python3.8/site-packages/airflow/example_dags/example_short_circuit_operator.py for tasks to queue
[2025-06-03T13:30:46.966+0000] {logging_mixin.py:188} INFO - [2025-06-03T13:30:46.966+0000] {dagbag.py:540} INFO - Filling up the DagBag from /home/airflow/.local/lib/python3.8/site-packages/airflow/example_dags/example_short_circuit_operator.py
[2025-06-03T13:30:46.969+0000] {processor.py:840} INFO - DAG(s) 'example_short_circuit_operator' retrieved from /home/airflow/.local/lib/python3.8/site-packages/airflow/example_dags/example_short_circuit_operator.py
[2025-06-03T13:30:46.978+0000] {logging_mixin.py:188} INFO - [2025-06-03T13:30:46.978+0000] {dag.py:3047} INFO - Sync 1 DAGs
[2025-06-03T13:30:46.987+0000] {logging_mixin.py:188} INFO - [2025-06-03T13:30:46.987+0000] {dag.py:3834} INFO - Setting next_dagrun for example_short_circuit_operator to 2025-06-02 00:00:00+00:00, run_after=2025-06-03 00:00:00+00:00
[2025-06-03T13:30:46.993+0000] {processor.py:183} INFO - Processing /home/airflow/.local/lib/python3.8/site-packages/airflow/example_dags/example_short_circuit_operator.py took 0.029 seconds
[2025-06-03T13:31:17.264+0000] {processor.py:161} INFO - Started process (PID=1622) to work on /home/airflow/.local/lib/python3.8/site-packages/airflow/example_dags/example_short_circuit_operator.py
[2025-06-03T13:31:17.265+0000] {processor.py:830} INFO - Processing file /home/airflow/.local/lib/python3.8/site-packages/airflow/example_dags/example_short_circuit_operator.py for tasks to queue
[2025-06-03T13:31:17.265+0000] {logging_mixin.py:188} INFO - [2025-06-03T13:31:17.265+0000] {dagbag.py:540} INFO - Filling up the DagBag from /home/airflow/.local/lib/python3.8/site-packages/airflow/example_dags/example_short_circuit_operator.py
[2025-06-03T13:31:17.268+0000] {processor.py:840} INFO - DAG(s) 'example_short_circuit_operator' retrieved from /home/airflow/.local/lib/python3.8/site-packages/airflow/example_dags/example_short_circuit_operator.py
[2025-06-03T13:31:17.277+0000] {logging_mixin.py:188} INFO - [2025-06-03T13:31:17.277+0000] {dag.py:3047} INFO - Sync 1 DAGs
[2025-06-03T13:31:17.285+0000] {logging_mixin.py:188} INFO - [2025-06-03T13:31:17.284+0000] {dag.py:3834} INFO - Setting next_dagrun for example_short_circuit_operator to 2025-06-02 00:00:00+00:00, run_after=2025-06-03 00:00:00+00:00
[2025-06-03T13:31:17.290+0000] {processor.py:183} INFO - Processing /home/airflow/.local/lib/python3.8/site-packages/airflow/example_dags/example_short_circuit_operator.py took 0.027 seconds
[2025-06-03T13:31:47.554+0000] {processor.py:161} INFO - Started process (PID=1677) to work on /home/airflow/.local/lib/python3.8/site-packages/airflow/example_dags/example_short_circuit_operator.py
[2025-06-03T13:31:47.554+0000] {processor.py:830} INFO - Processing file /home/airflow/.local/lib/python3.8/site-packages/airflow/example_dags/example_short_circuit_operator.py for tasks to queue
[2025-06-03T13:31:47.555+0000] {logging_mixin.py:188} INFO - [2025-06-03T13:31:47.555+0000] {dagbag.py:540} INFO - Filling up the DagBag from /home/airflow/.local/lib/python3.8/site-packages/airflow/example_dags/example_short_circuit_operator.py
[2025-06-03T13:31:47.558+0000] {processor.py:840} INFO - DAG(s) 'example_short_circuit_operator' retrieved from /home/airflow/.local/lib/python3.8/site-packages/airflow/example_dags/example_short_circuit_operator.py
[2025-06-03T13:31:47.567+0000] {logging_mixin.py:188} INFO - [2025-06-03T13:31:47.567+0000] {dag.py:3047} INFO - Sync 1 DAGs
[2025-06-03T13:31:47.576+0000] {logging_mixin.py:188} INFO - [2025-06-03T13:31:47.576+0000] {dag.py:3834} INFO - Setting next_dagrun for example_short_circuit_operator to 2025-06-02 00:00:00+00:00, run_after=2025-06-03 00:00:00+00:00
[2025-06-03T13:31:47.582+0000] {processor.py:183} INFO - Processing /home/airflow/.local/lib/python3.8/site-packages/airflow/example_dags/example_short_circuit_operator.py took 0.029 seconds
[2025-06-03T13:32:17.834+0000] {processor.py:161} INFO - Started process (PID=1732) to work on /home/airflow/.local/lib/python3.8/site-packages/airflow/example_dags/example_short_circuit_operator.py
[2025-06-03T13:32:17.835+0000] {processor.py:830} INFO - Processing file /home/airflow/.local/lib/python3.8/site-packages/airflow/example_dags/example_short_circuit_operator.py for tasks to queue
[2025-06-03T13:32:17.838+0000] {logging_mixin.py:188} INFO - [2025-06-03T13:32:17.838+0000] {dagbag.py:540} INFO - Filling up the DagBag from /home/airflow/.local/lib/python3.8/site-packages/airflow/example_dags/example_short_circuit_operator.py
[2025-06-03T13:32:17.841+0000] {processor.py:840} INFO - DAG(s) 'example_short_circuit_operator' retrieved from /home/airflow/.local/lib/python3.8/site-packages/airflow/example_dags/example_short_circuit_operator.py
[2025-06-03T13:32:17.849+0000] {logging_mixin.py:188} INFO - [2025-06-03T13:32:17.849+0000] {dag.py:3047} INFO - Sync 1 DAGs
[2025-06-03T13:32:17.859+0000] {logging_mixin.py:188} INFO - [2025-06-03T13:32:17.859+0000] {dag.py:3834} INFO - Setting next_dagrun for example_short_circuit_operator to 2025-06-02 00:00:00+00:00, run_after=2025-06-03 00:00:00+00:00
[2025-06-03T13:32:17.867+0000] {processor.py:183} INFO - Processing /home/airflow/.local/lib/python3.8/site-packages/airflow/example_dags/example_short_circuit_operator.py took 0.035 seconds
[2025-06-03T13:32:48.132+0000] {processor.py:161} INFO - Started process (PID=1787) to work on /home/airflow/.local/lib/python3.8/site-packages/airflow/example_dags/example_short_circuit_operator.py
[2025-06-03T13:32:48.132+0000] {processor.py:830} INFO - Processing file /home/airflow/.local/lib/python3.8/site-packages/airflow/example_dags/example_short_circuit_operator.py for tasks to queue
[2025-06-03T13:32:48.133+0000] {logging_mixin.py:188} INFO - [2025-06-03T13:32:48.133+0000] {dagbag.py:540} INFO - Filling up the DagBag from /home/airflow/.local/lib/python3.8/site-packages/airflow/example_dags/example_short_circuit_operator.py
[2025-06-03T13:32:48.135+0000] {processor.py:840} INFO - DAG(s) 'example_short_circuit_operator' retrieved from /home/airflow/.local/lib/python3.8/site-packages/airflow/example_dags/example_short_circuit_operator.py
[2025-06-03T13:32:48.144+0000] {logging_mixin.py:188} INFO - [2025-06-03T13:32:48.144+0000] {dag.py:3047} INFO - Sync 1 DAGs
[2025-06-03T13:32:48.153+0000] {logging_mixin.py:188} INFO - [2025-06-03T13:32:48.153+0000] {dag.py:3834} INFO - Setting next_dagrun for example_short_circuit_operator to 2025-06-02 00:00:00+00:00, run_after=2025-06-03 00:00:00+00:00
[2025-06-03T13:32:48.159+0000] {processor.py:183} INFO - Processing /home/airflow/.local/lib/python3.8/site-packages/airflow/example_dags/example_short_circuit_operator.py took 0.029 seconds
[2025-06-03T13:33:18.447+0000] {processor.py:161} INFO - Started process (PID=1842) to work on /home/airflow/.local/lib/python3.8/site-packages/airflow/example_dags/example_short_circuit_operator.py
[2025-06-03T13:33:18.447+0000] {processor.py:830} INFO - Processing file /home/airflow/.local/lib/python3.8/site-packages/airflow/example_dags/example_short_circuit_operator.py for tasks to queue
[2025-06-03T13:33:18.448+0000] {logging_mixin.py:188} INFO - [2025-06-03T13:33:18.448+0000] {dagbag.py:540} INFO - Filling up the DagBag from /home/airflow/.local/lib/python3.8/site-packages/airflow/example_dags/example_short_circuit_operator.py
[2025-06-03T13:33:18.451+0000] {processor.py:840} INFO - DAG(s) 'example_short_circuit_operator' retrieved from /home/airflow/.local/lib/python3.8/site-packages/airflow/example_dags/example_short_circuit_operator.py
[2025-06-03T13:33:18.460+0000] {logging_mixin.py:188} INFO - [2025-06-03T13:33:18.460+0000] {dag.py:3047} INFO - Sync 1 DAGs
[2025-06-03T13:33:18.469+0000] {logging_mixin.py:188} INFO - [2025-06-03T13:33:18.469+0000] {dag.py:3834} INFO - Setting next_dagrun for example_short_circuit_operator to 2025-06-02 00:00:00+00:00, run_after=2025-06-03 00:00:00+00:00
[2025-06-03T13:33:18.476+0000] {processor.py:183} INFO - Processing /home/airflow/.local/lib/python3.8/site-packages/airflow/example_dags/example_short_circuit_operator.py took 0.030 seconds
[2025-06-03T13:33:48.709+0000] {processor.py:161} INFO - Started process (PID=1897) to work on /home/airflow/.local/lib/python3.8/site-packages/airflow/example_dags/example_short_circuit_operator.py
[2025-06-03T13:33:48.709+0000] {processor.py:830} INFO - Processing file /home/airflow/.local/lib/python3.8/site-packages/airflow/example_dags/example_short_circuit_operator.py for tasks to queue
[2025-06-03T13:33:48.710+0000] {logging_mixin.py:188} INFO - [2025-06-03T13:33:48.710+0000] {dagbag.py:540} INFO - Filling up the DagBag from /home/airflow/.local/lib/python3.8/site-packages/airflow/example_dags/example_short_circuit_operator.py
[2025-06-03T13:33:48.713+0000] {processor.py:840} INFO - DAG(s) 'example_short_circuit_operator' retrieved from /home/airflow/.local/lib/python3.8/site-packages/airflow/example_dags/example_short_circuit_operator.py
[2025-06-03T13:33:48.724+0000] {logging_mixin.py:188} INFO - [2025-06-03T13:33:48.724+0000] {dag.py:3047} INFO - Sync 1 DAGs
[2025-06-03T13:33:48.733+0000] {logging_mixin.py:188} INFO - [2025-06-03T13:33:48.733+0000] {dag.py:3834} INFO - Setting next_dagrun for example_short_circuit_operator to 2025-06-02 00:00:00+00:00, run_after=2025-06-03 00:00:00+00:00
[2025-06-03T13:33:48.741+0000] {processor.py:183} INFO - Processing /home/airflow/.local/lib/python3.8/site-packages/airflow/example_dags/example_short_circuit_operator.py took 0.033 seconds
[2025-06-03T13:34:19.044+0000] {processor.py:161} INFO - Started process (PID=1952) to work on /home/airflow/.local/lib/python3.8/site-packages/airflow/example_dags/example_short_circuit_operator.py
[2025-06-03T13:34:19.045+0000] {processor.py:830} INFO - Processing file /home/airflow/.local/lib/python3.8/site-packages/airflow/example_dags/example_short_circuit_operator.py for tasks to queue
[2025-06-03T13:34:19.048+0000] {logging_mixin.py:188} INFO - [2025-06-03T13:34:19.048+0000] {dagbag.py:540} INFO - Filling up the DagBag from /home/airflow/.local/lib/python3.8/site-packages/airflow/example_dags/example_short_circuit_operator.py
[2025-06-03T13:34:19.051+0000] {processor.py:840} INFO - DAG(s) 'example_short_circuit_operator' retrieved from /home/airflow/.local/lib/python3.8/site-packages/airflow/example_dags/example_short_circuit_operator.py
[2025-06-03T13:34:19.060+0000] {logging_mixin.py:188} INFO - [2025-06-03T13:34:19.060+0000] {dag.py:3047} INFO - Sync 1 DAGs
[2025-06-03T13:34:19.068+0000] {logging_mixin.py:188} INFO - [2025-06-03T13:34:19.068+0000] {dag.py:3834} INFO - Setting next_dagrun for example_short_circuit_operator to 2025-06-02 00:00:00+00:00, run_after=2025-06-03 00:00:00+00:00
[2025-06-03T13:34:19.075+0000] {processor.py:183} INFO - Processing /home/airflow/.local/lib/python3.8/site-packages/airflow/example_dags/example_short_circuit_operator.py took 0.032 seconds
[2025-06-03T13:34:49.395+0000] {processor.py:161} INFO - Started process (PID=2007) to work on /home/airflow/.local/lib/python3.8/site-packages/airflow/example_dags/example_short_circuit_operator.py
[2025-06-03T13:34:49.396+0000] {processor.py:830} INFO - Processing file /home/airflow/.local/lib/python3.8/site-packages/airflow/example_dags/example_short_circuit_operator.py for tasks to queue
[2025-06-03T13:34:49.396+0000] {logging_mixin.py:188} INFO - [2025-06-03T13:34:49.396+0000] {dagbag.py:540} INFO - Filling up the DagBag from /home/airflow/.local/lib/python3.8/site-packages/airflow/example_dags/example_short_circuit_operator.py
[2025-06-03T13:34:49.399+0000] {processor.py:840} INFO - DAG(s) 'example_short_circuit_operator' retrieved from /home/airflow/.local/lib/python3.8/site-packages/airflow/example_dags/example_short_circuit_operator.py
[2025-06-03T13:34:49.409+0000] {logging_mixin.py:188} INFO - [2025-06-03T13:34:49.408+0000] {dag.py:3047} INFO - Sync 1 DAGs
[2025-06-03T13:34:49.416+0000] {logging_mixin.py:188} INFO - [2025-06-03T13:34:49.416+0000] {dag.py:3834} INFO - Setting next_dagrun for example_short_circuit_operator to 2025-06-02 00:00:00+00:00, run_after=2025-06-03 00:00:00+00:00
[2025-06-03T13:34:49.422+0000] {processor.py:183} INFO - Processing /home/airflow/.local/lib/python3.8/site-packages/airflow/example_dags/example_short_circuit_operator.py took 0.028 seconds
[2025-06-03T13:35:20.031+0000] {processor.py:161} INFO - Started process (PID=2062) to work on /home/airflow/.local/lib/python3.8/site-packages/airflow/example_dags/example_short_circuit_operator.py
[2025-06-03T13:35:20.034+0000] {processor.py:830} INFO - Processing file /home/airflow/.local/lib/python3.8/site-packages/airflow/example_dags/example_short_circuit_operator.py for tasks to queue
[2025-06-03T13:35:20.036+0000] {logging_mixin.py:188} INFO - [2025-06-03T13:35:20.036+0000] {dagbag.py:540} INFO - Filling up the DagBag from /home/airflow/.local/lib/python3.8/site-packages/airflow/example_dags/example_short_circuit_operator.py
[2025-06-03T13:35:20.039+0000] {processor.py:840} INFO - DAG(s) 'example_short_circuit_operator' retrieved from /home/airflow/.local/lib/python3.8/site-packages/airflow/example_dags/example_short_circuit_operator.py
[2025-06-03T13:35:20.050+0000] {logging_mixin.py:188} INFO - [2025-06-03T13:35:20.050+0000] {dag.py:3047} INFO - Sync 1 DAGs
[2025-06-03T13:35:20.061+0000] {logging_mixin.py:188} INFO - [2025-06-03T13:35:20.061+0000] {dag.py:3834} INFO - Setting next_dagrun for example_short_circuit_operator to 2025-06-02 00:00:00+00:00, run_after=2025-06-03 00:00:00+00:00
[2025-06-03T13:35:20.070+0000] {processor.py:183} INFO - Processing /home/airflow/.local/lib/python3.8/site-packages/airflow/example_dags/example_short_circuit_operator.py took 0.040 seconds
[2025-06-03T13:35:50.393+0000] {processor.py:161} INFO - Started process (PID=2117) to work on /home/airflow/.local/lib/python3.8/site-packages/airflow/example_dags/example_short_circuit_operator.py
[2025-06-03T13:35:50.393+0000] {processor.py:830} INFO - Processing file /home/airflow/.local/lib/python3.8/site-packages/airflow/example_dags/example_short_circuit_operator.py for tasks to queue
[2025-06-03T13:35:50.394+0000] {logging_mixin.py:188} INFO - [2025-06-03T13:35:50.394+0000] {dagbag.py:540} INFO - Filling up the DagBag from /home/airflow/.local/lib/python3.8/site-packages/airflow/example_dags/example_short_circuit_operator.py
[2025-06-03T13:35:50.397+0000] {processor.py:840} INFO - DAG(s) 'example_short_circuit_operator' retrieved from /home/airflow/.local/lib/python3.8/site-packages/airflow/example_dags/example_short_circuit_operator.py
[2025-06-03T13:35:50.406+0000] {logging_mixin.py:188} INFO - [2025-06-03T13:35:50.406+0000] {dag.py:3047} INFO - Sync 1 DAGs
[2025-06-03T13:35:50.414+0000] {logging_mixin.py:188} INFO - [2025-06-03T13:35:50.414+0000] {dag.py:3834} INFO - Setting next_dagrun for example_short_circuit_operator to 2025-06-02 00:00:00+00:00, run_after=2025-06-03 00:00:00+00:00
[2025-06-03T13:35:50.421+0000] {processor.py:183} INFO - Processing /home/airflow/.local/lib/python3.8/site-packages/airflow/example_dags/example_short_circuit_operator.py took 0.029 seconds
[2025-06-03T13:36:20.685+0000] {processor.py:161} INFO - Started process (PID=2172) to work on /home/airflow/.local/lib/python3.8/site-packages/airflow/example_dags/example_short_circuit_operator.py
[2025-06-03T13:36:20.687+0000] {processor.py:830} INFO - Processing file /home/airflow/.local/lib/python3.8/site-packages/airflow/example_dags/example_short_circuit_operator.py for tasks to queue
[2025-06-03T13:36:20.687+0000] {logging_mixin.py:188} INFO - [2025-06-03T13:36:20.687+0000] {dagbag.py:540} INFO - Filling up the DagBag from /home/airflow/.local/lib/python3.8/site-packages/airflow/example_dags/example_short_circuit_operator.py
[2025-06-03T13:36:20.690+0000] {processor.py:840} INFO - DAG(s) 'example_short_circuit_operator' retrieved from /home/airflow/.local/lib/python3.8/site-packages/airflow/example_dags/example_short_circuit_operator.py
[2025-06-03T13:36:20.699+0000] {logging_mixin.py:188} INFO - [2025-06-03T13:36:20.699+0000] {dag.py:3047} INFO - Sync 1 DAGs
[2025-06-03T13:36:20.707+0000] {logging_mixin.py:188} INFO - [2025-06-03T13:36:20.707+0000] {dag.py:3834} INFO - Setting next_dagrun for example_short_circuit_operator to 2025-06-02 00:00:00+00:00, run_after=2025-06-03 00:00:00+00:00
[2025-06-03T13:36:20.713+0000] {processor.py:183} INFO - Processing /home/airflow/.local/lib/python3.8/site-packages/airflow/example_dags/example_short_circuit_operator.py took 0.029 seconds
[2025-06-03T13:36:51.066+0000] {processor.py:161} INFO - Started process (PID=2227) to work on /home/airflow/.local/lib/python3.8/site-packages/airflow/example_dags/example_short_circuit_operator.py
[2025-06-03T13:36:51.066+0000] {processor.py:830} INFO - Processing file /home/airflow/.local/lib/python3.8/site-packages/airflow/example_dags/example_short_circuit_operator.py for tasks to queue
[2025-06-03T13:36:51.067+0000] {logging_mixin.py:188} INFO - [2025-06-03T13:36:51.067+0000] {dagbag.py:540} INFO - Filling up the DagBag from /home/airflow/.local/lib/python3.8/site-packages/airflow/example_dags/example_short_circuit_operator.py
[2025-06-03T13:36:51.070+0000] {processor.py:840} INFO - DAG(s) 'example_short_circuit_operator' retrieved from /home/airflow/.local/lib/python3.8/site-packages/airflow/example_dags/example_short_circuit_operator.py
[2025-06-03T13:36:51.079+0000] {logging_mixin.py:188} INFO - [2025-06-03T13:36:51.079+0000] {dag.py:3047} INFO - Sync 1 DAGs
[2025-06-03T13:36:51.087+0000] {logging_mixin.py:188} INFO - [2025-06-03T13:36:51.087+0000] {dag.py:3834} INFO - Setting next_dagrun for example_short_circuit_operator to 2025-06-02 00:00:00+00:00, run_after=2025-06-03 00:00:00+00:00
[2025-06-03T13:36:51.093+0000] {processor.py:183} INFO - Processing /home/airflow/.local/lib/python3.8/site-packages/airflow/example_dags/example_short_circuit_operator.py took 0.028 seconds
[2025-06-03T13:37:21.438+0000] {processor.py:161} INFO - Started process (PID=2282) to work on /home/airflow/.local/lib/python3.8/site-packages/airflow/example_dags/example_short_circuit_operator.py
[2025-06-03T13:37:21.438+0000] {processor.py:830} INFO - Processing file /home/airflow/.local/lib/python3.8/site-packages/airflow/example_dags/example_short_circuit_operator.py for tasks to queue
[2025-06-03T13:37:21.439+0000] {logging_mixin.py:188} INFO - [2025-06-03T13:37:21.439+0000] {dagbag.py:540} INFO - Filling up the DagBag from /home/airflow/.local/lib/python3.8/site-packages/airflow/example_dags/example_short_circuit_operator.py
[2025-06-03T13:37:21.442+0000] {processor.py:840} INFO - DAG(s) 'example_short_circuit_operator' retrieved from /home/airflow/.local/lib/python3.8/site-packages/airflow/example_dags/example_short_circuit_operator.py
[2025-06-03T13:37:21.450+0000] {logging_mixin.py:188} INFO - [2025-06-03T13:37:21.450+0000] {dag.py:3047} INFO - Sync 1 DAGs
[2025-06-03T13:37:21.457+0000] {logging_mixin.py:188} INFO - [2025-06-03T13:37:21.457+0000] {dag.py:3834} INFO - Setting next_dagrun for example_short_circuit_operator to 2025-06-02 00:00:00+00:00, run_after=2025-06-03 00:00:00+00:00
[2025-06-03T13:37:21.462+0000] {processor.py:183} INFO - Processing /home/airflow/.local/lib/python3.8/site-packages/airflow/example_dags/example_short_circuit_operator.py took 0.026 seconds
[2025-06-03T13:37:52.097+0000] {processor.py:161} INFO - Started process (PID=2337) to work on /home/airflow/.local/lib/python3.8/site-packages/airflow/example_dags/example_short_circuit_operator.py
[2025-06-03T13:37:52.098+0000] {processor.py:830} INFO - Processing file /home/airflow/.local/lib/python3.8/site-packages/airflow/example_dags/example_short_circuit_operator.py for tasks to queue
[2025-06-03T13:37:52.099+0000] {logging_mixin.py:188} INFO - [2025-06-03T13:37:52.099+0000] {dagbag.py:540} INFO - Filling up the DagBag from /home/airflow/.local/lib/python3.8/site-packages/airflow/example_dags/example_short_circuit_operator.py
[2025-06-03T13:37:52.102+0000] {processor.py:840} INFO - DAG(s) 'example_short_circuit_operator' retrieved from /home/airflow/.local/lib/python3.8/site-packages/airflow/example_dags/example_short_circuit_operator.py
[2025-06-03T13:37:52.116+0000] {logging_mixin.py:188} INFO - [2025-06-03T13:37:52.116+0000] {dag.py:3047} INFO - Sync 1 DAGs
[2025-06-03T13:37:52.124+0000] {logging_mixin.py:188} INFO - [2025-06-03T13:37:52.124+0000] {dag.py:3834} INFO - Setting next_dagrun for example_short_circuit_operator to 2025-06-02 00:00:00+00:00, run_after=2025-06-03 00:00:00+00:00
[2025-06-03T13:37:52.136+0000] {processor.py:183} INFO - Processing /home/airflow/.local/lib/python3.8/site-packages/airflow/example_dags/example_short_circuit_operator.py took 0.040 seconds
[2025-06-03T13:38:23.136+0000] {processor.py:161} INFO - Started process (PID=2392) to work on /home/airflow/.local/lib/python3.8/site-packages/airflow/example_dags/example_short_circuit_operator.py
[2025-06-03T13:38:23.136+0000] {processor.py:830} INFO - Processing file /home/airflow/.local/lib/python3.8/site-packages/airflow/example_dags/example_short_circuit_operator.py for tasks to queue
[2025-06-03T13:38:23.137+0000] {logging_mixin.py:188} INFO - [2025-06-03T13:38:23.137+0000] {dagbag.py:540} INFO - Filling up the DagBag from /home/airflow/.local/lib/python3.8/site-packages/airflow/example_dags/example_short_circuit_operator.py
[2025-06-03T13:38:23.140+0000] {processor.py:840} INFO - DAG(s) 'example_short_circuit_operator' retrieved from /home/airflow/.local/lib/python3.8/site-packages/airflow/example_dags/example_short_circuit_operator.py
[2025-06-03T13:38:23.151+0000] {logging_mixin.py:188} INFO - [2025-06-03T13:38:23.151+0000] {dag.py:3047} INFO - Sync 1 DAGs
[2025-06-03T13:38:23.161+0000] {logging_mixin.py:188} INFO - [2025-06-03T13:38:23.161+0000] {dag.py:3834} INFO - Setting next_dagrun for example_short_circuit_operator to 2025-06-02 00:00:00+00:00, run_after=2025-06-03 00:00:00+00:00
[2025-06-03T13:38:23.175+0000] {processor.py:183} INFO - Processing /home/airflow/.local/lib/python3.8/site-packages/airflow/example_dags/example_short_circuit_operator.py took 0.041 seconds
[2025-06-03T13:38:53.713+0000] {processor.py:161} INFO - Started process (PID=2447) to work on /home/airflow/.local/lib/python3.8/site-packages/airflow/example_dags/example_short_circuit_operator.py
[2025-06-03T13:38:53.713+0000] {processor.py:830} INFO - Processing file /home/airflow/.local/lib/python3.8/site-packages/airflow/example_dags/example_short_circuit_operator.py for tasks to queue
[2025-06-03T13:38:53.714+0000] {logging_mixin.py:188} INFO - [2025-06-03T13:38:53.714+0000] {dagbag.py:540} INFO - Filling up the DagBag from /home/airflow/.local/lib/python3.8/site-packages/airflow/example_dags/example_short_circuit_operator.py
[2025-06-03T13:38:53.717+0000] {processor.py:840} INFO - DAG(s) 'example_short_circuit_operator' retrieved from /home/airflow/.local/lib/python3.8/site-packages/airflow/example_dags/example_short_circuit_operator.py
[2025-06-03T13:38:53.726+0000] {logging_mixin.py:188} INFO - [2025-06-03T13:38:53.726+0000] {dag.py:3047} INFO - Sync 1 DAGs
[2025-06-03T13:38:53.735+0000] {logging_mixin.py:188} INFO - [2025-06-03T13:38:53.735+0000] {dag.py:3834} INFO - Setting next_dagrun for example_short_circuit_operator to 2025-06-02 00:00:00+00:00, run_after=2025-06-03 00:00:00+00:00
[2025-06-03T13:38:53.741+0000] {processor.py:183} INFO - Processing /home/airflow/.local/lib/python3.8/site-packages/airflow/example_dags/example_short_circuit_operator.py took 0.030 seconds
[2025-06-03T13:39:24.756+0000] {processor.py:161} INFO - Started process (PID=2502) to work on /home/airflow/.local/lib/python3.8/site-packages/airflow/example_dags/example_short_circuit_operator.py
[2025-06-03T13:39:24.759+0000] {processor.py:830} INFO - Processing file /home/airflow/.local/lib/python3.8/site-packages/airflow/example_dags/example_short_circuit_operator.py for tasks to queue
[2025-06-03T13:39:24.761+0000] {logging_mixin.py:188} INFO - [2025-06-03T13:39:24.761+0000] {dagbag.py:540} INFO - Filling up the DagBag from /home/airflow/.local/lib/python3.8/site-packages/airflow/example_dags/example_short_circuit_operator.py
[2025-06-03T13:39:24.764+0000] {processor.py:840} INFO - DAG(s) 'example_short_circuit_operator' retrieved from /home/airflow/.local/lib/python3.8/site-packages/airflow/example_dags/example_short_circuit_operator.py
[2025-06-03T13:39:24.777+0000] {logging_mixin.py:188} INFO - [2025-06-03T13:39:24.777+0000] {dag.py:3047} INFO - Sync 1 DAGs
[2025-06-03T13:39:24.788+0000] {logging_mixin.py:188} INFO - [2025-06-03T13:39:24.788+0000] {dag.py:3834} INFO - Setting next_dagrun for example_short_circuit_operator to 2025-06-02 00:00:00+00:00, run_after=2025-06-03 00:00:00+00:00
[2025-06-03T13:39:24.797+0000] {processor.py:183} INFO - Processing /home/airflow/.local/lib/python3.8/site-packages/airflow/example_dags/example_short_circuit_operator.py took 0.042 seconds
[2025-06-03T13:39:55.634+0000] {processor.py:161} INFO - Started process (PID=2557) to work on /home/airflow/.local/lib/python3.8/site-packages/airflow/example_dags/example_short_circuit_operator.py
[2025-06-03T13:39:55.634+0000] {processor.py:830} INFO - Processing file /home/airflow/.local/lib/python3.8/site-packages/airflow/example_dags/example_short_circuit_operator.py for tasks to queue
[2025-06-03T13:39:55.635+0000] {logging_mixin.py:188} INFO - [2025-06-03T13:39:55.635+0000] {dagbag.py:540} INFO - Filling up the DagBag from /home/airflow/.local/lib/python3.8/site-packages/airflow/example_dags/example_short_circuit_operator.py
[2025-06-03T13:39:55.639+0000] {processor.py:840} INFO - DAG(s) 'example_short_circuit_operator' retrieved from /home/airflow/.local/lib/python3.8/site-packages/airflow/example_dags/example_short_circuit_operator.py
[2025-06-03T13:39:55.652+0000] {logging_mixin.py:188} INFO - [2025-06-03T13:39:55.652+0000] {dag.py:3047} INFO - Sync 1 DAGs
[2025-06-03T13:39:55.662+0000] {logging_mixin.py:188} INFO - [2025-06-03T13:39:55.662+0000] {dag.py:3834} INFO - Setting next_dagrun for example_short_circuit_operator to 2025-06-02 00:00:00+00:00, run_after=2025-06-03 00:00:00+00:00
[2025-06-03T13:39:55.676+0000] {processor.py:183} INFO - Processing /home/airflow/.local/lib/python3.8/site-packages/airflow/example_dags/example_short_circuit_operator.py took 0.043 seconds
[2025-06-03T13:40:26.517+0000] {processor.py:161} INFO - Started process (PID=2613) to work on /home/airflow/.local/lib/python3.8/site-packages/airflow/example_dags/example_short_circuit_operator.py
[2025-06-03T13:40:26.517+0000] {processor.py:830} INFO - Processing file /home/airflow/.local/lib/python3.8/site-packages/airflow/example_dags/example_short_circuit_operator.py for tasks to queue
[2025-06-03T13:40:26.519+0000] {logging_mixin.py:188} INFO - [2025-06-03T13:40:26.519+0000] {dagbag.py:540} INFO - Filling up the DagBag from /home/airflow/.local/lib/python3.8/site-packages/airflow/example_dags/example_short_circuit_operator.py
[2025-06-03T13:40:26.522+0000] {processor.py:840} INFO - DAG(s) 'example_short_circuit_operator' retrieved from /home/airflow/.local/lib/python3.8/site-packages/airflow/example_dags/example_short_circuit_operator.py
[2025-06-03T13:40:26.535+0000] {logging_mixin.py:188} INFO - [2025-06-03T13:40:26.535+0000] {dag.py:3047} INFO - Sync 1 DAGs
[2025-06-03T13:40:26.546+0000] {logging_mixin.py:188} INFO - [2025-06-03T13:40:26.546+0000] {dag.py:3834} INFO - Setting next_dagrun for example_short_circuit_operator to 2025-06-02 00:00:00+00:00, run_after=2025-06-03 00:00:00+00:00
[2025-06-03T13:40:26.561+0000] {processor.py:183} INFO - Processing /home/airflow/.local/lib/python3.8/site-packages/airflow/example_dags/example_short_circuit_operator.py took 0.046 seconds
