[2025-06-03T13:16:57.171+0000] {processor.py:161} INFO - Started process (PID=43) to work on /home/airflow/.local/lib/python3.8/site-packages/airflow/example_dags/example_setup_teardown.py
[2025-06-03T13:16:57.171+0000] {processor.py:830} INFO - Processing file /home/airflow/.local/lib/python3.8/site-packages/airflow/example_dags/example_setup_teardown.py for tasks to queue
[2025-06-03T13:16:57.175+0000] {logging_mixin.py:188} INFO - [2025-06-03T13:16:57.175+0000] {dagbag.py:540} INFO - Filling up the DagBag from /home/airflow/.local/lib/python3.8/site-packages/airflow/example_dags/example_setup_teardown.py
[2025-06-03T13:16:57.182+0000] {processor.py:840} INFO - DAG(s) 'example_setup_teardown' retrieved from /home/airflow/.local/lib/python3.8/site-packages/airflow/example_dags/example_setup_teardown.py
[2025-06-03T13:16:57.195+0000] {logging_mixin.py:188} INFO - [2025-06-03T13:16:57.195+0000] {dag.py:3047} INFO - Sync 1 DAGs
[2025-06-03T13:16:57.224+0000] {logging_mixin.py:188} INFO - [2025-06-03T13:16:57.224+0000] {dag.py:3834} INFO - Setting next_dagrun for example_setup_teardown to 2025-06-02 00:00:00+00:00, run_after=2025-06-03 00:00:00+00:00
[2025-06-03T13:16:57.259+0000] {processor.py:183} INFO - Processing /home/airflow/.local/lib/python3.8/site-packages/airflow/example_dags/example_setup_teardown.py took 0.092 seconds
[2025-06-03T13:17:27.761+0000] {processor.py:161} INFO - Started process (PID=98) to work on /home/airflow/.local/lib/python3.8/site-packages/airflow/example_dags/example_setup_teardown.py
[2025-06-03T13:17:27.761+0000] {processor.py:830} INFO - Processing file /home/airflow/.local/lib/python3.8/site-packages/airflow/example_dags/example_setup_teardown.py for tasks to queue
[2025-06-03T13:17:27.762+0000] {logging_mixin.py:188} INFO - [2025-06-03T13:17:27.762+0000] {dagbag.py:540} INFO - Filling up the DagBag from /home/airflow/.local/lib/python3.8/site-packages/airflow/example_dags/example_setup_teardown.py
[2025-06-03T13:17:27.765+0000] {processor.py:840} INFO - DAG(s) 'example_setup_teardown' retrieved from /home/airflow/.local/lib/python3.8/site-packages/airflow/example_dags/example_setup_teardown.py
[2025-06-03T13:17:27.810+0000] {logging_mixin.py:188} INFO - [2025-06-03T13:17:27.809+0000] {dag.py:3047} INFO - Sync 1 DAGs
[2025-06-03T13:17:27.818+0000] {logging_mixin.py:188} INFO - [2025-06-03T13:17:27.818+0000] {dag.py:3834} INFO - Setting next_dagrun for example_setup_teardown to 2025-06-02 00:00:00+00:00, run_after=2025-06-03 00:00:00+00:00
[2025-06-03T13:17:27.825+0000] {processor.py:183} INFO - Processing /home/airflow/.local/lib/python3.8/site-packages/airflow/example_dags/example_setup_teardown.py took 0.067 seconds
[2025-06-03T13:17:58.023+0000] {processor.py:161} INFO - Started process (PID=153) to work on /home/airflow/.local/lib/python3.8/site-packages/airflow/example_dags/example_setup_teardown.py
[2025-06-03T13:17:58.023+0000] {processor.py:830} INFO - Processing file /home/airflow/.local/lib/python3.8/site-packages/airflow/example_dags/example_setup_teardown.py for tasks to queue
[2025-06-03T13:17:58.024+0000] {logging_mixin.py:188} INFO - [2025-06-03T13:17:58.024+0000] {dagbag.py:540} INFO - Filling up the DagBag from /home/airflow/.local/lib/python3.8/site-packages/airflow/example_dags/example_setup_teardown.py
[2025-06-03T13:17:58.027+0000] {processor.py:840} INFO - DAG(s) 'example_setup_teardown' retrieved from /home/airflow/.local/lib/python3.8/site-packages/airflow/example_dags/example_setup_teardown.py
[2025-06-03T13:17:58.036+0000] {logging_mixin.py:188} INFO - [2025-06-03T13:17:58.035+0000] {dag.py:3047} INFO - Sync 1 DAGs
[2025-06-03T13:17:58.043+0000] {logging_mixin.py:188} INFO - [2025-06-03T13:17:58.043+0000] {dag.py:3834} INFO - Setting next_dagrun for example_setup_teardown to 2025-06-02 00:00:00+00:00, run_after=2025-06-03 00:00:00+00:00
[2025-06-03T13:17:58.050+0000] {processor.py:183} INFO - Processing /home/airflow/.local/lib/python3.8/site-packages/airflow/example_dags/example_setup_teardown.py took 0.028 seconds
[2025-06-03T13:18:28.515+0000] {processor.py:161} INFO - Started process (PID=208) to work on /home/airflow/.local/lib/python3.8/site-packages/airflow/example_dags/example_setup_teardown.py
[2025-06-03T13:18:28.516+0000] {processor.py:830} INFO - Processing file /home/airflow/.local/lib/python3.8/site-packages/airflow/example_dags/example_setup_teardown.py for tasks to queue
[2025-06-03T13:18:28.516+0000] {logging_mixin.py:188} INFO - [2025-06-03T13:18:28.516+0000] {dagbag.py:540} INFO - Filling up the DagBag from /home/airflow/.local/lib/python3.8/site-packages/airflow/example_dags/example_setup_teardown.py
[2025-06-03T13:18:28.520+0000] {processor.py:840} INFO - DAG(s) 'example_setup_teardown' retrieved from /home/airflow/.local/lib/python3.8/site-packages/airflow/example_dags/example_setup_teardown.py
[2025-06-03T13:18:28.532+0000] {logging_mixin.py:188} INFO - [2025-06-03T13:18:28.532+0000] {dag.py:3047} INFO - Sync 1 DAGs
[2025-06-03T13:18:28.547+0000] {logging_mixin.py:188} INFO - [2025-06-03T13:18:28.546+0000] {dag.py:3834} INFO - Setting next_dagrun for example_setup_teardown to 2025-06-02 00:00:00+00:00, run_after=2025-06-03 00:00:00+00:00
[2025-06-03T13:18:28.556+0000] {processor.py:183} INFO - Processing /home/airflow/.local/lib/python3.8/site-packages/airflow/example_dags/example_setup_teardown.py took 0.043 seconds
[2025-06-03T13:18:59.180+0000] {processor.py:161} INFO - Started process (PID=263) to work on /home/airflow/.local/lib/python3.8/site-packages/airflow/example_dags/example_setup_teardown.py
[2025-06-03T13:18:59.181+0000] {processor.py:830} INFO - Processing file /home/airflow/.local/lib/python3.8/site-packages/airflow/example_dags/example_setup_teardown.py for tasks to queue
[2025-06-03T13:18:59.183+0000] {logging_mixin.py:188} INFO - [2025-06-03T13:18:59.183+0000] {dagbag.py:540} INFO - Filling up the DagBag from /home/airflow/.local/lib/python3.8/site-packages/airflow/example_dags/example_setup_teardown.py
[2025-06-03T13:18:59.190+0000] {processor.py:840} INFO - DAG(s) 'example_setup_teardown' retrieved from /home/airflow/.local/lib/python3.8/site-packages/airflow/example_dags/example_setup_teardown.py
[2025-06-03T13:18:59.202+0000] {logging_mixin.py:188} INFO - [2025-06-03T13:18:59.202+0000] {dag.py:3047} INFO - Sync 1 DAGs
[2025-06-03T13:18:59.213+0000] {logging_mixin.py:188} INFO - [2025-06-03T13:18:59.213+0000] {dag.py:3834} INFO - Setting next_dagrun for example_setup_teardown to 2025-06-02 00:00:00+00:00, run_after=2025-06-03 00:00:00+00:00
[2025-06-03T13:18:59.227+0000] {processor.py:183} INFO - Processing /home/airflow/.local/lib/python3.8/site-packages/airflow/example_dags/example_setup_teardown.py took 0.049 seconds
[2025-06-03T13:19:29.748+0000] {processor.py:161} INFO - Started process (PID=324) to work on /home/airflow/.local/lib/python3.8/site-packages/airflow/example_dags/example_setup_teardown.py
[2025-06-03T13:19:29.749+0000] {processor.py:830} INFO - Processing file /home/airflow/.local/lib/python3.8/site-packages/airflow/example_dags/example_setup_teardown.py for tasks to queue
[2025-06-03T13:19:29.750+0000] {logging_mixin.py:188} INFO - [2025-06-03T13:19:29.750+0000] {dagbag.py:540} INFO - Filling up the DagBag from /home/airflow/.local/lib/python3.8/site-packages/airflow/example_dags/example_setup_teardown.py
[2025-06-03T13:19:29.754+0000] {processor.py:840} INFO - DAG(s) 'example_setup_teardown' retrieved from /home/airflow/.local/lib/python3.8/site-packages/airflow/example_dags/example_setup_teardown.py
[2025-06-03T13:19:29.778+0000] {logging_mixin.py:188} INFO - [2025-06-03T13:19:29.778+0000] {dag.py:3047} INFO - Sync 1 DAGs
[2025-06-03T13:19:29.792+0000] {logging_mixin.py:188} INFO - [2025-06-03T13:19:29.791+0000] {dag.py:3834} INFO - Setting next_dagrun for example_setup_teardown to 2025-06-02 00:00:00+00:00, run_after=2025-06-03 00:00:00+00:00
[2025-06-03T13:19:29.799+0000] {processor.py:183} INFO - Processing /home/airflow/.local/lib/python3.8/site-packages/airflow/example_dags/example_setup_teardown.py took 0.052 seconds
[2025-06-03T13:20:00.369+0000] {processor.py:161} INFO - Started process (PID=379) to work on /home/airflow/.local/lib/python3.8/site-packages/airflow/example_dags/example_setup_teardown.py
[2025-06-03T13:20:00.370+0000] {processor.py:830} INFO - Processing file /home/airflow/.local/lib/python3.8/site-packages/airflow/example_dags/example_setup_teardown.py for tasks to queue
[2025-06-03T13:20:00.373+0000] {logging_mixin.py:188} INFO - [2025-06-03T13:20:00.373+0000] {dagbag.py:540} INFO - Filling up the DagBag from /home/airflow/.local/lib/python3.8/site-packages/airflow/example_dags/example_setup_teardown.py
[2025-06-03T13:20:00.376+0000] {processor.py:840} INFO - DAG(s) 'example_setup_teardown' retrieved from /home/airflow/.local/lib/python3.8/site-packages/airflow/example_dags/example_setup_teardown.py
[2025-06-03T13:20:00.387+0000] {logging_mixin.py:188} INFO - [2025-06-03T13:20:00.387+0000] {dag.py:3047} INFO - Sync 1 DAGs
[2025-06-03T13:20:00.399+0000] {logging_mixin.py:188} INFO - [2025-06-03T13:20:00.398+0000] {dag.py:3834} INFO - Setting next_dagrun for example_setup_teardown to 2025-06-02 00:00:00+00:00, run_after=2025-06-03 00:00:00+00:00
[2025-06-03T13:20:00.408+0000] {processor.py:183} INFO - Processing /home/airflow/.local/lib/python3.8/site-packages/airflow/example_dags/example_setup_teardown.py took 0.041 seconds
[2025-06-03T13:20:31.173+0000] {processor.py:161} INFO - Started process (PID=434) to work on /home/airflow/.local/lib/python3.8/site-packages/airflow/example_dags/example_setup_teardown.py
[2025-06-03T13:20:31.173+0000] {processor.py:830} INFO - Processing file /home/airflow/.local/lib/python3.8/site-packages/airflow/example_dags/example_setup_teardown.py for tasks to queue
[2025-06-03T13:20:31.174+0000] {logging_mixin.py:188} INFO - [2025-06-03T13:20:31.174+0000] {dagbag.py:540} INFO - Filling up the DagBag from /home/airflow/.local/lib/python3.8/site-packages/airflow/example_dags/example_setup_teardown.py
[2025-06-03T13:20:31.178+0000] {processor.py:840} INFO - DAG(s) 'example_setup_teardown' retrieved from /home/airflow/.local/lib/python3.8/site-packages/airflow/example_dags/example_setup_teardown.py
[2025-06-03T13:20:31.186+0000] {logging_mixin.py:188} INFO - [2025-06-03T13:20:31.186+0000] {dag.py:3047} INFO - Sync 1 DAGs
[2025-06-03T13:20:31.196+0000] {logging_mixin.py:188} INFO - [2025-06-03T13:20:31.196+0000] {dag.py:3834} INFO - Setting next_dagrun for example_setup_teardown to 2025-06-02 00:00:00+00:00, run_after=2025-06-03 00:00:00+00:00
[2025-06-03T13:20:31.203+0000] {processor.py:183} INFO - Processing /home/airflow/.local/lib/python3.8/site-packages/airflow/example_dags/example_setup_teardown.py took 0.032 seconds
[2025-06-03T13:21:01.913+0000] {processor.py:161} INFO - Started process (PID=489) to work on /home/airflow/.local/lib/python3.8/site-packages/airflow/example_dags/example_setup_teardown.py
[2025-06-03T13:21:01.913+0000] {processor.py:830} INFO - Processing file /home/airflow/.local/lib/python3.8/site-packages/airflow/example_dags/example_setup_teardown.py for tasks to queue
[2025-06-03T13:21:01.914+0000] {logging_mixin.py:188} INFO - [2025-06-03T13:21:01.914+0000] {dagbag.py:540} INFO - Filling up the DagBag from /home/airflow/.local/lib/python3.8/site-packages/airflow/example_dags/example_setup_teardown.py
[2025-06-03T13:21:01.919+0000] {processor.py:840} INFO - DAG(s) 'example_setup_teardown' retrieved from /home/airflow/.local/lib/python3.8/site-packages/airflow/example_dags/example_setup_teardown.py
[2025-06-03T13:21:01.934+0000] {logging_mixin.py:188} INFO - [2025-06-03T13:21:01.934+0000] {dag.py:3047} INFO - Sync 1 DAGs
[2025-06-03T13:21:01.947+0000] {logging_mixin.py:188} INFO - [2025-06-03T13:21:01.946+0000] {dag.py:3834} INFO - Setting next_dagrun for example_setup_teardown to 2025-06-02 00:00:00+00:00, run_after=2025-06-03 00:00:00+00:00
[2025-06-03T13:21:01.957+0000] {processor.py:183} INFO - Processing /home/airflow/.local/lib/python3.8/site-packages/airflow/example_dags/example_setup_teardown.py took 0.046 seconds
[2025-06-03T13:21:32.823+0000] {processor.py:161} INFO - Started process (PID=544) to work on /home/airflow/.local/lib/python3.8/site-packages/airflow/example_dags/example_setup_teardown.py
[2025-06-03T13:21:32.824+0000] {processor.py:830} INFO - Processing file /home/airflow/.local/lib/python3.8/site-packages/airflow/example_dags/example_setup_teardown.py for tasks to queue
[2025-06-03T13:21:32.825+0000] {logging_mixin.py:188} INFO - [2025-06-03T13:21:32.825+0000] {dagbag.py:540} INFO - Filling up the DagBag from /home/airflow/.local/lib/python3.8/site-packages/airflow/example_dags/example_setup_teardown.py
[2025-06-03T13:21:32.827+0000] {processor.py:840} INFO - DAG(s) 'example_setup_teardown' retrieved from /home/airflow/.local/lib/python3.8/site-packages/airflow/example_dags/example_setup_teardown.py
[2025-06-03T13:21:32.837+0000] {logging_mixin.py:188} INFO - [2025-06-03T13:21:32.837+0000] {dag.py:3047} INFO - Sync 1 DAGs
[2025-06-03T13:21:32.844+0000] {logging_mixin.py:188} INFO - [2025-06-03T13:21:32.844+0000] {dag.py:3834} INFO - Setting next_dagrun for example_setup_teardown to 2025-06-02 00:00:00+00:00, run_after=2025-06-03 00:00:00+00:00
[2025-06-03T13:21:32.851+0000] {processor.py:183} INFO - Processing /home/airflow/.local/lib/python3.8/site-packages/airflow/example_dags/example_setup_teardown.py took 0.029 seconds
[2025-06-03T13:22:03.712+0000] {processor.py:161} INFO - Started process (PID=599) to work on /home/airflow/.local/lib/python3.8/site-packages/airflow/example_dags/example_setup_teardown.py
[2025-06-03T13:22:03.713+0000] {processor.py:830} INFO - Processing file /home/airflow/.local/lib/python3.8/site-packages/airflow/example_dags/example_setup_teardown.py for tasks to queue
[2025-06-03T13:22:03.715+0000] {logging_mixin.py:188} INFO - [2025-06-03T13:22:03.715+0000] {dagbag.py:540} INFO - Filling up the DagBag from /home/airflow/.local/lib/python3.8/site-packages/airflow/example_dags/example_setup_teardown.py
[2025-06-03T13:22:03.721+0000] {processor.py:840} INFO - DAG(s) 'example_setup_teardown' retrieved from /home/airflow/.local/lib/python3.8/site-packages/airflow/example_dags/example_setup_teardown.py
[2025-06-03T13:22:03.747+0000] {logging_mixin.py:188} INFO - [2025-06-03T13:22:03.747+0000] {dag.py:3047} INFO - Sync 1 DAGs
[2025-06-03T13:22:03.761+0000] {logging_mixin.py:188} INFO - [2025-06-03T13:22:03.761+0000] {dag.py:3834} INFO - Setting next_dagrun for example_setup_teardown to 2025-06-02 00:00:00+00:00, run_after=2025-06-03 00:00:00+00:00
[2025-06-03T13:22:03.773+0000] {processor.py:183} INFO - Processing /home/airflow/.local/lib/python3.8/site-packages/airflow/example_dags/example_setup_teardown.py took 0.064 seconds
[2025-06-03T13:22:34.736+0000] {processor.py:161} INFO - Started process (PID=654) to work on /home/airflow/.local/lib/python3.8/site-packages/airflow/example_dags/example_setup_teardown.py
[2025-06-03T13:22:34.736+0000] {processor.py:830} INFO - Processing file /home/airflow/.local/lib/python3.8/site-packages/airflow/example_dags/example_setup_teardown.py for tasks to queue
[2025-06-03T13:22:34.737+0000] {logging_mixin.py:188} INFO - [2025-06-03T13:22:34.737+0000] {dagbag.py:540} INFO - Filling up the DagBag from /home/airflow/.local/lib/python3.8/site-packages/airflow/example_dags/example_setup_teardown.py
[2025-06-03T13:22:34.740+0000] {processor.py:840} INFO - DAG(s) 'example_setup_teardown' retrieved from /home/airflow/.local/lib/python3.8/site-packages/airflow/example_dags/example_setup_teardown.py
[2025-06-03T13:22:34.752+0000] {logging_mixin.py:188} INFO - [2025-06-03T13:22:34.752+0000] {dag.py:3047} INFO - Sync 1 DAGs
[2025-06-03T13:22:34.762+0000] {logging_mixin.py:188} INFO - [2025-06-03T13:22:34.762+0000] {dag.py:3834} INFO - Setting next_dagrun for example_setup_teardown to 2025-06-02 00:00:00+00:00, run_after=2025-06-03 00:00:00+00:00
[2025-06-03T13:22:34.769+0000] {processor.py:183} INFO - Processing /home/airflow/.local/lib/python3.8/site-packages/airflow/example_dags/example_setup_teardown.py took 0.035 seconds
[2025-06-03T13:23:05.558+0000] {processor.py:161} INFO - Started process (PID=709) to work on /home/airflow/.local/lib/python3.8/site-packages/airflow/example_dags/example_setup_teardown.py
[2025-06-03T13:23:05.558+0000] {processor.py:830} INFO - Processing file /home/airflow/.local/lib/python3.8/site-packages/airflow/example_dags/example_setup_teardown.py for tasks to queue
[2025-06-03T13:23:05.559+0000] {logging_mixin.py:188} INFO - [2025-06-03T13:23:05.559+0000] {dagbag.py:540} INFO - Filling up the DagBag from /home/airflow/.local/lib/python3.8/site-packages/airflow/example_dags/example_setup_teardown.py
[2025-06-03T13:23:05.562+0000] {processor.py:840} INFO - DAG(s) 'example_setup_teardown' retrieved from /home/airflow/.local/lib/python3.8/site-packages/airflow/example_dags/example_setup_teardown.py
[2025-06-03T13:23:05.571+0000] {logging_mixin.py:188} INFO - [2025-06-03T13:23:05.571+0000] {dag.py:3047} INFO - Sync 1 DAGs
[2025-06-03T13:23:05.587+0000] {logging_mixin.py:188} INFO - [2025-06-03T13:23:05.587+0000] {dag.py:3834} INFO - Setting next_dagrun for example_setup_teardown to 2025-06-02 00:00:00+00:00, run_after=2025-06-03 00:00:00+00:00
[2025-06-03T13:23:05.598+0000] {processor.py:183} INFO - Processing /home/airflow/.local/lib/python3.8/site-packages/airflow/example_dags/example_setup_teardown.py took 0.042 seconds
[2025-06-03T13:23:36.542+0000] {processor.py:161} INFO - Started process (PID=764) to work on /home/airflow/.local/lib/python3.8/site-packages/airflow/example_dags/example_setup_teardown.py
[2025-06-03T13:23:36.543+0000] {processor.py:830} INFO - Processing file /home/airflow/.local/lib/python3.8/site-packages/airflow/example_dags/example_setup_teardown.py for tasks to queue
[2025-06-03T13:23:36.546+0000] {logging_mixin.py:188} INFO - [2025-06-03T13:23:36.546+0000] {dagbag.py:540} INFO - Filling up the DagBag from /home/airflow/.local/lib/python3.8/site-packages/airflow/example_dags/example_setup_teardown.py
[2025-06-03T13:23:36.550+0000] {processor.py:840} INFO - DAG(s) 'example_setup_teardown' retrieved from /home/airflow/.local/lib/python3.8/site-packages/airflow/example_dags/example_setup_teardown.py
[2025-06-03T13:23:36.567+0000] {logging_mixin.py:188} INFO - [2025-06-03T13:23:36.567+0000] {dag.py:3047} INFO - Sync 1 DAGs
[2025-06-03T13:23:36.577+0000] {logging_mixin.py:188} INFO - [2025-06-03T13:23:36.577+0000] {dag.py:3834} INFO - Setting next_dagrun for example_setup_teardown to 2025-06-02 00:00:00+00:00, run_after=2025-06-03 00:00:00+00:00
[2025-06-03T13:23:36.584+0000] {processor.py:183} INFO - Processing /home/airflow/.local/lib/python3.8/site-packages/airflow/example_dags/example_setup_teardown.py took 0.045 seconds
[2025-06-03T13:24:06.814+0000] {processor.py:161} INFO - Started process (PID=819) to work on /home/airflow/.local/lib/python3.8/site-packages/airflow/example_dags/example_setup_teardown.py
[2025-06-03T13:24:06.815+0000] {processor.py:830} INFO - Processing file /home/airflow/.local/lib/python3.8/site-packages/airflow/example_dags/example_setup_teardown.py for tasks to queue
[2025-06-03T13:24:06.815+0000] {logging_mixin.py:188} INFO - [2025-06-03T13:24:06.815+0000] {dagbag.py:540} INFO - Filling up the DagBag from /home/airflow/.local/lib/python3.8/site-packages/airflow/example_dags/example_setup_teardown.py
[2025-06-03T13:24:06.818+0000] {processor.py:840} INFO - DAG(s) 'example_setup_teardown' retrieved from /home/airflow/.local/lib/python3.8/site-packages/airflow/example_dags/example_setup_teardown.py
[2025-06-03T13:24:06.826+0000] {logging_mixin.py:188} INFO - [2025-06-03T13:24:06.826+0000] {dag.py:3047} INFO - Sync 1 DAGs
[2025-06-03T13:24:06.834+0000] {logging_mixin.py:188} INFO - [2025-06-03T13:24:06.834+0000] {dag.py:3834} INFO - Setting next_dagrun for example_setup_teardown to 2025-06-02 00:00:00+00:00, run_after=2025-06-03 00:00:00+00:00
[2025-06-03T13:24:06.840+0000] {processor.py:183} INFO - Processing /home/airflow/.local/lib/python3.8/site-packages/airflow/example_dags/example_setup_teardown.py took 0.027 seconds
[2025-06-03T13:24:37.697+0000] {processor.py:161} INFO - Started process (PID=874) to work on /home/airflow/.local/lib/python3.8/site-packages/airflow/example_dags/example_setup_teardown.py
[2025-06-03T13:24:37.698+0000] {processor.py:830} INFO - Processing file /home/airflow/.local/lib/python3.8/site-packages/airflow/example_dags/example_setup_teardown.py for tasks to queue
[2025-06-03T13:24:37.702+0000] {logging_mixin.py:188} INFO - [2025-06-03T13:24:37.702+0000] {dagbag.py:540} INFO - Filling up the DagBag from /home/airflow/.local/lib/python3.8/site-packages/airflow/example_dags/example_setup_teardown.py
[2025-06-03T13:24:37.706+0000] {processor.py:840} INFO - DAG(s) 'example_setup_teardown' retrieved from /home/airflow/.local/lib/python3.8/site-packages/airflow/example_dags/example_setup_teardown.py
[2025-06-03T13:24:37.719+0000] {logging_mixin.py:188} INFO - [2025-06-03T13:24:37.719+0000] {dag.py:3047} INFO - Sync 1 DAGs
[2025-06-03T13:24:37.731+0000] {logging_mixin.py:188} INFO - [2025-06-03T13:24:37.731+0000] {dag.py:3834} INFO - Setting next_dagrun for example_setup_teardown to 2025-06-02 00:00:00+00:00, run_after=2025-06-03 00:00:00+00:00
[2025-06-03T13:24:37.741+0000] {processor.py:183} INFO - Processing /home/airflow/.local/lib/python3.8/site-packages/airflow/example_dags/example_setup_teardown.py took 0.047 seconds
[2025-06-03T13:25:08.308+0000] {processor.py:161} INFO - Started process (PID=929) to work on /home/airflow/.local/lib/python3.8/site-packages/airflow/example_dags/example_setup_teardown.py
[2025-06-03T13:25:08.309+0000] {processor.py:830} INFO - Processing file /home/airflow/.local/lib/python3.8/site-packages/airflow/example_dags/example_setup_teardown.py for tasks to queue
[2025-06-03T13:25:08.310+0000] {logging_mixin.py:188} INFO - [2025-06-03T13:25:08.310+0000] {dagbag.py:540} INFO - Filling up the DagBag from /home/airflow/.local/lib/python3.8/site-packages/airflow/example_dags/example_setup_teardown.py
[2025-06-03T13:25:08.312+0000] {processor.py:840} INFO - DAG(s) 'example_setup_teardown' retrieved from /home/airflow/.local/lib/python3.8/site-packages/airflow/example_dags/example_setup_teardown.py
[2025-06-03T13:25:08.322+0000] {logging_mixin.py:188} INFO - [2025-06-03T13:25:08.322+0000] {dag.py:3047} INFO - Sync 1 DAGs
[2025-06-03T13:25:08.330+0000] {logging_mixin.py:188} INFO - [2025-06-03T13:25:08.330+0000] {dag.py:3834} INFO - Setting next_dagrun for example_setup_teardown to 2025-06-02 00:00:00+00:00, run_after=2025-06-03 00:00:00+00:00
[2025-06-03T13:25:08.338+0000] {processor.py:183} INFO - Processing /home/airflow/.local/lib/python3.8/site-packages/airflow/example_dags/example_setup_teardown.py took 0.031 seconds
[2025-06-03T13:25:38.719+0000] {processor.py:161} INFO - Started process (PID=984) to work on /home/airflow/.local/lib/python3.8/site-packages/airflow/example_dags/example_setup_teardown.py
[2025-06-03T13:25:38.721+0000] {processor.py:830} INFO - Processing file /home/airflow/.local/lib/python3.8/site-packages/airflow/example_dags/example_setup_teardown.py for tasks to queue
[2025-06-03T13:25:38.724+0000] {logging_mixin.py:188} INFO - [2025-06-03T13:25:38.724+0000] {dagbag.py:540} INFO - Filling up the DagBag from /home/airflow/.local/lib/python3.8/site-packages/airflow/example_dags/example_setup_teardown.py
[2025-06-03T13:25:38.728+0000] {processor.py:840} INFO - DAG(s) 'example_setup_teardown' retrieved from /home/airflow/.local/lib/python3.8/site-packages/airflow/example_dags/example_setup_teardown.py
[2025-06-03T13:25:38.744+0000] {logging_mixin.py:188} INFO - [2025-06-03T13:25:38.744+0000] {dag.py:3047} INFO - Sync 1 DAGs
[2025-06-03T13:25:38.758+0000] {logging_mixin.py:188} INFO - [2025-06-03T13:25:38.758+0000] {dag.py:3834} INFO - Setting next_dagrun for example_setup_teardown to 2025-06-02 00:00:00+00:00, run_after=2025-06-03 00:00:00+00:00
[2025-06-03T13:25:38.789+0000] {processor.py:183} INFO - Processing /home/airflow/.local/lib/python3.8/site-packages/airflow/example_dags/example_setup_teardown.py took 0.072 seconds
[2025-06-03T13:26:08.902+0000] {processor.py:161} INFO - Started process (PID=1039) to work on /home/airflow/.local/lib/python3.8/site-packages/airflow/example_dags/example_setup_teardown.py
[2025-06-03T13:26:08.902+0000] {processor.py:830} INFO - Processing file /home/airflow/.local/lib/python3.8/site-packages/airflow/example_dags/example_setup_teardown.py for tasks to queue
[2025-06-03T13:26:08.903+0000] {logging_mixin.py:188} INFO - [2025-06-03T13:26:08.903+0000] {dagbag.py:540} INFO - Filling up the DagBag from /home/airflow/.local/lib/python3.8/site-packages/airflow/example_dags/example_setup_teardown.py
[2025-06-03T13:26:08.906+0000] {processor.py:840} INFO - DAG(s) 'example_setup_teardown' retrieved from /home/airflow/.local/lib/python3.8/site-packages/airflow/example_dags/example_setup_teardown.py
[2025-06-03T13:26:08.916+0000] {logging_mixin.py:188} INFO - [2025-06-03T13:26:08.916+0000] {dag.py:3047} INFO - Sync 1 DAGs
[2025-06-03T13:26:08.925+0000] {logging_mixin.py:188} INFO - [2025-06-03T13:26:08.925+0000] {dag.py:3834} INFO - Setting next_dagrun for example_setup_teardown to 2025-06-02 00:00:00+00:00, run_after=2025-06-03 00:00:00+00:00
[2025-06-03T13:26:08.932+0000] {processor.py:183} INFO - Processing /home/airflow/.local/lib/python3.8/site-packages/airflow/example_dags/example_setup_teardown.py took 0.032 seconds
[2025-06-03T13:26:39.302+0000] {processor.py:161} INFO - Started process (PID=1094) to work on /home/airflow/.local/lib/python3.8/site-packages/airflow/example_dags/example_setup_teardown.py
[2025-06-03T13:26:39.303+0000] {processor.py:830} INFO - Processing file /home/airflow/.local/lib/python3.8/site-packages/airflow/example_dags/example_setup_teardown.py for tasks to queue
[2025-06-03T13:26:39.304+0000] {logging_mixin.py:188} INFO - [2025-06-03T13:26:39.304+0000] {dagbag.py:540} INFO - Filling up the DagBag from /home/airflow/.local/lib/python3.8/site-packages/airflow/example_dags/example_setup_teardown.py
[2025-06-03T13:26:39.307+0000] {processor.py:840} INFO - DAG(s) 'example_setup_teardown' retrieved from /home/airflow/.local/lib/python3.8/site-packages/airflow/example_dags/example_setup_teardown.py
[2025-06-03T13:26:39.319+0000] {logging_mixin.py:188} INFO - [2025-06-03T13:26:39.319+0000] {dag.py:3047} INFO - Sync 1 DAGs
[2025-06-03T13:26:39.331+0000] {logging_mixin.py:188} INFO - [2025-06-03T13:26:39.331+0000] {dag.py:3834} INFO - Setting next_dagrun for example_setup_teardown to 2025-06-02 00:00:00+00:00, run_after=2025-06-03 00:00:00+00:00
[2025-06-03T13:26:39.340+0000] {processor.py:183} INFO - Processing /home/airflow/.local/lib/python3.8/site-packages/airflow/example_dags/example_setup_teardown.py took 0.040 seconds
[2025-06-03T13:27:09.979+0000] {processor.py:161} INFO - Started process (PID=1149) to work on /home/airflow/.local/lib/python3.8/site-packages/airflow/example_dags/example_setup_teardown.py
[2025-06-03T13:27:09.979+0000] {processor.py:830} INFO - Processing file /home/airflow/.local/lib/python3.8/site-packages/airflow/example_dags/example_setup_teardown.py for tasks to queue
[2025-06-03T13:27:09.983+0000] {logging_mixin.py:188} INFO - [2025-06-03T13:27:09.983+0000] {dagbag.py:540} INFO - Filling up the DagBag from /home/airflow/.local/lib/python3.8/site-packages/airflow/example_dags/example_setup_teardown.py
[2025-06-03T13:27:09.986+0000] {processor.py:840} INFO - DAG(s) 'example_setup_teardown' retrieved from /home/airflow/.local/lib/python3.8/site-packages/airflow/example_dags/example_setup_teardown.py
[2025-06-03T13:27:09.997+0000] {logging_mixin.py:188} INFO - [2025-06-03T13:27:09.997+0000] {dag.py:3047} INFO - Sync 1 DAGs
[2025-06-03T13:27:10.008+0000] {logging_mixin.py:188} INFO - [2025-06-03T13:27:10.008+0000] {dag.py:3834} INFO - Setting next_dagrun for example_setup_teardown to 2025-06-02 00:00:00+00:00, run_after=2025-06-03 00:00:00+00:00
[2025-06-03T13:27:10.016+0000] {processor.py:183} INFO - Processing /home/airflow/.local/lib/python3.8/site-packages/airflow/example_dags/example_setup_teardown.py took 0.039 seconds
[2025-06-03T13:27:40.598+0000] {processor.py:161} INFO - Started process (PID=1204) to work on /home/airflow/.local/lib/python3.8/site-packages/airflow/example_dags/example_setup_teardown.py
[2025-06-03T13:27:40.599+0000] {processor.py:830} INFO - Processing file /home/airflow/.local/lib/python3.8/site-packages/airflow/example_dags/example_setup_teardown.py for tasks to queue
[2025-06-03T13:27:40.600+0000] {logging_mixin.py:188} INFO - [2025-06-03T13:27:40.600+0000] {dagbag.py:540} INFO - Filling up the DagBag from /home/airflow/.local/lib/python3.8/site-packages/airflow/example_dags/example_setup_teardown.py
[2025-06-03T13:27:40.603+0000] {processor.py:840} INFO - DAG(s) 'example_setup_teardown' retrieved from /home/airflow/.local/lib/python3.8/site-packages/airflow/example_dags/example_setup_teardown.py
[2025-06-03T13:27:40.614+0000] {logging_mixin.py:188} INFO - [2025-06-03T13:27:40.614+0000] {dag.py:3047} INFO - Sync 1 DAGs
[2025-06-03T13:27:40.626+0000] {logging_mixin.py:188} INFO - [2025-06-03T13:27:40.626+0000] {dag.py:3834} INFO - Setting next_dagrun for example_setup_teardown to 2025-06-02 00:00:00+00:00, run_after=2025-06-03 00:00:00+00:00
[2025-06-03T13:27:40.634+0000] {processor.py:183} INFO - Processing /home/airflow/.local/lib/python3.8/site-packages/airflow/example_dags/example_setup_teardown.py took 0.038 seconds
[2025-06-03T13:28:11.169+0000] {processor.py:161} INFO - Started process (PID=1259) to work on /home/airflow/.local/lib/python3.8/site-packages/airflow/example_dags/example_setup_teardown.py
[2025-06-03T13:28:11.170+0000] {processor.py:830} INFO - Processing file /home/airflow/.local/lib/python3.8/site-packages/airflow/example_dags/example_setup_teardown.py for tasks to queue
[2025-06-03T13:28:11.171+0000] {logging_mixin.py:188} INFO - [2025-06-03T13:28:11.171+0000] {dagbag.py:540} INFO - Filling up the DagBag from /home/airflow/.local/lib/python3.8/site-packages/airflow/example_dags/example_setup_teardown.py
[2025-06-03T13:28:11.174+0000] {processor.py:840} INFO - DAG(s) 'example_setup_teardown' retrieved from /home/airflow/.local/lib/python3.8/site-packages/airflow/example_dags/example_setup_teardown.py
[2025-06-03T13:28:11.184+0000] {logging_mixin.py:188} INFO - [2025-06-03T13:28:11.183+0000] {dag.py:3047} INFO - Sync 1 DAGs
[2025-06-03T13:28:11.192+0000] {logging_mixin.py:188} INFO - [2025-06-03T13:28:11.192+0000] {dag.py:3834} INFO - Setting next_dagrun for example_setup_teardown to 2025-06-02 00:00:00+00:00, run_after=2025-06-03 00:00:00+00:00
[2025-06-03T13:28:11.200+0000] {processor.py:183} INFO - Processing /home/airflow/.local/lib/python3.8/site-packages/airflow/example_dags/example_setup_teardown.py took 0.032 seconds
[2025-06-03T13:28:42.103+0000] {processor.py:161} INFO - Started process (PID=1314) to work on /home/airflow/.local/lib/python3.8/site-packages/airflow/example_dags/example_setup_teardown.py
[2025-06-03T13:28:42.105+0000] {processor.py:830} INFO - Processing file /home/airflow/.local/lib/python3.8/site-packages/airflow/example_dags/example_setup_teardown.py for tasks to queue
[2025-06-03T13:28:42.106+0000] {logging_mixin.py:188} INFO - [2025-06-03T13:28:42.106+0000] {dagbag.py:540} INFO - Filling up the DagBag from /home/airflow/.local/lib/python3.8/site-packages/airflow/example_dags/example_setup_teardown.py
[2025-06-03T13:28:42.110+0000] {processor.py:840} INFO - DAG(s) 'example_setup_teardown' retrieved from /home/airflow/.local/lib/python3.8/site-packages/airflow/example_dags/example_setup_teardown.py
[2025-06-03T13:28:42.121+0000] {logging_mixin.py:188} INFO - [2025-06-03T13:28:42.121+0000] {dag.py:3047} INFO - Sync 1 DAGs
[2025-06-03T13:28:42.133+0000] {logging_mixin.py:188} INFO - [2025-06-03T13:28:42.133+0000] {dag.py:3834} INFO - Setting next_dagrun for example_setup_teardown to 2025-06-02 00:00:00+00:00, run_after=2025-06-03 00:00:00+00:00
[2025-06-03T13:28:42.157+0000] {processor.py:183} INFO - Processing /home/airflow/.local/lib/python3.8/site-packages/airflow/example_dags/example_setup_teardown.py took 0.055 seconds
[2025-06-03T13:29:13.176+0000] {processor.py:161} INFO - Started process (PID=1369) to work on /home/airflow/.local/lib/python3.8/site-packages/airflow/example_dags/example_setup_teardown.py
[2025-06-03T13:29:13.178+0000] {processor.py:830} INFO - Processing file /home/airflow/.local/lib/python3.8/site-packages/airflow/example_dags/example_setup_teardown.py for tasks to queue
[2025-06-03T13:29:13.184+0000] {logging_mixin.py:188} INFO - [2025-06-03T13:29:13.184+0000] {dagbag.py:540} INFO - Filling up the DagBag from /home/airflow/.local/lib/python3.8/site-packages/airflow/example_dags/example_setup_teardown.py
[2025-06-03T13:29:13.188+0000] {processor.py:840} INFO - DAG(s) 'example_setup_teardown' retrieved from /home/airflow/.local/lib/python3.8/site-packages/airflow/example_dags/example_setup_teardown.py
[2025-06-03T13:29:13.207+0000] {logging_mixin.py:188} INFO - [2025-06-03T13:29:13.207+0000] {dag.py:3047} INFO - Sync 1 DAGs
[2025-06-03T13:29:13.221+0000] {logging_mixin.py:188} INFO - [2025-06-03T13:29:13.221+0000] {dag.py:3834} INFO - Setting next_dagrun for example_setup_teardown to 2025-06-02 00:00:00+00:00, run_after=2025-06-03 00:00:00+00:00
[2025-06-03T13:29:13.231+0000] {processor.py:183} INFO - Processing /home/airflow/.local/lib/python3.8/site-packages/airflow/example_dags/example_setup_teardown.py took 0.058 seconds
[2025-06-03T13:29:43.521+0000] {processor.py:161} INFO - Started process (PID=1424) to work on /home/airflow/.local/lib/python3.8/site-packages/airflow/example_dags/example_setup_teardown.py
[2025-06-03T13:29:43.522+0000] {processor.py:830} INFO - Processing file /home/airflow/.local/lib/python3.8/site-packages/airflow/example_dags/example_setup_teardown.py for tasks to queue
[2025-06-03T13:29:43.525+0000] {logging_mixin.py:188} INFO - [2025-06-03T13:29:43.524+0000] {dagbag.py:540} INFO - Filling up the DagBag from /home/airflow/.local/lib/python3.8/site-packages/airflow/example_dags/example_setup_teardown.py
[2025-06-03T13:29:43.533+0000] {processor.py:840} INFO - DAG(s) 'example_setup_teardown' retrieved from /home/airflow/.local/lib/python3.8/site-packages/airflow/example_dags/example_setup_teardown.py
[2025-06-03T13:29:43.544+0000] {logging_mixin.py:188} INFO - [2025-06-03T13:29:43.544+0000] {dag.py:3047} INFO - Sync 1 DAGs
[2025-06-03T13:29:43.555+0000] {logging_mixin.py:188} INFO - [2025-06-03T13:29:43.554+0000] {dag.py:3834} INFO - Setting next_dagrun for example_setup_teardown to 2025-06-02 00:00:00+00:00, run_after=2025-06-03 00:00:00+00:00
[2025-06-03T13:29:43.562+0000] {processor.py:183} INFO - Processing /home/airflow/.local/lib/python3.8/site-packages/airflow/example_dags/example_setup_teardown.py took 0.044 seconds
[2025-06-03T13:30:13.876+0000] {processor.py:161} INFO - Started process (PID=1479) to work on /home/airflow/.local/lib/python3.8/site-packages/airflow/example_dags/example_setup_teardown.py
[2025-06-03T13:30:13.877+0000] {processor.py:830} INFO - Processing file /home/airflow/.local/lib/python3.8/site-packages/airflow/example_dags/example_setup_teardown.py for tasks to queue
[2025-06-03T13:30:13.880+0000] {logging_mixin.py:188} INFO - [2025-06-03T13:30:13.879+0000] {dagbag.py:540} INFO - Filling up the DagBag from /home/airflow/.local/lib/python3.8/site-packages/airflow/example_dags/example_setup_teardown.py
[2025-06-03T13:30:13.884+0000] {processor.py:840} INFO - DAG(s) 'example_setup_teardown' retrieved from /home/airflow/.local/lib/python3.8/site-packages/airflow/example_dags/example_setup_teardown.py
[2025-06-03T13:30:13.897+0000] {logging_mixin.py:188} INFO - [2025-06-03T13:30:13.897+0000] {dag.py:3047} INFO - Sync 1 DAGs
[2025-06-03T13:30:13.909+0000] {logging_mixin.py:188} INFO - [2025-06-03T13:30:13.909+0000] {dag.py:3834} INFO - Setting next_dagrun for example_setup_teardown to 2025-06-02 00:00:00+00:00, run_after=2025-06-03 00:00:00+00:00
[2025-06-03T13:30:13.916+0000] {processor.py:183} INFO - Processing /home/airflow/.local/lib/python3.8/site-packages/airflow/example_dags/example_setup_teardown.py took 0.044 seconds
[2025-06-03T13:30:44.207+0000] {processor.py:161} INFO - Started process (PID=1533) to work on /home/airflow/.local/lib/python3.8/site-packages/airflow/example_dags/example_setup_teardown.py
[2025-06-03T13:30:44.208+0000] {processor.py:830} INFO - Processing file /home/airflow/.local/lib/python3.8/site-packages/airflow/example_dags/example_setup_teardown.py for tasks to queue
[2025-06-03T13:30:44.210+0000] {logging_mixin.py:188} INFO - [2025-06-03T13:30:44.210+0000] {dagbag.py:540} INFO - Filling up the DagBag from /home/airflow/.local/lib/python3.8/site-packages/airflow/example_dags/example_setup_teardown.py
[2025-06-03T13:30:44.215+0000] {processor.py:840} INFO - DAG(s) 'example_setup_teardown' retrieved from /home/airflow/.local/lib/python3.8/site-packages/airflow/example_dags/example_setup_teardown.py
[2025-06-03T13:30:44.228+0000] {logging_mixin.py:188} INFO - [2025-06-03T13:30:44.227+0000] {dag.py:3047} INFO - Sync 1 DAGs
[2025-06-03T13:30:44.237+0000] {logging_mixin.py:188} INFO - [2025-06-03T13:30:44.237+0000] {dag.py:3834} INFO - Setting next_dagrun for example_setup_teardown to 2025-06-02 00:00:00+00:00, run_after=2025-06-03 00:00:00+00:00
[2025-06-03T13:30:44.244+0000] {processor.py:183} INFO - Processing /home/airflow/.local/lib/python3.8/site-packages/airflow/example_dags/example_setup_teardown.py took 0.041 seconds
[2025-06-03T13:31:14.503+0000] {processor.py:161} INFO - Started process (PID=1588) to work on /home/airflow/.local/lib/python3.8/site-packages/airflow/example_dags/example_setup_teardown.py
[2025-06-03T13:31:14.504+0000] {processor.py:830} INFO - Processing file /home/airflow/.local/lib/python3.8/site-packages/airflow/example_dags/example_setup_teardown.py for tasks to queue
[2025-06-03T13:31:14.505+0000] {logging_mixin.py:188} INFO - [2025-06-03T13:31:14.505+0000] {dagbag.py:540} INFO - Filling up the DagBag from /home/airflow/.local/lib/python3.8/site-packages/airflow/example_dags/example_setup_teardown.py
[2025-06-03T13:31:14.510+0000] {processor.py:840} INFO - DAG(s) 'example_setup_teardown' retrieved from /home/airflow/.local/lib/python3.8/site-packages/airflow/example_dags/example_setup_teardown.py
[2025-06-03T13:31:14.522+0000] {logging_mixin.py:188} INFO - [2025-06-03T13:31:14.522+0000] {dag.py:3047} INFO - Sync 1 DAGs
[2025-06-03T13:31:14.532+0000] {logging_mixin.py:188} INFO - [2025-06-03T13:31:14.532+0000] {dag.py:3834} INFO - Setting next_dagrun for example_setup_teardown to 2025-06-02 00:00:00+00:00, run_after=2025-06-03 00:00:00+00:00
[2025-06-03T13:31:14.540+0000] {processor.py:183} INFO - Processing /home/airflow/.local/lib/python3.8/site-packages/airflow/example_dags/example_setup_teardown.py took 0.041 seconds
[2025-06-03T13:31:44.745+0000] {processor.py:161} INFO - Started process (PID=1643) to work on /home/airflow/.local/lib/python3.8/site-packages/airflow/example_dags/example_setup_teardown.py
[2025-06-03T13:31:44.746+0000] {processor.py:830} INFO - Processing file /home/airflow/.local/lib/python3.8/site-packages/airflow/example_dags/example_setup_teardown.py for tasks to queue
[2025-06-03T13:31:44.749+0000] {logging_mixin.py:188} INFO - [2025-06-03T13:31:44.749+0000] {dagbag.py:540} INFO - Filling up the DagBag from /home/airflow/.local/lib/python3.8/site-packages/airflow/example_dags/example_setup_teardown.py
[2025-06-03T13:31:44.753+0000] {processor.py:840} INFO - DAG(s) 'example_setup_teardown' retrieved from /home/airflow/.local/lib/python3.8/site-packages/airflow/example_dags/example_setup_teardown.py
[2025-06-03T13:31:44.765+0000] {logging_mixin.py:188} INFO - [2025-06-03T13:31:44.765+0000] {dag.py:3047} INFO - Sync 1 DAGs
[2025-06-03T13:31:44.780+0000] {logging_mixin.py:188} INFO - [2025-06-03T13:31:44.780+0000] {dag.py:3834} INFO - Setting next_dagrun for example_setup_teardown to 2025-06-02 00:00:00+00:00, run_after=2025-06-03 00:00:00+00:00
[2025-06-03T13:31:44.790+0000] {processor.py:183} INFO - Processing /home/airflow/.local/lib/python3.8/site-packages/airflow/example_dags/example_setup_teardown.py took 0.048 seconds
[2025-06-03T13:32:15.079+0000] {processor.py:161} INFO - Started process (PID=1698) to work on /home/airflow/.local/lib/python3.8/site-packages/airflow/example_dags/example_setup_teardown.py
[2025-06-03T13:32:15.080+0000] {processor.py:830} INFO - Processing file /home/airflow/.local/lib/python3.8/site-packages/airflow/example_dags/example_setup_teardown.py for tasks to queue
[2025-06-03T13:32:15.082+0000] {logging_mixin.py:188} INFO - [2025-06-03T13:32:15.082+0000] {dagbag.py:540} INFO - Filling up the DagBag from /home/airflow/.local/lib/python3.8/site-packages/airflow/example_dags/example_setup_teardown.py
[2025-06-03T13:32:15.087+0000] {processor.py:840} INFO - DAG(s) 'example_setup_teardown' retrieved from /home/airflow/.local/lib/python3.8/site-packages/airflow/example_dags/example_setup_teardown.py
[2025-06-03T13:32:15.100+0000] {logging_mixin.py:188} INFO - [2025-06-03T13:32:15.100+0000] {dag.py:3047} INFO - Sync 1 DAGs
[2025-06-03T13:32:15.111+0000] {logging_mixin.py:188} INFO - [2025-06-03T13:32:15.111+0000] {dag.py:3834} INFO - Setting next_dagrun for example_setup_teardown to 2025-06-02 00:00:00+00:00, run_after=2025-06-03 00:00:00+00:00
[2025-06-03T13:32:15.119+0000] {processor.py:183} INFO - Processing /home/airflow/.local/lib/python3.8/site-packages/airflow/example_dags/example_setup_teardown.py took 0.043 seconds
[2025-06-03T13:32:45.324+0000] {processor.py:161} INFO - Started process (PID=1753) to work on /home/airflow/.local/lib/python3.8/site-packages/airflow/example_dags/example_setup_teardown.py
[2025-06-03T13:32:45.325+0000] {processor.py:830} INFO - Processing file /home/airflow/.local/lib/python3.8/site-packages/airflow/example_dags/example_setup_teardown.py for tasks to queue
[2025-06-03T13:32:45.327+0000] {logging_mixin.py:188} INFO - [2025-06-03T13:32:45.326+0000] {dagbag.py:540} INFO - Filling up the DagBag from /home/airflow/.local/lib/python3.8/site-packages/airflow/example_dags/example_setup_teardown.py
[2025-06-03T13:32:45.332+0000] {processor.py:840} INFO - DAG(s) 'example_setup_teardown' retrieved from /home/airflow/.local/lib/python3.8/site-packages/airflow/example_dags/example_setup_teardown.py
[2025-06-03T13:32:45.346+0000] {logging_mixin.py:188} INFO - [2025-06-03T13:32:45.346+0000] {dag.py:3047} INFO - Sync 1 DAGs
[2025-06-03T13:32:45.358+0000] {logging_mixin.py:188} INFO - [2025-06-03T13:32:45.358+0000] {dag.py:3834} INFO - Setting next_dagrun for example_setup_teardown to 2025-06-02 00:00:00+00:00, run_after=2025-06-03 00:00:00+00:00
[2025-06-03T13:32:45.367+0000] {processor.py:183} INFO - Processing /home/airflow/.local/lib/python3.8/site-packages/airflow/example_dags/example_setup_teardown.py took 0.047 seconds
[2025-06-03T13:33:15.665+0000] {processor.py:161} INFO - Started process (PID=1808) to work on /home/airflow/.local/lib/python3.8/site-packages/airflow/example_dags/example_setup_teardown.py
[2025-06-03T13:33:15.666+0000] {processor.py:830} INFO - Processing file /home/airflow/.local/lib/python3.8/site-packages/airflow/example_dags/example_setup_teardown.py for tasks to queue
[2025-06-03T13:33:15.668+0000] {logging_mixin.py:188} INFO - [2025-06-03T13:33:15.668+0000] {dagbag.py:540} INFO - Filling up the DagBag from /home/airflow/.local/lib/python3.8/site-packages/airflow/example_dags/example_setup_teardown.py
[2025-06-03T13:33:15.673+0000] {processor.py:840} INFO - DAG(s) 'example_setup_teardown' retrieved from /home/airflow/.local/lib/python3.8/site-packages/airflow/example_dags/example_setup_teardown.py
[2025-06-03T13:33:15.686+0000] {logging_mixin.py:188} INFO - [2025-06-03T13:33:15.686+0000] {dag.py:3047} INFO - Sync 1 DAGs
[2025-06-03T13:33:15.696+0000] {logging_mixin.py:188} INFO - [2025-06-03T13:33:15.696+0000] {dag.py:3834} INFO - Setting next_dagrun for example_setup_teardown to 2025-06-02 00:00:00+00:00, run_after=2025-06-03 00:00:00+00:00
[2025-06-03T13:33:15.704+0000] {processor.py:183} INFO - Processing /home/airflow/.local/lib/python3.8/site-packages/airflow/example_dags/example_setup_teardown.py took 0.042 seconds
[2025-06-03T13:33:45.973+0000] {processor.py:161} INFO - Started process (PID=1863) to work on /home/airflow/.local/lib/python3.8/site-packages/airflow/example_dags/example_setup_teardown.py
[2025-06-03T13:33:45.974+0000] {processor.py:830} INFO - Processing file /home/airflow/.local/lib/python3.8/site-packages/airflow/example_dags/example_setup_teardown.py for tasks to queue
[2025-06-03T13:33:45.976+0000] {logging_mixin.py:188} INFO - [2025-06-03T13:33:45.975+0000] {dagbag.py:540} INFO - Filling up the DagBag from /home/airflow/.local/lib/python3.8/site-packages/airflow/example_dags/example_setup_teardown.py
[2025-06-03T13:33:45.982+0000] {processor.py:840} INFO - DAG(s) 'example_setup_teardown' retrieved from /home/airflow/.local/lib/python3.8/site-packages/airflow/example_dags/example_setup_teardown.py
[2025-06-03T13:33:45.992+0000] {logging_mixin.py:188} INFO - [2025-06-03T13:33:45.992+0000] {dag.py:3047} INFO - Sync 1 DAGs
[2025-06-03T13:33:46.003+0000] {logging_mixin.py:188} INFO - [2025-06-03T13:33:46.003+0000] {dag.py:3834} INFO - Setting next_dagrun for example_setup_teardown to 2025-06-02 00:00:00+00:00, run_after=2025-06-03 00:00:00+00:00
[2025-06-03T13:33:46.011+0000] {processor.py:183} INFO - Processing /home/airflow/.local/lib/python3.8/site-packages/airflow/example_dags/example_setup_teardown.py took 0.040 seconds
[2025-06-03T13:34:16.229+0000] {processor.py:161} INFO - Started process (PID=1918) to work on /home/airflow/.local/lib/python3.8/site-packages/airflow/example_dags/example_setup_teardown.py
[2025-06-03T13:34:16.231+0000] {processor.py:830} INFO - Processing file /home/airflow/.local/lib/python3.8/site-packages/airflow/example_dags/example_setup_teardown.py for tasks to queue
[2025-06-03T13:34:16.232+0000] {logging_mixin.py:188} INFO - [2025-06-03T13:34:16.232+0000] {dagbag.py:540} INFO - Filling up the DagBag from /home/airflow/.local/lib/python3.8/site-packages/airflow/example_dags/example_setup_teardown.py
[2025-06-03T13:34:16.236+0000] {processor.py:840} INFO - DAG(s) 'example_setup_teardown' retrieved from /home/airflow/.local/lib/python3.8/site-packages/airflow/example_dags/example_setup_teardown.py
[2025-06-03T13:34:16.247+0000] {logging_mixin.py:188} INFO - [2025-06-03T13:34:16.247+0000] {dag.py:3047} INFO - Sync 1 DAGs
[2025-06-03T13:34:16.258+0000] {logging_mixin.py:188} INFO - [2025-06-03T13:34:16.258+0000] {dag.py:3834} INFO - Setting next_dagrun for example_setup_teardown to 2025-06-02 00:00:00+00:00, run_after=2025-06-03 00:00:00+00:00
[2025-06-03T13:34:16.265+0000] {processor.py:183} INFO - Processing /home/airflow/.local/lib/python3.8/site-packages/airflow/example_dags/example_setup_teardown.py took 0.039 seconds
[2025-06-03T13:34:46.553+0000] {processor.py:161} INFO - Started process (PID=1973) to work on /home/airflow/.local/lib/python3.8/site-packages/airflow/example_dags/example_setup_teardown.py
[2025-06-03T13:34:46.554+0000] {processor.py:830} INFO - Processing file /home/airflow/.local/lib/python3.8/site-packages/airflow/example_dags/example_setup_teardown.py for tasks to queue
[2025-06-03T13:34:46.556+0000] {logging_mixin.py:188} INFO - [2025-06-03T13:34:46.556+0000] {dagbag.py:540} INFO - Filling up the DagBag from /home/airflow/.local/lib/python3.8/site-packages/airflow/example_dags/example_setup_teardown.py
[2025-06-03T13:34:46.561+0000] {processor.py:840} INFO - DAG(s) 'example_setup_teardown' retrieved from /home/airflow/.local/lib/python3.8/site-packages/airflow/example_dags/example_setup_teardown.py
[2025-06-03T13:34:46.577+0000] {logging_mixin.py:188} INFO - [2025-06-03T13:34:46.577+0000] {dag.py:3047} INFO - Sync 1 DAGs
[2025-06-03T13:34:46.588+0000] {logging_mixin.py:188} INFO - [2025-06-03T13:34:46.588+0000] {dag.py:3834} INFO - Setting next_dagrun for example_setup_teardown to 2025-06-02 00:00:00+00:00, run_after=2025-06-03 00:00:00+00:00
[2025-06-03T13:34:46.597+0000] {processor.py:183} INFO - Processing /home/airflow/.local/lib/python3.8/site-packages/airflow/example_dags/example_setup_teardown.py took 0.048 seconds
[2025-06-03T13:35:16.979+0000] {processor.py:161} INFO - Started process (PID=2028) to work on /home/airflow/.local/lib/python3.8/site-packages/airflow/example_dags/example_setup_teardown.py
[2025-06-03T13:35:16.981+0000] {processor.py:830} INFO - Processing file /home/airflow/.local/lib/python3.8/site-packages/airflow/example_dags/example_setup_teardown.py for tasks to queue
[2025-06-03T13:35:16.982+0000] {logging_mixin.py:188} INFO - [2025-06-03T13:35:16.982+0000] {dagbag.py:540} INFO - Filling up the DagBag from /home/airflow/.local/lib/python3.8/site-packages/airflow/example_dags/example_setup_teardown.py
[2025-06-03T13:35:16.988+0000] {processor.py:840} INFO - DAG(s) 'example_setup_teardown' retrieved from /home/airflow/.local/lib/python3.8/site-packages/airflow/example_dags/example_setup_teardown.py
[2025-06-03T13:35:17.010+0000] {logging_mixin.py:188} INFO - [2025-06-03T13:35:17.010+0000] {dag.py:3047} INFO - Sync 1 DAGs
[2025-06-03T13:35:17.035+0000] {logging_mixin.py:188} INFO - [2025-06-03T13:35:17.035+0000] {dag.py:3834} INFO - Setting next_dagrun for example_setup_teardown to 2025-06-02 00:00:00+00:00, run_after=2025-06-03 00:00:00+00:00
[2025-06-03T13:35:17.049+0000] {processor.py:183} INFO - Processing /home/airflow/.local/lib/python3.8/site-packages/airflow/example_dags/example_setup_teardown.py took 0.073 seconds
[2025-06-03T13:35:47.559+0000] {processor.py:161} INFO - Started process (PID=2083) to work on /home/airflow/.local/lib/python3.8/site-packages/airflow/example_dags/example_setup_teardown.py
[2025-06-03T13:35:47.561+0000] {processor.py:830} INFO - Processing file /home/airflow/.local/lib/python3.8/site-packages/airflow/example_dags/example_setup_teardown.py for tasks to queue
[2025-06-03T13:35:47.562+0000] {logging_mixin.py:188} INFO - [2025-06-03T13:35:47.562+0000] {dagbag.py:540} INFO - Filling up the DagBag from /home/airflow/.local/lib/python3.8/site-packages/airflow/example_dags/example_setup_teardown.py
[2025-06-03T13:35:47.568+0000] {processor.py:840} INFO - DAG(s) 'example_setup_teardown' retrieved from /home/airflow/.local/lib/python3.8/site-packages/airflow/example_dags/example_setup_teardown.py
[2025-06-03T13:35:47.583+0000] {logging_mixin.py:188} INFO - [2025-06-03T13:35:47.583+0000] {dag.py:3047} INFO - Sync 1 DAGs
[2025-06-03T13:35:47.595+0000] {logging_mixin.py:188} INFO - [2025-06-03T13:35:47.595+0000] {dag.py:3834} INFO - Setting next_dagrun for example_setup_teardown to 2025-06-02 00:00:00+00:00, run_after=2025-06-03 00:00:00+00:00
[2025-06-03T13:35:47.604+0000] {processor.py:183} INFO - Processing /home/airflow/.local/lib/python3.8/site-packages/airflow/example_dags/example_setup_teardown.py took 0.048 seconds
[2025-06-03T13:36:17.893+0000] {processor.py:161} INFO - Started process (PID=2138) to work on /home/airflow/.local/lib/python3.8/site-packages/airflow/example_dags/example_setup_teardown.py
[2025-06-03T13:36:17.896+0000] {processor.py:830} INFO - Processing file /home/airflow/.local/lib/python3.8/site-packages/airflow/example_dags/example_setup_teardown.py for tasks to queue
[2025-06-03T13:36:17.898+0000] {logging_mixin.py:188} INFO - [2025-06-03T13:36:17.898+0000] {dagbag.py:540} INFO - Filling up the DagBag from /home/airflow/.local/lib/python3.8/site-packages/airflow/example_dags/example_setup_teardown.py
[2025-06-03T13:36:17.903+0000] {processor.py:840} INFO - DAG(s) 'example_setup_teardown' retrieved from /home/airflow/.local/lib/python3.8/site-packages/airflow/example_dags/example_setup_teardown.py
[2025-06-03T13:36:17.915+0000] {logging_mixin.py:188} INFO - [2025-06-03T13:36:17.914+0000] {dag.py:3047} INFO - Sync 1 DAGs
[2025-06-03T13:36:17.927+0000] {logging_mixin.py:188} INFO - [2025-06-03T13:36:17.927+0000] {dag.py:3834} INFO - Setting next_dagrun for example_setup_teardown to 2025-06-02 00:00:00+00:00, run_after=2025-06-03 00:00:00+00:00
[2025-06-03T13:36:17.935+0000] {processor.py:183} INFO - Processing /home/airflow/.local/lib/python3.8/site-packages/airflow/example_dags/example_setup_teardown.py took 0.046 seconds
[2025-06-03T13:36:48.199+0000] {processor.py:161} INFO - Started process (PID=2193) to work on /home/airflow/.local/lib/python3.8/site-packages/airflow/example_dags/example_setup_teardown.py
[2025-06-03T13:36:48.200+0000] {processor.py:830} INFO - Processing file /home/airflow/.local/lib/python3.8/site-packages/airflow/example_dags/example_setup_teardown.py for tasks to queue
[2025-06-03T13:36:48.202+0000] {logging_mixin.py:188} INFO - [2025-06-03T13:36:48.202+0000] {dagbag.py:540} INFO - Filling up the DagBag from /home/airflow/.local/lib/python3.8/site-packages/airflow/example_dags/example_setup_teardown.py
[2025-06-03T13:36:48.206+0000] {processor.py:840} INFO - DAG(s) 'example_setup_teardown' retrieved from /home/airflow/.local/lib/python3.8/site-packages/airflow/example_dags/example_setup_teardown.py
[2025-06-03T13:36:48.218+0000] {logging_mixin.py:188} INFO - [2025-06-03T13:36:48.218+0000] {dag.py:3047} INFO - Sync 1 DAGs
[2025-06-03T13:36:48.228+0000] {logging_mixin.py:188} INFO - [2025-06-03T13:36:48.228+0000] {dag.py:3834} INFO - Setting next_dagrun for example_setup_teardown to 2025-06-02 00:00:00+00:00, run_after=2025-06-03 00:00:00+00:00
[2025-06-03T13:36:48.235+0000] {processor.py:183} INFO - Processing /home/airflow/.local/lib/python3.8/site-packages/airflow/example_dags/example_setup_teardown.py took 0.038 seconds
[2025-06-03T13:37:18.610+0000] {processor.py:161} INFO - Started process (PID=2248) to work on /home/airflow/.local/lib/python3.8/site-packages/airflow/example_dags/example_setup_teardown.py
[2025-06-03T13:37:18.611+0000] {processor.py:830} INFO - Processing file /home/airflow/.local/lib/python3.8/site-packages/airflow/example_dags/example_setup_teardown.py for tasks to queue
[2025-06-03T13:37:18.615+0000] {logging_mixin.py:188} INFO - [2025-06-03T13:37:18.615+0000] {dagbag.py:540} INFO - Filling up the DagBag from /home/airflow/.local/lib/python3.8/site-packages/airflow/example_dags/example_setup_teardown.py
[2025-06-03T13:37:18.619+0000] {processor.py:840} INFO - DAG(s) 'example_setup_teardown' retrieved from /home/airflow/.local/lib/python3.8/site-packages/airflow/example_dags/example_setup_teardown.py
[2025-06-03T13:37:18.633+0000] {logging_mixin.py:188} INFO - [2025-06-03T13:37:18.633+0000] {dag.py:3047} INFO - Sync 1 DAGs
[2025-06-03T13:37:18.644+0000] {logging_mixin.py:188} INFO - [2025-06-03T13:37:18.644+0000] {dag.py:3834} INFO - Setting next_dagrun for example_setup_teardown to 2025-06-02 00:00:00+00:00, run_after=2025-06-03 00:00:00+00:00
[2025-06-03T13:37:18.652+0000] {processor.py:183} INFO - Processing /home/airflow/.local/lib/python3.8/site-packages/airflow/example_dags/example_setup_teardown.py took 0.045 seconds
[2025-06-03T13:37:48.997+0000] {processor.py:161} INFO - Started process (PID=2303) to work on /home/airflow/.local/lib/python3.8/site-packages/airflow/example_dags/example_setup_teardown.py
[2025-06-03T13:37:48.998+0000] {processor.py:830} INFO - Processing file /home/airflow/.local/lib/python3.8/site-packages/airflow/example_dags/example_setup_teardown.py for tasks to queue
[2025-06-03T13:37:49.001+0000] {logging_mixin.py:188} INFO - [2025-06-03T13:37:49.001+0000] {dagbag.py:540} INFO - Filling up the DagBag from /home/airflow/.local/lib/python3.8/site-packages/airflow/example_dags/example_setup_teardown.py
[2025-06-03T13:37:49.006+0000] {processor.py:840} INFO - DAG(s) 'example_setup_teardown' retrieved from /home/airflow/.local/lib/python3.8/site-packages/airflow/example_dags/example_setup_teardown.py
[2025-06-03T13:37:49.026+0000] {logging_mixin.py:188} INFO - [2025-06-03T13:37:49.026+0000] {dag.py:3047} INFO - Sync 1 DAGs
[2025-06-03T13:37:49.045+0000] {logging_mixin.py:188} INFO - [2025-06-03T13:37:49.045+0000] {dag.py:3834} INFO - Setting next_dagrun for example_setup_teardown to 2025-06-02 00:00:00+00:00, run_after=2025-06-03 00:00:00+00:00
[2025-06-03T13:37:49.058+0000] {processor.py:183} INFO - Processing /home/airflow/.local/lib/python3.8/site-packages/airflow/example_dags/example_setup_teardown.py took 0.064 seconds
[2025-06-03T13:38:19.777+0000] {processor.py:161} INFO - Started process (PID=2358) to work on /home/airflow/.local/lib/python3.8/site-packages/airflow/example_dags/example_setup_teardown.py
[2025-06-03T13:38:19.780+0000] {processor.py:830} INFO - Processing file /home/airflow/.local/lib/python3.8/site-packages/airflow/example_dags/example_setup_teardown.py for tasks to queue
[2025-06-03T13:38:19.782+0000] {logging_mixin.py:188} INFO - [2025-06-03T13:38:19.782+0000] {dagbag.py:540} INFO - Filling up the DagBag from /home/airflow/.local/lib/python3.8/site-packages/airflow/example_dags/example_setup_teardown.py
[2025-06-03T13:38:19.789+0000] {processor.py:840} INFO - DAG(s) 'example_setup_teardown' retrieved from /home/airflow/.local/lib/python3.8/site-packages/airflow/example_dags/example_setup_teardown.py
[2025-06-03T13:38:19.821+0000] {logging_mixin.py:188} INFO - [2025-06-03T13:38:19.821+0000] {dag.py:3047} INFO - Sync 1 DAGs
[2025-06-03T13:38:19.837+0000] {logging_mixin.py:188} INFO - [2025-06-03T13:38:19.837+0000] {dag.py:3834} INFO - Setting next_dagrun for example_setup_teardown to 2025-06-02 00:00:00+00:00, run_after=2025-06-03 00:00:00+00:00
[2025-06-03T13:38:19.850+0000] {processor.py:183} INFO - Processing /home/airflow/.local/lib/python3.8/site-packages/airflow/example_dags/example_setup_teardown.py took 0.078 seconds
[2025-06-03T13:38:50.360+0000] {processor.py:161} INFO - Started process (PID=2413) to work on /home/airflow/.local/lib/python3.8/site-packages/airflow/example_dags/example_setup_teardown.py
[2025-06-03T13:38:50.365+0000] {processor.py:830} INFO - Processing file /home/airflow/.local/lib/python3.8/site-packages/airflow/example_dags/example_setup_teardown.py for tasks to queue
[2025-06-03T13:38:50.367+0000] {logging_mixin.py:188} INFO - [2025-06-03T13:38:50.367+0000] {dagbag.py:540} INFO - Filling up the DagBag from /home/airflow/.local/lib/python3.8/site-packages/airflow/example_dags/example_setup_teardown.py
[2025-06-03T13:38:50.372+0000] {processor.py:840} INFO - DAG(s) 'example_setup_teardown' retrieved from /home/airflow/.local/lib/python3.8/site-packages/airflow/example_dags/example_setup_teardown.py
[2025-06-03T13:38:50.396+0000] {logging_mixin.py:188} INFO - [2025-06-03T13:38:50.396+0000] {dag.py:3047} INFO - Sync 1 DAGs
[2025-06-03T13:38:50.415+0000] {logging_mixin.py:188} INFO - [2025-06-03T13:38:50.415+0000] {dag.py:3834} INFO - Setting next_dagrun for example_setup_teardown to 2025-06-02 00:00:00+00:00, run_after=2025-06-03 00:00:00+00:00
[2025-06-03T13:38:50.429+0000] {processor.py:183} INFO - Processing /home/airflow/.local/lib/python3.8/site-packages/airflow/example_dags/example_setup_teardown.py took 0.075 seconds
[2025-06-03T13:39:20.501+0000] {processor.py:161} INFO - Started process (PID=2468) to work on /home/airflow/.local/lib/python3.8/site-packages/airflow/example_dags/example_setup_teardown.py
[2025-06-03T13:39:20.503+0000] {processor.py:830} INFO - Processing file /home/airflow/.local/lib/python3.8/site-packages/airflow/example_dags/example_setup_teardown.py for tasks to queue
[2025-06-03T13:39:20.506+0000] {logging_mixin.py:188} INFO - [2025-06-03T13:39:20.506+0000] {dagbag.py:540} INFO - Filling up the DagBag from /home/airflow/.local/lib/python3.8/site-packages/airflow/example_dags/example_setup_teardown.py
[2025-06-03T13:39:20.513+0000] {processor.py:840} INFO - DAG(s) 'example_setup_teardown' retrieved from /home/airflow/.local/lib/python3.8/site-packages/airflow/example_dags/example_setup_teardown.py
[2025-06-03T13:39:20.532+0000] {logging_mixin.py:188} INFO - [2025-06-03T13:39:20.531+0000] {dag.py:3047} INFO - Sync 1 DAGs
[2025-06-03T13:39:20.544+0000] {logging_mixin.py:188} INFO - [2025-06-03T13:39:20.544+0000] {dag.py:3834} INFO - Setting next_dagrun for example_setup_teardown to 2025-06-02 00:00:00+00:00, run_after=2025-06-03 00:00:00+00:00
[2025-06-03T13:39:20.557+0000] {processor.py:183} INFO - Processing /home/airflow/.local/lib/python3.8/site-packages/airflow/example_dags/example_setup_teardown.py took 0.062 seconds
[2025-06-03T13:39:50.622+0000] {processor.py:161} INFO - Started process (PID=2523) to work on /home/airflow/.local/lib/python3.8/site-packages/airflow/example_dags/example_setup_teardown.py
[2025-06-03T13:39:50.623+0000] {processor.py:830} INFO - Processing file /home/airflow/.local/lib/python3.8/site-packages/airflow/example_dags/example_setup_teardown.py for tasks to queue
[2025-06-03T13:39:50.624+0000] {logging_mixin.py:188} INFO - [2025-06-03T13:39:50.624+0000] {dagbag.py:540} INFO - Filling up the DagBag from /home/airflow/.local/lib/python3.8/site-packages/airflow/example_dags/example_setup_teardown.py
[2025-06-03T13:39:50.627+0000] {processor.py:840} INFO - DAG(s) 'example_setup_teardown' retrieved from /home/airflow/.local/lib/python3.8/site-packages/airflow/example_dags/example_setup_teardown.py
[2025-06-03T13:39:50.642+0000] {logging_mixin.py:188} INFO - [2025-06-03T13:39:50.642+0000] {dag.py:3047} INFO - Sync 1 DAGs
[2025-06-03T13:39:50.653+0000] {logging_mixin.py:188} INFO - [2025-06-03T13:39:50.653+0000] {dag.py:3834} INFO - Setting next_dagrun for example_setup_teardown to 2025-06-02 00:00:00+00:00, run_after=2025-06-03 00:00:00+00:00
[2025-06-03T13:39:50.666+0000] {processor.py:183} INFO - Processing /home/airflow/.local/lib/python3.8/site-packages/airflow/example_dags/example_setup_teardown.py took 0.045 seconds
[2025-06-03T13:40:21.244+0000] {processor.py:161} INFO - Started process (PID=2579) to work on /home/airflow/.local/lib/python3.8/site-packages/airflow/example_dags/example_setup_teardown.py
[2025-06-03T13:40:21.246+0000] {processor.py:830} INFO - Processing file /home/airflow/.local/lib/python3.8/site-packages/airflow/example_dags/example_setup_teardown.py for tasks to queue
[2025-06-03T13:40:21.252+0000] {logging_mixin.py:188} INFO - [2025-06-03T13:40:21.250+0000] {dagbag.py:540} INFO - Filling up the DagBag from /home/airflow/.local/lib/python3.8/site-packages/airflow/example_dags/example_setup_teardown.py
[2025-06-03T13:40:21.260+0000] {processor.py:840} INFO - DAG(s) 'example_setup_teardown' retrieved from /home/airflow/.local/lib/python3.8/site-packages/airflow/example_dags/example_setup_teardown.py
[2025-06-03T13:40:21.287+0000] {logging_mixin.py:188} INFO - [2025-06-03T13:40:21.286+0000] {dag.py:3047} INFO - Sync 1 DAGs
[2025-06-03T13:40:21.313+0000] {logging_mixin.py:188} INFO - [2025-06-03T13:40:21.313+0000] {dag.py:3834} INFO - Setting next_dagrun for example_setup_teardown to 2025-06-02 00:00:00+00:00, run_after=2025-06-03 00:00:00+00:00
[2025-06-03T13:40:21.328+0000] {processor.py:183} INFO - Processing /home/airflow/.local/lib/python3.8/site-packages/airflow/example_dags/example_setup_teardown.py took 0.095 seconds
