[2025-06-03T13:16:59.144+0000] {processor.py:161} INFO - Started process (PID=82) to work on /home/airflow/.local/lib/python3.8/site-packages/airflow/example_dags/example_sensor_decorator.py
[2025-06-03T13:16:59.144+0000] {processor.py:830} INFO - Processing file /home/airflow/.local/lib/python3.8/site-packages/airflow/example_dags/example_sensor_decorator.py for tasks to queue
[2025-06-03T13:16:59.146+0000] {logging_mixin.py:188} INFO - [2025-06-03T13:16:59.146+0000] {dagbag.py:540} INFO - Filling up the DagBag from /home/airflow/.local/lib/python3.8/site-packages/airflow/example_dags/example_sensor_decorator.py
[2025-06-03T13:16:59.151+0000] {processor.py:840} INFO - DAG(s) 'example_sensor_decorator' retrieved from /home/airflow/.local/lib/python3.8/site-packages/airflow/example_dags/example_sensor_decorator.py
[2025-06-03T13:16:59.157+0000] {logging_mixin.py:188} INFO - [2025-06-03T13:16:59.157+0000] {dag.py:3047} INFO - Sync 1 DAGs
[2025-06-03T13:16:59.164+0000] {logging_mixin.py:188} INFO - [2025-06-03T13:16:59.164+0000] {dag.py:3834} INFO - Setting next_dagrun for example_sensor_decorator to None, run_after=None
[2025-06-03T13:16:59.176+0000] {processor.py:183} INFO - Processing /home/airflow/.local/lib/python3.8/site-packages/airflow/example_dags/example_sensor_decorator.py took 0.034 seconds
[2025-06-03T13:17:30.213+0000] {processor.py:161} INFO - Started process (PID=137) to work on /home/airflow/.local/lib/python3.8/site-packages/airflow/example_dags/example_sensor_decorator.py
[2025-06-03T13:17:30.214+0000] {processor.py:830} INFO - Processing file /home/airflow/.local/lib/python3.8/site-packages/airflow/example_dags/example_sensor_decorator.py for tasks to queue
[2025-06-03T13:17:30.215+0000] {logging_mixin.py:188} INFO - [2025-06-03T13:17:30.215+0000] {dagbag.py:540} INFO - Filling up the DagBag from /home/airflow/.local/lib/python3.8/site-packages/airflow/example_dags/example_sensor_decorator.py
[2025-06-03T13:17:30.218+0000] {processor.py:840} INFO - DAG(s) 'example_sensor_decorator' retrieved from /home/airflow/.local/lib/python3.8/site-packages/airflow/example_dags/example_sensor_decorator.py
[2025-06-03T13:17:30.266+0000] {logging_mixin.py:188} INFO - [2025-06-03T13:17:30.265+0000] {dag.py:3047} INFO - Sync 1 DAGs
[2025-06-03T13:17:30.270+0000] {logging_mixin.py:188} INFO - [2025-06-03T13:17:30.270+0000] {dag.py:3834} INFO - Setting next_dagrun for example_sensor_decorator to None, run_after=None
[2025-06-03T13:17:30.279+0000] {processor.py:183} INFO - Processing /home/airflow/.local/lib/python3.8/site-packages/airflow/example_dags/example_sensor_decorator.py took 0.068 seconds
[2025-06-03T13:18:00.941+0000] {processor.py:161} INFO - Started process (PID=192) to work on /home/airflow/.local/lib/python3.8/site-packages/airflow/example_dags/example_sensor_decorator.py
[2025-06-03T13:18:00.944+0000] {processor.py:830} INFO - Processing file /home/airflow/.local/lib/python3.8/site-packages/airflow/example_dags/example_sensor_decorator.py for tasks to queue
[2025-06-03T13:18:00.945+0000] {logging_mixin.py:188} INFO - [2025-06-03T13:18:00.945+0000] {dagbag.py:540} INFO - Filling up the DagBag from /home/airflow/.local/lib/python3.8/site-packages/airflow/example_dags/example_sensor_decorator.py
[2025-06-03T13:18:00.948+0000] {processor.py:840} INFO - DAG(s) 'example_sensor_decorator' retrieved from /home/airflow/.local/lib/python3.8/site-packages/airflow/example_dags/example_sensor_decorator.py
[2025-06-03T13:18:00.957+0000] {logging_mixin.py:188} INFO - [2025-06-03T13:18:00.957+0000] {dag.py:3047} INFO - Sync 1 DAGs
[2025-06-03T13:18:00.965+0000] {logging_mixin.py:188} INFO - [2025-06-03T13:18:00.964+0000] {dag.py:3834} INFO - Setting next_dagrun for example_sensor_decorator to None, run_after=None
[2025-06-03T13:18:00.973+0000] {processor.py:183} INFO - Processing /home/airflow/.local/lib/python3.8/site-packages/airflow/example_dags/example_sensor_decorator.py took 0.033 seconds
[2025-06-03T13:18:31.572+0000] {processor.py:161} INFO - Started process (PID=247) to work on /home/airflow/.local/lib/python3.8/site-packages/airflow/example_dags/example_sensor_decorator.py
[2025-06-03T13:18:31.572+0000] {processor.py:830} INFO - Processing file /home/airflow/.local/lib/python3.8/site-packages/airflow/example_dags/example_sensor_decorator.py for tasks to queue
[2025-06-03T13:18:31.574+0000] {logging_mixin.py:188} INFO - [2025-06-03T13:18:31.574+0000] {dagbag.py:540} INFO - Filling up the DagBag from /home/airflow/.local/lib/python3.8/site-packages/airflow/example_dags/example_sensor_decorator.py
[2025-06-03T13:18:31.577+0000] {processor.py:840} INFO - DAG(s) 'example_sensor_decorator' retrieved from /home/airflow/.local/lib/python3.8/site-packages/airflow/example_dags/example_sensor_decorator.py
[2025-06-03T13:18:31.587+0000] {logging_mixin.py:188} INFO - [2025-06-03T13:18:31.587+0000] {dag.py:3047} INFO - Sync 1 DAGs
[2025-06-03T13:18:31.594+0000] {logging_mixin.py:188} INFO - [2025-06-03T13:18:31.594+0000] {dag.py:3834} INFO - Setting next_dagrun for example_sensor_decorator to None, run_after=None
[2025-06-03T13:18:31.603+0000] {processor.py:183} INFO - Processing /home/airflow/.local/lib/python3.8/site-packages/airflow/example_dags/example_sensor_decorator.py took 0.034 seconds
[2025-06-03T13:19:02.052+0000] {processor.py:161} INFO - Started process (PID=302) to work on /home/airflow/.local/lib/python3.8/site-packages/airflow/example_dags/example_sensor_decorator.py
[2025-06-03T13:19:02.055+0000] {processor.py:830} INFO - Processing file /home/airflow/.local/lib/python3.8/site-packages/airflow/example_dags/example_sensor_decorator.py for tasks to queue
[2025-06-03T13:19:02.057+0000] {logging_mixin.py:188} INFO - [2025-06-03T13:19:02.057+0000] {dagbag.py:540} INFO - Filling up the DagBag from /home/airflow/.local/lib/python3.8/site-packages/airflow/example_dags/example_sensor_decorator.py
[2025-06-03T13:19:02.060+0000] {processor.py:840} INFO - DAG(s) 'example_sensor_decorator' retrieved from /home/airflow/.local/lib/python3.8/site-packages/airflow/example_dags/example_sensor_decorator.py
[2025-06-03T13:19:02.069+0000] {logging_mixin.py:188} INFO - [2025-06-03T13:19:02.069+0000] {dag.py:3047} INFO - Sync 1 DAGs
[2025-06-03T13:19:02.074+0000] {logging_mixin.py:188} INFO - [2025-06-03T13:19:02.074+0000] {dag.py:3834} INFO - Setting next_dagrun for example_sensor_decorator to None, run_after=None
[2025-06-03T13:19:02.081+0000] {processor.py:183} INFO - Processing /home/airflow/.local/lib/python3.8/site-packages/airflow/example_dags/example_sensor_decorator.py took 0.031 seconds
[2025-06-03T13:19:32.735+0000] {processor.py:161} INFO - Started process (PID=357) to work on /home/airflow/.local/lib/python3.8/site-packages/airflow/example_dags/example_sensor_decorator.py
[2025-06-03T13:19:32.737+0000] {processor.py:830} INFO - Processing file /home/airflow/.local/lib/python3.8/site-packages/airflow/example_dags/example_sensor_decorator.py for tasks to queue
[2025-06-03T13:19:32.739+0000] {logging_mixin.py:188} INFO - [2025-06-03T13:19:32.739+0000] {dagbag.py:540} INFO - Filling up the DagBag from /home/airflow/.local/lib/python3.8/site-packages/airflow/example_dags/example_sensor_decorator.py
[2025-06-03T13:19:32.745+0000] {processor.py:840} INFO - DAG(s) 'example_sensor_decorator' retrieved from /home/airflow/.local/lib/python3.8/site-packages/airflow/example_dags/example_sensor_decorator.py
[2025-06-03T13:19:32.756+0000] {logging_mixin.py:188} INFO - [2025-06-03T13:19:32.756+0000] {dag.py:3047} INFO - Sync 1 DAGs
[2025-06-03T13:19:32.763+0000] {logging_mixin.py:188} INFO - [2025-06-03T13:19:32.763+0000] {dag.py:3834} INFO - Setting next_dagrun for example_sensor_decorator to None, run_after=None
[2025-06-03T13:19:32.771+0000] {processor.py:183} INFO - Processing /home/airflow/.local/lib/python3.8/site-packages/airflow/example_dags/example_sensor_decorator.py took 0.039 seconds
[2025-06-03T13:20:03.323+0000] {processor.py:161} INFO - Started process (PID=412) to work on /home/airflow/.local/lib/python3.8/site-packages/airflow/example_dags/example_sensor_decorator.py
[2025-06-03T13:20:03.323+0000] {processor.py:830} INFO - Processing file /home/airflow/.local/lib/python3.8/site-packages/airflow/example_dags/example_sensor_decorator.py for tasks to queue
[2025-06-03T13:20:03.327+0000] {logging_mixin.py:188} INFO - [2025-06-03T13:20:03.327+0000] {dagbag.py:540} INFO - Filling up the DagBag from /home/airflow/.local/lib/python3.8/site-packages/airflow/example_dags/example_sensor_decorator.py
[2025-06-03T13:20:03.330+0000] {processor.py:840} INFO - DAG(s) 'example_sensor_decorator' retrieved from /home/airflow/.local/lib/python3.8/site-packages/airflow/example_dags/example_sensor_decorator.py
[2025-06-03T13:20:03.339+0000] {logging_mixin.py:188} INFO - [2025-06-03T13:20:03.339+0000] {dag.py:3047} INFO - Sync 1 DAGs
[2025-06-03T13:20:03.344+0000] {logging_mixin.py:188} INFO - [2025-06-03T13:20:03.344+0000] {dag.py:3834} INFO - Setting next_dagrun for example_sensor_decorator to None, run_after=None
[2025-06-03T13:20:03.352+0000] {processor.py:183} INFO - Processing /home/airflow/.local/lib/python3.8/site-packages/airflow/example_dags/example_sensor_decorator.py took 0.031 seconds
[2025-06-03T13:20:34.169+0000] {processor.py:161} INFO - Started process (PID=467) to work on /home/airflow/.local/lib/python3.8/site-packages/airflow/example_dags/example_sensor_decorator.py
[2025-06-03T13:20:34.170+0000] {processor.py:830} INFO - Processing file /home/airflow/.local/lib/python3.8/site-packages/airflow/example_dags/example_sensor_decorator.py for tasks to queue
[2025-06-03T13:20:34.171+0000] {logging_mixin.py:188} INFO - [2025-06-03T13:20:34.171+0000] {dagbag.py:540} INFO - Filling up the DagBag from /home/airflow/.local/lib/python3.8/site-packages/airflow/example_dags/example_sensor_decorator.py
[2025-06-03T13:20:34.174+0000] {processor.py:840} INFO - DAG(s) 'example_sensor_decorator' retrieved from /home/airflow/.local/lib/python3.8/site-packages/airflow/example_dags/example_sensor_decorator.py
[2025-06-03T13:20:34.183+0000] {logging_mixin.py:188} INFO - [2025-06-03T13:20:34.183+0000] {dag.py:3047} INFO - Sync 1 DAGs
[2025-06-03T13:20:34.188+0000] {logging_mixin.py:188} INFO - [2025-06-03T13:20:34.188+0000] {dag.py:3834} INFO - Setting next_dagrun for example_sensor_decorator to None, run_after=None
[2025-06-03T13:20:34.196+0000] {processor.py:183} INFO - Processing /home/airflow/.local/lib/python3.8/site-packages/airflow/example_dags/example_sensor_decorator.py took 0.029 seconds
[2025-06-03T13:21:05.000+0000] {processor.py:161} INFO - Started process (PID=522) to work on /home/airflow/.local/lib/python3.8/site-packages/airflow/example_dags/example_sensor_decorator.py
[2025-06-03T13:21:05.002+0000] {processor.py:830} INFO - Processing file /home/airflow/.local/lib/python3.8/site-packages/airflow/example_dags/example_sensor_decorator.py for tasks to queue
[2025-06-03T13:21:05.003+0000] {logging_mixin.py:188} INFO - [2025-06-03T13:21:05.003+0000] {dagbag.py:540} INFO - Filling up the DagBag from /home/airflow/.local/lib/python3.8/site-packages/airflow/example_dags/example_sensor_decorator.py
[2025-06-03T13:21:05.012+0000] {processor.py:840} INFO - DAG(s) 'example_sensor_decorator' retrieved from /home/airflow/.local/lib/python3.8/site-packages/airflow/example_dags/example_sensor_decorator.py
[2025-06-03T13:21:05.029+0000] {logging_mixin.py:188} INFO - [2025-06-03T13:21:05.029+0000] {dag.py:3047} INFO - Sync 1 DAGs
[2025-06-03T13:21:05.040+0000] {logging_mixin.py:188} INFO - [2025-06-03T13:21:05.039+0000] {dag.py:3834} INFO - Setting next_dagrun for example_sensor_decorator to None, run_after=None
[2025-06-03T13:21:05.049+0000] {processor.py:183} INFO - Processing /home/airflow/.local/lib/python3.8/site-packages/airflow/example_dags/example_sensor_decorator.py took 0.052 seconds
[2025-06-03T13:21:35.822+0000] {processor.py:161} INFO - Started process (PID=577) to work on /home/airflow/.local/lib/python3.8/site-packages/airflow/example_dags/example_sensor_decorator.py
[2025-06-03T13:21:35.823+0000] {processor.py:830} INFO - Processing file /home/airflow/.local/lib/python3.8/site-packages/airflow/example_dags/example_sensor_decorator.py for tasks to queue
[2025-06-03T13:21:35.824+0000] {logging_mixin.py:188} INFO - [2025-06-03T13:21:35.824+0000] {dagbag.py:540} INFO - Filling up the DagBag from /home/airflow/.local/lib/python3.8/site-packages/airflow/example_dags/example_sensor_decorator.py
[2025-06-03T13:21:35.827+0000] {processor.py:840} INFO - DAG(s) 'example_sensor_decorator' retrieved from /home/airflow/.local/lib/python3.8/site-packages/airflow/example_dags/example_sensor_decorator.py
[2025-06-03T13:21:35.836+0000] {logging_mixin.py:188} INFO - [2025-06-03T13:21:35.836+0000] {dag.py:3047} INFO - Sync 1 DAGs
[2025-06-03T13:21:35.844+0000] {logging_mixin.py:188} INFO - [2025-06-03T13:21:35.844+0000] {dag.py:3834} INFO - Setting next_dagrun for example_sensor_decorator to None, run_after=None
[2025-06-03T13:21:35.858+0000] {processor.py:183} INFO - Processing /home/airflow/.local/lib/python3.8/site-packages/airflow/example_dags/example_sensor_decorator.py took 0.037 seconds
[2025-06-03T13:22:06.842+0000] {processor.py:161} INFO - Started process (PID=632) to work on /home/airflow/.local/lib/python3.8/site-packages/airflow/example_dags/example_sensor_decorator.py
[2025-06-03T13:22:06.842+0000] {processor.py:830} INFO - Processing file /home/airflow/.local/lib/python3.8/site-packages/airflow/example_dags/example_sensor_decorator.py for tasks to queue
[2025-06-03T13:22:06.843+0000] {logging_mixin.py:188} INFO - [2025-06-03T13:22:06.843+0000] {dagbag.py:540} INFO - Filling up the DagBag from /home/airflow/.local/lib/python3.8/site-packages/airflow/example_dags/example_sensor_decorator.py
[2025-06-03T13:22:06.845+0000] {processor.py:840} INFO - DAG(s) 'example_sensor_decorator' retrieved from /home/airflow/.local/lib/python3.8/site-packages/airflow/example_dags/example_sensor_decorator.py
[2025-06-03T13:22:06.854+0000] {logging_mixin.py:188} INFO - [2025-06-03T13:22:06.854+0000] {dag.py:3047} INFO - Sync 1 DAGs
[2025-06-03T13:22:06.859+0000] {logging_mixin.py:188} INFO - [2025-06-03T13:22:06.859+0000] {dag.py:3834} INFO - Setting next_dagrun for example_sensor_decorator to None, run_after=None
[2025-06-03T13:22:06.868+0000] {processor.py:183} INFO - Processing /home/airflow/.local/lib/python3.8/site-packages/airflow/example_dags/example_sensor_decorator.py took 0.028 seconds
[2025-06-03T13:22:37.786+0000] {processor.py:161} INFO - Started process (PID=687) to work on /home/airflow/.local/lib/python3.8/site-packages/airflow/example_dags/example_sensor_decorator.py
[2025-06-03T13:22:37.787+0000] {processor.py:830} INFO - Processing file /home/airflow/.local/lib/python3.8/site-packages/airflow/example_dags/example_sensor_decorator.py for tasks to queue
[2025-06-03T13:22:37.788+0000] {logging_mixin.py:188} INFO - [2025-06-03T13:22:37.788+0000] {dagbag.py:540} INFO - Filling up the DagBag from /home/airflow/.local/lib/python3.8/site-packages/airflow/example_dags/example_sensor_decorator.py
[2025-06-03T13:22:37.791+0000] {processor.py:840} INFO - DAG(s) 'example_sensor_decorator' retrieved from /home/airflow/.local/lib/python3.8/site-packages/airflow/example_dags/example_sensor_decorator.py
[2025-06-03T13:22:37.815+0000] {logging_mixin.py:188} INFO - [2025-06-03T13:22:37.815+0000] {dag.py:3047} INFO - Sync 1 DAGs
[2025-06-03T13:22:37.833+0000] {logging_mixin.py:188} INFO - [2025-06-03T13:22:37.833+0000] {dag.py:3834} INFO - Setting next_dagrun for example_sensor_decorator to None, run_after=None
[2025-06-03T13:22:37.843+0000] {processor.py:183} INFO - Processing /home/airflow/.local/lib/python3.8/site-packages/airflow/example_dags/example_sensor_decorator.py took 0.059 seconds
[2025-06-03T13:23:08.650+0000] {processor.py:161} INFO - Started process (PID=742) to work on /home/airflow/.local/lib/python3.8/site-packages/airflow/example_dags/example_sensor_decorator.py
[2025-06-03T13:23:08.652+0000] {processor.py:830} INFO - Processing file /home/airflow/.local/lib/python3.8/site-packages/airflow/example_dags/example_sensor_decorator.py for tasks to queue
[2025-06-03T13:23:08.654+0000] {logging_mixin.py:188} INFO - [2025-06-03T13:23:08.654+0000] {dagbag.py:540} INFO - Filling up the DagBag from /home/airflow/.local/lib/python3.8/site-packages/airflow/example_dags/example_sensor_decorator.py
[2025-06-03T13:23:08.658+0000] {processor.py:840} INFO - DAG(s) 'example_sensor_decorator' retrieved from /home/airflow/.local/lib/python3.8/site-packages/airflow/example_dags/example_sensor_decorator.py
[2025-06-03T13:23:08.669+0000] {logging_mixin.py:188} INFO - [2025-06-03T13:23:08.669+0000] {dag.py:3047} INFO - Sync 1 DAGs
[2025-06-03T13:23:08.677+0000] {logging_mixin.py:188} INFO - [2025-06-03T13:23:08.677+0000] {dag.py:3834} INFO - Setting next_dagrun for example_sensor_decorator to None, run_after=None
[2025-06-03T13:23:08.689+0000] {processor.py:183} INFO - Processing /home/airflow/.local/lib/python3.8/site-packages/airflow/example_dags/example_sensor_decorator.py took 0.040 seconds
[2025-06-03T13:23:39.755+0000] {processor.py:161} INFO - Started process (PID=797) to work on /home/airflow/.local/lib/python3.8/site-packages/airflow/example_dags/example_sensor_decorator.py
[2025-06-03T13:23:39.756+0000] {processor.py:830} INFO - Processing file /home/airflow/.local/lib/python3.8/site-packages/airflow/example_dags/example_sensor_decorator.py for tasks to queue
[2025-06-03T13:23:39.758+0000] {logging_mixin.py:188} INFO - [2025-06-03T13:23:39.757+0000] {dagbag.py:540} INFO - Filling up the DagBag from /home/airflow/.local/lib/python3.8/site-packages/airflow/example_dags/example_sensor_decorator.py
[2025-06-03T13:23:39.761+0000] {processor.py:840} INFO - DAG(s) 'example_sensor_decorator' retrieved from /home/airflow/.local/lib/python3.8/site-packages/airflow/example_dags/example_sensor_decorator.py
[2025-06-03T13:23:39.779+0000] {logging_mixin.py:188} INFO - [2025-06-03T13:23:39.779+0000] {dag.py:3047} INFO - Sync 1 DAGs
[2025-06-03T13:23:39.785+0000] {logging_mixin.py:188} INFO - [2025-06-03T13:23:39.785+0000] {dag.py:3834} INFO - Setting next_dagrun for example_sensor_decorator to None, run_after=None
[2025-06-03T13:23:39.794+0000] {processor.py:183} INFO - Processing /home/airflow/.local/lib/python3.8/site-packages/airflow/example_dags/example_sensor_decorator.py took 0.041 seconds
[2025-06-03T13:24:09.869+0000] {processor.py:161} INFO - Started process (PID=852) to work on /home/airflow/.local/lib/python3.8/site-packages/airflow/example_dags/example_sensor_decorator.py
[2025-06-03T13:24:09.870+0000] {processor.py:830} INFO - Processing file /home/airflow/.local/lib/python3.8/site-packages/airflow/example_dags/example_sensor_decorator.py for tasks to queue
[2025-06-03T13:24:09.871+0000] {logging_mixin.py:188} INFO - [2025-06-03T13:24:09.871+0000] {dagbag.py:540} INFO - Filling up the DagBag from /home/airflow/.local/lib/python3.8/site-packages/airflow/example_dags/example_sensor_decorator.py
[2025-06-03T13:24:09.874+0000] {processor.py:840} INFO - DAG(s) 'example_sensor_decorator' retrieved from /home/airflow/.local/lib/python3.8/site-packages/airflow/example_dags/example_sensor_decorator.py
[2025-06-03T13:24:09.885+0000] {logging_mixin.py:188} INFO - [2025-06-03T13:24:09.885+0000] {dag.py:3047} INFO - Sync 1 DAGs
[2025-06-03T13:24:09.895+0000] {logging_mixin.py:188} INFO - [2025-06-03T13:24:09.895+0000] {dag.py:3834} INFO - Setting next_dagrun for example_sensor_decorator to None, run_after=None
[2025-06-03T13:24:09.905+0000] {processor.py:183} INFO - Processing /home/airflow/.local/lib/python3.8/site-packages/airflow/example_dags/example_sensor_decorator.py took 0.037 seconds
[2025-06-03T13:24:40.639+0000] {processor.py:161} INFO - Started process (PID=907) to work on /home/airflow/.local/lib/python3.8/site-packages/airflow/example_dags/example_sensor_decorator.py
[2025-06-03T13:24:40.642+0000] {processor.py:830} INFO - Processing file /home/airflow/.local/lib/python3.8/site-packages/airflow/example_dags/example_sensor_decorator.py for tasks to queue
[2025-06-03T13:24:40.646+0000] {logging_mixin.py:188} INFO - [2025-06-03T13:24:40.646+0000] {dagbag.py:540} INFO - Filling up the DagBag from /home/airflow/.local/lib/python3.8/site-packages/airflow/example_dags/example_sensor_decorator.py
[2025-06-03T13:24:40.649+0000] {processor.py:840} INFO - DAG(s) 'example_sensor_decorator' retrieved from /home/airflow/.local/lib/python3.8/site-packages/airflow/example_dags/example_sensor_decorator.py
[2025-06-03T13:24:40.659+0000] {logging_mixin.py:188} INFO - [2025-06-03T13:24:40.659+0000] {dag.py:3047} INFO - Sync 1 DAGs
[2025-06-03T13:24:40.665+0000] {logging_mixin.py:188} INFO - [2025-06-03T13:24:40.665+0000] {dag.py:3834} INFO - Setting next_dagrun for example_sensor_decorator to None, run_after=None
[2025-06-03T13:24:40.671+0000] {processor.py:183} INFO - Processing /home/airflow/.local/lib/python3.8/site-packages/airflow/example_dags/example_sensor_decorator.py took 0.034 seconds
[2025-06-03T13:25:11.513+0000] {processor.py:161} INFO - Started process (PID=962) to work on /home/airflow/.local/lib/python3.8/site-packages/airflow/example_dags/example_sensor_decorator.py
[2025-06-03T13:25:11.517+0000] {processor.py:830} INFO - Processing file /home/airflow/.local/lib/python3.8/site-packages/airflow/example_dags/example_sensor_decorator.py for tasks to queue
[2025-06-03T13:25:11.521+0000] {logging_mixin.py:188} INFO - [2025-06-03T13:25:11.521+0000] {dagbag.py:540} INFO - Filling up the DagBag from /home/airflow/.local/lib/python3.8/site-packages/airflow/example_dags/example_sensor_decorator.py
[2025-06-03T13:25:11.529+0000] {processor.py:840} INFO - DAG(s) 'example_sensor_decorator' retrieved from /home/airflow/.local/lib/python3.8/site-packages/airflow/example_dags/example_sensor_decorator.py
[2025-06-03T13:25:11.547+0000] {logging_mixin.py:188} INFO - [2025-06-03T13:25:11.546+0000] {dag.py:3047} INFO - Sync 1 DAGs
[2025-06-03T13:25:11.551+0000] {logging_mixin.py:188} INFO - [2025-06-03T13:25:11.551+0000] {dag.py:3834} INFO - Setting next_dagrun for example_sensor_decorator to None, run_after=None
[2025-06-03T13:25:11.562+0000] {processor.py:183} INFO - Processing /home/airflow/.local/lib/python3.8/site-packages/airflow/example_dags/example_sensor_decorator.py took 0.051 seconds
[2025-06-03T13:25:42.178+0000] {processor.py:161} INFO - Started process (PID=1017) to work on /home/airflow/.local/lib/python3.8/site-packages/airflow/example_dags/example_sensor_decorator.py
[2025-06-03T13:25:42.180+0000] {processor.py:830} INFO - Processing file /home/airflow/.local/lib/python3.8/site-packages/airflow/example_dags/example_sensor_decorator.py for tasks to queue
[2025-06-03T13:25:42.181+0000] {logging_mixin.py:188} INFO - [2025-06-03T13:25:42.181+0000] {dagbag.py:540} INFO - Filling up the DagBag from /home/airflow/.local/lib/python3.8/site-packages/airflow/example_dags/example_sensor_decorator.py
[2025-06-03T13:25:42.186+0000] {processor.py:840} INFO - DAG(s) 'example_sensor_decorator' retrieved from /home/airflow/.local/lib/python3.8/site-packages/airflow/example_dags/example_sensor_decorator.py
[2025-06-03T13:25:42.202+0000] {logging_mixin.py:188} INFO - [2025-06-03T13:25:42.202+0000] {dag.py:3047} INFO - Sync 1 DAGs
[2025-06-03T13:25:42.212+0000] {logging_mixin.py:188} INFO - [2025-06-03T13:25:42.212+0000] {dag.py:3834} INFO - Setting next_dagrun for example_sensor_decorator to None, run_after=None
[2025-06-03T13:25:42.223+0000] {processor.py:183} INFO - Processing /home/airflow/.local/lib/python3.8/site-packages/airflow/example_dags/example_sensor_decorator.py took 0.047 seconds
[2025-06-03T13:26:13.253+0000] {processor.py:161} INFO - Started process (PID=1072) to work on /home/airflow/.local/lib/python3.8/site-packages/airflow/example_dags/example_sensor_decorator.py
[2025-06-03T13:26:13.254+0000] {processor.py:830} INFO - Processing file /home/airflow/.local/lib/python3.8/site-packages/airflow/example_dags/example_sensor_decorator.py for tasks to queue
[2025-06-03T13:26:13.255+0000] {logging_mixin.py:188} INFO - [2025-06-03T13:26:13.254+0000] {dagbag.py:540} INFO - Filling up the DagBag from /home/airflow/.local/lib/python3.8/site-packages/airflow/example_dags/example_sensor_decorator.py
[2025-06-03T13:26:13.257+0000] {processor.py:840} INFO - DAG(s) 'example_sensor_decorator' retrieved from /home/airflow/.local/lib/python3.8/site-packages/airflow/example_dags/example_sensor_decorator.py
[2025-06-03T13:26:13.266+0000] {logging_mixin.py:188} INFO - [2025-06-03T13:26:13.266+0000] {dag.py:3047} INFO - Sync 1 DAGs
[2025-06-03T13:26:13.271+0000] {logging_mixin.py:188} INFO - [2025-06-03T13:26:13.271+0000] {dag.py:3834} INFO - Setting next_dagrun for example_sensor_decorator to None, run_after=None
[2025-06-03T13:26:13.278+0000] {processor.py:183} INFO - Processing /home/airflow/.local/lib/python3.8/site-packages/airflow/example_dags/example_sensor_decorator.py took 0.026 seconds
[2025-06-03T13:26:43.344+0000] {processor.py:161} INFO - Started process (PID=1127) to work on /home/airflow/.local/lib/python3.8/site-packages/airflow/example_dags/example_sensor_decorator.py
[2025-06-03T13:26:43.345+0000] {processor.py:830} INFO - Processing file /home/airflow/.local/lib/python3.8/site-packages/airflow/example_dags/example_sensor_decorator.py for tasks to queue
[2025-06-03T13:26:43.347+0000] {logging_mixin.py:188} INFO - [2025-06-03T13:26:43.346+0000] {dagbag.py:540} INFO - Filling up the DagBag from /home/airflow/.local/lib/python3.8/site-packages/airflow/example_dags/example_sensor_decorator.py
[2025-06-03T13:26:43.352+0000] {processor.py:840} INFO - DAG(s) 'example_sensor_decorator' retrieved from /home/airflow/.local/lib/python3.8/site-packages/airflow/example_dags/example_sensor_decorator.py
[2025-06-03T13:26:43.359+0000] {logging_mixin.py:188} INFO - [2025-06-03T13:26:43.359+0000] {dag.py:3047} INFO - Sync 1 DAGs
[2025-06-03T13:26:43.363+0000] {logging_mixin.py:188} INFO - [2025-06-03T13:26:43.363+0000] {dag.py:3834} INFO - Setting next_dagrun for example_sensor_decorator to None, run_after=None
[2025-06-03T13:26:43.371+0000] {processor.py:183} INFO - Processing /home/airflow/.local/lib/python3.8/site-packages/airflow/example_dags/example_sensor_decorator.py took 0.028 seconds
[2025-06-03T13:27:13.995+0000] {processor.py:161} INFO - Started process (PID=1182) to work on /home/airflow/.local/lib/python3.8/site-packages/airflow/example_dags/example_sensor_decorator.py
[2025-06-03T13:27:13.995+0000] {processor.py:830} INFO - Processing file /home/airflow/.local/lib/python3.8/site-packages/airflow/example_dags/example_sensor_decorator.py for tasks to queue
[2025-06-03T13:27:13.996+0000] {logging_mixin.py:188} INFO - [2025-06-03T13:27:13.996+0000] {dagbag.py:540} INFO - Filling up the DagBag from /home/airflow/.local/lib/python3.8/site-packages/airflow/example_dags/example_sensor_decorator.py
[2025-06-03T13:27:13.999+0000] {processor.py:840} INFO - DAG(s) 'example_sensor_decorator' retrieved from /home/airflow/.local/lib/python3.8/site-packages/airflow/example_dags/example_sensor_decorator.py
[2025-06-03T13:27:14.007+0000] {logging_mixin.py:188} INFO - [2025-06-03T13:27:14.007+0000] {dag.py:3047} INFO - Sync 1 DAGs
[2025-06-03T13:27:14.012+0000] {logging_mixin.py:188} INFO - [2025-06-03T13:27:14.012+0000] {dag.py:3834} INFO - Setting next_dagrun for example_sensor_decorator to None, run_after=None
[2025-06-03T13:27:14.018+0000] {processor.py:183} INFO - Processing /home/airflow/.local/lib/python3.8/site-packages/airflow/example_dags/example_sensor_decorator.py took 0.025 seconds
[2025-06-03T13:27:44.525+0000] {processor.py:161} INFO - Started process (PID=1237) to work on /home/airflow/.local/lib/python3.8/site-packages/airflow/example_dags/example_sensor_decorator.py
[2025-06-03T13:27:44.527+0000] {processor.py:830} INFO - Processing file /home/airflow/.local/lib/python3.8/site-packages/airflow/example_dags/example_sensor_decorator.py for tasks to queue
[2025-06-03T13:27:44.530+0000] {logging_mixin.py:188} INFO - [2025-06-03T13:27:44.530+0000] {dagbag.py:540} INFO - Filling up the DagBag from /home/airflow/.local/lib/python3.8/site-packages/airflow/example_dags/example_sensor_decorator.py
[2025-06-03T13:27:44.533+0000] {processor.py:840} INFO - DAG(s) 'example_sensor_decorator' retrieved from /home/airflow/.local/lib/python3.8/site-packages/airflow/example_dags/example_sensor_decorator.py
[2025-06-03T13:27:44.541+0000] {logging_mixin.py:188} INFO - [2025-06-03T13:27:44.541+0000] {dag.py:3047} INFO - Sync 1 DAGs
[2025-06-03T13:27:44.546+0000] {logging_mixin.py:188} INFO - [2025-06-03T13:27:44.546+0000] {dag.py:3834} INFO - Setting next_dagrun for example_sensor_decorator to None, run_after=None
[2025-06-03T13:27:44.553+0000] {processor.py:183} INFO - Processing /home/airflow/.local/lib/python3.8/site-packages/airflow/example_dags/example_sensor_decorator.py took 0.029 seconds
[2025-06-03T13:28:15.163+0000] {processor.py:161} INFO - Started process (PID=1292) to work on /home/airflow/.local/lib/python3.8/site-packages/airflow/example_dags/example_sensor_decorator.py
[2025-06-03T13:28:15.164+0000] {processor.py:830} INFO - Processing file /home/airflow/.local/lib/python3.8/site-packages/airflow/example_dags/example_sensor_decorator.py for tasks to queue
[2025-06-03T13:28:15.165+0000] {logging_mixin.py:188} INFO - [2025-06-03T13:28:15.165+0000] {dagbag.py:540} INFO - Filling up the DagBag from /home/airflow/.local/lib/python3.8/site-packages/airflow/example_dags/example_sensor_decorator.py
[2025-06-03T13:28:15.168+0000] {processor.py:840} INFO - DAG(s) 'example_sensor_decorator' retrieved from /home/airflow/.local/lib/python3.8/site-packages/airflow/example_dags/example_sensor_decorator.py
[2025-06-03T13:28:15.178+0000] {logging_mixin.py:188} INFO - [2025-06-03T13:28:15.178+0000] {dag.py:3047} INFO - Sync 1 DAGs
[2025-06-03T13:28:15.184+0000] {logging_mixin.py:188} INFO - [2025-06-03T13:28:15.184+0000] {dag.py:3834} INFO - Setting next_dagrun for example_sensor_decorator to None, run_after=None
[2025-06-03T13:28:15.192+0000] {processor.py:183} INFO - Processing /home/airflow/.local/lib/python3.8/site-packages/airflow/example_dags/example_sensor_decorator.py took 0.031 seconds
[2025-06-03T13:28:45.809+0000] {processor.py:161} INFO - Started process (PID=1347) to work on /home/airflow/.local/lib/python3.8/site-packages/airflow/example_dags/example_sensor_decorator.py
[2025-06-03T13:28:45.811+0000] {processor.py:830} INFO - Processing file /home/airflow/.local/lib/python3.8/site-packages/airflow/example_dags/example_sensor_decorator.py for tasks to queue
[2025-06-03T13:28:45.813+0000] {logging_mixin.py:188} INFO - [2025-06-03T13:28:45.813+0000] {dagbag.py:540} INFO - Filling up the DagBag from /home/airflow/.local/lib/python3.8/site-packages/airflow/example_dags/example_sensor_decorator.py
[2025-06-03T13:28:45.819+0000] {processor.py:840} INFO - DAG(s) 'example_sensor_decorator' retrieved from /home/airflow/.local/lib/python3.8/site-packages/airflow/example_dags/example_sensor_decorator.py
[2025-06-03T13:28:45.840+0000] {logging_mixin.py:188} INFO - [2025-06-03T13:28:45.840+0000] {dag.py:3047} INFO - Sync 1 DAGs
[2025-06-03T13:28:45.850+0000] {logging_mixin.py:188} INFO - [2025-06-03T13:28:45.850+0000] {dag.py:3834} INFO - Setting next_dagrun for example_sensor_decorator to None, run_after=None
[2025-06-03T13:28:45.859+0000] {processor.py:183} INFO - Processing /home/airflow/.local/lib/python3.8/site-packages/airflow/example_dags/example_sensor_decorator.py took 0.052 seconds
[2025-06-03T13:29:15.972+0000] {processor.py:161} INFO - Started process (PID=1402) to work on /home/airflow/.local/lib/python3.8/site-packages/airflow/example_dags/example_sensor_decorator.py
[2025-06-03T13:29:15.973+0000] {processor.py:830} INFO - Processing file /home/airflow/.local/lib/python3.8/site-packages/airflow/example_dags/example_sensor_decorator.py for tasks to queue
[2025-06-03T13:29:15.973+0000] {logging_mixin.py:188} INFO - [2025-06-03T13:29:15.973+0000] {dagbag.py:540} INFO - Filling up the DagBag from /home/airflow/.local/lib/python3.8/site-packages/airflow/example_dags/example_sensor_decorator.py
[2025-06-03T13:29:15.976+0000] {processor.py:840} INFO - DAG(s) 'example_sensor_decorator' retrieved from /home/airflow/.local/lib/python3.8/site-packages/airflow/example_dags/example_sensor_decorator.py
[2025-06-03T13:29:15.984+0000] {logging_mixin.py:188} INFO - [2025-06-03T13:29:15.984+0000] {dag.py:3047} INFO - Sync 1 DAGs
[2025-06-03T13:29:15.989+0000] {logging_mixin.py:188} INFO - [2025-06-03T13:29:15.989+0000] {dag.py:3834} INFO - Setting next_dagrun for example_sensor_decorator to None, run_after=None
[2025-06-03T13:29:15.997+0000] {processor.py:183} INFO - Processing /home/airflow/.local/lib/python3.8/site-packages/airflow/example_dags/example_sensor_decorator.py took 0.026 seconds
[2025-06-03T13:29:46.327+0000] {processor.py:161} INFO - Started process (PID=1457) to work on /home/airflow/.local/lib/python3.8/site-packages/airflow/example_dags/example_sensor_decorator.py
[2025-06-03T13:29:46.328+0000] {processor.py:830} INFO - Processing file /home/airflow/.local/lib/python3.8/site-packages/airflow/example_dags/example_sensor_decorator.py for tasks to queue
[2025-06-03T13:29:46.328+0000] {logging_mixin.py:188} INFO - [2025-06-03T13:29:46.328+0000] {dagbag.py:540} INFO - Filling up the DagBag from /home/airflow/.local/lib/python3.8/site-packages/airflow/example_dags/example_sensor_decorator.py
[2025-06-03T13:29:46.331+0000] {processor.py:840} INFO - DAG(s) 'example_sensor_decorator' retrieved from /home/airflow/.local/lib/python3.8/site-packages/airflow/example_dags/example_sensor_decorator.py
[2025-06-03T13:29:46.339+0000] {logging_mixin.py:188} INFO - [2025-06-03T13:29:46.338+0000] {dag.py:3047} INFO - Sync 1 DAGs
[2025-06-03T13:29:46.343+0000] {logging_mixin.py:188} INFO - [2025-06-03T13:29:46.343+0000] {dag.py:3834} INFO - Setting next_dagrun for example_sensor_decorator to None, run_after=None
[2025-06-03T13:29:46.350+0000] {processor.py:183} INFO - Processing /home/airflow/.local/lib/python3.8/site-packages/airflow/example_dags/example_sensor_decorator.py took 0.024 seconds
[2025-06-03T13:30:16.649+0000] {processor.py:161} INFO - Started process (PID=1512) to work on /home/airflow/.local/lib/python3.8/site-packages/airflow/example_dags/example_sensor_decorator.py
[2025-06-03T13:30:16.649+0000] {processor.py:830} INFO - Processing file /home/airflow/.local/lib/python3.8/site-packages/airflow/example_dags/example_sensor_decorator.py for tasks to queue
[2025-06-03T13:30:16.650+0000] {logging_mixin.py:188} INFO - [2025-06-03T13:30:16.650+0000] {dagbag.py:540} INFO - Filling up the DagBag from /home/airflow/.local/lib/python3.8/site-packages/airflow/example_dags/example_sensor_decorator.py
[2025-06-03T13:30:16.653+0000] {processor.py:840} INFO - DAG(s) 'example_sensor_decorator' retrieved from /home/airflow/.local/lib/python3.8/site-packages/airflow/example_dags/example_sensor_decorator.py
[2025-06-03T13:30:16.662+0000] {logging_mixin.py:188} INFO - [2025-06-03T13:30:16.662+0000] {dag.py:3047} INFO - Sync 1 DAGs
[2025-06-03T13:30:16.667+0000] {logging_mixin.py:188} INFO - [2025-06-03T13:30:16.667+0000] {dag.py:3834} INFO - Setting next_dagrun for example_sensor_decorator to None, run_after=None
[2025-06-03T13:30:16.674+0000] {processor.py:183} INFO - Processing /home/airflow/.local/lib/python3.8/site-packages/airflow/example_dags/example_sensor_decorator.py took 0.026 seconds
[2025-06-03T13:30:46.965+0000] {processor.py:161} INFO - Started process (PID=1566) to work on /home/airflow/.local/lib/python3.8/site-packages/airflow/example_dags/example_sensor_decorator.py
[2025-06-03T13:30:46.965+0000] {processor.py:830} INFO - Processing file /home/airflow/.local/lib/python3.8/site-packages/airflow/example_dags/example_sensor_decorator.py for tasks to queue
[2025-06-03T13:30:46.966+0000] {logging_mixin.py:188} INFO - [2025-06-03T13:30:46.966+0000] {dagbag.py:540} INFO - Filling up the DagBag from /home/airflow/.local/lib/python3.8/site-packages/airflow/example_dags/example_sensor_decorator.py
[2025-06-03T13:30:46.968+0000] {processor.py:840} INFO - DAG(s) 'example_sensor_decorator' retrieved from /home/airflow/.local/lib/python3.8/site-packages/airflow/example_dags/example_sensor_decorator.py
[2025-06-03T13:30:46.977+0000] {logging_mixin.py:188} INFO - [2025-06-03T13:30:46.976+0000] {dag.py:3047} INFO - Sync 1 DAGs
[2025-06-03T13:30:46.981+0000] {logging_mixin.py:188} INFO - [2025-06-03T13:30:46.981+0000] {dag.py:3834} INFO - Setting next_dagrun for example_sensor_decorator to None, run_after=None
[2025-06-03T13:30:46.987+0000] {processor.py:183} INFO - Processing /home/airflow/.local/lib/python3.8/site-packages/airflow/example_dags/example_sensor_decorator.py took 0.024 seconds
[2025-06-03T13:31:17.235+0000] {processor.py:161} INFO - Started process (PID=1621) to work on /home/airflow/.local/lib/python3.8/site-packages/airflow/example_dags/example_sensor_decorator.py
[2025-06-03T13:31:17.235+0000] {processor.py:830} INFO - Processing file /home/airflow/.local/lib/python3.8/site-packages/airflow/example_dags/example_sensor_decorator.py for tasks to queue
[2025-06-03T13:31:17.236+0000] {logging_mixin.py:188} INFO - [2025-06-03T13:31:17.236+0000] {dagbag.py:540} INFO - Filling up the DagBag from /home/airflow/.local/lib/python3.8/site-packages/airflow/example_dags/example_sensor_decorator.py
[2025-06-03T13:31:17.238+0000] {processor.py:840} INFO - DAG(s) 'example_sensor_decorator' retrieved from /home/airflow/.local/lib/python3.8/site-packages/airflow/example_dags/example_sensor_decorator.py
[2025-06-03T13:31:17.246+0000] {logging_mixin.py:188} INFO - [2025-06-03T13:31:17.246+0000] {dag.py:3047} INFO - Sync 1 DAGs
[2025-06-03T13:31:17.250+0000] {logging_mixin.py:188} INFO - [2025-06-03T13:31:17.250+0000] {dag.py:3834} INFO - Setting next_dagrun for example_sensor_decorator to None, run_after=None
[2025-06-03T13:31:17.255+0000] {processor.py:183} INFO - Processing /home/airflow/.local/lib/python3.8/site-packages/airflow/example_dags/example_sensor_decorator.py took 0.022 seconds
[2025-06-03T13:31:47.554+0000] {processor.py:161} INFO - Started process (PID=1676) to work on /home/airflow/.local/lib/python3.8/site-packages/airflow/example_dags/example_sensor_decorator.py
[2025-06-03T13:31:47.554+0000] {processor.py:830} INFO - Processing file /home/airflow/.local/lib/python3.8/site-packages/airflow/example_dags/example_sensor_decorator.py for tasks to queue
[2025-06-03T13:31:47.555+0000] {logging_mixin.py:188} INFO - [2025-06-03T13:31:47.555+0000] {dagbag.py:540} INFO - Filling up the DagBag from /home/airflow/.local/lib/python3.8/site-packages/airflow/example_dags/example_sensor_decorator.py
[2025-06-03T13:31:47.558+0000] {processor.py:840} INFO - DAG(s) 'example_sensor_decorator' retrieved from /home/airflow/.local/lib/python3.8/site-packages/airflow/example_dags/example_sensor_decorator.py
[2025-06-03T13:31:47.565+0000] {logging_mixin.py:188} INFO - [2025-06-03T13:31:47.565+0000] {dag.py:3047} INFO - Sync 1 DAGs
[2025-06-03T13:31:47.570+0000] {logging_mixin.py:188} INFO - [2025-06-03T13:31:47.570+0000] {dag.py:3834} INFO - Setting next_dagrun for example_sensor_decorator to None, run_after=None
[2025-06-03T13:31:47.576+0000] {processor.py:183} INFO - Processing /home/airflow/.local/lib/python3.8/site-packages/airflow/example_dags/example_sensor_decorator.py took 0.024 seconds
[2025-06-03T13:32:17.825+0000] {processor.py:161} INFO - Started process (PID=1731) to work on /home/airflow/.local/lib/python3.8/site-packages/airflow/example_dags/example_sensor_decorator.py
[2025-06-03T13:32:17.827+0000] {processor.py:830} INFO - Processing file /home/airflow/.local/lib/python3.8/site-packages/airflow/example_dags/example_sensor_decorator.py for tasks to queue
[2025-06-03T13:32:17.828+0000] {logging_mixin.py:188} INFO - [2025-06-03T13:32:17.828+0000] {dagbag.py:540} INFO - Filling up the DagBag from /home/airflow/.local/lib/python3.8/site-packages/airflow/example_dags/example_sensor_decorator.py
[2025-06-03T13:32:17.830+0000] {processor.py:840} INFO - DAG(s) 'example_sensor_decorator' retrieved from /home/airflow/.local/lib/python3.8/site-packages/airflow/example_dags/example_sensor_decorator.py
[2025-06-03T13:32:17.838+0000] {logging_mixin.py:188} INFO - [2025-06-03T13:32:17.838+0000] {dag.py:3047} INFO - Sync 1 DAGs
[2025-06-03T13:32:17.842+0000] {logging_mixin.py:188} INFO - [2025-06-03T13:32:17.842+0000] {dag.py:3834} INFO - Setting next_dagrun for example_sensor_decorator to None, run_after=None
[2025-06-03T13:32:17.849+0000] {processor.py:183} INFO - Processing /home/airflow/.local/lib/python3.8/site-packages/airflow/example_dags/example_sensor_decorator.py took 0.025 seconds
[2025-06-03T13:32:48.131+0000] {processor.py:161} INFO - Started process (PID=1786) to work on /home/airflow/.local/lib/python3.8/site-packages/airflow/example_dags/example_sensor_decorator.py
[2025-06-03T13:32:48.132+0000] {processor.py:830} INFO - Processing file /home/airflow/.local/lib/python3.8/site-packages/airflow/example_dags/example_sensor_decorator.py for tasks to queue
[2025-06-03T13:32:48.132+0000] {logging_mixin.py:188} INFO - [2025-06-03T13:32:48.132+0000] {dagbag.py:540} INFO - Filling up the DagBag from /home/airflow/.local/lib/python3.8/site-packages/airflow/example_dags/example_sensor_decorator.py
[2025-06-03T13:32:48.135+0000] {processor.py:840} INFO - DAG(s) 'example_sensor_decorator' retrieved from /home/airflow/.local/lib/python3.8/site-packages/airflow/example_dags/example_sensor_decorator.py
[2025-06-03T13:32:48.143+0000] {logging_mixin.py:188} INFO - [2025-06-03T13:32:48.142+0000] {dag.py:3047} INFO - Sync 1 DAGs
[2025-06-03T13:32:48.147+0000] {logging_mixin.py:188} INFO - [2025-06-03T13:32:48.147+0000] {dag.py:3834} INFO - Setting next_dagrun for example_sensor_decorator to None, run_after=None
[2025-06-03T13:32:48.153+0000] {processor.py:183} INFO - Processing /home/airflow/.local/lib/python3.8/site-packages/airflow/example_dags/example_sensor_decorator.py took 0.023 seconds
[2025-06-03T13:33:18.447+0000] {processor.py:161} INFO - Started process (PID=1841) to work on /home/airflow/.local/lib/python3.8/site-packages/airflow/example_dags/example_sensor_decorator.py
[2025-06-03T13:33:18.447+0000] {processor.py:830} INFO - Processing file /home/airflow/.local/lib/python3.8/site-packages/airflow/example_dags/example_sensor_decorator.py for tasks to queue
[2025-06-03T13:33:18.448+0000] {logging_mixin.py:188} INFO - [2025-06-03T13:33:18.448+0000] {dagbag.py:540} INFO - Filling up the DagBag from /home/airflow/.local/lib/python3.8/site-packages/airflow/example_dags/example_sensor_decorator.py
[2025-06-03T13:33:18.450+0000] {processor.py:840} INFO - DAG(s) 'example_sensor_decorator' retrieved from /home/airflow/.local/lib/python3.8/site-packages/airflow/example_dags/example_sensor_decorator.py
[2025-06-03T13:33:18.459+0000] {logging_mixin.py:188} INFO - [2025-06-03T13:33:18.459+0000] {dag.py:3047} INFO - Sync 1 DAGs
[2025-06-03T13:33:18.463+0000] {logging_mixin.py:188} INFO - [2025-06-03T13:33:18.463+0000] {dag.py:3834} INFO - Setting next_dagrun for example_sensor_decorator to None, run_after=None
[2025-06-03T13:33:18.469+0000] {processor.py:183} INFO - Processing /home/airflow/.local/lib/python3.8/site-packages/airflow/example_dags/example_sensor_decorator.py took 0.024 seconds
[2025-06-03T13:33:48.699+0000] {processor.py:161} INFO - Started process (PID=1896) to work on /home/airflow/.local/lib/python3.8/site-packages/airflow/example_dags/example_sensor_decorator.py
[2025-06-03T13:33:48.699+0000] {processor.py:830} INFO - Processing file /home/airflow/.local/lib/python3.8/site-packages/airflow/example_dags/example_sensor_decorator.py for tasks to queue
[2025-06-03T13:33:48.700+0000] {logging_mixin.py:188} INFO - [2025-06-03T13:33:48.700+0000] {dagbag.py:540} INFO - Filling up the DagBag from /home/airflow/.local/lib/python3.8/site-packages/airflow/example_dags/example_sensor_decorator.py
[2025-06-03T13:33:48.702+0000] {processor.py:840} INFO - DAG(s) 'example_sensor_decorator' retrieved from /home/airflow/.local/lib/python3.8/site-packages/airflow/example_dags/example_sensor_decorator.py
[2025-06-03T13:33:48.711+0000] {logging_mixin.py:188} INFO - [2025-06-03T13:33:48.711+0000] {dag.py:3047} INFO - Sync 1 DAGs
[2025-06-03T13:33:48.716+0000] {logging_mixin.py:188} INFO - [2025-06-03T13:33:48.716+0000] {dag.py:3834} INFO - Setting next_dagrun for example_sensor_decorator to None, run_after=None
[2025-06-03T13:33:48.723+0000] {processor.py:183} INFO - Processing /home/airflow/.local/lib/python3.8/site-packages/airflow/example_dags/example_sensor_decorator.py took 0.025 seconds
[2025-06-03T13:34:19.044+0000] {processor.py:161} INFO - Started process (PID=1951) to work on /home/airflow/.local/lib/python3.8/site-packages/airflow/example_dags/example_sensor_decorator.py
[2025-06-03T13:34:19.044+0000] {processor.py:830} INFO - Processing file /home/airflow/.local/lib/python3.8/site-packages/airflow/example_dags/example_sensor_decorator.py for tasks to queue
[2025-06-03T13:34:19.045+0000] {logging_mixin.py:188} INFO - [2025-06-03T13:34:19.045+0000] {dagbag.py:540} INFO - Filling up the DagBag from /home/airflow/.local/lib/python3.8/site-packages/airflow/example_dags/example_sensor_decorator.py
[2025-06-03T13:34:19.048+0000] {processor.py:840} INFO - DAG(s) 'example_sensor_decorator' retrieved from /home/airflow/.local/lib/python3.8/site-packages/airflow/example_dags/example_sensor_decorator.py
[2025-06-03T13:34:19.057+0000] {logging_mixin.py:188} INFO - [2025-06-03T13:34:19.057+0000] {dag.py:3047} INFO - Sync 1 DAGs
[2025-06-03T13:34:19.061+0000] {logging_mixin.py:188} INFO - [2025-06-03T13:34:19.061+0000] {dag.py:3834} INFO - Setting next_dagrun for example_sensor_decorator to None, run_after=None
[2025-06-03T13:34:19.068+0000] {processor.py:183} INFO - Processing /home/airflow/.local/lib/python3.8/site-packages/airflow/example_dags/example_sensor_decorator.py took 0.026 seconds
[2025-06-03T13:34:49.367+0000] {processor.py:161} INFO - Started process (PID=2006) to work on /home/airflow/.local/lib/python3.8/site-packages/airflow/example_dags/example_sensor_decorator.py
[2025-06-03T13:34:49.367+0000] {processor.py:830} INFO - Processing file /home/airflow/.local/lib/python3.8/site-packages/airflow/example_dags/example_sensor_decorator.py for tasks to queue
[2025-06-03T13:34:49.368+0000] {logging_mixin.py:188} INFO - [2025-06-03T13:34:49.368+0000] {dagbag.py:540} INFO - Filling up the DagBag from /home/airflow/.local/lib/python3.8/site-packages/airflow/example_dags/example_sensor_decorator.py
[2025-06-03T13:34:49.371+0000] {processor.py:840} INFO - DAG(s) 'example_sensor_decorator' retrieved from /home/airflow/.local/lib/python3.8/site-packages/airflow/example_dags/example_sensor_decorator.py
[2025-06-03T13:34:49.378+0000] {logging_mixin.py:188} INFO - [2025-06-03T13:34:49.378+0000] {dag.py:3047} INFO - Sync 1 DAGs
[2025-06-03T13:34:49.382+0000] {logging_mixin.py:188} INFO - [2025-06-03T13:34:49.382+0000] {dag.py:3834} INFO - Setting next_dagrun for example_sensor_decorator to None, run_after=None
[2025-06-03T13:34:49.387+0000] {processor.py:183} INFO - Processing /home/airflow/.local/lib/python3.8/site-packages/airflow/example_dags/example_sensor_decorator.py took 0.022 seconds
[2025-06-03T13:35:19.992+0000] {processor.py:161} INFO - Started process (PID=2061) to work on /home/airflow/.local/lib/python3.8/site-packages/airflow/example_dags/example_sensor_decorator.py
[2025-06-03T13:35:19.993+0000] {processor.py:830} INFO - Processing file /home/airflow/.local/lib/python3.8/site-packages/airflow/example_dags/example_sensor_decorator.py for tasks to queue
[2025-06-03T13:35:19.994+0000] {logging_mixin.py:188} INFO - [2025-06-03T13:35:19.994+0000] {dagbag.py:540} INFO - Filling up the DagBag from /home/airflow/.local/lib/python3.8/site-packages/airflow/example_dags/example_sensor_decorator.py
[2025-06-03T13:35:19.997+0000] {processor.py:840} INFO - DAG(s) 'example_sensor_decorator' retrieved from /home/airflow/.local/lib/python3.8/site-packages/airflow/example_dags/example_sensor_decorator.py
[2025-06-03T13:35:20.010+0000] {logging_mixin.py:188} INFO - [2025-06-03T13:35:20.009+0000] {dag.py:3047} INFO - Sync 1 DAGs
[2025-06-03T13:35:20.016+0000] {logging_mixin.py:188} INFO - [2025-06-03T13:35:20.015+0000] {dag.py:3834} INFO - Setting next_dagrun for example_sensor_decorator to None, run_after=None
[2025-06-03T13:35:20.025+0000] {processor.py:183} INFO - Processing /home/airflow/.local/lib/python3.8/site-packages/airflow/example_dags/example_sensor_decorator.py took 0.034 seconds
[2025-06-03T13:35:50.359+0000] {processor.py:161} INFO - Started process (PID=2116) to work on /home/airflow/.local/lib/python3.8/site-packages/airflow/example_dags/example_sensor_decorator.py
[2025-06-03T13:35:50.359+0000] {processor.py:830} INFO - Processing file /home/airflow/.local/lib/python3.8/site-packages/airflow/example_dags/example_sensor_decorator.py for tasks to queue
[2025-06-03T13:35:50.360+0000] {logging_mixin.py:188} INFO - [2025-06-03T13:35:50.360+0000] {dagbag.py:540} INFO - Filling up the DagBag from /home/airflow/.local/lib/python3.8/site-packages/airflow/example_dags/example_sensor_decorator.py
[2025-06-03T13:35:50.362+0000] {processor.py:840} INFO - DAG(s) 'example_sensor_decorator' retrieved from /home/airflow/.local/lib/python3.8/site-packages/airflow/example_dags/example_sensor_decorator.py
[2025-06-03T13:35:50.372+0000] {logging_mixin.py:188} INFO - [2025-06-03T13:35:50.372+0000] {dag.py:3047} INFO - Sync 1 DAGs
[2025-06-03T13:35:50.376+0000] {logging_mixin.py:188} INFO - [2025-06-03T13:35:50.376+0000] {dag.py:3834} INFO - Setting next_dagrun for example_sensor_decorator to None, run_after=None
[2025-06-03T13:35:50.384+0000] {processor.py:183} INFO - Processing /home/airflow/.local/lib/python3.8/site-packages/airflow/example_dags/example_sensor_decorator.py took 0.026 seconds
[2025-06-03T13:36:20.656+0000] {processor.py:161} INFO - Started process (PID=2171) to work on /home/airflow/.local/lib/python3.8/site-packages/airflow/example_dags/example_sensor_decorator.py
[2025-06-03T13:36:20.657+0000] {processor.py:830} INFO - Processing file /home/airflow/.local/lib/python3.8/site-packages/airflow/example_dags/example_sensor_decorator.py for tasks to queue
[2025-06-03T13:36:20.658+0000] {logging_mixin.py:188} INFO - [2025-06-03T13:36:20.657+0000] {dagbag.py:540} INFO - Filling up the DagBag from /home/airflow/.local/lib/python3.8/site-packages/airflow/example_dags/example_sensor_decorator.py
[2025-06-03T13:36:20.660+0000] {processor.py:840} INFO - DAG(s) 'example_sensor_decorator' retrieved from /home/airflow/.local/lib/python3.8/site-packages/airflow/example_dags/example_sensor_decorator.py
[2025-06-03T13:36:20.670+0000] {logging_mixin.py:188} INFO - [2025-06-03T13:36:20.670+0000] {dag.py:3047} INFO - Sync 1 DAGs
[2025-06-03T13:36:20.674+0000] {logging_mixin.py:188} INFO - [2025-06-03T13:36:20.674+0000] {dag.py:3834} INFO - Setting next_dagrun for example_sensor_decorator to None, run_after=None
[2025-06-03T13:36:20.681+0000] {processor.py:183} INFO - Processing /home/airflow/.local/lib/python3.8/site-packages/airflow/example_dags/example_sensor_decorator.py took 0.026 seconds
[2025-06-03T13:36:51.029+0000] {processor.py:161} INFO - Started process (PID=2226) to work on /home/airflow/.local/lib/python3.8/site-packages/airflow/example_dags/example_sensor_decorator.py
[2025-06-03T13:36:51.032+0000] {processor.py:830} INFO - Processing file /home/airflow/.local/lib/python3.8/site-packages/airflow/example_dags/example_sensor_decorator.py for tasks to queue
[2025-06-03T13:36:51.034+0000] {logging_mixin.py:188} INFO - [2025-06-03T13:36:51.034+0000] {dagbag.py:540} INFO - Filling up the DagBag from /home/airflow/.local/lib/python3.8/site-packages/airflow/example_dags/example_sensor_decorator.py
[2025-06-03T13:36:51.037+0000] {processor.py:840} INFO - DAG(s) 'example_sensor_decorator' retrieved from /home/airflow/.local/lib/python3.8/site-packages/airflow/example_dags/example_sensor_decorator.py
[2025-06-03T13:36:51.044+0000] {logging_mixin.py:188} INFO - [2025-06-03T13:36:51.044+0000] {dag.py:3047} INFO - Sync 1 DAGs
[2025-06-03T13:36:51.049+0000] {logging_mixin.py:188} INFO - [2025-06-03T13:36:51.049+0000] {dag.py:3834} INFO - Setting next_dagrun for example_sensor_decorator to None, run_after=None
[2025-06-03T13:36:51.056+0000] {processor.py:183} INFO - Processing /home/airflow/.local/lib/python3.8/site-packages/airflow/example_dags/example_sensor_decorator.py took 0.029 seconds
[2025-06-03T13:37:21.407+0000] {processor.py:161} INFO - Started process (PID=2281) to work on /home/airflow/.local/lib/python3.8/site-packages/airflow/example_dags/example_sensor_decorator.py
[2025-06-03T13:37:21.407+0000] {processor.py:830} INFO - Processing file /home/airflow/.local/lib/python3.8/site-packages/airflow/example_dags/example_sensor_decorator.py for tasks to queue
[2025-06-03T13:37:21.408+0000] {logging_mixin.py:188} INFO - [2025-06-03T13:37:21.408+0000] {dagbag.py:540} INFO - Filling up the DagBag from /home/airflow/.local/lib/python3.8/site-packages/airflow/example_dags/example_sensor_decorator.py
[2025-06-03T13:37:21.410+0000] {processor.py:840} INFO - DAG(s) 'example_sensor_decorator' retrieved from /home/airflow/.local/lib/python3.8/site-packages/airflow/example_dags/example_sensor_decorator.py
[2025-06-03T13:37:21.417+0000] {logging_mixin.py:188} INFO - [2025-06-03T13:37:21.417+0000] {dag.py:3047} INFO - Sync 1 DAGs
[2025-06-03T13:37:21.424+0000] {logging_mixin.py:188} INFO - [2025-06-03T13:37:21.424+0000] {dag.py:3834} INFO - Setting next_dagrun for example_sensor_decorator to None, run_after=None
[2025-06-03T13:37:21.430+0000] {processor.py:183} INFO - Processing /home/airflow/.local/lib/python3.8/site-packages/airflow/example_dags/example_sensor_decorator.py took 0.025 seconds
[2025-06-03T13:37:52.089+0000] {processor.py:161} INFO - Started process (PID=2336) to work on /home/airflow/.local/lib/python3.8/site-packages/airflow/example_dags/example_sensor_decorator.py
[2025-06-03T13:37:52.090+0000] {processor.py:830} INFO - Processing file /home/airflow/.local/lib/python3.8/site-packages/airflow/example_dags/example_sensor_decorator.py for tasks to queue
[2025-06-03T13:37:52.091+0000] {logging_mixin.py:188} INFO - [2025-06-03T13:37:52.090+0000] {dagbag.py:540} INFO - Filling up the DagBag from /home/airflow/.local/lib/python3.8/site-packages/airflow/example_dags/example_sensor_decorator.py
[2025-06-03T13:37:52.093+0000] {processor.py:840} INFO - DAG(s) 'example_sensor_decorator' retrieved from /home/airflow/.local/lib/python3.8/site-packages/airflow/example_dags/example_sensor_decorator.py
[2025-06-03T13:37:52.102+0000] {logging_mixin.py:188} INFO - [2025-06-03T13:37:52.101+0000] {dag.py:3047} INFO - Sync 1 DAGs
[2025-06-03T13:37:52.107+0000] {logging_mixin.py:188} INFO - [2025-06-03T13:37:52.107+0000] {dag.py:3834} INFO - Setting next_dagrun for example_sensor_decorator to None, run_after=None
[2025-06-03T13:37:52.114+0000] {processor.py:183} INFO - Processing /home/airflow/.local/lib/python3.8/site-packages/airflow/example_dags/example_sensor_decorator.py took 0.026 seconds
[2025-06-03T13:38:23.096+0000] {processor.py:161} INFO - Started process (PID=2391) to work on /home/airflow/.local/lib/python3.8/site-packages/airflow/example_dags/example_sensor_decorator.py
[2025-06-03T13:38:23.097+0000] {processor.py:830} INFO - Processing file /home/airflow/.local/lib/python3.8/site-packages/airflow/example_dags/example_sensor_decorator.py for tasks to queue
[2025-06-03T13:38:23.098+0000] {logging_mixin.py:188} INFO - [2025-06-03T13:38:23.098+0000] {dagbag.py:540} INFO - Filling up the DagBag from /home/airflow/.local/lib/python3.8/site-packages/airflow/example_dags/example_sensor_decorator.py
[2025-06-03T13:38:23.101+0000] {processor.py:840} INFO - DAG(s) 'example_sensor_decorator' retrieved from /home/airflow/.local/lib/python3.8/site-packages/airflow/example_dags/example_sensor_decorator.py
[2025-06-03T13:38:23.115+0000] {logging_mixin.py:188} INFO - [2025-06-03T13:38:23.115+0000] {dag.py:3047} INFO - Sync 1 DAGs
[2025-06-03T13:38:23.121+0000] {logging_mixin.py:188} INFO - [2025-06-03T13:38:23.121+0000] {dag.py:3834} INFO - Setting next_dagrun for example_sensor_decorator to None, run_after=None
[2025-06-03T13:38:23.131+0000] {processor.py:183} INFO - Processing /home/airflow/.local/lib/python3.8/site-packages/airflow/example_dags/example_sensor_decorator.py took 0.036 seconds
[2025-06-03T13:38:53.666+0000] {processor.py:161} INFO - Started process (PID=2446) to work on /home/airflow/.local/lib/python3.8/site-packages/airflow/example_dags/example_sensor_decorator.py
[2025-06-03T13:38:53.667+0000] {processor.py:830} INFO - Processing file /home/airflow/.local/lib/python3.8/site-packages/airflow/example_dags/example_sensor_decorator.py for tasks to queue
[2025-06-03T13:38:53.669+0000] {logging_mixin.py:188} INFO - [2025-06-03T13:38:53.668+0000] {dagbag.py:540} INFO - Filling up the DagBag from /home/airflow/.local/lib/python3.8/site-packages/airflow/example_dags/example_sensor_decorator.py
[2025-06-03T13:38:53.672+0000] {processor.py:840} INFO - DAG(s) 'example_sensor_decorator' retrieved from /home/airflow/.local/lib/python3.8/site-packages/airflow/example_dags/example_sensor_decorator.py
[2025-06-03T13:38:53.686+0000] {logging_mixin.py:188} INFO - [2025-06-03T13:38:53.686+0000] {dag.py:3047} INFO - Sync 1 DAGs
[2025-06-03T13:38:53.691+0000] {logging_mixin.py:188} INFO - [2025-06-03T13:38:53.691+0000] {dag.py:3834} INFO - Setting next_dagrun for example_sensor_decorator to None, run_after=None
[2025-06-03T13:38:53.703+0000] {processor.py:183} INFO - Processing /home/airflow/.local/lib/python3.8/site-packages/airflow/example_dags/example_sensor_decorator.py took 0.041 seconds
[2025-06-03T13:39:24.754+0000] {processor.py:161} INFO - Started process (PID=2501) to work on /home/airflow/.local/lib/python3.8/site-packages/airflow/example_dags/example_sensor_decorator.py
[2025-06-03T13:39:24.755+0000] {processor.py:830} INFO - Processing file /home/airflow/.local/lib/python3.8/site-packages/airflow/example_dags/example_sensor_decorator.py for tasks to queue
[2025-06-03T13:39:24.755+0000] {logging_mixin.py:188} INFO - [2025-06-03T13:39:24.755+0000] {dagbag.py:540} INFO - Filling up the DagBag from /home/airflow/.local/lib/python3.8/site-packages/airflow/example_dags/example_sensor_decorator.py
[2025-06-03T13:39:24.758+0000] {processor.py:840} INFO - DAG(s) 'example_sensor_decorator' retrieved from /home/airflow/.local/lib/python3.8/site-packages/airflow/example_dags/example_sensor_decorator.py
[2025-06-03T13:39:24.773+0000] {logging_mixin.py:188} INFO - [2025-06-03T13:39:24.773+0000] {dag.py:3047} INFO - Sync 1 DAGs
[2025-06-03T13:39:24.780+0000] {logging_mixin.py:188} INFO - [2025-06-03T13:39:24.779+0000] {dag.py:3834} INFO - Setting next_dagrun for example_sensor_decorator to None, run_after=None
[2025-06-03T13:39:24.791+0000] {processor.py:183} INFO - Processing /home/airflow/.local/lib/python3.8/site-packages/airflow/example_dags/example_sensor_decorator.py took 0.038 seconds
[2025-06-03T13:39:55.597+0000] {processor.py:161} INFO - Started process (PID=2556) to work on /home/airflow/.local/lib/python3.8/site-packages/airflow/example_dags/example_sensor_decorator.py
[2025-06-03T13:39:55.601+0000] {processor.py:830} INFO - Processing file /home/airflow/.local/lib/python3.8/site-packages/airflow/example_dags/example_sensor_decorator.py for tasks to queue
[2025-06-03T13:39:55.602+0000] {logging_mixin.py:188} INFO - [2025-06-03T13:39:55.601+0000] {dagbag.py:540} INFO - Filling up the DagBag from /home/airflow/.local/lib/python3.8/site-packages/airflow/example_dags/example_sensor_decorator.py
[2025-06-03T13:39:55.604+0000] {processor.py:840} INFO - DAG(s) 'example_sensor_decorator' retrieved from /home/airflow/.local/lib/python3.8/site-packages/airflow/example_dags/example_sensor_decorator.py
[2025-06-03T13:39:55.613+0000] {logging_mixin.py:188} INFO - [2025-06-03T13:39:55.613+0000] {dag.py:3047} INFO - Sync 1 DAGs
[2025-06-03T13:39:55.618+0000] {logging_mixin.py:188} INFO - [2025-06-03T13:39:55.618+0000] {dag.py:3834} INFO - Setting next_dagrun for example_sensor_decorator to None, run_after=None
[2025-06-03T13:39:55.629+0000] {processor.py:183} INFO - Processing /home/airflow/.local/lib/python3.8/site-packages/airflow/example_dags/example_sensor_decorator.py took 0.034 seconds
[2025-06-03T13:40:26.503+0000] {processor.py:161} INFO - Started process (PID=2612) to work on /home/airflow/.local/lib/python3.8/site-packages/airflow/example_dags/example_sensor_decorator.py
[2025-06-03T13:40:26.504+0000] {processor.py:830} INFO - Processing file /home/airflow/.local/lib/python3.8/site-packages/airflow/example_dags/example_sensor_decorator.py for tasks to queue
[2025-06-03T13:40:26.505+0000] {logging_mixin.py:188} INFO - [2025-06-03T13:40:26.505+0000] {dagbag.py:540} INFO - Filling up the DagBag from /home/airflow/.local/lib/python3.8/site-packages/airflow/example_dags/example_sensor_decorator.py
[2025-06-03T13:40:26.508+0000] {processor.py:840} INFO - DAG(s) 'example_sensor_decorator' retrieved from /home/airflow/.local/lib/python3.8/site-packages/airflow/example_dags/example_sensor_decorator.py
[2025-06-03T13:40:26.517+0000] {logging_mixin.py:188} INFO - [2025-06-03T13:40:26.517+0000] {dag.py:3047} INFO - Sync 1 DAGs
[2025-06-03T13:40:26.523+0000] {logging_mixin.py:188} INFO - [2025-06-03T13:40:26.523+0000] {dag.py:3834} INFO - Setting next_dagrun for example_sensor_decorator to None, run_after=None
[2025-06-03T13:40:26.532+0000] {processor.py:183} INFO - Processing /home/airflow/.local/lib/python3.8/site-packages/airflow/example_dags/example_sensor_decorator.py took 0.031 seconds
