[2025-06-03T13:16:58.734+0000] {processor.py:161} INFO - Started process (PID=68) to work on /home/airflow/.local/lib/python3.8/site-packages/airflow/example_dags/example_external_task_marker_dag.py
[2025-06-03T13:16:58.735+0000] {processor.py:830} INFO - Processing file /home/airflow/.local/lib/python3.8/site-packages/airflow/example_dags/example_external_task_marker_dag.py for tasks to queue
[2025-06-03T13:16:58.736+0000] {logging_mixin.py:188} INFO - [2025-06-03T13:16:58.736+0000] {dagbag.py:540} INFO - Filling up the DagBag from /home/airflow/.local/lib/python3.8/site-packages/airflow/example_dags/example_external_task_marker_dag.py
[2025-06-03T13:16:58.741+0000] {processor.py:840} INFO - DAG(s) 'example_external_task_marker_parent', 'example_external_task_marker_child' retrieved from /home/airflow/.local/lib/python3.8/site-packages/airflow/example_dags/example_external_task_marker_dag.py
[2025-06-03T13:16:58.749+0000] {logging_mixin.py:188} INFO - [2025-06-03T13:16:58.749+0000] {dag.py:3047} INFO - Sync 2 DAGs
[2025-06-03T13:16:58.757+0000] {logging_mixin.py:188} INFO - [2025-06-03T13:16:58.757+0000] {dag.py:3834} INFO - Setting next_dagrun for example_external_task_marker_child to None, run_after=None
[2025-06-03T13:16:58.759+0000] {logging_mixin.py:188} INFO - [2025-06-03T13:16:58.759+0000] {dag.py:3834} INFO - Setting next_dagrun for example_external_task_marker_parent to None, run_after=None
[2025-06-03T13:16:58.769+0000] {processor.py:183} INFO - Processing /home/airflow/.local/lib/python3.8/site-packages/airflow/example_dags/example_external_task_marker_dag.py took 0.039 seconds
[2025-06-03T13:17:28.799+0000] {processor.py:161} INFO - Started process (PID=123) to work on /home/airflow/.local/lib/python3.8/site-packages/airflow/example_dags/example_external_task_marker_dag.py
[2025-06-03T13:17:28.799+0000] {processor.py:830} INFO - Processing file /home/airflow/.local/lib/python3.8/site-packages/airflow/example_dags/example_external_task_marker_dag.py for tasks to queue
[2025-06-03T13:17:28.800+0000] {logging_mixin.py:188} INFO - [2025-06-03T13:17:28.800+0000] {dagbag.py:540} INFO - Filling up the DagBag from /home/airflow/.local/lib/python3.8/site-packages/airflow/example_dags/example_external_task_marker_dag.py
[2025-06-03T13:17:28.802+0000] {processor.py:840} INFO - DAG(s) 'example_external_task_marker_child', 'example_external_task_marker_parent' retrieved from /home/airflow/.local/lib/python3.8/site-packages/airflow/example_dags/example_external_task_marker_dag.py
[2025-06-03T13:17:28.839+0000] {logging_mixin.py:188} INFO - [2025-06-03T13:17:28.839+0000] {dag.py:3047} INFO - Sync 2 DAGs
[2025-06-03T13:17:28.842+0000] {logging_mixin.py:188} INFO - [2025-06-03T13:17:28.842+0000] {dag.py:3834} INFO - Setting next_dagrun for example_external_task_marker_child to None, run_after=None
[2025-06-03T13:17:28.843+0000] {logging_mixin.py:188} INFO - [2025-06-03T13:17:28.843+0000] {dag.py:3834} INFO - Setting next_dagrun for example_external_task_marker_parent to None, run_after=None
[2025-06-03T13:17:28.849+0000] {processor.py:183} INFO - Processing /home/airflow/.local/lib/python3.8/site-packages/airflow/example_dags/example_external_task_marker_dag.py took 0.052 seconds
[2025-06-03T13:17:59.665+0000] {processor.py:161} INFO - Started process (PID=184) to work on /home/airflow/.local/lib/python3.8/site-packages/airflow/example_dags/example_external_task_marker_dag.py
[2025-06-03T13:17:59.666+0000] {processor.py:830} INFO - Processing file /home/airflow/.local/lib/python3.8/site-packages/airflow/example_dags/example_external_task_marker_dag.py for tasks to queue
[2025-06-03T13:17:59.667+0000] {logging_mixin.py:188} INFO - [2025-06-03T13:17:59.667+0000] {dagbag.py:540} INFO - Filling up the DagBag from /home/airflow/.local/lib/python3.8/site-packages/airflow/example_dags/example_external_task_marker_dag.py
[2025-06-03T13:17:59.670+0000] {processor.py:840} INFO - DAG(s) 'example_external_task_marker_child', 'example_external_task_marker_parent' retrieved from /home/airflow/.local/lib/python3.8/site-packages/airflow/example_dags/example_external_task_marker_dag.py
[2025-06-03T13:17:59.687+0000] {logging_mixin.py:188} INFO - [2025-06-03T13:17:59.687+0000] {dag.py:3047} INFO - Sync 2 DAGs
[2025-06-03T13:17:59.694+0000] {logging_mixin.py:188} INFO - [2025-06-03T13:17:59.694+0000] {dag.py:3834} INFO - Setting next_dagrun for example_external_task_marker_child to None, run_after=None
[2025-06-03T13:17:59.695+0000] {logging_mixin.py:188} INFO - [2025-06-03T13:17:59.695+0000] {dag.py:3834} INFO - Setting next_dagrun for example_external_task_marker_parent to None, run_after=None
[2025-06-03T13:17:59.701+0000] {processor.py:183} INFO - Processing /home/airflow/.local/lib/python3.8/site-packages/airflow/example_dags/example_external_task_marker_dag.py took 0.038 seconds
[2025-06-03T13:18:30.262+0000] {processor.py:161} INFO - Started process (PID=239) to work on /home/airflow/.local/lib/python3.8/site-packages/airflow/example_dags/example_external_task_marker_dag.py
[2025-06-03T13:18:30.263+0000] {processor.py:830} INFO - Processing file /home/airflow/.local/lib/python3.8/site-packages/airflow/example_dags/example_external_task_marker_dag.py for tasks to queue
[2025-06-03T13:18:30.264+0000] {logging_mixin.py:188} INFO - [2025-06-03T13:18:30.264+0000] {dagbag.py:540} INFO - Filling up the DagBag from /home/airflow/.local/lib/python3.8/site-packages/airflow/example_dags/example_external_task_marker_dag.py
[2025-06-03T13:18:30.267+0000] {processor.py:840} INFO - DAG(s) 'example_external_task_marker_parent', 'example_external_task_marker_child' retrieved from /home/airflow/.local/lib/python3.8/site-packages/airflow/example_dags/example_external_task_marker_dag.py
[2025-06-03T13:18:30.278+0000] {logging_mixin.py:188} INFO - [2025-06-03T13:18:30.278+0000] {dag.py:3047} INFO - Sync 2 DAGs
[2025-06-03T13:18:30.283+0000] {logging_mixin.py:188} INFO - [2025-06-03T13:18:30.283+0000] {dag.py:3834} INFO - Setting next_dagrun for example_external_task_marker_child to None, run_after=None
[2025-06-03T13:18:30.284+0000] {logging_mixin.py:188} INFO - [2025-06-03T13:18:30.284+0000] {dag.py:3834} INFO - Setting next_dagrun for example_external_task_marker_parent to None, run_after=None
[2025-06-03T13:18:30.290+0000] {processor.py:183} INFO - Processing /home/airflow/.local/lib/python3.8/site-packages/airflow/example_dags/example_external_task_marker_dag.py took 0.030 seconds
[2025-06-03T13:19:00.826+0000] {processor.py:161} INFO - Started process (PID=294) to work on /home/airflow/.local/lib/python3.8/site-packages/airflow/example_dags/example_external_task_marker_dag.py
[2025-06-03T13:19:00.827+0000] {processor.py:830} INFO - Processing file /home/airflow/.local/lib/python3.8/site-packages/airflow/example_dags/example_external_task_marker_dag.py for tasks to queue
[2025-06-03T13:19:00.828+0000] {logging_mixin.py:188} INFO - [2025-06-03T13:19:00.828+0000] {dagbag.py:540} INFO - Filling up the DagBag from /home/airflow/.local/lib/python3.8/site-packages/airflow/example_dags/example_external_task_marker_dag.py
[2025-06-03T13:19:00.831+0000] {processor.py:840} INFO - DAG(s) 'example_external_task_marker_parent', 'example_external_task_marker_child' retrieved from /home/airflow/.local/lib/python3.8/site-packages/airflow/example_dags/example_external_task_marker_dag.py
[2025-06-03T13:19:00.840+0000] {logging_mixin.py:188} INFO - [2025-06-03T13:19:00.840+0000] {dag.py:3047} INFO - Sync 2 DAGs
[2025-06-03T13:19:00.845+0000] {logging_mixin.py:188} INFO - [2025-06-03T13:19:00.845+0000] {dag.py:3834} INFO - Setting next_dagrun for example_external_task_marker_child to None, run_after=None
[2025-06-03T13:19:00.846+0000] {logging_mixin.py:188} INFO - [2025-06-03T13:19:00.846+0000] {dag.py:3834} INFO - Setting next_dagrun for example_external_task_marker_parent to None, run_after=None
[2025-06-03T13:19:00.851+0000] {processor.py:183} INFO - Processing /home/airflow/.local/lib/python3.8/site-packages/airflow/example_dags/example_external_task_marker_dag.py took 0.026 seconds
[2025-06-03T13:19:31.425+0000] {processor.py:161} INFO - Started process (PID=349) to work on /home/airflow/.local/lib/python3.8/site-packages/airflow/example_dags/example_external_task_marker_dag.py
[2025-06-03T13:19:31.425+0000] {processor.py:830} INFO - Processing file /home/airflow/.local/lib/python3.8/site-packages/airflow/example_dags/example_external_task_marker_dag.py for tasks to queue
[2025-06-03T13:19:31.427+0000] {logging_mixin.py:188} INFO - [2025-06-03T13:19:31.427+0000] {dagbag.py:540} INFO - Filling up the DagBag from /home/airflow/.local/lib/python3.8/site-packages/airflow/example_dags/example_external_task_marker_dag.py
[2025-06-03T13:19:31.432+0000] {processor.py:840} INFO - DAG(s) 'example_external_task_marker_child', 'example_external_task_marker_parent' retrieved from /home/airflow/.local/lib/python3.8/site-packages/airflow/example_dags/example_external_task_marker_dag.py
[2025-06-03T13:19:31.444+0000] {logging_mixin.py:188} INFO - [2025-06-03T13:19:31.444+0000] {dag.py:3047} INFO - Sync 2 DAGs
[2025-06-03T13:19:31.450+0000] {logging_mixin.py:188} INFO - [2025-06-03T13:19:31.450+0000] {dag.py:3834} INFO - Setting next_dagrun for example_external_task_marker_child to None, run_after=None
[2025-06-03T13:19:31.453+0000] {logging_mixin.py:188} INFO - [2025-06-03T13:19:31.452+0000] {dag.py:3834} INFO - Setting next_dagrun for example_external_task_marker_parent to None, run_after=None
[2025-06-03T13:19:31.458+0000] {processor.py:183} INFO - Processing /home/airflow/.local/lib/python3.8/site-packages/airflow/example_dags/example_external_task_marker_dag.py took 0.037 seconds
[2025-06-03T13:20:02.044+0000] {processor.py:161} INFO - Started process (PID=404) to work on /home/airflow/.local/lib/python3.8/site-packages/airflow/example_dags/example_external_task_marker_dag.py
[2025-06-03T13:20:02.044+0000] {processor.py:830} INFO - Processing file /home/airflow/.local/lib/python3.8/site-packages/airflow/example_dags/example_external_task_marker_dag.py for tasks to queue
[2025-06-03T13:20:02.045+0000] {logging_mixin.py:188} INFO - [2025-06-03T13:20:02.045+0000] {dagbag.py:540} INFO - Filling up the DagBag from /home/airflow/.local/lib/python3.8/site-packages/airflow/example_dags/example_external_task_marker_dag.py
[2025-06-03T13:20:02.049+0000] {processor.py:840} INFO - DAG(s) 'example_external_task_marker_child', 'example_external_task_marker_parent' retrieved from /home/airflow/.local/lib/python3.8/site-packages/airflow/example_dags/example_external_task_marker_dag.py
[2025-06-03T13:20:02.064+0000] {logging_mixin.py:188} INFO - [2025-06-03T13:20:02.063+0000] {dag.py:3047} INFO - Sync 2 DAGs
[2025-06-03T13:20:02.072+0000] {logging_mixin.py:188} INFO - [2025-06-03T13:20:02.072+0000] {dag.py:3834} INFO - Setting next_dagrun for example_external_task_marker_child to None, run_after=None
[2025-06-03T13:20:02.074+0000] {logging_mixin.py:188} INFO - [2025-06-03T13:20:02.074+0000] {dag.py:3834} INFO - Setting next_dagrun for example_external_task_marker_parent to None, run_after=None
[2025-06-03T13:20:02.080+0000] {processor.py:183} INFO - Processing /home/airflow/.local/lib/python3.8/site-packages/airflow/example_dags/example_external_task_marker_dag.py took 0.038 seconds
[2025-06-03T13:20:32.903+0000] {processor.py:161} INFO - Started process (PID=459) to work on /home/airflow/.local/lib/python3.8/site-packages/airflow/example_dags/example_external_task_marker_dag.py
[2025-06-03T13:20:32.904+0000] {processor.py:830} INFO - Processing file /home/airflow/.local/lib/python3.8/site-packages/airflow/example_dags/example_external_task_marker_dag.py for tasks to queue
[2025-06-03T13:20:32.904+0000] {logging_mixin.py:188} INFO - [2025-06-03T13:20:32.904+0000] {dagbag.py:540} INFO - Filling up the DagBag from /home/airflow/.local/lib/python3.8/site-packages/airflow/example_dags/example_external_task_marker_dag.py
[2025-06-03T13:20:32.907+0000] {processor.py:840} INFO - DAG(s) 'example_external_task_marker_child', 'example_external_task_marker_parent' retrieved from /home/airflow/.local/lib/python3.8/site-packages/airflow/example_dags/example_external_task_marker_dag.py
[2025-06-03T13:20:32.919+0000] {logging_mixin.py:188} INFO - [2025-06-03T13:20:32.919+0000] {dag.py:3047} INFO - Sync 2 DAGs
[2025-06-03T13:20:32.925+0000] {logging_mixin.py:188} INFO - [2025-06-03T13:20:32.925+0000] {dag.py:3834} INFO - Setting next_dagrun for example_external_task_marker_child to None, run_after=None
[2025-06-03T13:20:32.927+0000] {logging_mixin.py:188} INFO - [2025-06-03T13:20:32.927+0000] {dag.py:3834} INFO - Setting next_dagrun for example_external_task_marker_parent to None, run_after=None
[2025-06-03T13:20:32.935+0000] {processor.py:183} INFO - Processing /home/airflow/.local/lib/python3.8/site-packages/airflow/example_dags/example_external_task_marker_dag.py took 0.033 seconds
[2025-06-03T13:21:03.683+0000] {processor.py:161} INFO - Started process (PID=514) to work on /home/airflow/.local/lib/python3.8/site-packages/airflow/example_dags/example_external_task_marker_dag.py
[2025-06-03T13:21:03.684+0000] {processor.py:830} INFO - Processing file /home/airflow/.local/lib/python3.8/site-packages/airflow/example_dags/example_external_task_marker_dag.py for tasks to queue
[2025-06-03T13:21:03.686+0000] {logging_mixin.py:188} INFO - [2025-06-03T13:21:03.685+0000] {dagbag.py:540} INFO - Filling up the DagBag from /home/airflow/.local/lib/python3.8/site-packages/airflow/example_dags/example_external_task_marker_dag.py
[2025-06-03T13:21:03.688+0000] {processor.py:840} INFO - DAG(s) 'example_external_task_marker_parent', 'example_external_task_marker_child' retrieved from /home/airflow/.local/lib/python3.8/site-packages/airflow/example_dags/example_external_task_marker_dag.py
[2025-06-03T13:21:03.699+0000] {logging_mixin.py:188} INFO - [2025-06-03T13:21:03.699+0000] {dag.py:3047} INFO - Sync 2 DAGs
[2025-06-03T13:21:03.703+0000] {logging_mixin.py:188} INFO - [2025-06-03T13:21:03.703+0000] {dag.py:3834} INFO - Setting next_dagrun for example_external_task_marker_child to None, run_after=None
[2025-06-03T13:21:03.705+0000] {logging_mixin.py:188} INFO - [2025-06-03T13:21:03.705+0000] {dag.py:3834} INFO - Setting next_dagrun for example_external_task_marker_parent to None, run_after=None
[2025-06-03T13:21:03.711+0000] {processor.py:183} INFO - Processing /home/airflow/.local/lib/python3.8/site-packages/airflow/example_dags/example_external_task_marker_dag.py took 0.030 seconds
[2025-06-03T13:21:34.574+0000] {processor.py:161} INFO - Started process (PID=569) to work on /home/airflow/.local/lib/python3.8/site-packages/airflow/example_dags/example_external_task_marker_dag.py
[2025-06-03T13:21:34.575+0000] {processor.py:830} INFO - Processing file /home/airflow/.local/lib/python3.8/site-packages/airflow/example_dags/example_external_task_marker_dag.py for tasks to queue
[2025-06-03T13:21:34.576+0000] {logging_mixin.py:188} INFO - [2025-06-03T13:21:34.576+0000] {dagbag.py:540} INFO - Filling up the DagBag from /home/airflow/.local/lib/python3.8/site-packages/airflow/example_dags/example_external_task_marker_dag.py
[2025-06-03T13:21:34.579+0000] {processor.py:840} INFO - DAG(s) 'example_external_task_marker_parent', 'example_external_task_marker_child' retrieved from /home/airflow/.local/lib/python3.8/site-packages/airflow/example_dags/example_external_task_marker_dag.py
[2025-06-03T13:21:34.590+0000] {logging_mixin.py:188} INFO - [2025-06-03T13:21:34.590+0000] {dag.py:3047} INFO - Sync 2 DAGs
[2025-06-03T13:21:34.595+0000] {logging_mixin.py:188} INFO - [2025-06-03T13:21:34.595+0000] {dag.py:3834} INFO - Setting next_dagrun for example_external_task_marker_child to None, run_after=None
[2025-06-03T13:21:34.597+0000] {logging_mixin.py:188} INFO - [2025-06-03T13:21:34.597+0000] {dag.py:3834} INFO - Setting next_dagrun for example_external_task_marker_parent to None, run_after=None
[2025-06-03T13:21:34.604+0000] {processor.py:183} INFO - Processing /home/airflow/.local/lib/python3.8/site-packages/airflow/example_dags/example_external_task_marker_dag.py took 0.031 seconds
[2025-06-03T13:22:05.514+0000] {processor.py:161} INFO - Started process (PID=624) to work on /home/airflow/.local/lib/python3.8/site-packages/airflow/example_dags/example_external_task_marker_dag.py
[2025-06-03T13:22:05.515+0000] {processor.py:830} INFO - Processing file /home/airflow/.local/lib/python3.8/site-packages/airflow/example_dags/example_external_task_marker_dag.py for tasks to queue
[2025-06-03T13:22:05.516+0000] {logging_mixin.py:188} INFO - [2025-06-03T13:22:05.516+0000] {dagbag.py:540} INFO - Filling up the DagBag from /home/airflow/.local/lib/python3.8/site-packages/airflow/example_dags/example_external_task_marker_dag.py
[2025-06-03T13:22:05.519+0000] {processor.py:840} INFO - DAG(s) 'example_external_task_marker_child', 'example_external_task_marker_parent' retrieved from /home/airflow/.local/lib/python3.8/site-packages/airflow/example_dags/example_external_task_marker_dag.py
[2025-06-03T13:22:05.528+0000] {logging_mixin.py:188} INFO - [2025-06-03T13:22:05.528+0000] {dag.py:3047} INFO - Sync 2 DAGs
[2025-06-03T13:22:05.532+0000] {logging_mixin.py:188} INFO - [2025-06-03T13:22:05.532+0000] {dag.py:3834} INFO - Setting next_dagrun for example_external_task_marker_child to None, run_after=None
[2025-06-03T13:22:05.533+0000] {logging_mixin.py:188} INFO - [2025-06-03T13:22:05.533+0000] {dag.py:3834} INFO - Setting next_dagrun for example_external_task_marker_parent to None, run_after=None
[2025-06-03T13:22:05.540+0000] {processor.py:183} INFO - Processing /home/airflow/.local/lib/python3.8/site-packages/airflow/example_dags/example_external_task_marker_dag.py took 0.028 seconds
[2025-06-03T13:22:36.384+0000] {processor.py:161} INFO - Started process (PID=679) to work on /home/airflow/.local/lib/python3.8/site-packages/airflow/example_dags/example_external_task_marker_dag.py
[2025-06-03T13:22:36.386+0000] {processor.py:830} INFO - Processing file /home/airflow/.local/lib/python3.8/site-packages/airflow/example_dags/example_external_task_marker_dag.py for tasks to queue
[2025-06-03T13:22:36.387+0000] {logging_mixin.py:188} INFO - [2025-06-03T13:22:36.387+0000] {dagbag.py:540} INFO - Filling up the DagBag from /home/airflow/.local/lib/python3.8/site-packages/airflow/example_dags/example_external_task_marker_dag.py
[2025-06-03T13:22:36.390+0000] {processor.py:840} INFO - DAG(s) 'example_external_task_marker_child', 'example_external_task_marker_parent' retrieved from /home/airflow/.local/lib/python3.8/site-packages/airflow/example_dags/example_external_task_marker_dag.py
[2025-06-03T13:22:36.398+0000] {logging_mixin.py:188} INFO - [2025-06-03T13:22:36.398+0000] {dag.py:3047} INFO - Sync 2 DAGs
[2025-06-03T13:22:36.403+0000] {logging_mixin.py:188} INFO - [2025-06-03T13:22:36.403+0000] {dag.py:3834} INFO - Setting next_dagrun for example_external_task_marker_child to None, run_after=None
[2025-06-03T13:22:36.404+0000] {logging_mixin.py:188} INFO - [2025-06-03T13:22:36.404+0000] {dag.py:3834} INFO - Setting next_dagrun for example_external_task_marker_parent to None, run_after=None
[2025-06-03T13:22:36.409+0000] {processor.py:183} INFO - Processing /home/airflow/.local/lib/python3.8/site-packages/airflow/example_dags/example_external_task_marker_dag.py took 0.026 seconds
[2025-06-03T13:23:07.339+0000] {processor.py:161} INFO - Started process (PID=734) to work on /home/airflow/.local/lib/python3.8/site-packages/airflow/example_dags/example_external_task_marker_dag.py
[2025-06-03T13:23:07.340+0000] {processor.py:830} INFO - Processing file /home/airflow/.local/lib/python3.8/site-packages/airflow/example_dags/example_external_task_marker_dag.py for tasks to queue
[2025-06-03T13:23:07.340+0000] {logging_mixin.py:188} INFO - [2025-06-03T13:23:07.340+0000] {dagbag.py:540} INFO - Filling up the DagBag from /home/airflow/.local/lib/python3.8/site-packages/airflow/example_dags/example_external_task_marker_dag.py
[2025-06-03T13:23:07.343+0000] {processor.py:840} INFO - DAG(s) 'example_external_task_marker_parent', 'example_external_task_marker_child' retrieved from /home/airflow/.local/lib/python3.8/site-packages/airflow/example_dags/example_external_task_marker_dag.py
[2025-06-03T13:23:07.353+0000] {logging_mixin.py:188} INFO - [2025-06-03T13:23:07.353+0000] {dag.py:3047} INFO - Sync 2 DAGs
[2025-06-03T13:23:07.361+0000] {logging_mixin.py:188} INFO - [2025-06-03T13:23:07.361+0000] {dag.py:3834} INFO - Setting next_dagrun for example_external_task_marker_child to None, run_after=None
[2025-06-03T13:23:07.363+0000] {logging_mixin.py:188} INFO - [2025-06-03T13:23:07.363+0000] {dag.py:3834} INFO - Setting next_dagrun for example_external_task_marker_parent to None, run_after=None
[2025-06-03T13:23:07.369+0000] {processor.py:183} INFO - Processing /home/airflow/.local/lib/python3.8/site-packages/airflow/example_dags/example_external_task_marker_dag.py took 0.031 seconds
[2025-06-03T13:23:38.215+0000] {processor.py:161} INFO - Started process (PID=789) to work on /home/airflow/.local/lib/python3.8/site-packages/airflow/example_dags/example_external_task_marker_dag.py
[2025-06-03T13:23:38.216+0000] {processor.py:830} INFO - Processing file /home/airflow/.local/lib/python3.8/site-packages/airflow/example_dags/example_external_task_marker_dag.py for tasks to queue
[2025-06-03T13:23:38.216+0000] {logging_mixin.py:188} INFO - [2025-06-03T13:23:38.216+0000] {dagbag.py:540} INFO - Filling up the DagBag from /home/airflow/.local/lib/python3.8/site-packages/airflow/example_dags/example_external_task_marker_dag.py
[2025-06-03T13:23:38.219+0000] {processor.py:840} INFO - DAG(s) 'example_external_task_marker_parent', 'example_external_task_marker_child' retrieved from /home/airflow/.local/lib/python3.8/site-packages/airflow/example_dags/example_external_task_marker_dag.py
[2025-06-03T13:23:38.230+0000] {logging_mixin.py:188} INFO - [2025-06-03T13:23:38.229+0000] {dag.py:3047} INFO - Sync 2 DAGs
[2025-06-03T13:23:38.234+0000] {logging_mixin.py:188} INFO - [2025-06-03T13:23:38.234+0000] {dag.py:3834} INFO - Setting next_dagrun for example_external_task_marker_child to None, run_after=None
[2025-06-03T13:23:38.236+0000] {logging_mixin.py:188} INFO - [2025-06-03T13:23:38.235+0000] {dag.py:3834} INFO - Setting next_dagrun for example_external_task_marker_parent to None, run_after=None
[2025-06-03T13:23:38.241+0000] {processor.py:183} INFO - Processing /home/airflow/.local/lib/python3.8/site-packages/airflow/example_dags/example_external_task_marker_dag.py took 0.028 seconds
[2025-06-03T13:24:08.488+0000] {processor.py:161} INFO - Started process (PID=844) to work on /home/airflow/.local/lib/python3.8/site-packages/airflow/example_dags/example_external_task_marker_dag.py
[2025-06-03T13:24:08.489+0000] {processor.py:830} INFO - Processing file /home/airflow/.local/lib/python3.8/site-packages/airflow/example_dags/example_external_task_marker_dag.py for tasks to queue
[2025-06-03T13:24:08.490+0000] {logging_mixin.py:188} INFO - [2025-06-03T13:24:08.490+0000] {dagbag.py:540} INFO - Filling up the DagBag from /home/airflow/.local/lib/python3.8/site-packages/airflow/example_dags/example_external_task_marker_dag.py
[2025-06-03T13:24:08.493+0000] {processor.py:840} INFO - DAG(s) 'example_external_task_marker_child', 'example_external_task_marker_parent' retrieved from /home/airflow/.local/lib/python3.8/site-packages/airflow/example_dags/example_external_task_marker_dag.py
[2025-06-03T13:24:08.505+0000] {logging_mixin.py:188} INFO - [2025-06-03T13:24:08.505+0000] {dag.py:3047} INFO - Sync 2 DAGs
[2025-06-03T13:24:08.511+0000] {logging_mixin.py:188} INFO - [2025-06-03T13:24:08.511+0000] {dag.py:3834} INFO - Setting next_dagrun for example_external_task_marker_child to None, run_after=None
[2025-06-03T13:24:08.512+0000] {logging_mixin.py:188} INFO - [2025-06-03T13:24:08.512+0000] {dag.py:3834} INFO - Setting next_dagrun for example_external_task_marker_parent to None, run_after=None
[2025-06-03T13:24:08.517+0000] {processor.py:183} INFO - Processing /home/airflow/.local/lib/python3.8/site-packages/airflow/example_dags/example_external_task_marker_dag.py took 0.031 seconds
[2025-06-03T13:24:39.392+0000] {processor.py:161} INFO - Started process (PID=899) to work on /home/airflow/.local/lib/python3.8/site-packages/airflow/example_dags/example_external_task_marker_dag.py
[2025-06-03T13:24:39.392+0000] {processor.py:830} INFO - Processing file /home/airflow/.local/lib/python3.8/site-packages/airflow/example_dags/example_external_task_marker_dag.py for tasks to queue
[2025-06-03T13:24:39.393+0000] {logging_mixin.py:188} INFO - [2025-06-03T13:24:39.393+0000] {dagbag.py:540} INFO - Filling up the DagBag from /home/airflow/.local/lib/python3.8/site-packages/airflow/example_dags/example_external_task_marker_dag.py
[2025-06-03T13:24:39.396+0000] {processor.py:840} INFO - DAG(s) 'example_external_task_marker_child', 'example_external_task_marker_parent' retrieved from /home/airflow/.local/lib/python3.8/site-packages/airflow/example_dags/example_external_task_marker_dag.py
[2025-06-03T13:24:39.407+0000] {logging_mixin.py:188} INFO - [2025-06-03T13:24:39.407+0000] {dag.py:3047} INFO - Sync 2 DAGs
[2025-06-03T13:24:39.413+0000] {logging_mixin.py:188} INFO - [2025-06-03T13:24:39.413+0000] {dag.py:3834} INFO - Setting next_dagrun for example_external_task_marker_child to None, run_after=None
[2025-06-03T13:24:39.415+0000] {logging_mixin.py:188} INFO - [2025-06-03T13:24:39.415+0000] {dag.py:3834} INFO - Setting next_dagrun for example_external_task_marker_parent to None, run_after=None
[2025-06-03T13:24:39.420+0000] {processor.py:183} INFO - Processing /home/airflow/.local/lib/python3.8/site-packages/airflow/example_dags/example_external_task_marker_dag.py took 0.030 seconds
[2025-06-03T13:25:10.160+0000] {processor.py:161} INFO - Started process (PID=954) to work on /home/airflow/.local/lib/python3.8/site-packages/airflow/example_dags/example_external_task_marker_dag.py
[2025-06-03T13:25:10.160+0000] {processor.py:830} INFO - Processing file /home/airflow/.local/lib/python3.8/site-packages/airflow/example_dags/example_external_task_marker_dag.py for tasks to queue
[2025-06-03T13:25:10.161+0000] {logging_mixin.py:188} INFO - [2025-06-03T13:25:10.161+0000] {dagbag.py:540} INFO - Filling up the DagBag from /home/airflow/.local/lib/python3.8/site-packages/airflow/example_dags/example_external_task_marker_dag.py
[2025-06-03T13:25:10.164+0000] {processor.py:840} INFO - DAG(s) 'example_external_task_marker_child', 'example_external_task_marker_parent' retrieved from /home/airflow/.local/lib/python3.8/site-packages/airflow/example_dags/example_external_task_marker_dag.py
[2025-06-03T13:25:10.174+0000] {logging_mixin.py:188} INFO - [2025-06-03T13:25:10.174+0000] {dag.py:3047} INFO - Sync 2 DAGs
[2025-06-03T13:25:10.179+0000] {logging_mixin.py:188} INFO - [2025-06-03T13:25:10.179+0000] {dag.py:3834} INFO - Setting next_dagrun for example_external_task_marker_child to None, run_after=None
[2025-06-03T13:25:10.180+0000] {logging_mixin.py:188} INFO - [2025-06-03T13:25:10.180+0000] {dag.py:3834} INFO - Setting next_dagrun for example_external_task_marker_parent to None, run_after=None
[2025-06-03T13:25:10.187+0000] {processor.py:183} INFO - Processing /home/airflow/.local/lib/python3.8/site-packages/airflow/example_dags/example_external_task_marker_dag.py took 0.028 seconds
[2025-06-03T13:25:40.755+0000] {processor.py:161} INFO - Started process (PID=1009) to work on /home/airflow/.local/lib/python3.8/site-packages/airflow/example_dags/example_external_task_marker_dag.py
[2025-06-03T13:25:40.756+0000] {processor.py:830} INFO - Processing file /home/airflow/.local/lib/python3.8/site-packages/airflow/example_dags/example_external_task_marker_dag.py for tasks to queue
[2025-06-03T13:25:40.757+0000] {logging_mixin.py:188} INFO - [2025-06-03T13:25:40.757+0000] {dagbag.py:540} INFO - Filling up the DagBag from /home/airflow/.local/lib/python3.8/site-packages/airflow/example_dags/example_external_task_marker_dag.py
[2025-06-03T13:25:40.760+0000] {processor.py:840} INFO - DAG(s) 'example_external_task_marker_child', 'example_external_task_marker_parent' retrieved from /home/airflow/.local/lib/python3.8/site-packages/airflow/example_dags/example_external_task_marker_dag.py
[2025-06-03T13:25:40.781+0000] {logging_mixin.py:188} INFO - [2025-06-03T13:25:40.781+0000] {dag.py:3047} INFO - Sync 2 DAGs
[2025-06-03T13:25:40.788+0000] {logging_mixin.py:188} INFO - [2025-06-03T13:25:40.788+0000] {dag.py:3834} INFO - Setting next_dagrun for example_external_task_marker_child to None, run_after=None
[2025-06-03T13:25:40.791+0000] {logging_mixin.py:188} INFO - [2025-06-03T13:25:40.791+0000] {dag.py:3834} INFO - Setting next_dagrun for example_external_task_marker_parent to None, run_after=None
[2025-06-03T13:25:40.799+0000] {processor.py:183} INFO - Processing /home/airflow/.local/lib/python3.8/site-packages/airflow/example_dags/example_external_task_marker_dag.py took 0.045 seconds
[2025-06-03T13:26:10.873+0000] {processor.py:161} INFO - Started process (PID=1064) to work on /home/airflow/.local/lib/python3.8/site-packages/airflow/example_dags/example_external_task_marker_dag.py
[2025-06-03T13:26:10.874+0000] {processor.py:830} INFO - Processing file /home/airflow/.local/lib/python3.8/site-packages/airflow/example_dags/example_external_task_marker_dag.py for tasks to queue
[2025-06-03T13:26:10.875+0000] {logging_mixin.py:188} INFO - [2025-06-03T13:26:10.875+0000] {dagbag.py:540} INFO - Filling up the DagBag from /home/airflow/.local/lib/python3.8/site-packages/airflow/example_dags/example_external_task_marker_dag.py
[2025-06-03T13:26:10.878+0000] {processor.py:840} INFO - DAG(s) 'example_external_task_marker_parent', 'example_external_task_marker_child' retrieved from /home/airflow/.local/lib/python3.8/site-packages/airflow/example_dags/example_external_task_marker_dag.py
[2025-06-03T13:26:10.898+0000] {logging_mixin.py:188} INFO - [2025-06-03T13:26:10.898+0000] {dag.py:3047} INFO - Sync 2 DAGs
[2025-06-03T13:26:10.904+0000] {logging_mixin.py:188} INFO - [2025-06-03T13:26:10.904+0000] {dag.py:3834} INFO - Setting next_dagrun for example_external_task_marker_child to None, run_after=None
[2025-06-03T13:26:10.906+0000] {logging_mixin.py:188} INFO - [2025-06-03T13:26:10.906+0000] {dag.py:3834} INFO - Setting next_dagrun for example_external_task_marker_parent to None, run_after=None
[2025-06-03T13:26:10.912+0000] {processor.py:183} INFO - Processing /home/airflow/.local/lib/python3.8/site-packages/airflow/example_dags/example_external_task_marker_dag.py took 0.040 seconds
[2025-06-03T13:26:41.064+0000] {processor.py:161} INFO - Started process (PID=1119) to work on /home/airflow/.local/lib/python3.8/site-packages/airflow/example_dags/example_external_task_marker_dag.py
[2025-06-03T13:26:41.065+0000] {processor.py:830} INFO - Processing file /home/airflow/.local/lib/python3.8/site-packages/airflow/example_dags/example_external_task_marker_dag.py for tasks to queue
[2025-06-03T13:26:41.066+0000] {logging_mixin.py:188} INFO - [2025-06-03T13:26:41.066+0000] {dagbag.py:540} INFO - Filling up the DagBag from /home/airflow/.local/lib/python3.8/site-packages/airflow/example_dags/example_external_task_marker_dag.py
[2025-06-03T13:26:41.068+0000] {processor.py:840} INFO - DAG(s) 'example_external_task_marker_parent', 'example_external_task_marker_child' retrieved from /home/airflow/.local/lib/python3.8/site-packages/airflow/example_dags/example_external_task_marker_dag.py
[2025-06-03T13:26:41.078+0000] {logging_mixin.py:188} INFO - [2025-06-03T13:26:41.078+0000] {dag.py:3047} INFO - Sync 2 DAGs
[2025-06-03T13:26:41.084+0000] {logging_mixin.py:188} INFO - [2025-06-03T13:26:41.083+0000] {dag.py:3834} INFO - Setting next_dagrun for example_external_task_marker_child to None, run_after=None
[2025-06-03T13:26:41.085+0000] {logging_mixin.py:188} INFO - [2025-06-03T13:26:41.085+0000] {dag.py:3834} INFO - Setting next_dagrun for example_external_task_marker_parent to None, run_after=None
[2025-06-03T13:26:41.092+0000] {processor.py:183} INFO - Processing /home/airflow/.local/lib/python3.8/site-packages/airflow/example_dags/example_external_task_marker_dag.py took 0.029 seconds
[2025-06-03T13:27:11.710+0000] {processor.py:161} INFO - Started process (PID=1174) to work on /home/airflow/.local/lib/python3.8/site-packages/airflow/example_dags/example_external_task_marker_dag.py
[2025-06-03T13:27:11.711+0000] {processor.py:830} INFO - Processing file /home/airflow/.local/lib/python3.8/site-packages/airflow/example_dags/example_external_task_marker_dag.py for tasks to queue
[2025-06-03T13:27:11.712+0000] {logging_mixin.py:188} INFO - [2025-06-03T13:27:11.712+0000] {dagbag.py:540} INFO - Filling up the DagBag from /home/airflow/.local/lib/python3.8/site-packages/airflow/example_dags/example_external_task_marker_dag.py
[2025-06-03T13:27:11.716+0000] {processor.py:840} INFO - DAG(s) 'example_external_task_marker_parent', 'example_external_task_marker_child' retrieved from /home/airflow/.local/lib/python3.8/site-packages/airflow/example_dags/example_external_task_marker_dag.py
[2025-06-03T13:27:11.727+0000] {logging_mixin.py:188} INFO - [2025-06-03T13:27:11.726+0000] {dag.py:3047} INFO - Sync 2 DAGs
[2025-06-03T13:27:11.731+0000] {logging_mixin.py:188} INFO - [2025-06-03T13:27:11.731+0000] {dag.py:3834} INFO - Setting next_dagrun for example_external_task_marker_child to None, run_after=None
[2025-06-03T13:27:11.732+0000] {logging_mixin.py:188} INFO - [2025-06-03T13:27:11.732+0000] {dag.py:3834} INFO - Setting next_dagrun for example_external_task_marker_parent to None, run_after=None
[2025-06-03T13:27:11.737+0000] {processor.py:183} INFO - Processing /home/airflow/.local/lib/python3.8/site-packages/airflow/example_dags/example_external_task_marker_dag.py took 0.029 seconds
[2025-06-03T13:27:42.291+0000] {processor.py:161} INFO - Started process (PID=1229) to work on /home/airflow/.local/lib/python3.8/site-packages/airflow/example_dags/example_external_task_marker_dag.py
[2025-06-03T13:27:42.294+0000] {processor.py:830} INFO - Processing file /home/airflow/.local/lib/python3.8/site-packages/airflow/example_dags/example_external_task_marker_dag.py for tasks to queue
[2025-06-03T13:27:42.295+0000] {logging_mixin.py:188} INFO - [2025-06-03T13:27:42.295+0000] {dagbag.py:540} INFO - Filling up the DagBag from /home/airflow/.local/lib/python3.8/site-packages/airflow/example_dags/example_external_task_marker_dag.py
[2025-06-03T13:27:42.298+0000] {processor.py:840} INFO - DAG(s) 'example_external_task_marker_child', 'example_external_task_marker_parent' retrieved from /home/airflow/.local/lib/python3.8/site-packages/airflow/example_dags/example_external_task_marker_dag.py
[2025-06-03T13:27:42.309+0000] {logging_mixin.py:188} INFO - [2025-06-03T13:27:42.309+0000] {dag.py:3047} INFO - Sync 2 DAGs
[2025-06-03T13:27:42.314+0000] {logging_mixin.py:188} INFO - [2025-06-03T13:27:42.314+0000] {dag.py:3834} INFO - Setting next_dagrun for example_external_task_marker_child to None, run_after=None
[2025-06-03T13:27:42.315+0000] {logging_mixin.py:188} INFO - [2025-06-03T13:27:42.315+0000] {dag.py:3834} INFO - Setting next_dagrun for example_external_task_marker_parent to None, run_after=None
[2025-06-03T13:27:42.320+0000] {processor.py:183} INFO - Processing /home/airflow/.local/lib/python3.8/site-packages/airflow/example_dags/example_external_task_marker_dag.py took 0.030 seconds
[2025-06-03T13:28:12.900+0000] {processor.py:161} INFO - Started process (PID=1284) to work on /home/airflow/.local/lib/python3.8/site-packages/airflow/example_dags/example_external_task_marker_dag.py
[2025-06-03T13:28:12.901+0000] {processor.py:830} INFO - Processing file /home/airflow/.local/lib/python3.8/site-packages/airflow/example_dags/example_external_task_marker_dag.py for tasks to queue
[2025-06-03T13:28:12.902+0000] {logging_mixin.py:188} INFO - [2025-06-03T13:28:12.902+0000] {dagbag.py:540} INFO - Filling up the DagBag from /home/airflow/.local/lib/python3.8/site-packages/airflow/example_dags/example_external_task_marker_dag.py
[2025-06-03T13:28:12.905+0000] {processor.py:840} INFO - DAG(s) 'example_external_task_marker_child', 'example_external_task_marker_parent' retrieved from /home/airflow/.local/lib/python3.8/site-packages/airflow/example_dags/example_external_task_marker_dag.py
[2025-06-03T13:28:12.915+0000] {logging_mixin.py:188} INFO - [2025-06-03T13:28:12.915+0000] {dag.py:3047} INFO - Sync 2 DAGs
[2025-06-03T13:28:12.919+0000] {logging_mixin.py:188} INFO - [2025-06-03T13:28:12.919+0000] {dag.py:3834} INFO - Setting next_dagrun for example_external_task_marker_child to None, run_after=None
[2025-06-03T13:28:12.921+0000] {logging_mixin.py:188} INFO - [2025-06-03T13:28:12.920+0000] {dag.py:3834} INFO - Setting next_dagrun for example_external_task_marker_parent to None, run_after=None
[2025-06-03T13:28:12.926+0000] {processor.py:183} INFO - Processing /home/airflow/.local/lib/python3.8/site-packages/airflow/example_dags/example_external_task_marker_dag.py took 0.027 seconds
[2025-06-03T13:28:43.245+0000] {processor.py:161} INFO - Started process (PID=1339) to work on /home/airflow/.local/lib/python3.8/site-packages/airflow/example_dags/example_external_task_marker_dag.py
[2025-06-03T13:28:43.246+0000] {processor.py:830} INFO - Processing file /home/airflow/.local/lib/python3.8/site-packages/airflow/example_dags/example_external_task_marker_dag.py for tasks to queue
[2025-06-03T13:28:43.246+0000] {logging_mixin.py:188} INFO - [2025-06-03T13:28:43.246+0000] {dagbag.py:540} INFO - Filling up the DagBag from /home/airflow/.local/lib/python3.8/site-packages/airflow/example_dags/example_external_task_marker_dag.py
[2025-06-03T13:28:43.250+0000] {processor.py:840} INFO - DAG(s) 'example_external_task_marker_child', 'example_external_task_marker_parent' retrieved from /home/airflow/.local/lib/python3.8/site-packages/airflow/example_dags/example_external_task_marker_dag.py
[2025-06-03T13:28:43.261+0000] {logging_mixin.py:188} INFO - [2025-06-03T13:28:43.261+0000] {dag.py:3047} INFO - Sync 2 DAGs
[2025-06-03T13:28:43.267+0000] {logging_mixin.py:188} INFO - [2025-06-03T13:28:43.266+0000] {dag.py:3834} INFO - Setting next_dagrun for example_external_task_marker_child to None, run_after=None
[2025-06-03T13:28:43.268+0000] {logging_mixin.py:188} INFO - [2025-06-03T13:28:43.268+0000] {dag.py:3834} INFO - Setting next_dagrun for example_external_task_marker_parent to None, run_after=None
[2025-06-03T13:28:43.274+0000] {processor.py:183} INFO - Processing /home/airflow/.local/lib/python3.8/site-packages/airflow/example_dags/example_external_task_marker_dag.py took 0.031 seconds
[2025-06-03T13:29:13.738+0000] {processor.py:161} INFO - Started process (PID=1394) to work on /home/airflow/.local/lib/python3.8/site-packages/airflow/example_dags/example_external_task_marker_dag.py
[2025-06-03T13:29:13.738+0000] {processor.py:830} INFO - Processing file /home/airflow/.local/lib/python3.8/site-packages/airflow/example_dags/example_external_task_marker_dag.py for tasks to queue
[2025-06-03T13:29:13.739+0000] {logging_mixin.py:188} INFO - [2025-06-03T13:29:13.739+0000] {dagbag.py:540} INFO - Filling up the DagBag from /home/airflow/.local/lib/python3.8/site-packages/airflow/example_dags/example_external_task_marker_dag.py
[2025-06-03T13:29:13.742+0000] {processor.py:840} INFO - DAG(s) 'example_external_task_marker_child', 'example_external_task_marker_parent' retrieved from /home/airflow/.local/lib/python3.8/site-packages/airflow/example_dags/example_external_task_marker_dag.py
[2025-06-03T13:29:13.750+0000] {logging_mixin.py:188} INFO - [2025-06-03T13:29:13.750+0000] {dag.py:3047} INFO - Sync 2 DAGs
[2025-06-03T13:29:13.754+0000] {logging_mixin.py:188} INFO - [2025-06-03T13:29:13.754+0000] {dag.py:3834} INFO - Setting next_dagrun for example_external_task_marker_child to None, run_after=None
[2025-06-03T13:29:13.755+0000] {logging_mixin.py:188} INFO - [2025-06-03T13:29:13.755+0000] {dag.py:3834} INFO - Setting next_dagrun for example_external_task_marker_parent to None, run_after=None
[2025-06-03T13:29:13.760+0000] {processor.py:183} INFO - Processing /home/airflow/.local/lib/python3.8/site-packages/airflow/example_dags/example_external_task_marker_dag.py took 0.024 seconds
[2025-06-03T13:29:44.073+0000] {processor.py:161} INFO - Started process (PID=1449) to work on /home/airflow/.local/lib/python3.8/site-packages/airflow/example_dags/example_external_task_marker_dag.py
[2025-06-03T13:29:44.074+0000] {processor.py:830} INFO - Processing file /home/airflow/.local/lib/python3.8/site-packages/airflow/example_dags/example_external_task_marker_dag.py for tasks to queue
[2025-06-03T13:29:44.075+0000] {logging_mixin.py:188} INFO - [2025-06-03T13:29:44.075+0000] {dagbag.py:540} INFO - Filling up the DagBag from /home/airflow/.local/lib/python3.8/site-packages/airflow/example_dags/example_external_task_marker_dag.py
[2025-06-03T13:29:44.081+0000] {processor.py:840} INFO - DAG(s) 'example_external_task_marker_child', 'example_external_task_marker_parent' retrieved from /home/airflow/.local/lib/python3.8/site-packages/airflow/example_dags/example_external_task_marker_dag.py
[2025-06-03T13:29:44.090+0000] {logging_mixin.py:188} INFO - [2025-06-03T13:29:44.090+0000] {dag.py:3047} INFO - Sync 2 DAGs
[2025-06-03T13:29:44.095+0000] {logging_mixin.py:188} INFO - [2025-06-03T13:29:44.095+0000] {dag.py:3834} INFO - Setting next_dagrun for example_external_task_marker_child to None, run_after=None
[2025-06-03T13:29:44.097+0000] {logging_mixin.py:188} INFO - [2025-06-03T13:29:44.096+0000] {dag.py:3834} INFO - Setting next_dagrun for example_external_task_marker_parent to None, run_after=None
[2025-06-03T13:29:44.102+0000] {processor.py:183} INFO - Processing /home/airflow/.local/lib/python3.8/site-packages/airflow/example_dags/example_external_task_marker_dag.py took 0.030 seconds
[2025-06-03T13:30:14.422+0000] {processor.py:161} INFO - Started process (PID=1504) to work on /home/airflow/.local/lib/python3.8/site-packages/airflow/example_dags/example_external_task_marker_dag.py
[2025-06-03T13:30:14.422+0000] {processor.py:830} INFO - Processing file /home/airflow/.local/lib/python3.8/site-packages/airflow/example_dags/example_external_task_marker_dag.py for tasks to queue
[2025-06-03T13:30:14.423+0000] {logging_mixin.py:188} INFO - [2025-06-03T13:30:14.423+0000] {dagbag.py:540} INFO - Filling up the DagBag from /home/airflow/.local/lib/python3.8/site-packages/airflow/example_dags/example_external_task_marker_dag.py
[2025-06-03T13:30:14.425+0000] {processor.py:840} INFO - DAG(s) 'example_external_task_marker_child', 'example_external_task_marker_parent' retrieved from /home/airflow/.local/lib/python3.8/site-packages/airflow/example_dags/example_external_task_marker_dag.py
[2025-06-03T13:30:14.435+0000] {logging_mixin.py:188} INFO - [2025-06-03T13:30:14.435+0000] {dag.py:3047} INFO - Sync 2 DAGs
[2025-06-03T13:30:14.441+0000] {logging_mixin.py:188} INFO - [2025-06-03T13:30:14.441+0000] {dag.py:3834} INFO - Setting next_dagrun for example_external_task_marker_child to None, run_after=None
[2025-06-03T13:30:14.443+0000] {logging_mixin.py:188} INFO - [2025-06-03T13:30:14.443+0000] {dag.py:3834} INFO - Setting next_dagrun for example_external_task_marker_parent to None, run_after=None
[2025-06-03T13:30:14.451+0000] {processor.py:183} INFO - Processing /home/airflow/.local/lib/python3.8/site-packages/airflow/example_dags/example_external_task_marker_dag.py took 0.031 seconds
[2025-06-03T13:30:44.726+0000] {processor.py:161} INFO - Started process (PID=1558) to work on /home/airflow/.local/lib/python3.8/site-packages/airflow/example_dags/example_external_task_marker_dag.py
[2025-06-03T13:30:44.726+0000] {processor.py:830} INFO - Processing file /home/airflow/.local/lib/python3.8/site-packages/airflow/example_dags/example_external_task_marker_dag.py for tasks to queue
[2025-06-03T13:30:44.727+0000] {logging_mixin.py:188} INFO - [2025-06-03T13:30:44.727+0000] {dagbag.py:540} INFO - Filling up the DagBag from /home/airflow/.local/lib/python3.8/site-packages/airflow/example_dags/example_external_task_marker_dag.py
[2025-06-03T13:30:44.730+0000] {processor.py:840} INFO - DAG(s) 'example_external_task_marker_parent', 'example_external_task_marker_child' retrieved from /home/airflow/.local/lib/python3.8/site-packages/airflow/example_dags/example_external_task_marker_dag.py
[2025-06-03T13:30:44.739+0000] {logging_mixin.py:188} INFO - [2025-06-03T13:30:44.739+0000] {dag.py:3047} INFO - Sync 2 DAGs
[2025-06-03T13:30:44.743+0000] {logging_mixin.py:188} INFO - [2025-06-03T13:30:44.743+0000] {dag.py:3834} INFO - Setting next_dagrun for example_external_task_marker_child to None, run_after=None
[2025-06-03T13:30:44.744+0000] {logging_mixin.py:188} INFO - [2025-06-03T13:30:44.744+0000] {dag.py:3834} INFO - Setting next_dagrun for example_external_task_marker_parent to None, run_after=None
[2025-06-03T13:30:44.750+0000] {processor.py:183} INFO - Processing /home/airflow/.local/lib/python3.8/site-packages/airflow/example_dags/example_external_task_marker_dag.py took 0.025 seconds
[2025-06-03T13:31:15.033+0000] {processor.py:161} INFO - Started process (PID=1613) to work on /home/airflow/.local/lib/python3.8/site-packages/airflow/example_dags/example_external_task_marker_dag.py
[2025-06-03T13:31:15.034+0000] {processor.py:830} INFO - Processing file /home/airflow/.local/lib/python3.8/site-packages/airflow/example_dags/example_external_task_marker_dag.py for tasks to queue
[2025-06-03T13:31:15.035+0000] {logging_mixin.py:188} INFO - [2025-06-03T13:31:15.034+0000] {dagbag.py:540} INFO - Filling up the DagBag from /home/airflow/.local/lib/python3.8/site-packages/airflow/example_dags/example_external_task_marker_dag.py
[2025-06-03T13:31:15.037+0000] {processor.py:840} INFO - DAG(s) 'example_external_task_marker_parent', 'example_external_task_marker_child' retrieved from /home/airflow/.local/lib/python3.8/site-packages/airflow/example_dags/example_external_task_marker_dag.py
[2025-06-03T13:31:15.047+0000] {logging_mixin.py:188} INFO - [2025-06-03T13:31:15.047+0000] {dag.py:3047} INFO - Sync 2 DAGs
[2025-06-03T13:31:15.052+0000] {logging_mixin.py:188} INFO - [2025-06-03T13:31:15.051+0000] {dag.py:3834} INFO - Setting next_dagrun for example_external_task_marker_child to None, run_after=None
[2025-06-03T13:31:15.053+0000] {logging_mixin.py:188} INFO - [2025-06-03T13:31:15.053+0000] {dag.py:3834} INFO - Setting next_dagrun for example_external_task_marker_parent to None, run_after=None
[2025-06-03T13:31:15.058+0000] {processor.py:183} INFO - Processing /home/airflow/.local/lib/python3.8/site-packages/airflow/example_dags/example_external_task_marker_dag.py took 0.026 seconds
[2025-06-03T13:31:45.291+0000] {processor.py:161} INFO - Started process (PID=1668) to work on /home/airflow/.local/lib/python3.8/site-packages/airflow/example_dags/example_external_task_marker_dag.py
[2025-06-03T13:31:45.291+0000] {processor.py:830} INFO - Processing file /home/airflow/.local/lib/python3.8/site-packages/airflow/example_dags/example_external_task_marker_dag.py for tasks to queue
[2025-06-03T13:31:45.295+0000] {logging_mixin.py:188} INFO - [2025-06-03T13:31:45.295+0000] {dagbag.py:540} INFO - Filling up the DagBag from /home/airflow/.local/lib/python3.8/site-packages/airflow/example_dags/example_external_task_marker_dag.py
[2025-06-03T13:31:45.298+0000] {processor.py:840} INFO - DAG(s) 'example_external_task_marker_parent', 'example_external_task_marker_child' retrieved from /home/airflow/.local/lib/python3.8/site-packages/airflow/example_dags/example_external_task_marker_dag.py
[2025-06-03T13:31:45.308+0000] {logging_mixin.py:188} INFO - [2025-06-03T13:31:45.308+0000] {dag.py:3047} INFO - Sync 2 DAGs
[2025-06-03T13:31:45.314+0000] {logging_mixin.py:188} INFO - [2025-06-03T13:31:45.314+0000] {dag.py:3834} INFO - Setting next_dagrun for example_external_task_marker_child to None, run_after=None
[2025-06-03T13:31:45.316+0000] {logging_mixin.py:188} INFO - [2025-06-03T13:31:45.316+0000] {dag.py:3834} INFO - Setting next_dagrun for example_external_task_marker_parent to None, run_after=None
[2025-06-03T13:31:45.321+0000] {processor.py:183} INFO - Processing /home/airflow/.local/lib/python3.8/site-packages/airflow/example_dags/example_external_task_marker_dag.py took 0.032 seconds
[2025-06-03T13:32:15.619+0000] {processor.py:161} INFO - Started process (PID=1723) to work on /home/airflow/.local/lib/python3.8/site-packages/airflow/example_dags/example_external_task_marker_dag.py
[2025-06-03T13:32:15.621+0000] {processor.py:830} INFO - Processing file /home/airflow/.local/lib/python3.8/site-packages/airflow/example_dags/example_external_task_marker_dag.py for tasks to queue
[2025-06-03T13:32:15.622+0000] {logging_mixin.py:188} INFO - [2025-06-03T13:32:15.622+0000] {dagbag.py:540} INFO - Filling up the DagBag from /home/airflow/.local/lib/python3.8/site-packages/airflow/example_dags/example_external_task_marker_dag.py
[2025-06-03T13:32:15.625+0000] {processor.py:840} INFO - DAG(s) 'example_external_task_marker_parent', 'example_external_task_marker_child' retrieved from /home/airflow/.local/lib/python3.8/site-packages/airflow/example_dags/example_external_task_marker_dag.py
[2025-06-03T13:32:15.633+0000] {logging_mixin.py:188} INFO - [2025-06-03T13:32:15.633+0000] {dag.py:3047} INFO - Sync 2 DAGs
[2025-06-03T13:32:15.637+0000] {logging_mixin.py:188} INFO - [2025-06-03T13:32:15.637+0000] {dag.py:3834} INFO - Setting next_dagrun for example_external_task_marker_child to None, run_after=None
[2025-06-03T13:32:15.638+0000] {logging_mixin.py:188} INFO - [2025-06-03T13:32:15.638+0000] {dag.py:3834} INFO - Setting next_dagrun for example_external_task_marker_parent to None, run_after=None
[2025-06-03T13:32:15.643+0000] {processor.py:183} INFO - Processing /home/airflow/.local/lib/python3.8/site-packages/airflow/example_dags/example_external_task_marker_dag.py took 0.025 seconds
[2025-06-03T13:32:45.890+0000] {processor.py:161} INFO - Started process (PID=1778) to work on /home/airflow/.local/lib/python3.8/site-packages/airflow/example_dags/example_external_task_marker_dag.py
[2025-06-03T13:32:45.891+0000] {processor.py:830} INFO - Processing file /home/airflow/.local/lib/python3.8/site-packages/airflow/example_dags/example_external_task_marker_dag.py for tasks to queue
[2025-06-03T13:32:45.891+0000] {logging_mixin.py:188} INFO - [2025-06-03T13:32:45.891+0000] {dagbag.py:540} INFO - Filling up the DagBag from /home/airflow/.local/lib/python3.8/site-packages/airflow/example_dags/example_external_task_marker_dag.py
[2025-06-03T13:32:45.894+0000] {processor.py:840} INFO - DAG(s) 'example_external_task_marker_parent', 'example_external_task_marker_child' retrieved from /home/airflow/.local/lib/python3.8/site-packages/airflow/example_dags/example_external_task_marker_dag.py
[2025-06-03T13:32:45.902+0000] {logging_mixin.py:188} INFO - [2025-06-03T13:32:45.902+0000] {dag.py:3047} INFO - Sync 2 DAGs
[2025-06-03T13:32:45.906+0000] {logging_mixin.py:188} INFO - [2025-06-03T13:32:45.906+0000] {dag.py:3834} INFO - Setting next_dagrun for example_external_task_marker_child to None, run_after=None
[2025-06-03T13:32:45.908+0000] {logging_mixin.py:188} INFO - [2025-06-03T13:32:45.908+0000] {dag.py:3834} INFO - Setting next_dagrun for example_external_task_marker_parent to None, run_after=None
[2025-06-03T13:32:45.913+0000] {processor.py:183} INFO - Processing /home/airflow/.local/lib/python3.8/site-packages/airflow/example_dags/example_external_task_marker_dag.py took 0.024 seconds
[2025-06-03T13:33:16.208+0000] {processor.py:161} INFO - Started process (PID=1833) to work on /home/airflow/.local/lib/python3.8/site-packages/airflow/example_dags/example_external_task_marker_dag.py
[2025-06-03T13:33:16.209+0000] {processor.py:830} INFO - Processing file /home/airflow/.local/lib/python3.8/site-packages/airflow/example_dags/example_external_task_marker_dag.py for tasks to queue
[2025-06-03T13:33:16.210+0000] {logging_mixin.py:188} INFO - [2025-06-03T13:33:16.210+0000] {dagbag.py:540} INFO - Filling up the DagBag from /home/airflow/.local/lib/python3.8/site-packages/airflow/example_dags/example_external_task_marker_dag.py
[2025-06-03T13:33:16.213+0000] {processor.py:840} INFO - DAG(s) 'example_external_task_marker_child', 'example_external_task_marker_parent' retrieved from /home/airflow/.local/lib/python3.8/site-packages/airflow/example_dags/example_external_task_marker_dag.py
[2025-06-03T13:33:16.220+0000] {logging_mixin.py:188} INFO - [2025-06-03T13:33:16.220+0000] {dag.py:3047} INFO - Sync 2 DAGs
[2025-06-03T13:33:16.225+0000] {logging_mixin.py:188} INFO - [2025-06-03T13:33:16.224+0000] {dag.py:3834} INFO - Setting next_dagrun for example_external_task_marker_child to None, run_after=None
[2025-06-03T13:33:16.226+0000] {logging_mixin.py:188} INFO - [2025-06-03T13:33:16.226+0000] {dag.py:3834} INFO - Setting next_dagrun for example_external_task_marker_parent to None, run_after=None
[2025-06-03T13:33:16.230+0000] {processor.py:183} INFO - Processing /home/airflow/.local/lib/python3.8/site-packages/airflow/example_dags/example_external_task_marker_dag.py took 0.024 seconds
[2025-06-03T13:33:46.497+0000] {processor.py:161} INFO - Started process (PID=1888) to work on /home/airflow/.local/lib/python3.8/site-packages/airflow/example_dags/example_external_task_marker_dag.py
[2025-06-03T13:33:46.498+0000] {processor.py:830} INFO - Processing file /home/airflow/.local/lib/python3.8/site-packages/airflow/example_dags/example_external_task_marker_dag.py for tasks to queue
[2025-06-03T13:33:46.499+0000] {logging_mixin.py:188} INFO - [2025-06-03T13:33:46.499+0000] {dagbag.py:540} INFO - Filling up the DagBag from /home/airflow/.local/lib/python3.8/site-packages/airflow/example_dags/example_external_task_marker_dag.py
[2025-06-03T13:33:46.502+0000] {processor.py:840} INFO - DAG(s) 'example_external_task_marker_parent', 'example_external_task_marker_child' retrieved from /home/airflow/.local/lib/python3.8/site-packages/airflow/example_dags/example_external_task_marker_dag.py
[2025-06-03T13:33:46.509+0000] {logging_mixin.py:188} INFO - [2025-06-03T13:33:46.509+0000] {dag.py:3047} INFO - Sync 2 DAGs
[2025-06-03T13:33:46.513+0000] {logging_mixin.py:188} INFO - [2025-06-03T13:33:46.513+0000] {dag.py:3834} INFO - Setting next_dagrun for example_external_task_marker_child to None, run_after=None
[2025-06-03T13:33:46.514+0000] {logging_mixin.py:188} INFO - [2025-06-03T13:33:46.514+0000] {dag.py:3834} INFO - Setting next_dagrun for example_external_task_marker_parent to None, run_after=None
[2025-06-03T13:33:46.519+0000] {processor.py:183} INFO - Processing /home/airflow/.local/lib/python3.8/site-packages/airflow/example_dags/example_external_task_marker_dag.py took 0.024 seconds
[2025-06-03T13:34:16.788+0000] {processor.py:161} INFO - Started process (PID=1943) to work on /home/airflow/.local/lib/python3.8/site-packages/airflow/example_dags/example_external_task_marker_dag.py
[2025-06-03T13:34:16.789+0000] {processor.py:830} INFO - Processing file /home/airflow/.local/lib/python3.8/site-packages/airflow/example_dags/example_external_task_marker_dag.py for tasks to queue
[2025-06-03T13:34:16.790+0000] {logging_mixin.py:188} INFO - [2025-06-03T13:34:16.790+0000] {dagbag.py:540} INFO - Filling up the DagBag from /home/airflow/.local/lib/python3.8/site-packages/airflow/example_dags/example_external_task_marker_dag.py
[2025-06-03T13:34:16.792+0000] {processor.py:840} INFO - DAG(s) 'example_external_task_marker_child', 'example_external_task_marker_parent' retrieved from /home/airflow/.local/lib/python3.8/site-packages/airflow/example_dags/example_external_task_marker_dag.py
[2025-06-03T13:34:16.800+0000] {logging_mixin.py:188} INFO - [2025-06-03T13:34:16.800+0000] {dag.py:3047} INFO - Sync 2 DAGs
[2025-06-03T13:34:16.804+0000] {logging_mixin.py:188} INFO - [2025-06-03T13:34:16.804+0000] {dag.py:3834} INFO - Setting next_dagrun for example_external_task_marker_child to None, run_after=None
[2025-06-03T13:34:16.805+0000] {logging_mixin.py:188} INFO - [2025-06-03T13:34:16.805+0000] {dag.py:3834} INFO - Setting next_dagrun for example_external_task_marker_parent to None, run_after=None
[2025-06-03T13:34:16.810+0000] {processor.py:183} INFO - Processing /home/airflow/.local/lib/python3.8/site-packages/airflow/example_dags/example_external_task_marker_dag.py took 0.023 seconds
[2025-06-03T13:34:47.150+0000] {processor.py:161} INFO - Started process (PID=1998) to work on /home/airflow/.local/lib/python3.8/site-packages/airflow/example_dags/example_external_task_marker_dag.py
[2025-06-03T13:34:47.151+0000] {processor.py:830} INFO - Processing file /home/airflow/.local/lib/python3.8/site-packages/airflow/example_dags/example_external_task_marker_dag.py for tasks to queue
[2025-06-03T13:34:47.152+0000] {logging_mixin.py:188} INFO - [2025-06-03T13:34:47.152+0000] {dagbag.py:540} INFO - Filling up the DagBag from /home/airflow/.local/lib/python3.8/site-packages/airflow/example_dags/example_external_task_marker_dag.py
[2025-06-03T13:34:47.155+0000] {processor.py:840} INFO - DAG(s) 'example_external_task_marker_child', 'example_external_task_marker_parent' retrieved from /home/airflow/.local/lib/python3.8/site-packages/airflow/example_dags/example_external_task_marker_dag.py
[2025-06-03T13:34:47.164+0000] {logging_mixin.py:188} INFO - [2025-06-03T13:34:47.164+0000] {dag.py:3047} INFO - Sync 2 DAGs
[2025-06-03T13:34:47.169+0000] {logging_mixin.py:188} INFO - [2025-06-03T13:34:47.169+0000] {dag.py:3834} INFO - Setting next_dagrun for example_external_task_marker_child to None, run_after=None
[2025-06-03T13:34:47.170+0000] {logging_mixin.py:188} INFO - [2025-06-03T13:34:47.170+0000] {dag.py:3834} INFO - Setting next_dagrun for example_external_task_marker_parent to None, run_after=None
[2025-06-03T13:34:47.176+0000] {processor.py:183} INFO - Processing /home/airflow/.local/lib/python3.8/site-packages/airflow/example_dags/example_external_task_marker_dag.py took 0.027 seconds
[2025-06-03T13:35:17.751+0000] {processor.py:161} INFO - Started process (PID=2053) to work on /home/airflow/.local/lib/python3.8/site-packages/airflow/example_dags/example_external_task_marker_dag.py
[2025-06-03T13:35:17.753+0000] {processor.py:830} INFO - Processing file /home/airflow/.local/lib/python3.8/site-packages/airflow/example_dags/example_external_task_marker_dag.py for tasks to queue
[2025-06-03T13:35:17.754+0000] {logging_mixin.py:188} INFO - [2025-06-03T13:35:17.754+0000] {dagbag.py:540} INFO - Filling up the DagBag from /home/airflow/.local/lib/python3.8/site-packages/airflow/example_dags/example_external_task_marker_dag.py
[2025-06-03T13:35:17.757+0000] {processor.py:840} INFO - DAG(s) 'example_external_task_marker_child', 'example_external_task_marker_parent' retrieved from /home/airflow/.local/lib/python3.8/site-packages/airflow/example_dags/example_external_task_marker_dag.py
[2025-06-03T13:35:17.767+0000] {logging_mixin.py:188} INFO - [2025-06-03T13:35:17.767+0000] {dag.py:3047} INFO - Sync 2 DAGs
[2025-06-03T13:35:17.772+0000] {logging_mixin.py:188} INFO - [2025-06-03T13:35:17.772+0000] {dag.py:3834} INFO - Setting next_dagrun for example_external_task_marker_child to None, run_after=None
[2025-06-03T13:35:17.773+0000] {logging_mixin.py:188} INFO - [2025-06-03T13:35:17.773+0000] {dag.py:3834} INFO - Setting next_dagrun for example_external_task_marker_parent to None, run_after=None
[2025-06-03T13:35:17.778+0000] {processor.py:183} INFO - Processing /home/airflow/.local/lib/python3.8/site-packages/airflow/example_dags/example_external_task_marker_dag.py took 0.029 seconds
[2025-06-03T13:35:48.150+0000] {processor.py:161} INFO - Started process (PID=2108) to work on /home/airflow/.local/lib/python3.8/site-packages/airflow/example_dags/example_external_task_marker_dag.py
[2025-06-03T13:35:48.151+0000] {processor.py:830} INFO - Processing file /home/airflow/.local/lib/python3.8/site-packages/airflow/example_dags/example_external_task_marker_dag.py for tasks to queue
[2025-06-03T13:35:48.152+0000] {logging_mixin.py:188} INFO - [2025-06-03T13:35:48.151+0000] {dagbag.py:540} INFO - Filling up the DagBag from /home/airflow/.local/lib/python3.8/site-packages/airflow/example_dags/example_external_task_marker_dag.py
[2025-06-03T13:35:48.154+0000] {processor.py:840} INFO - DAG(s) 'example_external_task_marker_child', 'example_external_task_marker_parent' retrieved from /home/airflow/.local/lib/python3.8/site-packages/airflow/example_dags/example_external_task_marker_dag.py
[2025-06-03T13:35:48.162+0000] {logging_mixin.py:188} INFO - [2025-06-03T13:35:48.162+0000] {dag.py:3047} INFO - Sync 2 DAGs
[2025-06-03T13:35:48.167+0000] {logging_mixin.py:188} INFO - [2025-06-03T13:35:48.167+0000] {dag.py:3834} INFO - Setting next_dagrun for example_external_task_marker_child to None, run_after=None
[2025-06-03T13:35:48.168+0000] {logging_mixin.py:188} INFO - [2025-06-03T13:35:48.168+0000] {dag.py:3834} INFO - Setting next_dagrun for example_external_task_marker_parent to None, run_after=None
[2025-06-03T13:35:48.173+0000] {processor.py:183} INFO - Processing /home/airflow/.local/lib/python3.8/site-packages/airflow/example_dags/example_external_task_marker_dag.py took 0.024 seconds
[2025-06-03T13:36:18.446+0000] {processor.py:161} INFO - Started process (PID=2163) to work on /home/airflow/.local/lib/python3.8/site-packages/airflow/example_dags/example_external_task_marker_dag.py
[2025-06-03T13:36:18.447+0000] {processor.py:830} INFO - Processing file /home/airflow/.local/lib/python3.8/site-packages/airflow/example_dags/example_external_task_marker_dag.py for tasks to queue
[2025-06-03T13:36:18.447+0000] {logging_mixin.py:188} INFO - [2025-06-03T13:36:18.447+0000] {dagbag.py:540} INFO - Filling up the DagBag from /home/airflow/.local/lib/python3.8/site-packages/airflow/example_dags/example_external_task_marker_dag.py
[2025-06-03T13:36:18.450+0000] {processor.py:840} INFO - DAG(s) 'example_external_task_marker_child', 'example_external_task_marker_parent' retrieved from /home/airflow/.local/lib/python3.8/site-packages/airflow/example_dags/example_external_task_marker_dag.py
[2025-06-03T13:36:18.459+0000] {logging_mixin.py:188} INFO - [2025-06-03T13:36:18.459+0000] {dag.py:3047} INFO - Sync 2 DAGs
[2025-06-03T13:36:18.463+0000] {logging_mixin.py:188} INFO - [2025-06-03T13:36:18.463+0000] {dag.py:3834} INFO - Setting next_dagrun for example_external_task_marker_child to None, run_after=None
[2025-06-03T13:36:18.464+0000] {logging_mixin.py:188} INFO - [2025-06-03T13:36:18.464+0000] {dag.py:3834} INFO - Setting next_dagrun for example_external_task_marker_parent to None, run_after=None
[2025-06-03T13:36:18.469+0000] {processor.py:183} INFO - Processing /home/airflow/.local/lib/python3.8/site-packages/airflow/example_dags/example_external_task_marker_dag.py took 0.024 seconds
[2025-06-03T13:36:48.790+0000] {processor.py:161} INFO - Started process (PID=2218) to work on /home/airflow/.local/lib/python3.8/site-packages/airflow/example_dags/example_external_task_marker_dag.py
[2025-06-03T13:36:48.791+0000] {processor.py:830} INFO - Processing file /home/airflow/.local/lib/python3.8/site-packages/airflow/example_dags/example_external_task_marker_dag.py for tasks to queue
[2025-06-03T13:36:48.795+0000] {logging_mixin.py:188} INFO - [2025-06-03T13:36:48.795+0000] {dagbag.py:540} INFO - Filling up the DagBag from /home/airflow/.local/lib/python3.8/site-packages/airflow/example_dags/example_external_task_marker_dag.py
[2025-06-03T13:36:48.798+0000] {processor.py:840} INFO - DAG(s) 'example_external_task_marker_child', 'example_external_task_marker_parent' retrieved from /home/airflow/.local/lib/python3.8/site-packages/airflow/example_dags/example_external_task_marker_dag.py
[2025-06-03T13:36:48.807+0000] {logging_mixin.py:188} INFO - [2025-06-03T13:36:48.807+0000] {dag.py:3047} INFO - Sync 2 DAGs
[2025-06-03T13:36:48.812+0000] {logging_mixin.py:188} INFO - [2025-06-03T13:36:48.812+0000] {dag.py:3834} INFO - Setting next_dagrun for example_external_task_marker_child to None, run_after=None
[2025-06-03T13:36:48.814+0000] {logging_mixin.py:188} INFO - [2025-06-03T13:36:48.814+0000] {dag.py:3834} INFO - Setting next_dagrun for example_external_task_marker_parent to None, run_after=None
[2025-06-03T13:36:48.820+0000] {processor.py:183} INFO - Processing /home/airflow/.local/lib/python3.8/site-packages/airflow/example_dags/example_external_task_marker_dag.py took 0.031 seconds
[2025-06-03T13:37:19.166+0000] {processor.py:161} INFO - Started process (PID=2273) to work on /home/airflow/.local/lib/python3.8/site-packages/airflow/example_dags/example_external_task_marker_dag.py
[2025-06-03T13:37:19.166+0000] {processor.py:830} INFO - Processing file /home/airflow/.local/lib/python3.8/site-packages/airflow/example_dags/example_external_task_marker_dag.py for tasks to queue
[2025-06-03T13:37:19.167+0000] {logging_mixin.py:188} INFO - [2025-06-03T13:37:19.167+0000] {dagbag.py:540} INFO - Filling up the DagBag from /home/airflow/.local/lib/python3.8/site-packages/airflow/example_dags/example_external_task_marker_dag.py
[2025-06-03T13:37:19.170+0000] {processor.py:840} INFO - DAG(s) 'example_external_task_marker_parent', 'example_external_task_marker_child' retrieved from /home/airflow/.local/lib/python3.8/site-packages/airflow/example_dags/example_external_task_marker_dag.py
[2025-06-03T13:37:19.181+0000] {logging_mixin.py:188} INFO - [2025-06-03T13:37:19.181+0000] {dag.py:3047} INFO - Sync 2 DAGs
[2025-06-03T13:37:19.186+0000] {logging_mixin.py:188} INFO - [2025-06-03T13:37:19.186+0000] {dag.py:3834} INFO - Setting next_dagrun for example_external_task_marker_child to None, run_after=None
[2025-06-03T13:37:19.187+0000] {logging_mixin.py:188} INFO - [2025-06-03T13:37:19.187+0000] {dag.py:3834} INFO - Setting next_dagrun for example_external_task_marker_parent to None, run_after=None
[2025-06-03T13:37:19.193+0000] {processor.py:183} INFO - Processing /home/airflow/.local/lib/python3.8/site-packages/airflow/example_dags/example_external_task_marker_dag.py took 0.028 seconds
[2025-06-03T13:37:49.824+0000] {processor.py:161} INFO - Started process (PID=2328) to work on /home/airflow/.local/lib/python3.8/site-packages/airflow/example_dags/example_external_task_marker_dag.py
[2025-06-03T13:37:49.828+0000] {processor.py:830} INFO - Processing file /home/airflow/.local/lib/python3.8/site-packages/airflow/example_dags/example_external_task_marker_dag.py for tasks to queue
[2025-06-03T13:37:49.830+0000] {logging_mixin.py:188} INFO - [2025-06-03T13:37:49.830+0000] {dagbag.py:540} INFO - Filling up the DagBag from /home/airflow/.local/lib/python3.8/site-packages/airflow/example_dags/example_external_task_marker_dag.py
[2025-06-03T13:37:49.834+0000] {processor.py:840} INFO - DAG(s) 'example_external_task_marker_parent', 'example_external_task_marker_child' retrieved from /home/airflow/.local/lib/python3.8/site-packages/airflow/example_dags/example_external_task_marker_dag.py
[2025-06-03T13:37:49.847+0000] {logging_mixin.py:188} INFO - [2025-06-03T13:37:49.846+0000] {dag.py:3047} INFO - Sync 2 DAGs
[2025-06-03T13:37:49.852+0000] {logging_mixin.py:188} INFO - [2025-06-03T13:37:49.852+0000] {dag.py:3834} INFO - Setting next_dagrun for example_external_task_marker_child to None, run_after=None
[2025-06-03T13:37:49.853+0000] {logging_mixin.py:188} INFO - [2025-06-03T13:37:49.853+0000] {dag.py:3834} INFO - Setting next_dagrun for example_external_task_marker_parent to None, run_after=None
[2025-06-03T13:37:49.860+0000] {processor.py:183} INFO - Processing /home/airflow/.local/lib/python3.8/site-packages/airflow/example_dags/example_external_task_marker_dag.py took 0.038 seconds
[2025-06-03T13:38:20.669+0000] {processor.py:161} INFO - Started process (PID=2383) to work on /home/airflow/.local/lib/python3.8/site-packages/airflow/example_dags/example_external_task_marker_dag.py
[2025-06-03T13:38:20.671+0000] {processor.py:830} INFO - Processing file /home/airflow/.local/lib/python3.8/site-packages/airflow/example_dags/example_external_task_marker_dag.py for tasks to queue
[2025-06-03T13:38:20.672+0000] {logging_mixin.py:188} INFO - [2025-06-03T13:38:20.672+0000] {dagbag.py:540} INFO - Filling up the DagBag from /home/airflow/.local/lib/python3.8/site-packages/airflow/example_dags/example_external_task_marker_dag.py
[2025-06-03T13:38:20.676+0000] {processor.py:840} INFO - DAG(s) 'example_external_task_marker_parent', 'example_external_task_marker_child' retrieved from /home/airflow/.local/lib/python3.8/site-packages/airflow/example_dags/example_external_task_marker_dag.py
[2025-06-03T13:38:20.688+0000] {logging_mixin.py:188} INFO - [2025-06-03T13:38:20.688+0000] {dag.py:3047} INFO - Sync 2 DAGs
[2025-06-03T13:38:20.693+0000] {logging_mixin.py:188} INFO - [2025-06-03T13:38:20.693+0000] {dag.py:3834} INFO - Setting next_dagrun for example_external_task_marker_child to None, run_after=None
[2025-06-03T13:38:20.695+0000] {logging_mixin.py:188} INFO - [2025-06-03T13:38:20.695+0000] {dag.py:3834} INFO - Setting next_dagrun for example_external_task_marker_parent to None, run_after=None
[2025-06-03T13:38:20.704+0000] {processor.py:183} INFO - Processing /home/airflow/.local/lib/python3.8/site-packages/airflow/example_dags/example_external_task_marker_dag.py took 0.036 seconds
[2025-06-03T13:38:51.218+0000] {processor.py:161} INFO - Started process (PID=2438) to work on /home/airflow/.local/lib/python3.8/site-packages/airflow/example_dags/example_external_task_marker_dag.py
[2025-06-03T13:38:51.218+0000] {processor.py:830} INFO - Processing file /home/airflow/.local/lib/python3.8/site-packages/airflow/example_dags/example_external_task_marker_dag.py for tasks to queue
[2025-06-03T13:38:51.220+0000] {logging_mixin.py:188} INFO - [2025-06-03T13:38:51.219+0000] {dagbag.py:540} INFO - Filling up the DagBag from /home/airflow/.local/lib/python3.8/site-packages/airflow/example_dags/example_external_task_marker_dag.py
[2025-06-03T13:38:51.222+0000] {processor.py:840} INFO - DAG(s) 'example_external_task_marker_parent', 'example_external_task_marker_child' retrieved from /home/airflow/.local/lib/python3.8/site-packages/airflow/example_dags/example_external_task_marker_dag.py
[2025-06-03T13:38:51.242+0000] {logging_mixin.py:188} INFO - [2025-06-03T13:38:51.242+0000] {dag.py:3047} INFO - Sync 2 DAGs
[2025-06-03T13:38:51.248+0000] {logging_mixin.py:188} INFO - [2025-06-03T13:38:51.248+0000] {dag.py:3834} INFO - Setting next_dagrun for example_external_task_marker_child to None, run_after=None
[2025-06-03T13:38:51.250+0000] {logging_mixin.py:188} INFO - [2025-06-03T13:38:51.250+0000] {dag.py:3834} INFO - Setting next_dagrun for example_external_task_marker_parent to None, run_after=None
[2025-06-03T13:38:51.298+0000] {processor.py:183} INFO - Processing /home/airflow/.local/lib/python3.8/site-packages/airflow/example_dags/example_external_task_marker_dag.py took 0.082 seconds
[2025-06-03T13:39:21.403+0000] {processor.py:161} INFO - Started process (PID=2493) to work on /home/airflow/.local/lib/python3.8/site-packages/airflow/example_dags/example_external_task_marker_dag.py
[2025-06-03T13:39:21.406+0000] {processor.py:830} INFO - Processing file /home/airflow/.local/lib/python3.8/site-packages/airflow/example_dags/example_external_task_marker_dag.py for tasks to queue
[2025-06-03T13:39:21.407+0000] {logging_mixin.py:188} INFO - [2025-06-03T13:39:21.407+0000] {dagbag.py:540} INFO - Filling up the DagBag from /home/airflow/.local/lib/python3.8/site-packages/airflow/example_dags/example_external_task_marker_dag.py
[2025-06-03T13:39:21.409+0000] {processor.py:840} INFO - DAG(s) 'example_external_task_marker_parent', 'example_external_task_marker_child' retrieved from /home/airflow/.local/lib/python3.8/site-packages/airflow/example_dags/example_external_task_marker_dag.py
[2025-06-03T13:39:21.422+0000] {logging_mixin.py:188} INFO - [2025-06-03T13:39:21.421+0000] {dag.py:3047} INFO - Sync 2 DAGs
[2025-06-03T13:39:21.427+0000] {logging_mixin.py:188} INFO - [2025-06-03T13:39:21.427+0000] {dag.py:3834} INFO - Setting next_dagrun for example_external_task_marker_child to None, run_after=None
[2025-06-03T13:39:21.429+0000] {logging_mixin.py:188} INFO - [2025-06-03T13:39:21.429+0000] {dag.py:3834} INFO - Setting next_dagrun for example_external_task_marker_parent to None, run_after=None
[2025-06-03T13:39:21.439+0000] {processor.py:183} INFO - Processing /home/airflow/.local/lib/python3.8/site-packages/airflow/example_dags/example_external_task_marker_dag.py took 0.037 seconds
[2025-06-03T13:39:52.306+0000] {processor.py:161} INFO - Started process (PID=2548) to work on /home/airflow/.local/lib/python3.8/site-packages/airflow/example_dags/example_external_task_marker_dag.py
[2025-06-03T13:39:52.307+0000] {processor.py:830} INFO - Processing file /home/airflow/.local/lib/python3.8/site-packages/airflow/example_dags/example_external_task_marker_dag.py for tasks to queue
[2025-06-03T13:39:52.308+0000] {logging_mixin.py:188} INFO - [2025-06-03T13:39:52.308+0000] {dagbag.py:540} INFO - Filling up the DagBag from /home/airflow/.local/lib/python3.8/site-packages/airflow/example_dags/example_external_task_marker_dag.py
[2025-06-03T13:39:52.311+0000] {processor.py:840} INFO - DAG(s) 'example_external_task_marker_parent', 'example_external_task_marker_child' retrieved from /home/airflow/.local/lib/python3.8/site-packages/airflow/example_dags/example_external_task_marker_dag.py
[2025-06-03T13:39:52.325+0000] {logging_mixin.py:188} INFO - [2025-06-03T13:39:52.324+0000] {dag.py:3047} INFO - Sync 2 DAGs
[2025-06-03T13:39:52.329+0000] {logging_mixin.py:188} INFO - [2025-06-03T13:39:52.329+0000] {dag.py:3834} INFO - Setting next_dagrun for example_external_task_marker_child to None, run_after=None
[2025-06-03T13:39:52.330+0000] {logging_mixin.py:188} INFO - [2025-06-03T13:39:52.330+0000] {dag.py:3834} INFO - Setting next_dagrun for example_external_task_marker_parent to None, run_after=None
[2025-06-03T13:39:52.335+0000] {processor.py:183} INFO - Processing /home/airflow/.local/lib/python3.8/site-packages/airflow/example_dags/example_external_task_marker_dag.py took 0.030 seconds
[2025-06-03T13:40:23.147+0000] {processor.py:161} INFO - Started process (PID=2604) to work on /home/airflow/.local/lib/python3.8/site-packages/airflow/example_dags/example_external_task_marker_dag.py
[2025-06-03T13:40:23.147+0000] {processor.py:830} INFO - Processing file /home/airflow/.local/lib/python3.8/site-packages/airflow/example_dags/example_external_task_marker_dag.py for tasks to queue
[2025-06-03T13:40:23.149+0000] {logging_mixin.py:188} INFO - [2025-06-03T13:40:23.149+0000] {dagbag.py:540} INFO - Filling up the DagBag from /home/airflow/.local/lib/python3.8/site-packages/airflow/example_dags/example_external_task_marker_dag.py
[2025-06-03T13:40:23.153+0000] {processor.py:840} INFO - DAG(s) 'example_external_task_marker_parent', 'example_external_task_marker_child' retrieved from /home/airflow/.local/lib/python3.8/site-packages/airflow/example_dags/example_external_task_marker_dag.py
[2025-06-03T13:40:23.168+0000] {logging_mixin.py:188} INFO - [2025-06-03T13:40:23.168+0000] {dag.py:3047} INFO - Sync 2 DAGs
[2025-06-03T13:40:23.174+0000] {logging_mixin.py:188} INFO - [2025-06-03T13:40:23.174+0000] {dag.py:3834} INFO - Setting next_dagrun for example_external_task_marker_child to None, run_after=None
[2025-06-03T13:40:23.176+0000] {logging_mixin.py:188} INFO - [2025-06-03T13:40:23.176+0000] {dag.py:3834} INFO - Setting next_dagrun for example_external_task_marker_parent to None, run_after=None
[2025-06-03T13:40:23.183+0000] {processor.py:183} INFO - Processing /home/airflow/.local/lib/python3.8/site-packages/airflow/example_dags/example_external_task_marker_dag.py took 0.038 seconds
