[2025-06-03T13:16:59.113+0000] {processor.py:161} INFO - Started process (PID=81) to work on /home/airflow/.local/lib/python3.8/site-packages/airflow/example_dags/example_setup_teardown_taskflow.py
[2025-06-03T13:16:59.115+0000] {processor.py:830} INFO - Processing file /home/airflow/.local/lib/python3.8/site-packages/airflow/example_dags/example_setup_teardown_taskflow.py for tasks to queue
[2025-06-03T13:16:59.116+0000] {logging_mixin.py:188} INFO - [2025-06-03T13:16:59.116+0000] {dagbag.py:540} INFO - Filling up the DagBag from /home/airflow/.local/lib/python3.8/site-packages/airflow/example_dags/example_setup_teardown_taskflow.py
[2025-06-03T13:16:59.125+0000] {processor.py:840} INFO - DAG(s) 'example_setup_teardown_taskflow' retrieved from /home/airflow/.local/lib/python3.8/site-packages/airflow/example_dags/example_setup_teardown_taskflow.py
[2025-06-03T13:16:59.134+0000] {logging_mixin.py:188} INFO - [2025-06-03T13:16:59.133+0000] {dag.py:3047} INFO - Sync 1 DAGs
[2025-06-03T13:16:59.146+0000] {logging_mixin.py:188} INFO - [2025-06-03T13:16:59.146+0000] {dag.py:3834} INFO - Setting next_dagrun for example_setup_teardown_taskflow to 2025-06-02 00:00:00+00:00, run_after=2025-06-03 00:00:00+00:00
[2025-06-03T13:16:59.160+0000] {processor.py:183} INFO - Processing /home/airflow/.local/lib/python3.8/site-packages/airflow/example_dags/example_setup_teardown_taskflow.py took 0.048 seconds
[2025-06-03T13:17:30.144+0000] {processor.py:161} INFO - Started process (PID=136) to work on /home/airflow/.local/lib/python3.8/site-packages/airflow/example_dags/example_setup_teardown_taskflow.py
[2025-06-03T13:17:30.145+0000] {processor.py:830} INFO - Processing file /home/airflow/.local/lib/python3.8/site-packages/airflow/example_dags/example_setup_teardown_taskflow.py for tasks to queue
[2025-06-03T13:17:30.146+0000] {logging_mixin.py:188} INFO - [2025-06-03T13:17:30.146+0000] {dagbag.py:540} INFO - Filling up the DagBag from /home/airflow/.local/lib/python3.8/site-packages/airflow/example_dags/example_setup_teardown_taskflow.py
[2025-06-03T13:17:30.150+0000] {processor.py:840} INFO - DAG(s) 'example_setup_teardown_taskflow' retrieved from /home/airflow/.local/lib/python3.8/site-packages/airflow/example_dags/example_setup_teardown_taskflow.py
[2025-06-03T13:17:30.195+0000] {logging_mixin.py:188} INFO - [2025-06-03T13:17:30.195+0000] {dag.py:3047} INFO - Sync 1 DAGs
[2025-06-03T13:17:30.204+0000] {logging_mixin.py:188} INFO - [2025-06-03T13:17:30.204+0000] {dag.py:3834} INFO - Setting next_dagrun for example_setup_teardown_taskflow to 2025-06-02 00:00:00+00:00, run_after=2025-06-03 00:00:00+00:00
[2025-06-03T13:17:30.215+0000] {processor.py:183} INFO - Processing /home/airflow/.local/lib/python3.8/site-packages/airflow/example_dags/example_setup_teardown_taskflow.py took 0.072 seconds
[2025-06-03T13:18:00.939+0000] {processor.py:161} INFO - Started process (PID=191) to work on /home/airflow/.local/lib/python3.8/site-packages/airflow/example_dags/example_setup_teardown_taskflow.py
[2025-06-03T13:18:00.940+0000] {processor.py:830} INFO - Processing file /home/airflow/.local/lib/python3.8/site-packages/airflow/example_dags/example_setup_teardown_taskflow.py for tasks to queue
[2025-06-03T13:18:00.940+0000] {logging_mixin.py:188} INFO - [2025-06-03T13:18:00.940+0000] {dagbag.py:540} INFO - Filling up the DagBag from /home/airflow/.local/lib/python3.8/site-packages/airflow/example_dags/example_setup_teardown_taskflow.py
[2025-06-03T13:18:00.945+0000] {processor.py:840} INFO - DAG(s) 'example_setup_teardown_taskflow' retrieved from /home/airflow/.local/lib/python3.8/site-packages/airflow/example_dags/example_setup_teardown_taskflow.py
[2025-06-03T13:18:00.956+0000] {logging_mixin.py:188} INFO - [2025-06-03T13:18:00.956+0000] {dag.py:3047} INFO - Sync 1 DAGs
[2025-06-03T13:18:00.965+0000] {logging_mixin.py:188} INFO - [2025-06-03T13:18:00.965+0000] {dag.py:3834} INFO - Setting next_dagrun for example_setup_teardown_taskflow to 2025-06-02 00:00:00+00:00, run_after=2025-06-03 00:00:00+00:00
[2025-06-03T13:18:00.972+0000] {processor.py:183} INFO - Processing /home/airflow/.local/lib/python3.8/site-packages/airflow/example_dags/example_setup_teardown_taskflow.py took 0.035 seconds
[2025-06-03T13:18:31.562+0000] {processor.py:161} INFO - Started process (PID=246) to work on /home/airflow/.local/lib/python3.8/site-packages/airflow/example_dags/example_setup_teardown_taskflow.py
[2025-06-03T13:18:31.563+0000] {processor.py:830} INFO - Processing file /home/airflow/.local/lib/python3.8/site-packages/airflow/example_dags/example_setup_teardown_taskflow.py for tasks to queue
[2025-06-03T13:18:31.565+0000] {logging_mixin.py:188} INFO - [2025-06-03T13:18:31.565+0000] {dagbag.py:540} INFO - Filling up the DagBag from /home/airflow/.local/lib/python3.8/site-packages/airflow/example_dags/example_setup_teardown_taskflow.py
[2025-06-03T13:18:31.572+0000] {processor.py:840} INFO - DAG(s) 'example_setup_teardown_taskflow' retrieved from /home/airflow/.local/lib/python3.8/site-packages/airflow/example_dags/example_setup_teardown_taskflow.py
[2025-06-03T13:18:31.582+0000] {logging_mixin.py:188} INFO - [2025-06-03T13:18:31.582+0000] {dag.py:3047} INFO - Sync 1 DAGs
[2025-06-03T13:18:31.591+0000] {logging_mixin.py:188} INFO - [2025-06-03T13:18:31.591+0000] {dag.py:3834} INFO - Setting next_dagrun for example_setup_teardown_taskflow to 2025-06-02 00:00:00+00:00, run_after=2025-06-03 00:00:00+00:00
[2025-06-03T13:18:31.598+0000] {processor.py:183} INFO - Processing /home/airflow/.local/lib/python3.8/site-packages/airflow/example_dags/example_setup_teardown_taskflow.py took 0.038 seconds
[2025-06-03T13:19:02.050+0000] {processor.py:161} INFO - Started process (PID=301) to work on /home/airflow/.local/lib/python3.8/site-packages/airflow/example_dags/example_setup_teardown_taskflow.py
[2025-06-03T13:19:02.051+0000] {processor.py:830} INFO - Processing file /home/airflow/.local/lib/python3.8/site-packages/airflow/example_dags/example_setup_teardown_taskflow.py for tasks to queue
[2025-06-03T13:19:02.052+0000] {logging_mixin.py:188} INFO - [2025-06-03T13:19:02.052+0000] {dagbag.py:540} INFO - Filling up the DagBag from /home/airflow/.local/lib/python3.8/site-packages/airflow/example_dags/example_setup_teardown_taskflow.py
[2025-06-03T13:19:02.056+0000] {processor.py:840} INFO - DAG(s) 'example_setup_teardown_taskflow' retrieved from /home/airflow/.local/lib/python3.8/site-packages/airflow/example_dags/example_setup_teardown_taskflow.py
[2025-06-03T13:19:02.067+0000] {logging_mixin.py:188} INFO - [2025-06-03T13:19:02.066+0000] {dag.py:3047} INFO - Sync 1 DAGs
[2025-06-03T13:19:02.075+0000] {logging_mixin.py:188} INFO - [2025-06-03T13:19:02.075+0000] {dag.py:3834} INFO - Setting next_dagrun for example_setup_teardown_taskflow to 2025-06-02 00:00:00+00:00, run_after=2025-06-03 00:00:00+00:00
[2025-06-03T13:19:02.081+0000] {processor.py:183} INFO - Processing /home/airflow/.local/lib/python3.8/site-packages/airflow/example_dags/example_setup_teardown_taskflow.py took 0.033 seconds
[2025-06-03T13:19:32.731+0000] {processor.py:161} INFO - Started process (PID=356) to work on /home/airflow/.local/lib/python3.8/site-packages/airflow/example_dags/example_setup_teardown_taskflow.py
[2025-06-03T13:19:32.732+0000] {processor.py:830} INFO - Processing file /home/airflow/.local/lib/python3.8/site-packages/airflow/example_dags/example_setup_teardown_taskflow.py for tasks to queue
[2025-06-03T13:19:32.733+0000] {logging_mixin.py:188} INFO - [2025-06-03T13:19:32.733+0000] {dagbag.py:540} INFO - Filling up the DagBag from /home/airflow/.local/lib/python3.8/site-packages/airflow/example_dags/example_setup_teardown_taskflow.py
[2025-06-03T13:19:32.737+0000] {processor.py:840} INFO - DAG(s) 'example_setup_teardown_taskflow' retrieved from /home/airflow/.local/lib/python3.8/site-packages/airflow/example_dags/example_setup_teardown_taskflow.py
[2025-06-03T13:19:32.749+0000] {logging_mixin.py:188} INFO - [2025-06-03T13:19:32.748+0000] {dag.py:3047} INFO - Sync 1 DAGs
[2025-06-03T13:19:32.758+0000] {logging_mixin.py:188} INFO - [2025-06-03T13:19:32.758+0000] {dag.py:3834} INFO - Setting next_dagrun for example_setup_teardown_taskflow to 2025-06-02 00:00:00+00:00, run_after=2025-06-03 00:00:00+00:00
[2025-06-03T13:19:32.765+0000] {processor.py:183} INFO - Processing /home/airflow/.local/lib/python3.8/site-packages/airflow/example_dags/example_setup_teardown_taskflow.py took 0.036 seconds
[2025-06-03T13:20:03.310+0000] {processor.py:161} INFO - Started process (PID=411) to work on /home/airflow/.local/lib/python3.8/site-packages/airflow/example_dags/example_setup_teardown_taskflow.py
[2025-06-03T13:20:03.312+0000] {processor.py:830} INFO - Processing file /home/airflow/.local/lib/python3.8/site-packages/airflow/example_dags/example_setup_teardown_taskflow.py for tasks to queue
[2025-06-03T13:20:03.314+0000] {logging_mixin.py:188} INFO - [2025-06-03T13:20:03.314+0000] {dagbag.py:540} INFO - Filling up the DagBag from /home/airflow/.local/lib/python3.8/site-packages/airflow/example_dags/example_setup_teardown_taskflow.py
[2025-06-03T13:20:03.319+0000] {processor.py:840} INFO - DAG(s) 'example_setup_teardown_taskflow' retrieved from /home/airflow/.local/lib/python3.8/site-packages/airflow/example_dags/example_setup_teardown_taskflow.py
[2025-06-03T13:20:03.327+0000] {logging_mixin.py:188} INFO - [2025-06-03T13:20:03.327+0000] {dag.py:3047} INFO - Sync 1 DAGs
[2025-06-03T13:20:03.337+0000] {logging_mixin.py:188} INFO - [2025-06-03T13:20:03.337+0000] {dag.py:3834} INFO - Setting next_dagrun for example_setup_teardown_taskflow to 2025-06-02 00:00:00+00:00, run_after=2025-06-03 00:00:00+00:00
[2025-06-03T13:20:03.343+0000] {processor.py:183} INFO - Processing /home/airflow/.local/lib/python3.8/site-packages/airflow/example_dags/example_setup_teardown_taskflow.py took 0.036 seconds
[2025-06-03T13:20:34.130+0000] {processor.py:161} INFO - Started process (PID=466) to work on /home/airflow/.local/lib/python3.8/site-packages/airflow/example_dags/example_setup_teardown_taskflow.py
[2025-06-03T13:20:34.131+0000] {processor.py:830} INFO - Processing file /home/airflow/.local/lib/python3.8/site-packages/airflow/example_dags/example_setup_teardown_taskflow.py for tasks to queue
[2025-06-03T13:20:34.131+0000] {logging_mixin.py:188} INFO - [2025-06-03T13:20:34.131+0000] {dagbag.py:540} INFO - Filling up the DagBag from /home/airflow/.local/lib/python3.8/site-packages/airflow/example_dags/example_setup_teardown_taskflow.py
[2025-06-03T13:20:34.135+0000] {processor.py:840} INFO - DAG(s) 'example_setup_teardown_taskflow' retrieved from /home/airflow/.local/lib/python3.8/site-packages/airflow/example_dags/example_setup_teardown_taskflow.py
[2025-06-03T13:20:34.143+0000] {logging_mixin.py:188} INFO - [2025-06-03T13:20:34.143+0000] {dag.py:3047} INFO - Sync 1 DAGs
[2025-06-03T13:20:34.150+0000] {logging_mixin.py:188} INFO - [2025-06-03T13:20:34.150+0000] {dag.py:3834} INFO - Setting next_dagrun for example_setup_teardown_taskflow to 2025-06-02 00:00:00+00:00, run_after=2025-06-03 00:00:00+00:00
[2025-06-03T13:20:34.156+0000] {processor.py:183} INFO - Processing /home/airflow/.local/lib/python3.8/site-packages/airflow/example_dags/example_setup_teardown_taskflow.py took 0.027 seconds
[2025-06-03T13:21:04.996+0000] {processor.py:161} INFO - Started process (PID=521) to work on /home/airflow/.local/lib/python3.8/site-packages/airflow/example_dags/example_setup_teardown_taskflow.py
[2025-06-03T13:21:04.997+0000] {processor.py:830} INFO - Processing file /home/airflow/.local/lib/python3.8/site-packages/airflow/example_dags/example_setup_teardown_taskflow.py for tasks to queue
[2025-06-03T13:21:04.998+0000] {logging_mixin.py:188} INFO - [2025-06-03T13:21:04.998+0000] {dagbag.py:540} INFO - Filling up the DagBag from /home/airflow/.local/lib/python3.8/site-packages/airflow/example_dags/example_setup_teardown_taskflow.py
[2025-06-03T13:21:05.004+0000] {processor.py:840} INFO - DAG(s) 'example_setup_teardown_taskflow' retrieved from /home/airflow/.local/lib/python3.8/site-packages/airflow/example_dags/example_setup_teardown_taskflow.py
[2025-06-03T13:21:05.022+0000] {logging_mixin.py:188} INFO - [2025-06-03T13:21:05.021+0000] {dag.py:3047} INFO - Sync 1 DAGs
[2025-06-03T13:21:05.035+0000] {logging_mixin.py:188} INFO - [2025-06-03T13:21:05.035+0000] {dag.py:3834} INFO - Setting next_dagrun for example_setup_teardown_taskflow to 2025-06-02 00:00:00+00:00, run_after=2025-06-03 00:00:00+00:00
[2025-06-03T13:21:05.044+0000] {processor.py:183} INFO - Processing /home/airflow/.local/lib/python3.8/site-packages/airflow/example_dags/example_setup_teardown_taskflow.py took 0.051 seconds
[2025-06-03T13:21:35.813+0000] {processor.py:161} INFO - Started process (PID=576) to work on /home/airflow/.local/lib/python3.8/site-packages/airflow/example_dags/example_setup_teardown_taskflow.py
[2025-06-03T13:21:35.814+0000] {processor.py:830} INFO - Processing file /home/airflow/.local/lib/python3.8/site-packages/airflow/example_dags/example_setup_teardown_taskflow.py for tasks to queue
[2025-06-03T13:21:35.815+0000] {logging_mixin.py:188} INFO - [2025-06-03T13:21:35.815+0000] {dagbag.py:540} INFO - Filling up the DagBag from /home/airflow/.local/lib/python3.8/site-packages/airflow/example_dags/example_setup_teardown_taskflow.py
[2025-06-03T13:21:35.821+0000] {processor.py:840} INFO - DAG(s) 'example_setup_teardown_taskflow' retrieved from /home/airflow/.local/lib/python3.8/site-packages/airflow/example_dags/example_setup_teardown_taskflow.py
[2025-06-03T13:21:35.831+0000] {logging_mixin.py:188} INFO - [2025-06-03T13:21:35.831+0000] {dag.py:3047} INFO - Sync 1 DAGs
[2025-06-03T13:21:35.844+0000] {logging_mixin.py:188} INFO - [2025-06-03T13:21:35.844+0000] {dag.py:3834} INFO - Setting next_dagrun for example_setup_teardown_taskflow to 2025-06-02 00:00:00+00:00, run_after=2025-06-03 00:00:00+00:00
[2025-06-03T13:21:35.855+0000] {processor.py:183} INFO - Processing /home/airflow/.local/lib/python3.8/site-packages/airflow/example_dags/example_setup_teardown_taskflow.py took 0.043 seconds
[2025-06-03T13:22:06.807+0000] {processor.py:161} INFO - Started process (PID=631) to work on /home/airflow/.local/lib/python3.8/site-packages/airflow/example_dags/example_setup_teardown_taskflow.py
[2025-06-03T13:22:06.807+0000] {processor.py:830} INFO - Processing file /home/airflow/.local/lib/python3.8/site-packages/airflow/example_dags/example_setup_teardown_taskflow.py for tasks to queue
[2025-06-03T13:22:06.808+0000] {logging_mixin.py:188} INFO - [2025-06-03T13:22:06.808+0000] {dagbag.py:540} INFO - Filling up the DagBag from /home/airflow/.local/lib/python3.8/site-packages/airflow/example_dags/example_setup_teardown_taskflow.py
[2025-06-03T13:22:06.812+0000] {processor.py:840} INFO - DAG(s) 'example_setup_teardown_taskflow' retrieved from /home/airflow/.local/lib/python3.8/site-packages/airflow/example_dags/example_setup_teardown_taskflow.py
[2025-06-03T13:22:06.820+0000] {logging_mixin.py:188} INFO - [2025-06-03T13:22:06.820+0000] {dag.py:3047} INFO - Sync 1 DAGs
[2025-06-03T13:22:06.827+0000] {logging_mixin.py:188} INFO - [2025-06-03T13:22:06.827+0000] {dag.py:3834} INFO - Setting next_dagrun for example_setup_teardown_taskflow to 2025-06-02 00:00:00+00:00, run_after=2025-06-03 00:00:00+00:00
[2025-06-03T13:22:06.833+0000] {processor.py:183} INFO - Processing /home/airflow/.local/lib/python3.8/site-packages/airflow/example_dags/example_setup_teardown_taskflow.py took 0.027 seconds
[2025-06-03T13:22:37.764+0000] {processor.py:161} INFO - Started process (PID=686) to work on /home/airflow/.local/lib/python3.8/site-packages/airflow/example_dags/example_setup_teardown_taskflow.py
[2025-06-03T13:22:37.765+0000] {processor.py:830} INFO - Processing file /home/airflow/.local/lib/python3.8/site-packages/airflow/example_dags/example_setup_teardown_taskflow.py for tasks to queue
[2025-06-03T13:22:37.766+0000] {logging_mixin.py:188} INFO - [2025-06-03T13:22:37.765+0000] {dagbag.py:540} INFO - Filling up the DagBag from /home/airflow/.local/lib/python3.8/site-packages/airflow/example_dags/example_setup_teardown_taskflow.py
[2025-06-03T13:22:37.770+0000] {processor.py:840} INFO - DAG(s) 'example_setup_teardown_taskflow' retrieved from /home/airflow/.local/lib/python3.8/site-packages/airflow/example_dags/example_setup_teardown_taskflow.py
[2025-06-03T13:22:37.780+0000] {logging_mixin.py:188} INFO - [2025-06-03T13:22:37.780+0000] {dag.py:3047} INFO - Sync 1 DAGs
[2025-06-03T13:22:37.789+0000] {logging_mixin.py:188} INFO - [2025-06-03T13:22:37.789+0000] {dag.py:3834} INFO - Setting next_dagrun for example_setup_teardown_taskflow to 2025-06-02 00:00:00+00:00, run_after=2025-06-03 00:00:00+00:00
[2025-06-03T13:22:37.801+0000] {processor.py:183} INFO - Processing /home/airflow/.local/lib/python3.8/site-packages/airflow/example_dags/example_setup_teardown_taskflow.py took 0.039 seconds
[2025-06-03T13:23:08.648+0000] {processor.py:161} INFO - Started process (PID=741) to work on /home/airflow/.local/lib/python3.8/site-packages/airflow/example_dags/example_setup_teardown_taskflow.py
[2025-06-03T13:23:08.648+0000] {processor.py:830} INFO - Processing file /home/airflow/.local/lib/python3.8/site-packages/airflow/example_dags/example_setup_teardown_taskflow.py for tasks to queue
[2025-06-03T13:23:08.649+0000] {logging_mixin.py:188} INFO - [2025-06-03T13:23:08.649+0000] {dagbag.py:540} INFO - Filling up the DagBag from /home/airflow/.local/lib/python3.8/site-packages/airflow/example_dags/example_setup_teardown_taskflow.py
[2025-06-03T13:23:08.654+0000] {processor.py:840} INFO - DAG(s) 'example_setup_teardown_taskflow' retrieved from /home/airflow/.local/lib/python3.8/site-packages/airflow/example_dags/example_setup_teardown_taskflow.py
[2025-06-03T13:23:08.667+0000] {logging_mixin.py:188} INFO - [2025-06-03T13:23:08.667+0000] {dag.py:3047} INFO - Sync 1 DAGs
[2025-06-03T13:23:08.677+0000] {logging_mixin.py:188} INFO - [2025-06-03T13:23:08.677+0000] {dag.py:3834} INFO - Setting next_dagrun for example_setup_teardown_taskflow to 2025-06-02 00:00:00+00:00, run_after=2025-06-03 00:00:00+00:00
[2025-06-03T13:23:08.684+0000] {processor.py:183} INFO - Processing /home/airflow/.local/lib/python3.8/site-packages/airflow/example_dags/example_setup_teardown_taskflow.py took 0.038 seconds
[2025-06-03T13:23:39.682+0000] {processor.py:161} INFO - Started process (PID=796) to work on /home/airflow/.local/lib/python3.8/site-packages/airflow/example_dags/example_setup_teardown_taskflow.py
[2025-06-03T13:23:39.683+0000] {processor.py:830} INFO - Processing file /home/airflow/.local/lib/python3.8/site-packages/airflow/example_dags/example_setup_teardown_taskflow.py for tasks to queue
[2025-06-03T13:23:39.685+0000] {logging_mixin.py:188} INFO - [2025-06-03T13:23:39.685+0000] {dagbag.py:540} INFO - Filling up the DagBag from /home/airflow/.local/lib/python3.8/site-packages/airflow/example_dags/example_setup_teardown_taskflow.py
[2025-06-03T13:23:39.712+0000] {processor.py:840} INFO - DAG(s) 'example_setup_teardown_taskflow' retrieved from /home/airflow/.local/lib/python3.8/site-packages/airflow/example_dags/example_setup_teardown_taskflow.py
[2025-06-03T13:23:39.737+0000] {logging_mixin.py:188} INFO - [2025-06-03T13:23:39.737+0000] {dag.py:3047} INFO - Sync 1 DAGs
[2025-06-03T13:23:39.755+0000] {logging_mixin.py:188} INFO - [2025-06-03T13:23:39.755+0000] {dag.py:3834} INFO - Setting next_dagrun for example_setup_teardown_taskflow to 2025-06-02 00:00:00+00:00, run_after=2025-06-03 00:00:00+00:00
[2025-06-03T13:23:39.764+0000] {processor.py:183} INFO - Processing /home/airflow/.local/lib/python3.8/site-packages/airflow/example_dags/example_setup_teardown_taskflow.py took 0.086 seconds
[2025-06-03T13:24:09.832+0000] {processor.py:161} INFO - Started process (PID=851) to work on /home/airflow/.local/lib/python3.8/site-packages/airflow/example_dags/example_setup_teardown_taskflow.py
[2025-06-03T13:24:09.834+0000] {processor.py:830} INFO - Processing file /home/airflow/.local/lib/python3.8/site-packages/airflow/example_dags/example_setup_teardown_taskflow.py for tasks to queue
[2025-06-03T13:24:09.836+0000] {logging_mixin.py:188} INFO - [2025-06-03T13:24:09.836+0000] {dagbag.py:540} INFO - Filling up the DagBag from /home/airflow/.local/lib/python3.8/site-packages/airflow/example_dags/example_setup_teardown_taskflow.py
[2025-06-03T13:24:09.841+0000] {processor.py:840} INFO - DAG(s) 'example_setup_teardown_taskflow' retrieved from /home/airflow/.local/lib/python3.8/site-packages/airflow/example_dags/example_setup_teardown_taskflow.py
[2025-06-03T13:24:09.853+0000] {logging_mixin.py:188} INFO - [2025-06-03T13:24:09.853+0000] {dag.py:3047} INFO - Sync 1 DAGs
[2025-06-03T13:24:09.863+0000] {logging_mixin.py:188} INFO - [2025-06-03T13:24:09.863+0000] {dag.py:3834} INFO - Setting next_dagrun for example_setup_teardown_taskflow to 2025-06-02 00:00:00+00:00, run_after=2025-06-03 00:00:00+00:00
[2025-06-03T13:24:09.871+0000] {processor.py:183} INFO - Processing /home/airflow/.local/lib/python3.8/site-packages/airflow/example_dags/example_setup_teardown_taskflow.py took 0.041 seconds
[2025-06-03T13:24:40.626+0000] {processor.py:161} INFO - Started process (PID=906) to work on /home/airflow/.local/lib/python3.8/site-packages/airflow/example_dags/example_setup_teardown_taskflow.py
[2025-06-03T13:24:40.627+0000] {processor.py:830} INFO - Processing file /home/airflow/.local/lib/python3.8/site-packages/airflow/example_dags/example_setup_teardown_taskflow.py for tasks to queue
[2025-06-03T13:24:40.628+0000] {logging_mixin.py:188} INFO - [2025-06-03T13:24:40.628+0000] {dagbag.py:540} INFO - Filling up the DagBag from /home/airflow/.local/lib/python3.8/site-packages/airflow/example_dags/example_setup_teardown_taskflow.py
[2025-06-03T13:24:40.632+0000] {processor.py:840} INFO - DAG(s) 'example_setup_teardown_taskflow' retrieved from /home/airflow/.local/lib/python3.8/site-packages/airflow/example_dags/example_setup_teardown_taskflow.py
[2025-06-03T13:24:40.643+0000] {logging_mixin.py:188} INFO - [2025-06-03T13:24:40.643+0000] {dag.py:3047} INFO - Sync 1 DAGs
[2025-06-03T13:24:40.651+0000] {logging_mixin.py:188} INFO - [2025-06-03T13:24:40.651+0000] {dag.py:3834} INFO - Setting next_dagrun for example_setup_teardown_taskflow to 2025-06-02 00:00:00+00:00, run_after=2025-06-03 00:00:00+00:00
[2025-06-03T13:24:40.658+0000] {processor.py:183} INFO - Processing /home/airflow/.local/lib/python3.8/site-packages/airflow/example_dags/example_setup_teardown_taskflow.py took 0.033 seconds
[2025-06-03T13:25:11.490+0000] {processor.py:161} INFO - Started process (PID=961) to work on /home/airflow/.local/lib/python3.8/site-packages/airflow/example_dags/example_setup_teardown_taskflow.py
[2025-06-03T13:25:11.491+0000] {processor.py:830} INFO - Processing file /home/airflow/.local/lib/python3.8/site-packages/airflow/example_dags/example_setup_teardown_taskflow.py for tasks to queue
[2025-06-03T13:25:11.491+0000] {logging_mixin.py:188} INFO - [2025-06-03T13:25:11.491+0000] {dagbag.py:540} INFO - Filling up the DagBag from /home/airflow/.local/lib/python3.8/site-packages/airflow/example_dags/example_setup_teardown_taskflow.py
[2025-06-03T13:25:11.499+0000] {processor.py:840} INFO - DAG(s) 'example_setup_teardown_taskflow' retrieved from /home/airflow/.local/lib/python3.8/site-packages/airflow/example_dags/example_setup_teardown_taskflow.py
[2025-06-03T13:25:11.513+0000] {logging_mixin.py:188} INFO - [2025-06-03T13:25:11.513+0000] {dag.py:3047} INFO - Sync 1 DAGs
[2025-06-03T13:25:11.522+0000] {logging_mixin.py:188} INFO - [2025-06-03T13:25:11.522+0000] {dag.py:3834} INFO - Setting next_dagrun for example_setup_teardown_taskflow to 2025-06-02 00:00:00+00:00, run_after=2025-06-03 00:00:00+00:00
[2025-06-03T13:25:11.534+0000] {processor.py:183} INFO - Processing /home/airflow/.local/lib/python3.8/site-packages/airflow/example_dags/example_setup_teardown_taskflow.py took 0.045 seconds
[2025-06-03T13:25:42.166+0000] {processor.py:161} INFO - Started process (PID=1016) to work on /home/airflow/.local/lib/python3.8/site-packages/airflow/example_dags/example_setup_teardown_taskflow.py
[2025-06-03T13:25:42.167+0000] {processor.py:830} INFO - Processing file /home/airflow/.local/lib/python3.8/site-packages/airflow/example_dags/example_setup_teardown_taskflow.py for tasks to queue
[2025-06-03T13:25:42.169+0000] {logging_mixin.py:188} INFO - [2025-06-03T13:25:42.169+0000] {dagbag.py:540} INFO - Filling up the DagBag from /home/airflow/.local/lib/python3.8/site-packages/airflow/example_dags/example_setup_teardown_taskflow.py
[2025-06-03T13:25:42.178+0000] {processor.py:840} INFO - DAG(s) 'example_setup_teardown_taskflow' retrieved from /home/airflow/.local/lib/python3.8/site-packages/airflow/example_dags/example_setup_teardown_taskflow.py
[2025-06-03T13:25:42.191+0000] {logging_mixin.py:188} INFO - [2025-06-03T13:25:42.190+0000] {dag.py:3047} INFO - Sync 1 DAGs
[2025-06-03T13:25:42.201+0000] {logging_mixin.py:188} INFO - [2025-06-03T13:25:42.201+0000] {dag.py:3834} INFO - Setting next_dagrun for example_setup_teardown_taskflow to 2025-06-02 00:00:00+00:00, run_after=2025-06-03 00:00:00+00:00
[2025-06-03T13:25:42.210+0000] {processor.py:183} INFO - Processing /home/airflow/.local/lib/python3.8/site-packages/airflow/example_dags/example_setup_teardown_taskflow.py took 0.046 seconds
[2025-06-03T13:26:13.219+0000] {processor.py:161} INFO - Started process (PID=1071) to work on /home/airflow/.local/lib/python3.8/site-packages/airflow/example_dags/example_setup_teardown_taskflow.py
[2025-06-03T13:26:13.219+0000] {processor.py:830} INFO - Processing file /home/airflow/.local/lib/python3.8/site-packages/airflow/example_dags/example_setup_teardown_taskflow.py for tasks to queue
[2025-06-03T13:26:13.220+0000] {logging_mixin.py:188} INFO - [2025-06-03T13:26:13.220+0000] {dagbag.py:540} INFO - Filling up the DagBag from /home/airflow/.local/lib/python3.8/site-packages/airflow/example_dags/example_setup_teardown_taskflow.py
[2025-06-03T13:26:13.223+0000] {processor.py:840} INFO - DAG(s) 'example_setup_teardown_taskflow' retrieved from /home/airflow/.local/lib/python3.8/site-packages/airflow/example_dags/example_setup_teardown_taskflow.py
[2025-06-03T13:26:13.231+0000] {logging_mixin.py:188} INFO - [2025-06-03T13:26:13.231+0000] {dag.py:3047} INFO - Sync 1 DAGs
[2025-06-03T13:26:13.239+0000] {logging_mixin.py:188} INFO - [2025-06-03T13:26:13.239+0000] {dag.py:3834} INFO - Setting next_dagrun for example_setup_teardown_taskflow to 2025-06-02 00:00:00+00:00, run_after=2025-06-03 00:00:00+00:00
[2025-06-03T13:26:13.244+0000] {processor.py:183} INFO - Processing /home/airflow/.local/lib/python3.8/site-packages/airflow/example_dags/example_setup_teardown_taskflow.py took 0.027 seconds
[2025-06-03T13:26:43.300+0000] {processor.py:161} INFO - Started process (PID=1126) to work on /home/airflow/.local/lib/python3.8/site-packages/airflow/example_dags/example_setup_teardown_taskflow.py
[2025-06-03T13:26:43.301+0000] {processor.py:830} INFO - Processing file /home/airflow/.local/lib/python3.8/site-packages/airflow/example_dags/example_setup_teardown_taskflow.py for tasks to queue
[2025-06-03T13:26:43.301+0000] {logging_mixin.py:188} INFO - [2025-06-03T13:26:43.301+0000] {dagbag.py:540} INFO - Filling up the DagBag from /home/airflow/.local/lib/python3.8/site-packages/airflow/example_dags/example_setup_teardown_taskflow.py
[2025-06-03T13:26:43.306+0000] {processor.py:840} INFO - DAG(s) 'example_setup_teardown_taskflow' retrieved from /home/airflow/.local/lib/python3.8/site-packages/airflow/example_dags/example_setup_teardown_taskflow.py
[2025-06-03T13:26:43.317+0000] {logging_mixin.py:188} INFO - [2025-06-03T13:26:43.317+0000] {dag.py:3047} INFO - Sync 1 DAGs
[2025-06-03T13:26:43.327+0000] {logging_mixin.py:188} INFO - [2025-06-03T13:26:43.326+0000] {dag.py:3834} INFO - Setting next_dagrun for example_setup_teardown_taskflow to 2025-06-02 00:00:00+00:00, run_after=2025-06-03 00:00:00+00:00
[2025-06-03T13:26:43.334+0000] {processor.py:183} INFO - Processing /home/airflow/.local/lib/python3.8/site-packages/airflow/example_dags/example_setup_teardown_taskflow.py took 0.035 seconds
[2025-06-03T13:27:13.959+0000] {processor.py:161} INFO - Started process (PID=1181) to work on /home/airflow/.local/lib/python3.8/site-packages/airflow/example_dags/example_setup_teardown_taskflow.py
[2025-06-03T13:27:13.959+0000] {processor.py:830} INFO - Processing file /home/airflow/.local/lib/python3.8/site-packages/airflow/example_dags/example_setup_teardown_taskflow.py for tasks to queue
[2025-06-03T13:27:13.960+0000] {logging_mixin.py:188} INFO - [2025-06-03T13:27:13.960+0000] {dagbag.py:540} INFO - Filling up the DagBag from /home/airflow/.local/lib/python3.8/site-packages/airflow/example_dags/example_setup_teardown_taskflow.py
[2025-06-03T13:27:13.964+0000] {processor.py:840} INFO - DAG(s) 'example_setup_teardown_taskflow' retrieved from /home/airflow/.local/lib/python3.8/site-packages/airflow/example_dags/example_setup_teardown_taskflow.py
[2025-06-03T13:27:13.972+0000] {logging_mixin.py:188} INFO - [2025-06-03T13:27:13.972+0000] {dag.py:3047} INFO - Sync 1 DAGs
[2025-06-03T13:27:13.980+0000] {logging_mixin.py:188} INFO - [2025-06-03T13:27:13.980+0000] {dag.py:3834} INFO - Setting next_dagrun for example_setup_teardown_taskflow to 2025-06-02 00:00:00+00:00, run_after=2025-06-03 00:00:00+00:00
[2025-06-03T13:27:13.986+0000] {processor.py:183} INFO - Processing /home/airflow/.local/lib/python3.8/site-packages/airflow/example_dags/example_setup_teardown_taskflow.py took 0.028 seconds
[2025-06-03T13:27:44.508+0000] {processor.py:161} INFO - Started process (PID=1236) to work on /home/airflow/.local/lib/python3.8/site-packages/airflow/example_dags/example_setup_teardown_taskflow.py
[2025-06-03T13:27:44.509+0000] {processor.py:830} INFO - Processing file /home/airflow/.local/lib/python3.8/site-packages/airflow/example_dags/example_setup_teardown_taskflow.py for tasks to queue
[2025-06-03T13:27:44.510+0000] {logging_mixin.py:188} INFO - [2025-06-03T13:27:44.509+0000] {dagbag.py:540} INFO - Filling up the DagBag from /home/airflow/.local/lib/python3.8/site-packages/airflow/example_dags/example_setup_teardown_taskflow.py
[2025-06-03T13:27:44.513+0000] {processor.py:840} INFO - DAG(s) 'example_setup_teardown_taskflow' retrieved from /home/airflow/.local/lib/python3.8/site-packages/airflow/example_dags/example_setup_teardown_taskflow.py
[2025-06-03T13:27:44.524+0000] {logging_mixin.py:188} INFO - [2025-06-03T13:27:44.524+0000] {dag.py:3047} INFO - Sync 1 DAGs
[2025-06-03T13:27:44.532+0000] {logging_mixin.py:188} INFO - [2025-06-03T13:27:44.532+0000] {dag.py:3834} INFO - Setting next_dagrun for example_setup_teardown_taskflow to 2025-06-02 00:00:00+00:00, run_after=2025-06-03 00:00:00+00:00
[2025-06-03T13:27:44.538+0000] {processor.py:183} INFO - Processing /home/airflow/.local/lib/python3.8/site-packages/airflow/example_dags/example_setup_teardown_taskflow.py took 0.031 seconds
[2025-06-03T13:28:15.148+0000] {processor.py:161} INFO - Started process (PID=1291) to work on /home/airflow/.local/lib/python3.8/site-packages/airflow/example_dags/example_setup_teardown_taskflow.py
[2025-06-03T13:28:15.149+0000] {processor.py:830} INFO - Processing file /home/airflow/.local/lib/python3.8/site-packages/airflow/example_dags/example_setup_teardown_taskflow.py for tasks to queue
[2025-06-03T13:28:15.150+0000] {logging_mixin.py:188} INFO - [2025-06-03T13:28:15.150+0000] {dagbag.py:540} INFO - Filling up the DagBag from /home/airflow/.local/lib/python3.8/site-packages/airflow/example_dags/example_setup_teardown_taskflow.py
[2025-06-03T13:28:15.154+0000] {processor.py:840} INFO - DAG(s) 'example_setup_teardown_taskflow' retrieved from /home/airflow/.local/lib/python3.8/site-packages/airflow/example_dags/example_setup_teardown_taskflow.py
[2025-06-03T13:28:15.166+0000] {logging_mixin.py:188} INFO - [2025-06-03T13:28:15.166+0000] {dag.py:3047} INFO - Sync 1 DAGs
[2025-06-03T13:28:15.175+0000] {logging_mixin.py:188} INFO - [2025-06-03T13:28:15.175+0000] {dag.py:3834} INFO - Setting next_dagrun for example_setup_teardown_taskflow to 2025-06-02 00:00:00+00:00, run_after=2025-06-03 00:00:00+00:00
[2025-06-03T13:28:15.183+0000] {processor.py:183} INFO - Processing /home/airflow/.local/lib/python3.8/site-packages/airflow/example_dags/example_setup_teardown_taskflow.py took 0.036 seconds
[2025-06-03T13:28:45.741+0000] {processor.py:161} INFO - Started process (PID=1346) to work on /home/airflow/.local/lib/python3.8/site-packages/airflow/example_dags/example_setup_teardown_taskflow.py
[2025-06-03T13:28:45.742+0000] {processor.py:830} INFO - Processing file /home/airflow/.local/lib/python3.8/site-packages/airflow/example_dags/example_setup_teardown_taskflow.py for tasks to queue
[2025-06-03T13:28:45.744+0000] {logging_mixin.py:188} INFO - [2025-06-03T13:28:45.743+0000] {dagbag.py:540} INFO - Filling up the DagBag from /home/airflow/.local/lib/python3.8/site-packages/airflow/example_dags/example_setup_teardown_taskflow.py
[2025-06-03T13:28:45.751+0000] {processor.py:840} INFO - DAG(s) 'example_setup_teardown_taskflow' retrieved from /home/airflow/.local/lib/python3.8/site-packages/airflow/example_dags/example_setup_teardown_taskflow.py
[2025-06-03T13:28:45.766+0000] {logging_mixin.py:188} INFO - [2025-06-03T13:28:45.765+0000] {dag.py:3047} INFO - Sync 1 DAGs
[2025-06-03T13:28:45.778+0000] {logging_mixin.py:188} INFO - [2025-06-03T13:28:45.778+0000] {dag.py:3834} INFO - Setting next_dagrun for example_setup_teardown_taskflow to 2025-06-02 00:00:00+00:00, run_after=2025-06-03 00:00:00+00:00
[2025-06-03T13:28:45.793+0000] {processor.py:183} INFO - Processing /home/airflow/.local/lib/python3.8/site-packages/airflow/example_dags/example_setup_teardown_taskflow.py took 0.057 seconds
[2025-06-03T13:29:15.972+0000] {processor.py:161} INFO - Started process (PID=1401) to work on /home/airflow/.local/lib/python3.8/site-packages/airflow/example_dags/example_setup_teardown_taskflow.py
[2025-06-03T13:29:15.973+0000] {processor.py:830} INFO - Processing file /home/airflow/.local/lib/python3.8/site-packages/airflow/example_dags/example_setup_teardown_taskflow.py for tasks to queue
[2025-06-03T13:29:15.973+0000] {logging_mixin.py:188} INFO - [2025-06-03T13:29:15.973+0000] {dagbag.py:540} INFO - Filling up the DagBag from /home/airflow/.local/lib/python3.8/site-packages/airflow/example_dags/example_setup_teardown_taskflow.py
[2025-06-03T13:29:15.977+0000] {processor.py:840} INFO - DAG(s) 'example_setup_teardown_taskflow' retrieved from /home/airflow/.local/lib/python3.8/site-packages/airflow/example_dags/example_setup_teardown_taskflow.py
[2025-06-03T13:29:15.985+0000] {logging_mixin.py:188} INFO - [2025-06-03T13:29:15.985+0000] {dag.py:3047} INFO - Sync 1 DAGs
[2025-06-03T13:29:15.992+0000] {logging_mixin.py:188} INFO - [2025-06-03T13:29:15.992+0000] {dag.py:3834} INFO - Setting next_dagrun for example_setup_teardown_taskflow to 2025-06-02 00:00:00+00:00, run_after=2025-06-03 00:00:00+00:00
[2025-06-03T13:29:15.998+0000] {processor.py:183} INFO - Processing /home/airflow/.local/lib/python3.8/site-packages/airflow/example_dags/example_setup_teardown_taskflow.py took 0.028 seconds
[2025-06-03T13:29:46.296+0000] {processor.py:161} INFO - Started process (PID=1456) to work on /home/airflow/.local/lib/python3.8/site-packages/airflow/example_dags/example_setup_teardown_taskflow.py
[2025-06-03T13:29:46.296+0000] {processor.py:830} INFO - Processing file /home/airflow/.local/lib/python3.8/site-packages/airflow/example_dags/example_setup_teardown_taskflow.py for tasks to queue
[2025-06-03T13:29:46.297+0000] {logging_mixin.py:188} INFO - [2025-06-03T13:29:46.297+0000] {dagbag.py:540} INFO - Filling up the DagBag from /home/airflow/.local/lib/python3.8/site-packages/airflow/example_dags/example_setup_teardown_taskflow.py
[2025-06-03T13:29:46.300+0000] {processor.py:840} INFO - DAG(s) 'example_setup_teardown_taskflow' retrieved from /home/airflow/.local/lib/python3.8/site-packages/airflow/example_dags/example_setup_teardown_taskflow.py
[2025-06-03T13:29:46.308+0000] {logging_mixin.py:188} INFO - [2025-06-03T13:29:46.308+0000] {dag.py:3047} INFO - Sync 1 DAGs
[2025-06-03T13:29:46.315+0000] {logging_mixin.py:188} INFO - [2025-06-03T13:29:46.315+0000] {dag.py:3834} INFO - Setting next_dagrun for example_setup_teardown_taskflow to 2025-06-02 00:00:00+00:00, run_after=2025-06-03 00:00:00+00:00
[2025-06-03T13:29:46.320+0000] {processor.py:183} INFO - Processing /home/airflow/.local/lib/python3.8/site-packages/airflow/example_dags/example_setup_teardown_taskflow.py took 0.025 seconds
[2025-06-03T13:30:16.621+0000] {processor.py:161} INFO - Started process (PID=1511) to work on /home/airflow/.local/lib/python3.8/site-packages/airflow/example_dags/example_setup_teardown_taskflow.py
[2025-06-03T13:30:16.622+0000] {processor.py:830} INFO - Processing file /home/airflow/.local/lib/python3.8/site-packages/airflow/example_dags/example_setup_teardown_taskflow.py for tasks to queue
[2025-06-03T13:30:16.626+0000] {logging_mixin.py:188} INFO - [2025-06-03T13:30:16.626+0000] {dagbag.py:540} INFO - Filling up the DagBag from /home/airflow/.local/lib/python3.8/site-packages/airflow/example_dags/example_setup_teardown_taskflow.py
[2025-06-03T13:30:16.630+0000] {processor.py:840} INFO - DAG(s) 'example_setup_teardown_taskflow' retrieved from /home/airflow/.local/lib/python3.8/site-packages/airflow/example_dags/example_setup_teardown_taskflow.py
[2025-06-03T13:30:16.638+0000] {logging_mixin.py:188} INFO - [2025-06-03T13:30:16.638+0000] {dag.py:3047} INFO - Sync 1 DAGs
[2025-06-03T13:30:16.646+0000] {logging_mixin.py:188} INFO - [2025-06-03T13:30:16.646+0000] {dag.py:3834} INFO - Setting next_dagrun for example_setup_teardown_taskflow to 2025-06-02 00:00:00+00:00, run_after=2025-06-03 00:00:00+00:00
[2025-06-03T13:30:16.652+0000] {processor.py:183} INFO - Processing /home/airflow/.local/lib/python3.8/site-packages/airflow/example_dags/example_setup_teardown_taskflow.py took 0.032 seconds
[2025-06-03T13:30:46.933+0000] {processor.py:161} INFO - Started process (PID=1565) to work on /home/airflow/.local/lib/python3.8/site-packages/airflow/example_dags/example_setup_teardown_taskflow.py
[2025-06-03T13:30:46.933+0000] {processor.py:830} INFO - Processing file /home/airflow/.local/lib/python3.8/site-packages/airflow/example_dags/example_setup_teardown_taskflow.py for tasks to queue
[2025-06-03T13:30:46.934+0000] {logging_mixin.py:188} INFO - [2025-06-03T13:30:46.934+0000] {dagbag.py:540} INFO - Filling up the DagBag from /home/airflow/.local/lib/python3.8/site-packages/airflow/example_dags/example_setup_teardown_taskflow.py
[2025-06-03T13:30:46.937+0000] {processor.py:840} INFO - DAG(s) 'example_setup_teardown_taskflow' retrieved from /home/airflow/.local/lib/python3.8/site-packages/airflow/example_dags/example_setup_teardown_taskflow.py
[2025-06-03T13:30:46.945+0000] {logging_mixin.py:188} INFO - [2025-06-03T13:30:46.945+0000] {dag.py:3047} INFO - Sync 1 DAGs
[2025-06-03T13:30:46.951+0000] {logging_mixin.py:188} INFO - [2025-06-03T13:30:46.951+0000] {dag.py:3834} INFO - Setting next_dagrun for example_setup_teardown_taskflow to 2025-06-02 00:00:00+00:00, run_after=2025-06-03 00:00:00+00:00
[2025-06-03T13:30:46.957+0000] {processor.py:183} INFO - Processing /home/airflow/.local/lib/python3.8/site-packages/airflow/example_dags/example_setup_teardown_taskflow.py took 0.025 seconds
[2025-06-03T13:31:17.202+0000] {processor.py:161} INFO - Started process (PID=1620) to work on /home/airflow/.local/lib/python3.8/site-packages/airflow/example_dags/example_setup_teardown_taskflow.py
[2025-06-03T13:31:17.203+0000] {processor.py:830} INFO - Processing file /home/airflow/.local/lib/python3.8/site-packages/airflow/example_dags/example_setup_teardown_taskflow.py for tasks to queue
[2025-06-03T13:31:17.203+0000] {logging_mixin.py:188} INFO - [2025-06-03T13:31:17.203+0000] {dagbag.py:540} INFO - Filling up the DagBag from /home/airflow/.local/lib/python3.8/site-packages/airflow/example_dags/example_setup_teardown_taskflow.py
[2025-06-03T13:31:17.207+0000] {processor.py:840} INFO - DAG(s) 'example_setup_teardown_taskflow' retrieved from /home/airflow/.local/lib/python3.8/site-packages/airflow/example_dags/example_setup_teardown_taskflow.py
[2025-06-03T13:31:17.214+0000] {logging_mixin.py:188} INFO - [2025-06-03T13:31:17.214+0000] {dag.py:3047} INFO - Sync 1 DAGs
[2025-06-03T13:31:17.223+0000] {logging_mixin.py:188} INFO - [2025-06-03T13:31:17.223+0000] {dag.py:3834} INFO - Setting next_dagrun for example_setup_teardown_taskflow to 2025-06-02 00:00:00+00:00, run_after=2025-06-03 00:00:00+00:00
[2025-06-03T13:31:17.229+0000] {processor.py:183} INFO - Processing /home/airflow/.local/lib/python3.8/site-packages/airflow/example_dags/example_setup_teardown_taskflow.py took 0.028 seconds
[2025-06-03T13:31:47.520+0000] {processor.py:161} INFO - Started process (PID=1675) to work on /home/airflow/.local/lib/python3.8/site-packages/airflow/example_dags/example_setup_teardown_taskflow.py
[2025-06-03T13:31:47.521+0000] {processor.py:830} INFO - Processing file /home/airflow/.local/lib/python3.8/site-packages/airflow/example_dags/example_setup_teardown_taskflow.py for tasks to queue
[2025-06-03T13:31:47.521+0000] {logging_mixin.py:188} INFO - [2025-06-03T13:31:47.521+0000] {dagbag.py:540} INFO - Filling up the DagBag from /home/airflow/.local/lib/python3.8/site-packages/airflow/example_dags/example_setup_teardown_taskflow.py
[2025-06-03T13:31:47.525+0000] {processor.py:840} INFO - DAG(s) 'example_setup_teardown_taskflow' retrieved from /home/airflow/.local/lib/python3.8/site-packages/airflow/example_dags/example_setup_teardown_taskflow.py
[2025-06-03T13:31:47.533+0000] {logging_mixin.py:188} INFO - [2025-06-03T13:31:47.533+0000] {dag.py:3047} INFO - Sync 1 DAGs
[2025-06-03T13:31:47.540+0000] {logging_mixin.py:188} INFO - [2025-06-03T13:31:47.540+0000] {dag.py:3834} INFO - Setting next_dagrun for example_setup_teardown_taskflow to 2025-06-02 00:00:00+00:00, run_after=2025-06-03 00:00:00+00:00
[2025-06-03T13:31:47.546+0000] {processor.py:183} INFO - Processing /home/airflow/.local/lib/python3.8/site-packages/airflow/example_dags/example_setup_teardown_taskflow.py took 0.027 seconds
[2025-06-03T13:32:17.796+0000] {processor.py:161} INFO - Started process (PID=1730) to work on /home/airflow/.local/lib/python3.8/site-packages/airflow/example_dags/example_setup_teardown_taskflow.py
[2025-06-03T13:32:17.797+0000] {processor.py:830} INFO - Processing file /home/airflow/.local/lib/python3.8/site-packages/airflow/example_dags/example_setup_teardown_taskflow.py for tasks to queue
[2025-06-03T13:32:17.798+0000] {logging_mixin.py:188} INFO - [2025-06-03T13:32:17.798+0000] {dagbag.py:540} INFO - Filling up the DagBag from /home/airflow/.local/lib/python3.8/site-packages/airflow/example_dags/example_setup_teardown_taskflow.py
[2025-06-03T13:32:17.801+0000] {processor.py:840} INFO - DAG(s) 'example_setup_teardown_taskflow' retrieved from /home/airflow/.local/lib/python3.8/site-packages/airflow/example_dags/example_setup_teardown_taskflow.py
[2025-06-03T13:32:17.809+0000] {logging_mixin.py:188} INFO - [2025-06-03T13:32:17.809+0000] {dag.py:3047} INFO - Sync 1 DAGs
[2025-06-03T13:32:17.818+0000] {logging_mixin.py:188} INFO - [2025-06-03T13:32:17.818+0000] {dag.py:3834} INFO - Setting next_dagrun for example_setup_teardown_taskflow to 2025-06-02 00:00:00+00:00, run_after=2025-06-03 00:00:00+00:00
[2025-06-03T13:32:17.825+0000] {processor.py:183} INFO - Processing /home/airflow/.local/lib/python3.8/site-packages/airflow/example_dags/example_setup_teardown_taskflow.py took 0.030 seconds
[2025-06-03T13:32:48.099+0000] {processor.py:161} INFO - Started process (PID=1785) to work on /home/airflow/.local/lib/python3.8/site-packages/airflow/example_dags/example_setup_teardown_taskflow.py
[2025-06-03T13:32:48.099+0000] {processor.py:830} INFO - Processing file /home/airflow/.local/lib/python3.8/site-packages/airflow/example_dags/example_setup_teardown_taskflow.py for tasks to queue
[2025-06-03T13:32:48.100+0000] {logging_mixin.py:188} INFO - [2025-06-03T13:32:48.100+0000] {dagbag.py:540} INFO - Filling up the DagBag from /home/airflow/.local/lib/python3.8/site-packages/airflow/example_dags/example_setup_teardown_taskflow.py
[2025-06-03T13:32:48.103+0000] {processor.py:840} INFO - DAG(s) 'example_setup_teardown_taskflow' retrieved from /home/airflow/.local/lib/python3.8/site-packages/airflow/example_dags/example_setup_teardown_taskflow.py
[2025-06-03T13:32:48.111+0000] {logging_mixin.py:188} INFO - [2025-06-03T13:32:48.111+0000] {dag.py:3047} INFO - Sync 1 DAGs
[2025-06-03T13:32:48.118+0000] {logging_mixin.py:188} INFO - [2025-06-03T13:32:48.118+0000] {dag.py:3834} INFO - Setting next_dagrun for example_setup_teardown_taskflow to 2025-06-02 00:00:00+00:00, run_after=2025-06-03 00:00:00+00:00
[2025-06-03T13:32:48.123+0000] {processor.py:183} INFO - Processing /home/airflow/.local/lib/python3.8/site-packages/airflow/example_dags/example_setup_teardown_taskflow.py took 0.026 seconds
[2025-06-03T13:33:18.415+0000] {processor.py:161} INFO - Started process (PID=1840) to work on /home/airflow/.local/lib/python3.8/site-packages/airflow/example_dags/example_setup_teardown_taskflow.py
[2025-06-03T13:33:18.415+0000] {processor.py:830} INFO - Processing file /home/airflow/.local/lib/python3.8/site-packages/airflow/example_dags/example_setup_teardown_taskflow.py for tasks to queue
[2025-06-03T13:33:18.416+0000] {logging_mixin.py:188} INFO - [2025-06-03T13:33:18.416+0000] {dagbag.py:540} INFO - Filling up the DagBag from /home/airflow/.local/lib/python3.8/site-packages/airflow/example_dags/example_setup_teardown_taskflow.py
[2025-06-03T13:33:18.419+0000] {processor.py:840} INFO - DAG(s) 'example_setup_teardown_taskflow' retrieved from /home/airflow/.local/lib/python3.8/site-packages/airflow/example_dags/example_setup_teardown_taskflow.py
[2025-06-03T13:33:18.427+0000] {logging_mixin.py:188} INFO - [2025-06-03T13:33:18.427+0000] {dag.py:3047} INFO - Sync 1 DAGs
[2025-06-03T13:33:18.434+0000] {logging_mixin.py:188} INFO - [2025-06-03T13:33:18.434+0000] {dag.py:3834} INFO - Setting next_dagrun for example_setup_teardown_taskflow to 2025-06-02 00:00:00+00:00, run_after=2025-06-03 00:00:00+00:00
[2025-06-03T13:33:18.439+0000] {processor.py:183} INFO - Processing /home/airflow/.local/lib/python3.8/site-packages/airflow/example_dags/example_setup_teardown_taskflow.py took 0.025 seconds
[2025-06-03T13:33:48.671+0000] {processor.py:161} INFO - Started process (PID=1895) to work on /home/airflow/.local/lib/python3.8/site-packages/airflow/example_dags/example_setup_teardown_taskflow.py
[2025-06-03T13:33:48.672+0000] {processor.py:830} INFO - Processing file /home/airflow/.local/lib/python3.8/site-packages/airflow/example_dags/example_setup_teardown_taskflow.py for tasks to queue
[2025-06-03T13:33:48.672+0000] {logging_mixin.py:188} INFO - [2025-06-03T13:33:48.672+0000] {dagbag.py:540} INFO - Filling up the DagBag from /home/airflow/.local/lib/python3.8/site-packages/airflow/example_dags/example_setup_teardown_taskflow.py
[2025-06-03T13:33:48.676+0000] {processor.py:840} INFO - DAG(s) 'example_setup_teardown_taskflow' retrieved from /home/airflow/.local/lib/python3.8/site-packages/airflow/example_dags/example_setup_teardown_taskflow.py
[2025-06-03T13:33:48.685+0000] {logging_mixin.py:188} INFO - [2025-06-03T13:33:48.685+0000] {dag.py:3047} INFO - Sync 1 DAGs
[2025-06-03T13:33:48.693+0000] {logging_mixin.py:188} INFO - [2025-06-03T13:33:48.692+0000] {dag.py:3834} INFO - Setting next_dagrun for example_setup_teardown_taskflow to 2025-06-02 00:00:00+00:00, run_after=2025-06-03 00:00:00+00:00
[2025-06-03T13:33:48.699+0000] {processor.py:183} INFO - Processing /home/airflow/.local/lib/python3.8/site-packages/airflow/example_dags/example_setup_teardown_taskflow.py took 0.029 seconds
[2025-06-03T13:34:19.007+0000] {processor.py:161} INFO - Started process (PID=1950) to work on /home/airflow/.local/lib/python3.8/site-packages/airflow/example_dags/example_setup_teardown_taskflow.py
[2025-06-03T13:34:19.008+0000] {processor.py:830} INFO - Processing file /home/airflow/.local/lib/python3.8/site-packages/airflow/example_dags/example_setup_teardown_taskflow.py for tasks to queue
[2025-06-03T13:34:19.009+0000] {logging_mixin.py:188} INFO - [2025-06-03T13:34:19.009+0000] {dagbag.py:540} INFO - Filling up the DagBag from /home/airflow/.local/lib/python3.8/site-packages/airflow/example_dags/example_setup_teardown_taskflow.py
[2025-06-03T13:34:19.013+0000] {processor.py:840} INFO - DAG(s) 'example_setup_teardown_taskflow' retrieved from /home/airflow/.local/lib/python3.8/site-packages/airflow/example_dags/example_setup_teardown_taskflow.py
[2025-06-03T13:34:19.021+0000] {logging_mixin.py:188} INFO - [2025-06-03T13:34:19.021+0000] {dag.py:3047} INFO - Sync 1 DAGs
[2025-06-03T13:34:19.029+0000] {logging_mixin.py:188} INFO - [2025-06-03T13:34:19.029+0000] {dag.py:3834} INFO - Setting next_dagrun for example_setup_teardown_taskflow to 2025-06-02 00:00:00+00:00, run_after=2025-06-03 00:00:00+00:00
[2025-06-03T13:34:19.035+0000] {processor.py:183} INFO - Processing /home/airflow/.local/lib/python3.8/site-packages/airflow/example_dags/example_setup_teardown_taskflow.py took 0.029 seconds
[2025-06-03T13:34:49.333+0000] {processor.py:161} INFO - Started process (PID=2005) to work on /home/airflow/.local/lib/python3.8/site-packages/airflow/example_dags/example_setup_teardown_taskflow.py
[2025-06-03T13:34:49.334+0000] {processor.py:830} INFO - Processing file /home/airflow/.local/lib/python3.8/site-packages/airflow/example_dags/example_setup_teardown_taskflow.py for tasks to queue
[2025-06-03T13:34:49.334+0000] {logging_mixin.py:188} INFO - [2025-06-03T13:34:49.334+0000] {dagbag.py:540} INFO - Filling up the DagBag from /home/airflow/.local/lib/python3.8/site-packages/airflow/example_dags/example_setup_teardown_taskflow.py
[2025-06-03T13:34:49.338+0000] {processor.py:840} INFO - DAG(s) 'example_setup_teardown_taskflow' retrieved from /home/airflow/.local/lib/python3.8/site-packages/airflow/example_dags/example_setup_teardown_taskflow.py
[2025-06-03T13:34:49.346+0000] {logging_mixin.py:188} INFO - [2025-06-03T13:34:49.345+0000] {dag.py:3047} INFO - Sync 1 DAGs
[2025-06-03T13:34:49.354+0000] {logging_mixin.py:188} INFO - [2025-06-03T13:34:49.354+0000] {dag.py:3834} INFO - Setting next_dagrun for example_setup_teardown_taskflow to 2025-06-02 00:00:00+00:00, run_after=2025-06-03 00:00:00+00:00
[2025-06-03T13:34:49.360+0000] {processor.py:183} INFO - Processing /home/airflow/.local/lib/python3.8/site-packages/airflow/example_dags/example_setup_teardown_taskflow.py took 0.029 seconds
[2025-06-03T13:35:19.982+0000] {processor.py:161} INFO - Started process (PID=2060) to work on /home/airflow/.local/lib/python3.8/site-packages/airflow/example_dags/example_setup_teardown_taskflow.py
[2025-06-03T13:35:19.985+0000] {processor.py:830} INFO - Processing file /home/airflow/.local/lib/python3.8/site-packages/airflow/example_dags/example_setup_teardown_taskflow.py for tasks to queue
[2025-06-03T13:35:19.986+0000] {logging_mixin.py:188} INFO - [2025-06-03T13:35:19.986+0000] {dagbag.py:540} INFO - Filling up the DagBag from /home/airflow/.local/lib/python3.8/site-packages/airflow/example_dags/example_setup_teardown_taskflow.py
[2025-06-03T13:35:19.991+0000] {processor.py:840} INFO - DAG(s) 'example_setup_teardown_taskflow' retrieved from /home/airflow/.local/lib/python3.8/site-packages/airflow/example_dags/example_setup_teardown_taskflow.py
[2025-06-03T13:35:20.001+0000] {logging_mixin.py:188} INFO - [2025-06-03T13:35:20.001+0000] {dag.py:3047} INFO - Sync 1 DAGs
[2025-06-03T13:35:20.011+0000] {logging_mixin.py:188} INFO - [2025-06-03T13:35:20.011+0000] {dag.py:3834} INFO - Setting next_dagrun for example_setup_teardown_taskflow to 2025-06-02 00:00:00+00:00, run_after=2025-06-03 00:00:00+00:00
[2025-06-03T13:35:20.019+0000] {processor.py:183} INFO - Processing /home/airflow/.local/lib/python3.8/site-packages/airflow/example_dags/example_setup_teardown_taskflow.py took 0.039 seconds
[2025-06-03T13:35:50.359+0000] {processor.py:161} INFO - Started process (PID=2115) to work on /home/airflow/.local/lib/python3.8/site-packages/airflow/example_dags/example_setup_teardown_taskflow.py
[2025-06-03T13:35:50.359+0000] {processor.py:830} INFO - Processing file /home/airflow/.local/lib/python3.8/site-packages/airflow/example_dags/example_setup_teardown_taskflow.py for tasks to queue
[2025-06-03T13:35:50.360+0000] {logging_mixin.py:188} INFO - [2025-06-03T13:35:50.360+0000] {dagbag.py:540} INFO - Filling up the DagBag from /home/airflow/.local/lib/python3.8/site-packages/airflow/example_dags/example_setup_teardown_taskflow.py
[2025-06-03T13:35:50.364+0000] {processor.py:840} INFO - DAG(s) 'example_setup_teardown_taskflow' retrieved from /home/airflow/.local/lib/python3.8/site-packages/airflow/example_dags/example_setup_teardown_taskflow.py
[2025-06-03T13:35:50.372+0000] {logging_mixin.py:188} INFO - [2025-06-03T13:35:50.372+0000] {dag.py:3047} INFO - Sync 1 DAGs
[2025-06-03T13:35:50.380+0000] {logging_mixin.py:188} INFO - [2025-06-03T13:35:50.379+0000] {dag.py:3834} INFO - Setting next_dagrun for example_setup_teardown_taskflow to 2025-06-02 00:00:00+00:00, run_after=2025-06-03 00:00:00+00:00
[2025-06-03T13:35:50.386+0000] {processor.py:183} INFO - Processing /home/airflow/.local/lib/python3.8/site-packages/airflow/example_dags/example_setup_teardown_taskflow.py took 0.028 seconds
[2025-06-03T13:36:20.647+0000] {processor.py:161} INFO - Started process (PID=2170) to work on /home/airflow/.local/lib/python3.8/site-packages/airflow/example_dags/example_setup_teardown_taskflow.py
[2025-06-03T13:36:20.649+0000] {processor.py:830} INFO - Processing file /home/airflow/.local/lib/python3.8/site-packages/airflow/example_dags/example_setup_teardown_taskflow.py for tasks to queue
[2025-06-03T13:36:20.650+0000] {logging_mixin.py:188} INFO - [2025-06-03T13:36:20.650+0000] {dagbag.py:540} INFO - Filling up the DagBag from /home/airflow/.local/lib/python3.8/site-packages/airflow/example_dags/example_setup_teardown_taskflow.py
[2025-06-03T13:36:20.655+0000] {processor.py:840} INFO - DAG(s) 'example_setup_teardown_taskflow' retrieved from /home/airflow/.local/lib/python3.8/site-packages/airflow/example_dags/example_setup_teardown_taskflow.py
[2025-06-03T13:36:20.663+0000] {logging_mixin.py:188} INFO - [2025-06-03T13:36:20.663+0000] {dag.py:3047} INFO - Sync 1 DAGs
[2025-06-03T13:36:20.671+0000] {logging_mixin.py:188} INFO - [2025-06-03T13:36:20.671+0000] {dag.py:3834} INFO - Setting next_dagrun for example_setup_teardown_taskflow to 2025-06-02 00:00:00+00:00, run_after=2025-06-03 00:00:00+00:00
[2025-06-03T13:36:20.677+0000] {processor.py:183} INFO - Processing /home/airflow/.local/lib/python3.8/site-packages/airflow/example_dags/example_setup_teardown_taskflow.py took 0.032 seconds
[2025-06-03T13:36:51.028+0000] {processor.py:161} INFO - Started process (PID=2225) to work on /home/airflow/.local/lib/python3.8/site-packages/airflow/example_dags/example_setup_teardown_taskflow.py
[2025-06-03T13:36:51.028+0000] {processor.py:830} INFO - Processing file /home/airflow/.local/lib/python3.8/site-packages/airflow/example_dags/example_setup_teardown_taskflow.py for tasks to queue
[2025-06-03T13:36:51.029+0000] {logging_mixin.py:188} INFO - [2025-06-03T13:36:51.029+0000] {dagbag.py:540} INFO - Filling up the DagBag from /home/airflow/.local/lib/python3.8/site-packages/airflow/example_dags/example_setup_teardown_taskflow.py
[2025-06-03T13:36:51.032+0000] {processor.py:840} INFO - DAG(s) 'example_setup_teardown_taskflow' retrieved from /home/airflow/.local/lib/python3.8/site-packages/airflow/example_dags/example_setup_teardown_taskflow.py
[2025-06-03T13:36:51.041+0000] {logging_mixin.py:188} INFO - [2025-06-03T13:36:51.041+0000] {dag.py:3047} INFO - Sync 1 DAGs
[2025-06-03T13:36:51.049+0000] {logging_mixin.py:188} INFO - [2025-06-03T13:36:51.049+0000] {dag.py:3834} INFO - Setting next_dagrun for example_setup_teardown_taskflow to 2025-06-02 00:00:00+00:00, run_after=2025-06-03 00:00:00+00:00
[2025-06-03T13:36:51.055+0000] {processor.py:183} INFO - Processing /home/airflow/.local/lib/python3.8/site-packages/airflow/example_dags/example_setup_teardown_taskflow.py took 0.029 seconds
[2025-06-03T13:37:21.402+0000] {processor.py:161} INFO - Started process (PID=2280) to work on /home/airflow/.local/lib/python3.8/site-packages/airflow/example_dags/example_setup_teardown_taskflow.py
[2025-06-03T13:37:21.404+0000] {processor.py:830} INFO - Processing file /home/airflow/.local/lib/python3.8/site-packages/airflow/example_dags/example_setup_teardown_taskflow.py for tasks to queue
[2025-06-03T13:37:21.404+0000] {logging_mixin.py:188} INFO - [2025-06-03T13:37:21.404+0000] {dagbag.py:540} INFO - Filling up the DagBag from /home/airflow/.local/lib/python3.8/site-packages/airflow/example_dags/example_setup_teardown_taskflow.py
[2025-06-03T13:37:21.409+0000] {processor.py:840} INFO - DAG(s) 'example_setup_teardown_taskflow' retrieved from /home/airflow/.local/lib/python3.8/site-packages/airflow/example_dags/example_setup_teardown_taskflow.py
[2025-06-03T13:37:21.417+0000] {logging_mixin.py:188} INFO - [2025-06-03T13:37:21.417+0000] {dag.py:3047} INFO - Sync 1 DAGs
[2025-06-03T13:37:21.424+0000] {logging_mixin.py:188} INFO - [2025-06-03T13:37:21.424+0000] {dag.py:3834} INFO - Setting next_dagrun for example_setup_teardown_taskflow to 2025-06-02 00:00:00+00:00, run_after=2025-06-03 00:00:00+00:00
[2025-06-03T13:37:21.430+0000] {processor.py:183} INFO - Processing /home/airflow/.local/lib/python3.8/site-packages/airflow/example_dags/example_setup_teardown_taskflow.py took 0.029 seconds
[2025-06-03T13:37:52.048+0000] {processor.py:161} INFO - Started process (PID=2335) to work on /home/airflow/.local/lib/python3.8/site-packages/airflow/example_dags/example_setup_teardown_taskflow.py
[2025-06-03T13:37:52.049+0000] {processor.py:830} INFO - Processing file /home/airflow/.local/lib/python3.8/site-packages/airflow/example_dags/example_setup_teardown_taskflow.py for tasks to queue
[2025-06-03T13:37:52.049+0000] {logging_mixin.py:188} INFO - [2025-06-03T13:37:52.049+0000] {dagbag.py:540} INFO - Filling up the DagBag from /home/airflow/.local/lib/python3.8/site-packages/airflow/example_dags/example_setup_teardown_taskflow.py
[2025-06-03T13:37:52.053+0000] {processor.py:840} INFO - DAG(s) 'example_setup_teardown_taskflow' retrieved from /home/airflow/.local/lib/python3.8/site-packages/airflow/example_dags/example_setup_teardown_taskflow.py
[2025-06-03T13:37:52.068+0000] {logging_mixin.py:188} INFO - [2025-06-03T13:37:52.068+0000] {dag.py:3047} INFO - Sync 1 DAGs
[2025-06-03T13:37:52.081+0000] {logging_mixin.py:188} INFO - [2025-06-03T13:37:52.081+0000] {dag.py:3834} INFO - Setting next_dagrun for example_setup_teardown_taskflow to 2025-06-02 00:00:00+00:00, run_after=2025-06-03 00:00:00+00:00
[2025-06-03T13:37:52.087+0000] {processor.py:183} INFO - Processing /home/airflow/.local/lib/python3.8/site-packages/airflow/example_dags/example_setup_teardown_taskflow.py took 0.041 seconds
[2025-06-03T13:38:23.087+0000] {processor.py:161} INFO - Started process (PID=2390) to work on /home/airflow/.local/lib/python3.8/site-packages/airflow/example_dags/example_setup_teardown_taskflow.py
[2025-06-03T13:38:23.088+0000] {processor.py:830} INFO - Processing file /home/airflow/.local/lib/python3.8/site-packages/airflow/example_dags/example_setup_teardown_taskflow.py for tasks to queue
[2025-06-03T13:38:23.089+0000] {logging_mixin.py:188} INFO - [2025-06-03T13:38:23.089+0000] {dagbag.py:540} INFO - Filling up the DagBag from /home/airflow/.local/lib/python3.8/site-packages/airflow/example_dags/example_setup_teardown_taskflow.py
[2025-06-03T13:38:23.093+0000] {processor.py:840} INFO - DAG(s) 'example_setup_teardown_taskflow' retrieved from /home/airflow/.local/lib/python3.8/site-packages/airflow/example_dags/example_setup_teardown_taskflow.py
[2025-06-03T13:38:23.104+0000] {logging_mixin.py:188} INFO - [2025-06-03T13:38:23.104+0000] {dag.py:3047} INFO - Sync 1 DAGs
[2025-06-03T13:38:23.115+0000] {logging_mixin.py:188} INFO - [2025-06-03T13:38:23.115+0000] {dag.py:3834} INFO - Setting next_dagrun for example_setup_teardown_taskflow to 2025-06-02 00:00:00+00:00, run_after=2025-06-03 00:00:00+00:00
[2025-06-03T13:38:23.127+0000] {processor.py:183} INFO - Processing /home/airflow/.local/lib/python3.8/site-packages/airflow/example_dags/example_setup_teardown_taskflow.py took 0.041 seconds
[2025-06-03T13:38:53.660+0000] {processor.py:161} INFO - Started process (PID=2445) to work on /home/airflow/.local/lib/python3.8/site-packages/airflow/example_dags/example_setup_teardown_taskflow.py
[2025-06-03T13:38:53.661+0000] {processor.py:830} INFO - Processing file /home/airflow/.local/lib/python3.8/site-packages/airflow/example_dags/example_setup_teardown_taskflow.py for tasks to queue
[2025-06-03T13:38:53.663+0000] {logging_mixin.py:188} INFO - [2025-06-03T13:38:53.662+0000] {dagbag.py:540} INFO - Filling up the DagBag from /home/airflow/.local/lib/python3.8/site-packages/airflow/example_dags/example_setup_teardown_taskflow.py
[2025-06-03T13:38:53.669+0000] {processor.py:840} INFO - DAG(s) 'example_setup_teardown_taskflow' retrieved from /home/airflow/.local/lib/python3.8/site-packages/airflow/example_dags/example_setup_teardown_taskflow.py
[2025-06-03T13:38:53.683+0000] {logging_mixin.py:188} INFO - [2025-06-03T13:38:53.683+0000] {dag.py:3047} INFO - Sync 1 DAGs
[2025-06-03T13:38:53.696+0000] {logging_mixin.py:188} INFO - [2025-06-03T13:38:53.696+0000] {dag.py:3834} INFO - Setting next_dagrun for example_setup_teardown_taskflow to 2025-06-02 00:00:00+00:00, run_after=2025-06-03 00:00:00+00:00
[2025-06-03T13:38:53.708+0000] {processor.py:183} INFO - Processing /home/airflow/.local/lib/python3.8/site-packages/airflow/example_dags/example_setup_teardown_taskflow.py took 0.049 seconds
[2025-06-03T13:39:24.712+0000] {processor.py:161} INFO - Started process (PID=2500) to work on /home/airflow/.local/lib/python3.8/site-packages/airflow/example_dags/example_setup_teardown_taskflow.py
[2025-06-03T13:39:24.713+0000] {processor.py:830} INFO - Processing file /home/airflow/.local/lib/python3.8/site-packages/airflow/example_dags/example_setup_teardown_taskflow.py for tasks to queue
[2025-06-03T13:39:24.713+0000] {logging_mixin.py:188} INFO - [2025-06-03T13:39:24.713+0000] {dagbag.py:540} INFO - Filling up the DagBag from /home/airflow/.local/lib/python3.8/site-packages/airflow/example_dags/example_setup_teardown_taskflow.py
[2025-06-03T13:39:24.718+0000] {processor.py:840} INFO - DAG(s) 'example_setup_teardown_taskflow' retrieved from /home/airflow/.local/lib/python3.8/site-packages/airflow/example_dags/example_setup_teardown_taskflow.py
[2025-06-03T13:39:24.727+0000] {logging_mixin.py:188} INFO - [2025-06-03T13:39:24.727+0000] {dag.py:3047} INFO - Sync 1 DAGs
[2025-06-03T13:39:24.737+0000] {logging_mixin.py:188} INFO - [2025-06-03T13:39:24.737+0000] {dag.py:3834} INFO - Setting next_dagrun for example_setup_teardown_taskflow to 2025-06-02 00:00:00+00:00, run_after=2025-06-03 00:00:00+00:00
[2025-06-03T13:39:24.745+0000] {processor.py:183} INFO - Processing /home/airflow/.local/lib/python3.8/site-packages/airflow/example_dags/example_setup_teardown_taskflow.py took 0.035 seconds
[2025-06-03T13:39:55.587+0000] {processor.py:161} INFO - Started process (PID=2555) to work on /home/airflow/.local/lib/python3.8/site-packages/airflow/example_dags/example_setup_teardown_taskflow.py
[2025-06-03T13:39:55.589+0000] {processor.py:830} INFO - Processing file /home/airflow/.local/lib/python3.8/site-packages/airflow/example_dags/example_setup_teardown_taskflow.py for tasks to queue
[2025-06-03T13:39:55.590+0000] {logging_mixin.py:188} INFO - [2025-06-03T13:39:55.590+0000] {dagbag.py:540} INFO - Filling up the DagBag from /home/airflow/.local/lib/python3.8/site-packages/airflow/example_dags/example_setup_teardown_taskflow.py
[2025-06-03T13:39:55.595+0000] {processor.py:840} INFO - DAG(s) 'example_setup_teardown_taskflow' retrieved from /home/airflow/.local/lib/python3.8/site-packages/airflow/example_dags/example_setup_teardown_taskflow.py
[2025-06-03T13:39:55.605+0000] {logging_mixin.py:188} INFO - [2025-06-03T13:39:55.605+0000] {dag.py:3047} INFO - Sync 1 DAGs
[2025-06-03T13:39:55.614+0000] {logging_mixin.py:188} INFO - [2025-06-03T13:39:55.614+0000] {dag.py:3834} INFO - Setting next_dagrun for example_setup_teardown_taskflow to 2025-06-02 00:00:00+00:00, run_after=2025-06-03 00:00:00+00:00
[2025-06-03T13:39:55.624+0000] {processor.py:183} INFO - Processing /home/airflow/.local/lib/python3.8/site-packages/airflow/example_dags/example_setup_teardown_taskflow.py took 0.038 seconds
[2025-06-03T13:40:26.450+0000] {processor.py:161} INFO - Started process (PID=2611) to work on /home/airflow/.local/lib/python3.8/site-packages/airflow/example_dags/example_setup_teardown_taskflow.py
[2025-06-03T13:40:26.452+0000] {processor.py:830} INFO - Processing file /home/airflow/.local/lib/python3.8/site-packages/airflow/example_dags/example_setup_teardown_taskflow.py for tasks to queue
[2025-06-03T13:40:26.454+0000] {logging_mixin.py:188} INFO - [2025-06-03T13:40:26.454+0000] {dagbag.py:540} INFO - Filling up the DagBag from /home/airflow/.local/lib/python3.8/site-packages/airflow/example_dags/example_setup_teardown_taskflow.py
[2025-06-03T13:40:26.458+0000] {processor.py:840} INFO - DAG(s) 'example_setup_teardown_taskflow' retrieved from /home/airflow/.local/lib/python3.8/site-packages/airflow/example_dags/example_setup_teardown_taskflow.py
[2025-06-03T13:40:26.479+0000] {logging_mixin.py:188} INFO - [2025-06-03T13:40:26.479+0000] {dag.py:3047} INFO - Sync 1 DAGs
[2025-06-03T13:40:26.494+0000] {logging_mixin.py:188} INFO - [2025-06-03T13:40:26.494+0000] {dag.py:3834} INFO - Setting next_dagrun for example_setup_teardown_taskflow to 2025-06-02 00:00:00+00:00, run_after=2025-06-03 00:00:00+00:00
[2025-06-03T13:40:26.504+0000] {processor.py:183} INFO - Processing /home/airflow/.local/lib/python3.8/site-packages/airflow/example_dags/example_setup_teardown_taskflow.py took 0.057 seconds
