[2025-06-03T13:16:57.019+0000] {processor.py:161} INFO - Started process (PID=40) to work on /home/airflow/.local/lib/python3.8/site-packages/airflow/example_dags/example_branch_labels.py
[2025-06-03T13:16:57.023+0000] {processor.py:830} INFO - Processing file /home/airflow/.local/lib/python3.8/site-packages/airflow/example_dags/example_branch_labels.py for tasks to queue
[2025-06-03T13:16:57.025+0000] {logging_mixin.py:188} INFO - [2025-06-03T13:16:57.025+0000] {dagbag.py:540} INFO - Filling up the DagBag from /home/airflow/.local/lib/python3.8/site-packages/airflow/example_dags/example_branch_labels.py
[2025-06-03T13:16:57.064+0000] {processor.py:840} INFO - DAG(s) 'example_branch_labels' retrieved from /home/airflow/.local/lib/python3.8/site-packages/airflow/example_dags/example_branch_labels.py
[2025-06-03T13:16:57.096+0000] {logging_mixin.py:188} INFO - [2025-06-03T13:16:57.096+0000] {dag.py:3047} INFO - Sync 1 DAGs
[2025-06-03T13:16:57.116+0000] {logging_mixin.py:188} INFO - [2025-06-03T13:16:57.116+0000] {dag.py:3834} INFO - Setting next_dagrun for example_branch_labels to 2025-06-02 00:00:00+00:00, run_after=2025-06-03 00:00:00+00:00
[2025-06-03T13:16:57.136+0000] {processor.py:183} INFO - Processing /home/airflow/.local/lib/python3.8/site-packages/airflow/example_dags/example_branch_labels.py took 0.122 seconds
[2025-06-03T13:17:27.512+0000] {processor.py:161} INFO - Started process (PID=95) to work on /home/airflow/.local/lib/python3.8/site-packages/airflow/example_dags/example_branch_labels.py
[2025-06-03T13:17:27.515+0000] {processor.py:830} INFO - Processing file /home/airflow/.local/lib/python3.8/site-packages/airflow/example_dags/example_branch_labels.py for tasks to queue
[2025-06-03T13:17:27.520+0000] {logging_mixin.py:188} INFO - [2025-06-03T13:17:27.519+0000] {dagbag.py:540} INFO - Filling up the DagBag from /home/airflow/.local/lib/python3.8/site-packages/airflow/example_dags/example_branch_labels.py
[2025-06-03T13:17:27.534+0000] {processor.py:840} INFO - DAG(s) 'example_branch_labels' retrieved from /home/airflow/.local/lib/python3.8/site-packages/airflow/example_dags/example_branch_labels.py
[2025-06-03T13:17:27.655+0000] {logging_mixin.py:188} INFO - [2025-06-03T13:17:27.655+0000] {dag.py:3047} INFO - Sync 1 DAGs
[2025-06-03T13:17:27.666+0000] {logging_mixin.py:188} INFO - [2025-06-03T13:17:27.665+0000] {dag.py:3834} INFO - Setting next_dagrun for example_branch_labels to 2025-06-02 00:00:00+00:00, run_after=2025-06-03 00:00:00+00:00
[2025-06-03T13:17:27.674+0000] {processor.py:183} INFO - Processing /home/airflow/.local/lib/python3.8/site-packages/airflow/example_dags/example_branch_labels.py took 0.171 seconds
[2025-06-03T13:17:57.928+0000] {processor.py:161} INFO - Started process (PID=150) to work on /home/airflow/.local/lib/python3.8/site-packages/airflow/example_dags/example_branch_labels.py
[2025-06-03T13:17:57.929+0000] {processor.py:830} INFO - Processing file /home/airflow/.local/lib/python3.8/site-packages/airflow/example_dags/example_branch_labels.py for tasks to queue
[2025-06-03T13:17:57.932+0000] {logging_mixin.py:188} INFO - [2025-06-03T13:17:57.931+0000] {dagbag.py:540} INFO - Filling up the DagBag from /home/airflow/.local/lib/python3.8/site-packages/airflow/example_dags/example_branch_labels.py
[2025-06-03T13:17:57.939+0000] {processor.py:840} INFO - DAG(s) 'example_branch_labels' retrieved from /home/airflow/.local/lib/python3.8/site-packages/airflow/example_dags/example_branch_labels.py
[2025-06-03T13:17:57.956+0000] {logging_mixin.py:188} INFO - [2025-06-03T13:17:57.956+0000] {dag.py:3047} INFO - Sync 1 DAGs
[2025-06-03T13:17:57.970+0000] {logging_mixin.py:188} INFO - [2025-06-03T13:17:57.970+0000] {dag.py:3834} INFO - Setting next_dagrun for example_branch_labels to 2025-06-02 00:00:00+00:00, run_after=2025-06-03 00:00:00+00:00
[2025-06-03T13:17:57.977+0000] {processor.py:183} INFO - Processing /home/airflow/.local/lib/python3.8/site-packages/airflow/example_dags/example_branch_labels.py took 0.053 seconds
[2025-06-03T13:18:28.438+0000] {processor.py:161} INFO - Started process (PID=205) to work on /home/airflow/.local/lib/python3.8/site-packages/airflow/example_dags/example_branch_labels.py
[2025-06-03T13:18:28.439+0000] {processor.py:830} INFO - Processing file /home/airflow/.local/lib/python3.8/site-packages/airflow/example_dags/example_branch_labels.py for tasks to queue
[2025-06-03T13:18:28.442+0000] {logging_mixin.py:188} INFO - [2025-06-03T13:18:28.442+0000] {dagbag.py:540} INFO - Filling up the DagBag from /home/airflow/.local/lib/python3.8/site-packages/airflow/example_dags/example_branch_labels.py
[2025-06-03T13:18:28.450+0000] {processor.py:840} INFO - DAG(s) 'example_branch_labels' retrieved from /home/airflow/.local/lib/python3.8/site-packages/airflow/example_dags/example_branch_labels.py
[2025-06-03T13:18:28.471+0000] {logging_mixin.py:188} INFO - [2025-06-03T13:18:28.470+0000] {dag.py:3047} INFO - Sync 1 DAGs
[2025-06-03T13:18:28.490+0000] {logging_mixin.py:188} INFO - [2025-06-03T13:18:28.490+0000] {dag.py:3834} INFO - Setting next_dagrun for example_branch_labels to 2025-06-02 00:00:00+00:00, run_after=2025-06-03 00:00:00+00:00
[2025-06-03T13:18:28.501+0000] {processor.py:183} INFO - Processing /home/airflow/.local/lib/python3.8/site-packages/airflow/example_dags/example_branch_labels.py took 0.066 seconds
[2025-06-03T13:18:59.108+0000] {processor.py:161} INFO - Started process (PID=260) to work on /home/airflow/.local/lib/python3.8/site-packages/airflow/example_dags/example_branch_labels.py
[2025-06-03T13:18:59.109+0000] {processor.py:830} INFO - Processing file /home/airflow/.local/lib/python3.8/site-packages/airflow/example_dags/example_branch_labels.py for tasks to queue
[2025-06-03T13:18:59.112+0000] {logging_mixin.py:188} INFO - [2025-06-03T13:18:59.112+0000] {dagbag.py:540} INFO - Filling up the DagBag from /home/airflow/.local/lib/python3.8/site-packages/airflow/example_dags/example_branch_labels.py
[2025-06-03T13:18:59.124+0000] {processor.py:840} INFO - DAG(s) 'example_branch_labels' retrieved from /home/airflow/.local/lib/python3.8/site-packages/airflow/example_dags/example_branch_labels.py
[2025-06-03T13:18:59.142+0000] {logging_mixin.py:188} INFO - [2025-06-03T13:18:59.142+0000] {dag.py:3047} INFO - Sync 1 DAGs
[2025-06-03T13:18:59.158+0000] {logging_mixin.py:188} INFO - [2025-06-03T13:18:59.158+0000] {dag.py:3834} INFO - Setting next_dagrun for example_branch_labels to 2025-06-02 00:00:00+00:00, run_after=2025-06-03 00:00:00+00:00
[2025-06-03T13:18:59.168+0000] {processor.py:183} INFO - Processing /home/airflow/.local/lib/python3.8/site-packages/airflow/example_dags/example_branch_labels.py took 0.067 seconds
[2025-06-03T13:19:29.598+0000] {processor.py:161} INFO - Started process (PID=321) to work on /home/airflow/.local/lib/python3.8/site-packages/airflow/example_dags/example_branch_labels.py
[2025-06-03T13:19:29.602+0000] {processor.py:830} INFO - Processing file /home/airflow/.local/lib/python3.8/site-packages/airflow/example_dags/example_branch_labels.py for tasks to queue
[2025-06-03T13:19:29.607+0000] {logging_mixin.py:188} INFO - [2025-06-03T13:19:29.607+0000] {dagbag.py:540} INFO - Filling up the DagBag from /home/airflow/.local/lib/python3.8/site-packages/airflow/example_dags/example_branch_labels.py
[2025-06-03T13:19:29.624+0000] {processor.py:840} INFO - DAG(s) 'example_branch_labels' retrieved from /home/airflow/.local/lib/python3.8/site-packages/airflow/example_dags/example_branch_labels.py
[2025-06-03T13:19:29.659+0000] {logging_mixin.py:188} INFO - [2025-06-03T13:19:29.659+0000] {dag.py:3047} INFO - Sync 1 DAGs
[2025-06-03T13:19:29.680+0000] {logging_mixin.py:188} INFO - [2025-06-03T13:19:29.679+0000] {dag.py:3834} INFO - Setting next_dagrun for example_branch_labels to 2025-06-02 00:00:00+00:00, run_after=2025-06-03 00:00:00+00:00
[2025-06-03T13:19:29.692+0000] {processor.py:183} INFO - Processing /home/airflow/.local/lib/python3.8/site-packages/airflow/example_dags/example_branch_labels.py took 0.100 seconds
[2025-06-03T13:20:00.290+0000] {processor.py:161} INFO - Started process (PID=376) to work on /home/airflow/.local/lib/python3.8/site-packages/airflow/example_dags/example_branch_labels.py
[2025-06-03T13:20:00.292+0000] {processor.py:830} INFO - Processing file /home/airflow/.local/lib/python3.8/site-packages/airflow/example_dags/example_branch_labels.py for tasks to queue
[2025-06-03T13:20:00.296+0000] {logging_mixin.py:188} INFO - [2025-06-03T13:20:00.295+0000] {dagbag.py:540} INFO - Filling up the DagBag from /home/airflow/.local/lib/python3.8/site-packages/airflow/example_dags/example_branch_labels.py
[2025-06-03T13:20:00.309+0000] {processor.py:840} INFO - DAG(s) 'example_branch_labels' retrieved from /home/airflow/.local/lib/python3.8/site-packages/airflow/example_dags/example_branch_labels.py
[2025-06-03T13:20:00.331+0000] {logging_mixin.py:188} INFO - [2025-06-03T13:20:00.331+0000] {dag.py:3047} INFO - Sync 1 DAGs
[2025-06-03T13:20:00.348+0000] {logging_mixin.py:188} INFO - [2025-06-03T13:20:00.348+0000] {dag.py:3834} INFO - Setting next_dagrun for example_branch_labels to 2025-06-02 00:00:00+00:00, run_after=2025-06-03 00:00:00+00:00
[2025-06-03T13:20:00.358+0000] {processor.py:183} INFO - Processing /home/airflow/.local/lib/python3.8/site-packages/airflow/example_dags/example_branch_labels.py took 0.081 seconds
[2025-06-03T13:20:31.095+0000] {processor.py:161} INFO - Started process (PID=431) to work on /home/airflow/.local/lib/python3.8/site-packages/airflow/example_dags/example_branch_labels.py
[2025-06-03T13:20:31.098+0000] {processor.py:830} INFO - Processing file /home/airflow/.local/lib/python3.8/site-packages/airflow/example_dags/example_branch_labels.py for tasks to queue
[2025-06-03T13:20:31.101+0000] {logging_mixin.py:188} INFO - [2025-06-03T13:20:31.101+0000] {dagbag.py:540} INFO - Filling up the DagBag from /home/airflow/.local/lib/python3.8/site-packages/airflow/example_dags/example_branch_labels.py
[2025-06-03T13:20:31.114+0000] {processor.py:840} INFO - DAG(s) 'example_branch_labels' retrieved from /home/airflow/.local/lib/python3.8/site-packages/airflow/example_dags/example_branch_labels.py
[2025-06-03T13:20:31.134+0000] {logging_mixin.py:188} INFO - [2025-06-03T13:20:31.134+0000] {dag.py:3047} INFO - Sync 1 DAGs
[2025-06-03T13:20:31.147+0000] {logging_mixin.py:188} INFO - [2025-06-03T13:20:31.146+0000] {dag.py:3834} INFO - Setting next_dagrun for example_branch_labels to 2025-06-02 00:00:00+00:00, run_after=2025-06-03 00:00:00+00:00
[2025-06-03T13:20:31.157+0000] {processor.py:183} INFO - Processing /home/airflow/.local/lib/python3.8/site-packages/airflow/example_dags/example_branch_labels.py took 0.073 seconds
[2025-06-03T13:21:01.799+0000] {processor.py:161} INFO - Started process (PID=486) to work on /home/airflow/.local/lib/python3.8/site-packages/airflow/example_dags/example_branch_labels.py
[2025-06-03T13:21:01.802+0000] {processor.py:830} INFO - Processing file /home/airflow/.local/lib/python3.8/site-packages/airflow/example_dags/example_branch_labels.py for tasks to queue
[2025-06-03T13:21:01.812+0000] {logging_mixin.py:188} INFO - [2025-06-03T13:21:01.811+0000] {dagbag.py:540} INFO - Filling up the DagBag from /home/airflow/.local/lib/python3.8/site-packages/airflow/example_dags/example_branch_labels.py
[2025-06-03T13:21:01.829+0000] {processor.py:840} INFO - DAG(s) 'example_branch_labels' retrieved from /home/airflow/.local/lib/python3.8/site-packages/airflow/example_dags/example_branch_labels.py
[2025-06-03T13:21:01.860+0000] {logging_mixin.py:188} INFO - [2025-06-03T13:21:01.860+0000] {dag.py:3047} INFO - Sync 1 DAGs
[2025-06-03T13:21:01.886+0000] {logging_mixin.py:188} INFO - [2025-06-03T13:21:01.885+0000] {dag.py:3834} INFO - Setting next_dagrun for example_branch_labels to 2025-06-02 00:00:00+00:00, run_after=2025-06-03 00:00:00+00:00
[2025-06-03T13:21:01.897+0000] {processor.py:183} INFO - Processing /home/airflow/.local/lib/python3.8/site-packages/airflow/example_dags/example_branch_labels.py took 0.110 seconds
[2025-06-03T13:21:32.701+0000] {processor.py:161} INFO - Started process (PID=541) to work on /home/airflow/.local/lib/python3.8/site-packages/airflow/example_dags/example_branch_labels.py
[2025-06-03T13:21:32.707+0000] {processor.py:830} INFO - Processing file /home/airflow/.local/lib/python3.8/site-packages/airflow/example_dags/example_branch_labels.py for tasks to queue
[2025-06-03T13:21:32.712+0000] {logging_mixin.py:188} INFO - [2025-06-03T13:21:32.712+0000] {dagbag.py:540} INFO - Filling up the DagBag from /home/airflow/.local/lib/python3.8/site-packages/airflow/example_dags/example_branch_labels.py
[2025-06-03T13:21:32.726+0000] {processor.py:840} INFO - DAG(s) 'example_branch_labels' retrieved from /home/airflow/.local/lib/python3.8/site-packages/airflow/example_dags/example_branch_labels.py
[2025-06-03T13:21:32.751+0000] {logging_mixin.py:188} INFO - [2025-06-03T13:21:32.750+0000] {dag.py:3047} INFO - Sync 1 DAGs
[2025-06-03T13:21:32.768+0000] {logging_mixin.py:188} INFO - [2025-06-03T13:21:32.768+0000] {dag.py:3834} INFO - Setting next_dagrun for example_branch_labels to 2025-06-02 00:00:00+00:00, run_after=2025-06-03 00:00:00+00:00
[2025-06-03T13:21:32.778+0000] {processor.py:183} INFO - Processing /home/airflow/.local/lib/python3.8/site-packages/airflow/example_dags/example_branch_labels.py took 0.083 seconds
[2025-06-03T13:22:03.599+0000] {processor.py:161} INFO - Started process (PID=596) to work on /home/airflow/.local/lib/python3.8/site-packages/airflow/example_dags/example_branch_labels.py
[2025-06-03T13:22:03.606+0000] {processor.py:830} INFO - Processing file /home/airflow/.local/lib/python3.8/site-packages/airflow/example_dags/example_branch_labels.py for tasks to queue
[2025-06-03T13:22:03.614+0000] {logging_mixin.py:188} INFO - [2025-06-03T13:22:03.613+0000] {dagbag.py:540} INFO - Filling up the DagBag from /home/airflow/.local/lib/python3.8/site-packages/airflow/example_dags/example_branch_labels.py
[2025-06-03T13:22:03.629+0000] {processor.py:840} INFO - DAG(s) 'example_branch_labels' retrieved from /home/airflow/.local/lib/python3.8/site-packages/airflow/example_dags/example_branch_labels.py
[2025-06-03T13:22:03.660+0000] {logging_mixin.py:188} INFO - [2025-06-03T13:22:03.660+0000] {dag.py:3047} INFO - Sync 1 DAGs
[2025-06-03T13:22:03.676+0000] {logging_mixin.py:188} INFO - [2025-06-03T13:22:03.676+0000] {dag.py:3834} INFO - Setting next_dagrun for example_branch_labels to 2025-06-02 00:00:00+00:00, run_after=2025-06-03 00:00:00+00:00
[2025-06-03T13:22:03.686+0000] {processor.py:183} INFO - Processing /home/airflow/.local/lib/python3.8/site-packages/airflow/example_dags/example_branch_labels.py took 0.100 seconds
[2025-06-03T13:22:34.650+0000] {processor.py:161} INFO - Started process (PID=651) to work on /home/airflow/.local/lib/python3.8/site-packages/airflow/example_dags/example_branch_labels.py
[2025-06-03T13:22:34.652+0000] {processor.py:830} INFO - Processing file /home/airflow/.local/lib/python3.8/site-packages/airflow/example_dags/example_branch_labels.py for tasks to queue
[2025-06-03T13:22:34.655+0000] {logging_mixin.py:188} INFO - [2025-06-03T13:22:34.654+0000] {dagbag.py:540} INFO - Filling up the DagBag from /home/airflow/.local/lib/python3.8/site-packages/airflow/example_dags/example_branch_labels.py
[2025-06-03T13:22:34.672+0000] {processor.py:840} INFO - DAG(s) 'example_branch_labels' retrieved from /home/airflow/.local/lib/python3.8/site-packages/airflow/example_dags/example_branch_labels.py
[2025-06-03T13:22:34.701+0000] {logging_mixin.py:188} INFO - [2025-06-03T13:22:34.701+0000] {dag.py:3047} INFO - Sync 1 DAGs
[2025-06-03T13:22:34.716+0000] {logging_mixin.py:188} INFO - [2025-06-03T13:22:34.716+0000] {dag.py:3834} INFO - Setting next_dagrun for example_branch_labels to 2025-06-02 00:00:00+00:00, run_after=2025-06-03 00:00:00+00:00
[2025-06-03T13:22:34.724+0000] {processor.py:183} INFO - Processing /home/airflow/.local/lib/python3.8/site-packages/airflow/example_dags/example_branch_labels.py took 0.082 seconds
[2025-06-03T13:23:05.448+0000] {processor.py:161} INFO - Started process (PID=706) to work on /home/airflow/.local/lib/python3.8/site-packages/airflow/example_dags/example_branch_labels.py
[2025-06-03T13:23:05.449+0000] {processor.py:830} INFO - Processing file /home/airflow/.local/lib/python3.8/site-packages/airflow/example_dags/example_branch_labels.py for tasks to queue
[2025-06-03T13:23:05.452+0000] {logging_mixin.py:188} INFO - [2025-06-03T13:23:05.451+0000] {dagbag.py:540} INFO - Filling up the DagBag from /home/airflow/.local/lib/python3.8/site-packages/airflow/example_dags/example_branch_labels.py
[2025-06-03T13:23:05.459+0000] {processor.py:840} INFO - DAG(s) 'example_branch_labels' retrieved from /home/airflow/.local/lib/python3.8/site-packages/airflow/example_dags/example_branch_labels.py
[2025-06-03T13:23:05.480+0000] {logging_mixin.py:188} INFO - [2025-06-03T13:23:05.480+0000] {dag.py:3047} INFO - Sync 1 DAGs
[2025-06-03T13:23:05.496+0000] {logging_mixin.py:188} INFO - [2025-06-03T13:23:05.495+0000] {dag.py:3834} INFO - Setting next_dagrun for example_branch_labels to 2025-06-02 00:00:00+00:00, run_after=2025-06-03 00:00:00+00:00
[2025-06-03T13:23:05.510+0000] {processor.py:183} INFO - Processing /home/airflow/.local/lib/python3.8/site-packages/airflow/example_dags/example_branch_labels.py took 0.074 seconds
[2025-06-03T13:23:36.461+0000] {processor.py:161} INFO - Started process (PID=761) to work on /home/airflow/.local/lib/python3.8/site-packages/airflow/example_dags/example_branch_labels.py
[2025-06-03T13:23:36.462+0000] {processor.py:830} INFO - Processing file /home/airflow/.local/lib/python3.8/site-packages/airflow/example_dags/example_branch_labels.py for tasks to queue
[2025-06-03T13:23:36.467+0000] {logging_mixin.py:188} INFO - [2025-06-03T13:23:36.466+0000] {dagbag.py:540} INFO - Filling up the DagBag from /home/airflow/.local/lib/python3.8/site-packages/airflow/example_dags/example_branch_labels.py
[2025-06-03T13:23:36.475+0000] {processor.py:840} INFO - DAG(s) 'example_branch_labels' retrieved from /home/airflow/.local/lib/python3.8/site-packages/airflow/example_dags/example_branch_labels.py
[2025-06-03T13:23:36.501+0000] {logging_mixin.py:188} INFO - [2025-06-03T13:23:36.500+0000] {dag.py:3047} INFO - Sync 1 DAGs
[2025-06-03T13:23:36.519+0000] {logging_mixin.py:188} INFO - [2025-06-03T13:23:36.518+0000] {dag.py:3834} INFO - Setting next_dagrun for example_branch_labels to 2025-06-02 00:00:00+00:00, run_after=2025-06-03 00:00:00+00:00
[2025-06-03T13:23:36.528+0000] {processor.py:183} INFO - Processing /home/airflow/.local/lib/python3.8/site-packages/airflow/example_dags/example_branch_labels.py took 0.072 seconds
[2025-06-03T13:24:06.666+0000] {processor.py:161} INFO - Started process (PID=816) to work on /home/airflow/.local/lib/python3.8/site-packages/airflow/example_dags/example_branch_labels.py
[2025-06-03T13:24:06.668+0000] {processor.py:830} INFO - Processing file /home/airflow/.local/lib/python3.8/site-packages/airflow/example_dags/example_branch_labels.py for tasks to queue
[2025-06-03T13:24:06.670+0000] {logging_mixin.py:188} INFO - [2025-06-03T13:24:06.670+0000] {dagbag.py:540} INFO - Filling up the DagBag from /home/airflow/.local/lib/python3.8/site-packages/airflow/example_dags/example_branch_labels.py
[2025-06-03T13:24:06.681+0000] {processor.py:840} INFO - DAG(s) 'example_branch_labels' retrieved from /home/airflow/.local/lib/python3.8/site-packages/airflow/example_dags/example_branch_labels.py
[2025-06-03T13:24:06.724+0000] {logging_mixin.py:188} INFO - [2025-06-03T13:24:06.724+0000] {dag.py:3047} INFO - Sync 1 DAGs
[2025-06-03T13:24:06.752+0000] {logging_mixin.py:188} INFO - [2025-06-03T13:24:06.752+0000] {dag.py:3834} INFO - Setting next_dagrun for example_branch_labels to 2025-06-02 00:00:00+00:00, run_after=2025-06-03 00:00:00+00:00
[2025-06-03T13:24:06.761+0000] {processor.py:183} INFO - Processing /home/airflow/.local/lib/python3.8/site-packages/airflow/example_dags/example_branch_labels.py took 0.106 seconds
[2025-06-03T13:24:37.583+0000] {processor.py:161} INFO - Started process (PID=871) to work on /home/airflow/.local/lib/python3.8/site-packages/airflow/example_dags/example_branch_labels.py
[2025-06-03T13:24:37.584+0000] {processor.py:830} INFO - Processing file /home/airflow/.local/lib/python3.8/site-packages/airflow/example_dags/example_branch_labels.py for tasks to queue
[2025-06-03T13:24:37.588+0000] {logging_mixin.py:188} INFO - [2025-06-03T13:24:37.587+0000] {dagbag.py:540} INFO - Filling up the DagBag from /home/airflow/.local/lib/python3.8/site-packages/airflow/example_dags/example_branch_labels.py
[2025-06-03T13:24:37.603+0000] {processor.py:840} INFO - DAG(s) 'example_branch_labels' retrieved from /home/airflow/.local/lib/python3.8/site-packages/airflow/example_dags/example_branch_labels.py
[2025-06-03T13:24:37.631+0000] {logging_mixin.py:188} INFO - [2025-06-03T13:24:37.630+0000] {dag.py:3047} INFO - Sync 1 DAGs
[2025-06-03T13:24:37.656+0000] {logging_mixin.py:188} INFO - [2025-06-03T13:24:37.655+0000] {dag.py:3834} INFO - Setting next_dagrun for example_branch_labels to 2025-06-02 00:00:00+00:00, run_after=2025-06-03 00:00:00+00:00
[2025-06-03T13:24:37.668+0000] {processor.py:183} INFO - Processing /home/airflow/.local/lib/python3.8/site-packages/airflow/example_dags/example_branch_labels.py took 0.094 seconds
[2025-06-03T13:25:08.179+0000] {processor.py:161} INFO - Started process (PID=926) to work on /home/airflow/.local/lib/python3.8/site-packages/airflow/example_dags/example_branch_labels.py
[2025-06-03T13:25:08.181+0000] {processor.py:830} INFO - Processing file /home/airflow/.local/lib/python3.8/site-packages/airflow/example_dags/example_branch_labels.py for tasks to queue
[2025-06-03T13:25:08.183+0000] {logging_mixin.py:188} INFO - [2025-06-03T13:25:08.183+0000] {dagbag.py:540} INFO - Filling up the DagBag from /home/airflow/.local/lib/python3.8/site-packages/airflow/example_dags/example_branch_labels.py
[2025-06-03T13:25:08.192+0000] {processor.py:840} INFO - DAG(s) 'example_branch_labels' retrieved from /home/airflow/.local/lib/python3.8/site-packages/airflow/example_dags/example_branch_labels.py
[2025-06-03T13:25:08.221+0000] {logging_mixin.py:188} INFO - [2025-06-03T13:25:08.221+0000] {dag.py:3047} INFO - Sync 1 DAGs
[2025-06-03T13:25:08.242+0000] {logging_mixin.py:188} INFO - [2025-06-03T13:25:08.241+0000] {dag.py:3834} INFO - Setting next_dagrun for example_branch_labels to 2025-06-02 00:00:00+00:00, run_after=2025-06-03 00:00:00+00:00
[2025-06-03T13:25:08.257+0000] {processor.py:183} INFO - Processing /home/airflow/.local/lib/python3.8/site-packages/airflow/example_dags/example_branch_labels.py took 0.086 seconds
[2025-06-03T13:25:38.462+0000] {processor.py:161} INFO - Started process (PID=981) to work on /home/airflow/.local/lib/python3.8/site-packages/airflow/example_dags/example_branch_labels.py
[2025-06-03T13:25:38.476+0000] {processor.py:830} INFO - Processing file /home/airflow/.local/lib/python3.8/site-packages/airflow/example_dags/example_branch_labels.py for tasks to queue
[2025-06-03T13:25:38.482+0000] {logging_mixin.py:188} INFO - [2025-06-03T13:25:38.481+0000] {dagbag.py:540} INFO - Filling up the DagBag from /home/airflow/.local/lib/python3.8/site-packages/airflow/example_dags/example_branch_labels.py
[2025-06-03T13:25:38.509+0000] {processor.py:840} INFO - DAG(s) 'example_branch_labels' retrieved from /home/airflow/.local/lib/python3.8/site-packages/airflow/example_dags/example_branch_labels.py
[2025-06-03T13:25:38.576+0000] {logging_mixin.py:188} INFO - [2025-06-03T13:25:38.575+0000] {dag.py:3047} INFO - Sync 1 DAGs
[2025-06-03T13:25:38.629+0000] {logging_mixin.py:188} INFO - [2025-06-03T13:25:38.629+0000] {dag.py:3834} INFO - Setting next_dagrun for example_branch_labels to 2025-06-02 00:00:00+00:00, run_after=2025-06-03 00:00:00+00:00
[2025-06-03T13:25:38.645+0000] {processor.py:183} INFO - Processing /home/airflow/.local/lib/python3.8/site-packages/airflow/example_dags/example_branch_labels.py took 0.194 seconds
[2025-06-03T13:26:08.763+0000] {processor.py:161} INFO - Started process (PID=1036) to work on /home/airflow/.local/lib/python3.8/site-packages/airflow/example_dags/example_branch_labels.py
[2025-06-03T13:26:08.765+0000] {processor.py:830} INFO - Processing file /home/airflow/.local/lib/python3.8/site-packages/airflow/example_dags/example_branch_labels.py for tasks to queue
[2025-06-03T13:26:08.768+0000] {logging_mixin.py:188} INFO - [2025-06-03T13:26:08.767+0000] {dagbag.py:540} INFO - Filling up the DagBag from /home/airflow/.local/lib/python3.8/site-packages/airflow/example_dags/example_branch_labels.py
[2025-06-03T13:26:08.786+0000] {processor.py:840} INFO - DAG(s) 'example_branch_labels' retrieved from /home/airflow/.local/lib/python3.8/site-packages/airflow/example_dags/example_branch_labels.py
[2025-06-03T13:26:08.816+0000] {logging_mixin.py:188} INFO - [2025-06-03T13:26:08.816+0000] {dag.py:3047} INFO - Sync 1 DAGs
[2025-06-03T13:26:08.839+0000] {logging_mixin.py:188} INFO - [2025-06-03T13:26:08.839+0000] {dag.py:3834} INFO - Setting next_dagrun for example_branch_labels to 2025-06-02 00:00:00+00:00, run_after=2025-06-03 00:00:00+00:00
[2025-06-03T13:26:08.851+0000] {processor.py:183} INFO - Processing /home/airflow/.local/lib/python3.8/site-packages/airflow/example_dags/example_branch_labels.py took 0.098 seconds
[2025-06-03T13:26:39.207+0000] {processor.py:161} INFO - Started process (PID=1091) to work on /home/airflow/.local/lib/python3.8/site-packages/airflow/example_dags/example_branch_labels.py
[2025-06-03T13:26:39.211+0000] {processor.py:830} INFO - Processing file /home/airflow/.local/lib/python3.8/site-packages/airflow/example_dags/example_branch_labels.py for tasks to queue
[2025-06-03T13:26:39.216+0000] {logging_mixin.py:188} INFO - [2025-06-03T13:26:39.216+0000] {dagbag.py:540} INFO - Filling up the DagBag from /home/airflow/.local/lib/python3.8/site-packages/airflow/example_dags/example_branch_labels.py
[2025-06-03T13:26:39.224+0000] {processor.py:840} INFO - DAG(s) 'example_branch_labels' retrieved from /home/airflow/.local/lib/python3.8/site-packages/airflow/example_dags/example_branch_labels.py
[2025-06-03T13:26:39.250+0000] {logging_mixin.py:188} INFO - [2025-06-03T13:26:39.250+0000] {dag.py:3047} INFO - Sync 1 DAGs
[2025-06-03T13:26:39.273+0000] {logging_mixin.py:188} INFO - [2025-06-03T13:26:39.273+0000] {dag.py:3834} INFO - Setting next_dagrun for example_branch_labels to 2025-06-02 00:00:00+00:00, run_after=2025-06-03 00:00:00+00:00
[2025-06-03T13:26:39.285+0000] {processor.py:183} INFO - Processing /home/airflow/.local/lib/python3.8/site-packages/airflow/example_dags/example_branch_labels.py took 0.084 seconds
[2025-06-03T13:27:09.912+0000] {processor.py:161} INFO - Started process (PID=1146) to work on /home/airflow/.local/lib/python3.8/site-packages/airflow/example_dags/example_branch_labels.py
[2025-06-03T13:27:09.913+0000] {processor.py:830} INFO - Processing file /home/airflow/.local/lib/python3.8/site-packages/airflow/example_dags/example_branch_labels.py for tasks to queue
[2025-06-03T13:27:09.915+0000] {logging_mixin.py:188} INFO - [2025-06-03T13:27:09.915+0000] {dagbag.py:540} INFO - Filling up the DagBag from /home/airflow/.local/lib/python3.8/site-packages/airflow/example_dags/example_branch_labels.py
[2025-06-03T13:27:09.923+0000] {processor.py:840} INFO - DAG(s) 'example_branch_labels' retrieved from /home/airflow/.local/lib/python3.8/site-packages/airflow/example_dags/example_branch_labels.py
[2025-06-03T13:27:09.945+0000] {logging_mixin.py:188} INFO - [2025-06-03T13:27:09.945+0000] {dag.py:3047} INFO - Sync 1 DAGs
[2025-06-03T13:27:09.959+0000] {logging_mixin.py:188} INFO - [2025-06-03T13:27:09.959+0000] {dag.py:3834} INFO - Setting next_dagrun for example_branch_labels to 2025-06-02 00:00:00+00:00, run_after=2025-06-03 00:00:00+00:00
[2025-06-03T13:27:09.969+0000] {processor.py:183} INFO - Processing /home/airflow/.local/lib/python3.8/site-packages/airflow/example_dags/example_branch_labels.py took 0.061 seconds
[2025-06-03T13:27:40.510+0000] {processor.py:161} INFO - Started process (PID=1201) to work on /home/airflow/.local/lib/python3.8/site-packages/airflow/example_dags/example_branch_labels.py
[2025-06-03T13:27:40.511+0000] {processor.py:830} INFO - Processing file /home/airflow/.local/lib/python3.8/site-packages/airflow/example_dags/example_branch_labels.py for tasks to queue
[2025-06-03T13:27:40.513+0000] {logging_mixin.py:188} INFO - [2025-06-03T13:27:40.513+0000] {dagbag.py:540} INFO - Filling up the DagBag from /home/airflow/.local/lib/python3.8/site-packages/airflow/example_dags/example_branch_labels.py
[2025-06-03T13:27:40.520+0000] {processor.py:840} INFO - DAG(s) 'example_branch_labels' retrieved from /home/airflow/.local/lib/python3.8/site-packages/airflow/example_dags/example_branch_labels.py
[2025-06-03T13:27:40.534+0000] {logging_mixin.py:188} INFO - [2025-06-03T13:27:40.534+0000] {dag.py:3047} INFO - Sync 1 DAGs
[2025-06-03T13:27:40.549+0000] {logging_mixin.py:188} INFO - [2025-06-03T13:27:40.548+0000] {dag.py:3834} INFO - Setting next_dagrun for example_branch_labels to 2025-06-02 00:00:00+00:00, run_after=2025-06-03 00:00:00+00:00
[2025-06-03T13:27:40.555+0000] {processor.py:183} INFO - Processing /home/airflow/.local/lib/python3.8/site-packages/airflow/example_dags/example_branch_labels.py took 0.051 seconds
[2025-06-03T13:28:11.062+0000] {processor.py:161} INFO - Started process (PID=1256) to work on /home/airflow/.local/lib/python3.8/site-packages/airflow/example_dags/example_branch_labels.py
[2025-06-03T13:28:11.063+0000] {processor.py:830} INFO - Processing file /home/airflow/.local/lib/python3.8/site-packages/airflow/example_dags/example_branch_labels.py for tasks to queue
[2025-06-03T13:28:11.066+0000] {logging_mixin.py:188} INFO - [2025-06-03T13:28:11.066+0000] {dagbag.py:540} INFO - Filling up the DagBag from /home/airflow/.local/lib/python3.8/site-packages/airflow/example_dags/example_branch_labels.py
[2025-06-03T13:28:11.074+0000] {processor.py:840} INFO - DAG(s) 'example_branch_labels' retrieved from /home/airflow/.local/lib/python3.8/site-packages/airflow/example_dags/example_branch_labels.py
[2025-06-03T13:28:11.088+0000] {logging_mixin.py:188} INFO - [2025-06-03T13:28:11.088+0000] {dag.py:3047} INFO - Sync 1 DAGs
[2025-06-03T13:28:11.105+0000] {logging_mixin.py:188} INFO - [2025-06-03T13:28:11.105+0000] {dag.py:3834} INFO - Setting next_dagrun for example_branch_labels to 2025-06-02 00:00:00+00:00, run_after=2025-06-03 00:00:00+00:00
[2025-06-03T13:28:11.118+0000] {processor.py:183} INFO - Processing /home/airflow/.local/lib/python3.8/site-packages/airflow/example_dags/example_branch_labels.py took 0.061 seconds
[2025-06-03T13:28:41.673+0000] {processor.py:161} INFO - Started process (PID=1311) to work on /home/airflow/.local/lib/python3.8/site-packages/airflow/example_dags/example_branch_labels.py
[2025-06-03T13:28:41.675+0000] {processor.py:830} INFO - Processing file /home/airflow/.local/lib/python3.8/site-packages/airflow/example_dags/example_branch_labels.py for tasks to queue
[2025-06-03T13:28:41.690+0000] {logging_mixin.py:188} INFO - [2025-06-03T13:28:41.690+0000] {dagbag.py:540} INFO - Filling up the DagBag from /home/airflow/.local/lib/python3.8/site-packages/airflow/example_dags/example_branch_labels.py
[2025-06-03T13:28:41.729+0000] {processor.py:840} INFO - DAG(s) 'example_branch_labels' retrieved from /home/airflow/.local/lib/python3.8/site-packages/airflow/example_dags/example_branch_labels.py
[2025-06-03T13:28:41.925+0000] {logging_mixin.py:188} INFO - [2025-06-03T13:28:41.925+0000] {dag.py:3047} INFO - Sync 1 DAGs
[2025-06-03T13:28:42.002+0000] {logging_mixin.py:188} INFO - [2025-06-03T13:28:42.002+0000] {dag.py:3834} INFO - Setting next_dagrun for example_branch_labels to 2025-06-02 00:00:00+00:00, run_after=2025-06-03 00:00:00+00:00
[2025-06-03T13:28:42.029+0000] {processor.py:183} INFO - Processing /home/airflow/.local/lib/python3.8/site-packages/airflow/example_dags/example_branch_labels.py took 0.366 seconds
[2025-06-03T13:29:12.055+0000] {processor.py:161} INFO - Started process (PID=1366) to work on /home/airflow/.local/lib/python3.8/site-packages/airflow/example_dags/example_branch_labels.py
[2025-06-03T13:29:12.057+0000] {processor.py:830} INFO - Processing file /home/airflow/.local/lib/python3.8/site-packages/airflow/example_dags/example_branch_labels.py for tasks to queue
[2025-06-03T13:29:12.060+0000] {logging_mixin.py:188} INFO - [2025-06-03T13:29:12.059+0000] {dagbag.py:540} INFO - Filling up the DagBag from /home/airflow/.local/lib/python3.8/site-packages/airflow/example_dags/example_branch_labels.py
[2025-06-03T13:29:12.068+0000] {processor.py:840} INFO - DAG(s) 'example_branch_labels' retrieved from /home/airflow/.local/lib/python3.8/site-packages/airflow/example_dags/example_branch_labels.py
[2025-06-03T13:29:12.083+0000] {logging_mixin.py:188} INFO - [2025-06-03T13:29:12.083+0000] {dag.py:3047} INFO - Sync 1 DAGs
[2025-06-03T13:29:12.093+0000] {logging_mixin.py:188} INFO - [2025-06-03T13:29:12.093+0000] {dag.py:3834} INFO - Setting next_dagrun for example_branch_labels to 2025-06-02 00:00:00+00:00, run_after=2025-06-03 00:00:00+00:00
[2025-06-03T13:29:12.100+0000] {processor.py:183} INFO - Processing /home/airflow/.local/lib/python3.8/site-packages/airflow/example_dags/example_branch_labels.py took 0.049 seconds
[2025-06-03T13:29:42.447+0000] {processor.py:161} INFO - Started process (PID=1421) to work on /home/airflow/.local/lib/python3.8/site-packages/airflow/example_dags/example_branch_labels.py
[2025-06-03T13:29:42.448+0000] {processor.py:830} INFO - Processing file /home/airflow/.local/lib/python3.8/site-packages/airflow/example_dags/example_branch_labels.py for tasks to queue
[2025-06-03T13:29:42.449+0000] {logging_mixin.py:188} INFO - [2025-06-03T13:29:42.449+0000] {dagbag.py:540} INFO - Filling up the DagBag from /home/airflow/.local/lib/python3.8/site-packages/airflow/example_dags/example_branch_labels.py
[2025-06-03T13:29:42.454+0000] {processor.py:840} INFO - DAG(s) 'example_branch_labels' retrieved from /home/airflow/.local/lib/python3.8/site-packages/airflow/example_dags/example_branch_labels.py
[2025-06-03T13:29:42.467+0000] {logging_mixin.py:188} INFO - [2025-06-03T13:29:42.467+0000] {dag.py:3047} INFO - Sync 1 DAGs
[2025-06-03T13:29:42.479+0000] {logging_mixin.py:188} INFO - [2025-06-03T13:29:42.478+0000] {dag.py:3834} INFO - Setting next_dagrun for example_branch_labels to 2025-06-02 00:00:00+00:00, run_after=2025-06-03 00:00:00+00:00
[2025-06-03T13:29:42.486+0000] {processor.py:183} INFO - Processing /home/airflow/.local/lib/python3.8/site-packages/airflow/example_dags/example_branch_labels.py took 0.042 seconds
[2025-06-03T13:30:12.795+0000] {processor.py:161} INFO - Started process (PID=1476) to work on /home/airflow/.local/lib/python3.8/site-packages/airflow/example_dags/example_branch_labels.py
[2025-06-03T13:30:12.797+0000] {processor.py:830} INFO - Processing file /home/airflow/.local/lib/python3.8/site-packages/airflow/example_dags/example_branch_labels.py for tasks to queue
[2025-06-03T13:30:12.800+0000] {logging_mixin.py:188} INFO - [2025-06-03T13:30:12.799+0000] {dagbag.py:540} INFO - Filling up the DagBag from /home/airflow/.local/lib/python3.8/site-packages/airflow/example_dags/example_branch_labels.py
[2025-06-03T13:30:12.807+0000] {processor.py:840} INFO - DAG(s) 'example_branch_labels' retrieved from /home/airflow/.local/lib/python3.8/site-packages/airflow/example_dags/example_branch_labels.py
[2025-06-03T13:30:12.822+0000] {logging_mixin.py:188} INFO - [2025-06-03T13:30:12.822+0000] {dag.py:3047} INFO - Sync 1 DAGs
[2025-06-03T13:30:12.833+0000] {logging_mixin.py:188} INFO - [2025-06-03T13:30:12.833+0000] {dag.py:3834} INFO - Setting next_dagrun for example_branch_labels to 2025-06-02 00:00:00+00:00, run_after=2025-06-03 00:00:00+00:00
[2025-06-03T13:30:12.841+0000] {processor.py:183} INFO - Processing /home/airflow/.local/lib/python3.8/site-packages/airflow/example_dags/example_branch_labels.py took 0.051 seconds
[2025-06-03T13:30:43.132+0000] {processor.py:161} INFO - Started process (PID=1530) to work on /home/airflow/.local/lib/python3.8/site-packages/airflow/example_dags/example_branch_labels.py
[2025-06-03T13:30:43.133+0000] {processor.py:830} INFO - Processing file /home/airflow/.local/lib/python3.8/site-packages/airflow/example_dags/example_branch_labels.py for tasks to queue
[2025-06-03T13:30:43.135+0000] {logging_mixin.py:188} INFO - [2025-06-03T13:30:43.135+0000] {dagbag.py:540} INFO - Filling up the DagBag from /home/airflow/.local/lib/python3.8/site-packages/airflow/example_dags/example_branch_labels.py
[2025-06-03T13:30:43.141+0000] {processor.py:840} INFO - DAG(s) 'example_branch_labels' retrieved from /home/airflow/.local/lib/python3.8/site-packages/airflow/example_dags/example_branch_labels.py
[2025-06-03T13:30:43.155+0000] {logging_mixin.py:188} INFO - [2025-06-03T13:30:43.155+0000] {dag.py:3047} INFO - Sync 1 DAGs
[2025-06-03T13:30:43.168+0000] {logging_mixin.py:188} INFO - [2025-06-03T13:30:43.168+0000] {dag.py:3834} INFO - Setting next_dagrun for example_branch_labels to 2025-06-02 00:00:00+00:00, run_after=2025-06-03 00:00:00+00:00
[2025-06-03T13:30:43.176+0000] {processor.py:183} INFO - Processing /home/airflow/.local/lib/python3.8/site-packages/airflow/example_dags/example_branch_labels.py took 0.048 seconds
[2025-06-03T13:31:13.427+0000] {processor.py:161} INFO - Started process (PID=1585) to work on /home/airflow/.local/lib/python3.8/site-packages/airflow/example_dags/example_branch_labels.py
[2025-06-03T13:31:13.428+0000] {processor.py:830} INFO - Processing file /home/airflow/.local/lib/python3.8/site-packages/airflow/example_dags/example_branch_labels.py for tasks to queue
[2025-06-03T13:31:13.430+0000] {logging_mixin.py:188} INFO - [2025-06-03T13:31:13.430+0000] {dagbag.py:540} INFO - Filling up the DagBag from /home/airflow/.local/lib/python3.8/site-packages/airflow/example_dags/example_branch_labels.py
[2025-06-03T13:31:13.436+0000] {processor.py:840} INFO - DAG(s) 'example_branch_labels' retrieved from /home/airflow/.local/lib/python3.8/site-packages/airflow/example_dags/example_branch_labels.py
[2025-06-03T13:31:13.448+0000] {logging_mixin.py:188} INFO - [2025-06-03T13:31:13.448+0000] {dag.py:3047} INFO - Sync 1 DAGs
[2025-06-03T13:31:13.459+0000] {logging_mixin.py:188} INFO - [2025-06-03T13:31:13.459+0000] {dag.py:3834} INFO - Setting next_dagrun for example_branch_labels to 2025-06-02 00:00:00+00:00, run_after=2025-06-03 00:00:00+00:00
[2025-06-03T13:31:13.470+0000] {processor.py:183} INFO - Processing /home/airflow/.local/lib/python3.8/site-packages/airflow/example_dags/example_branch_labels.py took 0.046 seconds
[2025-06-03T13:31:43.676+0000] {processor.py:161} INFO - Started process (PID=1640) to work on /home/airflow/.local/lib/python3.8/site-packages/airflow/example_dags/example_branch_labels.py
[2025-06-03T13:31:43.677+0000] {processor.py:830} INFO - Processing file /home/airflow/.local/lib/python3.8/site-packages/airflow/example_dags/example_branch_labels.py for tasks to queue
[2025-06-03T13:31:43.678+0000] {logging_mixin.py:188} INFO - [2025-06-03T13:31:43.678+0000] {dagbag.py:540} INFO - Filling up the DagBag from /home/airflow/.local/lib/python3.8/site-packages/airflow/example_dags/example_branch_labels.py
[2025-06-03T13:31:43.685+0000] {processor.py:840} INFO - DAG(s) 'example_branch_labels' retrieved from /home/airflow/.local/lib/python3.8/site-packages/airflow/example_dags/example_branch_labels.py
[2025-06-03T13:31:43.697+0000] {logging_mixin.py:188} INFO - [2025-06-03T13:31:43.697+0000] {dag.py:3047} INFO - Sync 1 DAGs
[2025-06-03T13:31:43.708+0000] {logging_mixin.py:188} INFO - [2025-06-03T13:31:43.708+0000] {dag.py:3834} INFO - Setting next_dagrun for example_branch_labels to 2025-06-02 00:00:00+00:00, run_after=2025-06-03 00:00:00+00:00
[2025-06-03T13:31:43.715+0000] {processor.py:183} INFO - Processing /home/airflow/.local/lib/python3.8/site-packages/airflow/example_dags/example_branch_labels.py took 0.042 seconds
[2025-06-03T13:32:14.007+0000] {processor.py:161} INFO - Started process (PID=1695) to work on /home/airflow/.local/lib/python3.8/site-packages/airflow/example_dags/example_branch_labels.py
[2025-06-03T13:32:14.008+0000] {processor.py:830} INFO - Processing file /home/airflow/.local/lib/python3.8/site-packages/airflow/example_dags/example_branch_labels.py for tasks to queue
[2025-06-03T13:32:14.009+0000] {logging_mixin.py:188} INFO - [2025-06-03T13:32:14.009+0000] {dagbag.py:540} INFO - Filling up the DagBag from /home/airflow/.local/lib/python3.8/site-packages/airflow/example_dags/example_branch_labels.py
[2025-06-03T13:32:14.015+0000] {processor.py:840} INFO - DAG(s) 'example_branch_labels' retrieved from /home/airflow/.local/lib/python3.8/site-packages/airflow/example_dags/example_branch_labels.py
[2025-06-03T13:32:14.028+0000] {logging_mixin.py:188} INFO - [2025-06-03T13:32:14.028+0000] {dag.py:3047} INFO - Sync 1 DAGs
[2025-06-03T13:32:14.039+0000] {logging_mixin.py:188} INFO - [2025-06-03T13:32:14.039+0000] {dag.py:3834} INFO - Setting next_dagrun for example_branch_labels to 2025-06-02 00:00:00+00:00, run_after=2025-06-03 00:00:00+00:00
[2025-06-03T13:32:14.046+0000] {processor.py:183} INFO - Processing /home/airflow/.local/lib/python3.8/site-packages/airflow/example_dags/example_branch_labels.py took 0.043 seconds
[2025-06-03T13:32:44.249+0000] {processor.py:161} INFO - Started process (PID=1750) to work on /home/airflow/.local/lib/python3.8/site-packages/airflow/example_dags/example_branch_labels.py
[2025-06-03T13:32:44.252+0000] {processor.py:830} INFO - Processing file /home/airflow/.local/lib/python3.8/site-packages/airflow/example_dags/example_branch_labels.py for tasks to queue
[2025-06-03T13:32:44.254+0000] {logging_mixin.py:188} INFO - [2025-06-03T13:32:44.254+0000] {dagbag.py:540} INFO - Filling up the DagBag from /home/airflow/.local/lib/python3.8/site-packages/airflow/example_dags/example_branch_labels.py
[2025-06-03T13:32:44.260+0000] {processor.py:840} INFO - DAG(s) 'example_branch_labels' retrieved from /home/airflow/.local/lib/python3.8/site-packages/airflow/example_dags/example_branch_labels.py
[2025-06-03T13:32:44.273+0000] {logging_mixin.py:188} INFO - [2025-06-03T13:32:44.272+0000] {dag.py:3047} INFO - Sync 1 DAGs
[2025-06-03T13:32:44.286+0000] {logging_mixin.py:188} INFO - [2025-06-03T13:32:44.286+0000] {dag.py:3834} INFO - Setting next_dagrun for example_branch_labels to 2025-06-02 00:00:00+00:00, run_after=2025-06-03 00:00:00+00:00
[2025-06-03T13:32:44.293+0000] {processor.py:183} INFO - Processing /home/airflow/.local/lib/python3.8/site-packages/airflow/example_dags/example_branch_labels.py took 0.048 seconds
[2025-06-03T13:33:14.593+0000] {processor.py:161} INFO - Started process (PID=1805) to work on /home/airflow/.local/lib/python3.8/site-packages/airflow/example_dags/example_branch_labels.py
[2025-06-03T13:33:14.594+0000] {processor.py:830} INFO - Processing file /home/airflow/.local/lib/python3.8/site-packages/airflow/example_dags/example_branch_labels.py for tasks to queue
[2025-06-03T13:33:14.596+0000] {logging_mixin.py:188} INFO - [2025-06-03T13:33:14.596+0000] {dagbag.py:540} INFO - Filling up the DagBag from /home/airflow/.local/lib/python3.8/site-packages/airflow/example_dags/example_branch_labels.py
[2025-06-03T13:33:14.601+0000] {processor.py:840} INFO - DAG(s) 'example_branch_labels' retrieved from /home/airflow/.local/lib/python3.8/site-packages/airflow/example_dags/example_branch_labels.py
[2025-06-03T13:33:14.614+0000] {logging_mixin.py:188} INFO - [2025-06-03T13:33:14.613+0000] {dag.py:3047} INFO - Sync 1 DAGs
[2025-06-03T13:33:14.625+0000] {logging_mixin.py:188} INFO - [2025-06-03T13:33:14.625+0000] {dag.py:3834} INFO - Setting next_dagrun for example_branch_labels to 2025-06-02 00:00:00+00:00, run_after=2025-06-03 00:00:00+00:00
[2025-06-03T13:33:14.632+0000] {processor.py:183} INFO - Processing /home/airflow/.local/lib/python3.8/site-packages/airflow/example_dags/example_branch_labels.py took 0.043 seconds
[2025-06-03T13:33:44.895+0000] {processor.py:161} INFO - Started process (PID=1860) to work on /home/airflow/.local/lib/python3.8/site-packages/airflow/example_dags/example_branch_labels.py
[2025-06-03T13:33:44.897+0000] {processor.py:830} INFO - Processing file /home/airflow/.local/lib/python3.8/site-packages/airflow/example_dags/example_branch_labels.py for tasks to queue
[2025-06-03T13:33:44.899+0000] {logging_mixin.py:188} INFO - [2025-06-03T13:33:44.899+0000] {dagbag.py:540} INFO - Filling up the DagBag from /home/airflow/.local/lib/python3.8/site-packages/airflow/example_dags/example_branch_labels.py
[2025-06-03T13:33:44.904+0000] {processor.py:840} INFO - DAG(s) 'example_branch_labels' retrieved from /home/airflow/.local/lib/python3.8/site-packages/airflow/example_dags/example_branch_labels.py
[2025-06-03T13:33:44.919+0000] {logging_mixin.py:188} INFO - [2025-06-03T13:33:44.919+0000] {dag.py:3047} INFO - Sync 1 DAGs
[2025-06-03T13:33:44.931+0000] {logging_mixin.py:188} INFO - [2025-06-03T13:33:44.931+0000] {dag.py:3834} INFO - Setting next_dagrun for example_branch_labels to 2025-06-02 00:00:00+00:00, run_after=2025-06-03 00:00:00+00:00
[2025-06-03T13:33:44.940+0000] {processor.py:183} INFO - Processing /home/airflow/.local/lib/python3.8/site-packages/airflow/example_dags/example_branch_labels.py took 0.047 seconds
[2025-06-03T13:34:15.166+0000] {processor.py:161} INFO - Started process (PID=1915) to work on /home/airflow/.local/lib/python3.8/site-packages/airflow/example_dags/example_branch_labels.py
[2025-06-03T13:34:15.167+0000] {processor.py:830} INFO - Processing file /home/airflow/.local/lib/python3.8/site-packages/airflow/example_dags/example_branch_labels.py for tasks to queue
[2025-06-03T13:34:15.169+0000] {logging_mixin.py:188} INFO - [2025-06-03T13:34:15.169+0000] {dagbag.py:540} INFO - Filling up the DagBag from /home/airflow/.local/lib/python3.8/site-packages/airflow/example_dags/example_branch_labels.py
[2025-06-03T13:34:15.175+0000] {processor.py:840} INFO - DAG(s) 'example_branch_labels' retrieved from /home/airflow/.local/lib/python3.8/site-packages/airflow/example_dags/example_branch_labels.py
[2025-06-03T13:34:15.188+0000] {logging_mixin.py:188} INFO - [2025-06-03T13:34:15.188+0000] {dag.py:3047} INFO - Sync 1 DAGs
[2025-06-03T13:34:15.199+0000] {logging_mixin.py:188} INFO - [2025-06-03T13:34:15.199+0000] {dag.py:3834} INFO - Setting next_dagrun for example_branch_labels to 2025-06-02 00:00:00+00:00, run_after=2025-06-03 00:00:00+00:00
[2025-06-03T13:34:15.206+0000] {processor.py:183} INFO - Processing /home/airflow/.local/lib/python3.8/site-packages/airflow/example_dags/example_branch_labels.py took 0.044 seconds
[2025-06-03T13:34:45.475+0000] {processor.py:161} INFO - Started process (PID=1970) to work on /home/airflow/.local/lib/python3.8/site-packages/airflow/example_dags/example_branch_labels.py
[2025-06-03T13:34:45.476+0000] {processor.py:830} INFO - Processing file /home/airflow/.local/lib/python3.8/site-packages/airflow/example_dags/example_branch_labels.py for tasks to queue
[2025-06-03T13:34:45.478+0000] {logging_mixin.py:188} INFO - [2025-06-03T13:34:45.478+0000] {dagbag.py:540} INFO - Filling up the DagBag from /home/airflow/.local/lib/python3.8/site-packages/airflow/example_dags/example_branch_labels.py
[2025-06-03T13:34:45.485+0000] {processor.py:840} INFO - DAG(s) 'example_branch_labels' retrieved from /home/airflow/.local/lib/python3.8/site-packages/airflow/example_dags/example_branch_labels.py
[2025-06-03T13:34:45.501+0000] {logging_mixin.py:188} INFO - [2025-06-03T13:34:45.501+0000] {dag.py:3047} INFO - Sync 1 DAGs
[2025-06-03T13:34:45.515+0000] {logging_mixin.py:188} INFO - [2025-06-03T13:34:45.515+0000] {dag.py:3834} INFO - Setting next_dagrun for example_branch_labels to 2025-06-02 00:00:00+00:00, run_after=2025-06-03 00:00:00+00:00
[2025-06-03T13:34:45.524+0000] {processor.py:183} INFO - Processing /home/airflow/.local/lib/python3.8/site-packages/airflow/example_dags/example_branch_labels.py took 0.052 seconds
[2025-06-03T13:35:15.879+0000] {processor.py:161} INFO - Started process (PID=2025) to work on /home/airflow/.local/lib/python3.8/site-packages/airflow/example_dags/example_branch_labels.py
[2025-06-03T13:35:15.881+0000] {processor.py:830} INFO - Processing file /home/airflow/.local/lib/python3.8/site-packages/airflow/example_dags/example_branch_labels.py for tasks to queue
[2025-06-03T13:35:15.884+0000] {logging_mixin.py:188} INFO - [2025-06-03T13:35:15.884+0000] {dagbag.py:540} INFO - Filling up the DagBag from /home/airflow/.local/lib/python3.8/site-packages/airflow/example_dags/example_branch_labels.py
[2025-06-03T13:35:15.893+0000] {processor.py:840} INFO - DAG(s) 'example_branch_labels' retrieved from /home/airflow/.local/lib/python3.8/site-packages/airflow/example_dags/example_branch_labels.py
[2025-06-03T13:35:15.922+0000] {logging_mixin.py:188} INFO - [2025-06-03T13:35:15.922+0000] {dag.py:3047} INFO - Sync 1 DAGs
[2025-06-03T13:35:15.940+0000] {logging_mixin.py:188} INFO - [2025-06-03T13:35:15.940+0000] {dag.py:3834} INFO - Setting next_dagrun for example_branch_labels to 2025-06-02 00:00:00+00:00, run_after=2025-06-03 00:00:00+00:00
[2025-06-03T13:35:15.949+0000] {processor.py:183} INFO - Processing /home/airflow/.local/lib/python3.8/site-packages/airflow/example_dags/example_branch_labels.py took 0.075 seconds
[2025-06-03T13:35:46.488+0000] {processor.py:161} INFO - Started process (PID=2080) to work on /home/airflow/.local/lib/python3.8/site-packages/airflow/example_dags/example_branch_labels.py
[2025-06-03T13:35:46.489+0000] {processor.py:830} INFO - Processing file /home/airflow/.local/lib/python3.8/site-packages/airflow/example_dags/example_branch_labels.py for tasks to queue
[2025-06-03T13:35:46.492+0000] {logging_mixin.py:188} INFO - [2025-06-03T13:35:46.491+0000] {dagbag.py:540} INFO - Filling up the DagBag from /home/airflow/.local/lib/python3.8/site-packages/airflow/example_dags/example_branch_labels.py
[2025-06-03T13:35:46.499+0000] {processor.py:840} INFO - DAG(s) 'example_branch_labels' retrieved from /home/airflow/.local/lib/python3.8/site-packages/airflow/example_dags/example_branch_labels.py
[2025-06-03T13:35:46.512+0000] {logging_mixin.py:188} INFO - [2025-06-03T13:35:46.512+0000] {dag.py:3047} INFO - Sync 1 DAGs
[2025-06-03T13:35:46.527+0000] {logging_mixin.py:188} INFO - [2025-06-03T13:35:46.527+0000] {dag.py:3834} INFO - Setting next_dagrun for example_branch_labels to 2025-06-02 00:00:00+00:00, run_after=2025-06-03 00:00:00+00:00
[2025-06-03T13:35:46.534+0000] {processor.py:183} INFO - Processing /home/airflow/.local/lib/python3.8/site-packages/airflow/example_dags/example_branch_labels.py took 0.051 seconds
[2025-06-03T13:36:16.816+0000] {processor.py:161} INFO - Started process (PID=2135) to work on /home/airflow/.local/lib/python3.8/site-packages/airflow/example_dags/example_branch_labels.py
[2025-06-03T13:36:16.818+0000] {processor.py:830} INFO - Processing file /home/airflow/.local/lib/python3.8/site-packages/airflow/example_dags/example_branch_labels.py for tasks to queue
[2025-06-03T13:36:16.820+0000] {logging_mixin.py:188} INFO - [2025-06-03T13:36:16.820+0000] {dagbag.py:540} INFO - Filling up the DagBag from /home/airflow/.local/lib/python3.8/site-packages/airflow/example_dags/example_branch_labels.py
[2025-06-03T13:36:16.826+0000] {processor.py:840} INFO - DAG(s) 'example_branch_labels' retrieved from /home/airflow/.local/lib/python3.8/site-packages/airflow/example_dags/example_branch_labels.py
[2025-06-03T13:36:16.837+0000] {logging_mixin.py:188} INFO - [2025-06-03T13:36:16.837+0000] {dag.py:3047} INFO - Sync 1 DAGs
[2025-06-03T13:36:16.849+0000] {logging_mixin.py:188} INFO - [2025-06-03T13:36:16.849+0000] {dag.py:3834} INFO - Setting next_dagrun for example_branch_labels to 2025-06-02 00:00:00+00:00, run_after=2025-06-03 00:00:00+00:00
[2025-06-03T13:36:16.856+0000] {processor.py:183} INFO - Processing /home/airflow/.local/lib/python3.8/site-packages/airflow/example_dags/example_branch_labels.py took 0.044 seconds
[2025-06-03T13:36:47.139+0000] {processor.py:161} INFO - Started process (PID=2190) to work on /home/airflow/.local/lib/python3.8/site-packages/airflow/example_dags/example_branch_labels.py
[2025-06-03T13:36:47.140+0000] {processor.py:830} INFO - Processing file /home/airflow/.local/lib/python3.8/site-packages/airflow/example_dags/example_branch_labels.py for tasks to queue
[2025-06-03T13:36:47.142+0000] {logging_mixin.py:188} INFO - [2025-06-03T13:36:47.141+0000] {dagbag.py:540} INFO - Filling up the DagBag from /home/airflow/.local/lib/python3.8/site-packages/airflow/example_dags/example_branch_labels.py
[2025-06-03T13:36:47.147+0000] {processor.py:840} INFO - DAG(s) 'example_branch_labels' retrieved from /home/airflow/.local/lib/python3.8/site-packages/airflow/example_dags/example_branch_labels.py
[2025-06-03T13:36:47.159+0000] {logging_mixin.py:188} INFO - [2025-06-03T13:36:47.159+0000] {dag.py:3047} INFO - Sync 1 DAGs
[2025-06-03T13:36:47.170+0000] {logging_mixin.py:188} INFO - [2025-06-03T13:36:47.170+0000] {dag.py:3834} INFO - Setting next_dagrun for example_branch_labels to 2025-06-02 00:00:00+00:00, run_after=2025-06-03 00:00:00+00:00
[2025-06-03T13:36:47.177+0000] {processor.py:183} INFO - Processing /home/airflow/.local/lib/python3.8/site-packages/airflow/example_dags/example_branch_labels.py took 0.042 seconds
[2025-06-03T13:37:17.528+0000] {processor.py:161} INFO - Started process (PID=2245) to work on /home/airflow/.local/lib/python3.8/site-packages/airflow/example_dags/example_branch_labels.py
[2025-06-03T13:37:17.529+0000] {processor.py:830} INFO - Processing file /home/airflow/.local/lib/python3.8/site-packages/airflow/example_dags/example_branch_labels.py for tasks to queue
[2025-06-03T13:37:17.531+0000] {logging_mixin.py:188} INFO - [2025-06-03T13:37:17.531+0000] {dagbag.py:540} INFO - Filling up the DagBag from /home/airflow/.local/lib/python3.8/site-packages/airflow/example_dags/example_branch_labels.py
[2025-06-03T13:37:17.538+0000] {processor.py:840} INFO - DAG(s) 'example_branch_labels' retrieved from /home/airflow/.local/lib/python3.8/site-packages/airflow/example_dags/example_branch_labels.py
[2025-06-03T13:37:17.555+0000] {logging_mixin.py:188} INFO - [2025-06-03T13:37:17.554+0000] {dag.py:3047} INFO - Sync 1 DAGs
[2025-06-03T13:37:17.567+0000] {logging_mixin.py:188} INFO - [2025-06-03T13:37:17.567+0000] {dag.py:3834} INFO - Setting next_dagrun for example_branch_labels to 2025-06-02 00:00:00+00:00, run_after=2025-06-03 00:00:00+00:00
[2025-06-03T13:37:17.576+0000] {processor.py:183} INFO - Processing /home/airflow/.local/lib/python3.8/site-packages/airflow/example_dags/example_branch_labels.py took 0.051 seconds
[2025-06-03T13:37:47.912+0000] {processor.py:161} INFO - Started process (PID=2300) to work on /home/airflow/.local/lib/python3.8/site-packages/airflow/example_dags/example_branch_labels.py
[2025-06-03T13:37:47.913+0000] {processor.py:830} INFO - Processing file /home/airflow/.local/lib/python3.8/site-packages/airflow/example_dags/example_branch_labels.py for tasks to queue
[2025-06-03T13:37:47.915+0000] {logging_mixin.py:188} INFO - [2025-06-03T13:37:47.915+0000] {dagbag.py:540} INFO - Filling up the DagBag from /home/airflow/.local/lib/python3.8/site-packages/airflow/example_dags/example_branch_labels.py
[2025-06-03T13:37:47.920+0000] {processor.py:840} INFO - DAG(s) 'example_branch_labels' retrieved from /home/airflow/.local/lib/python3.8/site-packages/airflow/example_dags/example_branch_labels.py
[2025-06-03T13:37:47.939+0000] {logging_mixin.py:188} INFO - [2025-06-03T13:37:47.938+0000] {dag.py:3047} INFO - Sync 1 DAGs
[2025-06-03T13:37:47.955+0000] {logging_mixin.py:188} INFO - [2025-06-03T13:37:47.955+0000] {dag.py:3834} INFO - Setting next_dagrun for example_branch_labels to 2025-06-02 00:00:00+00:00, run_after=2025-06-03 00:00:00+00:00
[2025-06-03T13:37:47.967+0000] {processor.py:183} INFO - Processing /home/airflow/.local/lib/python3.8/site-packages/airflow/example_dags/example_branch_labels.py took 0.057 seconds
[2025-06-03T13:38:18.657+0000] {processor.py:161} INFO - Started process (PID=2355) to work on /home/airflow/.local/lib/python3.8/site-packages/airflow/example_dags/example_branch_labels.py
[2025-06-03T13:38:18.658+0000] {processor.py:830} INFO - Processing file /home/airflow/.local/lib/python3.8/site-packages/airflow/example_dags/example_branch_labels.py for tasks to queue
[2025-06-03T13:38:18.661+0000] {logging_mixin.py:188} INFO - [2025-06-03T13:38:18.660+0000] {dagbag.py:540} INFO - Filling up the DagBag from /home/airflow/.local/lib/python3.8/site-packages/airflow/example_dags/example_branch_labels.py
[2025-06-03T13:38:18.676+0000] {processor.py:840} INFO - DAG(s) 'example_branch_labels' retrieved from /home/airflow/.local/lib/python3.8/site-packages/airflow/example_dags/example_branch_labels.py
[2025-06-03T13:38:18.707+0000] {logging_mixin.py:188} INFO - [2025-06-03T13:38:18.707+0000] {dag.py:3047} INFO - Sync 1 DAGs
[2025-06-03T13:38:18.727+0000] {logging_mixin.py:188} INFO - [2025-06-03T13:38:18.726+0000] {dag.py:3834} INFO - Setting next_dagrun for example_branch_labels to 2025-06-02 00:00:00+00:00, run_after=2025-06-03 00:00:00+00:00
[2025-06-03T13:38:18.740+0000] {processor.py:183} INFO - Processing /home/airflow/.local/lib/python3.8/site-packages/airflow/example_dags/example_branch_labels.py took 0.090 seconds
[2025-06-03T13:38:49.232+0000] {processor.py:161} INFO - Started process (PID=2410) to work on /home/airflow/.local/lib/python3.8/site-packages/airflow/example_dags/example_branch_labels.py
[2025-06-03T13:38:49.234+0000] {processor.py:830} INFO - Processing file /home/airflow/.local/lib/python3.8/site-packages/airflow/example_dags/example_branch_labels.py for tasks to queue
[2025-06-03T13:38:49.236+0000] {logging_mixin.py:188} INFO - [2025-06-03T13:38:49.235+0000] {dagbag.py:540} INFO - Filling up the DagBag from /home/airflow/.local/lib/python3.8/site-packages/airflow/example_dags/example_branch_labels.py
[2025-06-03T13:38:49.248+0000] {processor.py:840} INFO - DAG(s) 'example_branch_labels' retrieved from /home/airflow/.local/lib/python3.8/site-packages/airflow/example_dags/example_branch_labels.py
[2025-06-03T13:38:49.274+0000] {logging_mixin.py:188} INFO - [2025-06-03T13:38:49.274+0000] {dag.py:3047} INFO - Sync 1 DAGs
[2025-06-03T13:38:49.291+0000] {logging_mixin.py:188} INFO - [2025-06-03T13:38:49.291+0000] {dag.py:3834} INFO - Setting next_dagrun for example_branch_labels to 2025-06-02 00:00:00+00:00, run_after=2025-06-03 00:00:00+00:00
[2025-06-03T13:38:49.303+0000] {processor.py:183} INFO - Processing /home/airflow/.local/lib/python3.8/site-packages/airflow/example_dags/example_branch_labels.py took 0.076 seconds
[2025-06-03T13:39:19.385+0000] {processor.py:161} INFO - Started process (PID=2465) to work on /home/airflow/.local/lib/python3.8/site-packages/airflow/example_dags/example_branch_labels.py
[2025-06-03T13:39:19.386+0000] {processor.py:830} INFO - Processing file /home/airflow/.local/lib/python3.8/site-packages/airflow/example_dags/example_branch_labels.py for tasks to queue
[2025-06-03T13:39:19.388+0000] {logging_mixin.py:188} INFO - [2025-06-03T13:39:19.388+0000] {dagbag.py:540} INFO - Filling up the DagBag from /home/airflow/.local/lib/python3.8/site-packages/airflow/example_dags/example_branch_labels.py
[2025-06-03T13:39:19.401+0000] {processor.py:840} INFO - DAG(s) 'example_branch_labels' retrieved from /home/airflow/.local/lib/python3.8/site-packages/airflow/example_dags/example_branch_labels.py
[2025-06-03T13:39:19.426+0000] {logging_mixin.py:188} INFO - [2025-06-03T13:39:19.426+0000] {dag.py:3047} INFO - Sync 1 DAGs
[2025-06-03T13:39:19.445+0000] {logging_mixin.py:188} INFO - [2025-06-03T13:39:19.445+0000] {dag.py:3834} INFO - Setting next_dagrun for example_branch_labels to 2025-06-02 00:00:00+00:00, run_after=2025-06-03 00:00:00+00:00
[2025-06-03T13:39:19.460+0000] {processor.py:183} INFO - Processing /home/airflow/.local/lib/python3.8/site-packages/airflow/example_dags/example_branch_labels.py took 0.081 seconds
[2025-06-03T13:39:49.540+0000] {processor.py:161} INFO - Started process (PID=2520) to work on /home/airflow/.local/lib/python3.8/site-packages/airflow/example_dags/example_branch_labels.py
[2025-06-03T13:39:49.542+0000] {processor.py:830} INFO - Processing file /home/airflow/.local/lib/python3.8/site-packages/airflow/example_dags/example_branch_labels.py for tasks to queue
[2025-06-03T13:39:49.544+0000] {logging_mixin.py:188} INFO - [2025-06-03T13:39:49.543+0000] {dagbag.py:540} INFO - Filling up the DagBag from /home/airflow/.local/lib/python3.8/site-packages/airflow/example_dags/example_branch_labels.py
[2025-06-03T13:39:49.553+0000] {processor.py:840} INFO - DAG(s) 'example_branch_labels' retrieved from /home/airflow/.local/lib/python3.8/site-packages/airflow/example_dags/example_branch_labels.py
[2025-06-03T13:39:49.579+0000] {logging_mixin.py:188} INFO - [2025-06-03T13:39:49.579+0000] {dag.py:3047} INFO - Sync 1 DAGs
[2025-06-03T13:39:49.591+0000] {logging_mixin.py:188} INFO - [2025-06-03T13:39:49.591+0000] {dag.py:3834} INFO - Setting next_dagrun for example_branch_labels to 2025-06-02 00:00:00+00:00, run_after=2025-06-03 00:00:00+00:00
[2025-06-03T13:39:49.603+0000] {processor.py:183} INFO - Processing /home/airflow/.local/lib/python3.8/site-packages/airflow/example_dags/example_branch_labels.py took 0.071 seconds
[2025-06-03T13:40:20.131+0000] {processor.py:161} INFO - Started process (PID=2576) to work on /home/airflow/.local/lib/python3.8/site-packages/airflow/example_dags/example_branch_labels.py
[2025-06-03T13:40:20.132+0000] {processor.py:830} INFO - Processing file /home/airflow/.local/lib/python3.8/site-packages/airflow/example_dags/example_branch_labels.py for tasks to queue
[2025-06-03T13:40:20.136+0000] {logging_mixin.py:188} INFO - [2025-06-03T13:40:20.136+0000] {dagbag.py:540} INFO - Filling up the DagBag from /home/airflow/.local/lib/python3.8/site-packages/airflow/example_dags/example_branch_labels.py
[2025-06-03T13:40:20.146+0000] {processor.py:840} INFO - DAG(s) 'example_branch_labels' retrieved from /home/airflow/.local/lib/python3.8/site-packages/airflow/example_dags/example_branch_labels.py
[2025-06-03T13:40:20.171+0000] {logging_mixin.py:188} INFO - [2025-06-03T13:40:20.171+0000] {dag.py:3047} INFO - Sync 1 DAGs
[2025-06-03T13:40:20.187+0000] {logging_mixin.py:188} INFO - [2025-06-03T13:40:20.187+0000] {dag.py:3834} INFO - Setting next_dagrun for example_branch_labels to 2025-06-02 00:00:00+00:00, run_after=2025-06-03 00:00:00+00:00
[2025-06-03T13:40:20.200+0000] {processor.py:183} INFO - Processing /home/airflow/.local/lib/python3.8/site-packages/airflow/example_dags/example_branch_labels.py took 0.073 seconds
