[2025-06-03T13:16:57.158+0000] {processor.py:161} INFO - Started process (PID=42) to work on /home/airflow/.local/lib/python3.8/site-packages/airflow/example_dags/example_branch_python_dop_operator_3.py
[2025-06-03T13:16:57.159+0000] {processor.py:830} INFO - Processing file /home/airflow/.local/lib/python3.8/site-packages/airflow/example_dags/example_branch_python_dop_operator_3.py for tasks to queue
[2025-06-03T13:16:57.162+0000] {logging_mixin.py:188} INFO - [2025-06-03T13:16:57.162+0000] {dagbag.py:540} INFO - Filling up the DagBag from /home/airflow/.local/lib/python3.8/site-packages/airflow/example_dags/example_branch_python_dop_operator_3.py
[2025-06-03T13:16:57.171+0000] {processor.py:840} INFO - DAG(s) 'example_branch_dop_operator_v3' retrieved from /home/airflow/.local/lib/python3.8/site-packages/airflow/example_dags/example_branch_python_dop_operator_3.py
[2025-06-03T13:16:57.184+0000] {logging_mixin.py:188} INFO - [2025-06-03T13:16:57.183+0000] {dag.py:3047} INFO - Sync 1 DAGs
[2025-06-03T13:16:57.215+0000] {logging_mixin.py:188} INFO - [2025-06-03T13:16:57.215+0000] {dag.py:3834} INFO - Setting next_dagrun for example_branch_dop_operator_v3 to 2025-06-03 13:15:00+00:00, run_after=2025-06-03 13:16:00+00:00
[2025-06-03T13:16:57.252+0000] {processor.py:183} INFO - Processing /home/airflow/.local/lib/python3.8/site-packages/airflow/example_dags/example_branch_python_dop_operator_3.py took 0.095 seconds
[2025-06-03T13:17:27.681+0000] {processor.py:161} INFO - Started process (PID=97) to work on /home/airflow/.local/lib/python3.8/site-packages/airflow/example_dags/example_branch_python_dop_operator_3.py
[2025-06-03T13:17:27.682+0000] {processor.py:830} INFO - Processing file /home/airflow/.local/lib/python3.8/site-packages/airflow/example_dags/example_branch_python_dop_operator_3.py for tasks to queue
[2025-06-03T13:17:27.683+0000] {logging_mixin.py:188} INFO - [2025-06-03T13:17:27.683+0000] {dagbag.py:540} INFO - Filling up the DagBag from /home/airflow/.local/lib/python3.8/site-packages/airflow/example_dags/example_branch_python_dop_operator_3.py
[2025-06-03T13:17:27.688+0000] {processor.py:840} INFO - DAG(s) 'example_branch_dop_operator_v3' retrieved from /home/airflow/.local/lib/python3.8/site-packages/airflow/example_dags/example_branch_python_dop_operator_3.py
[2025-06-03T13:17:27.734+0000] {logging_mixin.py:188} INFO - [2025-06-03T13:17:27.734+0000] {dag.py:3047} INFO - Sync 1 DAGs
[2025-06-03T13:17:27.743+0000] {logging_mixin.py:188} INFO - [2025-06-03T13:17:27.743+0000] {dag.py:3834} INFO - Setting next_dagrun for example_branch_dop_operator_v3 to 2025-06-03 13:16:00+00:00, run_after=2025-06-03 13:17:00+00:00
[2025-06-03T13:17:27.751+0000] {processor.py:183} INFO - Processing /home/airflow/.local/lib/python3.8/site-packages/airflow/example_dags/example_branch_python_dop_operator_3.py took 0.071 seconds
[2025-06-03T13:17:57.983+0000] {processor.py:161} INFO - Started process (PID=152) to work on /home/airflow/.local/lib/python3.8/site-packages/airflow/example_dags/example_branch_python_dop_operator_3.py
[2025-06-03T13:17:57.983+0000] {processor.py:830} INFO - Processing file /home/airflow/.local/lib/python3.8/site-packages/airflow/example_dags/example_branch_python_dop_operator_3.py for tasks to queue
[2025-06-03T13:17:57.984+0000] {logging_mixin.py:188} INFO - [2025-06-03T13:17:57.984+0000] {dagbag.py:540} INFO - Filling up the DagBag from /home/airflow/.local/lib/python3.8/site-packages/airflow/example_dags/example_branch_python_dop_operator_3.py
[2025-06-03T13:17:57.988+0000] {processor.py:840} INFO - DAG(s) 'example_branch_dop_operator_v3' retrieved from /home/airflow/.local/lib/python3.8/site-packages/airflow/example_dags/example_branch_python_dop_operator_3.py
[2025-06-03T13:17:57.997+0000] {logging_mixin.py:188} INFO - [2025-06-03T13:17:57.997+0000] {dag.py:3047} INFO - Sync 1 DAGs
[2025-06-03T13:17:58.008+0000] {logging_mixin.py:188} INFO - [2025-06-03T13:17:58.007+0000] {dag.py:3834} INFO - Setting next_dagrun for example_branch_dop_operator_v3 to 2025-06-03 13:16:00+00:00, run_after=2025-06-03 13:17:00+00:00
[2025-06-03T13:17:58.014+0000] {processor.py:183} INFO - Processing /home/airflow/.local/lib/python3.8/site-packages/airflow/example_dags/example_branch_python_dop_operator_3.py took 0.032 seconds
[2025-06-03T13:18:28.509+0000] {processor.py:161} INFO - Started process (PID=207) to work on /home/airflow/.local/lib/python3.8/site-packages/airflow/example_dags/example_branch_python_dop_operator_3.py
[2025-06-03T13:18:28.511+0000] {processor.py:830} INFO - Processing file /home/airflow/.local/lib/python3.8/site-packages/airflow/example_dags/example_branch_python_dop_operator_3.py for tasks to queue
[2025-06-03T13:18:28.512+0000] {logging_mixin.py:188} INFO - [2025-06-03T13:18:28.512+0000] {dagbag.py:540} INFO - Filling up the DagBag from /home/airflow/.local/lib/python3.8/site-packages/airflow/example_dags/example_branch_python_dop_operator_3.py
[2025-06-03T13:18:28.517+0000] {processor.py:840} INFO - DAG(s) 'example_branch_dop_operator_v3' retrieved from /home/airflow/.local/lib/python3.8/site-packages/airflow/example_dags/example_branch_python_dop_operator_3.py
[2025-06-03T13:18:28.528+0000] {logging_mixin.py:188} INFO - [2025-06-03T13:18:28.528+0000] {dag.py:3047} INFO - Sync 1 DAGs
[2025-06-03T13:18:28.542+0000] {logging_mixin.py:188} INFO - [2025-06-03T13:18:28.542+0000] {dag.py:3834} INFO - Setting next_dagrun for example_branch_dop_operator_v3 to 2025-06-03 13:17:00+00:00, run_after=2025-06-03 13:18:00+00:00
[2025-06-03T13:18:28.551+0000] {processor.py:183} INFO - Processing /home/airflow/.local/lib/python3.8/site-packages/airflow/example_dags/example_branch_python_dop_operator_3.py took 0.045 seconds
[2025-06-03T13:18:59.173+0000] {processor.py:161} INFO - Started process (PID=262) to work on /home/airflow/.local/lib/python3.8/site-packages/airflow/example_dags/example_branch_python_dop_operator_3.py
[2025-06-03T13:18:59.176+0000] {processor.py:830} INFO - Processing file /home/airflow/.local/lib/python3.8/site-packages/airflow/example_dags/example_branch_python_dop_operator_3.py for tasks to queue
[2025-06-03T13:18:59.177+0000] {logging_mixin.py:188} INFO - [2025-06-03T13:18:59.177+0000] {dagbag.py:540} INFO - Filling up the DagBag from /home/airflow/.local/lib/python3.8/site-packages/airflow/example_dags/example_branch_python_dop_operator_3.py
[2025-06-03T13:18:59.181+0000] {processor.py:840} INFO - DAG(s) 'example_branch_dop_operator_v3' retrieved from /home/airflow/.local/lib/python3.8/site-packages/airflow/example_dags/example_branch_python_dop_operator_3.py
[2025-06-03T13:18:59.196+0000] {logging_mixin.py:188} INFO - [2025-06-03T13:18:59.196+0000] {dag.py:3047} INFO - Sync 1 DAGs
[2025-06-03T13:18:59.208+0000] {logging_mixin.py:188} INFO - [2025-06-03T13:18:59.208+0000] {dag.py:3834} INFO - Setting next_dagrun for example_branch_dop_operator_v3 to 2025-06-03 13:17:00+00:00, run_after=2025-06-03 13:18:00+00:00
[2025-06-03T13:18:59.218+0000] {processor.py:183} INFO - Processing /home/airflow/.local/lib/python3.8/site-packages/airflow/example_dags/example_branch_python_dop_operator_3.py took 0.047 seconds
[2025-06-03T13:19:29.699+0000] {processor.py:161} INFO - Started process (PID=323) to work on /home/airflow/.local/lib/python3.8/site-packages/airflow/example_dags/example_branch_python_dop_operator_3.py
[2025-06-03T13:19:29.700+0000] {processor.py:830} INFO - Processing file /home/airflow/.local/lib/python3.8/site-packages/airflow/example_dags/example_branch_python_dop_operator_3.py for tasks to queue
[2025-06-03T13:19:29.700+0000] {logging_mixin.py:188} INFO - [2025-06-03T13:19:29.700+0000] {dagbag.py:540} INFO - Filling up the DagBag from /home/airflow/.local/lib/python3.8/site-packages/airflow/example_dags/example_branch_python_dop_operator_3.py
[2025-06-03T13:19:29.706+0000] {processor.py:840} INFO - DAG(s) 'example_branch_dop_operator_v3' retrieved from /home/airflow/.local/lib/python3.8/site-packages/airflow/example_dags/example_branch_python_dop_operator_3.py
[2025-06-03T13:19:29.718+0000] {logging_mixin.py:188} INFO - [2025-06-03T13:19:29.718+0000] {dag.py:3047} INFO - Sync 1 DAGs
[2025-06-03T13:19:29.728+0000] {logging_mixin.py:188} INFO - [2025-06-03T13:19:29.728+0000] {dag.py:3834} INFO - Setting next_dagrun for example_branch_dop_operator_v3 to 2025-06-03 13:18:00+00:00, run_after=2025-06-03 13:19:00+00:00
[2025-06-03T13:19:29.738+0000] {processor.py:183} INFO - Processing /home/airflow/.local/lib/python3.8/site-packages/airflow/example_dags/example_branch_python_dop_operator_3.py took 0.041 seconds
[2025-06-03T13:20:00.368+0000] {processor.py:161} INFO - Started process (PID=378) to work on /home/airflow/.local/lib/python3.8/site-packages/airflow/example_dags/example_branch_python_dop_operator_3.py
[2025-06-03T13:20:00.369+0000] {processor.py:830} INFO - Processing file /home/airflow/.local/lib/python3.8/site-packages/airflow/example_dags/example_branch_python_dop_operator_3.py for tasks to queue
[2025-06-03T13:20:00.370+0000] {logging_mixin.py:188} INFO - [2025-06-03T13:20:00.370+0000] {dagbag.py:540} INFO - Filling up the DagBag from /home/airflow/.local/lib/python3.8/site-packages/airflow/example_dags/example_branch_python_dop_operator_3.py
[2025-06-03T13:20:00.374+0000] {processor.py:840} INFO - DAG(s) 'example_branch_dop_operator_v3' retrieved from /home/airflow/.local/lib/python3.8/site-packages/airflow/example_dags/example_branch_python_dop_operator_3.py
[2025-06-03T13:20:00.385+0000] {logging_mixin.py:188} INFO - [2025-06-03T13:20:00.385+0000] {dag.py:3047} INFO - Sync 1 DAGs
[2025-06-03T13:20:00.395+0000] {logging_mixin.py:188} INFO - [2025-06-03T13:20:00.395+0000] {dag.py:3834} INFO - Setting next_dagrun for example_branch_dop_operator_v3 to 2025-06-03 13:19:00+00:00, run_after=2025-06-03 13:20:00+00:00
[2025-06-03T13:20:00.405+0000] {processor.py:183} INFO - Processing /home/airflow/.local/lib/python3.8/site-packages/airflow/example_dags/example_branch_python_dop_operator_3.py took 0.038 seconds
[2025-06-03T13:20:31.162+0000] {processor.py:161} INFO - Started process (PID=433) to work on /home/airflow/.local/lib/python3.8/site-packages/airflow/example_dags/example_branch_python_dop_operator_3.py
[2025-06-03T13:20:31.163+0000] {processor.py:830} INFO - Processing file /home/airflow/.local/lib/python3.8/site-packages/airflow/example_dags/example_branch_python_dop_operator_3.py for tasks to queue
[2025-06-03T13:20:31.164+0000] {logging_mixin.py:188} INFO - [2025-06-03T13:20:31.164+0000] {dagbag.py:540} INFO - Filling up the DagBag from /home/airflow/.local/lib/python3.8/site-packages/airflow/example_dags/example_branch_python_dop_operator_3.py
[2025-06-03T13:20:31.170+0000] {processor.py:840} INFO - DAG(s) 'example_branch_dop_operator_v3' retrieved from /home/airflow/.local/lib/python3.8/site-packages/airflow/example_dags/example_branch_python_dop_operator_3.py
[2025-06-03T13:20:31.178+0000] {logging_mixin.py:188} INFO - [2025-06-03T13:20:31.178+0000] {dag.py:3047} INFO - Sync 1 DAGs
[2025-06-03T13:20:31.188+0000] {logging_mixin.py:188} INFO - [2025-06-03T13:20:31.188+0000] {dag.py:3834} INFO - Setting next_dagrun for example_branch_dop_operator_v3 to 2025-06-03 13:19:00+00:00, run_after=2025-06-03 13:20:00+00:00
[2025-06-03T13:20:31.194+0000] {processor.py:183} INFO - Processing /home/airflow/.local/lib/python3.8/site-packages/airflow/example_dags/example_branch_python_dop_operator_3.py took 0.034 seconds
[2025-06-03T13:21:01.905+0000] {processor.py:161} INFO - Started process (PID=488) to work on /home/airflow/.local/lib/python3.8/site-packages/airflow/example_dags/example_branch_python_dop_operator_3.py
[2025-06-03T13:21:01.907+0000] {processor.py:830} INFO - Processing file /home/airflow/.local/lib/python3.8/site-packages/airflow/example_dags/example_branch_python_dop_operator_3.py for tasks to queue
[2025-06-03T13:21:01.909+0000] {logging_mixin.py:188} INFO - [2025-06-03T13:21:01.908+0000] {dagbag.py:540} INFO - Filling up the DagBag from /home/airflow/.local/lib/python3.8/site-packages/airflow/example_dags/example_branch_python_dop_operator_3.py
[2025-06-03T13:21:01.914+0000] {processor.py:840} INFO - DAG(s) 'example_branch_dop_operator_v3' retrieved from /home/airflow/.local/lib/python3.8/site-packages/airflow/example_dags/example_branch_python_dop_operator_3.py
[2025-06-03T13:21:01.927+0000] {logging_mixin.py:188} INFO - [2025-06-03T13:21:01.926+0000] {dag.py:3047} INFO - Sync 1 DAGs
[2025-06-03T13:21:01.939+0000] {logging_mixin.py:188} INFO - [2025-06-03T13:21:01.939+0000] {dag.py:3834} INFO - Setting next_dagrun for example_branch_dop_operator_v3 to 2025-06-03 13:20:00+00:00, run_after=2025-06-03 13:21:00+00:00
[2025-06-03T13:21:01.947+0000] {processor.py:183} INFO - Processing /home/airflow/.local/lib/python3.8/site-packages/airflow/example_dags/example_branch_python_dop_operator_3.py took 0.043 seconds
[2025-06-03T13:21:32.785+0000] {processor.py:161} INFO - Started process (PID=543) to work on /home/airflow/.local/lib/python3.8/site-packages/airflow/example_dags/example_branch_python_dop_operator_3.py
[2025-06-03T13:21:32.785+0000] {processor.py:830} INFO - Processing file /home/airflow/.local/lib/python3.8/site-packages/airflow/example_dags/example_branch_python_dop_operator_3.py for tasks to queue
[2025-06-03T13:21:32.786+0000] {logging_mixin.py:188} INFO - [2025-06-03T13:21:32.786+0000] {dagbag.py:540} INFO - Filling up the DagBag from /home/airflow/.local/lib/python3.8/site-packages/airflow/example_dags/example_branch_python_dop_operator_3.py
[2025-06-03T13:21:32.791+0000] {processor.py:840} INFO - DAG(s) 'example_branch_dop_operator_v3' retrieved from /home/airflow/.local/lib/python3.8/site-packages/airflow/example_dags/example_branch_python_dop_operator_3.py
[2025-06-03T13:21:32.799+0000] {logging_mixin.py:188} INFO - [2025-06-03T13:21:32.799+0000] {dag.py:3047} INFO - Sync 1 DAGs
[2025-06-03T13:21:32.808+0000] {logging_mixin.py:188} INFO - [2025-06-03T13:21:32.808+0000] {dag.py:3834} INFO - Setting next_dagrun for example_branch_dop_operator_v3 to 2025-06-03 13:20:00+00:00, run_after=2025-06-03 13:21:00+00:00
[2025-06-03T13:21:32.814+0000] {processor.py:183} INFO - Processing /home/airflow/.local/lib/python3.8/site-packages/airflow/example_dags/example_branch_python_dop_operator_3.py took 0.031 seconds
[2025-06-03T13:22:03.700+0000] {processor.py:161} INFO - Started process (PID=598) to work on /home/airflow/.local/lib/python3.8/site-packages/airflow/example_dags/example_branch_python_dop_operator_3.py
[2025-06-03T13:22:03.703+0000] {processor.py:830} INFO - Processing file /home/airflow/.local/lib/python3.8/site-packages/airflow/example_dags/example_branch_python_dop_operator_3.py for tasks to queue
[2025-06-03T13:22:03.704+0000] {logging_mixin.py:188} INFO - [2025-06-03T13:22:03.703+0000] {dagbag.py:540} INFO - Filling up the DagBag from /home/airflow/.local/lib/python3.8/site-packages/airflow/example_dags/example_branch_python_dop_operator_3.py
[2025-06-03T13:22:03.709+0000] {processor.py:840} INFO - DAG(s) 'example_branch_dop_operator_v3' retrieved from /home/airflow/.local/lib/python3.8/site-packages/airflow/example_dags/example_branch_python_dop_operator_3.py
[2025-06-03T13:22:03.721+0000] {logging_mixin.py:188} INFO - [2025-06-03T13:22:03.721+0000] {dag.py:3047} INFO - Sync 1 DAGs
[2025-06-03T13:22:03.741+0000] {logging_mixin.py:188} INFO - [2025-06-03T13:22:03.741+0000] {dag.py:3834} INFO - Setting next_dagrun for example_branch_dop_operator_v3 to 2025-06-03 13:21:00+00:00, run_after=2025-06-03 13:22:00+00:00
[2025-06-03T13:22:03.752+0000] {processor.py:183} INFO - Processing /home/airflow/.local/lib/python3.8/site-packages/airflow/example_dags/example_branch_python_dop_operator_3.py took 0.054 seconds
[2025-06-03T13:22:34.736+0000] {processor.py:161} INFO - Started process (PID=653) to work on /home/airflow/.local/lib/python3.8/site-packages/airflow/example_dags/example_branch_python_dop_operator_3.py
[2025-06-03T13:22:34.737+0000] {processor.py:830} INFO - Processing file /home/airflow/.local/lib/python3.8/site-packages/airflow/example_dags/example_branch_python_dop_operator_3.py for tasks to queue
[2025-06-03T13:22:34.741+0000] {logging_mixin.py:188} INFO - [2025-06-03T13:22:34.741+0000] {dagbag.py:540} INFO - Filling up the DagBag from /home/airflow/.local/lib/python3.8/site-packages/airflow/example_dags/example_branch_python_dop_operator_3.py
[2025-06-03T13:22:34.747+0000] {processor.py:840} INFO - DAG(s) 'example_branch_dop_operator_v3' retrieved from /home/airflow/.local/lib/python3.8/site-packages/airflow/example_dags/example_branch_python_dop_operator_3.py
[2025-06-03T13:22:34.760+0000] {logging_mixin.py:188} INFO - [2025-06-03T13:22:34.759+0000] {dag.py:3047} INFO - Sync 1 DAGs
[2025-06-03T13:22:34.772+0000] {logging_mixin.py:188} INFO - [2025-06-03T13:22:34.771+0000] {dag.py:3834} INFO - Setting next_dagrun for example_branch_dop_operator_v3 to 2025-06-03 13:21:00+00:00, run_after=2025-06-03 13:22:00+00:00
[2025-06-03T13:22:34.779+0000] {processor.py:183} INFO - Processing /home/airflow/.local/lib/python3.8/site-packages/airflow/example_dags/example_branch_python_dop_operator_3.py took 0.046 seconds
[2025-06-03T13:23:05.518+0000] {processor.py:161} INFO - Started process (PID=708) to work on /home/airflow/.local/lib/python3.8/site-packages/airflow/example_dags/example_branch_python_dop_operator_3.py
[2025-06-03T13:23:05.519+0000] {processor.py:830} INFO - Processing file /home/airflow/.local/lib/python3.8/site-packages/airflow/example_dags/example_branch_python_dop_operator_3.py for tasks to queue
[2025-06-03T13:23:05.519+0000] {logging_mixin.py:188} INFO - [2025-06-03T13:23:05.519+0000] {dagbag.py:540} INFO - Filling up the DagBag from /home/airflow/.local/lib/python3.8/site-packages/airflow/example_dags/example_branch_python_dop_operator_3.py
[2025-06-03T13:23:05.524+0000] {processor.py:840} INFO - DAG(s) 'example_branch_dop_operator_v3' retrieved from /home/airflow/.local/lib/python3.8/site-packages/airflow/example_dags/example_branch_python_dop_operator_3.py
[2025-06-03T13:23:05.534+0000] {logging_mixin.py:188} INFO - [2025-06-03T13:23:05.534+0000] {dag.py:3047} INFO - Sync 1 DAGs
[2025-06-03T13:23:05.543+0000] {logging_mixin.py:188} INFO - [2025-06-03T13:23:05.543+0000] {dag.py:3834} INFO - Setting next_dagrun for example_branch_dop_operator_v3 to 2025-06-03 13:22:00+00:00, run_after=2025-06-03 13:23:00+00:00
[2025-06-03T13:23:05.549+0000] {processor.py:183} INFO - Processing /home/airflow/.local/lib/python3.8/site-packages/airflow/example_dags/example_branch_python_dop_operator_3.py took 0.033 seconds
[2025-06-03T13:23:36.534+0000] {processor.py:161} INFO - Started process (PID=763) to work on /home/airflow/.local/lib/python3.8/site-packages/airflow/example_dags/example_branch_python_dop_operator_3.py
[2025-06-03T13:23:36.535+0000] {processor.py:830} INFO - Processing file /home/airflow/.local/lib/python3.8/site-packages/airflow/example_dags/example_branch_python_dop_operator_3.py for tasks to queue
[2025-06-03T13:23:36.537+0000] {logging_mixin.py:188} INFO - [2025-06-03T13:23:36.537+0000] {dagbag.py:540} INFO - Filling up the DagBag from /home/airflow/.local/lib/python3.8/site-packages/airflow/example_dags/example_branch_python_dop_operator_3.py
[2025-06-03T13:23:36.544+0000] {processor.py:840} INFO - DAG(s) 'example_branch_dop_operator_v3' retrieved from /home/airflow/.local/lib/python3.8/site-packages/airflow/example_dags/example_branch_python_dop_operator_3.py
[2025-06-03T13:23:36.554+0000] {logging_mixin.py:188} INFO - [2025-06-03T13:23:36.554+0000] {dag.py:3047} INFO - Sync 1 DAGs
[2025-06-03T13:23:36.565+0000] {logging_mixin.py:188} INFO - [2025-06-03T13:23:36.565+0000] {dag.py:3834} INFO - Setting next_dagrun for example_branch_dop_operator_v3 to 2025-06-03 13:22:00+00:00, run_after=2025-06-03 13:23:00+00:00
[2025-06-03T13:23:36.572+0000] {processor.py:183} INFO - Processing /home/airflow/.local/lib/python3.8/site-packages/airflow/example_dags/example_branch_python_dop_operator_3.py took 0.039 seconds
[2025-06-03T13:24:06.775+0000] {processor.py:161} INFO - Started process (PID=818) to work on /home/airflow/.local/lib/python3.8/site-packages/airflow/example_dags/example_branch_python_dop_operator_3.py
[2025-06-03T13:24:06.776+0000] {processor.py:830} INFO - Processing file /home/airflow/.local/lib/python3.8/site-packages/airflow/example_dags/example_branch_python_dop_operator_3.py for tasks to queue
[2025-06-03T13:24:06.777+0000] {logging_mixin.py:188} INFO - [2025-06-03T13:24:06.777+0000] {dagbag.py:540} INFO - Filling up the DagBag from /home/airflow/.local/lib/python3.8/site-packages/airflow/example_dags/example_branch_python_dop_operator_3.py
[2025-06-03T13:24:06.782+0000] {processor.py:840} INFO - DAG(s) 'example_branch_dop_operator_v3' retrieved from /home/airflow/.local/lib/python3.8/site-packages/airflow/example_dags/example_branch_python_dop_operator_3.py
[2025-06-03T13:24:06.790+0000] {logging_mixin.py:188} INFO - [2025-06-03T13:24:06.790+0000] {dag.py:3047} INFO - Sync 1 DAGs
[2025-06-03T13:24:06.799+0000] {logging_mixin.py:188} INFO - [2025-06-03T13:24:06.799+0000] {dag.py:3834} INFO - Setting next_dagrun for example_branch_dop_operator_v3 to 2025-06-03 13:23:00+00:00, run_after=2025-06-03 13:24:00+00:00
[2025-06-03T13:24:06.806+0000] {processor.py:183} INFO - Processing /home/airflow/.local/lib/python3.8/site-packages/airflow/example_dags/example_branch_python_dop_operator_3.py took 0.033 seconds
[2025-06-03T13:24:37.684+0000] {processor.py:161} INFO - Started process (PID=873) to work on /home/airflow/.local/lib/python3.8/site-packages/airflow/example_dags/example_branch_python_dop_operator_3.py
[2025-06-03T13:24:37.687+0000] {processor.py:830} INFO - Processing file /home/airflow/.local/lib/python3.8/site-packages/airflow/example_dags/example_branch_python_dop_operator_3.py for tasks to queue
[2025-06-03T13:24:37.688+0000] {logging_mixin.py:188} INFO - [2025-06-03T13:24:37.688+0000] {dagbag.py:540} INFO - Filling up the DagBag from /home/airflow/.local/lib/python3.8/site-packages/airflow/example_dags/example_branch_python_dop_operator_3.py
[2025-06-03T13:24:37.692+0000] {processor.py:840} INFO - DAG(s) 'example_branch_dop_operator_v3' retrieved from /home/airflow/.local/lib/python3.8/site-packages/airflow/example_dags/example_branch_python_dop_operator_3.py
[2025-06-03T13:24:37.702+0000] {logging_mixin.py:188} INFO - [2025-06-03T13:24:37.702+0000] {dag.py:3047} INFO - Sync 1 DAGs
[2025-06-03T13:24:37.717+0000] {logging_mixin.py:188} INFO - [2025-06-03T13:24:37.717+0000] {dag.py:3834} INFO - Setting next_dagrun for example_branch_dop_operator_v3 to 2025-06-03 13:23:00+00:00, run_after=2025-06-03 13:24:00+00:00
[2025-06-03T13:24:37.726+0000] {processor.py:183} INFO - Processing /home/airflow/.local/lib/python3.8/site-packages/airflow/example_dags/example_branch_python_dop_operator_3.py took 0.044 seconds
[2025-06-03T13:25:08.265+0000] {processor.py:161} INFO - Started process (PID=928) to work on /home/airflow/.local/lib/python3.8/site-packages/airflow/example_dags/example_branch_python_dop_operator_3.py
[2025-06-03T13:25:08.265+0000] {processor.py:830} INFO - Processing file /home/airflow/.local/lib/python3.8/site-packages/airflow/example_dags/example_branch_python_dop_operator_3.py for tasks to queue
[2025-06-03T13:25:08.266+0000] {logging_mixin.py:188} INFO - [2025-06-03T13:25:08.266+0000] {dagbag.py:540} INFO - Filling up the DagBag from /home/airflow/.local/lib/python3.8/site-packages/airflow/example_dags/example_branch_python_dop_operator_3.py
[2025-06-03T13:25:08.272+0000] {processor.py:840} INFO - DAG(s) 'example_branch_dop_operator_v3' retrieved from /home/airflow/.local/lib/python3.8/site-packages/airflow/example_dags/example_branch_python_dop_operator_3.py
[2025-06-03T13:25:08.281+0000] {logging_mixin.py:188} INFO - [2025-06-03T13:25:08.281+0000] {dag.py:3047} INFO - Sync 1 DAGs
[2025-06-03T13:25:08.295+0000] {logging_mixin.py:188} INFO - [2025-06-03T13:25:08.295+0000] {dag.py:3834} INFO - Setting next_dagrun for example_branch_dop_operator_v3 to 2025-06-03 13:24:00+00:00, run_after=2025-06-03 13:25:00+00:00
[2025-06-03T13:25:08.301+0000] {processor.py:183} INFO - Processing /home/airflow/.local/lib/python3.8/site-packages/airflow/example_dags/example_branch_python_dop_operator_3.py took 0.037 seconds
[2025-06-03T13:25:38.661+0000] {processor.py:161} INFO - Started process (PID=983) to work on /home/airflow/.local/lib/python3.8/site-packages/airflow/example_dags/example_branch_python_dop_operator_3.py
[2025-06-03T13:25:38.661+0000] {processor.py:830} INFO - Processing file /home/airflow/.local/lib/python3.8/site-packages/airflow/example_dags/example_branch_python_dop_operator_3.py for tasks to queue
[2025-06-03T13:25:38.662+0000] {logging_mixin.py:188} INFO - [2025-06-03T13:25:38.662+0000] {dagbag.py:540} INFO - Filling up the DagBag from /home/airflow/.local/lib/python3.8/site-packages/airflow/example_dags/example_branch_python_dop_operator_3.py
[2025-06-03T13:25:38.667+0000] {processor.py:840} INFO - DAG(s) 'example_branch_dop_operator_v3' retrieved from /home/airflow/.local/lib/python3.8/site-packages/airflow/example_dags/example_branch_python_dop_operator_3.py
[2025-06-03T13:25:38.677+0000] {logging_mixin.py:188} INFO - [2025-06-03T13:25:38.676+0000] {dag.py:3047} INFO - Sync 1 DAGs
[2025-06-03T13:25:38.688+0000] {logging_mixin.py:188} INFO - [2025-06-03T13:25:38.688+0000] {dag.py:3834} INFO - Setting next_dagrun for example_branch_dop_operator_v3 to 2025-06-03 13:24:00+00:00, run_after=2025-06-03 13:25:00+00:00
[2025-06-03T13:25:38.705+0000] {processor.py:183} INFO - Processing /home/airflow/.local/lib/python3.8/site-packages/airflow/example_dags/example_branch_python_dop_operator_3.py took 0.046 seconds
[2025-06-03T13:26:08.862+0000] {processor.py:161} INFO - Started process (PID=1038) to work on /home/airflow/.local/lib/python3.8/site-packages/airflow/example_dags/example_branch_python_dop_operator_3.py
[2025-06-03T13:26:08.862+0000] {processor.py:830} INFO - Processing file /home/airflow/.local/lib/python3.8/site-packages/airflow/example_dags/example_branch_python_dop_operator_3.py for tasks to queue
[2025-06-03T13:26:08.863+0000] {logging_mixin.py:188} INFO - [2025-06-03T13:26:08.863+0000] {dagbag.py:540} INFO - Filling up the DagBag from /home/airflow/.local/lib/python3.8/site-packages/airflow/example_dags/example_branch_python_dop_operator_3.py
[2025-06-03T13:26:08.867+0000] {processor.py:840} INFO - DAG(s) 'example_branch_dop_operator_v3' retrieved from /home/airflow/.local/lib/python3.8/site-packages/airflow/example_dags/example_branch_python_dop_operator_3.py
[2025-06-03T13:26:08.876+0000] {logging_mixin.py:188} INFO - [2025-06-03T13:26:08.876+0000] {dag.py:3047} INFO - Sync 1 DAGs
[2025-06-03T13:26:08.886+0000] {logging_mixin.py:188} INFO - [2025-06-03T13:26:08.886+0000] {dag.py:3834} INFO - Setting next_dagrun for example_branch_dop_operator_v3 to 2025-06-03 13:25:00+00:00, run_after=2025-06-03 13:26:00+00:00
[2025-06-03T13:26:08.892+0000] {processor.py:183} INFO - Processing /home/airflow/.local/lib/python3.8/site-packages/airflow/example_dags/example_branch_python_dop_operator_3.py took 0.032 seconds
[2025-06-03T13:26:39.292+0000] {processor.py:161} INFO - Started process (PID=1093) to work on /home/airflow/.local/lib/python3.8/site-packages/airflow/example_dags/example_branch_python_dop_operator_3.py
[2025-06-03T13:26:39.293+0000] {processor.py:830} INFO - Processing file /home/airflow/.local/lib/python3.8/site-packages/airflow/example_dags/example_branch_python_dop_operator_3.py for tasks to queue
[2025-06-03T13:26:39.295+0000] {logging_mixin.py:188} INFO - [2025-06-03T13:26:39.294+0000] {dagbag.py:540} INFO - Filling up the DagBag from /home/airflow/.local/lib/python3.8/site-packages/airflow/example_dags/example_branch_python_dop_operator_3.py
[2025-06-03T13:26:39.301+0000] {processor.py:840} INFO - DAG(s) 'example_branch_dop_operator_v3' retrieved from /home/airflow/.local/lib/python3.8/site-packages/airflow/example_dags/example_branch_python_dop_operator_3.py
[2025-06-03T13:26:39.311+0000] {logging_mixin.py:188} INFO - [2025-06-03T13:26:39.311+0000] {dag.py:3047} INFO - Sync 1 DAGs
[2025-06-03T13:26:39.322+0000] {logging_mixin.py:188} INFO - [2025-06-03T13:26:39.322+0000] {dag.py:3834} INFO - Setting next_dagrun for example_branch_dop_operator_v3 to 2025-06-03 13:25:00+00:00, run_after=2025-06-03 13:26:00+00:00
[2025-06-03T13:26:39.328+0000] {processor.py:183} INFO - Processing /home/airflow/.local/lib/python3.8/site-packages/airflow/example_dags/example_branch_python_dop_operator_3.py took 0.039 seconds
[2025-06-03T13:27:09.978+0000] {processor.py:161} INFO - Started process (PID=1148) to work on /home/airflow/.local/lib/python3.8/site-packages/airflow/example_dags/example_branch_python_dop_operator_3.py
[2025-06-03T13:27:09.978+0000] {processor.py:830} INFO - Processing file /home/airflow/.local/lib/python3.8/site-packages/airflow/example_dags/example_branch_python_dop_operator_3.py for tasks to queue
[2025-06-03T13:27:09.980+0000] {logging_mixin.py:188} INFO - [2025-06-03T13:27:09.979+0000] {dagbag.py:540} INFO - Filling up the DagBag from /home/airflow/.local/lib/python3.8/site-packages/airflow/example_dags/example_branch_python_dop_operator_3.py
[2025-06-03T13:27:09.986+0000] {processor.py:840} INFO - DAG(s) 'example_branch_dop_operator_v3' retrieved from /home/airflow/.local/lib/python3.8/site-packages/airflow/example_dags/example_branch_python_dop_operator_3.py
[2025-06-03T13:27:09.999+0000] {logging_mixin.py:188} INFO - [2025-06-03T13:27:09.999+0000] {dag.py:3047} INFO - Sync 1 DAGs
[2025-06-03T13:27:10.013+0000] {logging_mixin.py:188} INFO - [2025-06-03T13:27:10.013+0000] {dag.py:3834} INFO - Setting next_dagrun for example_branch_dop_operator_v3 to 2025-06-03 13:26:00+00:00, run_after=2025-06-03 13:27:00+00:00
[2025-06-03T13:27:10.021+0000] {processor.py:183} INFO - Processing /home/airflow/.local/lib/python3.8/site-packages/airflow/example_dags/example_branch_python_dop_operator_3.py took 0.045 seconds
[2025-06-03T13:27:40.562+0000] {processor.py:161} INFO - Started process (PID=1203) to work on /home/airflow/.local/lib/python3.8/site-packages/airflow/example_dags/example_branch_python_dop_operator_3.py
[2025-06-03T13:27:40.562+0000] {processor.py:830} INFO - Processing file /home/airflow/.local/lib/python3.8/site-packages/airflow/example_dags/example_branch_python_dop_operator_3.py for tasks to queue
[2025-06-03T13:27:40.563+0000] {logging_mixin.py:188} INFO - [2025-06-03T13:27:40.563+0000] {dagbag.py:540} INFO - Filling up the DagBag from /home/airflow/.local/lib/python3.8/site-packages/airflow/example_dags/example_branch_python_dop_operator_3.py
[2025-06-03T13:27:40.567+0000] {processor.py:840} INFO - DAG(s) 'example_branch_dop_operator_v3' retrieved from /home/airflow/.local/lib/python3.8/site-packages/airflow/example_dags/example_branch_python_dop_operator_3.py
[2025-06-03T13:27:40.575+0000] {logging_mixin.py:188} INFO - [2025-06-03T13:27:40.575+0000] {dag.py:3047} INFO - Sync 1 DAGs
[2025-06-03T13:27:40.584+0000] {logging_mixin.py:188} INFO - [2025-06-03T13:27:40.584+0000] {dag.py:3834} INFO - Setting next_dagrun for example_branch_dop_operator_v3 to 2025-06-03 13:26:00+00:00, run_after=2025-06-03 13:27:00+00:00
[2025-06-03T13:27:40.589+0000] {processor.py:183} INFO - Processing /home/airflow/.local/lib/python3.8/site-packages/airflow/example_dags/example_branch_python_dop_operator_3.py took 0.029 seconds
[2025-06-03T13:28:11.126+0000] {processor.py:161} INFO - Started process (PID=1258) to work on /home/airflow/.local/lib/python3.8/site-packages/airflow/example_dags/example_branch_python_dop_operator_3.py
[2025-06-03T13:28:11.127+0000] {processor.py:830} INFO - Processing file /home/airflow/.local/lib/python3.8/site-packages/airflow/example_dags/example_branch_python_dop_operator_3.py for tasks to queue
[2025-06-03T13:28:11.127+0000] {logging_mixin.py:188} INFO - [2025-06-03T13:28:11.127+0000] {dagbag.py:540} INFO - Filling up the DagBag from /home/airflow/.local/lib/python3.8/site-packages/airflow/example_dags/example_branch_python_dop_operator_3.py
[2025-06-03T13:28:11.132+0000] {processor.py:840} INFO - DAG(s) 'example_branch_dop_operator_v3' retrieved from /home/airflow/.local/lib/python3.8/site-packages/airflow/example_dags/example_branch_python_dop_operator_3.py
[2025-06-03T13:28:11.143+0000] {logging_mixin.py:188} INFO - [2025-06-03T13:28:11.143+0000] {dag.py:3047} INFO - Sync 1 DAGs
[2025-06-03T13:28:11.152+0000] {logging_mixin.py:188} INFO - [2025-06-03T13:28:11.152+0000] {dag.py:3834} INFO - Setting next_dagrun for example_branch_dop_operator_v3 to 2025-06-03 13:27:00+00:00, run_after=2025-06-03 13:28:00+00:00
[2025-06-03T13:28:11.159+0000] {processor.py:183} INFO - Processing /home/airflow/.local/lib/python3.8/site-packages/airflow/example_dags/example_branch_python_dop_operator_3.py took 0.035 seconds
[2025-06-03T13:28:42.049+0000] {processor.py:161} INFO - Started process (PID=1313) to work on /home/airflow/.local/lib/python3.8/site-packages/airflow/example_dags/example_branch_python_dop_operator_3.py
[2025-06-03T13:28:42.050+0000] {processor.py:830} INFO - Processing file /home/airflow/.local/lib/python3.8/site-packages/airflow/example_dags/example_branch_python_dop_operator_3.py for tasks to queue
[2025-06-03T13:28:42.051+0000] {logging_mixin.py:188} INFO - [2025-06-03T13:28:42.051+0000] {dagbag.py:540} INFO - Filling up the DagBag from /home/airflow/.local/lib/python3.8/site-packages/airflow/example_dags/example_branch_python_dop_operator_3.py
[2025-06-03T13:28:42.058+0000] {processor.py:840} INFO - DAG(s) 'example_branch_dop_operator_v3' retrieved from /home/airflow/.local/lib/python3.8/site-packages/airflow/example_dags/example_branch_python_dop_operator_3.py
[2025-06-03T13:28:42.071+0000] {logging_mixin.py:188} INFO - [2025-06-03T13:28:42.070+0000] {dag.py:3047} INFO - Sync 1 DAGs
[2025-06-03T13:28:42.084+0000] {logging_mixin.py:188} INFO - [2025-06-03T13:28:42.084+0000] {dag.py:3834} INFO - Setting next_dagrun for example_branch_dop_operator_v3 to 2025-06-03 13:27:00+00:00, run_after=2025-06-03 13:28:00+00:00
[2025-06-03T13:28:42.091+0000] {processor.py:183} INFO - Processing /home/airflow/.local/lib/python3.8/site-packages/airflow/example_dags/example_branch_python_dop_operator_3.py took 0.044 seconds
[2025-06-03T13:29:12.112+0000] {processor.py:161} INFO - Started process (PID=1368) to work on /home/airflow/.local/lib/python3.8/site-packages/airflow/example_dags/example_branch_python_dop_operator_3.py
[2025-06-03T13:29:12.113+0000] {processor.py:830} INFO - Processing file /home/airflow/.local/lib/python3.8/site-packages/airflow/example_dags/example_branch_python_dop_operator_3.py for tasks to queue
[2025-06-03T13:29:12.115+0000] {logging_mixin.py:188} INFO - [2025-06-03T13:29:12.115+0000] {dagbag.py:540} INFO - Filling up the DagBag from /home/airflow/.local/lib/python3.8/site-packages/airflow/example_dags/example_branch_python_dop_operator_3.py
[2025-06-03T13:29:12.120+0000] {processor.py:840} INFO - DAG(s) 'example_branch_dop_operator_v3' retrieved from /home/airflow/.local/lib/python3.8/site-packages/airflow/example_dags/example_branch_python_dop_operator_3.py
[2025-06-03T13:29:12.135+0000] {logging_mixin.py:188} INFO - [2025-06-03T13:29:12.135+0000] {dag.py:3047} INFO - Sync 1 DAGs
[2025-06-03T13:29:12.147+0000] {logging_mixin.py:188} INFO - [2025-06-03T13:29:12.147+0000] {dag.py:3834} INFO - Setting next_dagrun for example_branch_dop_operator_v3 to 2025-06-03 13:28:00+00:00, run_after=2025-06-03 13:29:00+00:00
[2025-06-03T13:29:12.152+0000] {processor.py:183} INFO - Processing /home/airflow/.local/lib/python3.8/site-packages/airflow/example_dags/example_branch_python_dop_operator_3.py took 0.041 seconds
[2025-06-03T13:29:42.493+0000] {processor.py:161} INFO - Started process (PID=1423) to work on /home/airflow/.local/lib/python3.8/site-packages/airflow/example_dags/example_branch_python_dop_operator_3.py
[2025-06-03T13:29:42.494+0000] {processor.py:830} INFO - Processing file /home/airflow/.local/lib/python3.8/site-packages/airflow/example_dags/example_branch_python_dop_operator_3.py for tasks to queue
[2025-06-03T13:29:42.495+0000] {logging_mixin.py:188} INFO - [2025-06-03T13:29:42.495+0000] {dagbag.py:540} INFO - Filling up the DagBag from /home/airflow/.local/lib/python3.8/site-packages/airflow/example_dags/example_branch_python_dop_operator_3.py
[2025-06-03T13:29:42.498+0000] {processor.py:840} INFO - DAG(s) 'example_branch_dop_operator_v3' retrieved from /home/airflow/.local/lib/python3.8/site-packages/airflow/example_dags/example_branch_python_dop_operator_3.py
[2025-06-03T13:29:42.506+0000] {logging_mixin.py:188} INFO - [2025-06-03T13:29:42.506+0000] {dag.py:3047} INFO - Sync 1 DAGs
[2025-06-03T13:29:42.516+0000] {logging_mixin.py:188} INFO - [2025-06-03T13:29:42.516+0000] {dag.py:3834} INFO - Setting next_dagrun for example_branch_dop_operator_v3 to 2025-06-03 13:28:00+00:00, run_after=2025-06-03 13:29:00+00:00
[2025-06-03T13:29:42.522+0000] {processor.py:183} INFO - Processing /home/airflow/.local/lib/python3.8/site-packages/airflow/example_dags/example_branch_python_dop_operator_3.py took 0.029 seconds
[2025-06-03T13:30:12.850+0000] {processor.py:161} INFO - Started process (PID=1478) to work on /home/airflow/.local/lib/python3.8/site-packages/airflow/example_dags/example_branch_python_dop_operator_3.py
[2025-06-03T13:30:12.851+0000] {processor.py:830} INFO - Processing file /home/airflow/.local/lib/python3.8/site-packages/airflow/example_dags/example_branch_python_dop_operator_3.py for tasks to queue
[2025-06-03T13:30:12.852+0000] {logging_mixin.py:188} INFO - [2025-06-03T13:30:12.852+0000] {dagbag.py:540} INFO - Filling up the DagBag from /home/airflow/.local/lib/python3.8/site-packages/airflow/example_dags/example_branch_python_dop_operator_3.py
[2025-06-03T13:30:12.856+0000] {processor.py:840} INFO - DAG(s) 'example_branch_dop_operator_v3' retrieved from /home/airflow/.local/lib/python3.8/site-packages/airflow/example_dags/example_branch_python_dop_operator_3.py
[2025-06-03T13:30:12.865+0000] {logging_mixin.py:188} INFO - [2025-06-03T13:30:12.864+0000] {dag.py:3047} INFO - Sync 1 DAGs
[2025-06-03T13:30:12.874+0000] {logging_mixin.py:188} INFO - [2025-06-03T13:30:12.874+0000] {dag.py:3834} INFO - Setting next_dagrun for example_branch_dop_operator_v3 to 2025-06-03 13:29:00+00:00, run_after=2025-06-03 13:30:00+00:00
[2025-06-03T13:30:12.880+0000] {processor.py:183} INFO - Processing /home/airflow/.local/lib/python3.8/site-packages/airflow/example_dags/example_branch_python_dop_operator_3.py took 0.031 seconds
[2025-06-03T13:30:43.182+0000] {processor.py:161} INFO - Started process (PID=1532) to work on /home/airflow/.local/lib/python3.8/site-packages/airflow/example_dags/example_branch_python_dop_operator_3.py
[2025-06-03T13:30:43.183+0000] {processor.py:830} INFO - Processing file /home/airflow/.local/lib/python3.8/site-packages/airflow/example_dags/example_branch_python_dop_operator_3.py for tasks to queue
[2025-06-03T13:30:43.184+0000] {logging_mixin.py:188} INFO - [2025-06-03T13:30:43.184+0000] {dagbag.py:540} INFO - Filling up the DagBag from /home/airflow/.local/lib/python3.8/site-packages/airflow/example_dags/example_branch_python_dop_operator_3.py
[2025-06-03T13:30:43.188+0000] {processor.py:840} INFO - DAG(s) 'example_branch_dop_operator_v3' retrieved from /home/airflow/.local/lib/python3.8/site-packages/airflow/example_dags/example_branch_python_dop_operator_3.py
[2025-06-03T13:30:43.196+0000] {logging_mixin.py:188} INFO - [2025-06-03T13:30:43.195+0000] {dag.py:3047} INFO - Sync 1 DAGs
[2025-06-03T13:30:43.205+0000] {logging_mixin.py:188} INFO - [2025-06-03T13:30:43.205+0000] {dag.py:3834} INFO - Setting next_dagrun for example_branch_dop_operator_v3 to 2025-06-03 13:29:00+00:00, run_after=2025-06-03 13:30:00+00:00
[2025-06-03T13:30:43.211+0000] {processor.py:183} INFO - Processing /home/airflow/.local/lib/python3.8/site-packages/airflow/example_dags/example_branch_python_dop_operator_3.py took 0.030 seconds
[2025-06-03T13:31:13.474+0000] {processor.py:161} INFO - Started process (PID=1587) to work on /home/airflow/.local/lib/python3.8/site-packages/airflow/example_dags/example_branch_python_dop_operator_3.py
[2025-06-03T13:31:13.474+0000] {processor.py:830} INFO - Processing file /home/airflow/.local/lib/python3.8/site-packages/airflow/example_dags/example_branch_python_dop_operator_3.py for tasks to queue
[2025-06-03T13:31:13.475+0000] {logging_mixin.py:188} INFO - [2025-06-03T13:31:13.475+0000] {dagbag.py:540} INFO - Filling up the DagBag from /home/airflow/.local/lib/python3.8/site-packages/airflow/example_dags/example_branch_python_dop_operator_3.py
[2025-06-03T13:31:13.479+0000] {processor.py:840} INFO - DAG(s) 'example_branch_dop_operator_v3' retrieved from /home/airflow/.local/lib/python3.8/site-packages/airflow/example_dags/example_branch_python_dop_operator_3.py
[2025-06-03T13:31:13.488+0000] {logging_mixin.py:188} INFO - [2025-06-03T13:31:13.487+0000] {dag.py:3047} INFO - Sync 1 DAGs
[2025-06-03T13:31:13.497+0000] {logging_mixin.py:188} INFO - [2025-06-03T13:31:13.497+0000] {dag.py:3834} INFO - Setting next_dagrun for example_branch_dop_operator_v3 to 2025-06-03 13:30:00+00:00, run_after=2025-06-03 13:31:00+00:00
[2025-06-03T13:31:13.504+0000] {processor.py:183} INFO - Processing /home/airflow/.local/lib/python3.8/site-packages/airflow/example_dags/example_branch_python_dop_operator_3.py took 0.031 seconds
[2025-06-03T13:31:43.722+0000] {processor.py:161} INFO - Started process (PID=1642) to work on /home/airflow/.local/lib/python3.8/site-packages/airflow/example_dags/example_branch_python_dop_operator_3.py
[2025-06-03T13:31:43.723+0000] {processor.py:830} INFO - Processing file /home/airflow/.local/lib/python3.8/site-packages/airflow/example_dags/example_branch_python_dop_operator_3.py for tasks to queue
[2025-06-03T13:31:43.724+0000] {logging_mixin.py:188} INFO - [2025-06-03T13:31:43.724+0000] {dagbag.py:540} INFO - Filling up the DagBag from /home/airflow/.local/lib/python3.8/site-packages/airflow/example_dags/example_branch_python_dop_operator_3.py
[2025-06-03T13:31:43.727+0000] {processor.py:840} INFO - DAG(s) 'example_branch_dop_operator_v3' retrieved from /home/airflow/.local/lib/python3.8/site-packages/airflow/example_dags/example_branch_python_dop_operator_3.py
[2025-06-03T13:31:43.735+0000] {logging_mixin.py:188} INFO - [2025-06-03T13:31:43.735+0000] {dag.py:3047} INFO - Sync 1 DAGs
[2025-06-03T13:31:43.744+0000] {logging_mixin.py:188} INFO - [2025-06-03T13:31:43.744+0000] {dag.py:3834} INFO - Setting next_dagrun for example_branch_dop_operator_v3 to 2025-06-03 13:30:00+00:00, run_after=2025-06-03 13:31:00+00:00
[2025-06-03T13:31:43.750+0000] {processor.py:183} INFO - Processing /home/airflow/.local/lib/python3.8/site-packages/airflow/example_dags/example_branch_python_dop_operator_3.py took 0.029 seconds
[2025-06-03T13:32:14.055+0000] {processor.py:161} INFO - Started process (PID=1697) to work on /home/airflow/.local/lib/python3.8/site-packages/airflow/example_dags/example_branch_python_dop_operator_3.py
[2025-06-03T13:32:14.055+0000] {processor.py:830} INFO - Processing file /home/airflow/.local/lib/python3.8/site-packages/airflow/example_dags/example_branch_python_dop_operator_3.py for tasks to queue
[2025-06-03T13:32:14.056+0000] {logging_mixin.py:188} INFO - [2025-06-03T13:32:14.056+0000] {dagbag.py:540} INFO - Filling up the DagBag from /home/airflow/.local/lib/python3.8/site-packages/airflow/example_dags/example_branch_python_dop_operator_3.py
[2025-06-03T13:32:14.060+0000] {processor.py:840} INFO - DAG(s) 'example_branch_dop_operator_v3' retrieved from /home/airflow/.local/lib/python3.8/site-packages/airflow/example_dags/example_branch_python_dop_operator_3.py
[2025-06-03T13:32:14.068+0000] {logging_mixin.py:188} INFO - [2025-06-03T13:32:14.068+0000] {dag.py:3047} INFO - Sync 1 DAGs
[2025-06-03T13:32:14.077+0000] {logging_mixin.py:188} INFO - [2025-06-03T13:32:14.077+0000] {dag.py:3834} INFO - Setting next_dagrun for example_branch_dop_operator_v3 to 2025-06-03 13:31:00+00:00, run_after=2025-06-03 13:32:00+00:00
[2025-06-03T13:32:14.083+0000] {processor.py:183} INFO - Processing /home/airflow/.local/lib/python3.8/site-packages/airflow/example_dags/example_branch_python_dop_operator_3.py took 0.030 seconds
[2025-06-03T13:32:44.297+0000] {processor.py:161} INFO - Started process (PID=1752) to work on /home/airflow/.local/lib/python3.8/site-packages/airflow/example_dags/example_branch_python_dop_operator_3.py
[2025-06-03T13:32:44.298+0000] {processor.py:830} INFO - Processing file /home/airflow/.local/lib/python3.8/site-packages/airflow/example_dags/example_branch_python_dop_operator_3.py for tasks to queue
[2025-06-03T13:32:44.299+0000] {logging_mixin.py:188} INFO - [2025-06-03T13:32:44.299+0000] {dagbag.py:540} INFO - Filling up the DagBag from /home/airflow/.local/lib/python3.8/site-packages/airflow/example_dags/example_branch_python_dop_operator_3.py
[2025-06-03T13:32:44.302+0000] {processor.py:840} INFO - DAG(s) 'example_branch_dop_operator_v3' retrieved from /home/airflow/.local/lib/python3.8/site-packages/airflow/example_dags/example_branch_python_dop_operator_3.py
[2025-06-03T13:32:44.310+0000] {logging_mixin.py:188} INFO - [2025-06-03T13:32:44.310+0000] {dag.py:3047} INFO - Sync 1 DAGs
[2025-06-03T13:32:44.319+0000] {logging_mixin.py:188} INFO - [2025-06-03T13:32:44.319+0000] {dag.py:3834} INFO - Setting next_dagrun for example_branch_dop_operator_v3 to 2025-06-03 13:31:00+00:00, run_after=2025-06-03 13:32:00+00:00
[2025-06-03T13:32:44.325+0000] {processor.py:183} INFO - Processing /home/airflow/.local/lib/python3.8/site-packages/airflow/example_dags/example_branch_python_dop_operator_3.py took 0.029 seconds
[2025-06-03T13:33:14.640+0000] {processor.py:161} INFO - Started process (PID=1807) to work on /home/airflow/.local/lib/python3.8/site-packages/airflow/example_dags/example_branch_python_dop_operator_3.py
[2025-06-03T13:33:14.641+0000] {processor.py:830} INFO - Processing file /home/airflow/.local/lib/python3.8/site-packages/airflow/example_dags/example_branch_python_dop_operator_3.py for tasks to queue
[2025-06-03T13:33:14.642+0000] {logging_mixin.py:188} INFO - [2025-06-03T13:33:14.642+0000] {dagbag.py:540} INFO - Filling up the DagBag from /home/airflow/.local/lib/python3.8/site-packages/airflow/example_dags/example_branch_python_dop_operator_3.py
[2025-06-03T13:33:14.645+0000] {processor.py:840} INFO - DAG(s) 'example_branch_dop_operator_v3' retrieved from /home/airflow/.local/lib/python3.8/site-packages/airflow/example_dags/example_branch_python_dop_operator_3.py
[2025-06-03T13:33:14.653+0000] {logging_mixin.py:188} INFO - [2025-06-03T13:33:14.653+0000] {dag.py:3047} INFO - Sync 1 DAGs
[2025-06-03T13:33:14.663+0000] {logging_mixin.py:188} INFO - [2025-06-03T13:33:14.663+0000] {dag.py:3834} INFO - Setting next_dagrun for example_branch_dop_operator_v3 to 2025-06-03 13:32:00+00:00, run_after=2025-06-03 13:33:00+00:00
[2025-06-03T13:33:14.669+0000] {processor.py:183} INFO - Processing /home/airflow/.local/lib/python3.8/site-packages/airflow/example_dags/example_branch_python_dop_operator_3.py took 0.030 seconds
[2025-06-03T13:33:44.946+0000] {processor.py:161} INFO - Started process (PID=1862) to work on /home/airflow/.local/lib/python3.8/site-packages/airflow/example_dags/example_branch_python_dop_operator_3.py
[2025-06-03T13:33:44.947+0000] {processor.py:830} INFO - Processing file /home/airflow/.local/lib/python3.8/site-packages/airflow/example_dags/example_branch_python_dop_operator_3.py for tasks to queue
[2025-06-03T13:33:44.948+0000] {logging_mixin.py:188} INFO - [2025-06-03T13:33:44.948+0000] {dagbag.py:540} INFO - Filling up the DagBag from /home/airflow/.local/lib/python3.8/site-packages/airflow/example_dags/example_branch_python_dop_operator_3.py
[2025-06-03T13:33:44.952+0000] {processor.py:840} INFO - DAG(s) 'example_branch_dop_operator_v3' retrieved from /home/airflow/.local/lib/python3.8/site-packages/airflow/example_dags/example_branch_python_dop_operator_3.py
[2025-06-03T13:33:44.960+0000] {logging_mixin.py:188} INFO - [2025-06-03T13:33:44.960+0000] {dag.py:3047} INFO - Sync 1 DAGs
[2025-06-03T13:33:44.970+0000] {logging_mixin.py:188} INFO - [2025-06-03T13:33:44.970+0000] {dag.py:3834} INFO - Setting next_dagrun for example_branch_dop_operator_v3 to 2025-06-03 13:32:00+00:00, run_after=2025-06-03 13:33:00+00:00
[2025-06-03T13:33:44.976+0000] {processor.py:183} INFO - Processing /home/airflow/.local/lib/python3.8/site-packages/airflow/example_dags/example_branch_python_dop_operator_3.py took 0.031 seconds
[2025-06-03T13:34:15.215+0000] {processor.py:161} INFO - Started process (PID=1917) to work on /home/airflow/.local/lib/python3.8/site-packages/airflow/example_dags/example_branch_python_dop_operator_3.py
[2025-06-03T13:34:15.215+0000] {processor.py:830} INFO - Processing file /home/airflow/.local/lib/python3.8/site-packages/airflow/example_dags/example_branch_python_dop_operator_3.py for tasks to queue
[2025-06-03T13:34:15.216+0000] {logging_mixin.py:188} INFO - [2025-06-03T13:34:15.216+0000] {dagbag.py:540} INFO - Filling up the DagBag from /home/airflow/.local/lib/python3.8/site-packages/airflow/example_dags/example_branch_python_dop_operator_3.py
[2025-06-03T13:34:15.220+0000] {processor.py:840} INFO - DAG(s) 'example_branch_dop_operator_v3' retrieved from /home/airflow/.local/lib/python3.8/site-packages/airflow/example_dags/example_branch_python_dop_operator_3.py
[2025-06-03T13:34:15.228+0000] {logging_mixin.py:188} INFO - [2025-06-03T13:34:15.228+0000] {dag.py:3047} INFO - Sync 1 DAGs
[2025-06-03T13:34:15.237+0000] {logging_mixin.py:188} INFO - [2025-06-03T13:34:15.237+0000] {dag.py:3834} INFO - Setting next_dagrun for example_branch_dop_operator_v3 to 2025-06-03 13:33:00+00:00, run_after=2025-06-03 13:34:00+00:00
[2025-06-03T13:34:15.243+0000] {processor.py:183} INFO - Processing /home/airflow/.local/lib/python3.8/site-packages/airflow/example_dags/example_branch_python_dop_operator_3.py took 0.030 seconds
[2025-06-03T13:34:45.530+0000] {processor.py:161} INFO - Started process (PID=1972) to work on /home/airflow/.local/lib/python3.8/site-packages/airflow/example_dags/example_branch_python_dop_operator_3.py
[2025-06-03T13:34:45.530+0000] {processor.py:830} INFO - Processing file /home/airflow/.local/lib/python3.8/site-packages/airflow/example_dags/example_branch_python_dop_operator_3.py for tasks to queue
[2025-06-03T13:34:45.531+0000] {logging_mixin.py:188} INFO - [2025-06-03T13:34:45.531+0000] {dagbag.py:540} INFO - Filling up the DagBag from /home/airflow/.local/lib/python3.8/site-packages/airflow/example_dags/example_branch_python_dop_operator_3.py
[2025-06-03T13:34:45.535+0000] {processor.py:840} INFO - DAG(s) 'example_branch_dop_operator_v3' retrieved from /home/airflow/.local/lib/python3.8/site-packages/airflow/example_dags/example_branch_python_dop_operator_3.py
[2025-06-03T13:34:45.543+0000] {logging_mixin.py:188} INFO - [2025-06-03T13:34:45.543+0000] {dag.py:3047} INFO - Sync 1 DAGs
[2025-06-03T13:34:45.552+0000] {logging_mixin.py:188} INFO - [2025-06-03T13:34:45.552+0000] {dag.py:3834} INFO - Setting next_dagrun for example_branch_dop_operator_v3 to 2025-06-03 13:33:00+00:00, run_after=2025-06-03 13:34:00+00:00
[2025-06-03T13:34:45.558+0000] {processor.py:183} INFO - Processing /home/airflow/.local/lib/python3.8/site-packages/airflow/example_dags/example_branch_python_dop_operator_3.py took 0.029 seconds
[2025-06-03T13:35:15.962+0000] {processor.py:161} INFO - Started process (PID=2027) to work on /home/airflow/.local/lib/python3.8/site-packages/airflow/example_dags/example_branch_python_dop_operator_3.py
[2025-06-03T13:35:15.962+0000] {processor.py:830} INFO - Processing file /home/airflow/.local/lib/python3.8/site-packages/airflow/example_dags/example_branch_python_dop_operator_3.py for tasks to queue
[2025-06-03T13:35:15.963+0000] {logging_mixin.py:188} INFO - [2025-06-03T13:35:15.963+0000] {dagbag.py:540} INFO - Filling up the DagBag from /home/airflow/.local/lib/python3.8/site-packages/airflow/example_dags/example_branch_python_dop_operator_3.py
[2025-06-03T13:35:15.968+0000] {processor.py:840} INFO - DAG(s) 'example_branch_dop_operator_v3' retrieved from /home/airflow/.local/lib/python3.8/site-packages/airflow/example_dags/example_branch_python_dop_operator_3.py
[2025-06-03T13:35:15.977+0000] {logging_mixin.py:188} INFO - [2025-06-03T13:35:15.977+0000] {dag.py:3047} INFO - Sync 1 DAGs
[2025-06-03T13:35:15.987+0000] {logging_mixin.py:188} INFO - [2025-06-03T13:35:15.987+0000] {dag.py:3834} INFO - Setting next_dagrun for example_branch_dop_operator_v3 to 2025-06-03 13:34:00+00:00, run_after=2025-06-03 13:35:00+00:00
[2025-06-03T13:35:15.994+0000] {processor.py:183} INFO - Processing /home/airflow/.local/lib/python3.8/site-packages/airflow/example_dags/example_branch_python_dop_operator_3.py took 0.034 seconds
[2025-06-03T13:35:46.542+0000] {processor.py:161} INFO - Started process (PID=2082) to work on /home/airflow/.local/lib/python3.8/site-packages/airflow/example_dags/example_branch_python_dop_operator_3.py
[2025-06-03T13:35:46.542+0000] {processor.py:830} INFO - Processing file /home/airflow/.local/lib/python3.8/site-packages/airflow/example_dags/example_branch_python_dop_operator_3.py for tasks to queue
[2025-06-03T13:35:46.543+0000] {logging_mixin.py:188} INFO - [2025-06-03T13:35:46.543+0000] {dagbag.py:540} INFO - Filling up the DagBag from /home/airflow/.local/lib/python3.8/site-packages/airflow/example_dags/example_branch_python_dop_operator_3.py
[2025-06-03T13:35:46.547+0000] {processor.py:840} INFO - DAG(s) 'example_branch_dop_operator_v3' retrieved from /home/airflow/.local/lib/python3.8/site-packages/airflow/example_dags/example_branch_python_dop_operator_3.py
[2025-06-03T13:35:46.555+0000] {logging_mixin.py:188} INFO - [2025-06-03T13:35:46.555+0000] {dag.py:3047} INFO - Sync 1 DAGs
[2025-06-03T13:35:46.564+0000] {logging_mixin.py:188} INFO - [2025-06-03T13:35:46.564+0000] {dag.py:3834} INFO - Setting next_dagrun for example_branch_dop_operator_v3 to 2025-06-03 13:34:00+00:00, run_after=2025-06-03 13:35:00+00:00
[2025-06-03T13:35:46.570+0000] {processor.py:183} INFO - Processing /home/airflow/.local/lib/python3.8/site-packages/airflow/example_dags/example_branch_python_dop_operator_3.py took 0.030 seconds
[2025-06-03T13:36:16.860+0000] {processor.py:161} INFO - Started process (PID=2137) to work on /home/airflow/.local/lib/python3.8/site-packages/airflow/example_dags/example_branch_python_dop_operator_3.py
[2025-06-03T13:36:16.861+0000] {processor.py:830} INFO - Processing file /home/airflow/.local/lib/python3.8/site-packages/airflow/example_dags/example_branch_python_dop_operator_3.py for tasks to queue
[2025-06-03T13:36:16.862+0000] {logging_mixin.py:188} INFO - [2025-06-03T13:36:16.861+0000] {dagbag.py:540} INFO - Filling up the DagBag from /home/airflow/.local/lib/python3.8/site-packages/airflow/example_dags/example_branch_python_dop_operator_3.py
[2025-06-03T13:36:16.866+0000] {processor.py:840} INFO - DAG(s) 'example_branch_dop_operator_v3' retrieved from /home/airflow/.local/lib/python3.8/site-packages/airflow/example_dags/example_branch_python_dop_operator_3.py
[2025-06-03T13:36:16.873+0000] {logging_mixin.py:188} INFO - [2025-06-03T13:36:16.873+0000] {dag.py:3047} INFO - Sync 1 DAGs
[2025-06-03T13:36:16.883+0000] {logging_mixin.py:188} INFO - [2025-06-03T13:36:16.882+0000] {dag.py:3834} INFO - Setting next_dagrun for example_branch_dop_operator_v3 to 2025-06-03 13:35:00+00:00, run_after=2025-06-03 13:36:00+00:00
[2025-06-03T13:36:16.889+0000] {processor.py:183} INFO - Processing /home/airflow/.local/lib/python3.8/site-packages/airflow/example_dags/example_branch_python_dop_operator_3.py took 0.030 seconds
[2025-06-03T13:36:47.185+0000] {processor.py:161} INFO - Started process (PID=2192) to work on /home/airflow/.local/lib/python3.8/site-packages/airflow/example_dags/example_branch_python_dop_operator_3.py
[2025-06-03T13:36:47.186+0000] {processor.py:830} INFO - Processing file /home/airflow/.local/lib/python3.8/site-packages/airflow/example_dags/example_branch_python_dop_operator_3.py for tasks to queue
[2025-06-03T13:36:47.187+0000] {logging_mixin.py:188} INFO - [2025-06-03T13:36:47.187+0000] {dagbag.py:540} INFO - Filling up the DagBag from /home/airflow/.local/lib/python3.8/site-packages/airflow/example_dags/example_branch_python_dop_operator_3.py
[2025-06-03T13:36:47.191+0000] {processor.py:840} INFO - DAG(s) 'example_branch_dop_operator_v3' retrieved from /home/airflow/.local/lib/python3.8/site-packages/airflow/example_dags/example_branch_python_dop_operator_3.py
[2025-06-03T13:36:47.199+0000] {logging_mixin.py:188} INFO - [2025-06-03T13:36:47.199+0000] {dag.py:3047} INFO - Sync 1 DAGs
[2025-06-03T13:36:47.208+0000] {logging_mixin.py:188} INFO - [2025-06-03T13:36:47.208+0000] {dag.py:3834} INFO - Setting next_dagrun for example_branch_dop_operator_v3 to 2025-06-03 13:35:00+00:00, run_after=2025-06-03 13:36:00+00:00
[2025-06-03T13:36:47.214+0000] {processor.py:183} INFO - Processing /home/airflow/.local/lib/python3.8/site-packages/airflow/example_dags/example_branch_python_dop_operator_3.py took 0.030 seconds
[2025-06-03T13:37:17.587+0000] {processor.py:161} INFO - Started process (PID=2247) to work on /home/airflow/.local/lib/python3.8/site-packages/airflow/example_dags/example_branch_python_dop_operator_3.py
[2025-06-03T13:37:17.587+0000] {processor.py:830} INFO - Processing file /home/airflow/.local/lib/python3.8/site-packages/airflow/example_dags/example_branch_python_dop_operator_3.py for tasks to queue
[2025-06-03T13:37:17.588+0000] {logging_mixin.py:188} INFO - [2025-06-03T13:37:17.588+0000] {dagbag.py:540} INFO - Filling up the DagBag from /home/airflow/.local/lib/python3.8/site-packages/airflow/example_dags/example_branch_python_dop_operator_3.py
[2025-06-03T13:37:17.592+0000] {processor.py:840} INFO - DAG(s) 'example_branch_dop_operator_v3' retrieved from /home/airflow/.local/lib/python3.8/site-packages/airflow/example_dags/example_branch_python_dop_operator_3.py
[2025-06-03T13:37:17.601+0000] {logging_mixin.py:188} INFO - [2025-06-03T13:37:17.601+0000] {dag.py:3047} INFO - Sync 1 DAGs
[2025-06-03T13:37:17.611+0000] {logging_mixin.py:188} INFO - [2025-06-03T13:37:17.610+0000] {dag.py:3834} INFO - Setting next_dagrun for example_branch_dop_operator_v3 to 2025-06-03 13:36:00+00:00, run_after=2025-06-03 13:37:00+00:00
[2025-06-03T13:37:17.617+0000] {processor.py:183} INFO - Processing /home/airflow/.local/lib/python3.8/site-packages/airflow/example_dags/example_branch_python_dop_operator_3.py took 0.032 seconds
[2025-06-03T13:37:47.972+0000] {processor.py:161} INFO - Started process (PID=2302) to work on /home/airflow/.local/lib/python3.8/site-packages/airflow/example_dags/example_branch_python_dop_operator_3.py
[2025-06-03T13:37:47.973+0000] {processor.py:830} INFO - Processing file /home/airflow/.local/lib/python3.8/site-packages/airflow/example_dags/example_branch_python_dop_operator_3.py for tasks to queue
[2025-06-03T13:37:47.974+0000] {logging_mixin.py:188} INFO - [2025-06-03T13:37:47.974+0000] {dagbag.py:540} INFO - Filling up the DagBag from /home/airflow/.local/lib/python3.8/site-packages/airflow/example_dags/example_branch_python_dop_operator_3.py
[2025-06-03T13:37:47.977+0000] {processor.py:840} INFO - DAG(s) 'example_branch_dop_operator_v3' retrieved from /home/airflow/.local/lib/python3.8/site-packages/airflow/example_dags/example_branch_python_dop_operator_3.py
[2025-06-03T13:37:47.986+0000] {logging_mixin.py:188} INFO - [2025-06-03T13:37:47.986+0000] {dag.py:3047} INFO - Sync 1 DAGs
[2025-06-03T13:37:47.996+0000] {logging_mixin.py:188} INFO - [2025-06-03T13:37:47.996+0000] {dag.py:3834} INFO - Setting next_dagrun for example_branch_dop_operator_v3 to 2025-06-03 13:36:00+00:00, run_after=2025-06-03 13:37:00+00:00
[2025-06-03T13:37:48.003+0000] {processor.py:183} INFO - Processing /home/airflow/.local/lib/python3.8/site-packages/airflow/example_dags/example_branch_python_dop_operator_3.py took 0.031 seconds
[2025-06-03T13:38:18.749+0000] {processor.py:161} INFO - Started process (PID=2357) to work on /home/airflow/.local/lib/python3.8/site-packages/airflow/example_dags/example_branch_python_dop_operator_3.py
[2025-06-03T13:38:18.750+0000] {processor.py:830} INFO - Processing file /home/airflow/.local/lib/python3.8/site-packages/airflow/example_dags/example_branch_python_dop_operator_3.py for tasks to queue
[2025-06-03T13:38:18.751+0000] {logging_mixin.py:188} INFO - [2025-06-03T13:38:18.751+0000] {dagbag.py:540} INFO - Filling up the DagBag from /home/airflow/.local/lib/python3.8/site-packages/airflow/example_dags/example_branch_python_dop_operator_3.py
[2025-06-03T13:38:18.756+0000] {processor.py:840} INFO - DAG(s) 'example_branch_dop_operator_v3' retrieved from /home/airflow/.local/lib/python3.8/site-packages/airflow/example_dags/example_branch_python_dop_operator_3.py
[2025-06-03T13:38:18.765+0000] {logging_mixin.py:188} INFO - [2025-06-03T13:38:18.765+0000] {dag.py:3047} INFO - Sync 1 DAGs
[2025-06-03T13:38:18.774+0000] {logging_mixin.py:188} INFO - [2025-06-03T13:38:18.774+0000] {dag.py:3834} INFO - Setting next_dagrun for example_branch_dop_operator_v3 to 2025-06-03 13:37:00+00:00, run_after=2025-06-03 13:38:00+00:00
[2025-06-03T13:38:18.780+0000] {processor.py:183} INFO - Processing /home/airflow/.local/lib/python3.8/site-packages/airflow/example_dags/example_branch_python_dop_operator_3.py took 0.032 seconds
[2025-06-03T13:38:49.309+0000] {processor.py:161} INFO - Started process (PID=2412) to work on /home/airflow/.local/lib/python3.8/site-packages/airflow/example_dags/example_branch_python_dop_operator_3.py
[2025-06-03T13:38:49.309+0000] {processor.py:830} INFO - Processing file /home/airflow/.local/lib/python3.8/site-packages/airflow/example_dags/example_branch_python_dop_operator_3.py for tasks to queue
[2025-06-03T13:38:49.310+0000] {logging_mixin.py:188} INFO - [2025-06-03T13:38:49.310+0000] {dagbag.py:540} INFO - Filling up the DagBag from /home/airflow/.local/lib/python3.8/site-packages/airflow/example_dags/example_branch_python_dop_operator_3.py
[2025-06-03T13:38:49.314+0000] {processor.py:840} INFO - DAG(s) 'example_branch_dop_operator_v3' retrieved from /home/airflow/.local/lib/python3.8/site-packages/airflow/example_dags/example_branch_python_dop_operator_3.py
[2025-06-03T13:38:49.323+0000] {logging_mixin.py:188} INFO - [2025-06-03T13:38:49.323+0000] {dag.py:3047} INFO - Sync 1 DAGs
[2025-06-03T13:38:49.332+0000] {logging_mixin.py:188} INFO - [2025-06-03T13:38:49.332+0000] {dag.py:3834} INFO - Setting next_dagrun for example_branch_dop_operator_v3 to 2025-06-03 13:37:00+00:00, run_after=2025-06-03 13:38:00+00:00
[2025-06-03T13:38:49.338+0000] {processor.py:183} INFO - Processing /home/airflow/.local/lib/python3.8/site-packages/airflow/example_dags/example_branch_python_dop_operator_3.py took 0.031 seconds
[2025-06-03T13:39:19.466+0000] {processor.py:161} INFO - Started process (PID=2467) to work on /home/airflow/.local/lib/python3.8/site-packages/airflow/example_dags/example_branch_python_dop_operator_3.py
[2025-06-03T13:39:19.467+0000] {processor.py:830} INFO - Processing file /home/airflow/.local/lib/python3.8/site-packages/airflow/example_dags/example_branch_python_dop_operator_3.py for tasks to queue
[2025-06-03T13:39:19.467+0000] {logging_mixin.py:188} INFO - [2025-06-03T13:39:19.467+0000] {dagbag.py:540} INFO - Filling up the DagBag from /home/airflow/.local/lib/python3.8/site-packages/airflow/example_dags/example_branch_python_dop_operator_3.py
[2025-06-03T13:39:19.472+0000] {processor.py:840} INFO - DAG(s) 'example_branch_dop_operator_v3' retrieved from /home/airflow/.local/lib/python3.8/site-packages/airflow/example_dags/example_branch_python_dop_operator_3.py
[2025-06-03T13:39:19.482+0000] {logging_mixin.py:188} INFO - [2025-06-03T13:39:19.482+0000] {dag.py:3047} INFO - Sync 1 DAGs
[2025-06-03T13:39:19.493+0000] {logging_mixin.py:188} INFO - [2025-06-03T13:39:19.492+0000] {dag.py:3834} INFO - Setting next_dagrun for example_branch_dop_operator_v3 to 2025-06-03 13:38:00+00:00, run_after=2025-06-03 13:39:00+00:00
[2025-06-03T13:39:19.500+0000] {processor.py:183} INFO - Processing /home/airflow/.local/lib/python3.8/site-packages/airflow/example_dags/example_branch_python_dop_operator_3.py took 0.036 seconds
[2025-06-03T13:39:49.610+0000] {processor.py:161} INFO - Started process (PID=2522) to work on /home/airflow/.local/lib/python3.8/site-packages/airflow/example_dags/example_branch_python_dop_operator_3.py
[2025-06-03T13:39:49.610+0000] {processor.py:830} INFO - Processing file /home/airflow/.local/lib/python3.8/site-packages/airflow/example_dags/example_branch_python_dop_operator_3.py for tasks to queue
[2025-06-03T13:39:49.611+0000] {logging_mixin.py:188} INFO - [2025-06-03T13:39:49.611+0000] {dagbag.py:540} INFO - Filling up the DagBag from /home/airflow/.local/lib/python3.8/site-packages/airflow/example_dags/example_branch_python_dop_operator_3.py
[2025-06-03T13:39:49.615+0000] {processor.py:840} INFO - DAG(s) 'example_branch_dop_operator_v3' retrieved from /home/airflow/.local/lib/python3.8/site-packages/airflow/example_dags/example_branch_python_dop_operator_3.py
[2025-06-03T13:39:49.623+0000] {logging_mixin.py:188} INFO - [2025-06-03T13:39:49.623+0000] {dag.py:3047} INFO - Sync 1 DAGs
[2025-06-03T13:39:49.632+0000] {logging_mixin.py:188} INFO - [2025-06-03T13:39:49.632+0000] {dag.py:3834} INFO - Setting next_dagrun for example_branch_dop_operator_v3 to 2025-06-03 13:38:00+00:00, run_after=2025-06-03 13:39:00+00:00
[2025-06-03T13:39:49.638+0000] {processor.py:183} INFO - Processing /home/airflow/.local/lib/python3.8/site-packages/airflow/example_dags/example_branch_python_dop_operator_3.py took 0.029 seconds
[2025-06-03T13:40:20.206+0000] {processor.py:161} INFO - Started process (PID=2578) to work on /home/airflow/.local/lib/python3.8/site-packages/airflow/example_dags/example_branch_python_dop_operator_3.py
[2025-06-03T13:40:20.207+0000] {processor.py:830} INFO - Processing file /home/airflow/.local/lib/python3.8/site-packages/airflow/example_dags/example_branch_python_dop_operator_3.py for tasks to queue
[2025-06-03T13:40:20.208+0000] {logging_mixin.py:188} INFO - [2025-06-03T13:40:20.207+0000] {dagbag.py:540} INFO - Filling up the DagBag from /home/airflow/.local/lib/python3.8/site-packages/airflow/example_dags/example_branch_python_dop_operator_3.py
[2025-06-03T13:40:20.211+0000] {processor.py:840} INFO - DAG(s) 'example_branch_dop_operator_v3' retrieved from /home/airflow/.local/lib/python3.8/site-packages/airflow/example_dags/example_branch_python_dop_operator_3.py
[2025-06-03T13:40:20.220+0000] {logging_mixin.py:188} INFO - [2025-06-03T13:40:20.220+0000] {dag.py:3047} INFO - Sync 1 DAGs
[2025-06-03T13:40:20.229+0000] {logging_mixin.py:188} INFO - [2025-06-03T13:40:20.229+0000] {dag.py:3834} INFO - Setting next_dagrun for example_branch_dop_operator_v3 to 2025-06-03 13:39:00+00:00, run_after=2025-06-03 13:40:00+00:00
[2025-06-03T13:40:20.235+0000] {processor.py:183} INFO - Processing /home/airflow/.local/lib/python3.8/site-packages/airflow/example_dags/example_branch_python_dop_operator_3.py took 0.030 seconds
