[2025-06-03T13:16:58.506+0000] {processor.py:161} INFO - Started process (PID=63) to work on /home/airflow/.local/lib/python3.8/site-packages/airflow/example_dags/example_short_circuit_decorator.py
[2025-06-03T13:16:58.508+0000] {processor.py:830} INFO - Processing file /home/airflow/.local/lib/python3.8/site-packages/airflow/example_dags/example_short_circuit_decorator.py for tasks to queue
[2025-06-03T13:16:58.510+0000] {logging_mixin.py:188} INFO - [2025-06-03T13:16:58.510+0000] {dagbag.py:540} INFO - Filling up the DagBag from /home/airflow/.local/lib/python3.8/site-packages/airflow/example_dags/example_short_circuit_decorator.py
[2025-06-03T13:16:58.526+0000] {processor.py:840} INFO - DAG(s) 'example_short_circuit_decorator' retrieved from /home/airflow/.local/lib/python3.8/site-packages/airflow/example_dags/example_short_circuit_decorator.py
[2025-06-03T13:16:58.539+0000] {logging_mixin.py:188} INFO - [2025-06-03T13:16:58.539+0000] {dag.py:3047} INFO - Sync 1 DAGs
[2025-06-03T13:16:58.567+0000] {logging_mixin.py:188} INFO - [2025-06-03T13:16:58.567+0000] {dag.py:3834} INFO - Setting next_dagrun for example_short_circuit_decorator to 2025-06-02 00:00:00+00:00, run_after=2025-06-03 00:00:00+00:00
[2025-06-03T13:16:58.586+0000] {processor.py:183} INFO - Processing /home/airflow/.local/lib/python3.8/site-packages/airflow/example_dags/example_short_circuit_decorator.py took 0.085 seconds
[2025-06-03T13:17:28.603+0000] {processor.py:161} INFO - Started process (PID=118) to work on /home/airflow/.local/lib/python3.8/site-packages/airflow/example_dags/example_short_circuit_decorator.py
[2025-06-03T13:17:28.603+0000] {processor.py:830} INFO - Processing file /home/airflow/.local/lib/python3.8/site-packages/airflow/example_dags/example_short_circuit_decorator.py for tasks to queue
[2025-06-03T13:17:28.604+0000] {logging_mixin.py:188} INFO - [2025-06-03T13:17:28.604+0000] {dagbag.py:540} INFO - Filling up the DagBag from /home/airflow/.local/lib/python3.8/site-packages/airflow/example_dags/example_short_circuit_decorator.py
[2025-06-03T13:17:28.608+0000] {processor.py:840} INFO - DAG(s) 'example_short_circuit_decorator' retrieved from /home/airflow/.local/lib/python3.8/site-packages/airflow/example_dags/example_short_circuit_decorator.py
[2025-06-03T13:17:28.642+0000] {logging_mixin.py:188} INFO - [2025-06-03T13:17:28.642+0000] {dag.py:3047} INFO - Sync 1 DAGs
[2025-06-03T13:17:28.648+0000] {logging_mixin.py:188} INFO - [2025-06-03T13:17:28.648+0000] {dag.py:3834} INFO - Setting next_dagrun for example_short_circuit_decorator to 2025-06-02 00:00:00+00:00, run_after=2025-06-03 00:00:00+00:00
[2025-06-03T13:17:28.654+0000] {processor.py:183} INFO - Processing /home/airflow/.local/lib/python3.8/site-packages/airflow/example_dags/example_short_circuit_decorator.py took 0.052 seconds
[2025-06-03T13:17:59.554+0000] {processor.py:161} INFO - Started process (PID=179) to work on /home/airflow/.local/lib/python3.8/site-packages/airflow/example_dags/example_short_circuit_decorator.py
[2025-06-03T13:17:59.554+0000] {processor.py:830} INFO - Processing file /home/airflow/.local/lib/python3.8/site-packages/airflow/example_dags/example_short_circuit_decorator.py for tasks to queue
[2025-06-03T13:17:59.555+0000] {logging_mixin.py:188} INFO - [2025-06-03T13:17:59.555+0000] {dagbag.py:540} INFO - Filling up the DagBag from /home/airflow/.local/lib/python3.8/site-packages/airflow/example_dags/example_short_circuit_decorator.py
[2025-06-03T13:17:59.561+0000] {processor.py:840} INFO - DAG(s) 'example_short_circuit_decorator' retrieved from /home/airflow/.local/lib/python3.8/site-packages/airflow/example_dags/example_short_circuit_decorator.py
[2025-06-03T13:17:59.571+0000] {logging_mixin.py:188} INFO - [2025-06-03T13:17:59.571+0000] {dag.py:3047} INFO - Sync 1 DAGs
[2025-06-03T13:17:59.580+0000] {logging_mixin.py:188} INFO - [2025-06-03T13:17:59.580+0000] {dag.py:3834} INFO - Setting next_dagrun for example_short_circuit_decorator to 2025-06-02 00:00:00+00:00, run_after=2025-06-03 00:00:00+00:00
[2025-06-03T13:17:59.592+0000] {processor.py:183} INFO - Processing /home/airflow/.local/lib/python3.8/site-packages/airflow/example_dags/example_short_circuit_decorator.py took 0.040 seconds
[2025-06-03T13:18:30.120+0000] {processor.py:161} INFO - Started process (PID=234) to work on /home/airflow/.local/lib/python3.8/site-packages/airflow/example_dags/example_short_circuit_decorator.py
[2025-06-03T13:18:30.124+0000] {processor.py:830} INFO - Processing file /home/airflow/.local/lib/python3.8/site-packages/airflow/example_dags/example_short_circuit_decorator.py for tasks to queue
[2025-06-03T13:18:30.125+0000] {logging_mixin.py:188} INFO - [2025-06-03T13:18:30.124+0000] {dagbag.py:540} INFO - Filling up the DagBag from /home/airflow/.local/lib/python3.8/site-packages/airflow/example_dags/example_short_circuit_decorator.py
[2025-06-03T13:18:30.128+0000] {processor.py:840} INFO - DAG(s) 'example_short_circuit_decorator' retrieved from /home/airflow/.local/lib/python3.8/site-packages/airflow/example_dags/example_short_circuit_decorator.py
[2025-06-03T13:18:30.141+0000] {logging_mixin.py:188} INFO - [2025-06-03T13:18:30.141+0000] {dag.py:3047} INFO - Sync 1 DAGs
[2025-06-03T13:18:30.151+0000] {logging_mixin.py:188} INFO - [2025-06-03T13:18:30.151+0000] {dag.py:3834} INFO - Setting next_dagrun for example_short_circuit_decorator to 2025-06-02 00:00:00+00:00, run_after=2025-06-03 00:00:00+00:00
[2025-06-03T13:18:30.160+0000] {processor.py:183} INFO - Processing /home/airflow/.local/lib/python3.8/site-packages/airflow/example_dags/example_short_circuit_decorator.py took 0.041 seconds
[2025-06-03T13:19:00.720+0000] {processor.py:161} INFO - Started process (PID=289) to work on /home/airflow/.local/lib/python3.8/site-packages/airflow/example_dags/example_short_circuit_decorator.py
[2025-06-03T13:19:00.720+0000] {processor.py:830} INFO - Processing file /home/airflow/.local/lib/python3.8/site-packages/airflow/example_dags/example_short_circuit_decorator.py for tasks to queue
[2025-06-03T13:19:00.721+0000] {logging_mixin.py:188} INFO - [2025-06-03T13:19:00.721+0000] {dagbag.py:540} INFO - Filling up the DagBag from /home/airflow/.local/lib/python3.8/site-packages/airflow/example_dags/example_short_circuit_decorator.py
[2025-06-03T13:19:00.724+0000] {processor.py:840} INFO - DAG(s) 'example_short_circuit_decorator' retrieved from /home/airflow/.local/lib/python3.8/site-packages/airflow/example_dags/example_short_circuit_decorator.py
[2025-06-03T13:19:00.735+0000] {logging_mixin.py:188} INFO - [2025-06-03T13:19:00.735+0000] {dag.py:3047} INFO - Sync 1 DAGs
[2025-06-03T13:19:00.744+0000] {logging_mixin.py:188} INFO - [2025-06-03T13:19:00.744+0000] {dag.py:3834} INFO - Setting next_dagrun for example_short_circuit_decorator to 2025-06-02 00:00:00+00:00, run_after=2025-06-03 00:00:00+00:00
[2025-06-03T13:19:00.750+0000] {processor.py:183} INFO - Processing /home/airflow/.local/lib/python3.8/site-packages/airflow/example_dags/example_short_circuit_decorator.py took 0.032 seconds
[2025-06-03T13:19:31.286+0000] {processor.py:161} INFO - Started process (PID=344) to work on /home/airflow/.local/lib/python3.8/site-packages/airflow/example_dags/example_short_circuit_decorator.py
[2025-06-03T13:19:31.288+0000] {processor.py:830} INFO - Processing file /home/airflow/.local/lib/python3.8/site-packages/airflow/example_dags/example_short_circuit_decorator.py for tasks to queue
[2025-06-03T13:19:31.288+0000] {logging_mixin.py:188} INFO - [2025-06-03T13:19:31.288+0000] {dagbag.py:540} INFO - Filling up the DagBag from /home/airflow/.local/lib/python3.8/site-packages/airflow/example_dags/example_short_circuit_decorator.py
[2025-06-03T13:19:31.292+0000] {processor.py:840} INFO - DAG(s) 'example_short_circuit_decorator' retrieved from /home/airflow/.local/lib/python3.8/site-packages/airflow/example_dags/example_short_circuit_decorator.py
[2025-06-03T13:19:31.301+0000] {logging_mixin.py:188} INFO - [2025-06-03T13:19:31.301+0000] {dag.py:3047} INFO - Sync 1 DAGs
[2025-06-03T13:19:31.309+0000] {logging_mixin.py:188} INFO - [2025-06-03T13:19:31.309+0000] {dag.py:3834} INFO - Setting next_dagrun for example_short_circuit_decorator to 2025-06-02 00:00:00+00:00, run_after=2025-06-03 00:00:00+00:00
[2025-06-03T13:19:31.316+0000] {processor.py:183} INFO - Processing /home/airflow/.local/lib/python3.8/site-packages/airflow/example_dags/example_short_circuit_decorator.py took 0.031 seconds
[2025-06-03T13:20:01.916+0000] {processor.py:161} INFO - Started process (PID=399) to work on /home/airflow/.local/lib/python3.8/site-packages/airflow/example_dags/example_short_circuit_decorator.py
[2025-06-03T13:20:01.917+0000] {processor.py:830} INFO - Processing file /home/airflow/.local/lib/python3.8/site-packages/airflow/example_dags/example_short_circuit_decorator.py for tasks to queue
[2025-06-03T13:20:01.918+0000] {logging_mixin.py:188} INFO - [2025-06-03T13:20:01.918+0000] {dagbag.py:540} INFO - Filling up the DagBag from /home/airflow/.local/lib/python3.8/site-packages/airflow/example_dags/example_short_circuit_decorator.py
[2025-06-03T13:20:01.923+0000] {processor.py:840} INFO - DAG(s) 'example_short_circuit_decorator' retrieved from /home/airflow/.local/lib/python3.8/site-packages/airflow/example_dags/example_short_circuit_decorator.py
[2025-06-03T13:20:01.937+0000] {logging_mixin.py:188} INFO - [2025-06-03T13:20:01.937+0000] {dag.py:3047} INFO - Sync 1 DAGs
[2025-06-03T13:20:01.947+0000] {logging_mixin.py:188} INFO - [2025-06-03T13:20:01.947+0000] {dag.py:3834} INFO - Setting next_dagrun for example_short_circuit_decorator to 2025-06-02 00:00:00+00:00, run_after=2025-06-03 00:00:00+00:00
[2025-06-03T13:20:01.956+0000] {processor.py:183} INFO - Processing /home/airflow/.local/lib/python3.8/site-packages/airflow/example_dags/example_short_circuit_decorator.py took 0.041 seconds
[2025-06-03T13:20:32.760+0000] {processor.py:161} INFO - Started process (PID=454) to work on /home/airflow/.local/lib/python3.8/site-packages/airflow/example_dags/example_short_circuit_decorator.py
[2025-06-03T13:20:32.760+0000] {processor.py:830} INFO - Processing file /home/airflow/.local/lib/python3.8/site-packages/airflow/example_dags/example_short_circuit_decorator.py for tasks to queue
[2025-06-03T13:20:32.761+0000] {logging_mixin.py:188} INFO - [2025-06-03T13:20:32.761+0000] {dagbag.py:540} INFO - Filling up the DagBag from /home/airflow/.local/lib/python3.8/site-packages/airflow/example_dags/example_short_circuit_decorator.py
[2025-06-03T13:20:32.765+0000] {processor.py:840} INFO - DAG(s) 'example_short_circuit_decorator' retrieved from /home/airflow/.local/lib/python3.8/site-packages/airflow/example_dags/example_short_circuit_decorator.py
[2025-06-03T13:20:32.780+0000] {logging_mixin.py:188} INFO - [2025-06-03T13:20:32.780+0000] {dag.py:3047} INFO - Sync 1 DAGs
[2025-06-03T13:20:32.793+0000] {logging_mixin.py:188} INFO - [2025-06-03T13:20:32.793+0000] {dag.py:3834} INFO - Setting next_dagrun for example_short_circuit_decorator to 2025-06-02 00:00:00+00:00, run_after=2025-06-03 00:00:00+00:00
[2025-06-03T13:20:32.805+0000] {processor.py:183} INFO - Processing /home/airflow/.local/lib/python3.8/site-packages/airflow/example_dags/example_short_circuit_decorator.py took 0.047 seconds
[2025-06-03T13:21:03.519+0000] {processor.py:161} INFO - Started process (PID=509) to work on /home/airflow/.local/lib/python3.8/site-packages/airflow/example_dags/example_short_circuit_decorator.py
[2025-06-03T13:21:03.523+0000] {processor.py:830} INFO - Processing file /home/airflow/.local/lib/python3.8/site-packages/airflow/example_dags/example_short_circuit_decorator.py for tasks to queue
[2025-06-03T13:21:03.524+0000] {logging_mixin.py:188} INFO - [2025-06-03T13:21:03.524+0000] {dagbag.py:540} INFO - Filling up the DagBag from /home/airflow/.local/lib/python3.8/site-packages/airflow/example_dags/example_short_circuit_decorator.py
[2025-06-03T13:21:03.528+0000] {processor.py:840} INFO - DAG(s) 'example_short_circuit_decorator' retrieved from /home/airflow/.local/lib/python3.8/site-packages/airflow/example_dags/example_short_circuit_decorator.py
[2025-06-03T13:21:03.538+0000] {logging_mixin.py:188} INFO - [2025-06-03T13:21:03.538+0000] {dag.py:3047} INFO - Sync 1 DAGs
[2025-06-03T13:21:03.556+0000] {logging_mixin.py:188} INFO - [2025-06-03T13:21:03.556+0000] {dag.py:3834} INFO - Setting next_dagrun for example_short_circuit_decorator to 2025-06-02 00:00:00+00:00, run_after=2025-06-03 00:00:00+00:00
[2025-06-03T13:21:03.567+0000] {processor.py:183} INFO - Processing /home/airflow/.local/lib/python3.8/site-packages/airflow/example_dags/example_short_circuit_decorator.py took 0.049 seconds
[2025-06-03T13:21:34.376+0000] {processor.py:161} INFO - Started process (PID=564) to work on /home/airflow/.local/lib/python3.8/site-packages/airflow/example_dags/example_short_circuit_decorator.py
[2025-06-03T13:21:34.377+0000] {processor.py:830} INFO - Processing file /home/airflow/.local/lib/python3.8/site-packages/airflow/example_dags/example_short_circuit_decorator.py for tasks to queue
[2025-06-03T13:21:34.378+0000] {logging_mixin.py:188} INFO - [2025-06-03T13:21:34.378+0000] {dagbag.py:540} INFO - Filling up the DagBag from /home/airflow/.local/lib/python3.8/site-packages/airflow/example_dags/example_short_circuit_decorator.py
[2025-06-03T13:21:34.383+0000] {processor.py:840} INFO - DAG(s) 'example_short_circuit_decorator' retrieved from /home/airflow/.local/lib/python3.8/site-packages/airflow/example_dags/example_short_circuit_decorator.py
[2025-06-03T13:21:34.396+0000] {logging_mixin.py:188} INFO - [2025-06-03T13:21:34.396+0000] {dag.py:3047} INFO - Sync 1 DAGs
[2025-06-03T13:21:34.410+0000] {logging_mixin.py:188} INFO - [2025-06-03T13:21:34.410+0000] {dag.py:3834} INFO - Setting next_dagrun for example_short_circuit_decorator to 2025-06-02 00:00:00+00:00, run_after=2025-06-03 00:00:00+00:00
[2025-06-03T13:21:34.419+0000] {processor.py:183} INFO - Processing /home/airflow/.local/lib/python3.8/site-packages/airflow/example_dags/example_short_circuit_decorator.py took 0.044 seconds
[2025-06-03T13:22:05.357+0000] {processor.py:161} INFO - Started process (PID=619) to work on /home/airflow/.local/lib/python3.8/site-packages/airflow/example_dags/example_short_circuit_decorator.py
[2025-06-03T13:22:05.361+0000] {processor.py:830} INFO - Processing file /home/airflow/.local/lib/python3.8/site-packages/airflow/example_dags/example_short_circuit_decorator.py for tasks to queue
[2025-06-03T13:22:05.362+0000] {logging_mixin.py:188} INFO - [2025-06-03T13:22:05.362+0000] {dagbag.py:540} INFO - Filling up the DagBag from /home/airflow/.local/lib/python3.8/site-packages/airflow/example_dags/example_short_circuit_decorator.py
[2025-06-03T13:22:05.366+0000] {processor.py:840} INFO - DAG(s) 'example_short_circuit_decorator' retrieved from /home/airflow/.local/lib/python3.8/site-packages/airflow/example_dags/example_short_circuit_decorator.py
[2025-06-03T13:22:05.375+0000] {logging_mixin.py:188} INFO - [2025-06-03T13:22:05.375+0000] {dag.py:3047} INFO - Sync 1 DAGs
[2025-06-03T13:22:05.383+0000] {logging_mixin.py:188} INFO - [2025-06-03T13:22:05.383+0000] {dag.py:3834} INFO - Setting next_dagrun for example_short_circuit_decorator to 2025-06-02 00:00:00+00:00, run_after=2025-06-03 00:00:00+00:00
[2025-06-03T13:22:05.392+0000] {processor.py:183} INFO - Processing /home/airflow/.local/lib/python3.8/site-packages/airflow/example_dags/example_short_circuit_decorator.py took 0.036 seconds
[2025-06-03T13:22:36.249+0000] {processor.py:161} INFO - Started process (PID=674) to work on /home/airflow/.local/lib/python3.8/site-packages/airflow/example_dags/example_short_circuit_decorator.py
[2025-06-03T13:22:36.250+0000] {processor.py:830} INFO - Processing file /home/airflow/.local/lib/python3.8/site-packages/airflow/example_dags/example_short_circuit_decorator.py for tasks to queue
[2025-06-03T13:22:36.250+0000] {logging_mixin.py:188} INFO - [2025-06-03T13:22:36.250+0000] {dagbag.py:540} INFO - Filling up the DagBag from /home/airflow/.local/lib/python3.8/site-packages/airflow/example_dags/example_short_circuit_decorator.py
[2025-06-03T13:22:36.255+0000] {processor.py:840} INFO - DAG(s) 'example_short_circuit_decorator' retrieved from /home/airflow/.local/lib/python3.8/site-packages/airflow/example_dags/example_short_circuit_decorator.py
[2025-06-03T13:22:36.266+0000] {logging_mixin.py:188} INFO - [2025-06-03T13:22:36.266+0000] {dag.py:3047} INFO - Sync 1 DAGs
[2025-06-03T13:22:36.274+0000] {logging_mixin.py:188} INFO - [2025-06-03T13:22:36.274+0000] {dag.py:3834} INFO - Setting next_dagrun for example_short_circuit_decorator to 2025-06-02 00:00:00+00:00, run_after=2025-06-03 00:00:00+00:00
[2025-06-03T13:22:36.281+0000] {processor.py:183} INFO - Processing /home/airflow/.local/lib/python3.8/site-packages/airflow/example_dags/example_short_circuit_decorator.py took 0.033 seconds
[2025-06-03T13:23:07.142+0000] {processor.py:161} INFO - Started process (PID=729) to work on /home/airflow/.local/lib/python3.8/site-packages/airflow/example_dags/example_short_circuit_decorator.py
[2025-06-03T13:23:07.144+0000] {processor.py:830} INFO - Processing file /home/airflow/.local/lib/python3.8/site-packages/airflow/example_dags/example_short_circuit_decorator.py for tasks to queue
[2025-06-03T13:23:07.146+0000] {logging_mixin.py:188} INFO - [2025-06-03T13:23:07.146+0000] {dagbag.py:540} INFO - Filling up the DagBag from /home/airflow/.local/lib/python3.8/site-packages/airflow/example_dags/example_short_circuit_decorator.py
[2025-06-03T13:23:07.152+0000] {processor.py:840} INFO - DAG(s) 'example_short_circuit_decorator' retrieved from /home/airflow/.local/lib/python3.8/site-packages/airflow/example_dags/example_short_circuit_decorator.py
[2025-06-03T13:23:07.166+0000] {logging_mixin.py:188} INFO - [2025-06-03T13:23:07.165+0000] {dag.py:3047} INFO - Sync 1 DAGs
[2025-06-03T13:23:07.179+0000] {logging_mixin.py:188} INFO - [2025-06-03T13:23:07.179+0000] {dag.py:3834} INFO - Setting next_dagrun for example_short_circuit_decorator to 2025-06-02 00:00:00+00:00, run_after=2025-06-03 00:00:00+00:00
[2025-06-03T13:23:07.188+0000] {processor.py:183} INFO - Processing /home/airflow/.local/lib/python3.8/site-packages/airflow/example_dags/example_short_circuit_decorator.py took 0.048 seconds
[2025-06-03T13:23:38.090+0000] {processor.py:161} INFO - Started process (PID=784) to work on /home/airflow/.local/lib/python3.8/site-packages/airflow/example_dags/example_short_circuit_decorator.py
[2025-06-03T13:23:38.091+0000] {processor.py:830} INFO - Processing file /home/airflow/.local/lib/python3.8/site-packages/airflow/example_dags/example_short_circuit_decorator.py for tasks to queue
[2025-06-03T13:23:38.092+0000] {logging_mixin.py:188} INFO - [2025-06-03T13:23:38.092+0000] {dagbag.py:540} INFO - Filling up the DagBag from /home/airflow/.local/lib/python3.8/site-packages/airflow/example_dags/example_short_circuit_decorator.py
[2025-06-03T13:23:38.095+0000] {processor.py:840} INFO - DAG(s) 'example_short_circuit_decorator' retrieved from /home/airflow/.local/lib/python3.8/site-packages/airflow/example_dags/example_short_circuit_decorator.py
[2025-06-03T13:23:38.106+0000] {logging_mixin.py:188} INFO - [2025-06-03T13:23:38.106+0000] {dag.py:3047} INFO - Sync 1 DAGs
[2025-06-03T13:23:38.115+0000] {logging_mixin.py:188} INFO - [2025-06-03T13:23:38.115+0000] {dag.py:3834} INFO - Setting next_dagrun for example_short_circuit_decorator to 2025-06-02 00:00:00+00:00, run_after=2025-06-03 00:00:00+00:00
[2025-06-03T13:23:38.121+0000] {processor.py:183} INFO - Processing /home/airflow/.local/lib/python3.8/site-packages/airflow/example_dags/example_short_circuit_decorator.py took 0.033 seconds
[2025-06-03T13:24:08.378+0000] {processor.py:161} INFO - Started process (PID=839) to work on /home/airflow/.local/lib/python3.8/site-packages/airflow/example_dags/example_short_circuit_decorator.py
[2025-06-03T13:24:08.379+0000] {processor.py:830} INFO - Processing file /home/airflow/.local/lib/python3.8/site-packages/airflow/example_dags/example_short_circuit_decorator.py for tasks to queue
[2025-06-03T13:24:08.379+0000] {logging_mixin.py:188} INFO - [2025-06-03T13:24:08.379+0000] {dagbag.py:540} INFO - Filling up the DagBag from /home/airflow/.local/lib/python3.8/site-packages/airflow/example_dags/example_short_circuit_decorator.py
[2025-06-03T13:24:08.384+0000] {processor.py:840} INFO - DAG(s) 'example_short_circuit_decorator' retrieved from /home/airflow/.local/lib/python3.8/site-packages/airflow/example_dags/example_short_circuit_decorator.py
[2025-06-03T13:24:08.396+0000] {logging_mixin.py:188} INFO - [2025-06-03T13:24:08.396+0000] {dag.py:3047} INFO - Sync 1 DAGs
[2025-06-03T13:24:08.406+0000] {logging_mixin.py:188} INFO - [2025-06-03T13:24:08.406+0000] {dag.py:3834} INFO - Setting next_dagrun for example_short_circuit_decorator to 2025-06-02 00:00:00+00:00, run_after=2025-06-03 00:00:00+00:00
[2025-06-03T13:24:08.414+0000] {processor.py:183} INFO - Processing /home/airflow/.local/lib/python3.8/site-packages/airflow/example_dags/example_short_circuit_decorator.py took 0.037 seconds
[2025-06-03T13:24:39.234+0000] {processor.py:161} INFO - Started process (PID=894) to work on /home/airflow/.local/lib/python3.8/site-packages/airflow/example_dags/example_short_circuit_decorator.py
[2025-06-03T13:24:39.237+0000] {processor.py:830} INFO - Processing file /home/airflow/.local/lib/python3.8/site-packages/airflow/example_dags/example_short_circuit_decorator.py for tasks to queue
[2025-06-03T13:24:39.238+0000] {logging_mixin.py:188} INFO - [2025-06-03T13:24:39.238+0000] {dagbag.py:540} INFO - Filling up the DagBag from /home/airflow/.local/lib/python3.8/site-packages/airflow/example_dags/example_short_circuit_decorator.py
[2025-06-03T13:24:39.241+0000] {processor.py:840} INFO - DAG(s) 'example_short_circuit_decorator' retrieved from /home/airflow/.local/lib/python3.8/site-packages/airflow/example_dags/example_short_circuit_decorator.py
[2025-06-03T13:24:39.253+0000] {logging_mixin.py:188} INFO - [2025-06-03T13:24:39.253+0000] {dag.py:3047} INFO - Sync 1 DAGs
[2025-06-03T13:24:39.269+0000] {logging_mixin.py:188} INFO - [2025-06-03T13:24:39.269+0000] {dag.py:3834} INFO - Setting next_dagrun for example_short_circuit_decorator to 2025-06-02 00:00:00+00:00, run_after=2025-06-03 00:00:00+00:00
[2025-06-03T13:24:39.284+0000] {processor.py:183} INFO - Processing /home/airflow/.local/lib/python3.8/site-packages/airflow/example_dags/example_short_circuit_decorator.py took 0.051 seconds
[2025-06-03T13:25:09.999+0000] {processor.py:161} INFO - Started process (PID=949) to work on /home/airflow/.local/lib/python3.8/site-packages/airflow/example_dags/example_short_circuit_decorator.py
[2025-06-03T13:25:10.000+0000] {processor.py:830} INFO - Processing file /home/airflow/.local/lib/python3.8/site-packages/airflow/example_dags/example_short_circuit_decorator.py for tasks to queue
[2025-06-03T13:25:10.004+0000] {logging_mixin.py:188} INFO - [2025-06-03T13:25:10.004+0000] {dagbag.py:540} INFO - Filling up the DagBag from /home/airflow/.local/lib/python3.8/site-packages/airflow/example_dags/example_short_circuit_decorator.py
[2025-06-03T13:25:10.015+0000] {processor.py:840} INFO - DAG(s) 'example_short_circuit_decorator' retrieved from /home/airflow/.local/lib/python3.8/site-packages/airflow/example_dags/example_short_circuit_decorator.py
[2025-06-03T13:25:10.035+0000] {logging_mixin.py:188} INFO - [2025-06-03T13:25:10.034+0000] {dag.py:3047} INFO - Sync 1 DAGs
[2025-06-03T13:25:10.046+0000] {logging_mixin.py:188} INFO - [2025-06-03T13:25:10.046+0000] {dag.py:3834} INFO - Setting next_dagrun for example_short_circuit_decorator to 2025-06-02 00:00:00+00:00, run_after=2025-06-03 00:00:00+00:00
[2025-06-03T13:25:10.054+0000] {processor.py:183} INFO - Processing /home/airflow/.local/lib/python3.8/site-packages/airflow/example_dags/example_short_circuit_decorator.py took 0.057 seconds
[2025-06-03T13:25:40.610+0000] {processor.py:161} INFO - Started process (PID=1004) to work on /home/airflow/.local/lib/python3.8/site-packages/airflow/example_dags/example_short_circuit_decorator.py
[2025-06-03T13:25:40.611+0000] {processor.py:830} INFO - Processing file /home/airflow/.local/lib/python3.8/site-packages/airflow/example_dags/example_short_circuit_decorator.py for tasks to queue
[2025-06-03T13:25:40.612+0000] {logging_mixin.py:188} INFO - [2025-06-03T13:25:40.612+0000] {dagbag.py:540} INFO - Filling up the DagBag from /home/airflow/.local/lib/python3.8/site-packages/airflow/example_dags/example_short_circuit_decorator.py
[2025-06-03T13:25:40.616+0000] {processor.py:840} INFO - DAG(s) 'example_short_circuit_decorator' retrieved from /home/airflow/.local/lib/python3.8/site-packages/airflow/example_dags/example_short_circuit_decorator.py
[2025-06-03T13:25:40.626+0000] {logging_mixin.py:188} INFO - [2025-06-03T13:25:40.626+0000] {dag.py:3047} INFO - Sync 1 DAGs
[2025-06-03T13:25:40.638+0000] {logging_mixin.py:188} INFO - [2025-06-03T13:25:40.638+0000] {dag.py:3834} INFO - Setting next_dagrun for example_short_circuit_decorator to 2025-06-02 00:00:00+00:00, run_after=2025-06-03 00:00:00+00:00
[2025-06-03T13:25:40.651+0000] {processor.py:183} INFO - Processing /home/airflow/.local/lib/python3.8/site-packages/airflow/example_dags/example_short_circuit_decorator.py took 0.042 seconds
[2025-06-03T13:26:10.690+0000] {processor.py:161} INFO - Started process (PID=1059) to work on /home/airflow/.local/lib/python3.8/site-packages/airflow/example_dags/example_short_circuit_decorator.py
[2025-06-03T13:26:10.691+0000] {processor.py:830} INFO - Processing file /home/airflow/.local/lib/python3.8/site-packages/airflow/example_dags/example_short_circuit_decorator.py for tasks to queue
[2025-06-03T13:26:10.693+0000] {logging_mixin.py:188} INFO - [2025-06-03T13:26:10.693+0000] {dagbag.py:540} INFO - Filling up the DagBag from /home/airflow/.local/lib/python3.8/site-packages/airflow/example_dags/example_short_circuit_decorator.py
[2025-06-03T13:26:10.712+0000] {processor.py:840} INFO - DAG(s) 'example_short_circuit_decorator' retrieved from /home/airflow/.local/lib/python3.8/site-packages/airflow/example_dags/example_short_circuit_decorator.py
[2025-06-03T13:26:10.734+0000] {logging_mixin.py:188} INFO - [2025-06-03T13:26:10.734+0000] {dag.py:3047} INFO - Sync 1 DAGs
[2025-06-03T13:26:10.747+0000] {logging_mixin.py:188} INFO - [2025-06-03T13:26:10.747+0000] {dag.py:3834} INFO - Setting next_dagrun for example_short_circuit_decorator to 2025-06-02 00:00:00+00:00, run_after=2025-06-03 00:00:00+00:00
[2025-06-03T13:26:10.756+0000] {processor.py:183} INFO - Processing /home/airflow/.local/lib/python3.8/site-packages/airflow/example_dags/example_short_circuit_decorator.py took 0.069 seconds
[2025-06-03T13:26:40.941+0000] {processor.py:161} INFO - Started process (PID=1114) to work on /home/airflow/.local/lib/python3.8/site-packages/airflow/example_dags/example_short_circuit_decorator.py
[2025-06-03T13:26:40.942+0000] {processor.py:830} INFO - Processing file /home/airflow/.local/lib/python3.8/site-packages/airflow/example_dags/example_short_circuit_decorator.py for tasks to queue
[2025-06-03T13:26:40.943+0000] {logging_mixin.py:188} INFO - [2025-06-03T13:26:40.943+0000] {dagbag.py:540} INFO - Filling up the DagBag from /home/airflow/.local/lib/python3.8/site-packages/airflow/example_dags/example_short_circuit_decorator.py
[2025-06-03T13:26:40.951+0000] {processor.py:840} INFO - DAG(s) 'example_short_circuit_decorator' retrieved from /home/airflow/.local/lib/python3.8/site-packages/airflow/example_dags/example_short_circuit_decorator.py
[2025-06-03T13:26:40.963+0000] {logging_mixin.py:188} INFO - [2025-06-03T13:26:40.963+0000] {dag.py:3047} INFO - Sync 1 DAGs
[2025-06-03T13:26:40.978+0000] {logging_mixin.py:188} INFO - [2025-06-03T13:26:40.978+0000] {dag.py:3834} INFO - Setting next_dagrun for example_short_circuit_decorator to 2025-06-02 00:00:00+00:00, run_after=2025-06-03 00:00:00+00:00
[2025-06-03T13:26:40.987+0000] {processor.py:183} INFO - Processing /home/airflow/.local/lib/python3.8/site-packages/airflow/example_dags/example_short_circuit_decorator.py took 0.049 seconds
[2025-06-03T13:27:11.585+0000] {processor.py:161} INFO - Started process (PID=1169) to work on /home/airflow/.local/lib/python3.8/site-packages/airflow/example_dags/example_short_circuit_decorator.py
[2025-06-03T13:27:11.586+0000] {processor.py:830} INFO - Processing file /home/airflow/.local/lib/python3.8/site-packages/airflow/example_dags/example_short_circuit_decorator.py for tasks to queue
[2025-06-03T13:27:11.587+0000] {logging_mixin.py:188} INFO - [2025-06-03T13:27:11.586+0000] {dagbag.py:540} INFO - Filling up the DagBag from /home/airflow/.local/lib/python3.8/site-packages/airflow/example_dags/example_short_circuit_decorator.py
[2025-06-03T13:27:11.591+0000] {processor.py:840} INFO - DAG(s) 'example_short_circuit_decorator' retrieved from /home/airflow/.local/lib/python3.8/site-packages/airflow/example_dags/example_short_circuit_decorator.py
[2025-06-03T13:27:11.602+0000] {logging_mixin.py:188} INFO - [2025-06-03T13:27:11.602+0000] {dag.py:3047} INFO - Sync 1 DAGs
[2025-06-03T13:27:11.612+0000] {logging_mixin.py:188} INFO - [2025-06-03T13:27:11.611+0000] {dag.py:3834} INFO - Setting next_dagrun for example_short_circuit_decorator to 2025-06-02 00:00:00+00:00, run_after=2025-06-03 00:00:00+00:00
[2025-06-03T13:27:11.620+0000] {processor.py:183} INFO - Processing /home/airflow/.local/lib/python3.8/site-packages/airflow/example_dags/example_short_circuit_decorator.py took 0.037 seconds
[2025-06-03T13:27:42.162+0000] {processor.py:161} INFO - Started process (PID=1224) to work on /home/airflow/.local/lib/python3.8/site-packages/airflow/example_dags/example_short_circuit_decorator.py
[2025-06-03T13:27:42.162+0000] {processor.py:830} INFO - Processing file /home/airflow/.local/lib/python3.8/site-packages/airflow/example_dags/example_short_circuit_decorator.py for tasks to queue
[2025-06-03T13:27:42.163+0000] {logging_mixin.py:188} INFO - [2025-06-03T13:27:42.163+0000] {dagbag.py:540} INFO - Filling up the DagBag from /home/airflow/.local/lib/python3.8/site-packages/airflow/example_dags/example_short_circuit_decorator.py
[2025-06-03T13:27:42.176+0000] {processor.py:840} INFO - DAG(s) 'example_short_circuit_decorator' retrieved from /home/airflow/.local/lib/python3.8/site-packages/airflow/example_dags/example_short_circuit_decorator.py
[2025-06-03T13:27:42.190+0000] {logging_mixin.py:188} INFO - [2025-06-03T13:27:42.189+0000] {dag.py:3047} INFO - Sync 1 DAGs
[2025-06-03T13:27:42.202+0000] {logging_mixin.py:188} INFO - [2025-06-03T13:27:42.202+0000] {dag.py:3834} INFO - Setting next_dagrun for example_short_circuit_decorator to 2025-06-02 00:00:00+00:00, run_after=2025-06-03 00:00:00+00:00
[2025-06-03T13:27:42.210+0000] {processor.py:183} INFO - Processing /home/airflow/.local/lib/python3.8/site-packages/airflow/example_dags/example_short_circuit_decorator.py took 0.049 seconds
[2025-06-03T13:28:12.775+0000] {processor.py:161} INFO - Started process (PID=1279) to work on /home/airflow/.local/lib/python3.8/site-packages/airflow/example_dags/example_short_circuit_decorator.py
[2025-06-03T13:28:12.776+0000] {processor.py:830} INFO - Processing file /home/airflow/.local/lib/python3.8/site-packages/airflow/example_dags/example_short_circuit_decorator.py for tasks to queue
[2025-06-03T13:28:12.777+0000] {logging_mixin.py:188} INFO - [2025-06-03T13:28:12.777+0000] {dagbag.py:540} INFO - Filling up the DagBag from /home/airflow/.local/lib/python3.8/site-packages/airflow/example_dags/example_short_circuit_decorator.py
[2025-06-03T13:28:12.781+0000] {processor.py:840} INFO - DAG(s) 'example_short_circuit_decorator' retrieved from /home/airflow/.local/lib/python3.8/site-packages/airflow/example_dags/example_short_circuit_decorator.py
[2025-06-03T13:28:12.791+0000] {logging_mixin.py:188} INFO - [2025-06-03T13:28:12.791+0000] {dag.py:3047} INFO - Sync 1 DAGs
[2025-06-03T13:28:12.800+0000] {logging_mixin.py:188} INFO - [2025-06-03T13:28:12.800+0000] {dag.py:3834} INFO - Setting next_dagrun for example_short_circuit_decorator to 2025-06-02 00:00:00+00:00, run_after=2025-06-03 00:00:00+00:00
[2025-06-03T13:28:12.807+0000] {processor.py:183} INFO - Processing /home/airflow/.local/lib/python3.8/site-packages/airflow/example_dags/example_short_circuit_decorator.py took 0.034 seconds
[2025-06-03T13:28:43.044+0000] {processor.py:161} INFO - Started process (PID=1334) to work on /home/airflow/.local/lib/python3.8/site-packages/airflow/example_dags/example_short_circuit_decorator.py
[2025-06-03T13:28:43.044+0000] {processor.py:830} INFO - Processing file /home/airflow/.local/lib/python3.8/site-packages/airflow/example_dags/example_short_circuit_decorator.py for tasks to queue
[2025-06-03T13:28:43.046+0000] {logging_mixin.py:188} INFO - [2025-06-03T13:28:43.045+0000] {dagbag.py:540} INFO - Filling up the DagBag from /home/airflow/.local/lib/python3.8/site-packages/airflow/example_dags/example_short_circuit_decorator.py
[2025-06-03T13:28:43.057+0000] {processor.py:840} INFO - DAG(s) 'example_short_circuit_decorator' retrieved from /home/airflow/.local/lib/python3.8/site-packages/airflow/example_dags/example_short_circuit_decorator.py
[2025-06-03T13:28:43.073+0000] {logging_mixin.py:188} INFO - [2025-06-03T13:28:43.073+0000] {dag.py:3047} INFO - Sync 1 DAGs
[2025-06-03T13:28:43.090+0000] {logging_mixin.py:188} INFO - [2025-06-03T13:28:43.090+0000] {dag.py:3834} INFO - Setting next_dagrun for example_short_circuit_decorator to 2025-06-02 00:00:00+00:00, run_after=2025-06-03 00:00:00+00:00
[2025-06-03T13:28:43.101+0000] {processor.py:183} INFO - Processing /home/airflow/.local/lib/python3.8/site-packages/airflow/example_dags/example_short_circuit_decorator.py took 0.060 seconds
[2025-06-03T13:29:13.625+0000] {processor.py:161} INFO - Started process (PID=1389) to work on /home/airflow/.local/lib/python3.8/site-packages/airflow/example_dags/example_short_circuit_decorator.py
[2025-06-03T13:29:13.626+0000] {processor.py:830} INFO - Processing file /home/airflow/.local/lib/python3.8/site-packages/airflow/example_dags/example_short_circuit_decorator.py for tasks to queue
[2025-06-03T13:29:13.627+0000] {logging_mixin.py:188} INFO - [2025-06-03T13:29:13.627+0000] {dagbag.py:540} INFO - Filling up the DagBag from /home/airflow/.local/lib/python3.8/site-packages/airflow/example_dags/example_short_circuit_decorator.py
[2025-06-03T13:29:13.631+0000] {processor.py:840} INFO - DAG(s) 'example_short_circuit_decorator' retrieved from /home/airflow/.local/lib/python3.8/site-packages/airflow/example_dags/example_short_circuit_decorator.py
[2025-06-03T13:29:13.642+0000] {logging_mixin.py:188} INFO - [2025-06-03T13:29:13.642+0000] {dag.py:3047} INFO - Sync 1 DAGs
[2025-06-03T13:29:13.649+0000] {logging_mixin.py:188} INFO - [2025-06-03T13:29:13.649+0000] {dag.py:3834} INFO - Setting next_dagrun for example_short_circuit_decorator to 2025-06-02 00:00:00+00:00, run_after=2025-06-03 00:00:00+00:00
[2025-06-03T13:29:13.656+0000] {processor.py:183} INFO - Processing /home/airflow/.local/lib/python3.8/site-packages/airflow/example_dags/example_short_circuit_decorator.py took 0.032 seconds
[2025-06-03T13:29:43.957+0000] {processor.py:161} INFO - Started process (PID=1444) to work on /home/airflow/.local/lib/python3.8/site-packages/airflow/example_dags/example_short_circuit_decorator.py
[2025-06-03T13:29:43.960+0000] {processor.py:830} INFO - Processing file /home/airflow/.local/lib/python3.8/site-packages/airflow/example_dags/example_short_circuit_decorator.py for tasks to queue
[2025-06-03T13:29:43.960+0000] {logging_mixin.py:188} INFO - [2025-06-03T13:29:43.960+0000] {dagbag.py:540} INFO - Filling up the DagBag from /home/airflow/.local/lib/python3.8/site-packages/airflow/example_dags/example_short_circuit_decorator.py
[2025-06-03T13:29:43.964+0000] {processor.py:840} INFO - DAG(s) 'example_short_circuit_decorator' retrieved from /home/airflow/.local/lib/python3.8/site-packages/airflow/example_dags/example_short_circuit_decorator.py
[2025-06-03T13:29:43.972+0000] {logging_mixin.py:188} INFO - [2025-06-03T13:29:43.972+0000] {dag.py:3047} INFO - Sync 1 DAGs
[2025-06-03T13:29:43.982+0000] {logging_mixin.py:188} INFO - [2025-06-03T13:29:43.982+0000] {dag.py:3834} INFO - Setting next_dagrun for example_short_circuit_decorator to 2025-06-02 00:00:00+00:00, run_after=2025-06-03 00:00:00+00:00
[2025-06-03T13:29:43.989+0000] {processor.py:183} INFO - Processing /home/airflow/.local/lib/python3.8/site-packages/airflow/example_dags/example_short_circuit_decorator.py took 0.033 seconds
[2025-06-03T13:30:14.300+0000] {processor.py:161} INFO - Started process (PID=1499) to work on /home/airflow/.local/lib/python3.8/site-packages/airflow/example_dags/example_short_circuit_decorator.py
[2025-06-03T13:30:14.303+0000] {processor.py:830} INFO - Processing file /home/airflow/.local/lib/python3.8/site-packages/airflow/example_dags/example_short_circuit_decorator.py for tasks to queue
[2025-06-03T13:30:14.304+0000] {logging_mixin.py:188} INFO - [2025-06-03T13:30:14.304+0000] {dagbag.py:540} INFO - Filling up the DagBag from /home/airflow/.local/lib/python3.8/site-packages/airflow/example_dags/example_short_circuit_decorator.py
[2025-06-03T13:30:14.307+0000] {processor.py:840} INFO - DAG(s) 'example_short_circuit_decorator' retrieved from /home/airflow/.local/lib/python3.8/site-packages/airflow/example_dags/example_short_circuit_decorator.py
[2025-06-03T13:30:14.316+0000] {logging_mixin.py:188} INFO - [2025-06-03T13:30:14.316+0000] {dag.py:3047} INFO - Sync 1 DAGs
[2025-06-03T13:30:14.324+0000] {logging_mixin.py:188} INFO - [2025-06-03T13:30:14.324+0000] {dag.py:3834} INFO - Setting next_dagrun for example_short_circuit_decorator to 2025-06-02 00:00:00+00:00, run_after=2025-06-03 00:00:00+00:00
[2025-06-03T13:30:14.331+0000] {processor.py:183} INFO - Processing /home/airflow/.local/lib/python3.8/site-packages/airflow/example_dags/example_short_circuit_decorator.py took 0.032 seconds
[2025-06-03T13:30:44.626+0000] {processor.py:161} INFO - Started process (PID=1553) to work on /home/airflow/.local/lib/python3.8/site-packages/airflow/example_dags/example_short_circuit_decorator.py
[2025-06-03T13:30:44.626+0000] {processor.py:830} INFO - Processing file /home/airflow/.local/lib/python3.8/site-packages/airflow/example_dags/example_short_circuit_decorator.py for tasks to queue
[2025-06-03T13:30:44.627+0000] {logging_mixin.py:188} INFO - [2025-06-03T13:30:44.627+0000] {dagbag.py:540} INFO - Filling up the DagBag from /home/airflow/.local/lib/python3.8/site-packages/airflow/example_dags/example_short_circuit_decorator.py
[2025-06-03T13:30:44.631+0000] {processor.py:840} INFO - DAG(s) 'example_short_circuit_decorator' retrieved from /home/airflow/.local/lib/python3.8/site-packages/airflow/example_dags/example_short_circuit_decorator.py
[2025-06-03T13:30:44.640+0000] {logging_mixin.py:188} INFO - [2025-06-03T13:30:44.639+0000] {dag.py:3047} INFO - Sync 1 DAGs
[2025-06-03T13:30:44.647+0000] {logging_mixin.py:188} INFO - [2025-06-03T13:30:44.647+0000] {dag.py:3834} INFO - Setting next_dagrun for example_short_circuit_decorator to 2025-06-02 00:00:00+00:00, run_after=2025-06-03 00:00:00+00:00
[2025-06-03T13:30:44.654+0000] {processor.py:183} INFO - Processing /home/airflow/.local/lib/python3.8/site-packages/airflow/example_dags/example_short_circuit_decorator.py took 0.030 seconds
[2025-06-03T13:31:14.933+0000] {processor.py:161} INFO - Started process (PID=1608) to work on /home/airflow/.local/lib/python3.8/site-packages/airflow/example_dags/example_short_circuit_decorator.py
[2025-06-03T13:31:14.933+0000] {processor.py:830} INFO - Processing file /home/airflow/.local/lib/python3.8/site-packages/airflow/example_dags/example_short_circuit_decorator.py for tasks to queue
[2025-06-03T13:31:14.934+0000] {logging_mixin.py:188} INFO - [2025-06-03T13:31:14.934+0000] {dagbag.py:540} INFO - Filling up the DagBag from /home/airflow/.local/lib/python3.8/site-packages/airflow/example_dags/example_short_circuit_decorator.py
[2025-06-03T13:31:14.937+0000] {processor.py:840} INFO - DAG(s) 'example_short_circuit_decorator' retrieved from /home/airflow/.local/lib/python3.8/site-packages/airflow/example_dags/example_short_circuit_decorator.py
[2025-06-03T13:31:14.947+0000] {logging_mixin.py:188} INFO - [2025-06-03T13:31:14.946+0000] {dag.py:3047} INFO - Sync 1 DAGs
[2025-06-03T13:31:14.955+0000] {logging_mixin.py:188} INFO - [2025-06-03T13:31:14.955+0000] {dag.py:3834} INFO - Setting next_dagrun for example_short_circuit_decorator to 2025-06-02 00:00:00+00:00, run_after=2025-06-03 00:00:00+00:00
[2025-06-03T13:31:14.962+0000] {processor.py:183} INFO - Processing /home/airflow/.local/lib/python3.8/site-packages/airflow/example_dags/example_short_circuit_decorator.py took 0.030 seconds
[2025-06-03T13:31:45.180+0000] {processor.py:161} INFO - Started process (PID=1663) to work on /home/airflow/.local/lib/python3.8/site-packages/airflow/example_dags/example_short_circuit_decorator.py
[2025-06-03T13:31:45.181+0000] {processor.py:830} INFO - Processing file /home/airflow/.local/lib/python3.8/site-packages/airflow/example_dags/example_short_circuit_decorator.py for tasks to queue
[2025-06-03T13:31:45.181+0000] {logging_mixin.py:188} INFO - [2025-06-03T13:31:45.181+0000] {dagbag.py:540} INFO - Filling up the DagBag from /home/airflow/.local/lib/python3.8/site-packages/airflow/example_dags/example_short_circuit_decorator.py
[2025-06-03T13:31:45.185+0000] {processor.py:840} INFO - DAG(s) 'example_short_circuit_decorator' retrieved from /home/airflow/.local/lib/python3.8/site-packages/airflow/example_dags/example_short_circuit_decorator.py
[2025-06-03T13:31:45.194+0000] {logging_mixin.py:188} INFO - [2025-06-03T13:31:45.194+0000] {dag.py:3047} INFO - Sync 1 DAGs
[2025-06-03T13:31:45.203+0000] {logging_mixin.py:188} INFO - [2025-06-03T13:31:45.203+0000] {dag.py:3834} INFO - Setting next_dagrun for example_short_circuit_decorator to 2025-06-02 00:00:00+00:00, run_after=2025-06-03 00:00:00+00:00
[2025-06-03T13:31:45.210+0000] {processor.py:183} INFO - Processing /home/airflow/.local/lib/python3.8/site-packages/airflow/example_dags/example_short_circuit_decorator.py took 0.031 seconds
[2025-06-03T13:32:15.514+0000] {processor.py:161} INFO - Started process (PID=1718) to work on /home/airflow/.local/lib/python3.8/site-packages/airflow/example_dags/example_short_circuit_decorator.py
[2025-06-03T13:32:15.515+0000] {processor.py:830} INFO - Processing file /home/airflow/.local/lib/python3.8/site-packages/airflow/example_dags/example_short_circuit_decorator.py for tasks to queue
[2025-06-03T13:32:15.516+0000] {logging_mixin.py:188} INFO - [2025-06-03T13:32:15.516+0000] {dagbag.py:540} INFO - Filling up the DagBag from /home/airflow/.local/lib/python3.8/site-packages/airflow/example_dags/example_short_circuit_decorator.py
[2025-06-03T13:32:15.520+0000] {processor.py:840} INFO - DAG(s) 'example_short_circuit_decorator' retrieved from /home/airflow/.local/lib/python3.8/site-packages/airflow/example_dags/example_short_circuit_decorator.py
[2025-06-03T13:32:15.529+0000] {logging_mixin.py:188} INFO - [2025-06-03T13:32:15.528+0000] {dag.py:3047} INFO - Sync 1 DAGs
[2025-06-03T13:32:15.537+0000] {logging_mixin.py:188} INFO - [2025-06-03T13:32:15.537+0000] {dag.py:3834} INFO - Setting next_dagrun for example_short_circuit_decorator to 2025-06-02 00:00:00+00:00, run_after=2025-06-03 00:00:00+00:00
[2025-06-03T13:32:15.543+0000] {processor.py:183} INFO - Processing /home/airflow/.local/lib/python3.8/site-packages/airflow/example_dags/example_short_circuit_decorator.py took 0.031 seconds
[2025-06-03T13:32:45.790+0000] {processor.py:161} INFO - Started process (PID=1773) to work on /home/airflow/.local/lib/python3.8/site-packages/airflow/example_dags/example_short_circuit_decorator.py
[2025-06-03T13:32:45.791+0000] {processor.py:830} INFO - Processing file /home/airflow/.local/lib/python3.8/site-packages/airflow/example_dags/example_short_circuit_decorator.py for tasks to queue
[2025-06-03T13:32:45.792+0000] {logging_mixin.py:188} INFO - [2025-06-03T13:32:45.792+0000] {dagbag.py:540} INFO - Filling up the DagBag from /home/airflow/.local/lib/python3.8/site-packages/airflow/example_dags/example_short_circuit_decorator.py
[2025-06-03T13:32:45.796+0000] {processor.py:840} INFO - DAG(s) 'example_short_circuit_decorator' retrieved from /home/airflow/.local/lib/python3.8/site-packages/airflow/example_dags/example_short_circuit_decorator.py
[2025-06-03T13:32:45.806+0000] {logging_mixin.py:188} INFO - [2025-06-03T13:32:45.806+0000] {dag.py:3047} INFO - Sync 1 DAGs
[2025-06-03T13:32:45.814+0000] {logging_mixin.py:188} INFO - [2025-06-03T13:32:45.814+0000] {dag.py:3834} INFO - Setting next_dagrun for example_short_circuit_decorator to 2025-06-02 00:00:00+00:00, run_after=2025-06-03 00:00:00+00:00
[2025-06-03T13:32:45.821+0000] {processor.py:183} INFO - Processing /home/airflow/.local/lib/python3.8/site-packages/airflow/example_dags/example_short_circuit_decorator.py took 0.032 seconds
[2025-06-03T13:33:16.101+0000] {processor.py:161} INFO - Started process (PID=1828) to work on /home/airflow/.local/lib/python3.8/site-packages/airflow/example_dags/example_short_circuit_decorator.py
[2025-06-03T13:33:16.101+0000] {processor.py:830} INFO - Processing file /home/airflow/.local/lib/python3.8/site-packages/airflow/example_dags/example_short_circuit_decorator.py for tasks to queue
[2025-06-03T13:33:16.102+0000] {logging_mixin.py:188} INFO - [2025-06-03T13:33:16.102+0000] {dagbag.py:540} INFO - Filling up the DagBag from /home/airflow/.local/lib/python3.8/site-packages/airflow/example_dags/example_short_circuit_decorator.py
[2025-06-03T13:33:16.105+0000] {processor.py:840} INFO - DAG(s) 'example_short_circuit_decorator' retrieved from /home/airflow/.local/lib/python3.8/site-packages/airflow/example_dags/example_short_circuit_decorator.py
[2025-06-03T13:33:16.114+0000] {logging_mixin.py:188} INFO - [2025-06-03T13:33:16.114+0000] {dag.py:3047} INFO - Sync 1 DAGs
[2025-06-03T13:33:16.122+0000] {logging_mixin.py:188} INFO - [2025-06-03T13:33:16.122+0000] {dag.py:3834} INFO - Setting next_dagrun for example_short_circuit_decorator to 2025-06-02 00:00:00+00:00, run_after=2025-06-03 00:00:00+00:00
[2025-06-03T13:33:16.129+0000] {processor.py:183} INFO - Processing /home/airflow/.local/lib/python3.8/site-packages/airflow/example_dags/example_short_circuit_decorator.py took 0.030 seconds
[2025-06-03T13:33:46.384+0000] {processor.py:161} INFO - Started process (PID=1883) to work on /home/airflow/.local/lib/python3.8/site-packages/airflow/example_dags/example_short_circuit_decorator.py
[2025-06-03T13:33:46.384+0000] {processor.py:830} INFO - Processing file /home/airflow/.local/lib/python3.8/site-packages/airflow/example_dags/example_short_circuit_decorator.py for tasks to queue
[2025-06-03T13:33:46.385+0000] {logging_mixin.py:188} INFO - [2025-06-03T13:33:46.385+0000] {dagbag.py:540} INFO - Filling up the DagBag from /home/airflow/.local/lib/python3.8/site-packages/airflow/example_dags/example_short_circuit_decorator.py
[2025-06-03T13:33:46.388+0000] {processor.py:840} INFO - DAG(s) 'example_short_circuit_decorator' retrieved from /home/airflow/.local/lib/python3.8/site-packages/airflow/example_dags/example_short_circuit_decorator.py
[2025-06-03T13:33:46.397+0000] {logging_mixin.py:188} INFO - [2025-06-03T13:33:46.397+0000] {dag.py:3047} INFO - Sync 1 DAGs
[2025-06-03T13:33:46.405+0000] {logging_mixin.py:188} INFO - [2025-06-03T13:33:46.405+0000] {dag.py:3834} INFO - Setting next_dagrun for example_short_circuit_decorator to 2025-06-02 00:00:00+00:00, run_after=2025-06-03 00:00:00+00:00
[2025-06-03T13:33:46.412+0000] {processor.py:183} INFO - Processing /home/airflow/.local/lib/python3.8/site-packages/airflow/example_dags/example_short_circuit_decorator.py took 0.029 seconds
[2025-06-03T13:34:16.673+0000] {processor.py:161} INFO - Started process (PID=1938) to work on /home/airflow/.local/lib/python3.8/site-packages/airflow/example_dags/example_short_circuit_decorator.py
[2025-06-03T13:34:16.674+0000] {processor.py:830} INFO - Processing file /home/airflow/.local/lib/python3.8/site-packages/airflow/example_dags/example_short_circuit_decorator.py for tasks to queue
[2025-06-03T13:34:16.675+0000] {logging_mixin.py:188} INFO - [2025-06-03T13:34:16.675+0000] {dagbag.py:540} INFO - Filling up the DagBag from /home/airflow/.local/lib/python3.8/site-packages/airflow/example_dags/example_short_circuit_decorator.py
[2025-06-03T13:34:16.679+0000] {processor.py:840} INFO - DAG(s) 'example_short_circuit_decorator' retrieved from /home/airflow/.local/lib/python3.8/site-packages/airflow/example_dags/example_short_circuit_decorator.py
[2025-06-03T13:34:16.690+0000] {logging_mixin.py:188} INFO - [2025-06-03T13:34:16.689+0000] {dag.py:3047} INFO - Sync 1 DAGs
[2025-06-03T13:34:16.699+0000] {logging_mixin.py:188} INFO - [2025-06-03T13:34:16.699+0000] {dag.py:3834} INFO - Setting next_dagrun for example_short_circuit_decorator to 2025-06-02 00:00:00+00:00, run_after=2025-06-03 00:00:00+00:00
[2025-06-03T13:34:16.708+0000] {processor.py:183} INFO - Processing /home/airflow/.local/lib/python3.8/site-packages/airflow/example_dags/example_short_circuit_decorator.py took 0.037 seconds
[2025-06-03T13:34:47.045+0000] {processor.py:161} INFO - Started process (PID=1993) to work on /home/airflow/.local/lib/python3.8/site-packages/airflow/example_dags/example_short_circuit_decorator.py
[2025-06-03T13:34:47.046+0000] {processor.py:830} INFO - Processing file /home/airflow/.local/lib/python3.8/site-packages/airflow/example_dags/example_short_circuit_decorator.py for tasks to queue
[2025-06-03T13:34:47.049+0000] {logging_mixin.py:188} INFO - [2025-06-03T13:34:47.049+0000] {dagbag.py:540} INFO - Filling up the DagBag from /home/airflow/.local/lib/python3.8/site-packages/airflow/example_dags/example_short_circuit_decorator.py
[2025-06-03T13:34:47.054+0000] {processor.py:840} INFO - DAG(s) 'example_short_circuit_decorator' retrieved from /home/airflow/.local/lib/python3.8/site-packages/airflow/example_dags/example_short_circuit_decorator.py
[2025-06-03T13:34:47.064+0000] {logging_mixin.py:188} INFO - [2025-06-03T13:34:47.064+0000] {dag.py:3047} INFO - Sync 1 DAGs
[2025-06-03T13:34:47.072+0000] {logging_mixin.py:188} INFO - [2025-06-03T13:34:47.072+0000] {dag.py:3834} INFO - Setting next_dagrun for example_short_circuit_decorator to 2025-06-02 00:00:00+00:00, run_after=2025-06-03 00:00:00+00:00
[2025-06-03T13:34:47.079+0000] {processor.py:183} INFO - Processing /home/airflow/.local/lib/python3.8/site-packages/airflow/example_dags/example_short_circuit_decorator.py took 0.035 seconds
[2025-06-03T13:35:17.616+0000] {processor.py:161} INFO - Started process (PID=2048) to work on /home/airflow/.local/lib/python3.8/site-packages/airflow/example_dags/example_short_circuit_decorator.py
[2025-06-03T13:35:17.617+0000] {processor.py:830} INFO - Processing file /home/airflow/.local/lib/python3.8/site-packages/airflow/example_dags/example_short_circuit_decorator.py for tasks to queue
[2025-06-03T13:35:17.618+0000] {logging_mixin.py:188} INFO - [2025-06-03T13:35:17.618+0000] {dagbag.py:540} INFO - Filling up the DagBag from /home/airflow/.local/lib/python3.8/site-packages/airflow/example_dags/example_short_circuit_decorator.py
[2025-06-03T13:35:17.622+0000] {processor.py:840} INFO - DAG(s) 'example_short_circuit_decorator' retrieved from /home/airflow/.local/lib/python3.8/site-packages/airflow/example_dags/example_short_circuit_decorator.py
[2025-06-03T13:35:17.631+0000] {logging_mixin.py:188} INFO - [2025-06-03T13:35:17.631+0000] {dag.py:3047} INFO - Sync 1 DAGs
[2025-06-03T13:35:17.646+0000] {logging_mixin.py:188} INFO - [2025-06-03T13:35:17.645+0000] {dag.py:3834} INFO - Setting next_dagrun for example_short_circuit_decorator to 2025-06-02 00:00:00+00:00, run_after=2025-06-03 00:00:00+00:00
[2025-06-03T13:35:17.656+0000] {processor.py:183} INFO - Processing /home/airflow/.local/lib/python3.8/site-packages/airflow/example_dags/example_short_circuit_decorator.py took 0.041 seconds
[2025-06-03T13:35:48.038+0000] {processor.py:161} INFO - Started process (PID=2103) to work on /home/airflow/.local/lib/python3.8/site-packages/airflow/example_dags/example_short_circuit_decorator.py
[2025-06-03T13:35:48.039+0000] {processor.py:830} INFO - Processing file /home/airflow/.local/lib/python3.8/site-packages/airflow/example_dags/example_short_circuit_decorator.py for tasks to queue
[2025-06-03T13:35:48.039+0000] {logging_mixin.py:188} INFO - [2025-06-03T13:35:48.039+0000] {dagbag.py:540} INFO - Filling up the DagBag from /home/airflow/.local/lib/python3.8/site-packages/airflow/example_dags/example_short_circuit_decorator.py
[2025-06-03T13:35:48.043+0000] {processor.py:840} INFO - DAG(s) 'example_short_circuit_decorator' retrieved from /home/airflow/.local/lib/python3.8/site-packages/airflow/example_dags/example_short_circuit_decorator.py
[2025-06-03T13:35:48.052+0000] {logging_mixin.py:188} INFO - [2025-06-03T13:35:48.052+0000] {dag.py:3047} INFO - Sync 1 DAGs
[2025-06-03T13:35:48.062+0000] {logging_mixin.py:188} INFO - [2025-06-03T13:35:48.062+0000] {dag.py:3834} INFO - Setting next_dagrun for example_short_circuit_decorator to 2025-06-02 00:00:00+00:00, run_after=2025-06-03 00:00:00+00:00
[2025-06-03T13:35:48.068+0000] {processor.py:183} INFO - Processing /home/airflow/.local/lib/python3.8/site-packages/airflow/example_dags/example_short_circuit_decorator.py took 0.031 seconds
[2025-06-03T13:36:18.342+0000] {processor.py:161} INFO - Started process (PID=2158) to work on /home/airflow/.local/lib/python3.8/site-packages/airflow/example_dags/example_short_circuit_decorator.py
[2025-06-03T13:36:18.342+0000] {processor.py:830} INFO - Processing file /home/airflow/.local/lib/python3.8/site-packages/airflow/example_dags/example_short_circuit_decorator.py for tasks to queue
[2025-06-03T13:36:18.343+0000] {logging_mixin.py:188} INFO - [2025-06-03T13:36:18.343+0000] {dagbag.py:540} INFO - Filling up the DagBag from /home/airflow/.local/lib/python3.8/site-packages/airflow/example_dags/example_short_circuit_decorator.py
[2025-06-03T13:36:18.346+0000] {processor.py:840} INFO - DAG(s) 'example_short_circuit_decorator' retrieved from /home/airflow/.local/lib/python3.8/site-packages/airflow/example_dags/example_short_circuit_decorator.py
[2025-06-03T13:36:18.358+0000] {logging_mixin.py:188} INFO - [2025-06-03T13:36:18.358+0000] {dag.py:3047} INFO - Sync 1 DAGs
[2025-06-03T13:36:18.366+0000] {logging_mixin.py:188} INFO - [2025-06-03T13:36:18.366+0000] {dag.py:3834} INFO - Setting next_dagrun for example_short_circuit_decorator to 2025-06-02 00:00:00+00:00, run_after=2025-06-03 00:00:00+00:00
[2025-06-03T13:36:18.373+0000] {processor.py:183} INFO - Processing /home/airflow/.local/lib/python3.8/site-packages/airflow/example_dags/example_short_circuit_decorator.py took 0.032 seconds
[2025-06-03T13:36:48.675+0000] {processor.py:161} INFO - Started process (PID=2213) to work on /home/airflow/.local/lib/python3.8/site-packages/airflow/example_dags/example_short_circuit_decorator.py
[2025-06-03T13:36:48.678+0000] {processor.py:830} INFO - Processing file /home/airflow/.local/lib/python3.8/site-packages/airflow/example_dags/example_short_circuit_decorator.py for tasks to queue
[2025-06-03T13:36:48.679+0000] {logging_mixin.py:188} INFO - [2025-06-03T13:36:48.679+0000] {dagbag.py:540} INFO - Filling up the DagBag from /home/airflow/.local/lib/python3.8/site-packages/airflow/example_dags/example_short_circuit_decorator.py
[2025-06-03T13:36:48.682+0000] {processor.py:840} INFO - DAG(s) 'example_short_circuit_decorator' retrieved from /home/airflow/.local/lib/python3.8/site-packages/airflow/example_dags/example_short_circuit_decorator.py
[2025-06-03T13:36:48.691+0000] {logging_mixin.py:188} INFO - [2025-06-03T13:36:48.691+0000] {dag.py:3047} INFO - Sync 1 DAGs
[2025-06-03T13:36:48.699+0000] {logging_mixin.py:188} INFO - [2025-06-03T13:36:48.699+0000] {dag.py:3834} INFO - Setting next_dagrun for example_short_circuit_decorator to 2025-06-02 00:00:00+00:00, run_after=2025-06-03 00:00:00+00:00
[2025-06-03T13:36:48.706+0000] {processor.py:183} INFO - Processing /home/airflow/.local/lib/python3.8/site-packages/airflow/example_dags/example_short_circuit_decorator.py took 0.032 seconds
[2025-06-03T13:37:19.079+0000] {processor.py:161} INFO - Started process (PID=2268) to work on /home/airflow/.local/lib/python3.8/site-packages/airflow/example_dags/example_short_circuit_decorator.py
[2025-06-03T13:37:19.082+0000] {processor.py:830} INFO - Processing file /home/airflow/.local/lib/python3.8/site-packages/airflow/example_dags/example_short_circuit_decorator.py for tasks to queue
[2025-06-03T13:37:19.082+0000] {logging_mixin.py:188} INFO - [2025-06-03T13:37:19.082+0000] {dagbag.py:540} INFO - Filling up the DagBag from /home/airflow/.local/lib/python3.8/site-packages/airflow/example_dags/example_short_circuit_decorator.py
[2025-06-03T13:37:19.087+0000] {processor.py:840} INFO - DAG(s) 'example_short_circuit_decorator' retrieved from /home/airflow/.local/lib/python3.8/site-packages/airflow/example_dags/example_short_circuit_decorator.py
[2025-06-03T13:37:19.097+0000] {logging_mixin.py:188} INFO - [2025-06-03T13:37:19.097+0000] {dag.py:3047} INFO - Sync 1 DAGs
[2025-06-03T13:37:19.105+0000] {logging_mixin.py:188} INFO - [2025-06-03T13:37:19.105+0000] {dag.py:3834} INFO - Setting next_dagrun for example_short_circuit_decorator to 2025-06-02 00:00:00+00:00, run_after=2025-06-03 00:00:00+00:00
[2025-06-03T13:37:19.111+0000] {processor.py:183} INFO - Processing /home/airflow/.local/lib/python3.8/site-packages/airflow/example_dags/example_short_circuit_decorator.py took 0.033 seconds
[2025-06-03T13:37:49.678+0000] {processor.py:161} INFO - Started process (PID=2323) to work on /home/airflow/.local/lib/python3.8/site-packages/airflow/example_dags/example_short_circuit_decorator.py
[2025-06-03T13:37:49.679+0000] {processor.py:830} INFO - Processing file /home/airflow/.local/lib/python3.8/site-packages/airflow/example_dags/example_short_circuit_decorator.py for tasks to queue
[2025-06-03T13:37:49.680+0000] {logging_mixin.py:188} INFO - [2025-06-03T13:37:49.680+0000] {dagbag.py:540} INFO - Filling up the DagBag from /home/airflow/.local/lib/python3.8/site-packages/airflow/example_dags/example_short_circuit_decorator.py
[2025-06-03T13:37:49.684+0000] {processor.py:840} INFO - DAG(s) 'example_short_circuit_decorator' retrieved from /home/airflow/.local/lib/python3.8/site-packages/airflow/example_dags/example_short_circuit_decorator.py
[2025-06-03T13:37:49.699+0000] {logging_mixin.py:188} INFO - [2025-06-03T13:37:49.699+0000] {dag.py:3047} INFO - Sync 1 DAGs
[2025-06-03T13:37:49.710+0000] {logging_mixin.py:188} INFO - [2025-06-03T13:37:49.710+0000] {dag.py:3834} INFO - Setting next_dagrun for example_short_circuit_decorator to 2025-06-02 00:00:00+00:00, run_after=2025-06-03 00:00:00+00:00
[2025-06-03T13:37:49.721+0000] {processor.py:183} INFO - Processing /home/airflow/.local/lib/python3.8/site-packages/airflow/example_dags/example_short_circuit_decorator.py took 0.044 seconds
[2025-06-03T13:38:20.535+0000] {processor.py:161} INFO - Started process (PID=2378) to work on /home/airflow/.local/lib/python3.8/site-packages/airflow/example_dags/example_short_circuit_decorator.py
[2025-06-03T13:38:20.536+0000] {processor.py:830} INFO - Processing file /home/airflow/.local/lib/python3.8/site-packages/airflow/example_dags/example_short_circuit_decorator.py for tasks to queue
[2025-06-03T13:38:20.537+0000] {logging_mixin.py:188} INFO - [2025-06-03T13:38:20.537+0000] {dagbag.py:540} INFO - Filling up the DagBag from /home/airflow/.local/lib/python3.8/site-packages/airflow/example_dags/example_short_circuit_decorator.py
[2025-06-03T13:38:20.542+0000] {processor.py:840} INFO - DAG(s) 'example_short_circuit_decorator' retrieved from /home/airflow/.local/lib/python3.8/site-packages/airflow/example_dags/example_short_circuit_decorator.py
[2025-06-03T13:38:20.552+0000] {logging_mixin.py:188} INFO - [2025-06-03T13:38:20.552+0000] {dag.py:3047} INFO - Sync 1 DAGs
[2025-06-03T13:38:20.562+0000] {logging_mixin.py:188} INFO - [2025-06-03T13:38:20.562+0000] {dag.py:3834} INFO - Setting next_dagrun for example_short_circuit_decorator to 2025-06-02 00:00:00+00:00, run_after=2025-06-03 00:00:00+00:00
[2025-06-03T13:38:20.574+0000] {processor.py:183} INFO - Processing /home/airflow/.local/lib/python3.8/site-packages/airflow/example_dags/example_short_circuit_decorator.py took 0.041 seconds
[2025-06-03T13:38:51.055+0000] {processor.py:161} INFO - Started process (PID=2433) to work on /home/airflow/.local/lib/python3.8/site-packages/airflow/example_dags/example_short_circuit_decorator.py
[2025-06-03T13:38:51.058+0000] {processor.py:830} INFO - Processing file /home/airflow/.local/lib/python3.8/site-packages/airflow/example_dags/example_short_circuit_decorator.py for tasks to queue
[2025-06-03T13:38:51.059+0000] {logging_mixin.py:188} INFO - [2025-06-03T13:38:51.059+0000] {dagbag.py:540} INFO - Filling up the DagBag from /home/airflow/.local/lib/python3.8/site-packages/airflow/example_dags/example_short_circuit_decorator.py
[2025-06-03T13:38:51.065+0000] {processor.py:840} INFO - DAG(s) 'example_short_circuit_decorator' retrieved from /home/airflow/.local/lib/python3.8/site-packages/airflow/example_dags/example_short_circuit_decorator.py
[2025-06-03T13:38:51.078+0000] {logging_mixin.py:188} INFO - [2025-06-03T13:38:51.078+0000] {dag.py:3047} INFO - Sync 1 DAGs
[2025-06-03T13:38:51.091+0000] {logging_mixin.py:188} INFO - [2025-06-03T13:38:51.091+0000] {dag.py:3834} INFO - Setting next_dagrun for example_short_circuit_decorator to 2025-06-02 00:00:00+00:00, run_after=2025-06-03 00:00:00+00:00
[2025-06-03T13:38:51.104+0000] {processor.py:183} INFO - Processing /home/airflow/.local/lib/python3.8/site-packages/airflow/example_dags/example_short_circuit_decorator.py took 0.050 seconds
[2025-06-03T13:39:21.282+0000] {processor.py:161} INFO - Started process (PID=2488) to work on /home/airflow/.local/lib/python3.8/site-packages/airflow/example_dags/example_short_circuit_decorator.py
[2025-06-03T13:39:21.282+0000] {processor.py:830} INFO - Processing file /home/airflow/.local/lib/python3.8/site-packages/airflow/example_dags/example_short_circuit_decorator.py for tasks to queue
[2025-06-03T13:39:21.283+0000] {logging_mixin.py:188} INFO - [2025-06-03T13:39:21.283+0000] {dagbag.py:540} INFO - Filling up the DagBag from /home/airflow/.local/lib/python3.8/site-packages/airflow/example_dags/example_short_circuit_decorator.py
[2025-06-03T13:39:21.286+0000] {processor.py:840} INFO - DAG(s) 'example_short_circuit_decorator' retrieved from /home/airflow/.local/lib/python3.8/site-packages/airflow/example_dags/example_short_circuit_decorator.py
[2025-06-03T13:39:21.295+0000] {logging_mixin.py:188} INFO - [2025-06-03T13:39:21.295+0000] {dag.py:3047} INFO - Sync 1 DAGs
[2025-06-03T13:39:21.302+0000] {logging_mixin.py:188} INFO - [2025-06-03T13:39:21.302+0000] {dag.py:3834} INFO - Setting next_dagrun for example_short_circuit_decorator to 2025-06-02 00:00:00+00:00, run_after=2025-06-03 00:00:00+00:00
[2025-06-03T13:39:21.308+0000] {processor.py:183} INFO - Processing /home/airflow/.local/lib/python3.8/site-packages/airflow/example_dags/example_short_circuit_decorator.py took 0.028 seconds
[2025-06-03T13:39:52.175+0000] {processor.py:161} INFO - Started process (PID=2543) to work on /home/airflow/.local/lib/python3.8/site-packages/airflow/example_dags/example_short_circuit_decorator.py
[2025-06-03T13:39:52.178+0000] {processor.py:830} INFO - Processing file /home/airflow/.local/lib/python3.8/site-packages/airflow/example_dags/example_short_circuit_decorator.py for tasks to queue
[2025-06-03T13:39:52.179+0000] {logging_mixin.py:188} INFO - [2025-06-03T13:39:52.179+0000] {dagbag.py:540} INFO - Filling up the DagBag from /home/airflow/.local/lib/python3.8/site-packages/airflow/example_dags/example_short_circuit_decorator.py
[2025-06-03T13:39:52.185+0000] {processor.py:840} INFO - DAG(s) 'example_short_circuit_decorator' retrieved from /home/airflow/.local/lib/python3.8/site-packages/airflow/example_dags/example_short_circuit_decorator.py
[2025-06-03T13:39:52.201+0000] {logging_mixin.py:188} INFO - [2025-06-03T13:39:52.201+0000] {dag.py:3047} INFO - Sync 1 DAGs
[2025-06-03T13:39:52.210+0000] {logging_mixin.py:188} INFO - [2025-06-03T13:39:52.210+0000] {dag.py:3834} INFO - Setting next_dagrun for example_short_circuit_decorator to 2025-06-02 00:00:00+00:00, run_after=2025-06-03 00:00:00+00:00
[2025-06-03T13:39:52.222+0000] {processor.py:183} INFO - Processing /home/airflow/.local/lib/python3.8/site-packages/airflow/example_dags/example_short_circuit_decorator.py took 0.049 seconds
[2025-06-03T13:40:23.019+0000] {processor.py:161} INFO - Started process (PID=2599) to work on /home/airflow/.local/lib/python3.8/site-packages/airflow/example_dags/example_short_circuit_decorator.py
[2025-06-03T13:40:23.020+0000] {processor.py:830} INFO - Processing file /home/airflow/.local/lib/python3.8/site-packages/airflow/example_dags/example_short_circuit_decorator.py for tasks to queue
[2025-06-03T13:40:23.022+0000] {logging_mixin.py:188} INFO - [2025-06-03T13:40:23.021+0000] {dagbag.py:540} INFO - Filling up the DagBag from /home/airflow/.local/lib/python3.8/site-packages/airflow/example_dags/example_short_circuit_decorator.py
[2025-06-03T13:40:23.026+0000] {processor.py:840} INFO - DAG(s) 'example_short_circuit_decorator' retrieved from /home/airflow/.local/lib/python3.8/site-packages/airflow/example_dags/example_short_circuit_decorator.py
[2025-06-03T13:40:23.038+0000] {logging_mixin.py:188} INFO - [2025-06-03T13:40:23.038+0000] {dag.py:3047} INFO - Sync 1 DAGs
[2025-06-03T13:40:23.048+0000] {logging_mixin.py:188} INFO - [2025-06-03T13:40:23.048+0000] {dag.py:3834} INFO - Setting next_dagrun for example_short_circuit_decorator to 2025-06-02 00:00:00+00:00, run_after=2025-06-03 00:00:00+00:00
[2025-06-03T13:40:23.060+0000] {processor.py:183} INFO - Processing /home/airflow/.local/lib/python3.8/site-packages/airflow/example_dags/example_short_circuit_decorator.py took 0.043 seconds
