[2025-06-03T13:16:58.675+0000] {processor.py:161} INFO - Started process (PID=67) to work on /home/airflow/.local/lib/python3.8/site-packages/airflow/example_dags/example_complex.py
[2025-06-03T13:16:58.676+0000] {processor.py:830} INFO - Processing file /home/airflow/.local/lib/python3.8/site-packages/airflow/example_dags/example_complex.py for tasks to queue
[2025-06-03T13:16:58.678+0000] {logging_mixin.py:188} INFO - [2025-06-03T13:16:58.678+0000] {dagbag.py:540} INFO - Filling up the DagBag from /home/airflow/.local/lib/python3.8/site-packages/airflow/example_dags/example_complex.py
[2025-06-03T13:16:58.686+0000] {processor.py:840} INFO - DAG(s) 'example_complex' retrieved from /home/airflow/.local/lib/python3.8/site-packages/airflow/example_dags/example_complex.py
[2025-06-03T13:16:58.695+0000] {logging_mixin.py:188} INFO - [2025-06-03T13:16:58.695+0000] {dag.py:3047} INFO - Sync 1 DAGs
[2025-06-03T13:16:58.703+0000] {logging_mixin.py:188} INFO - [2025-06-03T13:16:58.703+0000] {dag.py:3834} INFO - Setting next_dagrun for example_complex to None, run_after=None
[2025-06-03T13:16:58.716+0000] {processor.py:183} INFO - Processing /home/airflow/.local/lib/python3.8/site-packages/airflow/example_dags/example_complex.py took 0.043 seconds
[2025-06-03T13:17:28.738+0000] {processor.py:161} INFO - Started process (PID=122) to work on /home/airflow/.local/lib/python3.8/site-packages/airflow/example_dags/example_complex.py
[2025-06-03T13:17:28.738+0000] {processor.py:830} INFO - Processing file /home/airflow/.local/lib/python3.8/site-packages/airflow/example_dags/example_complex.py for tasks to queue
[2025-06-03T13:17:28.739+0000] {logging_mixin.py:188} INFO - [2025-06-03T13:17:28.739+0000] {dagbag.py:540} INFO - Filling up the DagBag from /home/airflow/.local/lib/python3.8/site-packages/airflow/example_dags/example_complex.py
[2025-06-03T13:17:28.744+0000] {processor.py:840} INFO - DAG(s) 'example_complex' retrieved from /home/airflow/.local/lib/python3.8/site-packages/airflow/example_dags/example_complex.py
[2025-06-03T13:17:28.787+0000] {logging_mixin.py:188} INFO - [2025-06-03T13:17:28.787+0000] {dag.py:3047} INFO - Sync 1 DAGs
[2025-06-03T13:17:28.791+0000] {logging_mixin.py:188} INFO - [2025-06-03T13:17:28.791+0000] {dag.py:3834} INFO - Setting next_dagrun for example_complex to None, run_after=None
[2025-06-03T13:17:28.799+0000] {processor.py:183} INFO - Processing /home/airflow/.local/lib/python3.8/site-packages/airflow/example_dags/example_complex.py took 0.063 seconds
[2025-06-03T13:17:59.654+0000] {processor.py:161} INFO - Started process (PID=183) to work on /home/airflow/.local/lib/python3.8/site-packages/airflow/example_dags/example_complex.py
[2025-06-03T13:17:59.656+0000] {processor.py:830} INFO - Processing file /home/airflow/.local/lib/python3.8/site-packages/airflow/example_dags/example_complex.py for tasks to queue
[2025-06-03T13:17:59.657+0000] {logging_mixin.py:188} INFO - [2025-06-03T13:17:59.657+0000] {dagbag.py:540} INFO - Filling up the DagBag from /home/airflow/.local/lib/python3.8/site-packages/airflow/example_dags/example_complex.py
[2025-06-03T13:17:59.664+0000] {processor.py:840} INFO - DAG(s) 'example_complex' retrieved from /home/airflow/.local/lib/python3.8/site-packages/airflow/example_dags/example_complex.py
[2025-06-03T13:17:59.678+0000] {logging_mixin.py:188} INFO - [2025-06-03T13:17:59.678+0000] {dag.py:3047} INFO - Sync 1 DAGs
[2025-06-03T13:17:59.684+0000] {logging_mixin.py:188} INFO - [2025-06-03T13:17:59.684+0000] {dag.py:3834} INFO - Setting next_dagrun for example_complex to None, run_after=None
[2025-06-03T13:17:59.691+0000] {processor.py:183} INFO - Processing /home/airflow/.local/lib/python3.8/site-packages/airflow/example_dags/example_complex.py took 0.039 seconds
[2025-06-03T13:18:30.219+0000] {processor.py:161} INFO - Started process (PID=238) to work on /home/airflow/.local/lib/python3.8/site-packages/airflow/example_dags/example_complex.py
[2025-06-03T13:18:30.220+0000] {processor.py:830} INFO - Processing file /home/airflow/.local/lib/python3.8/site-packages/airflow/example_dags/example_complex.py for tasks to queue
[2025-06-03T13:18:30.221+0000] {logging_mixin.py:188} INFO - [2025-06-03T13:18:30.220+0000] {dagbag.py:540} INFO - Filling up the DagBag from /home/airflow/.local/lib/python3.8/site-packages/airflow/example_dags/example_complex.py
[2025-06-03T13:18:30.226+0000] {processor.py:840} INFO - DAG(s) 'example_complex' retrieved from /home/airflow/.local/lib/python3.8/site-packages/airflow/example_dags/example_complex.py
[2025-06-03T13:18:30.239+0000] {logging_mixin.py:188} INFO - [2025-06-03T13:18:30.239+0000] {dag.py:3047} INFO - Sync 1 DAGs
[2025-06-03T13:18:30.244+0000] {logging_mixin.py:188} INFO - [2025-06-03T13:18:30.244+0000] {dag.py:3834} INFO - Setting next_dagrun for example_complex to None, run_after=None
[2025-06-03T13:18:30.253+0000] {processor.py:183} INFO - Processing /home/airflow/.local/lib/python3.8/site-packages/airflow/example_dags/example_complex.py took 0.037 seconds
[2025-06-03T13:19:00.798+0000] {processor.py:161} INFO - Started process (PID=293) to work on /home/airflow/.local/lib/python3.8/site-packages/airflow/example_dags/example_complex.py
[2025-06-03T13:19:00.799+0000] {processor.py:830} INFO - Processing file /home/airflow/.local/lib/python3.8/site-packages/airflow/example_dags/example_complex.py for tasks to queue
[2025-06-03T13:19:00.801+0000] {logging_mixin.py:188} INFO - [2025-06-03T13:19:00.801+0000] {dagbag.py:540} INFO - Filling up the DagBag from /home/airflow/.local/lib/python3.8/site-packages/airflow/example_dags/example_complex.py
[2025-06-03T13:19:00.806+0000] {processor.py:840} INFO - DAG(s) 'example_complex' retrieved from /home/airflow/.local/lib/python3.8/site-packages/airflow/example_dags/example_complex.py
[2025-06-03T13:19:00.817+0000] {logging_mixin.py:188} INFO - [2025-06-03T13:19:00.817+0000] {dag.py:3047} INFO - Sync 1 DAGs
[2025-06-03T13:19:00.822+0000] {logging_mixin.py:188} INFO - [2025-06-03T13:19:00.822+0000] {dag.py:3834} INFO - Setting next_dagrun for example_complex to None, run_after=None
[2025-06-03T13:19:00.830+0000] {processor.py:183} INFO - Processing /home/airflow/.local/lib/python3.8/site-packages/airflow/example_dags/example_complex.py took 0.033 seconds
[2025-06-03T13:19:31.394+0000] {processor.py:161} INFO - Started process (PID=348) to work on /home/airflow/.local/lib/python3.8/site-packages/airflow/example_dags/example_complex.py
[2025-06-03T13:19:31.396+0000] {processor.py:830} INFO - Processing file /home/airflow/.local/lib/python3.8/site-packages/airflow/example_dags/example_complex.py for tasks to queue
[2025-06-03T13:19:31.397+0000] {logging_mixin.py:188} INFO - [2025-06-03T13:19:31.397+0000] {dagbag.py:540} INFO - Filling up the DagBag from /home/airflow/.local/lib/python3.8/site-packages/airflow/example_dags/example_complex.py
[2025-06-03T13:19:31.405+0000] {processor.py:840} INFO - DAG(s) 'example_complex' retrieved from /home/airflow/.local/lib/python3.8/site-packages/airflow/example_dags/example_complex.py
[2025-06-03T13:19:31.432+0000] {logging_mixin.py:188} INFO - [2025-06-03T13:19:31.432+0000] {dag.py:3047} INFO - Sync 1 DAGs
[2025-06-03T13:19:31.439+0000] {logging_mixin.py:188} INFO - [2025-06-03T13:19:31.439+0000] {dag.py:3834} INFO - Setting next_dagrun for example_complex to None, run_after=None
[2025-06-03T13:19:31.447+0000] {processor.py:183} INFO - Processing /home/airflow/.local/lib/python3.8/site-packages/airflow/example_dags/example_complex.py took 0.054 seconds
[2025-06-03T13:20:02.025+0000] {processor.py:161} INFO - Started process (PID=403) to work on /home/airflow/.local/lib/python3.8/site-packages/airflow/example_dags/example_complex.py
[2025-06-03T13:20:02.026+0000] {processor.py:830} INFO - Processing file /home/airflow/.local/lib/python3.8/site-packages/airflow/example_dags/example_complex.py for tasks to queue
[2025-06-03T13:20:02.028+0000] {logging_mixin.py:188} INFO - [2025-06-03T13:20:02.027+0000] {dagbag.py:540} INFO - Filling up the DagBag from /home/airflow/.local/lib/python3.8/site-packages/airflow/example_dags/example_complex.py
[2025-06-03T13:20:02.034+0000] {processor.py:840} INFO - DAG(s) 'example_complex' retrieved from /home/airflow/.local/lib/python3.8/site-packages/airflow/example_dags/example_complex.py
[2025-06-03T13:20:02.052+0000] {logging_mixin.py:188} INFO - [2025-06-03T13:20:02.052+0000] {dag.py:3047} INFO - Sync 1 DAGs
[2025-06-03T13:20:02.059+0000] {logging_mixin.py:188} INFO - [2025-06-03T13:20:02.059+0000] {dag.py:3834} INFO - Setting next_dagrun for example_complex to None, run_after=None
[2025-06-03T13:20:02.067+0000] {processor.py:183} INFO - Processing /home/airflow/.local/lib/python3.8/site-packages/airflow/example_dags/example_complex.py took 0.043 seconds
[2025-06-03T13:20:32.885+0000] {processor.py:161} INFO - Started process (PID=458) to work on /home/airflow/.local/lib/python3.8/site-packages/airflow/example_dags/example_complex.py
[2025-06-03T13:20:32.886+0000] {processor.py:830} INFO - Processing file /home/airflow/.local/lib/python3.8/site-packages/airflow/example_dags/example_complex.py for tasks to queue
[2025-06-03T13:20:32.887+0000] {logging_mixin.py:188} INFO - [2025-06-03T13:20:32.887+0000] {dagbag.py:540} INFO - Filling up the DagBag from /home/airflow/.local/lib/python3.8/site-packages/airflow/example_dags/example_complex.py
[2025-06-03T13:20:32.893+0000] {processor.py:840} INFO - DAG(s) 'example_complex' retrieved from /home/airflow/.local/lib/python3.8/site-packages/airflow/example_dags/example_complex.py
[2025-06-03T13:20:32.906+0000] {logging_mixin.py:188} INFO - [2025-06-03T13:20:32.906+0000] {dag.py:3047} INFO - Sync 1 DAGs
[2025-06-03T13:20:32.913+0000] {logging_mixin.py:188} INFO - [2025-06-03T13:20:32.913+0000] {dag.py:3834} INFO - Setting next_dagrun for example_complex to None, run_after=None
[2025-06-03T13:20:32.923+0000] {processor.py:183} INFO - Processing /home/airflow/.local/lib/python3.8/site-packages/airflow/example_dags/example_complex.py took 0.039 seconds
[2025-06-03T13:21:03.642+0000] {processor.py:161} INFO - Started process (PID=513) to work on /home/airflow/.local/lib/python3.8/site-packages/airflow/example_dags/example_complex.py
[2025-06-03T13:21:03.643+0000] {processor.py:830} INFO - Processing file /home/airflow/.local/lib/python3.8/site-packages/airflow/example_dags/example_complex.py for tasks to queue
[2025-06-03T13:21:03.644+0000] {logging_mixin.py:188} INFO - [2025-06-03T13:21:03.644+0000] {dagbag.py:540} INFO - Filling up the DagBag from /home/airflow/.local/lib/python3.8/site-packages/airflow/example_dags/example_complex.py
[2025-06-03T13:21:03.652+0000] {processor.py:840} INFO - DAG(s) 'example_complex' retrieved from /home/airflow/.local/lib/python3.8/site-packages/airflow/example_dags/example_complex.py
[2025-06-03T13:21:03.666+0000] {logging_mixin.py:188} INFO - [2025-06-03T13:21:03.666+0000] {dag.py:3047} INFO - Sync 1 DAGs
[2025-06-03T13:21:03.679+0000] {logging_mixin.py:188} INFO - [2025-06-03T13:21:03.678+0000] {dag.py:3834} INFO - Setting next_dagrun for example_complex to None, run_after=None
[2025-06-03T13:21:03.688+0000] {processor.py:183} INFO - Processing /home/airflow/.local/lib/python3.8/site-packages/airflow/example_dags/example_complex.py took 0.048 seconds
[2025-06-03T13:21:34.529+0000] {processor.py:161} INFO - Started process (PID=568) to work on /home/airflow/.local/lib/python3.8/site-packages/airflow/example_dags/example_complex.py
[2025-06-03T13:21:34.530+0000] {processor.py:830} INFO - Processing file /home/airflow/.local/lib/python3.8/site-packages/airflow/example_dags/example_complex.py for tasks to queue
[2025-06-03T13:21:34.531+0000] {logging_mixin.py:188} INFO - [2025-06-03T13:21:34.531+0000] {dagbag.py:540} INFO - Filling up the DagBag from /home/airflow/.local/lib/python3.8/site-packages/airflow/example_dags/example_complex.py
[2025-06-03T13:21:34.536+0000] {processor.py:840} INFO - DAG(s) 'example_complex' retrieved from /home/airflow/.local/lib/python3.8/site-packages/airflow/example_dags/example_complex.py
[2025-06-03T13:21:34.550+0000] {logging_mixin.py:188} INFO - [2025-06-03T13:21:34.550+0000] {dag.py:3047} INFO - Sync 1 DAGs
[2025-06-03T13:21:34.556+0000] {logging_mixin.py:188} INFO - [2025-06-03T13:21:34.556+0000] {dag.py:3834} INFO - Setting next_dagrun for example_complex to None, run_after=None
[2025-06-03T13:21:34.565+0000] {processor.py:183} INFO - Processing /home/airflow/.local/lib/python3.8/site-packages/airflow/example_dags/example_complex.py took 0.038 seconds
[2025-06-03T13:22:05.471+0000] {processor.py:161} INFO - Started process (PID=623) to work on /home/airflow/.local/lib/python3.8/site-packages/airflow/example_dags/example_complex.py
[2025-06-03T13:22:05.472+0000] {processor.py:830} INFO - Processing file /home/airflow/.local/lib/python3.8/site-packages/airflow/example_dags/example_complex.py for tasks to queue
[2025-06-03T13:22:05.474+0000] {logging_mixin.py:188} INFO - [2025-06-03T13:22:05.474+0000] {dagbag.py:540} INFO - Filling up the DagBag from /home/airflow/.local/lib/python3.8/site-packages/airflow/example_dags/example_complex.py
[2025-06-03T13:22:05.480+0000] {processor.py:840} INFO - DAG(s) 'example_complex' retrieved from /home/airflow/.local/lib/python3.8/site-packages/airflow/example_dags/example_complex.py
[2025-06-03T13:22:05.493+0000] {logging_mixin.py:188} INFO - [2025-06-03T13:22:05.493+0000] {dag.py:3047} INFO - Sync 1 DAGs
[2025-06-03T13:22:05.498+0000] {logging_mixin.py:188} INFO - [2025-06-03T13:22:05.498+0000] {dag.py:3834} INFO - Setting next_dagrun for example_complex to None, run_after=None
[2025-06-03T13:22:05.507+0000] {processor.py:183} INFO - Processing /home/airflow/.local/lib/python3.8/site-packages/airflow/example_dags/example_complex.py took 0.037 seconds
[2025-06-03T13:22:36.350+0000] {processor.py:161} INFO - Started process (PID=678) to work on /home/airflow/.local/lib/python3.8/site-packages/airflow/example_dags/example_complex.py
[2025-06-03T13:22:36.351+0000] {processor.py:830} INFO - Processing file /home/airflow/.local/lib/python3.8/site-packages/airflow/example_dags/example_complex.py for tasks to queue
[2025-06-03T13:22:36.352+0000] {logging_mixin.py:188} INFO - [2025-06-03T13:22:36.351+0000] {dagbag.py:540} INFO - Filling up the DagBag from /home/airflow/.local/lib/python3.8/site-packages/airflow/example_dags/example_complex.py
[2025-06-03T13:22:36.356+0000] {processor.py:840} INFO - DAG(s) 'example_complex' retrieved from /home/airflow/.local/lib/python3.8/site-packages/airflow/example_dags/example_complex.py
[2025-06-03T13:22:36.369+0000] {logging_mixin.py:188} INFO - [2025-06-03T13:22:36.369+0000] {dag.py:3047} INFO - Sync 1 DAGs
[2025-06-03T13:22:36.374+0000] {logging_mixin.py:188} INFO - [2025-06-03T13:22:36.374+0000] {dag.py:3834} INFO - Setting next_dagrun for example_complex to None, run_after=None
[2025-06-03T13:22:36.383+0000] {processor.py:183} INFO - Processing /home/airflow/.local/lib/python3.8/site-packages/airflow/example_dags/example_complex.py took 0.034 seconds
[2025-06-03T13:23:07.314+0000] {processor.py:161} INFO - Started process (PID=733) to work on /home/airflow/.local/lib/python3.8/site-packages/airflow/example_dags/example_complex.py
[2025-06-03T13:23:07.315+0000] {processor.py:830} INFO - Processing file /home/airflow/.local/lib/python3.8/site-packages/airflow/example_dags/example_complex.py for tasks to queue
[2025-06-03T13:23:07.317+0000] {logging_mixin.py:188} INFO - [2025-06-03T13:23:07.316+0000] {dagbag.py:540} INFO - Filling up the DagBag from /home/airflow/.local/lib/python3.8/site-packages/airflow/example_dags/example_complex.py
[2025-06-03T13:23:07.324+0000] {processor.py:840} INFO - DAG(s) 'example_complex' retrieved from /home/airflow/.local/lib/python3.8/site-packages/airflow/example_dags/example_complex.py
[2025-06-03T13:23:07.339+0000] {logging_mixin.py:188} INFO - [2025-06-03T13:23:07.339+0000] {dag.py:3047} INFO - Sync 1 DAGs
[2025-06-03T13:23:07.345+0000] {logging_mixin.py:188} INFO - [2025-06-03T13:23:07.345+0000] {dag.py:3834} INFO - Setting next_dagrun for example_complex to None, run_after=None
[2025-06-03T13:23:07.356+0000] {processor.py:183} INFO - Processing /home/airflow/.local/lib/python3.8/site-packages/airflow/example_dags/example_complex.py took 0.046 seconds
[2025-06-03T13:23:38.172+0000] {processor.py:161} INFO - Started process (PID=788) to work on /home/airflow/.local/lib/python3.8/site-packages/airflow/example_dags/example_complex.py
[2025-06-03T13:23:38.175+0000] {processor.py:830} INFO - Processing file /home/airflow/.local/lib/python3.8/site-packages/airflow/example_dags/example_complex.py for tasks to queue
[2025-06-03T13:23:38.176+0000] {logging_mixin.py:188} INFO - [2025-06-03T13:23:38.176+0000] {dagbag.py:540} INFO - Filling up the DagBag from /home/airflow/.local/lib/python3.8/site-packages/airflow/example_dags/example_complex.py
[2025-06-03T13:23:38.183+0000] {processor.py:840} INFO - DAG(s) 'example_complex' retrieved from /home/airflow/.local/lib/python3.8/site-packages/airflow/example_dags/example_complex.py
[2025-06-03T13:23:38.201+0000] {logging_mixin.py:188} INFO - [2025-06-03T13:23:38.201+0000] {dag.py:3047} INFO - Sync 1 DAGs
[2025-06-03T13:23:38.208+0000] {logging_mixin.py:188} INFO - [2025-06-03T13:23:38.207+0000] {dag.py:3834} INFO - Setting next_dagrun for example_complex to None, run_after=None
[2025-06-03T13:23:38.215+0000] {processor.py:183} INFO - Processing /home/airflow/.local/lib/python3.8/site-packages/airflow/example_dags/example_complex.py took 0.044 seconds
[2025-06-03T13:24:08.460+0000] {processor.py:161} INFO - Started process (PID=843) to work on /home/airflow/.local/lib/python3.8/site-packages/airflow/example_dags/example_complex.py
[2025-06-03T13:24:08.460+0000] {processor.py:830} INFO - Processing file /home/airflow/.local/lib/python3.8/site-packages/airflow/example_dags/example_complex.py for tasks to queue
[2025-06-03T13:24:08.461+0000] {logging_mixin.py:188} INFO - [2025-06-03T13:24:08.461+0000] {dagbag.py:540} INFO - Filling up the DagBag from /home/airflow/.local/lib/python3.8/site-packages/airflow/example_dags/example_complex.py
[2025-06-03T13:24:08.465+0000] {processor.py:840} INFO - DAG(s) 'example_complex' retrieved from /home/airflow/.local/lib/python3.8/site-packages/airflow/example_dags/example_complex.py
[2025-06-03T13:24:08.482+0000] {logging_mixin.py:188} INFO - [2025-06-03T13:24:08.482+0000] {dag.py:3047} INFO - Sync 1 DAGs
[2025-06-03T13:24:08.487+0000] {logging_mixin.py:188} INFO - [2025-06-03T13:24:08.487+0000] {dag.py:3834} INFO - Setting next_dagrun for example_complex to None, run_after=None
[2025-06-03T13:24:08.493+0000] {processor.py:183} INFO - Processing /home/airflow/.local/lib/python3.8/site-packages/airflow/example_dags/example_complex.py took 0.035 seconds
[2025-06-03T13:24:39.365+0000] {processor.py:161} INFO - Started process (PID=898) to work on /home/airflow/.local/lib/python3.8/site-packages/airflow/example_dags/example_complex.py
[2025-06-03T13:24:39.368+0000] {processor.py:830} INFO - Processing file /home/airflow/.local/lib/python3.8/site-packages/airflow/example_dags/example_complex.py for tasks to queue
[2025-06-03T13:24:39.371+0000] {logging_mixin.py:188} INFO - [2025-06-03T13:24:39.371+0000] {dagbag.py:540} INFO - Filling up the DagBag from /home/airflow/.local/lib/python3.8/site-packages/airflow/example_dags/example_complex.py
[2025-06-03T13:24:39.376+0000] {processor.py:840} INFO - DAG(s) 'example_complex' retrieved from /home/airflow/.local/lib/python3.8/site-packages/airflow/example_dags/example_complex.py
[2025-06-03T13:24:39.393+0000] {logging_mixin.py:188} INFO - [2025-06-03T13:24:39.393+0000] {dag.py:3047} INFO - Sync 1 DAGs
[2025-06-03T13:24:39.399+0000] {logging_mixin.py:188} INFO - [2025-06-03T13:24:39.399+0000] {dag.py:3834} INFO - Setting next_dagrun for example_complex to None, run_after=None
[2025-06-03T13:24:39.406+0000] {processor.py:183} INFO - Processing /home/airflow/.local/lib/python3.8/site-packages/airflow/example_dags/example_complex.py took 0.042 seconds
[2025-06-03T13:25:10.137+0000] {processor.py:161} INFO - Started process (PID=953) to work on /home/airflow/.local/lib/python3.8/site-packages/airflow/example_dags/example_complex.py
[2025-06-03T13:25:10.138+0000] {processor.py:830} INFO - Processing file /home/airflow/.local/lib/python3.8/site-packages/airflow/example_dags/example_complex.py for tasks to queue
[2025-06-03T13:25:10.138+0000] {logging_mixin.py:188} INFO - [2025-06-03T13:25:10.138+0000] {dagbag.py:540} INFO - Filling up the DagBag from /home/airflow/.local/lib/python3.8/site-packages/airflow/example_dags/example_complex.py
[2025-06-03T13:25:10.145+0000] {processor.py:840} INFO - DAG(s) 'example_complex' retrieved from /home/airflow/.local/lib/python3.8/site-packages/airflow/example_dags/example_complex.py
[2025-06-03T13:25:10.162+0000] {logging_mixin.py:188} INFO - [2025-06-03T13:25:10.162+0000] {dag.py:3047} INFO - Sync 1 DAGs
[2025-06-03T13:25:10.170+0000] {logging_mixin.py:188} INFO - [2025-06-03T13:25:10.169+0000] {dag.py:3834} INFO - Setting next_dagrun for example_complex to None, run_after=None
[2025-06-03T13:25:10.176+0000] {processor.py:183} INFO - Processing /home/airflow/.local/lib/python3.8/site-packages/airflow/example_dags/example_complex.py took 0.041 seconds
[2025-06-03T13:25:40.706+0000] {processor.py:161} INFO - Started process (PID=1008) to work on /home/airflow/.local/lib/python3.8/site-packages/airflow/example_dags/example_complex.py
[2025-06-03T13:25:40.707+0000] {processor.py:830} INFO - Processing file /home/airflow/.local/lib/python3.8/site-packages/airflow/example_dags/example_complex.py for tasks to queue
[2025-06-03T13:25:40.711+0000] {logging_mixin.py:188} INFO - [2025-06-03T13:25:40.710+0000] {dagbag.py:540} INFO - Filling up the DagBag from /home/airflow/.local/lib/python3.8/site-packages/airflow/example_dags/example_complex.py
[2025-06-03T13:25:40.715+0000] {processor.py:840} INFO - DAG(s) 'example_complex' retrieved from /home/airflow/.local/lib/python3.8/site-packages/airflow/example_dags/example_complex.py
[2025-06-03T13:25:40.746+0000] {logging_mixin.py:188} INFO - [2025-06-03T13:25:40.745+0000] {dag.py:3047} INFO - Sync 1 DAGs
[2025-06-03T13:25:40.755+0000] {logging_mixin.py:188} INFO - [2025-06-03T13:25:40.755+0000] {dag.py:3834} INFO - Setting next_dagrun for example_complex to None, run_after=None
[2025-06-03T13:25:40.766+0000] {processor.py:183} INFO - Processing /home/airflow/.local/lib/python3.8/site-packages/airflow/example_dags/example_complex.py took 0.061 seconds
[2025-06-03T13:26:10.861+0000] {processor.py:161} INFO - Started process (PID=1063) to work on /home/airflow/.local/lib/python3.8/site-packages/airflow/example_dags/example_complex.py
[2025-06-03T13:26:10.862+0000] {processor.py:830} INFO - Processing file /home/airflow/.local/lib/python3.8/site-packages/airflow/example_dags/example_complex.py for tasks to queue
[2025-06-03T13:26:10.867+0000] {logging_mixin.py:188} INFO - [2025-06-03T13:26:10.867+0000] {dagbag.py:540} INFO - Filling up the DagBag from /home/airflow/.local/lib/python3.8/site-packages/airflow/example_dags/example_complex.py
[2025-06-03T13:26:10.873+0000] {processor.py:840} INFO - DAG(s) 'example_complex' retrieved from /home/airflow/.local/lib/python3.8/site-packages/airflow/example_dags/example_complex.py
[2025-06-03T13:26:10.888+0000] {logging_mixin.py:188} INFO - [2025-06-03T13:26:10.888+0000] {dag.py:3047} INFO - Sync 1 DAGs
[2025-06-03T13:26:10.894+0000] {logging_mixin.py:188} INFO - [2025-06-03T13:26:10.894+0000] {dag.py:3834} INFO - Setting next_dagrun for example_complex to None, run_after=None
[2025-06-03T13:26:10.901+0000] {processor.py:183} INFO - Processing /home/airflow/.local/lib/python3.8/site-packages/airflow/example_dags/example_complex.py took 0.043 seconds
[2025-06-03T13:26:41.047+0000] {processor.py:161} INFO - Started process (PID=1118) to work on /home/airflow/.local/lib/python3.8/site-packages/airflow/example_dags/example_complex.py
[2025-06-03T13:26:41.049+0000] {processor.py:830} INFO - Processing file /home/airflow/.local/lib/python3.8/site-packages/airflow/example_dags/example_complex.py for tasks to queue
[2025-06-03T13:26:41.049+0000] {logging_mixin.py:188} INFO - [2025-06-03T13:26:41.049+0000] {dagbag.py:540} INFO - Filling up the DagBag from /home/airflow/.local/lib/python3.8/site-packages/airflow/example_dags/example_complex.py
[2025-06-03T13:26:41.055+0000] {processor.py:840} INFO - DAG(s) 'example_complex' retrieved from /home/airflow/.local/lib/python3.8/site-packages/airflow/example_dags/example_complex.py
[2025-06-03T13:26:41.070+0000] {logging_mixin.py:188} INFO - [2025-06-03T13:26:41.070+0000] {dag.py:3047} INFO - Sync 1 DAGs
[2025-06-03T13:26:41.075+0000] {logging_mixin.py:188} INFO - [2025-06-03T13:26:41.075+0000] {dag.py:3834} INFO - Setting next_dagrun for example_complex to None, run_after=None
[2025-06-03T13:26:41.084+0000] {processor.py:183} INFO - Processing /home/airflow/.local/lib/python3.8/site-packages/airflow/example_dags/example_complex.py took 0.038 seconds
[2025-06-03T13:27:11.675+0000] {processor.py:161} INFO - Started process (PID=1173) to work on /home/airflow/.local/lib/python3.8/site-packages/airflow/example_dags/example_complex.py
[2025-06-03T13:27:11.676+0000] {processor.py:830} INFO - Processing file /home/airflow/.local/lib/python3.8/site-packages/airflow/example_dags/example_complex.py for tasks to queue
[2025-06-03T13:27:11.676+0000] {logging_mixin.py:188} INFO - [2025-06-03T13:27:11.676+0000] {dagbag.py:540} INFO - Filling up the DagBag from /home/airflow/.local/lib/python3.8/site-packages/airflow/example_dags/example_complex.py
[2025-06-03T13:27:11.682+0000] {processor.py:840} INFO - DAG(s) 'example_complex' retrieved from /home/airflow/.local/lib/python3.8/site-packages/airflow/example_dags/example_complex.py
[2025-06-03T13:27:11.700+0000] {logging_mixin.py:188} INFO - [2025-06-03T13:27:11.700+0000] {dag.py:3047} INFO - Sync 1 DAGs
[2025-06-03T13:27:11.706+0000] {logging_mixin.py:188} INFO - [2025-06-03T13:27:11.705+0000] {dag.py:3834} INFO - Setting next_dagrun for example_complex to None, run_after=None
[2025-06-03T13:27:11.715+0000] {processor.py:183} INFO - Processing /home/airflow/.local/lib/python3.8/site-packages/airflow/example_dags/example_complex.py took 0.041 seconds
[2025-06-03T13:27:42.268+0000] {processor.py:161} INFO - Started process (PID=1228) to work on /home/airflow/.local/lib/python3.8/site-packages/airflow/example_dags/example_complex.py
[2025-06-03T13:27:42.271+0000] {processor.py:830} INFO - Processing file /home/airflow/.local/lib/python3.8/site-packages/airflow/example_dags/example_complex.py for tasks to queue
[2025-06-03T13:27:42.274+0000] {logging_mixin.py:188} INFO - [2025-06-03T13:27:42.274+0000] {dagbag.py:540} INFO - Filling up the DagBag from /home/airflow/.local/lib/python3.8/site-packages/airflow/example_dags/example_complex.py
[2025-06-03T13:27:42.278+0000] {processor.py:840} INFO - DAG(s) 'example_complex' retrieved from /home/airflow/.local/lib/python3.8/site-packages/airflow/example_dags/example_complex.py
[2025-06-03T13:27:42.291+0000] {logging_mixin.py:188} INFO - [2025-06-03T13:27:42.291+0000] {dag.py:3047} INFO - Sync 1 DAGs
[2025-06-03T13:27:42.295+0000] {logging_mixin.py:188} INFO - [2025-06-03T13:27:42.295+0000] {dag.py:3834} INFO - Setting next_dagrun for example_complex to None, run_after=None
[2025-06-03T13:27:42.303+0000] {processor.py:183} INFO - Processing /home/airflow/.local/lib/python3.8/site-packages/airflow/example_dags/example_complex.py took 0.036 seconds
[2025-06-03T13:28:12.873+0000] {processor.py:161} INFO - Started process (PID=1283) to work on /home/airflow/.local/lib/python3.8/site-packages/airflow/example_dags/example_complex.py
[2025-06-03T13:28:12.875+0000] {processor.py:830} INFO - Processing file /home/airflow/.local/lib/python3.8/site-packages/airflow/example_dags/example_complex.py for tasks to queue
[2025-06-03T13:28:12.876+0000] {logging_mixin.py:188} INFO - [2025-06-03T13:28:12.876+0000] {dagbag.py:540} INFO - Filling up the DagBag from /home/airflow/.local/lib/python3.8/site-packages/airflow/example_dags/example_complex.py
[2025-06-03T13:28:12.880+0000] {processor.py:840} INFO - DAG(s) 'example_complex' retrieved from /home/airflow/.local/lib/python3.8/site-packages/airflow/example_dags/example_complex.py
[2025-06-03T13:28:12.896+0000] {logging_mixin.py:188} INFO - [2025-06-03T13:28:12.895+0000] {dag.py:3047} INFO - Sync 1 DAGs
[2025-06-03T13:28:12.900+0000] {logging_mixin.py:188} INFO - [2025-06-03T13:28:12.900+0000] {dag.py:3834} INFO - Setting next_dagrun for example_complex to None, run_after=None
[2025-06-03T13:28:12.907+0000] {processor.py:183} INFO - Processing /home/airflow/.local/lib/python3.8/site-packages/airflow/example_dags/example_complex.py took 0.035 seconds
[2025-06-03T13:28:43.190+0000] {processor.py:161} INFO - Started process (PID=1338) to work on /home/airflow/.local/lib/python3.8/site-packages/airflow/example_dags/example_complex.py
[2025-06-03T13:28:43.192+0000] {processor.py:830} INFO - Processing file /home/airflow/.local/lib/python3.8/site-packages/airflow/example_dags/example_complex.py for tasks to queue
[2025-06-03T13:28:43.193+0000] {logging_mixin.py:188} INFO - [2025-06-03T13:28:43.192+0000] {dagbag.py:540} INFO - Filling up the DagBag from /home/airflow/.local/lib/python3.8/site-packages/airflow/example_dags/example_complex.py
[2025-06-03T13:28:43.198+0000] {processor.py:840} INFO - DAG(s) 'example_complex' retrieved from /home/airflow/.local/lib/python3.8/site-packages/airflow/example_dags/example_complex.py
[2025-06-03T13:28:43.215+0000] {logging_mixin.py:188} INFO - [2025-06-03T13:28:43.215+0000] {dag.py:3047} INFO - Sync 1 DAGs
[2025-06-03T13:28:43.222+0000] {logging_mixin.py:188} INFO - [2025-06-03T13:28:43.222+0000] {dag.py:3834} INFO - Setting next_dagrun for example_complex to None, run_after=None
[2025-06-03T13:28:43.232+0000] {processor.py:183} INFO - Processing /home/airflow/.local/lib/python3.8/site-packages/airflow/example_dags/example_complex.py took 0.043 seconds
[2025-06-03T13:29:13.707+0000] {processor.py:161} INFO - Started process (PID=1393) to work on /home/airflow/.local/lib/python3.8/site-packages/airflow/example_dags/example_complex.py
[2025-06-03T13:29:13.710+0000] {processor.py:830} INFO - Processing file /home/airflow/.local/lib/python3.8/site-packages/airflow/example_dags/example_complex.py for tasks to queue
[2025-06-03T13:29:13.710+0000] {logging_mixin.py:188} INFO - [2025-06-03T13:29:13.710+0000] {dagbag.py:540} INFO - Filling up the DagBag from /home/airflow/.local/lib/python3.8/site-packages/airflow/example_dags/example_complex.py
[2025-06-03T13:29:13.715+0000] {processor.py:840} INFO - DAG(s) 'example_complex' retrieved from /home/airflow/.local/lib/python3.8/site-packages/airflow/example_dags/example_complex.py
[2025-06-03T13:29:13.727+0000] {logging_mixin.py:188} INFO - [2025-06-03T13:29:13.727+0000] {dag.py:3047} INFO - Sync 1 DAGs
[2025-06-03T13:29:13.733+0000] {logging_mixin.py:188} INFO - [2025-06-03T13:29:13.733+0000] {dag.py:3834} INFO - Setting next_dagrun for example_complex to None, run_after=None
[2025-06-03T13:29:13.740+0000] {processor.py:183} INFO - Processing /home/airflow/.local/lib/python3.8/site-packages/airflow/example_dags/example_complex.py took 0.034 seconds
[2025-06-03T13:29:44.062+0000] {processor.py:161} INFO - Started process (PID=1448) to work on /home/airflow/.local/lib/python3.8/site-packages/airflow/example_dags/example_complex.py
[2025-06-03T13:29:44.064+0000] {processor.py:830} INFO - Processing file /home/airflow/.local/lib/python3.8/site-packages/airflow/example_dags/example_complex.py for tasks to queue
[2025-06-03T13:29:44.065+0000] {logging_mixin.py:188} INFO - [2025-06-03T13:29:44.065+0000] {dagbag.py:540} INFO - Filling up the DagBag from /home/airflow/.local/lib/python3.8/site-packages/airflow/example_dags/example_complex.py
[2025-06-03T13:29:44.070+0000] {processor.py:840} INFO - DAG(s) 'example_complex' retrieved from /home/airflow/.local/lib/python3.8/site-packages/airflow/example_dags/example_complex.py
[2025-06-03T13:29:44.082+0000] {logging_mixin.py:188} INFO - [2025-06-03T13:29:44.082+0000] {dag.py:3047} INFO - Sync 1 DAGs
[2025-06-03T13:29:44.087+0000] {logging_mixin.py:188} INFO - [2025-06-03T13:29:44.087+0000] {dag.py:3834} INFO - Setting next_dagrun for example_complex to None, run_after=None
[2025-06-03T13:29:44.093+0000] {processor.py:183} INFO - Processing /home/airflow/.local/lib/python3.8/site-packages/airflow/example_dags/example_complex.py took 0.032 seconds
[2025-06-03T13:30:14.407+0000] {processor.py:161} INFO - Started process (PID=1503) to work on /home/airflow/.local/lib/python3.8/site-packages/airflow/example_dags/example_complex.py
[2025-06-03T13:30:14.407+0000] {processor.py:830} INFO - Processing file /home/airflow/.local/lib/python3.8/site-packages/airflow/example_dags/example_complex.py for tasks to queue
[2025-06-03T13:30:14.408+0000] {logging_mixin.py:188} INFO - [2025-06-03T13:30:14.408+0000] {dagbag.py:540} INFO - Filling up the DagBag from /home/airflow/.local/lib/python3.8/site-packages/airflow/example_dags/example_complex.py
[2025-06-03T13:30:14.412+0000] {processor.py:840} INFO - DAG(s) 'example_complex' retrieved from /home/airflow/.local/lib/python3.8/site-packages/airflow/example_dags/example_complex.py
[2025-06-03T13:30:14.426+0000] {logging_mixin.py:188} INFO - [2025-06-03T13:30:14.426+0000] {dag.py:3047} INFO - Sync 1 DAGs
[2025-06-03T13:30:14.431+0000] {logging_mixin.py:188} INFO - [2025-06-03T13:30:14.431+0000] {dag.py:3834} INFO - Setting next_dagrun for example_complex to None, run_after=None
[2025-06-03T13:30:14.438+0000] {processor.py:183} INFO - Processing /home/airflow/.local/lib/python3.8/site-packages/airflow/example_dags/example_complex.py took 0.032 seconds
[2025-06-03T13:30:44.701+0000] {processor.py:161} INFO - Started process (PID=1557) to work on /home/airflow/.local/lib/python3.8/site-packages/airflow/example_dags/example_complex.py
[2025-06-03T13:30:44.702+0000] {processor.py:830} INFO - Processing file /home/airflow/.local/lib/python3.8/site-packages/airflow/example_dags/example_complex.py for tasks to queue
[2025-06-03T13:30:44.703+0000] {logging_mixin.py:188} INFO - [2025-06-03T13:30:44.703+0000] {dagbag.py:540} INFO - Filling up the DagBag from /home/airflow/.local/lib/python3.8/site-packages/airflow/example_dags/example_complex.py
[2025-06-03T13:30:44.709+0000] {processor.py:840} INFO - DAG(s) 'example_complex' retrieved from /home/airflow/.local/lib/python3.8/site-packages/airflow/example_dags/example_complex.py
[2025-06-03T13:30:44.723+0000] {logging_mixin.py:188} INFO - [2025-06-03T13:30:44.723+0000] {dag.py:3047} INFO - Sync 1 DAGs
[2025-06-03T13:30:44.728+0000] {logging_mixin.py:188} INFO - [2025-06-03T13:30:44.728+0000] {dag.py:3834} INFO - Setting next_dagrun for example_complex to None, run_after=None
[2025-06-03T13:30:44.735+0000] {processor.py:183} INFO - Processing /home/airflow/.local/lib/python3.8/site-packages/airflow/example_dags/example_complex.py took 0.035 seconds
[2025-06-03T13:31:15.010+0000] {processor.py:161} INFO - Started process (PID=1612) to work on /home/airflow/.local/lib/python3.8/site-packages/airflow/example_dags/example_complex.py
[2025-06-03T13:31:15.011+0000] {processor.py:830} INFO - Processing file /home/airflow/.local/lib/python3.8/site-packages/airflow/example_dags/example_complex.py for tasks to queue
[2025-06-03T13:31:15.012+0000] {logging_mixin.py:188} INFO - [2025-06-03T13:31:15.012+0000] {dagbag.py:540} INFO - Filling up the DagBag from /home/airflow/.local/lib/python3.8/site-packages/airflow/example_dags/example_complex.py
[2025-06-03T13:31:15.016+0000] {processor.py:840} INFO - DAG(s) 'example_complex' retrieved from /home/airflow/.local/lib/python3.8/site-packages/airflow/example_dags/example_complex.py
[2025-06-03T13:31:15.030+0000] {logging_mixin.py:188} INFO - [2025-06-03T13:31:15.030+0000] {dag.py:3047} INFO - Sync 1 DAGs
[2025-06-03T13:31:15.035+0000] {logging_mixin.py:188} INFO - [2025-06-03T13:31:15.035+0000] {dag.py:3834} INFO - Setting next_dagrun for example_complex to None, run_after=None
[2025-06-03T13:31:15.042+0000] {processor.py:183} INFO - Processing /home/airflow/.local/lib/python3.8/site-packages/airflow/example_dags/example_complex.py took 0.033 seconds
[2025-06-03T13:31:45.281+0000] {processor.py:161} INFO - Started process (PID=1667) to work on /home/airflow/.local/lib/python3.8/site-packages/airflow/example_dags/example_complex.py
[2025-06-03T13:31:45.281+0000] {processor.py:830} INFO - Processing file /home/airflow/.local/lib/python3.8/site-packages/airflow/example_dags/example_complex.py for tasks to queue
[2025-06-03T13:31:45.283+0000] {logging_mixin.py:188} INFO - [2025-06-03T13:31:45.283+0000] {dagbag.py:540} INFO - Filling up the DagBag from /home/airflow/.local/lib/python3.8/site-packages/airflow/example_dags/example_complex.py
[2025-06-03T13:31:45.287+0000] {processor.py:840} INFO - DAG(s) 'example_complex' retrieved from /home/airflow/.local/lib/python3.8/site-packages/airflow/example_dags/example_complex.py
[2025-06-03T13:31:45.299+0000] {logging_mixin.py:188} INFO - [2025-06-03T13:31:45.299+0000] {dag.py:3047} INFO - Sync 1 DAGs
[2025-06-03T13:31:45.304+0000] {logging_mixin.py:188} INFO - [2025-06-03T13:31:45.304+0000] {dag.py:3834} INFO - Setting next_dagrun for example_complex to None, run_after=None
[2025-06-03T13:31:45.311+0000] {processor.py:183} INFO - Processing /home/airflow/.local/lib/python3.8/site-packages/airflow/example_dags/example_complex.py took 0.031 seconds
[2025-06-03T13:32:15.588+0000] {processor.py:161} INFO - Started process (PID=1722) to work on /home/airflow/.local/lib/python3.8/site-packages/airflow/example_dags/example_complex.py
[2025-06-03T13:32:15.589+0000] {processor.py:830} INFO - Processing file /home/airflow/.local/lib/python3.8/site-packages/airflow/example_dags/example_complex.py for tasks to queue
[2025-06-03T13:32:15.589+0000] {logging_mixin.py:188} INFO - [2025-06-03T13:32:15.589+0000] {dagbag.py:540} INFO - Filling up the DagBag from /home/airflow/.local/lib/python3.8/site-packages/airflow/example_dags/example_complex.py
[2025-06-03T13:32:15.594+0000] {processor.py:840} INFO - DAG(s) 'example_complex' retrieved from /home/airflow/.local/lib/python3.8/site-packages/airflow/example_dags/example_complex.py
[2025-06-03T13:32:15.605+0000] {logging_mixin.py:188} INFO - [2025-06-03T13:32:15.605+0000] {dag.py:3047} INFO - Sync 1 DAGs
[2025-06-03T13:32:15.609+0000] {logging_mixin.py:188} INFO - [2025-06-03T13:32:15.609+0000] {dag.py:3834} INFO - Setting next_dagrun for example_complex to None, run_after=None
[2025-06-03T13:32:15.619+0000] {processor.py:183} INFO - Processing /home/airflow/.local/lib/python3.8/site-packages/airflow/example_dags/example_complex.py took 0.032 seconds
[2025-06-03T13:32:45.866+0000] {processor.py:161} INFO - Started process (PID=1777) to work on /home/airflow/.local/lib/python3.8/site-packages/airflow/example_dags/example_complex.py
[2025-06-03T13:32:45.867+0000] {processor.py:830} INFO - Processing file /home/airflow/.local/lib/python3.8/site-packages/airflow/example_dags/example_complex.py for tasks to queue
[2025-06-03T13:32:45.867+0000] {logging_mixin.py:188} INFO - [2025-06-03T13:32:45.867+0000] {dagbag.py:540} INFO - Filling up the DagBag from /home/airflow/.local/lib/python3.8/site-packages/airflow/example_dags/example_complex.py
[2025-06-03T13:32:45.872+0000] {processor.py:840} INFO - DAG(s) 'example_complex' retrieved from /home/airflow/.local/lib/python3.8/site-packages/airflow/example_dags/example_complex.py
[2025-06-03T13:32:45.884+0000] {logging_mixin.py:188} INFO - [2025-06-03T13:32:45.883+0000] {dag.py:3047} INFO - Sync 1 DAGs
[2025-06-03T13:32:45.888+0000] {logging_mixin.py:188} INFO - [2025-06-03T13:32:45.888+0000] {dag.py:3834} INFO - Setting next_dagrun for example_complex to None, run_after=None
[2025-06-03T13:32:45.895+0000] {processor.py:183} INFO - Processing /home/airflow/.local/lib/python3.8/site-packages/airflow/example_dags/example_complex.py took 0.030 seconds
[2025-06-03T13:33:16.178+0000] {processor.py:161} INFO - Started process (PID=1832) to work on /home/airflow/.local/lib/python3.8/site-packages/airflow/example_dags/example_complex.py
[2025-06-03T13:33:16.178+0000] {processor.py:830} INFO - Processing file /home/airflow/.local/lib/python3.8/site-packages/airflow/example_dags/example_complex.py for tasks to queue
[2025-06-03T13:33:16.179+0000] {logging_mixin.py:188} INFO - [2025-06-03T13:33:16.179+0000] {dagbag.py:540} INFO - Filling up the DagBag from /home/airflow/.local/lib/python3.8/site-packages/airflow/example_dags/example_complex.py
[2025-06-03T13:33:16.183+0000] {processor.py:840} INFO - DAG(s) 'example_complex' retrieved from /home/airflow/.local/lib/python3.8/site-packages/airflow/example_dags/example_complex.py
[2025-06-03T13:33:16.195+0000] {logging_mixin.py:188} INFO - [2025-06-03T13:33:16.195+0000] {dag.py:3047} INFO - Sync 1 DAGs
[2025-06-03T13:33:16.199+0000] {logging_mixin.py:188} INFO - [2025-06-03T13:33:16.199+0000] {dag.py:3834} INFO - Setting next_dagrun for example_complex to None, run_after=None
[2025-06-03T13:33:16.207+0000] {processor.py:183} INFO - Processing /home/airflow/.local/lib/python3.8/site-packages/airflow/example_dags/example_complex.py took 0.031 seconds
[2025-06-03T13:33:46.464+0000] {processor.py:161} INFO - Started process (PID=1887) to work on /home/airflow/.local/lib/python3.8/site-packages/airflow/example_dags/example_complex.py
[2025-06-03T13:33:46.464+0000] {processor.py:830} INFO - Processing file /home/airflow/.local/lib/python3.8/site-packages/airflow/example_dags/example_complex.py for tasks to queue
[2025-06-03T13:33:46.466+0000] {logging_mixin.py:188} INFO - [2025-06-03T13:33:46.466+0000] {dagbag.py:540} INFO - Filling up the DagBag from /home/airflow/.local/lib/python3.8/site-packages/airflow/example_dags/example_complex.py
[2025-06-03T13:33:46.470+0000] {processor.py:840} INFO - DAG(s) 'example_complex' retrieved from /home/airflow/.local/lib/python3.8/site-packages/airflow/example_dags/example_complex.py
[2025-06-03T13:33:46.482+0000] {logging_mixin.py:188} INFO - [2025-06-03T13:33:46.482+0000] {dag.py:3047} INFO - Sync 1 DAGs
[2025-06-03T13:33:46.487+0000] {logging_mixin.py:188} INFO - [2025-06-03T13:33:46.487+0000] {dag.py:3834} INFO - Setting next_dagrun for example_complex to None, run_after=None
[2025-06-03T13:33:46.495+0000] {processor.py:183} INFO - Processing /home/airflow/.local/lib/python3.8/site-packages/airflow/example_dags/example_complex.py took 0.033 seconds
[2025-06-03T13:34:16.751+0000] {processor.py:161} INFO - Started process (PID=1942) to work on /home/airflow/.local/lib/python3.8/site-packages/airflow/example_dags/example_complex.py
[2025-06-03T13:34:16.752+0000] {processor.py:830} INFO - Processing file /home/airflow/.local/lib/python3.8/site-packages/airflow/example_dags/example_complex.py for tasks to queue
[2025-06-03T13:34:16.756+0000] {logging_mixin.py:188} INFO - [2025-06-03T13:34:16.755+0000] {dagbag.py:540} INFO - Filling up the DagBag from /home/airflow/.local/lib/python3.8/site-packages/airflow/example_dags/example_complex.py
[2025-06-03T13:34:16.761+0000] {processor.py:840} INFO - DAG(s) 'example_complex' retrieved from /home/airflow/.local/lib/python3.8/site-packages/airflow/example_dags/example_complex.py
[2025-06-03T13:34:16.773+0000] {logging_mixin.py:188} INFO - [2025-06-03T13:34:16.773+0000] {dag.py:3047} INFO - Sync 1 DAGs
[2025-06-03T13:34:16.778+0000] {logging_mixin.py:188} INFO - [2025-06-03T13:34:16.777+0000] {dag.py:3834} INFO - Setting next_dagrun for example_complex to None, run_after=None
[2025-06-03T13:34:16.784+0000] {processor.py:183} INFO - Processing /home/airflow/.local/lib/python3.8/site-packages/airflow/example_dags/example_complex.py took 0.035 seconds
[2025-06-03T13:34:47.127+0000] {processor.py:161} INFO - Started process (PID=1997) to work on /home/airflow/.local/lib/python3.8/site-packages/airflow/example_dags/example_complex.py
[2025-06-03T13:34:47.127+0000] {processor.py:830} INFO - Processing file /home/airflow/.local/lib/python3.8/site-packages/airflow/example_dags/example_complex.py for tasks to queue
[2025-06-03T13:34:47.128+0000] {logging_mixin.py:188} INFO - [2025-06-03T13:34:47.128+0000] {dagbag.py:540} INFO - Filling up the DagBag from /home/airflow/.local/lib/python3.8/site-packages/airflow/example_dags/example_complex.py
[2025-06-03T13:34:47.132+0000] {processor.py:840} INFO - DAG(s) 'example_complex' retrieved from /home/airflow/.local/lib/python3.8/site-packages/airflow/example_dags/example_complex.py
[2025-06-03T13:34:47.145+0000] {logging_mixin.py:188} INFO - [2025-06-03T13:34:47.145+0000] {dag.py:3047} INFO - Sync 1 DAGs
[2025-06-03T13:34:47.150+0000] {logging_mixin.py:188} INFO - [2025-06-03T13:34:47.149+0000] {dag.py:3834} INFO - Setting next_dagrun for example_complex to None, run_after=None
[2025-06-03T13:34:47.156+0000] {processor.py:183} INFO - Processing /home/airflow/.local/lib/python3.8/site-packages/airflow/example_dags/example_complex.py took 0.031 seconds
[2025-06-03T13:35:17.713+0000] {processor.py:161} INFO - Started process (PID=2052) to work on /home/airflow/.local/lib/python3.8/site-packages/airflow/example_dags/example_complex.py
[2025-06-03T13:35:17.714+0000] {processor.py:830} INFO - Processing file /home/airflow/.local/lib/python3.8/site-packages/airflow/example_dags/example_complex.py for tasks to queue
[2025-06-03T13:35:17.717+0000] {logging_mixin.py:188} INFO - [2025-06-03T13:35:17.717+0000] {dagbag.py:540} INFO - Filling up the DagBag from /home/airflow/.local/lib/python3.8/site-packages/airflow/example_dags/example_complex.py
[2025-06-03T13:35:17.723+0000] {processor.py:840} INFO - DAG(s) 'example_complex' retrieved from /home/airflow/.local/lib/python3.8/site-packages/airflow/example_dags/example_complex.py
[2025-06-03T13:35:17.736+0000] {logging_mixin.py:188} INFO - [2025-06-03T13:35:17.736+0000] {dag.py:3047} INFO - Sync 1 DAGs
[2025-06-03T13:35:17.744+0000] {logging_mixin.py:188} INFO - [2025-06-03T13:35:17.743+0000] {dag.py:3834} INFO - Setting next_dagrun for example_complex to None, run_after=None
[2025-06-03T13:35:17.754+0000] {processor.py:183} INFO - Processing /home/airflow/.local/lib/python3.8/site-packages/airflow/example_dags/example_complex.py took 0.043 seconds
[2025-06-03T13:35:48.118+0000] {processor.py:161} INFO - Started process (PID=2107) to work on /home/airflow/.local/lib/python3.8/site-packages/airflow/example_dags/example_complex.py
[2025-06-03T13:35:48.119+0000] {processor.py:830} INFO - Processing file /home/airflow/.local/lib/python3.8/site-packages/airflow/example_dags/example_complex.py for tasks to queue
[2025-06-03T13:35:48.123+0000] {logging_mixin.py:188} INFO - [2025-06-03T13:35:48.123+0000] {dagbag.py:540} INFO - Filling up the DagBag from /home/airflow/.local/lib/python3.8/site-packages/airflow/example_dags/example_complex.py
[2025-06-03T13:35:48.127+0000] {processor.py:840} INFO - DAG(s) 'example_complex' retrieved from /home/airflow/.local/lib/python3.8/site-packages/airflow/example_dags/example_complex.py
[2025-06-03T13:35:48.142+0000] {logging_mixin.py:188} INFO - [2025-06-03T13:35:48.142+0000] {dag.py:3047} INFO - Sync 1 DAGs
[2025-06-03T13:35:48.147+0000] {logging_mixin.py:188} INFO - [2025-06-03T13:35:48.147+0000] {dag.py:3834} INFO - Setting next_dagrun for example_complex to None, run_after=None
[2025-06-03T13:35:48.154+0000] {processor.py:183} INFO - Processing /home/airflow/.local/lib/python3.8/site-packages/airflow/example_dags/example_complex.py took 0.037 seconds
[2025-06-03T13:36:18.420+0000] {processor.py:161} INFO - Started process (PID=2162) to work on /home/airflow/.local/lib/python3.8/site-packages/airflow/example_dags/example_complex.py
[2025-06-03T13:36:18.421+0000] {processor.py:830} INFO - Processing file /home/airflow/.local/lib/python3.8/site-packages/airflow/example_dags/example_complex.py for tasks to queue
[2025-06-03T13:36:18.421+0000] {logging_mixin.py:188} INFO - [2025-06-03T13:36:18.421+0000] {dagbag.py:540} INFO - Filling up the DagBag from /home/airflow/.local/lib/python3.8/site-packages/airflow/example_dags/example_complex.py
[2025-06-03T13:36:18.426+0000] {processor.py:840} INFO - DAG(s) 'example_complex' retrieved from /home/airflow/.local/lib/python3.8/site-packages/airflow/example_dags/example_complex.py
[2025-06-03T13:36:18.438+0000] {logging_mixin.py:188} INFO - [2025-06-03T13:36:18.437+0000] {dag.py:3047} INFO - Sync 1 DAGs
[2025-06-03T13:36:18.444+0000] {logging_mixin.py:188} INFO - [2025-06-03T13:36:18.443+0000] {dag.py:3834} INFO - Setting next_dagrun for example_complex to None, run_after=None
[2025-06-03T13:36:18.451+0000] {processor.py:183} INFO - Processing /home/airflow/.local/lib/python3.8/site-packages/airflow/example_dags/example_complex.py took 0.032 seconds
[2025-06-03T13:36:48.777+0000] {processor.py:161} INFO - Started process (PID=2217) to work on /home/airflow/.local/lib/python3.8/site-packages/airflow/example_dags/example_complex.py
[2025-06-03T13:36:48.781+0000] {processor.py:830} INFO - Processing file /home/airflow/.local/lib/python3.8/site-packages/airflow/example_dags/example_complex.py for tasks to queue
[2025-06-03T13:36:48.782+0000] {logging_mixin.py:188} INFO - [2025-06-03T13:36:48.782+0000] {dagbag.py:540} INFO - Filling up the DagBag from /home/airflow/.local/lib/python3.8/site-packages/airflow/example_dags/example_complex.py
[2025-06-03T13:36:48.787+0000] {processor.py:840} INFO - DAG(s) 'example_complex' retrieved from /home/airflow/.local/lib/python3.8/site-packages/airflow/example_dags/example_complex.py
[2025-06-03T13:36:48.798+0000] {logging_mixin.py:188} INFO - [2025-06-03T13:36:48.798+0000] {dag.py:3047} INFO - Sync 1 DAGs
[2025-06-03T13:36:48.803+0000] {logging_mixin.py:188} INFO - [2025-06-03T13:36:48.803+0000] {dag.py:3834} INFO - Setting next_dagrun for example_complex to None, run_after=None
[2025-06-03T13:36:48.809+0000] {processor.py:183} INFO - Processing /home/airflow/.local/lib/python3.8/site-packages/airflow/example_dags/example_complex.py took 0.034 seconds
[2025-06-03T13:37:19.155+0000] {processor.py:161} INFO - Started process (PID=2272) to work on /home/airflow/.local/lib/python3.8/site-packages/airflow/example_dags/example_complex.py
[2025-06-03T13:37:19.157+0000] {processor.py:830} INFO - Processing file /home/airflow/.local/lib/python3.8/site-packages/airflow/example_dags/example_complex.py for tasks to queue
[2025-06-03T13:37:19.159+0000] {logging_mixin.py:188} INFO - [2025-06-03T13:37:19.159+0000] {dagbag.py:540} INFO - Filling up the DagBag from /home/airflow/.local/lib/python3.8/site-packages/airflow/example_dags/example_complex.py
[2025-06-03T13:37:19.165+0000] {processor.py:840} INFO - DAG(s) 'example_complex' retrieved from /home/airflow/.local/lib/python3.8/site-packages/airflow/example_dags/example_complex.py
[2025-06-03T13:37:19.176+0000] {logging_mixin.py:188} INFO - [2025-06-03T13:37:19.176+0000] {dag.py:3047} INFO - Sync 1 DAGs
[2025-06-03T13:37:19.181+0000] {logging_mixin.py:188} INFO - [2025-06-03T13:37:19.181+0000] {dag.py:3834} INFO - Setting next_dagrun for example_complex to None, run_after=None
[2025-06-03T13:37:19.187+0000] {processor.py:183} INFO - Processing /home/airflow/.local/lib/python3.8/site-packages/airflow/example_dags/example_complex.py took 0.033 seconds
[2025-06-03T13:37:49.798+0000] {processor.py:161} INFO - Started process (PID=2327) to work on /home/airflow/.local/lib/python3.8/site-packages/airflow/example_dags/example_complex.py
[2025-06-03T13:37:49.798+0000] {processor.py:830} INFO - Processing file /home/airflow/.local/lib/python3.8/site-packages/airflow/example_dags/example_complex.py for tasks to queue
[2025-06-03T13:37:49.800+0000] {logging_mixin.py:188} INFO - [2025-06-03T13:37:49.800+0000] {dagbag.py:540} INFO - Filling up the DagBag from /home/airflow/.local/lib/python3.8/site-packages/airflow/example_dags/example_complex.py
[2025-06-03T13:37:49.806+0000] {processor.py:840} INFO - DAG(s) 'example_complex' retrieved from /home/airflow/.local/lib/python3.8/site-packages/airflow/example_dags/example_complex.py
[2025-06-03T13:37:49.823+0000] {logging_mixin.py:188} INFO - [2025-06-03T13:37:49.823+0000] {dag.py:3047} INFO - Sync 1 DAGs
[2025-06-03T13:37:49.829+0000] {logging_mixin.py:188} INFO - [2025-06-03T13:37:49.829+0000] {dag.py:3834} INFO - Setting next_dagrun for example_complex to None, run_after=None
[2025-06-03T13:37:49.839+0000] {processor.py:183} INFO - Processing /home/airflow/.local/lib/python3.8/site-packages/airflow/example_dags/example_complex.py took 0.042 seconds
[2025-06-03T13:38:20.637+0000] {processor.py:161} INFO - Started process (PID=2382) to work on /home/airflow/.local/lib/python3.8/site-packages/airflow/example_dags/example_complex.py
[2025-06-03T13:38:20.638+0000] {processor.py:830} INFO - Processing file /home/airflow/.local/lib/python3.8/site-packages/airflow/example_dags/example_complex.py for tasks to queue
[2025-06-03T13:38:20.639+0000] {logging_mixin.py:188} INFO - [2025-06-03T13:38:20.639+0000] {dagbag.py:540} INFO - Filling up the DagBag from /home/airflow/.local/lib/python3.8/site-packages/airflow/example_dags/example_complex.py
[2025-06-03T13:38:20.643+0000] {processor.py:840} INFO - DAG(s) 'example_complex' retrieved from /home/airflow/.local/lib/python3.8/site-packages/airflow/example_dags/example_complex.py
[2025-06-03T13:38:20.655+0000] {logging_mixin.py:188} INFO - [2025-06-03T13:38:20.654+0000] {dag.py:3047} INFO - Sync 1 DAGs
[2025-06-03T13:38:20.659+0000] {logging_mixin.py:188} INFO - [2025-06-03T13:38:20.659+0000] {dag.py:3834} INFO - Setting next_dagrun for example_complex to None, run_after=None
[2025-06-03T13:38:20.668+0000] {processor.py:183} INFO - Processing /home/airflow/.local/lib/python3.8/site-packages/airflow/example_dags/example_complex.py took 0.033 seconds
[2025-06-03T13:38:51.210+0000] {processor.py:161} INFO - Started process (PID=2437) to work on /home/airflow/.local/lib/python3.8/site-packages/airflow/example_dags/example_complex.py
[2025-06-03T13:38:51.211+0000] {processor.py:830} INFO - Processing file /home/airflow/.local/lib/python3.8/site-packages/airflow/example_dags/example_complex.py for tasks to queue
[2025-06-03T13:38:51.212+0000] {logging_mixin.py:188} INFO - [2025-06-03T13:38:51.212+0000] {dagbag.py:540} INFO - Filling up the DagBag from /home/airflow/.local/lib/python3.8/site-packages/airflow/example_dags/example_complex.py
[2025-06-03T13:38:51.217+0000] {processor.py:840} INFO - DAG(s) 'example_complex' retrieved from /home/airflow/.local/lib/python3.8/site-packages/airflow/example_dags/example_complex.py
[2025-06-03T13:38:51.234+0000] {logging_mixin.py:188} INFO - [2025-06-03T13:38:51.234+0000] {dag.py:3047} INFO - Sync 1 DAGs
[2025-06-03T13:38:51.242+0000] {logging_mixin.py:188} INFO - [2025-06-03T13:38:51.242+0000] {dag.py:3834} INFO - Setting next_dagrun for example_complex to None, run_after=None
[2025-06-03T13:38:51.259+0000] {processor.py:183} INFO - Processing /home/airflow/.local/lib/python3.8/site-packages/airflow/example_dags/example_complex.py took 0.051 seconds
[2025-06-03T13:39:21.401+0000] {processor.py:161} INFO - Started process (PID=2492) to work on /home/airflow/.local/lib/python3.8/site-packages/airflow/example_dags/example_complex.py
[2025-06-03T13:39:21.402+0000] {processor.py:830} INFO - Processing file /home/airflow/.local/lib/python3.8/site-packages/airflow/example_dags/example_complex.py for tasks to queue
[2025-06-03T13:39:21.402+0000] {logging_mixin.py:188} INFO - [2025-06-03T13:39:21.402+0000] {dagbag.py:540} INFO - Filling up the DagBag from /home/airflow/.local/lib/python3.8/site-packages/airflow/example_dags/example_complex.py
[2025-06-03T13:39:21.407+0000] {processor.py:840} INFO - DAG(s) 'example_complex' retrieved from /home/airflow/.local/lib/python3.8/site-packages/airflow/example_dags/example_complex.py
[2025-06-03T13:39:21.421+0000] {logging_mixin.py:188} INFO - [2025-06-03T13:39:21.421+0000] {dag.py:3047} INFO - Sync 1 DAGs
[2025-06-03T13:39:21.426+0000] {logging_mixin.py:188} INFO - [2025-06-03T13:39:21.426+0000] {dag.py:3834} INFO - Setting next_dagrun for example_complex to None, run_after=None
[2025-06-03T13:39:21.435+0000] {processor.py:183} INFO - Processing /home/airflow/.local/lib/python3.8/site-packages/airflow/example_dags/example_complex.py took 0.035 seconds
[2025-06-03T13:39:52.281+0000] {processor.py:161} INFO - Started process (PID=2547) to work on /home/airflow/.local/lib/python3.8/site-packages/airflow/example_dags/example_complex.py
[2025-06-03T13:39:52.283+0000] {processor.py:830} INFO - Processing file /home/airflow/.local/lib/python3.8/site-packages/airflow/example_dags/example_complex.py for tasks to queue
[2025-06-03T13:39:52.284+0000] {logging_mixin.py:188} INFO - [2025-06-03T13:39:52.284+0000] {dagbag.py:540} INFO - Filling up the DagBag from /home/airflow/.local/lib/python3.8/site-packages/airflow/example_dags/example_complex.py
[2025-06-03T13:39:52.289+0000] {processor.py:840} INFO - DAG(s) 'example_complex' retrieved from /home/airflow/.local/lib/python3.8/site-packages/airflow/example_dags/example_complex.py
[2025-06-03T13:39:52.303+0000] {logging_mixin.py:188} INFO - [2025-06-03T13:39:52.303+0000] {dag.py:3047} INFO - Sync 1 DAGs
[2025-06-03T13:39:52.309+0000] {logging_mixin.py:188} INFO - [2025-06-03T13:39:52.309+0000] {dag.py:3834} INFO - Setting next_dagrun for example_complex to None, run_after=None
[2025-06-03T13:39:52.321+0000] {processor.py:183} INFO - Processing /home/airflow/.local/lib/python3.8/site-packages/airflow/example_dags/example_complex.py took 0.041 seconds
[2025-06-03T13:40:23.122+0000] {processor.py:161} INFO - Started process (PID=2603) to work on /home/airflow/.local/lib/python3.8/site-packages/airflow/example_dags/example_complex.py
[2025-06-03T13:40:23.123+0000] {processor.py:830} INFO - Processing file /home/airflow/.local/lib/python3.8/site-packages/airflow/example_dags/example_complex.py for tasks to queue
[2025-06-03T13:40:23.124+0000] {logging_mixin.py:188} INFO - [2025-06-03T13:40:23.124+0000] {dagbag.py:540} INFO - Filling up the DagBag from /home/airflow/.local/lib/python3.8/site-packages/airflow/example_dags/example_complex.py
[2025-06-03T13:40:23.129+0000] {processor.py:840} INFO - DAG(s) 'example_complex' retrieved from /home/airflow/.local/lib/python3.8/site-packages/airflow/example_dags/example_complex.py
[2025-06-03T13:40:23.145+0000] {logging_mixin.py:188} INFO - [2025-06-03T13:40:23.145+0000] {dag.py:3047} INFO - Sync 1 DAGs
[2025-06-03T13:40:23.152+0000] {logging_mixin.py:188} INFO - [2025-06-03T13:40:23.152+0000] {dag.py:3834} INFO - Setting next_dagrun for example_complex to None, run_after=None
[2025-06-03T13:40:23.167+0000] {processor.py:183} INFO - Processing /home/airflow/.local/lib/python3.8/site-packages/airflow/example_dags/example_complex.py took 0.046 seconds
