[2025-06-03T13:16:57.987+0000] {processor.py:161} INFO - Started process (PID=53) to work on /home/airflow/.local/lib/python3.8/site-packages/airflow/example_dags/example_latest_only_with_trigger.py
[2025-06-03T13:16:57.988+0000] {processor.py:830} INFO - Processing file /home/airflow/.local/lib/python3.8/site-packages/airflow/example_dags/example_latest_only_with_trigger.py for tasks to queue
[2025-06-03T13:16:57.992+0000] {logging_mixin.py:188} INFO - [2025-06-03T13:16:57.991+0000] {dagbag.py:540} INFO - Filling up the DagBag from /home/airflow/.local/lib/python3.8/site-packages/airflow/example_dags/example_latest_only_with_trigger.py
[2025-06-03T13:16:58.000+0000] {processor.py:840} INFO - DAG(s) 'latest_only_with_trigger' retrieved from /home/airflow/.local/lib/python3.8/site-packages/airflow/example_dags/example_latest_only_with_trigger.py
[2025-06-03T13:16:58.020+0000] {logging_mixin.py:188} INFO - [2025-06-03T13:16:58.020+0000] {dag.py:3047} INFO - Sync 1 DAGs
[2025-06-03T13:16:58.046+0000] {logging_mixin.py:188} INFO - [2025-06-03T13:16:58.046+0000] {dag.py:3834} INFO - Setting next_dagrun for latest_only_with_trigger to 2025-06-03 08:00:00+00:00, run_after=2025-06-03 12:00:00+00:00
[2025-06-03T13:16:58.069+0000] {processor.py:183} INFO - Processing /home/airflow/.local/lib/python3.8/site-packages/airflow/example_dags/example_latest_only_with_trigger.py took 0.088 seconds
[2025-06-03T13:17:28.150+0000] {processor.py:161} INFO - Started process (PID=108) to work on /home/airflow/.local/lib/python3.8/site-packages/airflow/example_dags/example_latest_only_with_trigger.py
[2025-06-03T13:17:28.150+0000] {processor.py:830} INFO - Processing file /home/airflow/.local/lib/python3.8/site-packages/airflow/example_dags/example_latest_only_with_trigger.py for tasks to queue
[2025-06-03T13:17:28.151+0000] {logging_mixin.py:188} INFO - [2025-06-03T13:17:28.151+0000] {dagbag.py:540} INFO - Filling up the DagBag from /home/airflow/.local/lib/python3.8/site-packages/airflow/example_dags/example_latest_only_with_trigger.py
[2025-06-03T13:17:28.153+0000] {processor.py:840} INFO - DAG(s) 'latest_only_with_trigger' retrieved from /home/airflow/.local/lib/python3.8/site-packages/airflow/example_dags/example_latest_only_with_trigger.py
[2025-06-03T13:17:28.190+0000] {logging_mixin.py:188} INFO - [2025-06-03T13:17:28.190+0000] {dag.py:3047} INFO - Sync 1 DAGs
[2025-06-03T13:17:28.198+0000] {logging_mixin.py:188} INFO - [2025-06-03T13:17:28.197+0000] {dag.py:3834} INFO - Setting next_dagrun for latest_only_with_trigger to 2025-06-03 08:00:00+00:00, run_after=2025-06-03 12:00:00+00:00
[2025-06-03T13:17:28.204+0000] {processor.py:183} INFO - Processing /home/airflow/.local/lib/python3.8/site-packages/airflow/example_dags/example_latest_only_with_trigger.py took 0.056 seconds
[2025-06-03T13:17:58.254+0000] {processor.py:161} INFO - Started process (PID=163) to work on /home/airflow/.local/lib/python3.8/site-packages/airflow/example_dags/example_latest_only_with_trigger.py
[2025-06-03T13:17:58.255+0000] {processor.py:830} INFO - Processing file /home/airflow/.local/lib/python3.8/site-packages/airflow/example_dags/example_latest_only_with_trigger.py for tasks to queue
[2025-06-03T13:17:58.255+0000] {logging_mixin.py:188} INFO - [2025-06-03T13:17:58.255+0000] {dagbag.py:540} INFO - Filling up the DagBag from /home/airflow/.local/lib/python3.8/site-packages/airflow/example_dags/example_latest_only_with_trigger.py
[2025-06-03T13:17:58.257+0000] {processor.py:840} INFO - DAG(s) 'latest_only_with_trigger' retrieved from /home/airflow/.local/lib/python3.8/site-packages/airflow/example_dags/example_latest_only_with_trigger.py
[2025-06-03T13:17:58.265+0000] {logging_mixin.py:188} INFO - [2025-06-03T13:17:58.265+0000] {dag.py:3047} INFO - Sync 1 DAGs
[2025-06-03T13:17:58.273+0000] {logging_mixin.py:188} INFO - [2025-06-03T13:17:58.272+0000] {dag.py:3834} INFO - Setting next_dagrun for latest_only_with_trigger to 2025-06-03 08:00:00+00:00, run_after=2025-06-03 12:00:00+00:00
[2025-06-03T13:17:58.279+0000] {processor.py:183} INFO - Processing /home/airflow/.local/lib/python3.8/site-packages/airflow/example_dags/example_latest_only_with_trigger.py took 0.026 seconds
[2025-06-03T13:18:28.793+0000] {processor.py:161} INFO - Started process (PID=218) to work on /home/airflow/.local/lib/python3.8/site-packages/airflow/example_dags/example_latest_only_with_trigger.py
[2025-06-03T13:18:28.794+0000] {processor.py:830} INFO - Processing file /home/airflow/.local/lib/python3.8/site-packages/airflow/example_dags/example_latest_only_with_trigger.py for tasks to queue
[2025-06-03T13:18:28.795+0000] {logging_mixin.py:188} INFO - [2025-06-03T13:18:28.795+0000] {dagbag.py:540} INFO - Filling up the DagBag from /home/airflow/.local/lib/python3.8/site-packages/airflow/example_dags/example_latest_only_with_trigger.py
[2025-06-03T13:18:28.798+0000] {processor.py:840} INFO - DAG(s) 'latest_only_with_trigger' retrieved from /home/airflow/.local/lib/python3.8/site-packages/airflow/example_dags/example_latest_only_with_trigger.py
[2025-06-03T13:18:28.806+0000] {logging_mixin.py:188} INFO - [2025-06-03T13:18:28.806+0000] {dag.py:3047} INFO - Sync 1 DAGs
[2025-06-03T13:18:28.815+0000] {logging_mixin.py:188} INFO - [2025-06-03T13:18:28.815+0000] {dag.py:3834} INFO - Setting next_dagrun for latest_only_with_trigger to 2025-06-03 08:00:00+00:00, run_after=2025-06-03 12:00:00+00:00
[2025-06-03T13:18:28.822+0000] {processor.py:183} INFO - Processing /home/airflow/.local/lib/python3.8/site-packages/airflow/example_dags/example_latest_only_with_trigger.py took 0.030 seconds
[2025-06-03T13:18:59.468+0000] {processor.py:161} INFO - Started process (PID=279) to work on /home/airflow/.local/lib/python3.8/site-packages/airflow/example_dags/example_latest_only_with_trigger.py
[2025-06-03T13:18:59.468+0000] {processor.py:830} INFO - Processing file /home/airflow/.local/lib/python3.8/site-packages/airflow/example_dags/example_latest_only_with_trigger.py for tasks to queue
[2025-06-03T13:18:59.469+0000] {logging_mixin.py:188} INFO - [2025-06-03T13:18:59.469+0000] {dagbag.py:540} INFO - Filling up the DagBag from /home/airflow/.local/lib/python3.8/site-packages/airflow/example_dags/example_latest_only_with_trigger.py
[2025-06-03T13:18:59.473+0000] {processor.py:840} INFO - DAG(s) 'latest_only_with_trigger' retrieved from /home/airflow/.local/lib/python3.8/site-packages/airflow/example_dags/example_latest_only_with_trigger.py
[2025-06-03T13:18:59.487+0000] {logging_mixin.py:188} INFO - [2025-06-03T13:18:59.487+0000] {dag.py:3047} INFO - Sync 1 DAGs
[2025-06-03T13:18:59.496+0000] {logging_mixin.py:188} INFO - [2025-06-03T13:18:59.496+0000] {dag.py:3834} INFO - Setting next_dagrun for latest_only_with_trigger to 2025-06-03 08:00:00+00:00, run_after=2025-06-03 12:00:00+00:00
[2025-06-03T13:18:59.503+0000] {processor.py:183} INFO - Processing /home/airflow/.local/lib/python3.8/site-packages/airflow/example_dags/example_latest_only_with_trigger.py took 0.037 seconds
[2025-06-03T13:19:30.055+0000] {processor.py:161} INFO - Started process (PID=334) to work on /home/airflow/.local/lib/python3.8/site-packages/airflow/example_dags/example_latest_only_with_trigger.py
[2025-06-03T13:19:30.056+0000] {processor.py:830} INFO - Processing file /home/airflow/.local/lib/python3.8/site-packages/airflow/example_dags/example_latest_only_with_trigger.py for tasks to queue
[2025-06-03T13:19:30.056+0000] {logging_mixin.py:188} INFO - [2025-06-03T13:19:30.056+0000] {dagbag.py:540} INFO - Filling up the DagBag from /home/airflow/.local/lib/python3.8/site-packages/airflow/example_dags/example_latest_only_with_trigger.py
[2025-06-03T13:19:30.059+0000] {processor.py:840} INFO - DAG(s) 'latest_only_with_trigger' retrieved from /home/airflow/.local/lib/python3.8/site-packages/airflow/example_dags/example_latest_only_with_trigger.py
[2025-06-03T13:19:30.067+0000] {logging_mixin.py:188} INFO - [2025-06-03T13:19:30.067+0000] {dag.py:3047} INFO - Sync 1 DAGs
[2025-06-03T13:19:30.076+0000] {logging_mixin.py:188} INFO - [2025-06-03T13:19:30.076+0000] {dag.py:3834} INFO - Setting next_dagrun for latest_only_with_trigger to 2025-06-03 08:00:00+00:00, run_after=2025-06-03 12:00:00+00:00
[2025-06-03T13:19:30.083+0000] {processor.py:183} INFO - Processing /home/airflow/.local/lib/python3.8/site-packages/airflow/example_dags/example_latest_only_with_trigger.py took 0.030 seconds
[2025-06-03T13:20:00.631+0000] {processor.py:161} INFO - Started process (PID=389) to work on /home/airflow/.local/lib/python3.8/site-packages/airflow/example_dags/example_latest_only_with_trigger.py
[2025-06-03T13:20:00.635+0000] {processor.py:830} INFO - Processing file /home/airflow/.local/lib/python3.8/site-packages/airflow/example_dags/example_latest_only_with_trigger.py for tasks to queue
[2025-06-03T13:20:00.636+0000] {logging_mixin.py:188} INFO - [2025-06-03T13:20:00.636+0000] {dagbag.py:540} INFO - Filling up the DagBag from /home/airflow/.local/lib/python3.8/site-packages/airflow/example_dags/example_latest_only_with_trigger.py
[2025-06-03T13:20:00.641+0000] {processor.py:840} INFO - DAG(s) 'latest_only_with_trigger' retrieved from /home/airflow/.local/lib/python3.8/site-packages/airflow/example_dags/example_latest_only_with_trigger.py
[2025-06-03T13:20:00.650+0000] {logging_mixin.py:188} INFO - [2025-06-03T13:20:00.650+0000] {dag.py:3047} INFO - Sync 1 DAGs
[2025-06-03T13:20:00.659+0000] {logging_mixin.py:188} INFO - [2025-06-03T13:20:00.659+0000] {dag.py:3834} INFO - Setting next_dagrun for latest_only_with_trigger to 2025-06-03 08:00:00+00:00, run_after=2025-06-03 12:00:00+00:00
[2025-06-03T13:20:00.666+0000] {processor.py:183} INFO - Processing /home/airflow/.local/lib/python3.8/site-packages/airflow/example_dags/example_latest_only_with_trigger.py took 0.037 seconds
[2025-06-03T13:20:31.423+0000] {processor.py:161} INFO - Started process (PID=444) to work on /home/airflow/.local/lib/python3.8/site-packages/airflow/example_dags/example_latest_only_with_trigger.py
[2025-06-03T13:20:31.424+0000] {processor.py:830} INFO - Processing file /home/airflow/.local/lib/python3.8/site-packages/airflow/example_dags/example_latest_only_with_trigger.py for tasks to queue
[2025-06-03T13:20:31.424+0000] {logging_mixin.py:188} INFO - [2025-06-03T13:20:31.424+0000] {dagbag.py:540} INFO - Filling up the DagBag from /home/airflow/.local/lib/python3.8/site-packages/airflow/example_dags/example_latest_only_with_trigger.py
[2025-06-03T13:20:31.427+0000] {processor.py:840} INFO - DAG(s) 'latest_only_with_trigger' retrieved from /home/airflow/.local/lib/python3.8/site-packages/airflow/example_dags/example_latest_only_with_trigger.py
[2025-06-03T13:20:31.436+0000] {logging_mixin.py:188} INFO - [2025-06-03T13:20:31.436+0000] {dag.py:3047} INFO - Sync 1 DAGs
[2025-06-03T13:20:31.447+0000] {logging_mixin.py:188} INFO - [2025-06-03T13:20:31.447+0000] {dag.py:3834} INFO - Setting next_dagrun for latest_only_with_trigger to 2025-06-03 08:00:00+00:00, run_after=2025-06-03 12:00:00+00:00
[2025-06-03T13:20:31.455+0000] {processor.py:183} INFO - Processing /home/airflow/.local/lib/python3.8/site-packages/airflow/example_dags/example_latest_only_with_trigger.py took 0.033 seconds
[2025-06-03T13:21:02.183+0000] {processor.py:161} INFO - Started process (PID=499) to work on /home/airflow/.local/lib/python3.8/site-packages/airflow/example_dags/example_latest_only_with_trigger.py
[2025-06-03T13:21:02.184+0000] {processor.py:830} INFO - Processing file /home/airflow/.local/lib/python3.8/site-packages/airflow/example_dags/example_latest_only_with_trigger.py for tasks to queue
[2025-06-03T13:21:02.185+0000] {logging_mixin.py:188} INFO - [2025-06-03T13:21:02.185+0000] {dagbag.py:540} INFO - Filling up the DagBag from /home/airflow/.local/lib/python3.8/site-packages/airflow/example_dags/example_latest_only_with_trigger.py
[2025-06-03T13:21:02.187+0000] {processor.py:840} INFO - DAG(s) 'latest_only_with_trigger' retrieved from /home/airflow/.local/lib/python3.8/site-packages/airflow/example_dags/example_latest_only_with_trigger.py
[2025-06-03T13:21:02.197+0000] {logging_mixin.py:188} INFO - [2025-06-03T13:21:02.197+0000] {dag.py:3047} INFO - Sync 1 DAGs
[2025-06-03T13:21:02.208+0000] {logging_mixin.py:188} INFO - [2025-06-03T13:21:02.208+0000] {dag.py:3834} INFO - Setting next_dagrun for latest_only_with_trigger to 2025-06-03 08:00:00+00:00, run_after=2025-06-03 12:00:00+00:00
[2025-06-03T13:21:02.217+0000] {processor.py:183} INFO - Processing /home/airflow/.local/lib/python3.8/site-packages/airflow/example_dags/example_latest_only_with_trigger.py took 0.035 seconds
[2025-06-03T13:21:33.043+0000] {processor.py:161} INFO - Started process (PID=554) to work on /home/airflow/.local/lib/python3.8/site-packages/airflow/example_dags/example_latest_only_with_trigger.py
[2025-06-03T13:21:33.044+0000] {processor.py:830} INFO - Processing file /home/airflow/.local/lib/python3.8/site-packages/airflow/example_dags/example_latest_only_with_trigger.py for tasks to queue
[2025-06-03T13:21:33.045+0000] {logging_mixin.py:188} INFO - [2025-06-03T13:21:33.045+0000] {dagbag.py:540} INFO - Filling up the DagBag from /home/airflow/.local/lib/python3.8/site-packages/airflow/example_dags/example_latest_only_with_trigger.py
[2025-06-03T13:21:33.047+0000] {processor.py:840} INFO - DAG(s) 'latest_only_with_trigger' retrieved from /home/airflow/.local/lib/python3.8/site-packages/airflow/example_dags/example_latest_only_with_trigger.py
[2025-06-03T13:21:33.056+0000] {logging_mixin.py:188} INFO - [2025-06-03T13:21:33.055+0000] {dag.py:3047} INFO - Sync 1 DAGs
[2025-06-03T13:21:33.065+0000] {logging_mixin.py:188} INFO - [2025-06-03T13:21:33.065+0000] {dag.py:3834} INFO - Setting next_dagrun for latest_only_with_trigger to 2025-06-03 08:00:00+00:00, run_after=2025-06-03 12:00:00+00:00
[2025-06-03T13:21:33.072+0000] {processor.py:183} INFO - Processing /home/airflow/.local/lib/python3.8/site-packages/airflow/example_dags/example_latest_only_with_trigger.py took 0.031 seconds
[2025-06-03T13:22:03.999+0000] {processor.py:161} INFO - Started process (PID=609) to work on /home/airflow/.local/lib/python3.8/site-packages/airflow/example_dags/example_latest_only_with_trigger.py
[2025-06-03T13:22:03.999+0000] {processor.py:830} INFO - Processing file /home/airflow/.local/lib/python3.8/site-packages/airflow/example_dags/example_latest_only_with_trigger.py for tasks to queue
[2025-06-03T13:22:04.000+0000] {logging_mixin.py:188} INFO - [2025-06-03T13:22:04.000+0000] {dagbag.py:540} INFO - Filling up the DagBag from /home/airflow/.local/lib/python3.8/site-packages/airflow/example_dags/example_latest_only_with_trigger.py
[2025-06-03T13:22:04.003+0000] {processor.py:840} INFO - DAG(s) 'latest_only_with_trigger' retrieved from /home/airflow/.local/lib/python3.8/site-packages/airflow/example_dags/example_latest_only_with_trigger.py
[2025-06-03T13:22:04.011+0000] {logging_mixin.py:188} INFO - [2025-06-03T13:22:04.011+0000] {dag.py:3047} INFO - Sync 1 DAGs
[2025-06-03T13:22:04.018+0000] {logging_mixin.py:188} INFO - [2025-06-03T13:22:04.018+0000] {dag.py:3834} INFO - Setting next_dagrun for latest_only_with_trigger to 2025-06-03 08:00:00+00:00, run_after=2025-06-03 12:00:00+00:00
[2025-06-03T13:22:04.025+0000] {processor.py:183} INFO - Processing /home/airflow/.local/lib/python3.8/site-packages/airflow/example_dags/example_latest_only_with_trigger.py took 0.028 seconds
[2025-06-03T13:22:34.990+0000] {processor.py:161} INFO - Started process (PID=664) to work on /home/airflow/.local/lib/python3.8/site-packages/airflow/example_dags/example_latest_only_with_trigger.py
[2025-06-03T13:22:34.990+0000] {processor.py:830} INFO - Processing file /home/airflow/.local/lib/python3.8/site-packages/airflow/example_dags/example_latest_only_with_trigger.py for tasks to queue
[2025-06-03T13:22:34.991+0000] {logging_mixin.py:188} INFO - [2025-06-03T13:22:34.991+0000] {dagbag.py:540} INFO - Filling up the DagBag from /home/airflow/.local/lib/python3.8/site-packages/airflow/example_dags/example_latest_only_with_trigger.py
[2025-06-03T13:22:34.995+0000] {processor.py:840} INFO - DAG(s) 'latest_only_with_trigger' retrieved from /home/airflow/.local/lib/python3.8/site-packages/airflow/example_dags/example_latest_only_with_trigger.py
[2025-06-03T13:22:35.004+0000] {logging_mixin.py:188} INFO - [2025-06-03T13:22:35.004+0000] {dag.py:3047} INFO - Sync 1 DAGs
[2025-06-03T13:22:35.013+0000] {logging_mixin.py:188} INFO - [2025-06-03T13:22:35.013+0000] {dag.py:3834} INFO - Setting next_dagrun for latest_only_with_trigger to 2025-06-03 08:00:00+00:00, run_after=2025-06-03 12:00:00+00:00
[2025-06-03T13:22:35.021+0000] {processor.py:183} INFO - Processing /home/airflow/.local/lib/python3.8/site-packages/airflow/example_dags/example_latest_only_with_trigger.py took 0.033 seconds
[2025-06-03T13:23:05.793+0000] {processor.py:161} INFO - Started process (PID=719) to work on /home/airflow/.local/lib/python3.8/site-packages/airflow/example_dags/example_latest_only_with_trigger.py
[2025-06-03T13:23:05.796+0000] {processor.py:830} INFO - Processing file /home/airflow/.local/lib/python3.8/site-packages/airflow/example_dags/example_latest_only_with_trigger.py for tasks to queue
[2025-06-03T13:23:05.797+0000] {logging_mixin.py:188} INFO - [2025-06-03T13:23:05.797+0000] {dagbag.py:540} INFO - Filling up the DagBag from /home/airflow/.local/lib/python3.8/site-packages/airflow/example_dags/example_latest_only_with_trigger.py
[2025-06-03T13:23:05.800+0000] {processor.py:840} INFO - DAG(s) 'latest_only_with_trigger' retrieved from /home/airflow/.local/lib/python3.8/site-packages/airflow/example_dags/example_latest_only_with_trigger.py
[2025-06-03T13:23:05.809+0000] {logging_mixin.py:188} INFO - [2025-06-03T13:23:05.808+0000] {dag.py:3047} INFO - Sync 1 DAGs
[2025-06-03T13:23:05.817+0000] {logging_mixin.py:188} INFO - [2025-06-03T13:23:05.816+0000] {dag.py:3834} INFO - Setting next_dagrun for latest_only_with_trigger to 2025-06-03 08:00:00+00:00, run_after=2025-06-03 12:00:00+00:00
[2025-06-03T13:23:05.823+0000] {processor.py:183} INFO - Processing /home/airflow/.local/lib/python3.8/site-packages/airflow/example_dags/example_latest_only_with_trigger.py took 0.032 seconds
[2025-06-03T13:23:36.782+0000] {processor.py:161} INFO - Started process (PID=774) to work on /home/airflow/.local/lib/python3.8/site-packages/airflow/example_dags/example_latest_only_with_trigger.py
[2025-06-03T13:23:36.782+0000] {processor.py:830} INFO - Processing file /home/airflow/.local/lib/python3.8/site-packages/airflow/example_dags/example_latest_only_with_trigger.py for tasks to queue
[2025-06-03T13:23:36.783+0000] {logging_mixin.py:188} INFO - [2025-06-03T13:23:36.783+0000] {dagbag.py:540} INFO - Filling up the DagBag from /home/airflow/.local/lib/python3.8/site-packages/airflow/example_dags/example_latest_only_with_trigger.py
[2025-06-03T13:23:36.785+0000] {processor.py:840} INFO - DAG(s) 'latest_only_with_trigger' retrieved from /home/airflow/.local/lib/python3.8/site-packages/airflow/example_dags/example_latest_only_with_trigger.py
[2025-06-03T13:23:36.798+0000] {logging_mixin.py:188} INFO - [2025-06-03T13:23:36.798+0000] {dag.py:3047} INFO - Sync 1 DAGs
[2025-06-03T13:23:36.810+0000] {logging_mixin.py:188} INFO - [2025-06-03T13:23:36.810+0000] {dag.py:3834} INFO - Setting next_dagrun for latest_only_with_trigger to 2025-06-03 08:00:00+00:00, run_after=2025-06-03 12:00:00+00:00
[2025-06-03T13:23:36.818+0000] {processor.py:183} INFO - Processing /home/airflow/.local/lib/python3.8/site-packages/airflow/example_dags/example_latest_only_with_trigger.py took 0.037 seconds
[2025-06-03T13:24:07.098+0000] {processor.py:161} INFO - Started process (PID=829) to work on /home/airflow/.local/lib/python3.8/site-packages/airflow/example_dags/example_latest_only_with_trigger.py
[2025-06-03T13:24:07.099+0000] {processor.py:830} INFO - Processing file /home/airflow/.local/lib/python3.8/site-packages/airflow/example_dags/example_latest_only_with_trigger.py for tasks to queue
[2025-06-03T13:24:07.100+0000] {logging_mixin.py:188} INFO - [2025-06-03T13:24:07.099+0000] {dagbag.py:540} INFO - Filling up the DagBag from /home/airflow/.local/lib/python3.8/site-packages/airflow/example_dags/example_latest_only_with_trigger.py
[2025-06-03T13:24:07.102+0000] {processor.py:840} INFO - DAG(s) 'latest_only_with_trigger' retrieved from /home/airflow/.local/lib/python3.8/site-packages/airflow/example_dags/example_latest_only_with_trigger.py
[2025-06-03T13:24:07.111+0000] {logging_mixin.py:188} INFO - [2025-06-03T13:24:07.111+0000] {dag.py:3047} INFO - Sync 1 DAGs
[2025-06-03T13:24:07.120+0000] {logging_mixin.py:188} INFO - [2025-06-03T13:24:07.120+0000] {dag.py:3834} INFO - Setting next_dagrun for latest_only_with_trigger to 2025-06-03 08:00:00+00:00, run_after=2025-06-03 12:00:00+00:00
[2025-06-03T13:24:07.128+0000] {processor.py:183} INFO - Processing /home/airflow/.local/lib/python3.8/site-packages/airflow/example_dags/example_latest_only_with_trigger.py took 0.032 seconds
[2025-06-03T13:24:37.994+0000] {processor.py:161} INFO - Started process (PID=884) to work on /home/airflow/.local/lib/python3.8/site-packages/airflow/example_dags/example_latest_only_with_trigger.py
[2025-06-03T13:24:37.995+0000] {processor.py:830} INFO - Processing file /home/airflow/.local/lib/python3.8/site-packages/airflow/example_dags/example_latest_only_with_trigger.py for tasks to queue
[2025-06-03T13:24:37.996+0000] {logging_mixin.py:188} INFO - [2025-06-03T13:24:37.996+0000] {dagbag.py:540} INFO - Filling up the DagBag from /home/airflow/.local/lib/python3.8/site-packages/airflow/example_dags/example_latest_only_with_trigger.py
[2025-06-03T13:24:37.999+0000] {processor.py:840} INFO - DAG(s) 'latest_only_with_trigger' retrieved from /home/airflow/.local/lib/python3.8/site-packages/airflow/example_dags/example_latest_only_with_trigger.py
[2025-06-03T13:24:38.009+0000] {logging_mixin.py:188} INFO - [2025-06-03T13:24:38.009+0000] {dag.py:3047} INFO - Sync 1 DAGs
[2025-06-03T13:24:38.021+0000] {logging_mixin.py:188} INFO - [2025-06-03T13:24:38.021+0000] {dag.py:3834} INFO - Setting next_dagrun for latest_only_with_trigger to 2025-06-03 08:00:00+00:00, run_after=2025-06-03 12:00:00+00:00
[2025-06-03T13:24:38.030+0000] {processor.py:183} INFO - Processing /home/airflow/.local/lib/python3.8/site-packages/airflow/example_dags/example_latest_only_with_trigger.py took 0.037 seconds
[2025-06-03T13:25:08.541+0000] {processor.py:161} INFO - Started process (PID=939) to work on /home/airflow/.local/lib/python3.8/site-packages/airflow/example_dags/example_latest_only_with_trigger.py
[2025-06-03T13:25:08.542+0000] {processor.py:830} INFO - Processing file /home/airflow/.local/lib/python3.8/site-packages/airflow/example_dags/example_latest_only_with_trigger.py for tasks to queue
[2025-06-03T13:25:08.543+0000] {logging_mixin.py:188} INFO - [2025-06-03T13:25:08.543+0000] {dagbag.py:540} INFO - Filling up the DagBag from /home/airflow/.local/lib/python3.8/site-packages/airflow/example_dags/example_latest_only_with_trigger.py
[2025-06-03T13:25:08.548+0000] {processor.py:840} INFO - DAG(s) 'latest_only_with_trigger' retrieved from /home/airflow/.local/lib/python3.8/site-packages/airflow/example_dags/example_latest_only_with_trigger.py
[2025-06-03T13:25:08.564+0000] {logging_mixin.py:188} INFO - [2025-06-03T13:25:08.564+0000] {dag.py:3047} INFO - Sync 1 DAGs
[2025-06-03T13:25:08.576+0000] {logging_mixin.py:188} INFO - [2025-06-03T13:25:08.576+0000] {dag.py:3834} INFO - Setting next_dagrun for latest_only_with_trigger to 2025-06-03 08:00:00+00:00, run_after=2025-06-03 12:00:00+00:00
[2025-06-03T13:25:08.583+0000] {processor.py:183} INFO - Processing /home/airflow/.local/lib/python3.8/site-packages/airflow/example_dags/example_latest_only_with_trigger.py took 0.044 seconds
[2025-06-03T13:25:39.082+0000] {processor.py:161} INFO - Started process (PID=994) to work on /home/airflow/.local/lib/python3.8/site-packages/airflow/example_dags/example_latest_only_with_trigger.py
[2025-06-03T13:25:39.083+0000] {processor.py:830} INFO - Processing file /home/airflow/.local/lib/python3.8/site-packages/airflow/example_dags/example_latest_only_with_trigger.py for tasks to queue
[2025-06-03T13:25:39.084+0000] {logging_mixin.py:188} INFO - [2025-06-03T13:25:39.084+0000] {dagbag.py:540} INFO - Filling up the DagBag from /home/airflow/.local/lib/python3.8/site-packages/airflow/example_dags/example_latest_only_with_trigger.py
[2025-06-03T13:25:39.087+0000] {processor.py:840} INFO - DAG(s) 'latest_only_with_trigger' retrieved from /home/airflow/.local/lib/python3.8/site-packages/airflow/example_dags/example_latest_only_with_trigger.py
[2025-06-03T13:25:39.100+0000] {logging_mixin.py:188} INFO - [2025-06-03T13:25:39.100+0000] {dag.py:3047} INFO - Sync 1 DAGs
[2025-06-03T13:25:39.117+0000] {logging_mixin.py:188} INFO - [2025-06-03T13:25:39.117+0000] {dag.py:3834} INFO - Setting next_dagrun for latest_only_with_trigger to 2025-06-03 08:00:00+00:00, run_after=2025-06-03 12:00:00+00:00
[2025-06-03T13:25:39.184+0000] {processor.py:183} INFO - Processing /home/airflow/.local/lib/python3.8/site-packages/airflow/example_dags/example_latest_only_with_trigger.py took 0.104 seconds
[2025-06-03T13:26:09.213+0000] {processor.py:161} INFO - Started process (PID=1049) to work on /home/airflow/.local/lib/python3.8/site-packages/airflow/example_dags/example_latest_only_with_trigger.py
[2025-06-03T13:26:09.213+0000] {processor.py:830} INFO - Processing file /home/airflow/.local/lib/python3.8/site-packages/airflow/example_dags/example_latest_only_with_trigger.py for tasks to queue
[2025-06-03T13:26:09.214+0000] {logging_mixin.py:188} INFO - [2025-06-03T13:26:09.214+0000] {dagbag.py:540} INFO - Filling up the DagBag from /home/airflow/.local/lib/python3.8/site-packages/airflow/example_dags/example_latest_only_with_trigger.py
[2025-06-03T13:26:09.217+0000] {processor.py:840} INFO - DAG(s) 'latest_only_with_trigger' retrieved from /home/airflow/.local/lib/python3.8/site-packages/airflow/example_dags/example_latest_only_with_trigger.py
[2025-06-03T13:26:09.227+0000] {logging_mixin.py:188} INFO - [2025-06-03T13:26:09.227+0000] {dag.py:3047} INFO - Sync 1 DAGs
[2025-06-03T13:26:09.237+0000] {logging_mixin.py:188} INFO - [2025-06-03T13:26:09.237+0000] {dag.py:3834} INFO - Setting next_dagrun for latest_only_with_trigger to 2025-06-03 08:00:00+00:00, run_after=2025-06-03 12:00:00+00:00
[2025-06-03T13:26:09.244+0000] {processor.py:183} INFO - Processing /home/airflow/.local/lib/python3.8/site-packages/airflow/example_dags/example_latest_only_with_trigger.py took 0.033 seconds
[2025-06-03T13:26:39.555+0000] {processor.py:161} INFO - Started process (PID=1104) to work on /home/airflow/.local/lib/python3.8/site-packages/airflow/example_dags/example_latest_only_with_trigger.py
[2025-06-03T13:26:39.557+0000] {processor.py:830} INFO - Processing file /home/airflow/.local/lib/python3.8/site-packages/airflow/example_dags/example_latest_only_with_trigger.py for tasks to queue
[2025-06-03T13:26:39.558+0000] {logging_mixin.py:188} INFO - [2025-06-03T13:26:39.558+0000] {dagbag.py:540} INFO - Filling up the DagBag from /home/airflow/.local/lib/python3.8/site-packages/airflow/example_dags/example_latest_only_with_trigger.py
[2025-06-03T13:26:39.563+0000] {processor.py:840} INFO - DAG(s) 'latest_only_with_trigger' retrieved from /home/airflow/.local/lib/python3.8/site-packages/airflow/example_dags/example_latest_only_with_trigger.py
[2025-06-03T13:26:39.573+0000] {logging_mixin.py:188} INFO - [2025-06-03T13:26:39.573+0000] {dag.py:3047} INFO - Sync 1 DAGs
[2025-06-03T13:26:39.583+0000] {logging_mixin.py:188} INFO - [2025-06-03T13:26:39.583+0000] {dag.py:3834} INFO - Setting next_dagrun for latest_only_with_trigger to 2025-06-03 08:00:00+00:00, run_after=2025-06-03 12:00:00+00:00
[2025-06-03T13:26:39.589+0000] {processor.py:183} INFO - Processing /home/airflow/.local/lib/python3.8/site-packages/airflow/example_dags/example_latest_only_with_trigger.py took 0.036 seconds
[2025-06-03T13:27:10.250+0000] {processor.py:161} INFO - Started process (PID=1159) to work on /home/airflow/.local/lib/python3.8/site-packages/airflow/example_dags/example_latest_only_with_trigger.py
[2025-06-03T13:27:10.251+0000] {processor.py:830} INFO - Processing file /home/airflow/.local/lib/python3.8/site-packages/airflow/example_dags/example_latest_only_with_trigger.py for tasks to queue
[2025-06-03T13:27:10.255+0000] {logging_mixin.py:188} INFO - [2025-06-03T13:27:10.254+0000] {dagbag.py:540} INFO - Filling up the DagBag from /home/airflow/.local/lib/python3.8/site-packages/airflow/example_dags/example_latest_only_with_trigger.py
[2025-06-03T13:27:10.259+0000] {processor.py:840} INFO - DAG(s) 'latest_only_with_trigger' retrieved from /home/airflow/.local/lib/python3.8/site-packages/airflow/example_dags/example_latest_only_with_trigger.py
[2025-06-03T13:27:10.271+0000] {logging_mixin.py:188} INFO - [2025-06-03T13:27:10.271+0000] {dag.py:3047} INFO - Sync 1 DAGs
[2025-06-03T13:27:10.281+0000] {logging_mixin.py:188} INFO - [2025-06-03T13:27:10.281+0000] {dag.py:3834} INFO - Setting next_dagrun for latest_only_with_trigger to 2025-06-03 08:00:00+00:00, run_after=2025-06-03 12:00:00+00:00
[2025-06-03T13:27:10.289+0000] {processor.py:183} INFO - Processing /home/airflow/.local/lib/python3.8/site-packages/airflow/example_dags/example_latest_only_with_trigger.py took 0.040 seconds
[2025-06-03T13:27:40.826+0000] {processor.py:161} INFO - Started process (PID=1214) to work on /home/airflow/.local/lib/python3.8/site-packages/airflow/example_dags/example_latest_only_with_trigger.py
[2025-06-03T13:27:40.827+0000] {processor.py:830} INFO - Processing file /home/airflow/.local/lib/python3.8/site-packages/airflow/example_dags/example_latest_only_with_trigger.py for tasks to queue
[2025-06-03T13:27:40.827+0000] {logging_mixin.py:188} INFO - [2025-06-03T13:27:40.827+0000] {dagbag.py:540} INFO - Filling up the DagBag from /home/airflow/.local/lib/python3.8/site-packages/airflow/example_dags/example_latest_only_with_trigger.py
[2025-06-03T13:27:40.831+0000] {processor.py:840} INFO - DAG(s) 'latest_only_with_trigger' retrieved from /home/airflow/.local/lib/python3.8/site-packages/airflow/example_dags/example_latest_only_with_trigger.py
[2025-06-03T13:27:40.841+0000] {logging_mixin.py:188} INFO - [2025-06-03T13:27:40.841+0000] {dag.py:3047} INFO - Sync 1 DAGs
[2025-06-03T13:27:40.849+0000] {logging_mixin.py:188} INFO - [2025-06-03T13:27:40.849+0000] {dag.py:3834} INFO - Setting next_dagrun for latest_only_with_trigger to 2025-06-03 08:00:00+00:00, run_after=2025-06-03 12:00:00+00:00
[2025-06-03T13:27:40.856+0000] {processor.py:183} INFO - Processing /home/airflow/.local/lib/python3.8/site-packages/airflow/example_dags/example_latest_only_with_trigger.py took 0.031 seconds
[2025-06-03T13:28:11.389+0000] {processor.py:161} INFO - Started process (PID=1269) to work on /home/airflow/.local/lib/python3.8/site-packages/airflow/example_dags/example_latest_only_with_trigger.py
[2025-06-03T13:28:11.390+0000] {processor.py:830} INFO - Processing file /home/airflow/.local/lib/python3.8/site-packages/airflow/example_dags/example_latest_only_with_trigger.py for tasks to queue
[2025-06-03T13:28:11.391+0000] {logging_mixin.py:188} INFO - [2025-06-03T13:28:11.391+0000] {dagbag.py:540} INFO - Filling up the DagBag from /home/airflow/.local/lib/python3.8/site-packages/airflow/example_dags/example_latest_only_with_trigger.py
[2025-06-03T13:28:11.394+0000] {processor.py:840} INFO - DAG(s) 'latest_only_with_trigger' retrieved from /home/airflow/.local/lib/python3.8/site-packages/airflow/example_dags/example_latest_only_with_trigger.py
[2025-06-03T13:28:11.403+0000] {logging_mixin.py:188} INFO - [2025-06-03T13:28:11.403+0000] {dag.py:3047} INFO - Sync 1 DAGs
[2025-06-03T13:28:11.418+0000] {logging_mixin.py:188} INFO - [2025-06-03T13:28:11.418+0000] {dag.py:3834} INFO - Setting next_dagrun for latest_only_with_trigger to 2025-06-03 08:00:00+00:00, run_after=2025-06-03 12:00:00+00:00
[2025-06-03T13:28:11.425+0000] {processor.py:183} INFO - Processing /home/airflow/.local/lib/python3.8/site-packages/airflow/example_dags/example_latest_only_with_trigger.py took 0.038 seconds
[2025-06-03T13:28:42.546+0000] {processor.py:161} INFO - Started process (PID=1324) to work on /home/airflow/.local/lib/python3.8/site-packages/airflow/example_dags/example_latest_only_with_trigger.py
[2025-06-03T13:28:42.546+0000] {processor.py:830} INFO - Processing file /home/airflow/.local/lib/python3.8/site-packages/airflow/example_dags/example_latest_only_with_trigger.py for tasks to queue
[2025-06-03T13:28:42.547+0000] {logging_mixin.py:188} INFO - [2025-06-03T13:28:42.547+0000] {dagbag.py:540} INFO - Filling up the DagBag from /home/airflow/.local/lib/python3.8/site-packages/airflow/example_dags/example_latest_only_with_trigger.py
[2025-06-03T13:28:42.551+0000] {processor.py:840} INFO - DAG(s) 'latest_only_with_trigger' retrieved from /home/airflow/.local/lib/python3.8/site-packages/airflow/example_dags/example_latest_only_with_trigger.py
[2025-06-03T13:28:42.561+0000] {logging_mixin.py:188} INFO - [2025-06-03T13:28:42.560+0000] {dag.py:3047} INFO - Sync 1 DAGs
[2025-06-03T13:28:42.572+0000] {logging_mixin.py:188} INFO - [2025-06-03T13:28:42.572+0000] {dag.py:3834} INFO - Setting next_dagrun for latest_only_with_trigger to 2025-06-03 08:00:00+00:00, run_after=2025-06-03 12:00:00+00:00
[2025-06-03T13:28:42.579+0000] {processor.py:183} INFO - Processing /home/airflow/.local/lib/python3.8/site-packages/airflow/example_dags/example_latest_only_with_trigger.py took 0.035 seconds
[2025-06-03T13:29:13.407+0000] {processor.py:161} INFO - Started process (PID=1379) to work on /home/airflow/.local/lib/python3.8/site-packages/airflow/example_dags/example_latest_only_with_trigger.py
[2025-06-03T13:29:13.407+0000] {processor.py:830} INFO - Processing file /home/airflow/.local/lib/python3.8/site-packages/airflow/example_dags/example_latest_only_with_trigger.py for tasks to queue
[2025-06-03T13:29:13.408+0000] {logging_mixin.py:188} INFO - [2025-06-03T13:29:13.408+0000] {dagbag.py:540} INFO - Filling up the DagBag from /home/airflow/.local/lib/python3.8/site-packages/airflow/example_dags/example_latest_only_with_trigger.py
[2025-06-03T13:29:13.410+0000] {processor.py:840} INFO - DAG(s) 'latest_only_with_trigger' retrieved from /home/airflow/.local/lib/python3.8/site-packages/airflow/example_dags/example_latest_only_with_trigger.py
[2025-06-03T13:29:13.417+0000] {logging_mixin.py:188} INFO - [2025-06-03T13:29:13.417+0000] {dag.py:3047} INFO - Sync 1 DAGs
[2025-06-03T13:29:13.425+0000] {logging_mixin.py:188} INFO - [2025-06-03T13:29:13.424+0000] {dag.py:3834} INFO - Setting next_dagrun for latest_only_with_trigger to 2025-06-03 08:00:00+00:00, run_after=2025-06-03 12:00:00+00:00
[2025-06-03T13:29:13.431+0000] {processor.py:183} INFO - Processing /home/airflow/.local/lib/python3.8/site-packages/airflow/example_dags/example_latest_only_with_trigger.py took 0.026 seconds
[2025-06-03T13:29:43.747+0000] {processor.py:161} INFO - Started process (PID=1434) to work on /home/airflow/.local/lib/python3.8/site-packages/airflow/example_dags/example_latest_only_with_trigger.py
[2025-06-03T13:29:43.751+0000] {processor.py:830} INFO - Processing file /home/airflow/.local/lib/python3.8/site-packages/airflow/example_dags/example_latest_only_with_trigger.py for tasks to queue
[2025-06-03T13:29:43.751+0000] {logging_mixin.py:188} INFO - [2025-06-03T13:29:43.751+0000] {dagbag.py:540} INFO - Filling up the DagBag from /home/airflow/.local/lib/python3.8/site-packages/airflow/example_dags/example_latest_only_with_trigger.py
[2025-06-03T13:29:43.756+0000] {processor.py:840} INFO - DAG(s) 'latest_only_with_trigger' retrieved from /home/airflow/.local/lib/python3.8/site-packages/airflow/example_dags/example_latest_only_with_trigger.py
[2025-06-03T13:29:43.764+0000] {logging_mixin.py:188} INFO - [2025-06-03T13:29:43.764+0000] {dag.py:3047} INFO - Sync 1 DAGs
[2025-06-03T13:29:43.773+0000] {logging_mixin.py:188} INFO - [2025-06-03T13:29:43.772+0000] {dag.py:3834} INFO - Setting next_dagrun for latest_only_with_trigger to 2025-06-03 08:00:00+00:00, run_after=2025-06-03 12:00:00+00:00
[2025-06-03T13:29:43.781+0000] {processor.py:183} INFO - Processing /home/airflow/.local/lib/python3.8/site-packages/airflow/example_dags/example_latest_only_with_trigger.py took 0.035 seconds
[2025-06-03T13:30:14.096+0000] {processor.py:161} INFO - Started process (PID=1489) to work on /home/airflow/.local/lib/python3.8/site-packages/airflow/example_dags/example_latest_only_with_trigger.py
[2025-06-03T13:30:14.097+0000] {processor.py:830} INFO - Processing file /home/airflow/.local/lib/python3.8/site-packages/airflow/example_dags/example_latest_only_with_trigger.py for tasks to queue
[2025-06-03T13:30:14.098+0000] {logging_mixin.py:188} INFO - [2025-06-03T13:30:14.098+0000] {dagbag.py:540} INFO - Filling up the DagBag from /home/airflow/.local/lib/python3.8/site-packages/airflow/example_dags/example_latest_only_with_trigger.py
[2025-06-03T13:30:14.100+0000] {processor.py:840} INFO - DAG(s) 'latest_only_with_trigger' retrieved from /home/airflow/.local/lib/python3.8/site-packages/airflow/example_dags/example_latest_only_with_trigger.py
[2025-06-03T13:30:14.108+0000] {logging_mixin.py:188} INFO - [2025-06-03T13:30:14.108+0000] {dag.py:3047} INFO - Sync 1 DAGs
[2025-06-03T13:30:14.117+0000] {logging_mixin.py:188} INFO - [2025-06-03T13:30:14.117+0000] {dag.py:3834} INFO - Setting next_dagrun for latest_only_with_trigger to 2025-06-03 08:00:00+00:00, run_after=2025-06-03 12:00:00+00:00
[2025-06-03T13:30:14.126+0000] {processor.py:183} INFO - Processing /home/airflow/.local/lib/python3.8/site-packages/airflow/example_dags/example_latest_only_with_trigger.py took 0.031 seconds
[2025-06-03T13:30:44.416+0000] {processor.py:161} INFO - Started process (PID=1543) to work on /home/airflow/.local/lib/python3.8/site-packages/airflow/example_dags/example_latest_only_with_trigger.py
[2025-06-03T13:30:44.416+0000] {processor.py:830} INFO - Processing file /home/airflow/.local/lib/python3.8/site-packages/airflow/example_dags/example_latest_only_with_trigger.py for tasks to queue
[2025-06-03T13:30:44.417+0000] {logging_mixin.py:188} INFO - [2025-06-03T13:30:44.417+0000] {dagbag.py:540} INFO - Filling up the DagBag from /home/airflow/.local/lib/python3.8/site-packages/airflow/example_dags/example_latest_only_with_trigger.py
[2025-06-03T13:30:44.419+0000] {processor.py:840} INFO - DAG(s) 'latest_only_with_trigger' retrieved from /home/airflow/.local/lib/python3.8/site-packages/airflow/example_dags/example_latest_only_with_trigger.py
[2025-06-03T13:30:44.427+0000] {logging_mixin.py:188} INFO - [2025-06-03T13:30:44.427+0000] {dag.py:3047} INFO - Sync 1 DAGs
[2025-06-03T13:30:44.435+0000] {logging_mixin.py:188} INFO - [2025-06-03T13:30:44.435+0000] {dag.py:3834} INFO - Setting next_dagrun for latest_only_with_trigger to 2025-06-03 08:00:00+00:00, run_after=2025-06-03 12:00:00+00:00
[2025-06-03T13:30:44.443+0000] {processor.py:183} INFO - Processing /home/airflow/.local/lib/python3.8/site-packages/airflow/example_dags/example_latest_only_with_trigger.py took 0.029 seconds
[2025-06-03T13:31:14.718+0000] {processor.py:161} INFO - Started process (PID=1598) to work on /home/airflow/.local/lib/python3.8/site-packages/airflow/example_dags/example_latest_only_with_trigger.py
[2025-06-03T13:31:14.719+0000] {processor.py:830} INFO - Processing file /home/airflow/.local/lib/python3.8/site-packages/airflow/example_dags/example_latest_only_with_trigger.py for tasks to queue
[2025-06-03T13:31:14.719+0000] {logging_mixin.py:188} INFO - [2025-06-03T13:31:14.719+0000] {dagbag.py:540} INFO - Filling up the DagBag from /home/airflow/.local/lib/python3.8/site-packages/airflow/example_dags/example_latest_only_with_trigger.py
[2025-06-03T13:31:14.722+0000] {processor.py:840} INFO - DAG(s) 'latest_only_with_trigger' retrieved from /home/airflow/.local/lib/python3.8/site-packages/airflow/example_dags/example_latest_only_with_trigger.py
[2025-06-03T13:31:14.732+0000] {logging_mixin.py:188} INFO - [2025-06-03T13:31:14.732+0000] {dag.py:3047} INFO - Sync 1 DAGs
[2025-06-03T13:31:14.740+0000] {logging_mixin.py:188} INFO - [2025-06-03T13:31:14.740+0000] {dag.py:3834} INFO - Setting next_dagrun for latest_only_with_trigger to 2025-06-03 08:00:00+00:00, run_after=2025-06-03 12:00:00+00:00
[2025-06-03T13:31:14.747+0000] {processor.py:183} INFO - Processing /home/airflow/.local/lib/python3.8/site-packages/airflow/example_dags/example_latest_only_with_trigger.py took 0.030 seconds
[2025-06-03T13:31:44.976+0000] {processor.py:161} INFO - Started process (PID=1653) to work on /home/airflow/.local/lib/python3.8/site-packages/airflow/example_dags/example_latest_only_with_trigger.py
[2025-06-03T13:31:44.977+0000] {processor.py:830} INFO - Processing file /home/airflow/.local/lib/python3.8/site-packages/airflow/example_dags/example_latest_only_with_trigger.py for tasks to queue
[2025-06-03T13:31:44.978+0000] {logging_mixin.py:188} INFO - [2025-06-03T13:31:44.978+0000] {dagbag.py:540} INFO - Filling up the DagBag from /home/airflow/.local/lib/python3.8/site-packages/airflow/example_dags/example_latest_only_with_trigger.py
[2025-06-03T13:31:44.981+0000] {processor.py:840} INFO - DAG(s) 'latest_only_with_trigger' retrieved from /home/airflow/.local/lib/python3.8/site-packages/airflow/example_dags/example_latest_only_with_trigger.py
[2025-06-03T13:31:44.990+0000] {logging_mixin.py:188} INFO - [2025-06-03T13:31:44.989+0000] {dag.py:3047} INFO - Sync 1 DAGs
[2025-06-03T13:31:44.998+0000] {logging_mixin.py:188} INFO - [2025-06-03T13:31:44.998+0000] {dag.py:3834} INFO - Setting next_dagrun for latest_only_with_trigger to 2025-06-03 08:00:00+00:00, run_after=2025-06-03 12:00:00+00:00
[2025-06-03T13:31:45.006+0000] {processor.py:183} INFO - Processing /home/airflow/.local/lib/python3.8/site-packages/airflow/example_dags/example_latest_only_with_trigger.py took 0.031 seconds
[2025-06-03T13:32:15.288+0000] {processor.py:161} INFO - Started process (PID=1708) to work on /home/airflow/.local/lib/python3.8/site-packages/airflow/example_dags/example_latest_only_with_trigger.py
[2025-06-03T13:32:15.290+0000] {processor.py:830} INFO - Processing file /home/airflow/.local/lib/python3.8/site-packages/airflow/example_dags/example_latest_only_with_trigger.py for tasks to queue
[2025-06-03T13:32:15.291+0000] {logging_mixin.py:188} INFO - [2025-06-03T13:32:15.291+0000] {dagbag.py:540} INFO - Filling up the DagBag from /home/airflow/.local/lib/python3.8/site-packages/airflow/example_dags/example_latest_only_with_trigger.py
[2025-06-03T13:32:15.294+0000] {processor.py:840} INFO - DAG(s) 'latest_only_with_trigger' retrieved from /home/airflow/.local/lib/python3.8/site-packages/airflow/example_dags/example_latest_only_with_trigger.py
[2025-06-03T13:32:15.301+0000] {logging_mixin.py:188} INFO - [2025-06-03T13:32:15.301+0000] {dag.py:3047} INFO - Sync 1 DAGs
[2025-06-03T13:32:15.309+0000] {logging_mixin.py:188} INFO - [2025-06-03T13:32:15.309+0000] {dag.py:3834} INFO - Setting next_dagrun for latest_only_with_trigger to 2025-06-03 08:00:00+00:00, run_after=2025-06-03 12:00:00+00:00
[2025-06-03T13:32:15.315+0000] {processor.py:183} INFO - Processing /home/airflow/.local/lib/python3.8/site-packages/airflow/example_dags/example_latest_only_with_trigger.py took 0.029 seconds
[2025-06-03T13:32:45.571+0000] {processor.py:161} INFO - Started process (PID=1763) to work on /home/airflow/.local/lib/python3.8/site-packages/airflow/example_dags/example_latest_only_with_trigger.py
[2025-06-03T13:32:45.571+0000] {processor.py:830} INFO - Processing file /home/airflow/.local/lib/python3.8/site-packages/airflow/example_dags/example_latest_only_with_trigger.py for tasks to queue
[2025-06-03T13:32:45.572+0000] {logging_mixin.py:188} INFO - [2025-06-03T13:32:45.572+0000] {dagbag.py:540} INFO - Filling up the DagBag from /home/airflow/.local/lib/python3.8/site-packages/airflow/example_dags/example_latest_only_with_trigger.py
[2025-06-03T13:32:45.574+0000] {processor.py:840} INFO - DAG(s) 'latest_only_with_trigger' retrieved from /home/airflow/.local/lib/python3.8/site-packages/airflow/example_dags/example_latest_only_with_trigger.py
[2025-06-03T13:32:45.583+0000] {logging_mixin.py:188} INFO - [2025-06-03T13:32:45.583+0000] {dag.py:3047} INFO - Sync 1 DAGs
[2025-06-03T13:32:45.592+0000] {logging_mixin.py:188} INFO - [2025-06-03T13:32:45.592+0000] {dag.py:3834} INFO - Setting next_dagrun for latest_only_with_trigger to 2025-06-03 08:00:00+00:00, run_after=2025-06-03 12:00:00+00:00
[2025-06-03T13:32:45.601+0000] {processor.py:183} INFO - Processing /home/airflow/.local/lib/python3.8/site-packages/airflow/example_dags/example_latest_only_with_trigger.py took 0.031 seconds
[2025-06-03T13:33:15.906+0000] {processor.py:161} INFO - Started process (PID=1818) to work on /home/airflow/.local/lib/python3.8/site-packages/airflow/example_dags/example_latest_only_with_trigger.py
[2025-06-03T13:33:15.907+0000] {processor.py:830} INFO - Processing file /home/airflow/.local/lib/python3.8/site-packages/airflow/example_dags/example_latest_only_with_trigger.py for tasks to queue
[2025-06-03T13:33:15.908+0000] {logging_mixin.py:188} INFO - [2025-06-03T13:33:15.908+0000] {dagbag.py:540} INFO - Filling up the DagBag from /home/airflow/.local/lib/python3.8/site-packages/airflow/example_dags/example_latest_only_with_trigger.py
[2025-06-03T13:33:15.911+0000] {processor.py:840} INFO - DAG(s) 'latest_only_with_trigger' retrieved from /home/airflow/.local/lib/python3.8/site-packages/airflow/example_dags/example_latest_only_with_trigger.py
[2025-06-03T13:33:15.919+0000] {logging_mixin.py:188} INFO - [2025-06-03T13:33:15.919+0000] {dag.py:3047} INFO - Sync 1 DAGs
[2025-06-03T13:33:15.927+0000] {logging_mixin.py:188} INFO - [2025-06-03T13:33:15.927+0000] {dag.py:3834} INFO - Setting next_dagrun for latest_only_with_trigger to 2025-06-03 08:00:00+00:00, run_after=2025-06-03 12:00:00+00:00
[2025-06-03T13:33:15.933+0000] {processor.py:183} INFO - Processing /home/airflow/.local/lib/python3.8/site-packages/airflow/example_dags/example_latest_only_with_trigger.py took 0.028 seconds
[2025-06-03T13:33:46.188+0000] {processor.py:161} INFO - Started process (PID=1873) to work on /home/airflow/.local/lib/python3.8/site-packages/airflow/example_dags/example_latest_only_with_trigger.py
[2025-06-03T13:33:46.189+0000] {processor.py:830} INFO - Processing file /home/airflow/.local/lib/python3.8/site-packages/airflow/example_dags/example_latest_only_with_trigger.py for tasks to queue
[2025-06-03T13:33:46.190+0000] {logging_mixin.py:188} INFO - [2025-06-03T13:33:46.190+0000] {dagbag.py:540} INFO - Filling up the DagBag from /home/airflow/.local/lib/python3.8/site-packages/airflow/example_dags/example_latest_only_with_trigger.py
[2025-06-03T13:33:46.192+0000] {processor.py:840} INFO - DAG(s) 'latest_only_with_trigger' retrieved from /home/airflow/.local/lib/python3.8/site-packages/airflow/example_dags/example_latest_only_with_trigger.py
[2025-06-03T13:33:46.201+0000] {logging_mixin.py:188} INFO - [2025-06-03T13:33:46.201+0000] {dag.py:3047} INFO - Sync 1 DAGs
[2025-06-03T13:33:46.210+0000] {logging_mixin.py:188} INFO - [2025-06-03T13:33:46.209+0000] {dag.py:3834} INFO - Setting next_dagrun for latest_only_with_trigger to 2025-06-03 08:00:00+00:00, run_after=2025-06-03 12:00:00+00:00
[2025-06-03T13:33:46.219+0000] {processor.py:183} INFO - Processing /home/airflow/.local/lib/python3.8/site-packages/airflow/example_dags/example_latest_only_with_trigger.py took 0.032 seconds
[2025-06-03T13:34:16.442+0000] {processor.py:161} INFO - Started process (PID=1928) to work on /home/airflow/.local/lib/python3.8/site-packages/airflow/example_dags/example_latest_only_with_trigger.py
[2025-06-03T13:34:16.443+0000] {processor.py:830} INFO - Processing file /home/airflow/.local/lib/python3.8/site-packages/airflow/example_dags/example_latest_only_with_trigger.py for tasks to queue
[2025-06-03T13:34:16.444+0000] {logging_mixin.py:188} INFO - [2025-06-03T13:34:16.444+0000] {dagbag.py:540} INFO - Filling up the DagBag from /home/airflow/.local/lib/python3.8/site-packages/airflow/example_dags/example_latest_only_with_trigger.py
[2025-06-03T13:34:16.447+0000] {processor.py:840} INFO - DAG(s) 'latest_only_with_trigger' retrieved from /home/airflow/.local/lib/python3.8/site-packages/airflow/example_dags/example_latest_only_with_trigger.py
[2025-06-03T13:34:16.455+0000] {logging_mixin.py:188} INFO - [2025-06-03T13:34:16.455+0000] {dag.py:3047} INFO - Sync 1 DAGs
[2025-06-03T13:34:16.463+0000] {logging_mixin.py:188} INFO - [2025-06-03T13:34:16.463+0000] {dag.py:3834} INFO - Setting next_dagrun for latest_only_with_trigger to 2025-06-03 08:00:00+00:00, run_after=2025-06-03 12:00:00+00:00
[2025-06-03T13:34:16.470+0000] {processor.py:183} INFO - Processing /home/airflow/.local/lib/python3.8/site-packages/airflow/example_dags/example_latest_only_with_trigger.py took 0.029 seconds
[2025-06-03T13:34:46.805+0000] {processor.py:161} INFO - Started process (PID=1983) to work on /home/airflow/.local/lib/python3.8/site-packages/airflow/example_dags/example_latest_only_with_trigger.py
[2025-06-03T13:34:46.805+0000] {processor.py:830} INFO - Processing file /home/airflow/.local/lib/python3.8/site-packages/airflow/example_dags/example_latest_only_with_trigger.py for tasks to queue
[2025-06-03T13:34:46.806+0000] {logging_mixin.py:188} INFO - [2025-06-03T13:34:46.806+0000] {dagbag.py:540} INFO - Filling up the DagBag from /home/airflow/.local/lib/python3.8/site-packages/airflow/example_dags/example_latest_only_with_trigger.py
[2025-06-03T13:34:46.809+0000] {processor.py:840} INFO - DAG(s) 'latest_only_with_trigger' retrieved from /home/airflow/.local/lib/python3.8/site-packages/airflow/example_dags/example_latest_only_with_trigger.py
[2025-06-03T13:34:46.819+0000] {logging_mixin.py:188} INFO - [2025-06-03T13:34:46.819+0000] {dag.py:3047} INFO - Sync 1 DAGs
[2025-06-03T13:34:46.829+0000] {logging_mixin.py:188} INFO - [2025-06-03T13:34:46.829+0000] {dag.py:3834} INFO - Setting next_dagrun for latest_only_with_trigger to 2025-06-03 08:00:00+00:00, run_after=2025-06-03 12:00:00+00:00
[2025-06-03T13:34:46.840+0000] {processor.py:183} INFO - Processing /home/airflow/.local/lib/python3.8/site-packages/airflow/example_dags/example_latest_only_with_trigger.py took 0.037 seconds
[2025-06-03T13:35:17.305+0000] {processor.py:161} INFO - Started process (PID=2038) to work on /home/airflow/.local/lib/python3.8/site-packages/airflow/example_dags/example_latest_only_with_trigger.py
[2025-06-03T13:35:17.306+0000] {processor.py:830} INFO - Processing file /home/airflow/.local/lib/python3.8/site-packages/airflow/example_dags/example_latest_only_with_trigger.py for tasks to queue
[2025-06-03T13:35:17.309+0000] {logging_mixin.py:188} INFO - [2025-06-03T13:35:17.309+0000] {dagbag.py:540} INFO - Filling up the DagBag from /home/airflow/.local/lib/python3.8/site-packages/airflow/example_dags/example_latest_only_with_trigger.py
[2025-06-03T13:35:17.313+0000] {processor.py:840} INFO - DAG(s) 'latest_only_with_trigger' retrieved from /home/airflow/.local/lib/python3.8/site-packages/airflow/example_dags/example_latest_only_with_trigger.py
[2025-06-03T13:35:17.326+0000] {logging_mixin.py:188} INFO - [2025-06-03T13:35:17.326+0000] {dag.py:3047} INFO - Sync 1 DAGs
[2025-06-03T13:35:17.337+0000] {logging_mixin.py:188} INFO - [2025-06-03T13:35:17.337+0000] {dag.py:3834} INFO - Setting next_dagrun for latest_only_with_trigger to 2025-06-03 08:00:00+00:00, run_after=2025-06-03 12:00:00+00:00
[2025-06-03T13:35:17.346+0000] {processor.py:183} INFO - Processing /home/airflow/.local/lib/python3.8/site-packages/airflow/example_dags/example_latest_only_with_trigger.py took 0.042 seconds
[2025-06-03T13:35:47.828+0000] {processor.py:161} INFO - Started process (PID=2093) to work on /home/airflow/.local/lib/python3.8/site-packages/airflow/example_dags/example_latest_only_with_trigger.py
[2025-06-03T13:35:47.828+0000] {processor.py:830} INFO - Processing file /home/airflow/.local/lib/python3.8/site-packages/airflow/example_dags/example_latest_only_with_trigger.py for tasks to queue
[2025-06-03T13:35:47.829+0000] {logging_mixin.py:188} INFO - [2025-06-03T13:35:47.829+0000] {dagbag.py:540} INFO - Filling up the DagBag from /home/airflow/.local/lib/python3.8/site-packages/airflow/example_dags/example_latest_only_with_trigger.py
[2025-06-03T13:35:47.831+0000] {processor.py:840} INFO - DAG(s) 'latest_only_with_trigger' retrieved from /home/airflow/.local/lib/python3.8/site-packages/airflow/example_dags/example_latest_only_with_trigger.py
[2025-06-03T13:35:47.840+0000] {logging_mixin.py:188} INFO - [2025-06-03T13:35:47.840+0000] {dag.py:3047} INFO - Sync 1 DAGs
[2025-06-03T13:35:47.850+0000] {logging_mixin.py:188} INFO - [2025-06-03T13:35:47.850+0000] {dag.py:3834} INFO - Setting next_dagrun for latest_only_with_trigger to 2025-06-03 08:00:00+00:00, run_after=2025-06-03 12:00:00+00:00
[2025-06-03T13:35:47.858+0000] {processor.py:183} INFO - Processing /home/airflow/.local/lib/python3.8/site-packages/airflow/example_dags/example_latest_only_with_trigger.py took 0.032 seconds
[2025-06-03T13:36:18.146+0000] {processor.py:161} INFO - Started process (PID=2148) to work on /home/airflow/.local/lib/python3.8/site-packages/airflow/example_dags/example_latest_only_with_trigger.py
[2025-06-03T13:36:18.147+0000] {processor.py:830} INFO - Processing file /home/airflow/.local/lib/python3.8/site-packages/airflow/example_dags/example_latest_only_with_trigger.py for tasks to queue
[2025-06-03T13:36:18.149+0000] {logging_mixin.py:188} INFO - [2025-06-03T13:36:18.148+0000] {dagbag.py:540} INFO - Filling up the DagBag from /home/airflow/.local/lib/python3.8/site-packages/airflow/example_dags/example_latest_only_with_trigger.py
[2025-06-03T13:36:18.151+0000] {processor.py:840} INFO - DAG(s) 'latest_only_with_trigger' retrieved from /home/airflow/.local/lib/python3.8/site-packages/airflow/example_dags/example_latest_only_with_trigger.py
[2025-06-03T13:36:18.159+0000] {logging_mixin.py:188} INFO - [2025-06-03T13:36:18.159+0000] {dag.py:3047} INFO - Sync 1 DAGs
[2025-06-03T13:36:18.166+0000] {logging_mixin.py:188} INFO - [2025-06-03T13:36:18.166+0000] {dag.py:3834} INFO - Setting next_dagrun for latest_only_with_trigger to 2025-06-03 08:00:00+00:00, run_after=2025-06-03 12:00:00+00:00
[2025-06-03T13:36:18.173+0000] {processor.py:183} INFO - Processing /home/airflow/.local/lib/python3.8/site-packages/airflow/example_dags/example_latest_only_with_trigger.py took 0.028 seconds
[2025-06-03T13:36:48.455+0000] {processor.py:161} INFO - Started process (PID=2203) to work on /home/airflow/.local/lib/python3.8/site-packages/airflow/example_dags/example_latest_only_with_trigger.py
[2025-06-03T13:36:48.458+0000] {processor.py:830} INFO - Processing file /home/airflow/.local/lib/python3.8/site-packages/airflow/example_dags/example_latest_only_with_trigger.py for tasks to queue
[2025-06-03T13:36:48.460+0000] {logging_mixin.py:188} INFO - [2025-06-03T13:36:48.459+0000] {dagbag.py:540} INFO - Filling up the DagBag from /home/airflow/.local/lib/python3.8/site-packages/airflow/example_dags/example_latest_only_with_trigger.py
[2025-06-03T13:36:48.465+0000] {processor.py:840} INFO - DAG(s) 'latest_only_with_trigger' retrieved from /home/airflow/.local/lib/python3.8/site-packages/airflow/example_dags/example_latest_only_with_trigger.py
[2025-06-03T13:36:48.479+0000] {logging_mixin.py:188} INFO - [2025-06-03T13:36:48.479+0000] {dag.py:3047} INFO - Sync 1 DAGs
[2025-06-03T13:36:48.491+0000] {logging_mixin.py:188} INFO - [2025-06-03T13:36:48.491+0000] {dag.py:3834} INFO - Setting next_dagrun for latest_only_with_trigger to 2025-06-03 08:00:00+00:00, run_after=2025-06-03 12:00:00+00:00
[2025-06-03T13:36:48.498+0000] {processor.py:183} INFO - Processing /home/airflow/.local/lib/python3.8/site-packages/airflow/example_dags/example_latest_only_with_trigger.py took 0.044 seconds
[2025-06-03T13:37:18.858+0000] {processor.py:161} INFO - Started process (PID=2258) to work on /home/airflow/.local/lib/python3.8/site-packages/airflow/example_dags/example_latest_only_with_trigger.py
[2025-06-03T13:37:18.858+0000] {processor.py:830} INFO - Processing file /home/airflow/.local/lib/python3.8/site-packages/airflow/example_dags/example_latest_only_with_trigger.py for tasks to queue
[2025-06-03T13:37:18.859+0000] {logging_mixin.py:188} INFO - [2025-06-03T13:37:18.859+0000] {dagbag.py:540} INFO - Filling up the DagBag from /home/airflow/.local/lib/python3.8/site-packages/airflow/example_dags/example_latest_only_with_trigger.py
[2025-06-03T13:37:18.861+0000] {processor.py:840} INFO - DAG(s) 'latest_only_with_trigger' retrieved from /home/airflow/.local/lib/python3.8/site-packages/airflow/example_dags/example_latest_only_with_trigger.py
[2025-06-03T13:37:18.870+0000] {logging_mixin.py:188} INFO - [2025-06-03T13:37:18.869+0000] {dag.py:3047} INFO - Sync 1 DAGs
[2025-06-03T13:37:18.878+0000] {logging_mixin.py:188} INFO - [2025-06-03T13:37:18.878+0000] {dag.py:3834} INFO - Setting next_dagrun for latest_only_with_trigger to 2025-06-03 08:00:00+00:00, run_after=2025-06-03 12:00:00+00:00
[2025-06-03T13:37:18.887+0000] {processor.py:183} INFO - Processing /home/airflow/.local/lib/python3.8/site-packages/airflow/example_dags/example_latest_only_with_trigger.py took 0.030 seconds
[2025-06-03T13:37:49.388+0000] {processor.py:161} INFO - Started process (PID=2313) to work on /home/airflow/.local/lib/python3.8/site-packages/airflow/example_dags/example_latest_only_with_trigger.py
[2025-06-03T13:37:49.389+0000] {processor.py:830} INFO - Processing file /home/airflow/.local/lib/python3.8/site-packages/airflow/example_dags/example_latest_only_with_trigger.py for tasks to queue
[2025-06-03T13:37:49.390+0000] {logging_mixin.py:188} INFO - [2025-06-03T13:37:49.390+0000] {dagbag.py:540} INFO - Filling up the DagBag from /home/airflow/.local/lib/python3.8/site-packages/airflow/example_dags/example_latest_only_with_trigger.py
[2025-06-03T13:37:49.393+0000] {processor.py:840} INFO - DAG(s) 'latest_only_with_trigger' retrieved from /home/airflow/.local/lib/python3.8/site-packages/airflow/example_dags/example_latest_only_with_trigger.py
[2025-06-03T13:37:49.404+0000] {logging_mixin.py:188} INFO - [2025-06-03T13:37:49.404+0000] {dag.py:3047} INFO - Sync 1 DAGs
[2025-06-03T13:37:49.415+0000] {logging_mixin.py:188} INFO - [2025-06-03T13:37:49.415+0000] {dag.py:3834} INFO - Setting next_dagrun for latest_only_with_trigger to 2025-06-03 08:00:00+00:00, run_after=2025-06-03 12:00:00+00:00
[2025-06-03T13:37:49.427+0000] {processor.py:183} INFO - Processing /home/airflow/.local/lib/python3.8/site-packages/airflow/example_dags/example_latest_only_with_trigger.py took 0.040 seconds
[2025-06-03T13:38:20.257+0000] {processor.py:161} INFO - Started process (PID=2368) to work on /home/airflow/.local/lib/python3.8/site-packages/airflow/example_dags/example_latest_only_with_trigger.py
[2025-06-03T13:38:20.258+0000] {processor.py:830} INFO - Processing file /home/airflow/.local/lib/python3.8/site-packages/airflow/example_dags/example_latest_only_with_trigger.py for tasks to queue
[2025-06-03T13:38:20.259+0000] {logging_mixin.py:188} INFO - [2025-06-03T13:38:20.259+0000] {dagbag.py:540} INFO - Filling up the DagBag from /home/airflow/.local/lib/python3.8/site-packages/airflow/example_dags/example_latest_only_with_trigger.py
[2025-06-03T13:38:20.262+0000] {processor.py:840} INFO - DAG(s) 'latest_only_with_trigger' retrieved from /home/airflow/.local/lib/python3.8/site-packages/airflow/example_dags/example_latest_only_with_trigger.py
[2025-06-03T13:38:20.280+0000] {logging_mixin.py:188} INFO - [2025-06-03T13:38:20.280+0000] {dag.py:3047} INFO - Sync 1 DAGs
[2025-06-03T13:38:20.291+0000] {logging_mixin.py:188} INFO - [2025-06-03T13:38:20.291+0000] {dag.py:3834} INFO - Setting next_dagrun for latest_only_with_trigger to 2025-06-03 08:00:00+00:00, run_after=2025-06-03 12:00:00+00:00
[2025-06-03T13:38:20.302+0000] {processor.py:183} INFO - Processing /home/airflow/.local/lib/python3.8/site-packages/airflow/example_dags/example_latest_only_with_trigger.py took 0.047 seconds
[2025-06-03T13:38:50.796+0000] {processor.py:161} INFO - Started process (PID=2423) to work on /home/airflow/.local/lib/python3.8/site-packages/airflow/example_dags/example_latest_only_with_trigger.py
[2025-06-03T13:38:50.797+0000] {processor.py:830} INFO - Processing file /home/airflow/.local/lib/python3.8/site-packages/airflow/example_dags/example_latest_only_with_trigger.py for tasks to queue
[2025-06-03T13:38:50.798+0000] {logging_mixin.py:188} INFO - [2025-06-03T13:38:50.798+0000] {dagbag.py:540} INFO - Filling up the DagBag from /home/airflow/.local/lib/python3.8/site-packages/airflow/example_dags/example_latest_only_with_trigger.py
[2025-06-03T13:38:50.801+0000] {processor.py:840} INFO - DAG(s) 'latest_only_with_trigger' retrieved from /home/airflow/.local/lib/python3.8/site-packages/airflow/example_dags/example_latest_only_with_trigger.py
[2025-06-03T13:38:50.815+0000] {logging_mixin.py:188} INFO - [2025-06-03T13:38:50.815+0000] {dag.py:3047} INFO - Sync 1 DAGs
[2025-06-03T13:38:50.826+0000] {logging_mixin.py:188} INFO - [2025-06-03T13:38:50.826+0000] {dag.py:3834} INFO - Setting next_dagrun for latest_only_with_trigger to 2025-06-03 08:00:00+00:00, run_after=2025-06-03 12:00:00+00:00
[2025-06-03T13:38:50.841+0000] {processor.py:183} INFO - Processing /home/airflow/.local/lib/python3.8/site-packages/airflow/example_dags/example_latest_only_with_trigger.py took 0.046 seconds
[2025-06-03T13:39:20.894+0000] {processor.py:161} INFO - Started process (PID=2478) to work on /home/airflow/.local/lib/python3.8/site-packages/airflow/example_dags/example_latest_only_with_trigger.py
[2025-06-03T13:39:20.895+0000] {processor.py:830} INFO - Processing file /home/airflow/.local/lib/python3.8/site-packages/airflow/example_dags/example_latest_only_with_trigger.py for tasks to queue
[2025-06-03T13:39:20.895+0000] {logging_mixin.py:188} INFO - [2025-06-03T13:39:20.895+0000] {dagbag.py:540} INFO - Filling up the DagBag from /home/airflow/.local/lib/python3.8/site-packages/airflow/example_dags/example_latest_only_with_trigger.py
[2025-06-03T13:39:20.898+0000] {processor.py:840} INFO - DAG(s) 'latest_only_with_trigger' retrieved from /home/airflow/.local/lib/python3.8/site-packages/airflow/example_dags/example_latest_only_with_trigger.py
[2025-06-03T13:39:20.911+0000] {logging_mixin.py:188} INFO - [2025-06-03T13:39:20.911+0000] {dag.py:3047} INFO - Sync 1 DAGs
[2025-06-03T13:39:20.921+0000] {logging_mixin.py:188} INFO - [2025-06-03T13:39:20.921+0000] {dag.py:3834} INFO - Setting next_dagrun for latest_only_with_trigger to 2025-06-03 08:00:00+00:00, run_after=2025-06-03 12:00:00+00:00
[2025-06-03T13:39:20.931+0000] {processor.py:183} INFO - Processing /home/airflow/.local/lib/python3.8/site-packages/airflow/example_dags/example_latest_only_with_trigger.py took 0.038 seconds
[2025-06-03T13:39:51.884+0000] {processor.py:161} INFO - Started process (PID=2533) to work on /home/airflow/.local/lib/python3.8/site-packages/airflow/example_dags/example_latest_only_with_trigger.py
[2025-06-03T13:39:51.888+0000] {processor.py:830} INFO - Processing file /home/airflow/.local/lib/python3.8/site-packages/airflow/example_dags/example_latest_only_with_trigger.py for tasks to queue
[2025-06-03T13:39:51.890+0000] {logging_mixin.py:188} INFO - [2025-06-03T13:39:51.890+0000] {dagbag.py:540} INFO - Filling up the DagBag from /home/airflow/.local/lib/python3.8/site-packages/airflow/example_dags/example_latest_only_with_trigger.py
[2025-06-03T13:39:51.896+0000] {processor.py:840} INFO - DAG(s) 'latest_only_with_trigger' retrieved from /home/airflow/.local/lib/python3.8/site-packages/airflow/example_dags/example_latest_only_with_trigger.py
[2025-06-03T13:39:51.911+0000] {logging_mixin.py:188} INFO - [2025-06-03T13:39:51.911+0000] {dag.py:3047} INFO - Sync 1 DAGs
[2025-06-03T13:39:51.926+0000] {logging_mixin.py:188} INFO - [2025-06-03T13:39:51.925+0000] {dag.py:3834} INFO - Setting next_dagrun for latest_only_with_trigger to 2025-06-03 08:00:00+00:00, run_after=2025-06-03 12:00:00+00:00
[2025-06-03T13:39:51.937+0000] {processor.py:183} INFO - Processing /home/airflow/.local/lib/python3.8/site-packages/airflow/example_dags/example_latest_only_with_trigger.py took 0.056 seconds
[2025-06-03T13:40:22.637+0000] {processor.py:161} INFO - Started process (PID=2589) to work on /home/airflow/.local/lib/python3.8/site-packages/airflow/example_dags/example_latest_only_with_trigger.py
[2025-06-03T13:40:22.638+0000] {processor.py:830} INFO - Processing file /home/airflow/.local/lib/python3.8/site-packages/airflow/example_dags/example_latest_only_with_trigger.py for tasks to queue
[2025-06-03T13:40:22.642+0000] {logging_mixin.py:188} INFO - [2025-06-03T13:40:22.642+0000] {dagbag.py:540} INFO - Filling up the DagBag from /home/airflow/.local/lib/python3.8/site-packages/airflow/example_dags/example_latest_only_with_trigger.py
[2025-06-03T13:40:22.650+0000] {processor.py:840} INFO - DAG(s) 'latest_only_with_trigger' retrieved from /home/airflow/.local/lib/python3.8/site-packages/airflow/example_dags/example_latest_only_with_trigger.py
[2025-06-03T13:40:22.674+0000] {logging_mixin.py:188} INFO - [2025-06-03T13:40:22.674+0000] {dag.py:3047} INFO - Sync 1 DAGs
[2025-06-03T13:40:22.692+0000] {logging_mixin.py:188} INFO - [2025-06-03T13:40:22.691+0000] {dag.py:3834} INFO - Setting next_dagrun for latest_only_with_trigger to 2025-06-03 08:00:00+00:00, run_after=2025-06-03 12:00:00+00:00
[2025-06-03T13:40:22.704+0000] {processor.py:183} INFO - Processing /home/airflow/.local/lib/python3.8/site-packages/airflow/example_dags/example_latest_only_with_trigger.py took 0.071 seconds
