[2025-06-03T13:16:57.281+0000] {processor.py:161} INFO - Started process (PID=44) to work on /home/airflow/.local/lib/python3.8/site-packages/airflow/example_dags/example_trigger_controller_dag.py
[2025-06-03T13:16:57.281+0000] {processor.py:830} INFO - Processing file /home/airflow/.local/lib/python3.8/site-packages/airflow/example_dags/example_trigger_controller_dag.py for tasks to queue
[2025-06-03T13:16:57.282+0000] {logging_mixin.py:188} INFO - [2025-06-03T13:16:57.282+0000] {dagbag.py:540} INFO - Filling up the DagBag from /home/airflow/.local/lib/python3.8/site-packages/airflow/example_dags/example_trigger_controller_dag.py
[2025-06-03T13:16:57.286+0000] {processor.py:840} INFO - DAG(s) 'example_trigger_controller_dag' retrieved from /home/airflow/.local/lib/python3.8/site-packages/airflow/example_dags/example_trigger_controller_dag.py
[2025-06-03T13:16:57.298+0000] {logging_mixin.py:188} INFO - [2025-06-03T13:16:57.298+0000] {dag.py:3047} INFO - Sync 1 DAGs
[2025-06-03T13:16:57.318+0000] {logging_mixin.py:188} INFO - [2025-06-03T13:16:57.318+0000] {dag.py:3834} INFO - Setting next_dagrun for example_trigger_controller_dag to 2021-01-01 00:00:00+00:00, run_after=2021-01-01 00:00:00+00:00
[2025-06-03T13:16:57.342+0000] {processor.py:183} INFO - Processing /home/airflow/.local/lib/python3.8/site-packages/airflow/example_dags/example_trigger_controller_dag.py took 0.063 seconds
[2025-06-03T13:17:27.763+0000] {processor.py:161} INFO - Started process (PID=99) to work on /home/airflow/.local/lib/python3.8/site-packages/airflow/example_dags/example_trigger_controller_dag.py
[2025-06-03T13:17:27.766+0000] {processor.py:830} INFO - Processing file /home/airflow/.local/lib/python3.8/site-packages/airflow/example_dags/example_trigger_controller_dag.py for tasks to queue
[2025-06-03T13:17:27.766+0000] {logging_mixin.py:188} INFO - [2025-06-03T13:17:27.766+0000] {dagbag.py:540} INFO - Filling up the DagBag from /home/airflow/.local/lib/python3.8/site-packages/airflow/example_dags/example_trigger_controller_dag.py
[2025-06-03T13:17:27.769+0000] {processor.py:840} INFO - DAG(s) 'example_trigger_controller_dag' retrieved from /home/airflow/.local/lib/python3.8/site-packages/airflow/example_dags/example_trigger_controller_dag.py
[2025-06-03T13:17:27.813+0000] {logging_mixin.py:188} INFO - [2025-06-03T13:17:27.813+0000] {dag.py:3047} INFO - Sync 1 DAGs
[2025-06-03T13:17:27.825+0000] {logging_mixin.py:188} INFO - [2025-06-03T13:17:27.825+0000] {dag.py:3834} INFO - Setting next_dagrun for example_trigger_controller_dag to 2021-01-01 00:00:00+00:00, run_after=2021-01-01 00:00:00+00:00
[2025-06-03T13:17:27.833+0000] {processor.py:183} INFO - Processing /home/airflow/.local/lib/python3.8/site-packages/airflow/example_dags/example_trigger_controller_dag.py took 0.071 seconds
[2025-06-03T13:17:58.024+0000] {processor.py:161} INFO - Started process (PID=154) to work on /home/airflow/.local/lib/python3.8/site-packages/airflow/example_dags/example_trigger_controller_dag.py
[2025-06-03T13:17:58.027+0000] {processor.py:830} INFO - Processing file /home/airflow/.local/lib/python3.8/site-packages/airflow/example_dags/example_trigger_controller_dag.py for tasks to queue
[2025-06-03T13:17:58.028+0000] {logging_mixin.py:188} INFO - [2025-06-03T13:17:58.028+0000] {dagbag.py:540} INFO - Filling up the DagBag from /home/airflow/.local/lib/python3.8/site-packages/airflow/example_dags/example_trigger_controller_dag.py
[2025-06-03T13:17:58.030+0000] {processor.py:840} INFO - DAG(s) 'example_trigger_controller_dag' retrieved from /home/airflow/.local/lib/python3.8/site-packages/airflow/example_dags/example_trigger_controller_dag.py
[2025-06-03T13:17:58.037+0000] {logging_mixin.py:188} INFO - [2025-06-03T13:17:58.037+0000] {dag.py:3047} INFO - Sync 1 DAGs
[2025-06-03T13:17:58.046+0000] {logging_mixin.py:188} INFO - [2025-06-03T13:17:58.046+0000] {dag.py:3834} INFO - Setting next_dagrun for example_trigger_controller_dag to 2021-01-01 00:00:00+00:00, run_after=2021-01-01 00:00:00+00:00
[2025-06-03T13:17:58.052+0000] {processor.py:183} INFO - Processing /home/airflow/.local/lib/python3.8/site-packages/airflow/example_dags/example_trigger_controller_dag.py took 0.029 seconds
[2025-06-03T13:18:28.561+0000] {processor.py:161} INFO - Started process (PID=209) to work on /home/airflow/.local/lib/python3.8/site-packages/airflow/example_dags/example_trigger_controller_dag.py
[2025-06-03T13:18:28.564+0000] {processor.py:830} INFO - Processing file /home/airflow/.local/lib/python3.8/site-packages/airflow/example_dags/example_trigger_controller_dag.py for tasks to queue
[2025-06-03T13:18:28.566+0000] {logging_mixin.py:188} INFO - [2025-06-03T13:18:28.565+0000] {dagbag.py:540} INFO - Filling up the DagBag from /home/airflow/.local/lib/python3.8/site-packages/airflow/example_dags/example_trigger_controller_dag.py
[2025-06-03T13:18:28.569+0000] {processor.py:840} INFO - DAG(s) 'example_trigger_controller_dag' retrieved from /home/airflow/.local/lib/python3.8/site-packages/airflow/example_dags/example_trigger_controller_dag.py
[2025-06-03T13:18:28.580+0000] {logging_mixin.py:188} INFO - [2025-06-03T13:18:28.580+0000] {dag.py:3047} INFO - Sync 1 DAGs
[2025-06-03T13:18:28.590+0000] {logging_mixin.py:188} INFO - [2025-06-03T13:18:28.590+0000] {dag.py:3834} INFO - Setting next_dagrun for example_trigger_controller_dag to 2021-01-01 00:00:00+00:00, run_after=2021-01-01 00:00:00+00:00
[2025-06-03T13:18:28.600+0000] {processor.py:183} INFO - Processing /home/airflow/.local/lib/python3.8/site-packages/airflow/example_dags/example_trigger_controller_dag.py took 0.040 seconds
[2025-06-03T13:18:59.233+0000] {processor.py:161} INFO - Started process (PID=270) to work on /home/airflow/.local/lib/python3.8/site-packages/airflow/example_dags/example_trigger_controller_dag.py
[2025-06-03T13:18:59.237+0000] {processor.py:830} INFO - Processing file /home/airflow/.local/lib/python3.8/site-packages/airflow/example_dags/example_trigger_controller_dag.py for tasks to queue
[2025-06-03T13:18:59.238+0000] {logging_mixin.py:188} INFO - [2025-06-03T13:18:59.238+0000] {dagbag.py:540} INFO - Filling up the DagBag from /home/airflow/.local/lib/python3.8/site-packages/airflow/example_dags/example_trigger_controller_dag.py
[2025-06-03T13:18:59.240+0000] {processor.py:840} INFO - DAG(s) 'example_trigger_controller_dag' retrieved from /home/airflow/.local/lib/python3.8/site-packages/airflow/example_dags/example_trigger_controller_dag.py
[2025-06-03T13:18:59.249+0000] {logging_mixin.py:188} INFO - [2025-06-03T13:18:59.249+0000] {dag.py:3047} INFO - Sync 1 DAGs
[2025-06-03T13:18:59.259+0000] {logging_mixin.py:188} INFO - [2025-06-03T13:18:59.258+0000] {dag.py:3834} INFO - Setting next_dagrun for example_trigger_controller_dag to 2021-01-01 00:00:00+00:00, run_after=2021-01-01 00:00:00+00:00
[2025-06-03T13:18:59.266+0000] {processor.py:183} INFO - Processing /home/airflow/.local/lib/python3.8/site-packages/airflow/example_dags/example_trigger_controller_dag.py took 0.034 seconds
[2025-06-03T13:19:29.752+0000] {processor.py:161} INFO - Started process (PID=325) to work on /home/airflow/.local/lib/python3.8/site-packages/airflow/example_dags/example_trigger_controller_dag.py
[2025-06-03T13:19:29.754+0000] {processor.py:830} INFO - Processing file /home/airflow/.local/lib/python3.8/site-packages/airflow/example_dags/example_trigger_controller_dag.py for tasks to queue
[2025-06-03T13:19:29.761+0000] {logging_mixin.py:188} INFO - [2025-06-03T13:19:29.761+0000] {dagbag.py:540} INFO - Filling up the DagBag from /home/airflow/.local/lib/python3.8/site-packages/airflow/example_dags/example_trigger_controller_dag.py
[2025-06-03T13:19:29.767+0000] {processor.py:840} INFO - DAG(s) 'example_trigger_controller_dag' retrieved from /home/airflow/.local/lib/python3.8/site-packages/airflow/example_dags/example_trigger_controller_dag.py
[2025-06-03T13:19:29.790+0000] {logging_mixin.py:188} INFO - [2025-06-03T13:19:29.790+0000] {dag.py:3047} INFO - Sync 1 DAGs
[2025-06-03T13:19:29.803+0000] {logging_mixin.py:188} INFO - [2025-06-03T13:19:29.803+0000] {dag.py:3834} INFO - Setting next_dagrun for example_trigger_controller_dag to 2021-01-01 00:00:00+00:00, run_after=2021-01-01 00:00:00+00:00
[2025-06-03T13:19:29.816+0000] {processor.py:183} INFO - Processing /home/airflow/.local/lib/python3.8/site-packages/airflow/example_dags/example_trigger_controller_dag.py took 0.067 seconds
[2025-06-03T13:20:00.414+0000] {processor.py:161} INFO - Started process (PID=380) to work on /home/airflow/.local/lib/python3.8/site-packages/airflow/example_dags/example_trigger_controller_dag.py
[2025-06-03T13:20:00.414+0000] {processor.py:830} INFO - Processing file /home/airflow/.local/lib/python3.8/site-packages/airflow/example_dags/example_trigger_controller_dag.py for tasks to queue
[2025-06-03T13:20:00.415+0000] {logging_mixin.py:188} INFO - [2025-06-03T13:20:00.415+0000] {dagbag.py:540} INFO - Filling up the DagBag from /home/airflow/.local/lib/python3.8/site-packages/airflow/example_dags/example_trigger_controller_dag.py
[2025-06-03T13:20:00.417+0000] {processor.py:840} INFO - DAG(s) 'example_trigger_controller_dag' retrieved from /home/airflow/.local/lib/python3.8/site-packages/airflow/example_dags/example_trigger_controller_dag.py
[2025-06-03T13:20:00.425+0000] {logging_mixin.py:188} INFO - [2025-06-03T13:20:00.425+0000] {dag.py:3047} INFO - Sync 1 DAGs
[2025-06-03T13:20:00.432+0000] {logging_mixin.py:188} INFO - [2025-06-03T13:20:00.432+0000] {dag.py:3834} INFO - Setting next_dagrun for example_trigger_controller_dag to 2021-01-01 00:00:00+00:00, run_after=2021-01-01 00:00:00+00:00
[2025-06-03T13:20:00.438+0000] {processor.py:183} INFO - Processing /home/airflow/.local/lib/python3.8/site-packages/airflow/example_dags/example_trigger_controller_dag.py took 0.025 seconds
[2025-06-03T13:20:31.203+0000] {processor.py:161} INFO - Started process (PID=435) to work on /home/airflow/.local/lib/python3.8/site-packages/airflow/example_dags/example_trigger_controller_dag.py
[2025-06-03T13:20:31.204+0000] {processor.py:830} INFO - Processing file /home/airflow/.local/lib/python3.8/site-packages/airflow/example_dags/example_trigger_controller_dag.py for tasks to queue
[2025-06-03T13:20:31.205+0000] {logging_mixin.py:188} INFO - [2025-06-03T13:20:31.204+0000] {dagbag.py:540} INFO - Filling up the DagBag from /home/airflow/.local/lib/python3.8/site-packages/airflow/example_dags/example_trigger_controller_dag.py
[2025-06-03T13:20:31.206+0000] {processor.py:840} INFO - DAG(s) 'example_trigger_controller_dag' retrieved from /home/airflow/.local/lib/python3.8/site-packages/airflow/example_dags/example_trigger_controller_dag.py
[2025-06-03T13:20:31.218+0000] {logging_mixin.py:188} INFO - [2025-06-03T13:20:31.218+0000] {dag.py:3047} INFO - Sync 1 DAGs
[2025-06-03T13:20:31.227+0000] {logging_mixin.py:188} INFO - [2025-06-03T13:20:31.227+0000] {dag.py:3834} INFO - Setting next_dagrun for example_trigger_controller_dag to 2021-01-01 00:00:00+00:00, run_after=2021-01-01 00:00:00+00:00
[2025-06-03T13:20:31.234+0000] {processor.py:183} INFO - Processing /home/airflow/.local/lib/python3.8/site-packages/airflow/example_dags/example_trigger_controller_dag.py took 0.033 seconds
[2025-06-03T13:21:01.959+0000] {processor.py:161} INFO - Started process (PID=490) to work on /home/airflow/.local/lib/python3.8/site-packages/airflow/example_dags/example_trigger_controller_dag.py
[2025-06-03T13:21:01.960+0000] {processor.py:830} INFO - Processing file /home/airflow/.local/lib/python3.8/site-packages/airflow/example_dags/example_trigger_controller_dag.py for tasks to queue
[2025-06-03T13:21:01.962+0000] {logging_mixin.py:188} INFO - [2025-06-03T13:21:01.961+0000] {dagbag.py:540} INFO - Filling up the DagBag from /home/airflow/.local/lib/python3.8/site-packages/airflow/example_dags/example_trigger_controller_dag.py
[2025-06-03T13:21:01.965+0000] {processor.py:840} INFO - DAG(s) 'example_trigger_controller_dag' retrieved from /home/airflow/.local/lib/python3.8/site-packages/airflow/example_dags/example_trigger_controller_dag.py
[2025-06-03T13:21:01.976+0000] {logging_mixin.py:188} INFO - [2025-06-03T13:21:01.975+0000] {dag.py:3047} INFO - Sync 1 DAGs
[2025-06-03T13:21:01.984+0000] {logging_mixin.py:188} INFO - [2025-06-03T13:21:01.984+0000] {dag.py:3834} INFO - Setting next_dagrun for example_trigger_controller_dag to 2021-01-01 00:00:00+00:00, run_after=2021-01-01 00:00:00+00:00
[2025-06-03T13:21:01.992+0000] {processor.py:183} INFO - Processing /home/airflow/.local/lib/python3.8/site-packages/airflow/example_dags/example_trigger_controller_dag.py took 0.035 seconds
[2025-06-03T13:21:32.824+0000] {processor.py:161} INFO - Started process (PID=545) to work on /home/airflow/.local/lib/python3.8/site-packages/airflow/example_dags/example_trigger_controller_dag.py
[2025-06-03T13:21:32.825+0000] {processor.py:830} INFO - Processing file /home/airflow/.local/lib/python3.8/site-packages/airflow/example_dags/example_trigger_controller_dag.py for tasks to queue
[2025-06-03T13:21:32.828+0000] {logging_mixin.py:188} INFO - [2025-06-03T13:21:32.828+0000] {dagbag.py:540} INFO - Filling up the DagBag from /home/airflow/.local/lib/python3.8/site-packages/airflow/example_dags/example_trigger_controller_dag.py
[2025-06-03T13:21:32.830+0000] {processor.py:840} INFO - DAG(s) 'example_trigger_controller_dag' retrieved from /home/airflow/.local/lib/python3.8/site-packages/airflow/example_dags/example_trigger_controller_dag.py
[2025-06-03T13:21:32.837+0000] {logging_mixin.py:188} INFO - [2025-06-03T13:21:32.837+0000] {dag.py:3047} INFO - Sync 1 DAGs
[2025-06-03T13:21:32.847+0000] {logging_mixin.py:188} INFO - [2025-06-03T13:21:32.847+0000] {dag.py:3834} INFO - Setting next_dagrun for example_trigger_controller_dag to 2021-01-01 00:00:00+00:00, run_after=2021-01-01 00:00:00+00:00
[2025-06-03T13:21:32.853+0000] {processor.py:183} INFO - Processing /home/airflow/.local/lib/python3.8/site-packages/airflow/example_dags/example_trigger_controller_dag.py took 0.030 seconds
[2025-06-03T13:22:03.770+0000] {processor.py:161} INFO - Started process (PID=600) to work on /home/airflow/.local/lib/python3.8/site-packages/airflow/example_dags/example_trigger_controller_dag.py
[2025-06-03T13:22:03.771+0000] {processor.py:830} INFO - Processing file /home/airflow/.local/lib/python3.8/site-packages/airflow/example_dags/example_trigger_controller_dag.py for tasks to queue
[2025-06-03T13:22:03.773+0000] {logging_mixin.py:188} INFO - [2025-06-03T13:22:03.773+0000] {dagbag.py:540} INFO - Filling up the DagBag from /home/airflow/.local/lib/python3.8/site-packages/airflow/example_dags/example_trigger_controller_dag.py
[2025-06-03T13:22:03.775+0000] {processor.py:840} INFO - DAG(s) 'example_trigger_controller_dag' retrieved from /home/airflow/.local/lib/python3.8/site-packages/airflow/example_dags/example_trigger_controller_dag.py
[2025-06-03T13:22:03.793+0000] {logging_mixin.py:188} INFO - [2025-06-03T13:22:03.793+0000] {dag.py:3047} INFO - Sync 1 DAGs
[2025-06-03T13:22:03.803+0000] {logging_mixin.py:188} INFO - [2025-06-03T13:22:03.803+0000] {dag.py:3834} INFO - Setting next_dagrun for example_trigger_controller_dag to 2021-01-01 00:00:00+00:00, run_after=2021-01-01 00:00:00+00:00
[2025-06-03T13:22:03.811+0000] {processor.py:183} INFO - Processing /home/airflow/.local/lib/python3.8/site-packages/airflow/example_dags/example_trigger_controller_dag.py took 0.046 seconds
[2025-06-03T13:22:34.781+0000] {processor.py:161} INFO - Started process (PID=655) to work on /home/airflow/.local/lib/python3.8/site-packages/airflow/example_dags/example_trigger_controller_dag.py
[2025-06-03T13:22:34.782+0000] {processor.py:830} INFO - Processing file /home/airflow/.local/lib/python3.8/site-packages/airflow/example_dags/example_trigger_controller_dag.py for tasks to queue
[2025-06-03T13:22:34.783+0000] {logging_mixin.py:188} INFO - [2025-06-03T13:22:34.783+0000] {dagbag.py:540} INFO - Filling up the DagBag from /home/airflow/.local/lib/python3.8/site-packages/airflow/example_dags/example_trigger_controller_dag.py
[2025-06-03T13:22:34.785+0000] {processor.py:840} INFO - DAG(s) 'example_trigger_controller_dag' retrieved from /home/airflow/.local/lib/python3.8/site-packages/airflow/example_dags/example_trigger_controller_dag.py
[2025-06-03T13:22:34.795+0000] {logging_mixin.py:188} INFO - [2025-06-03T13:22:34.795+0000] {dag.py:3047} INFO - Sync 1 DAGs
[2025-06-03T13:22:34.804+0000] {logging_mixin.py:188} INFO - [2025-06-03T13:22:34.804+0000] {dag.py:3834} INFO - Setting next_dagrun for example_trigger_controller_dag to 2021-01-01 00:00:00+00:00, run_after=2021-01-01 00:00:00+00:00
[2025-06-03T13:22:34.812+0000] {processor.py:183} INFO - Processing /home/airflow/.local/lib/python3.8/site-packages/airflow/example_dags/example_trigger_controller_dag.py took 0.033 seconds
[2025-06-03T13:23:05.561+0000] {processor.py:161} INFO - Started process (PID=710) to work on /home/airflow/.local/lib/python3.8/site-packages/airflow/example_dags/example_trigger_controller_dag.py
[2025-06-03T13:23:05.562+0000] {processor.py:830} INFO - Processing file /home/airflow/.local/lib/python3.8/site-packages/airflow/example_dags/example_trigger_controller_dag.py for tasks to queue
[2025-06-03T13:23:05.563+0000] {logging_mixin.py:188} INFO - [2025-06-03T13:23:05.563+0000] {dagbag.py:540} INFO - Filling up the DagBag from /home/airflow/.local/lib/python3.8/site-packages/airflow/example_dags/example_trigger_controller_dag.py
[2025-06-03T13:23:05.565+0000] {processor.py:840} INFO - DAG(s) 'example_trigger_controller_dag' retrieved from /home/airflow/.local/lib/python3.8/site-packages/airflow/example_dags/example_trigger_controller_dag.py
[2025-06-03T13:23:05.574+0000] {logging_mixin.py:188} INFO - [2025-06-03T13:23:05.573+0000] {dag.py:3047} INFO - Sync 1 DAGs
[2025-06-03T13:23:05.592+0000] {logging_mixin.py:188} INFO - [2025-06-03T13:23:05.592+0000] {dag.py:3834} INFO - Setting next_dagrun for example_trigger_controller_dag to 2021-01-01 00:00:00+00:00, run_after=2021-01-01 00:00:00+00:00
[2025-06-03T13:23:05.601+0000] {processor.py:183} INFO - Processing /home/airflow/.local/lib/python3.8/site-packages/airflow/example_dags/example_trigger_controller_dag.py took 0.042 seconds
[2025-06-03T13:23:36.580+0000] {processor.py:161} INFO - Started process (PID=765) to work on /home/airflow/.local/lib/python3.8/site-packages/airflow/example_dags/example_trigger_controller_dag.py
[2025-06-03T13:23:36.581+0000] {processor.py:830} INFO - Processing file /home/airflow/.local/lib/python3.8/site-packages/airflow/example_dags/example_trigger_controller_dag.py for tasks to queue
[2025-06-03T13:23:36.582+0000] {logging_mixin.py:188} INFO - [2025-06-03T13:23:36.582+0000] {dagbag.py:540} INFO - Filling up the DagBag from /home/airflow/.local/lib/python3.8/site-packages/airflow/example_dags/example_trigger_controller_dag.py
[2025-06-03T13:23:36.584+0000] {processor.py:840} INFO - DAG(s) 'example_trigger_controller_dag' retrieved from /home/airflow/.local/lib/python3.8/site-packages/airflow/example_dags/example_trigger_controller_dag.py
[2025-06-03T13:23:36.596+0000] {logging_mixin.py:188} INFO - [2025-06-03T13:23:36.596+0000] {dag.py:3047} INFO - Sync 1 DAGs
[2025-06-03T13:23:36.606+0000] {logging_mixin.py:188} INFO - [2025-06-03T13:23:36.606+0000] {dag.py:3834} INFO - Setting next_dagrun for example_trigger_controller_dag to 2021-01-01 00:00:00+00:00, run_after=2021-01-01 00:00:00+00:00
[2025-06-03T13:23:36.613+0000] {processor.py:183} INFO - Processing /home/airflow/.local/lib/python3.8/site-packages/airflow/example_dags/example_trigger_controller_dag.py took 0.034 seconds
[2025-06-03T13:24:06.848+0000] {processor.py:161} INFO - Started process (PID=820) to work on /home/airflow/.local/lib/python3.8/site-packages/airflow/example_dags/example_trigger_controller_dag.py
[2025-06-03T13:24:06.849+0000] {processor.py:830} INFO - Processing file /home/airflow/.local/lib/python3.8/site-packages/airflow/example_dags/example_trigger_controller_dag.py for tasks to queue
[2025-06-03T13:24:06.849+0000] {logging_mixin.py:188} INFO - [2025-06-03T13:24:06.849+0000] {dagbag.py:540} INFO - Filling up the DagBag from /home/airflow/.local/lib/python3.8/site-packages/airflow/example_dags/example_trigger_controller_dag.py
[2025-06-03T13:24:06.852+0000] {processor.py:840} INFO - DAG(s) 'example_trigger_controller_dag' retrieved from /home/airflow/.local/lib/python3.8/site-packages/airflow/example_dags/example_trigger_controller_dag.py
[2025-06-03T13:24:06.861+0000] {logging_mixin.py:188} INFO - [2025-06-03T13:24:06.860+0000] {dag.py:3047} INFO - Sync 1 DAGs
[2025-06-03T13:24:06.871+0000] {logging_mixin.py:188} INFO - [2025-06-03T13:24:06.871+0000] {dag.py:3834} INFO - Setting next_dagrun for example_trigger_controller_dag to 2021-01-01 00:00:00+00:00, run_after=2021-01-01 00:00:00+00:00
[2025-06-03T13:24:06.879+0000] {processor.py:183} INFO - Processing /home/airflow/.local/lib/python3.8/site-packages/airflow/example_dags/example_trigger_controller_dag.py took 0.033 seconds
[2025-06-03T13:24:37.737+0000] {processor.py:161} INFO - Started process (PID=875) to work on /home/airflow/.local/lib/python3.8/site-packages/airflow/example_dags/example_trigger_controller_dag.py
[2025-06-03T13:24:37.738+0000] {processor.py:830} INFO - Processing file /home/airflow/.local/lib/python3.8/site-packages/airflow/example_dags/example_trigger_controller_dag.py for tasks to queue
[2025-06-03T13:24:37.739+0000] {logging_mixin.py:188} INFO - [2025-06-03T13:24:37.739+0000] {dagbag.py:540} INFO - Filling up the DagBag from /home/airflow/.local/lib/python3.8/site-packages/airflow/example_dags/example_trigger_controller_dag.py
[2025-06-03T13:24:37.742+0000] {processor.py:840} INFO - DAG(s) 'example_trigger_controller_dag' retrieved from /home/airflow/.local/lib/python3.8/site-packages/airflow/example_dags/example_trigger_controller_dag.py
[2025-06-03T13:24:37.756+0000] {logging_mixin.py:188} INFO - [2025-06-03T13:24:37.756+0000] {dag.py:3047} INFO - Sync 1 DAGs
[2025-06-03T13:24:37.768+0000] {logging_mixin.py:188} INFO - [2025-06-03T13:24:37.768+0000] {dag.py:3834} INFO - Setting next_dagrun for example_trigger_controller_dag to 2021-01-01 00:00:00+00:00, run_after=2021-01-01 00:00:00+00:00
[2025-06-03T13:24:37.779+0000] {processor.py:183} INFO - Processing /home/airflow/.local/lib/python3.8/site-packages/airflow/example_dags/example_trigger_controller_dag.py took 0.044 seconds
[2025-06-03T13:25:08.311+0000] {processor.py:161} INFO - Started process (PID=930) to work on /home/airflow/.local/lib/python3.8/site-packages/airflow/example_dags/example_trigger_controller_dag.py
[2025-06-03T13:25:08.313+0000] {processor.py:830} INFO - Processing file /home/airflow/.local/lib/python3.8/site-packages/airflow/example_dags/example_trigger_controller_dag.py for tasks to queue
[2025-06-03T13:25:08.314+0000] {logging_mixin.py:188} INFO - [2025-06-03T13:25:08.314+0000] {dagbag.py:540} INFO - Filling up the DagBag from /home/airflow/.local/lib/python3.8/site-packages/airflow/example_dags/example_trigger_controller_dag.py
[2025-06-03T13:25:08.317+0000] {processor.py:840} INFO - DAG(s) 'example_trigger_controller_dag' retrieved from /home/airflow/.local/lib/python3.8/site-packages/airflow/example_dags/example_trigger_controller_dag.py
[2025-06-03T13:25:08.327+0000] {logging_mixin.py:188} INFO - [2025-06-03T13:25:08.327+0000] {dag.py:3047} INFO - Sync 1 DAGs
[2025-06-03T13:25:08.340+0000] {logging_mixin.py:188} INFO - [2025-06-03T13:25:08.340+0000] {dag.py:3834} INFO - Setting next_dagrun for example_trigger_controller_dag to 2021-01-01 00:00:00+00:00, run_after=2021-01-01 00:00:00+00:00
[2025-06-03T13:25:08.346+0000] {processor.py:183} INFO - Processing /home/airflow/.local/lib/python3.8/site-packages/airflow/example_dags/example_trigger_controller_dag.py took 0.037 seconds
[2025-06-03T13:25:38.733+0000] {processor.py:161} INFO - Started process (PID=985) to work on /home/airflow/.local/lib/python3.8/site-packages/airflow/example_dags/example_trigger_controller_dag.py
[2025-06-03T13:25:38.735+0000] {processor.py:830} INFO - Processing file /home/airflow/.local/lib/python3.8/site-packages/airflow/example_dags/example_trigger_controller_dag.py for tasks to queue
[2025-06-03T13:25:38.736+0000] {logging_mixin.py:188} INFO - [2025-06-03T13:25:38.736+0000] {dagbag.py:540} INFO - Filling up the DagBag from /home/airflow/.local/lib/python3.8/site-packages/airflow/example_dags/example_trigger_controller_dag.py
[2025-06-03T13:25:38.740+0000] {processor.py:840} INFO - DAG(s) 'example_trigger_controller_dag' retrieved from /home/airflow/.local/lib/python3.8/site-packages/airflow/example_dags/example_trigger_controller_dag.py
[2025-06-03T13:25:38.768+0000] {logging_mixin.py:188} INFO - [2025-06-03T13:25:38.768+0000] {dag.py:3047} INFO - Sync 1 DAGs
[2025-06-03T13:25:38.801+0000] {logging_mixin.py:188} INFO - [2025-06-03T13:25:38.801+0000] {dag.py:3834} INFO - Setting next_dagrun for example_trigger_controller_dag to 2021-01-01 00:00:00+00:00, run_after=2021-01-01 00:00:00+00:00
[2025-06-03T13:25:38.814+0000] {processor.py:183} INFO - Processing /home/airflow/.local/lib/python3.8/site-packages/airflow/example_dags/example_trigger_controller_dag.py took 0.084 seconds
[2025-06-03T13:26:08.903+0000] {processor.py:161} INFO - Started process (PID=1040) to work on /home/airflow/.local/lib/python3.8/site-packages/airflow/example_dags/example_trigger_controller_dag.py
[2025-06-03T13:26:08.906+0000] {processor.py:830} INFO - Processing file /home/airflow/.local/lib/python3.8/site-packages/airflow/example_dags/example_trigger_controller_dag.py for tasks to queue
[2025-06-03T13:26:08.907+0000] {logging_mixin.py:188} INFO - [2025-06-03T13:26:08.907+0000] {dagbag.py:540} INFO - Filling up the DagBag from /home/airflow/.local/lib/python3.8/site-packages/airflow/example_dags/example_trigger_controller_dag.py
[2025-06-03T13:26:08.910+0000] {processor.py:840} INFO - DAG(s) 'example_trigger_controller_dag' retrieved from /home/airflow/.local/lib/python3.8/site-packages/airflow/example_dags/example_trigger_controller_dag.py
[2025-06-03T13:26:08.918+0000] {logging_mixin.py:188} INFO - [2025-06-03T13:26:08.918+0000] {dag.py:3047} INFO - Sync 1 DAGs
[2025-06-03T13:26:08.930+0000] {logging_mixin.py:188} INFO - [2025-06-03T13:26:08.930+0000] {dag.py:3834} INFO - Setting next_dagrun for example_trigger_controller_dag to 2021-01-01 00:00:00+00:00, run_after=2021-01-01 00:00:00+00:00
[2025-06-03T13:26:08.938+0000] {processor.py:183} INFO - Processing /home/airflow/.local/lib/python3.8/site-packages/airflow/example_dags/example_trigger_controller_dag.py took 0.036 seconds
[2025-06-03T13:26:39.339+0000] {processor.py:161} INFO - Started process (PID=1095) to work on /home/airflow/.local/lib/python3.8/site-packages/airflow/example_dags/example_trigger_controller_dag.py
[2025-06-03T13:26:39.340+0000] {processor.py:830} INFO - Processing file /home/airflow/.local/lib/python3.8/site-packages/airflow/example_dags/example_trigger_controller_dag.py for tasks to queue
[2025-06-03T13:26:39.341+0000] {logging_mixin.py:188} INFO - [2025-06-03T13:26:39.341+0000] {dagbag.py:540} INFO - Filling up the DagBag from /home/airflow/.local/lib/python3.8/site-packages/airflow/example_dags/example_trigger_controller_dag.py
[2025-06-03T13:26:39.344+0000] {processor.py:840} INFO - DAG(s) 'example_trigger_controller_dag' retrieved from /home/airflow/.local/lib/python3.8/site-packages/airflow/example_dags/example_trigger_controller_dag.py
[2025-06-03T13:26:39.356+0000] {logging_mixin.py:188} INFO - [2025-06-03T13:26:39.356+0000] {dag.py:3047} INFO - Sync 1 DAGs
[2025-06-03T13:26:39.364+0000] {logging_mixin.py:188} INFO - [2025-06-03T13:26:39.364+0000] {dag.py:3834} INFO - Setting next_dagrun for example_trigger_controller_dag to 2021-01-01 00:00:00+00:00, run_after=2021-01-01 00:00:00+00:00
[2025-06-03T13:26:39.371+0000] {processor.py:183} INFO - Processing /home/airflow/.local/lib/python3.8/site-packages/airflow/example_dags/example_trigger_controller_dag.py took 0.034 seconds
[2025-06-03T13:27:10.031+0000] {processor.py:161} INFO - Started process (PID=1150) to work on /home/airflow/.local/lib/python3.8/site-packages/airflow/example_dags/example_trigger_controller_dag.py
[2025-06-03T13:27:10.031+0000] {processor.py:830} INFO - Processing file /home/airflow/.local/lib/python3.8/site-packages/airflow/example_dags/example_trigger_controller_dag.py for tasks to queue
[2025-06-03T13:27:10.032+0000] {logging_mixin.py:188} INFO - [2025-06-03T13:27:10.032+0000] {dagbag.py:540} INFO - Filling up the DagBag from /home/airflow/.local/lib/python3.8/site-packages/airflow/example_dags/example_trigger_controller_dag.py
[2025-06-03T13:27:10.034+0000] {processor.py:840} INFO - DAG(s) 'example_trigger_controller_dag' retrieved from /home/airflow/.local/lib/python3.8/site-packages/airflow/example_dags/example_trigger_controller_dag.py
[2025-06-03T13:27:10.042+0000] {logging_mixin.py:188} INFO - [2025-06-03T13:27:10.041+0000] {dag.py:3047} INFO - Sync 1 DAGs
[2025-06-03T13:27:10.049+0000] {logging_mixin.py:188} INFO - [2025-06-03T13:27:10.048+0000] {dag.py:3834} INFO - Setting next_dagrun for example_trigger_controller_dag to 2021-01-01 00:00:00+00:00, run_after=2021-01-01 00:00:00+00:00
[2025-06-03T13:27:10.054+0000] {processor.py:183} INFO - Processing /home/airflow/.local/lib/python3.8/site-packages/airflow/example_dags/example_trigger_controller_dag.py took 0.025 seconds
[2025-06-03T13:27:40.600+0000] {processor.py:161} INFO - Started process (PID=1205) to work on /home/airflow/.local/lib/python3.8/site-packages/airflow/example_dags/example_trigger_controller_dag.py
[2025-06-03T13:27:40.603+0000] {processor.py:830} INFO - Processing file /home/airflow/.local/lib/python3.8/site-packages/airflow/example_dags/example_trigger_controller_dag.py for tasks to queue
[2025-06-03T13:27:40.604+0000] {logging_mixin.py:188} INFO - [2025-06-03T13:27:40.604+0000] {dagbag.py:540} INFO - Filling up the DagBag from /home/airflow/.local/lib/python3.8/site-packages/airflow/example_dags/example_trigger_controller_dag.py
[2025-06-03T13:27:40.606+0000] {processor.py:840} INFO - DAG(s) 'example_trigger_controller_dag' retrieved from /home/airflow/.local/lib/python3.8/site-packages/airflow/example_dags/example_trigger_controller_dag.py
[2025-06-03T13:27:40.618+0000] {logging_mixin.py:188} INFO - [2025-06-03T13:27:40.618+0000] {dag.py:3047} INFO - Sync 1 DAGs
[2025-06-03T13:27:40.631+0000] {logging_mixin.py:188} INFO - [2025-06-03T13:27:40.631+0000] {dag.py:3834} INFO - Setting next_dagrun for example_trigger_controller_dag to 2021-01-01 00:00:00+00:00, run_after=2021-01-01 00:00:00+00:00
[2025-06-03T13:27:40.640+0000] {processor.py:183} INFO - Processing /home/airflow/.local/lib/python3.8/site-packages/airflow/example_dags/example_trigger_controller_dag.py took 0.043 seconds
[2025-06-03T13:28:11.170+0000] {processor.py:161} INFO - Started process (PID=1260) to work on /home/airflow/.local/lib/python3.8/site-packages/airflow/example_dags/example_trigger_controller_dag.py
[2025-06-03T13:28:11.171+0000] {processor.py:830} INFO - Processing file /home/airflow/.local/lib/python3.8/site-packages/airflow/example_dags/example_trigger_controller_dag.py for tasks to queue
[2025-06-03T13:28:11.172+0000] {logging_mixin.py:188} INFO - [2025-06-03T13:28:11.171+0000] {dagbag.py:540} INFO - Filling up the DagBag from /home/airflow/.local/lib/python3.8/site-packages/airflow/example_dags/example_trigger_controller_dag.py
[2025-06-03T13:28:11.176+0000] {processor.py:840} INFO - DAG(s) 'example_trigger_controller_dag' retrieved from /home/airflow/.local/lib/python3.8/site-packages/airflow/example_dags/example_trigger_controller_dag.py
[2025-06-03T13:28:11.185+0000] {logging_mixin.py:188} INFO - [2025-06-03T13:28:11.185+0000] {dag.py:3047} INFO - Sync 1 DAGs
[2025-06-03T13:28:11.195+0000] {logging_mixin.py:188} INFO - [2025-06-03T13:28:11.195+0000] {dag.py:3834} INFO - Setting next_dagrun for example_trigger_controller_dag to 2021-01-01 00:00:00+00:00, run_after=2021-01-01 00:00:00+00:00
[2025-06-03T13:28:11.202+0000] {processor.py:183} INFO - Processing /home/airflow/.local/lib/python3.8/site-packages/airflow/example_dags/example_trigger_controller_dag.py took 0.034 seconds
[2025-06-03T13:28:42.109+0000] {processor.py:161} INFO - Started process (PID=1315) to work on /home/airflow/.local/lib/python3.8/site-packages/airflow/example_dags/example_trigger_controller_dag.py
[2025-06-03T13:28:42.112+0000] {processor.py:830} INFO - Processing file /home/airflow/.local/lib/python3.8/site-packages/airflow/example_dags/example_trigger_controller_dag.py for tasks to queue
[2025-06-03T13:28:42.113+0000] {logging_mixin.py:188} INFO - [2025-06-03T13:28:42.113+0000] {dagbag.py:540} INFO - Filling up the DagBag from /home/airflow/.local/lib/python3.8/site-packages/airflow/example_dags/example_trigger_controller_dag.py
[2025-06-03T13:28:42.135+0000] {processor.py:840} INFO - DAG(s) 'example_trigger_controller_dag' retrieved from /home/airflow/.local/lib/python3.8/site-packages/airflow/example_dags/example_trigger_controller_dag.py
[2025-06-03T13:28:42.172+0000] {logging_mixin.py:188} INFO - [2025-06-03T13:28:42.172+0000] {dag.py:3047} INFO - Sync 1 DAGs
[2025-06-03T13:28:42.189+0000] {logging_mixin.py:188} INFO - [2025-06-03T13:28:42.188+0000] {dag.py:3834} INFO - Setting next_dagrun for example_trigger_controller_dag to 2021-01-01 00:00:00+00:00, run_after=2021-01-01 00:00:00+00:00
[2025-06-03T13:28:42.199+0000] {processor.py:183} INFO - Processing /home/airflow/.local/lib/python3.8/site-packages/airflow/example_dags/example_trigger_controller_dag.py took 0.091 seconds
[2025-06-03T13:29:13.183+0000] {processor.py:161} INFO - Started process (PID=1370) to work on /home/airflow/.local/lib/python3.8/site-packages/airflow/example_dags/example_trigger_controller_dag.py
[2025-06-03T13:29:13.184+0000] {processor.py:830} INFO - Processing file /home/airflow/.local/lib/python3.8/site-packages/airflow/example_dags/example_trigger_controller_dag.py for tasks to queue
[2025-06-03T13:29:13.185+0000] {logging_mixin.py:188} INFO - [2025-06-03T13:29:13.185+0000] {dagbag.py:540} INFO - Filling up the DagBag from /home/airflow/.local/lib/python3.8/site-packages/airflow/example_dags/example_trigger_controller_dag.py
[2025-06-03T13:29:13.188+0000] {processor.py:840} INFO - DAG(s) 'example_trigger_controller_dag' retrieved from /home/airflow/.local/lib/python3.8/site-packages/airflow/example_dags/example_trigger_controller_dag.py
[2025-06-03T13:29:13.199+0000] {logging_mixin.py:188} INFO - [2025-06-03T13:29:13.199+0000] {dag.py:3047} INFO - Sync 1 DAGs
[2025-06-03T13:29:13.209+0000] {logging_mixin.py:188} INFO - [2025-06-03T13:29:13.209+0000] {dag.py:3834} INFO - Setting next_dagrun for example_trigger_controller_dag to 2021-01-01 00:00:00+00:00, run_after=2021-01-01 00:00:00+00:00
[2025-06-03T13:29:13.217+0000] {processor.py:183} INFO - Processing /home/airflow/.local/lib/python3.8/site-packages/airflow/example_dags/example_trigger_controller_dag.py took 0.037 seconds
[2025-06-03T13:29:43.528+0000] {processor.py:161} INFO - Started process (PID=1425) to work on /home/airflow/.local/lib/python3.8/site-packages/airflow/example_dags/example_trigger_controller_dag.py
[2025-06-03T13:29:43.530+0000] {processor.py:830} INFO - Processing file /home/airflow/.local/lib/python3.8/site-packages/airflow/example_dags/example_trigger_controller_dag.py for tasks to queue
[2025-06-03T13:29:43.532+0000] {logging_mixin.py:188} INFO - [2025-06-03T13:29:43.532+0000] {dagbag.py:540} INFO - Filling up the DagBag from /home/airflow/.local/lib/python3.8/site-packages/airflow/example_dags/example_trigger_controller_dag.py
[2025-06-03T13:29:43.535+0000] {processor.py:840} INFO - DAG(s) 'example_trigger_controller_dag' retrieved from /home/airflow/.local/lib/python3.8/site-packages/airflow/example_dags/example_trigger_controller_dag.py
[2025-06-03T13:29:43.544+0000] {logging_mixin.py:188} INFO - [2025-06-03T13:29:43.544+0000] {dag.py:3047} INFO - Sync 1 DAGs
[2025-06-03T13:29:43.554+0000] {logging_mixin.py:188} INFO - [2025-06-03T13:29:43.554+0000] {dag.py:3834} INFO - Setting next_dagrun for example_trigger_controller_dag to 2021-01-01 00:00:00+00:00, run_after=2021-01-01 00:00:00+00:00
[2025-06-03T13:29:43.562+0000] {processor.py:183} INFO - Processing /home/airflow/.local/lib/python3.8/site-packages/airflow/example_dags/example_trigger_controller_dag.py took 0.037 seconds
[2025-06-03T13:30:13.879+0000] {processor.py:161} INFO - Started process (PID=1480) to work on /home/airflow/.local/lib/python3.8/site-packages/airflow/example_dags/example_trigger_controller_dag.py
[2025-06-03T13:30:13.880+0000] {processor.py:830} INFO - Processing file /home/airflow/.local/lib/python3.8/site-packages/airflow/example_dags/example_trigger_controller_dag.py for tasks to queue
[2025-06-03T13:30:13.882+0000] {logging_mixin.py:188} INFO - [2025-06-03T13:30:13.882+0000] {dagbag.py:540} INFO - Filling up the DagBag from /home/airflow/.local/lib/python3.8/site-packages/airflow/example_dags/example_trigger_controller_dag.py
[2025-06-03T13:30:13.885+0000] {processor.py:840} INFO - DAG(s) 'example_trigger_controller_dag' retrieved from /home/airflow/.local/lib/python3.8/site-packages/airflow/example_dags/example_trigger_controller_dag.py
[2025-06-03T13:30:13.897+0000] {logging_mixin.py:188} INFO - [2025-06-03T13:30:13.897+0000] {dag.py:3047} INFO - Sync 1 DAGs
[2025-06-03T13:30:13.909+0000] {logging_mixin.py:188} INFO - [2025-06-03T13:30:13.908+0000] {dag.py:3834} INFO - Setting next_dagrun for example_trigger_controller_dag to 2021-01-01 00:00:00+00:00, run_after=2021-01-01 00:00:00+00:00
[2025-06-03T13:30:13.916+0000] {processor.py:183} INFO - Processing /home/airflow/.local/lib/python3.8/site-packages/airflow/example_dags/example_trigger_controller_dag.py took 0.041 seconds
[2025-06-03T13:30:44.209+0000] {processor.py:161} INFO - Started process (PID=1534) to work on /home/airflow/.local/lib/python3.8/site-packages/airflow/example_dags/example_trigger_controller_dag.py
[2025-06-03T13:30:44.210+0000] {processor.py:830} INFO - Processing file /home/airflow/.local/lib/python3.8/site-packages/airflow/example_dags/example_trigger_controller_dag.py for tasks to queue
[2025-06-03T13:30:44.214+0000] {logging_mixin.py:188} INFO - [2025-06-03T13:30:44.214+0000] {dagbag.py:540} INFO - Filling up the DagBag from /home/airflow/.local/lib/python3.8/site-packages/airflow/example_dags/example_trigger_controller_dag.py
[2025-06-03T13:30:44.217+0000] {processor.py:840} INFO - DAG(s) 'example_trigger_controller_dag' retrieved from /home/airflow/.local/lib/python3.8/site-packages/airflow/example_dags/example_trigger_controller_dag.py
[2025-06-03T13:30:44.227+0000] {logging_mixin.py:188} INFO - [2025-06-03T13:30:44.227+0000] {dag.py:3047} INFO - Sync 1 DAGs
[2025-06-03T13:30:44.237+0000] {logging_mixin.py:188} INFO - [2025-06-03T13:30:44.237+0000] {dag.py:3834} INFO - Setting next_dagrun for example_trigger_controller_dag to 2021-01-01 00:00:00+00:00, run_after=2021-01-01 00:00:00+00:00
[2025-06-03T13:30:44.244+0000] {processor.py:183} INFO - Processing /home/airflow/.local/lib/python3.8/site-packages/airflow/example_dags/example_trigger_controller_dag.py took 0.038 seconds
[2025-06-03T13:31:14.505+0000] {processor.py:161} INFO - Started process (PID=1589) to work on /home/airflow/.local/lib/python3.8/site-packages/airflow/example_dags/example_trigger_controller_dag.py
[2025-06-03T13:31:14.509+0000] {processor.py:830} INFO - Processing file /home/airflow/.local/lib/python3.8/site-packages/airflow/example_dags/example_trigger_controller_dag.py for tasks to queue
[2025-06-03T13:31:14.510+0000] {logging_mixin.py:188} INFO - [2025-06-03T13:31:14.510+0000] {dagbag.py:540} INFO - Filling up the DagBag from /home/airflow/.local/lib/python3.8/site-packages/airflow/example_dags/example_trigger_controller_dag.py
[2025-06-03T13:31:14.513+0000] {processor.py:840} INFO - DAG(s) 'example_trigger_controller_dag' retrieved from /home/airflow/.local/lib/python3.8/site-packages/airflow/example_dags/example_trigger_controller_dag.py
[2025-06-03T13:31:14.523+0000] {logging_mixin.py:188} INFO - [2025-06-03T13:31:14.523+0000] {dag.py:3047} INFO - Sync 1 DAGs
[2025-06-03T13:31:14.535+0000] {logging_mixin.py:188} INFO - [2025-06-03T13:31:14.535+0000] {dag.py:3834} INFO - Setting next_dagrun for example_trigger_controller_dag to 2021-01-01 00:00:00+00:00, run_after=2021-01-01 00:00:00+00:00
[2025-06-03T13:31:14.543+0000] {processor.py:183} INFO - Processing /home/airflow/.local/lib/python3.8/site-packages/airflow/example_dags/example_trigger_controller_dag.py took 0.040 seconds
[2025-06-03T13:31:44.750+0000] {processor.py:161} INFO - Started process (PID=1644) to work on /home/airflow/.local/lib/python3.8/site-packages/airflow/example_dags/example_trigger_controller_dag.py
[2025-06-03T13:31:44.752+0000] {processor.py:830} INFO - Processing file /home/airflow/.local/lib/python3.8/site-packages/airflow/example_dags/example_trigger_controller_dag.py for tasks to queue
[2025-06-03T13:31:44.755+0000] {logging_mixin.py:188} INFO - [2025-06-03T13:31:44.755+0000] {dagbag.py:540} INFO - Filling up the DagBag from /home/airflow/.local/lib/python3.8/site-packages/airflow/example_dags/example_trigger_controller_dag.py
[2025-06-03T13:31:44.759+0000] {processor.py:840} INFO - DAG(s) 'example_trigger_controller_dag' retrieved from /home/airflow/.local/lib/python3.8/site-packages/airflow/example_dags/example_trigger_controller_dag.py
[2025-06-03T13:31:44.770+0000] {logging_mixin.py:188} INFO - [2025-06-03T13:31:44.770+0000] {dag.py:3047} INFO - Sync 1 DAGs
[2025-06-03T13:31:44.784+0000] {logging_mixin.py:188} INFO - [2025-06-03T13:31:44.784+0000] {dag.py:3834} INFO - Setting next_dagrun for example_trigger_controller_dag to 2021-01-01 00:00:00+00:00, run_after=2021-01-01 00:00:00+00:00
[2025-06-03T13:31:44.796+0000] {processor.py:183} INFO - Processing /home/airflow/.local/lib/python3.8/site-packages/airflow/example_dags/example_trigger_controller_dag.py took 0.049 seconds
[2025-06-03T13:32:15.081+0000] {processor.py:161} INFO - Started process (PID=1699) to work on /home/airflow/.local/lib/python3.8/site-packages/airflow/example_dags/example_trigger_controller_dag.py
[2025-06-03T13:32:15.082+0000] {processor.py:830} INFO - Processing file /home/airflow/.local/lib/python3.8/site-packages/airflow/example_dags/example_trigger_controller_dag.py for tasks to queue
[2025-06-03T13:32:15.086+0000] {logging_mixin.py:188} INFO - [2025-06-03T13:32:15.086+0000] {dagbag.py:540} INFO - Filling up the DagBag from /home/airflow/.local/lib/python3.8/site-packages/airflow/example_dags/example_trigger_controller_dag.py
[2025-06-03T13:32:15.089+0000] {processor.py:840} INFO - DAG(s) 'example_trigger_controller_dag' retrieved from /home/airflow/.local/lib/python3.8/site-packages/airflow/example_dags/example_trigger_controller_dag.py
[2025-06-03T13:32:15.100+0000] {logging_mixin.py:188} INFO - [2025-06-03T13:32:15.100+0000] {dag.py:3047} INFO - Sync 1 DAGs
[2025-06-03T13:32:15.111+0000] {logging_mixin.py:188} INFO - [2025-06-03T13:32:15.111+0000] {dag.py:3834} INFO - Setting next_dagrun for example_trigger_controller_dag to 2021-01-01 00:00:00+00:00, run_after=2021-01-01 00:00:00+00:00
[2025-06-03T13:32:15.119+0000] {processor.py:183} INFO - Processing /home/airflow/.local/lib/python3.8/site-packages/airflow/example_dags/example_trigger_controller_dag.py took 0.041 seconds
[2025-06-03T13:32:45.327+0000] {processor.py:161} INFO - Started process (PID=1754) to work on /home/airflow/.local/lib/python3.8/site-packages/airflow/example_dags/example_trigger_controller_dag.py
[2025-06-03T13:32:45.330+0000] {processor.py:830} INFO - Processing file /home/airflow/.local/lib/python3.8/site-packages/airflow/example_dags/example_trigger_controller_dag.py for tasks to queue
[2025-06-03T13:32:45.332+0000] {logging_mixin.py:188} INFO - [2025-06-03T13:32:45.332+0000] {dagbag.py:540} INFO - Filling up the DagBag from /home/airflow/.local/lib/python3.8/site-packages/airflow/example_dags/example_trigger_controller_dag.py
[2025-06-03T13:32:45.338+0000] {processor.py:840} INFO - DAG(s) 'example_trigger_controller_dag' retrieved from /home/airflow/.local/lib/python3.8/site-packages/airflow/example_dags/example_trigger_controller_dag.py
[2025-06-03T13:32:45.350+0000] {logging_mixin.py:188} INFO - [2025-06-03T13:32:45.350+0000] {dag.py:3047} INFO - Sync 1 DAGs
[2025-06-03T13:32:45.362+0000] {logging_mixin.py:188} INFO - [2025-06-03T13:32:45.362+0000] {dag.py:3834} INFO - Setting next_dagrun for example_trigger_controller_dag to 2021-01-01 00:00:00+00:00, run_after=2021-01-01 00:00:00+00:00
[2025-06-03T13:32:45.370+0000] {processor.py:183} INFO - Processing /home/airflow/.local/lib/python3.8/site-packages/airflow/example_dags/example_trigger_controller_dag.py took 0.045 seconds
[2025-06-03T13:33:15.669+0000] {processor.py:161} INFO - Started process (PID=1809) to work on /home/airflow/.local/lib/python3.8/site-packages/airflow/example_dags/example_trigger_controller_dag.py
[2025-06-03T13:33:15.672+0000] {processor.py:830} INFO - Processing file /home/airflow/.local/lib/python3.8/site-packages/airflow/example_dags/example_trigger_controller_dag.py for tasks to queue
[2025-06-03T13:33:15.676+0000] {logging_mixin.py:188} INFO - [2025-06-03T13:33:15.676+0000] {dagbag.py:540} INFO - Filling up the DagBag from /home/airflow/.local/lib/python3.8/site-packages/airflow/example_dags/example_trigger_controller_dag.py
[2025-06-03T13:33:15.678+0000] {processor.py:840} INFO - DAG(s) 'example_trigger_controller_dag' retrieved from /home/airflow/.local/lib/python3.8/site-packages/airflow/example_dags/example_trigger_controller_dag.py
[2025-06-03T13:33:15.688+0000] {logging_mixin.py:188} INFO - [2025-06-03T13:33:15.688+0000] {dag.py:3047} INFO - Sync 1 DAGs
[2025-06-03T13:33:15.699+0000] {logging_mixin.py:188} INFO - [2025-06-03T13:33:15.699+0000] {dag.py:3834} INFO - Setting next_dagrun for example_trigger_controller_dag to 2021-01-01 00:00:00+00:00, run_after=2021-01-01 00:00:00+00:00
[2025-06-03T13:33:15.706+0000] {processor.py:183} INFO - Processing /home/airflow/.local/lib/python3.8/site-packages/airflow/example_dags/example_trigger_controller_dag.py took 0.040 seconds
[2025-06-03T13:33:45.974+0000] {processor.py:161} INFO - Started process (PID=1864) to work on /home/airflow/.local/lib/python3.8/site-packages/airflow/example_dags/example_trigger_controller_dag.py
[2025-06-03T13:33:45.975+0000] {processor.py:830} INFO - Processing file /home/airflow/.local/lib/python3.8/site-packages/airflow/example_dags/example_trigger_controller_dag.py for tasks to queue
[2025-06-03T13:33:45.976+0000] {logging_mixin.py:188} INFO - [2025-06-03T13:33:45.975+0000] {dagbag.py:540} INFO - Filling up the DagBag from /home/airflow/.local/lib/python3.8/site-packages/airflow/example_dags/example_trigger_controller_dag.py
[2025-06-03T13:33:45.978+0000] {processor.py:840} INFO - DAG(s) 'example_trigger_controller_dag' retrieved from /home/airflow/.local/lib/python3.8/site-packages/airflow/example_dags/example_trigger_controller_dag.py
[2025-06-03T13:33:45.990+0000] {logging_mixin.py:188} INFO - [2025-06-03T13:33:45.990+0000] {dag.py:3047} INFO - Sync 1 DAGs
[2025-06-03T13:33:46.000+0000] {logging_mixin.py:188} INFO - [2025-06-03T13:33:46.000+0000] {dag.py:3834} INFO - Setting next_dagrun for example_trigger_controller_dag to 2021-01-01 00:00:00+00:00, run_after=2021-01-01 00:00:00+00:00
[2025-06-03T13:33:46.008+0000] {processor.py:183} INFO - Processing /home/airflow/.local/lib/python3.8/site-packages/airflow/example_dags/example_trigger_controller_dag.py took 0.036 seconds
[2025-06-03T13:34:16.231+0000] {processor.py:161} INFO - Started process (PID=1919) to work on /home/airflow/.local/lib/python3.8/site-packages/airflow/example_dags/example_trigger_controller_dag.py
[2025-06-03T13:34:16.231+0000] {processor.py:830} INFO - Processing file /home/airflow/.local/lib/python3.8/site-packages/airflow/example_dags/example_trigger_controller_dag.py for tasks to queue
[2025-06-03T13:34:16.232+0000] {logging_mixin.py:188} INFO - [2025-06-03T13:34:16.232+0000] {dagbag.py:540} INFO - Filling up the DagBag from /home/airflow/.local/lib/python3.8/site-packages/airflow/example_dags/example_trigger_controller_dag.py
[2025-06-03T13:34:16.235+0000] {processor.py:840} INFO - DAG(s) 'example_trigger_controller_dag' retrieved from /home/airflow/.local/lib/python3.8/site-packages/airflow/example_dags/example_trigger_controller_dag.py
[2025-06-03T13:34:16.245+0000] {logging_mixin.py:188} INFO - [2025-06-03T13:34:16.245+0000] {dag.py:3047} INFO - Sync 1 DAGs
[2025-06-03T13:34:16.256+0000] {logging_mixin.py:188} INFO - [2025-06-03T13:34:16.255+0000] {dag.py:3834} INFO - Setting next_dagrun for example_trigger_controller_dag to 2021-01-01 00:00:00+00:00, run_after=2021-01-01 00:00:00+00:00
[2025-06-03T13:34:16.263+0000] {processor.py:183} INFO - Processing /home/airflow/.local/lib/python3.8/site-packages/airflow/example_dags/example_trigger_controller_dag.py took 0.034 seconds
[2025-06-03T13:34:46.557+0000] {processor.py:161} INFO - Started process (PID=1974) to work on /home/airflow/.local/lib/python3.8/site-packages/airflow/example_dags/example_trigger_controller_dag.py
[2025-06-03T13:34:46.560+0000] {processor.py:830} INFO - Processing file /home/airflow/.local/lib/python3.8/site-packages/airflow/example_dags/example_trigger_controller_dag.py for tasks to queue
[2025-06-03T13:34:46.561+0000] {logging_mixin.py:188} INFO - [2025-06-03T13:34:46.561+0000] {dagbag.py:540} INFO - Filling up the DagBag from /home/airflow/.local/lib/python3.8/site-packages/airflow/example_dags/example_trigger_controller_dag.py
[2025-06-03T13:34:46.564+0000] {processor.py:840} INFO - DAG(s) 'example_trigger_controller_dag' retrieved from /home/airflow/.local/lib/python3.8/site-packages/airflow/example_dags/example_trigger_controller_dag.py
[2025-06-03T13:34:46.577+0000] {logging_mixin.py:188} INFO - [2025-06-03T13:34:46.576+0000] {dag.py:3047} INFO - Sync 1 DAGs
[2025-06-03T13:34:46.588+0000] {logging_mixin.py:188} INFO - [2025-06-03T13:34:46.587+0000] {dag.py:3834} INFO - Setting next_dagrun for example_trigger_controller_dag to 2021-01-01 00:00:00+00:00, run_after=2021-01-01 00:00:00+00:00
[2025-06-03T13:34:46.597+0000] {processor.py:183} INFO - Processing /home/airflow/.local/lib/python3.8/site-packages/airflow/example_dags/example_trigger_controller_dag.py took 0.042 seconds
[2025-06-03T13:35:16.980+0000] {processor.py:161} INFO - Started process (PID=2029) to work on /home/airflow/.local/lib/python3.8/site-packages/airflow/example_dags/example_trigger_controller_dag.py
[2025-06-03T13:35:16.981+0000] {processor.py:830} INFO - Processing file /home/airflow/.local/lib/python3.8/site-packages/airflow/example_dags/example_trigger_controller_dag.py for tasks to queue
[2025-06-03T13:35:16.982+0000] {logging_mixin.py:188} INFO - [2025-06-03T13:35:16.982+0000] {dagbag.py:540} INFO - Filling up the DagBag from /home/airflow/.local/lib/python3.8/site-packages/airflow/example_dags/example_trigger_controller_dag.py
[2025-06-03T13:35:16.985+0000] {processor.py:840} INFO - DAG(s) 'example_trigger_controller_dag' retrieved from /home/airflow/.local/lib/python3.8/site-packages/airflow/example_dags/example_trigger_controller_dag.py
[2025-06-03T13:35:17.007+0000] {logging_mixin.py:188} INFO - [2025-06-03T13:35:17.007+0000] {dag.py:3047} INFO - Sync 1 DAGs
[2025-06-03T13:35:17.026+0000] {logging_mixin.py:188} INFO - [2025-06-03T13:35:17.025+0000] {dag.py:3834} INFO - Setting next_dagrun for example_trigger_controller_dag to 2021-01-01 00:00:00+00:00, run_after=2021-01-01 00:00:00+00:00
[2025-06-03T13:35:17.036+0000] {processor.py:183} INFO - Processing /home/airflow/.local/lib/python3.8/site-packages/airflow/example_dags/example_trigger_controller_dag.py took 0.058 seconds
[2025-06-03T13:35:47.561+0000] {processor.py:161} INFO - Started process (PID=2084) to work on /home/airflow/.local/lib/python3.8/site-packages/airflow/example_dags/example_trigger_controller_dag.py
[2025-06-03T13:35:47.563+0000] {processor.py:830} INFO - Processing file /home/airflow/.local/lib/python3.8/site-packages/airflow/example_dags/example_trigger_controller_dag.py for tasks to queue
[2025-06-03T13:35:47.564+0000] {logging_mixin.py:188} INFO - [2025-06-03T13:35:47.564+0000] {dagbag.py:540} INFO - Filling up the DagBag from /home/airflow/.local/lib/python3.8/site-packages/airflow/example_dags/example_trigger_controller_dag.py
[2025-06-03T13:35:47.568+0000] {processor.py:840} INFO - DAG(s) 'example_trigger_controller_dag' retrieved from /home/airflow/.local/lib/python3.8/site-packages/airflow/example_dags/example_trigger_controller_dag.py
[2025-06-03T13:35:47.584+0000] {logging_mixin.py:188} INFO - [2025-06-03T13:35:47.584+0000] {dag.py:3047} INFO - Sync 1 DAGs
[2025-06-03T13:35:47.599+0000] {logging_mixin.py:188} INFO - [2025-06-03T13:35:47.599+0000] {dag.py:3834} INFO - Setting next_dagrun for example_trigger_controller_dag to 2021-01-01 00:00:00+00:00, run_after=2021-01-01 00:00:00+00:00
[2025-06-03T13:35:47.607+0000] {processor.py:183} INFO - Processing /home/airflow/.local/lib/python3.8/site-packages/airflow/example_dags/example_trigger_controller_dag.py took 0.049 seconds
[2025-06-03T13:36:17.896+0000] {processor.py:161} INFO - Started process (PID=2139) to work on /home/airflow/.local/lib/python3.8/site-packages/airflow/example_dags/example_trigger_controller_dag.py
[2025-06-03T13:36:17.897+0000] {processor.py:830} INFO - Processing file /home/airflow/.local/lib/python3.8/site-packages/airflow/example_dags/example_trigger_controller_dag.py for tasks to queue
[2025-06-03T13:36:17.899+0000] {logging_mixin.py:188} INFO - [2025-06-03T13:36:17.898+0000] {dagbag.py:540} INFO - Filling up the DagBag from /home/airflow/.local/lib/python3.8/site-packages/airflow/example_dags/example_trigger_controller_dag.py
[2025-06-03T13:36:17.902+0000] {processor.py:840} INFO - DAG(s) 'example_trigger_controller_dag' retrieved from /home/airflow/.local/lib/python3.8/site-packages/airflow/example_dags/example_trigger_controller_dag.py
[2025-06-03T13:36:17.914+0000] {logging_mixin.py:188} INFO - [2025-06-03T13:36:17.914+0000] {dag.py:3047} INFO - Sync 1 DAGs
[2025-06-03T13:36:17.924+0000] {logging_mixin.py:188} INFO - [2025-06-03T13:36:17.924+0000] {dag.py:3834} INFO - Setting next_dagrun for example_trigger_controller_dag to 2021-01-01 00:00:00+00:00, run_after=2021-01-01 00:00:00+00:00
[2025-06-03T13:36:17.932+0000] {processor.py:183} INFO - Processing /home/airflow/.local/lib/python3.8/site-packages/airflow/example_dags/example_trigger_controller_dag.py took 0.039 seconds
[2025-06-03T13:36:48.203+0000] {processor.py:161} INFO - Started process (PID=2194) to work on /home/airflow/.local/lib/python3.8/site-packages/airflow/example_dags/example_trigger_controller_dag.py
[2025-06-03T13:36:48.205+0000] {processor.py:830} INFO - Processing file /home/airflow/.local/lib/python3.8/site-packages/airflow/example_dags/example_trigger_controller_dag.py for tasks to queue
[2025-06-03T13:36:48.207+0000] {logging_mixin.py:188} INFO - [2025-06-03T13:36:48.206+0000] {dagbag.py:540} INFO - Filling up the DagBag from /home/airflow/.local/lib/python3.8/site-packages/airflow/example_dags/example_trigger_controller_dag.py
[2025-06-03T13:36:48.209+0000] {processor.py:840} INFO - DAG(s) 'example_trigger_controller_dag' retrieved from /home/airflow/.local/lib/python3.8/site-packages/airflow/example_dags/example_trigger_controller_dag.py
[2025-06-03T13:36:48.221+0000] {logging_mixin.py:188} INFO - [2025-06-03T13:36:48.221+0000] {dag.py:3047} INFO - Sync 1 DAGs
[2025-06-03T13:36:48.231+0000] {logging_mixin.py:188} INFO - [2025-06-03T13:36:48.231+0000] {dag.py:3834} INFO - Setting next_dagrun for example_trigger_controller_dag to 2021-01-01 00:00:00+00:00, run_after=2021-01-01 00:00:00+00:00
[2025-06-03T13:36:48.238+0000] {processor.py:183} INFO - Processing /home/airflow/.local/lib/python3.8/site-packages/airflow/example_dags/example_trigger_controller_dag.py took 0.036 seconds
[2025-06-03T13:37:18.614+0000] {processor.py:161} INFO - Started process (PID=2249) to work on /home/airflow/.local/lib/python3.8/site-packages/airflow/example_dags/example_trigger_controller_dag.py
[2025-06-03T13:37:18.615+0000] {processor.py:830} INFO - Processing file /home/airflow/.local/lib/python3.8/site-packages/airflow/example_dags/example_trigger_controller_dag.py for tasks to queue
[2025-06-03T13:37:18.616+0000] {logging_mixin.py:188} INFO - [2025-06-03T13:37:18.616+0000] {dagbag.py:540} INFO - Filling up the DagBag from /home/airflow/.local/lib/python3.8/site-packages/airflow/example_dags/example_trigger_controller_dag.py
[2025-06-03T13:37:18.619+0000] {processor.py:840} INFO - DAG(s) 'example_trigger_controller_dag' retrieved from /home/airflow/.local/lib/python3.8/site-packages/airflow/example_dags/example_trigger_controller_dag.py
[2025-06-03T13:37:18.632+0000] {logging_mixin.py:188} INFO - [2025-06-03T13:37:18.632+0000] {dag.py:3047} INFO - Sync 1 DAGs
[2025-06-03T13:37:18.644+0000] {logging_mixin.py:188} INFO - [2025-06-03T13:37:18.643+0000] {dag.py:3834} INFO - Setting next_dagrun for example_trigger_controller_dag to 2021-01-01 00:00:00+00:00, run_after=2021-01-01 00:00:00+00:00
[2025-06-03T13:37:18.651+0000] {processor.py:183} INFO - Processing /home/airflow/.local/lib/python3.8/site-packages/airflow/example_dags/example_trigger_controller_dag.py took 0.040 seconds
[2025-06-03T13:37:49.005+0000] {processor.py:161} INFO - Started process (PID=2304) to work on /home/airflow/.local/lib/python3.8/site-packages/airflow/example_dags/example_trigger_controller_dag.py
[2025-06-03T13:37:49.006+0000] {processor.py:830} INFO - Processing file /home/airflow/.local/lib/python3.8/site-packages/airflow/example_dags/example_trigger_controller_dag.py for tasks to queue
[2025-06-03T13:37:49.010+0000] {logging_mixin.py:188} INFO - [2025-06-03T13:37:49.010+0000] {dagbag.py:540} INFO - Filling up the DagBag from /home/airflow/.local/lib/python3.8/site-packages/airflow/example_dags/example_trigger_controller_dag.py
[2025-06-03T13:37:49.014+0000] {processor.py:840} INFO - DAG(s) 'example_trigger_controller_dag' retrieved from /home/airflow/.local/lib/python3.8/site-packages/airflow/example_dags/example_trigger_controller_dag.py
[2025-06-03T13:37:49.034+0000] {logging_mixin.py:188} INFO - [2025-06-03T13:37:49.033+0000] {dag.py:3047} INFO - Sync 1 DAGs
[2025-06-03T13:37:49.049+0000] {logging_mixin.py:188} INFO - [2025-06-03T13:37:49.049+0000] {dag.py:3834} INFO - Setting next_dagrun for example_trigger_controller_dag to 2021-01-01 00:00:00+00:00, run_after=2021-01-01 00:00:00+00:00
[2025-06-03T13:37:49.063+0000] {processor.py:183} INFO - Processing /home/airflow/.local/lib/python3.8/site-packages/airflow/example_dags/example_trigger_controller_dag.py took 0.061 seconds
[2025-06-03T13:38:19.786+0000] {processor.py:161} INFO - Started process (PID=2359) to work on /home/airflow/.local/lib/python3.8/site-packages/airflow/example_dags/example_trigger_controller_dag.py
[2025-06-03T13:38:19.789+0000] {processor.py:830} INFO - Processing file /home/airflow/.local/lib/python3.8/site-packages/airflow/example_dags/example_trigger_controller_dag.py for tasks to queue
[2025-06-03T13:38:19.791+0000] {logging_mixin.py:188} INFO - [2025-06-03T13:38:19.791+0000] {dagbag.py:540} INFO - Filling up the DagBag from /home/airflow/.local/lib/python3.8/site-packages/airflow/example_dags/example_trigger_controller_dag.py
[2025-06-03T13:38:19.796+0000] {processor.py:840} INFO - DAG(s) 'example_trigger_controller_dag' retrieved from /home/airflow/.local/lib/python3.8/site-packages/airflow/example_dags/example_trigger_controller_dag.py
[2025-06-03T13:38:19.827+0000] {logging_mixin.py:188} INFO - [2025-06-03T13:38:19.827+0000] {dag.py:3047} INFO - Sync 1 DAGs
[2025-06-03T13:38:19.839+0000] {logging_mixin.py:188} INFO - [2025-06-03T13:38:19.839+0000] {dag.py:3834} INFO - Setting next_dagrun for example_trigger_controller_dag to 2021-01-01 00:00:00+00:00, run_after=2021-01-01 00:00:00+00:00
[2025-06-03T13:38:19.850+0000] {processor.py:183} INFO - Processing /home/airflow/.local/lib/python3.8/site-packages/airflow/example_dags/example_trigger_controller_dag.py took 0.067 seconds
[2025-06-03T13:38:50.364+0000] {processor.py:161} INFO - Started process (PID=2414) to work on /home/airflow/.local/lib/python3.8/site-packages/airflow/example_dags/example_trigger_controller_dag.py
[2025-06-03T13:38:50.367+0000] {processor.py:830} INFO - Processing file /home/airflow/.local/lib/python3.8/site-packages/airflow/example_dags/example_trigger_controller_dag.py for tasks to queue
[2025-06-03T13:38:50.372+0000] {logging_mixin.py:188} INFO - [2025-06-03T13:38:50.372+0000] {dagbag.py:540} INFO - Filling up the DagBag from /home/airflow/.local/lib/python3.8/site-packages/airflow/example_dags/example_trigger_controller_dag.py
[2025-06-03T13:38:50.374+0000] {processor.py:840} INFO - DAG(s) 'example_trigger_controller_dag' retrieved from /home/airflow/.local/lib/python3.8/site-packages/airflow/example_dags/example_trigger_controller_dag.py
[2025-06-03T13:38:50.396+0000] {logging_mixin.py:188} INFO - [2025-06-03T13:38:50.396+0000] {dag.py:3047} INFO - Sync 1 DAGs
[2025-06-03T13:38:50.413+0000] {logging_mixin.py:188} INFO - [2025-06-03T13:38:50.413+0000] {dag.py:3834} INFO - Setting next_dagrun for example_trigger_controller_dag to 2021-01-01 00:00:00+00:00, run_after=2021-01-01 00:00:00+00:00
[2025-06-03T13:38:50.427+0000] {processor.py:183} INFO - Processing /home/airflow/.local/lib/python3.8/site-packages/airflow/example_dags/example_trigger_controller_dag.py took 0.065 seconds
[2025-06-03T13:39:20.507+0000] {processor.py:161} INFO - Started process (PID=2469) to work on /home/airflow/.local/lib/python3.8/site-packages/airflow/example_dags/example_trigger_controller_dag.py
[2025-06-03T13:39:20.512+0000] {processor.py:830} INFO - Processing file /home/airflow/.local/lib/python3.8/site-packages/airflow/example_dags/example_trigger_controller_dag.py for tasks to queue
[2025-06-03T13:39:20.514+0000] {logging_mixin.py:188} INFO - [2025-06-03T13:39:20.514+0000] {dagbag.py:540} INFO - Filling up the DagBag from /home/airflow/.local/lib/python3.8/site-packages/airflow/example_dags/example_trigger_controller_dag.py
[2025-06-03T13:39:20.520+0000] {processor.py:840} INFO - DAG(s) 'example_trigger_controller_dag' retrieved from /home/airflow/.local/lib/python3.8/site-packages/airflow/example_dags/example_trigger_controller_dag.py
[2025-06-03T13:39:20.532+0000] {logging_mixin.py:188} INFO - [2025-06-03T13:39:20.532+0000] {dag.py:3047} INFO - Sync 1 DAGs
[2025-06-03T13:39:20.547+0000] {logging_mixin.py:188} INFO - [2025-06-03T13:39:20.546+0000] {dag.py:3834} INFO - Setting next_dagrun for example_trigger_controller_dag to 2021-01-01 00:00:00+00:00, run_after=2021-01-01 00:00:00+00:00
[2025-06-03T13:39:20.561+0000] {processor.py:183} INFO - Processing /home/airflow/.local/lib/python3.8/site-packages/airflow/example_dags/example_trigger_controller_dag.py took 0.058 seconds
[2025-06-03T13:39:50.625+0000] {processor.py:161} INFO - Started process (PID=2524) to work on /home/airflow/.local/lib/python3.8/site-packages/airflow/example_dags/example_trigger_controller_dag.py
[2025-06-03T13:39:50.628+0000] {processor.py:830} INFO - Processing file /home/airflow/.local/lib/python3.8/site-packages/airflow/example_dags/example_trigger_controller_dag.py for tasks to queue
[2025-06-03T13:39:50.629+0000] {logging_mixin.py:188} INFO - [2025-06-03T13:39:50.629+0000] {dagbag.py:540} INFO - Filling up the DagBag from /home/airflow/.local/lib/python3.8/site-packages/airflow/example_dags/example_trigger_controller_dag.py
[2025-06-03T13:39:50.634+0000] {processor.py:840} INFO - DAG(s) 'example_trigger_controller_dag' retrieved from /home/airflow/.local/lib/python3.8/site-packages/airflow/example_dags/example_trigger_controller_dag.py
[2025-06-03T13:39:50.648+0000] {logging_mixin.py:188} INFO - [2025-06-03T13:39:50.648+0000] {dag.py:3047} INFO - Sync 1 DAGs
[2025-06-03T13:39:50.660+0000] {logging_mixin.py:188} INFO - [2025-06-03T13:39:50.660+0000] {dag.py:3834} INFO - Setting next_dagrun for example_trigger_controller_dag to 2021-01-01 00:00:00+00:00, run_after=2021-01-01 00:00:00+00:00
[2025-06-03T13:39:50.671+0000] {processor.py:183} INFO - Processing /home/airflow/.local/lib/python3.8/site-packages/airflow/example_dags/example_trigger_controller_dag.py took 0.047 seconds
[2025-06-03T13:40:21.247+0000] {processor.py:161} INFO - Started process (PID=2580) to work on /home/airflow/.local/lib/python3.8/site-packages/airflow/example_dags/example_trigger_controller_dag.py
[2025-06-03T13:40:21.249+0000] {processor.py:830} INFO - Processing file /home/airflow/.local/lib/python3.8/site-packages/airflow/example_dags/example_trigger_controller_dag.py for tasks to queue
[2025-06-03T13:40:21.252+0000] {logging_mixin.py:188} INFO - [2025-06-03T13:40:21.252+0000] {dagbag.py:540} INFO - Filling up the DagBag from /home/airflow/.local/lib/python3.8/site-packages/airflow/example_dags/example_trigger_controller_dag.py
[2025-06-03T13:40:21.258+0000] {processor.py:840} INFO - DAG(s) 'example_trigger_controller_dag' retrieved from /home/airflow/.local/lib/python3.8/site-packages/airflow/example_dags/example_trigger_controller_dag.py
[2025-06-03T13:40:21.286+0000] {logging_mixin.py:188} INFO - [2025-06-03T13:40:21.286+0000] {dag.py:3047} INFO - Sync 1 DAGs
[2025-06-03T13:40:21.313+0000] {logging_mixin.py:188} INFO - [2025-06-03T13:40:21.313+0000] {dag.py:3834} INFO - Setting next_dagrun for example_trigger_controller_dag to 2021-01-01 00:00:00+00:00, run_after=2021-01-01 00:00:00+00:00
[2025-06-03T13:40:21.328+0000] {processor.py:183} INFO - Processing /home/airflow/.local/lib/python3.8/site-packages/airflow/example_dags/example_trigger_controller_dag.py took 0.088 seconds
