[2025-06-03T13:16:59.375+0000] {processor.py:161} INFO - Started process (PID=86) to work on /home/airflow/.local/lib/python3.8/site-packages/airflow/example_dags/example_python_decorator.py
[2025-06-03T13:16:59.378+0000] {processor.py:830} INFO - Processing file /home/airflow/.local/lib/python3.8/site-packages/airflow/example_dags/example_python_decorator.py for tasks to queue
[2025-06-03T13:16:59.380+0000] {logging_mixin.py:188} INFO - [2025-06-03T13:16:59.380+0000] {dagbag.py:540} INFO - Filling up the DagBag from /home/airflow/.local/lib/python3.8/site-packages/airflow/example_dags/example_python_decorator.py
[2025-06-03T13:16:59.391+0000] {processor.py:840} INFO - DAG(s) 'example_python_decorator' retrieved from /home/airflow/.local/lib/python3.8/site-packages/airflow/example_dags/example_python_decorator.py
[2025-06-03T13:16:59.396+0000] {logging_mixin.py:188} INFO - [2025-06-03T13:16:59.396+0000] {dag.py:3047} INFO - Sync 1 DAGs
[2025-06-03T13:16:59.401+0000] {logging_mixin.py:188} INFO - [2025-06-03T13:16:59.401+0000] {dag.py:3834} INFO - Setting next_dagrun for example_python_decorator to None, run_after=None
[2025-06-03T13:16:59.410+0000] {processor.py:183} INFO - Processing /home/airflow/.local/lib/python3.8/site-packages/airflow/example_dags/example_python_decorator.py took 0.039 seconds
[2025-06-03T13:17:30.395+0000] {processor.py:161} INFO - Started process (PID=141) to work on /home/airflow/.local/lib/python3.8/site-packages/airflow/example_dags/example_python_decorator.py
[2025-06-03T13:17:30.396+0000] {processor.py:830} INFO - Processing file /home/airflow/.local/lib/python3.8/site-packages/airflow/example_dags/example_python_decorator.py for tasks to queue
[2025-06-03T13:17:30.396+0000] {logging_mixin.py:188} INFO - [2025-06-03T13:17:30.396+0000] {dagbag.py:540} INFO - Filling up the DagBag from /home/airflow/.local/lib/python3.8/site-packages/airflow/example_dags/example_python_decorator.py
[2025-06-03T13:17:30.402+0000] {processor.py:840} INFO - DAG(s) 'example_python_decorator' retrieved from /home/airflow/.local/lib/python3.8/site-packages/airflow/example_dags/example_python_decorator.py
[2025-06-03T13:17:30.439+0000] {logging_mixin.py:188} INFO - [2025-06-03T13:17:30.439+0000] {dag.py:3047} INFO - Sync 1 DAGs
[2025-06-03T13:17:30.443+0000] {logging_mixin.py:188} INFO - [2025-06-03T13:17:30.442+0000] {dag.py:3834} INFO - Setting next_dagrun for example_python_decorator to None, run_after=None
[2025-06-03T13:17:30.449+0000] {processor.py:183} INFO - Processing /home/airflow/.local/lib/python3.8/site-packages/airflow/example_dags/example_python_decorator.py took 0.055 seconds
[2025-06-03T13:18:01.061+0000] {processor.py:161} INFO - Started process (PID=196) to work on /home/airflow/.local/lib/python3.8/site-packages/airflow/example_dags/example_python_decorator.py
[2025-06-03T13:18:01.062+0000] {processor.py:830} INFO - Processing file /home/airflow/.local/lib/python3.8/site-packages/airflow/example_dags/example_python_decorator.py for tasks to queue
[2025-06-03T13:18:01.063+0000] {logging_mixin.py:188} INFO - [2025-06-03T13:18:01.063+0000] {dagbag.py:540} INFO - Filling up the DagBag from /home/airflow/.local/lib/python3.8/site-packages/airflow/example_dags/example_python_decorator.py
[2025-06-03T13:18:01.068+0000] {processor.py:840} INFO - DAG(s) 'example_python_decorator' retrieved from /home/airflow/.local/lib/python3.8/site-packages/airflow/example_dags/example_python_decorator.py
[2025-06-03T13:18:01.078+0000] {logging_mixin.py:188} INFO - [2025-06-03T13:18:01.078+0000] {dag.py:3047} INFO - Sync 1 DAGs
[2025-06-03T13:18:01.083+0000] {logging_mixin.py:188} INFO - [2025-06-03T13:18:01.083+0000] {dag.py:3834} INFO - Setting next_dagrun for example_python_decorator to None, run_after=None
[2025-06-03T13:18:01.090+0000] {processor.py:183} INFO - Processing /home/airflow/.local/lib/python3.8/site-packages/airflow/example_dags/example_python_decorator.py took 0.030 seconds
[2025-06-03T13:18:31.676+0000] {processor.py:161} INFO - Started process (PID=251) to work on /home/airflow/.local/lib/python3.8/site-packages/airflow/example_dags/example_python_decorator.py
[2025-06-03T13:18:31.677+0000] {processor.py:830} INFO - Processing file /home/airflow/.local/lib/python3.8/site-packages/airflow/example_dags/example_python_decorator.py for tasks to queue
[2025-06-03T13:18:31.678+0000] {logging_mixin.py:188} INFO - [2025-06-03T13:18:31.678+0000] {dagbag.py:540} INFO - Filling up the DagBag from /home/airflow/.local/lib/python3.8/site-packages/airflow/example_dags/example_python_decorator.py
[2025-06-03T13:18:31.684+0000] {processor.py:840} INFO - DAG(s) 'example_python_decorator' retrieved from /home/airflow/.local/lib/python3.8/site-packages/airflow/example_dags/example_python_decorator.py
[2025-06-03T13:18:31.696+0000] {logging_mixin.py:188} INFO - [2025-06-03T13:18:31.695+0000] {dag.py:3047} INFO - Sync 1 DAGs
[2025-06-03T13:18:31.701+0000] {logging_mixin.py:188} INFO - [2025-06-03T13:18:31.701+0000] {dag.py:3834} INFO - Setting next_dagrun for example_python_decorator to None, run_after=None
[2025-06-03T13:18:31.708+0000] {processor.py:183} INFO - Processing /home/airflow/.local/lib/python3.8/site-packages/airflow/example_dags/example_python_decorator.py took 0.033 seconds
[2025-06-03T13:19:02.149+0000] {processor.py:161} INFO - Started process (PID=306) to work on /home/airflow/.local/lib/python3.8/site-packages/airflow/example_dags/example_python_decorator.py
[2025-06-03T13:19:02.152+0000] {processor.py:830} INFO - Processing file /home/airflow/.local/lib/python3.8/site-packages/airflow/example_dags/example_python_decorator.py for tasks to queue
[2025-06-03T13:19:02.153+0000] {logging_mixin.py:188} INFO - [2025-06-03T13:19:02.153+0000] {dagbag.py:540} INFO - Filling up the DagBag from /home/airflow/.local/lib/python3.8/site-packages/airflow/example_dags/example_python_decorator.py
[2025-06-03T13:19:02.162+0000] {processor.py:840} INFO - DAG(s) 'example_python_decorator' retrieved from /home/airflow/.local/lib/python3.8/site-packages/airflow/example_dags/example_python_decorator.py
[2025-06-03T13:19:02.172+0000] {logging_mixin.py:188} INFO - [2025-06-03T13:19:02.172+0000] {dag.py:3047} INFO - Sync 1 DAGs
[2025-06-03T13:19:02.176+0000] {logging_mixin.py:188} INFO - [2025-06-03T13:19:02.176+0000] {dag.py:3834} INFO - Setting next_dagrun for example_python_decorator to None, run_after=None
[2025-06-03T13:19:02.184+0000] {processor.py:183} INFO - Processing /home/airflow/.local/lib/python3.8/site-packages/airflow/example_dags/example_python_decorator.py took 0.036 seconds
[2025-06-03T13:19:32.845+0000] {processor.py:161} INFO - Started process (PID=361) to work on /home/airflow/.local/lib/python3.8/site-packages/airflow/example_dags/example_python_decorator.py
[2025-06-03T13:19:32.845+0000] {processor.py:830} INFO - Processing file /home/airflow/.local/lib/python3.8/site-packages/airflow/example_dags/example_python_decorator.py for tasks to queue
[2025-06-03T13:19:32.846+0000] {logging_mixin.py:188} INFO - [2025-06-03T13:19:32.846+0000] {dagbag.py:540} INFO - Filling up the DagBag from /home/airflow/.local/lib/python3.8/site-packages/airflow/example_dags/example_python_decorator.py
[2025-06-03T13:19:32.852+0000] {processor.py:840} INFO - DAG(s) 'example_python_decorator' retrieved from /home/airflow/.local/lib/python3.8/site-packages/airflow/example_dags/example_python_decorator.py
[2025-06-03T13:19:32.864+0000] {logging_mixin.py:188} INFO - [2025-06-03T13:19:32.864+0000] {dag.py:3047} INFO - Sync 1 DAGs
[2025-06-03T13:19:32.870+0000] {logging_mixin.py:188} INFO - [2025-06-03T13:19:32.870+0000] {dag.py:3834} INFO - Setting next_dagrun for example_python_decorator to None, run_after=None
[2025-06-03T13:19:32.877+0000] {processor.py:183} INFO - Processing /home/airflow/.local/lib/python3.8/site-packages/airflow/example_dags/example_python_decorator.py took 0.034 seconds
[2025-06-03T13:20:03.435+0000] {processor.py:161} INFO - Started process (PID=416) to work on /home/airflow/.local/lib/python3.8/site-packages/airflow/example_dags/example_python_decorator.py
[2025-06-03T13:20:03.436+0000] {processor.py:830} INFO - Processing file /home/airflow/.local/lib/python3.8/site-packages/airflow/example_dags/example_python_decorator.py for tasks to queue
[2025-06-03T13:20:03.436+0000] {logging_mixin.py:188} INFO - [2025-06-03T13:20:03.436+0000] {dagbag.py:540} INFO - Filling up the DagBag from /home/airflow/.local/lib/python3.8/site-packages/airflow/example_dags/example_python_decorator.py
[2025-06-03T13:20:03.442+0000] {processor.py:840} INFO - DAG(s) 'example_python_decorator' retrieved from /home/airflow/.local/lib/python3.8/site-packages/airflow/example_dags/example_python_decorator.py
[2025-06-03T13:20:03.451+0000] {logging_mixin.py:188} INFO - [2025-06-03T13:20:03.451+0000] {dag.py:3047} INFO - Sync 1 DAGs
[2025-06-03T13:20:03.455+0000] {logging_mixin.py:188} INFO - [2025-06-03T13:20:03.455+0000] {dag.py:3834} INFO - Setting next_dagrun for example_python_decorator to None, run_after=None
[2025-06-03T13:20:03.461+0000] {processor.py:183} INFO - Processing /home/airflow/.local/lib/python3.8/site-packages/airflow/example_dags/example_python_decorator.py took 0.027 seconds
[2025-06-03T13:20:34.261+0000] {processor.py:161} INFO - Started process (PID=471) to work on /home/airflow/.local/lib/python3.8/site-packages/airflow/example_dags/example_python_decorator.py
[2025-06-03T13:20:34.262+0000] {processor.py:830} INFO - Processing file /home/airflow/.local/lib/python3.8/site-packages/airflow/example_dags/example_python_decorator.py for tasks to queue
[2025-06-03T13:20:34.263+0000] {logging_mixin.py:188} INFO - [2025-06-03T13:20:34.263+0000] {dagbag.py:540} INFO - Filling up the DagBag from /home/airflow/.local/lib/python3.8/site-packages/airflow/example_dags/example_python_decorator.py
[2025-06-03T13:20:34.272+0000] {processor.py:840} INFO - DAG(s) 'example_python_decorator' retrieved from /home/airflow/.local/lib/python3.8/site-packages/airflow/example_dags/example_python_decorator.py
[2025-06-03T13:20:34.282+0000] {logging_mixin.py:188} INFO - [2025-06-03T13:20:34.282+0000] {dag.py:3047} INFO - Sync 1 DAGs
[2025-06-03T13:20:34.287+0000] {logging_mixin.py:188} INFO - [2025-06-03T13:20:34.287+0000] {dag.py:3834} INFO - Setting next_dagrun for example_python_decorator to None, run_after=None
[2025-06-03T13:20:34.293+0000] {processor.py:183} INFO - Processing /home/airflow/.local/lib/python3.8/site-packages/airflow/example_dags/example_python_decorator.py took 0.034 seconds
[2025-06-03T13:21:05.138+0000] {processor.py:161} INFO - Started process (PID=526) to work on /home/airflow/.local/lib/python3.8/site-packages/airflow/example_dags/example_python_decorator.py
[2025-06-03T13:21:05.139+0000] {processor.py:830} INFO - Processing file /home/airflow/.local/lib/python3.8/site-packages/airflow/example_dags/example_python_decorator.py for tasks to queue
[2025-06-03T13:21:05.140+0000] {logging_mixin.py:188} INFO - [2025-06-03T13:21:05.140+0000] {dagbag.py:540} INFO - Filling up the DagBag from /home/airflow/.local/lib/python3.8/site-packages/airflow/example_dags/example_python_decorator.py
[2025-06-03T13:21:05.148+0000] {processor.py:840} INFO - DAG(s) 'example_python_decorator' retrieved from /home/airflow/.local/lib/python3.8/site-packages/airflow/example_dags/example_python_decorator.py
[2025-06-03T13:21:05.158+0000] {logging_mixin.py:188} INFO - [2025-06-03T13:21:05.158+0000] {dag.py:3047} INFO - Sync 1 DAGs
[2025-06-03T13:21:05.167+0000] {logging_mixin.py:188} INFO - [2025-06-03T13:21:05.167+0000] {dag.py:3834} INFO - Setting next_dagrun for example_python_decorator to None, run_after=None
[2025-06-03T13:21:05.175+0000] {processor.py:183} INFO - Processing /home/airflow/.local/lib/python3.8/site-packages/airflow/example_dags/example_python_decorator.py took 0.039 seconds
[2025-06-03T13:21:35.985+0000] {processor.py:161} INFO - Started process (PID=581) to work on /home/airflow/.local/lib/python3.8/site-packages/airflow/example_dags/example_python_decorator.py
[2025-06-03T13:21:35.985+0000] {processor.py:830} INFO - Processing file /home/airflow/.local/lib/python3.8/site-packages/airflow/example_dags/example_python_decorator.py for tasks to queue
[2025-06-03T13:21:35.987+0000] {logging_mixin.py:188} INFO - [2025-06-03T13:21:35.987+0000] {dagbag.py:540} INFO - Filling up the DagBag from /home/airflow/.local/lib/python3.8/site-packages/airflow/example_dags/example_python_decorator.py
[2025-06-03T13:21:35.996+0000] {processor.py:840} INFO - DAG(s) 'example_python_decorator' retrieved from /home/airflow/.local/lib/python3.8/site-packages/airflow/example_dags/example_python_decorator.py
[2025-06-03T13:21:36.010+0000] {logging_mixin.py:188} INFO - [2025-06-03T13:21:36.009+0000] {dag.py:3047} INFO - Sync 1 DAGs
[2025-06-03T13:21:36.015+0000] {logging_mixin.py:188} INFO - [2025-06-03T13:21:36.015+0000] {dag.py:3834} INFO - Setting next_dagrun for example_python_decorator to None, run_after=None
[2025-06-03T13:21:36.025+0000] {processor.py:183} INFO - Processing /home/airflow/.local/lib/python3.8/site-packages/airflow/example_dags/example_python_decorator.py took 0.043 seconds
[2025-06-03T13:22:06.965+0000] {processor.py:161} INFO - Started process (PID=636) to work on /home/airflow/.local/lib/python3.8/site-packages/airflow/example_dags/example_python_decorator.py
[2025-06-03T13:22:06.966+0000] {processor.py:830} INFO - Processing file /home/airflow/.local/lib/python3.8/site-packages/airflow/example_dags/example_python_decorator.py for tasks to queue
[2025-06-03T13:22:06.966+0000] {logging_mixin.py:188} INFO - [2025-06-03T13:22:06.966+0000] {dagbag.py:540} INFO - Filling up the DagBag from /home/airflow/.local/lib/python3.8/site-packages/airflow/example_dags/example_python_decorator.py
[2025-06-03T13:22:06.973+0000] {processor.py:840} INFO - DAG(s) 'example_python_decorator' retrieved from /home/airflow/.local/lib/python3.8/site-packages/airflow/example_dags/example_python_decorator.py
[2025-06-03T13:22:06.983+0000] {logging_mixin.py:188} INFO - [2025-06-03T13:22:06.983+0000] {dag.py:3047} INFO - Sync 1 DAGs
[2025-06-03T13:22:06.987+0000] {logging_mixin.py:188} INFO - [2025-06-03T13:22:06.987+0000] {dag.py:3834} INFO - Setting next_dagrun for example_python_decorator to None, run_after=None
[2025-06-03T13:22:06.994+0000] {processor.py:183} INFO - Processing /home/airflow/.local/lib/python3.8/site-packages/airflow/example_dags/example_python_decorator.py took 0.030 seconds
[2025-06-03T13:22:37.913+0000] {processor.py:161} INFO - Started process (PID=691) to work on /home/airflow/.local/lib/python3.8/site-packages/airflow/example_dags/example_python_decorator.py
[2025-06-03T13:22:37.915+0000] {processor.py:830} INFO - Processing file /home/airflow/.local/lib/python3.8/site-packages/airflow/example_dags/example_python_decorator.py for tasks to queue
[2025-06-03T13:22:37.917+0000] {logging_mixin.py:188} INFO - [2025-06-03T13:22:37.917+0000] {dagbag.py:540} INFO - Filling up the DagBag from /home/airflow/.local/lib/python3.8/site-packages/airflow/example_dags/example_python_decorator.py
[2025-06-03T13:22:37.924+0000] {processor.py:840} INFO - DAG(s) 'example_python_decorator' retrieved from /home/airflow/.local/lib/python3.8/site-packages/airflow/example_dags/example_python_decorator.py
[2025-06-03T13:22:37.932+0000] {logging_mixin.py:188} INFO - [2025-06-03T13:22:37.932+0000] {dag.py:3047} INFO - Sync 1 DAGs
[2025-06-03T13:22:37.937+0000] {logging_mixin.py:188} INFO - [2025-06-03T13:22:37.937+0000] {dag.py:3834} INFO - Setting next_dagrun for example_python_decorator to None, run_after=None
[2025-06-03T13:22:37.943+0000] {processor.py:183} INFO - Processing /home/airflow/.local/lib/python3.8/site-packages/airflow/example_dags/example_python_decorator.py took 0.031 seconds
[2025-06-03T13:23:08.782+0000] {processor.py:161} INFO - Started process (PID=746) to work on /home/airflow/.local/lib/python3.8/site-packages/airflow/example_dags/example_python_decorator.py
[2025-06-03T13:23:08.782+0000] {processor.py:830} INFO - Processing file /home/airflow/.local/lib/python3.8/site-packages/airflow/example_dags/example_python_decorator.py for tasks to queue
[2025-06-03T13:23:08.784+0000] {logging_mixin.py:188} INFO - [2025-06-03T13:23:08.783+0000] {dagbag.py:540} INFO - Filling up the DagBag from /home/airflow/.local/lib/python3.8/site-packages/airflow/example_dags/example_python_decorator.py
[2025-06-03T13:23:08.791+0000] {processor.py:840} INFO - DAG(s) 'example_python_decorator' retrieved from /home/airflow/.local/lib/python3.8/site-packages/airflow/example_dags/example_python_decorator.py
[2025-06-03T13:23:08.805+0000] {logging_mixin.py:188} INFO - [2025-06-03T13:23:08.805+0000] {dag.py:3047} INFO - Sync 1 DAGs
[2025-06-03T13:23:08.812+0000] {logging_mixin.py:188} INFO - [2025-06-03T13:23:08.812+0000] {dag.py:3834} INFO - Setting next_dagrun for example_python_decorator to None, run_after=None
[2025-06-03T13:23:08.822+0000] {processor.py:183} INFO - Processing /home/airflow/.local/lib/python3.8/site-packages/airflow/example_dags/example_python_decorator.py took 0.044 seconds
[2025-06-03T13:23:39.872+0000] {processor.py:161} INFO - Started process (PID=801) to work on /home/airflow/.local/lib/python3.8/site-packages/airflow/example_dags/example_python_decorator.py
[2025-06-03T13:23:39.873+0000] {processor.py:830} INFO - Processing file /home/airflow/.local/lib/python3.8/site-packages/airflow/example_dags/example_python_decorator.py for tasks to queue
[2025-06-03T13:23:39.874+0000] {logging_mixin.py:188} INFO - [2025-06-03T13:23:39.874+0000] {dagbag.py:540} INFO - Filling up the DagBag from /home/airflow/.local/lib/python3.8/site-packages/airflow/example_dags/example_python_decorator.py
[2025-06-03T13:23:39.888+0000] {processor.py:840} INFO - DAG(s) 'example_python_decorator' retrieved from /home/airflow/.local/lib/python3.8/site-packages/airflow/example_dags/example_python_decorator.py
[2025-06-03T13:23:39.916+0000] {logging_mixin.py:188} INFO - [2025-06-03T13:23:39.916+0000] {dag.py:3047} INFO - Sync 1 DAGs
[2025-06-03T13:23:39.923+0000] {logging_mixin.py:188} INFO - [2025-06-03T13:23:39.922+0000] {dag.py:3834} INFO - Setting next_dagrun for example_python_decorator to None, run_after=None
[2025-06-03T13:23:39.931+0000] {processor.py:183} INFO - Processing /home/airflow/.local/lib/python3.8/site-packages/airflow/example_dags/example_python_decorator.py took 0.061 seconds
[2025-06-03T13:24:09.984+0000] {processor.py:161} INFO - Started process (PID=856) to work on /home/airflow/.local/lib/python3.8/site-packages/airflow/example_dags/example_python_decorator.py
[2025-06-03T13:24:09.985+0000] {processor.py:830} INFO - Processing file /home/airflow/.local/lib/python3.8/site-packages/airflow/example_dags/example_python_decorator.py for tasks to queue
[2025-06-03T13:24:09.985+0000] {logging_mixin.py:188} INFO - [2025-06-03T13:24:09.985+0000] {dagbag.py:540} INFO - Filling up the DagBag from /home/airflow/.local/lib/python3.8/site-packages/airflow/example_dags/example_python_decorator.py
[2025-06-03T13:24:09.990+0000] {processor.py:840} INFO - DAG(s) 'example_python_decorator' retrieved from /home/airflow/.local/lib/python3.8/site-packages/airflow/example_dags/example_python_decorator.py
[2025-06-03T13:24:09.999+0000] {logging_mixin.py:188} INFO - [2025-06-03T13:24:09.998+0000] {dag.py:3047} INFO - Sync 1 DAGs
[2025-06-03T13:24:10.003+0000] {logging_mixin.py:188} INFO - [2025-06-03T13:24:10.003+0000] {dag.py:3834} INFO - Setting next_dagrun for example_python_decorator to None, run_after=None
[2025-06-03T13:24:10.009+0000] {processor.py:183} INFO - Processing /home/airflow/.local/lib/python3.8/site-packages/airflow/example_dags/example_python_decorator.py took 0.026 seconds
[2025-06-03T13:24:40.739+0000] {processor.py:161} INFO - Started process (PID=911) to work on /home/airflow/.local/lib/python3.8/site-packages/airflow/example_dags/example_python_decorator.py
[2025-06-03T13:24:40.740+0000] {processor.py:830} INFO - Processing file /home/airflow/.local/lib/python3.8/site-packages/airflow/example_dags/example_python_decorator.py for tasks to queue
[2025-06-03T13:24:40.740+0000] {logging_mixin.py:188} INFO - [2025-06-03T13:24:40.740+0000] {dagbag.py:540} INFO - Filling up the DagBag from /home/airflow/.local/lib/python3.8/site-packages/airflow/example_dags/example_python_decorator.py
[2025-06-03T13:24:40.745+0000] {processor.py:840} INFO - DAG(s) 'example_python_decorator' retrieved from /home/airflow/.local/lib/python3.8/site-packages/airflow/example_dags/example_python_decorator.py
[2025-06-03T13:24:40.753+0000] {logging_mixin.py:188} INFO - [2025-06-03T13:24:40.753+0000] {dag.py:3047} INFO - Sync 1 DAGs
[2025-06-03T13:24:40.757+0000] {logging_mixin.py:188} INFO - [2025-06-03T13:24:40.757+0000] {dag.py:3834} INFO - Setting next_dagrun for example_python_decorator to None, run_after=None
[2025-06-03T13:24:40.763+0000] {processor.py:183} INFO - Processing /home/airflow/.local/lib/python3.8/site-packages/airflow/example_dags/example_python_decorator.py took 0.025 seconds
[2025-06-03T13:25:11.635+0000] {processor.py:161} INFO - Started process (PID=966) to work on /home/airflow/.local/lib/python3.8/site-packages/airflow/example_dags/example_python_decorator.py
[2025-06-03T13:25:11.636+0000] {processor.py:830} INFO - Processing file /home/airflow/.local/lib/python3.8/site-packages/airflow/example_dags/example_python_decorator.py for tasks to queue
[2025-06-03T13:25:11.637+0000] {logging_mixin.py:188} INFO - [2025-06-03T13:25:11.636+0000] {dagbag.py:540} INFO - Filling up the DagBag from /home/airflow/.local/lib/python3.8/site-packages/airflow/example_dags/example_python_decorator.py
[2025-06-03T13:25:11.642+0000] {processor.py:840} INFO - DAG(s) 'example_python_decorator' retrieved from /home/airflow/.local/lib/python3.8/site-packages/airflow/example_dags/example_python_decorator.py
[2025-06-03T13:25:11.651+0000] {logging_mixin.py:188} INFO - [2025-06-03T13:25:11.651+0000] {dag.py:3047} INFO - Sync 1 DAGs
[2025-06-03T13:25:11.655+0000] {logging_mixin.py:188} INFO - [2025-06-03T13:25:11.655+0000] {dag.py:3834} INFO - Setting next_dagrun for example_python_decorator to None, run_after=None
[2025-06-03T13:25:11.661+0000] {processor.py:183} INFO - Processing /home/airflow/.local/lib/python3.8/site-packages/airflow/example_dags/example_python_decorator.py took 0.028 seconds
[2025-06-03T13:25:42.299+0000] {processor.py:161} INFO - Started process (PID=1021) to work on /home/airflow/.local/lib/python3.8/site-packages/airflow/example_dags/example_python_decorator.py
[2025-06-03T13:25:42.301+0000] {processor.py:830} INFO - Processing file /home/airflow/.local/lib/python3.8/site-packages/airflow/example_dags/example_python_decorator.py for tasks to queue
[2025-06-03T13:25:42.302+0000] {logging_mixin.py:188} INFO - [2025-06-03T13:25:42.302+0000] {dagbag.py:540} INFO - Filling up the DagBag from /home/airflow/.local/lib/python3.8/site-packages/airflow/example_dags/example_python_decorator.py
[2025-06-03T13:25:42.310+0000] {processor.py:840} INFO - DAG(s) 'example_python_decorator' retrieved from /home/airflow/.local/lib/python3.8/site-packages/airflow/example_dags/example_python_decorator.py
[2025-06-03T13:25:42.320+0000] {logging_mixin.py:188} INFO - [2025-06-03T13:25:42.320+0000] {dag.py:3047} INFO - Sync 1 DAGs
[2025-06-03T13:25:42.326+0000] {logging_mixin.py:188} INFO - [2025-06-03T13:25:42.326+0000] {dag.py:3834} INFO - Setting next_dagrun for example_python_decorator to None, run_after=None
[2025-06-03T13:25:42.335+0000] {processor.py:183} INFO - Processing /home/airflow/.local/lib/python3.8/site-packages/airflow/example_dags/example_python_decorator.py took 0.037 seconds
[2025-06-03T13:26:13.335+0000] {processor.py:161} INFO - Started process (PID=1076) to work on /home/airflow/.local/lib/python3.8/site-packages/airflow/example_dags/example_python_decorator.py
[2025-06-03T13:26:13.335+0000] {processor.py:830} INFO - Processing file /home/airflow/.local/lib/python3.8/site-packages/airflow/example_dags/example_python_decorator.py for tasks to queue
[2025-06-03T13:26:13.337+0000] {logging_mixin.py:188} INFO - [2025-06-03T13:26:13.337+0000] {dagbag.py:540} INFO - Filling up the DagBag from /home/airflow/.local/lib/python3.8/site-packages/airflow/example_dags/example_python_decorator.py
[2025-06-03T13:26:13.343+0000] {processor.py:840} INFO - DAG(s) 'example_python_decorator' retrieved from /home/airflow/.local/lib/python3.8/site-packages/airflow/example_dags/example_python_decorator.py
[2025-06-03T13:26:13.353+0000] {logging_mixin.py:188} INFO - [2025-06-03T13:26:13.353+0000] {dag.py:3047} INFO - Sync 1 DAGs
[2025-06-03T13:26:13.360+0000] {logging_mixin.py:188} INFO - [2025-06-03T13:26:13.360+0000] {dag.py:3834} INFO - Setting next_dagrun for example_python_decorator to None, run_after=None
[2025-06-03T13:26:13.367+0000] {processor.py:183} INFO - Processing /home/airflow/.local/lib/python3.8/site-packages/airflow/example_dags/example_python_decorator.py took 0.034 seconds
[2025-06-03T13:26:43.438+0000] {processor.py:161} INFO - Started process (PID=1131) to work on /home/airflow/.local/lib/python3.8/site-packages/airflow/example_dags/example_python_decorator.py
[2025-06-03T13:26:43.439+0000] {processor.py:830} INFO - Processing file /home/airflow/.local/lib/python3.8/site-packages/airflow/example_dags/example_python_decorator.py for tasks to queue
[2025-06-03T13:26:43.440+0000] {logging_mixin.py:188} INFO - [2025-06-03T13:26:43.440+0000] {dagbag.py:540} INFO - Filling up the DagBag from /home/airflow/.local/lib/python3.8/site-packages/airflow/example_dags/example_python_decorator.py
[2025-06-03T13:26:43.445+0000] {processor.py:840} INFO - DAG(s) 'example_python_decorator' retrieved from /home/airflow/.local/lib/python3.8/site-packages/airflow/example_dags/example_python_decorator.py
[2025-06-03T13:26:43.458+0000] {logging_mixin.py:188} INFO - [2025-06-03T13:26:43.458+0000] {dag.py:3047} INFO - Sync 1 DAGs
[2025-06-03T13:26:43.463+0000] {logging_mixin.py:188} INFO - [2025-06-03T13:26:43.463+0000] {dag.py:3834} INFO - Setting next_dagrun for example_python_decorator to None, run_after=None
[2025-06-03T13:26:43.470+0000] {processor.py:183} INFO - Processing /home/airflow/.local/lib/python3.8/site-packages/airflow/example_dags/example_python_decorator.py took 0.033 seconds
[2025-06-03T13:27:14.090+0000] {processor.py:161} INFO - Started process (PID=1186) to work on /home/airflow/.local/lib/python3.8/site-packages/airflow/example_dags/example_python_decorator.py
[2025-06-03T13:27:14.090+0000] {processor.py:830} INFO - Processing file /home/airflow/.local/lib/python3.8/site-packages/airflow/example_dags/example_python_decorator.py for tasks to queue
[2025-06-03T13:27:14.091+0000] {logging_mixin.py:188} INFO - [2025-06-03T13:27:14.091+0000] {dagbag.py:540} INFO - Filling up the DagBag from /home/airflow/.local/lib/python3.8/site-packages/airflow/example_dags/example_python_decorator.py
[2025-06-03T13:27:14.097+0000] {processor.py:840} INFO - DAG(s) 'example_python_decorator' retrieved from /home/airflow/.local/lib/python3.8/site-packages/airflow/example_dags/example_python_decorator.py
[2025-06-03T13:27:14.106+0000] {logging_mixin.py:188} INFO - [2025-06-03T13:27:14.106+0000] {dag.py:3047} INFO - Sync 1 DAGs
[2025-06-03T13:27:14.110+0000] {logging_mixin.py:188} INFO - [2025-06-03T13:27:14.110+0000] {dag.py:3834} INFO - Setting next_dagrun for example_python_decorator to None, run_after=None
[2025-06-03T13:27:14.119+0000] {processor.py:183} INFO - Processing /home/airflow/.local/lib/python3.8/site-packages/airflow/example_dags/example_python_decorator.py took 0.031 seconds
[2025-06-03T13:27:44.611+0000] {processor.py:161} INFO - Started process (PID=1241) to work on /home/airflow/.local/lib/python3.8/site-packages/airflow/example_dags/example_python_decorator.py
[2025-06-03T13:27:44.612+0000] {processor.py:830} INFO - Processing file /home/airflow/.local/lib/python3.8/site-packages/airflow/example_dags/example_python_decorator.py for tasks to queue
[2025-06-03T13:27:44.612+0000] {logging_mixin.py:188} INFO - [2025-06-03T13:27:44.612+0000] {dagbag.py:540} INFO - Filling up the DagBag from /home/airflow/.local/lib/python3.8/site-packages/airflow/example_dags/example_python_decorator.py
[2025-06-03T13:27:44.620+0000] {processor.py:840} INFO - DAG(s) 'example_python_decorator' retrieved from /home/airflow/.local/lib/python3.8/site-packages/airflow/example_dags/example_python_decorator.py
[2025-06-03T13:27:44.630+0000] {logging_mixin.py:188} INFO - [2025-06-03T13:27:44.630+0000] {dag.py:3047} INFO - Sync 1 DAGs
[2025-06-03T13:27:44.635+0000] {logging_mixin.py:188} INFO - [2025-06-03T13:27:44.635+0000] {dag.py:3834} INFO - Setting next_dagrun for example_python_decorator to None, run_after=None
[2025-06-03T13:27:44.642+0000] {processor.py:183} INFO - Processing /home/airflow/.local/lib/python3.8/site-packages/airflow/example_dags/example_python_decorator.py took 0.032 seconds
[2025-06-03T13:28:15.263+0000] {processor.py:161} INFO - Started process (PID=1296) to work on /home/airflow/.local/lib/python3.8/site-packages/airflow/example_dags/example_python_decorator.py
[2025-06-03T13:28:15.265+0000] {processor.py:830} INFO - Processing file /home/airflow/.local/lib/python3.8/site-packages/airflow/example_dags/example_python_decorator.py for tasks to queue
[2025-06-03T13:28:15.266+0000] {logging_mixin.py:188} INFO - [2025-06-03T13:28:15.266+0000] {dagbag.py:540} INFO - Filling up the DagBag from /home/airflow/.local/lib/python3.8/site-packages/airflow/example_dags/example_python_decorator.py
[2025-06-03T13:28:15.272+0000] {processor.py:840} INFO - DAG(s) 'example_python_decorator' retrieved from /home/airflow/.local/lib/python3.8/site-packages/airflow/example_dags/example_python_decorator.py
[2025-06-03T13:28:15.281+0000] {logging_mixin.py:188} INFO - [2025-06-03T13:28:15.281+0000] {dag.py:3047} INFO - Sync 1 DAGs
[2025-06-03T13:28:15.286+0000] {logging_mixin.py:188} INFO - [2025-06-03T13:28:15.286+0000] {dag.py:3834} INFO - Setting next_dagrun for example_python_decorator to None, run_after=None
[2025-06-03T13:28:15.292+0000] {processor.py:183} INFO - Processing /home/airflow/.local/lib/python3.8/site-packages/airflow/example_dags/example_python_decorator.py took 0.032 seconds
[2025-06-03T13:28:45.960+0000] {processor.py:161} INFO - Started process (PID=1351) to work on /home/airflow/.local/lib/python3.8/site-packages/airflow/example_dags/example_python_decorator.py
[2025-06-03T13:28:45.964+0000] {processor.py:830} INFO - Processing file /home/airflow/.local/lib/python3.8/site-packages/airflow/example_dags/example_python_decorator.py for tasks to queue
[2025-06-03T13:28:45.965+0000] {logging_mixin.py:188} INFO - [2025-06-03T13:28:45.965+0000] {dagbag.py:540} INFO - Filling up the DagBag from /home/airflow/.local/lib/python3.8/site-packages/airflow/example_dags/example_python_decorator.py
[2025-06-03T13:28:45.972+0000] {processor.py:840} INFO - DAG(s) 'example_python_decorator' retrieved from /home/airflow/.local/lib/python3.8/site-packages/airflow/example_dags/example_python_decorator.py
[2025-06-03T13:28:45.987+0000] {logging_mixin.py:188} INFO - [2025-06-03T13:28:45.987+0000] {dag.py:3047} INFO - Sync 1 DAGs
[2025-06-03T13:28:45.993+0000] {logging_mixin.py:188} INFO - [2025-06-03T13:28:45.993+0000] {dag.py:3834} INFO - Setting next_dagrun for example_python_decorator to None, run_after=None
[2025-06-03T13:28:46.001+0000] {processor.py:183} INFO - Processing /home/airflow/.local/lib/python3.8/site-packages/airflow/example_dags/example_python_decorator.py took 0.043 seconds
[2025-06-03T13:29:16.059+0000] {processor.py:161} INFO - Started process (PID=1406) to work on /home/airflow/.local/lib/python3.8/site-packages/airflow/example_dags/example_python_decorator.py
[2025-06-03T13:29:16.060+0000] {processor.py:830} INFO - Processing file /home/airflow/.local/lib/python3.8/site-packages/airflow/example_dags/example_python_decorator.py for tasks to queue
[2025-06-03T13:29:16.061+0000] {logging_mixin.py:188} INFO - [2025-06-03T13:29:16.060+0000] {dagbag.py:540} INFO - Filling up the DagBag from /home/airflow/.local/lib/python3.8/site-packages/airflow/example_dags/example_python_decorator.py
[2025-06-03T13:29:16.066+0000] {processor.py:840} INFO - DAG(s) 'example_python_decorator' retrieved from /home/airflow/.local/lib/python3.8/site-packages/airflow/example_dags/example_python_decorator.py
[2025-06-03T13:29:16.074+0000] {logging_mixin.py:188} INFO - [2025-06-03T13:29:16.074+0000] {dag.py:3047} INFO - Sync 1 DAGs
[2025-06-03T13:29:16.079+0000] {logging_mixin.py:188} INFO - [2025-06-03T13:29:16.079+0000] {dag.py:3834} INFO - Setting next_dagrun for example_python_decorator to None, run_after=None
[2025-06-03T13:29:16.087+0000] {processor.py:183} INFO - Processing /home/airflow/.local/lib/python3.8/site-packages/airflow/example_dags/example_python_decorator.py took 0.029 seconds
[2025-06-03T13:29:46.402+0000] {processor.py:161} INFO - Started process (PID=1461) to work on /home/airflow/.local/lib/python3.8/site-packages/airflow/example_dags/example_python_decorator.py
[2025-06-03T13:29:46.403+0000] {processor.py:830} INFO - Processing file /home/airflow/.local/lib/python3.8/site-packages/airflow/example_dags/example_python_decorator.py for tasks to queue
[2025-06-03T13:29:46.404+0000] {logging_mixin.py:188} INFO - [2025-06-03T13:29:46.404+0000] {dagbag.py:540} INFO - Filling up the DagBag from /home/airflow/.local/lib/python3.8/site-packages/airflow/example_dags/example_python_decorator.py
[2025-06-03T13:29:46.412+0000] {processor.py:840} INFO - DAG(s) 'example_python_decorator' retrieved from /home/airflow/.local/lib/python3.8/site-packages/airflow/example_dags/example_python_decorator.py
[2025-06-03T13:29:46.421+0000] {logging_mixin.py:188} INFO - [2025-06-03T13:29:46.421+0000] {dag.py:3047} INFO - Sync 1 DAGs
[2025-06-03T13:29:46.425+0000] {logging_mixin.py:188} INFO - [2025-06-03T13:29:46.425+0000] {dag.py:3834} INFO - Setting next_dagrun for example_python_decorator to None, run_after=None
[2025-06-03T13:29:46.432+0000] {processor.py:183} INFO - Processing /home/airflow/.local/lib/python3.8/site-packages/airflow/example_dags/example_python_decorator.py took 0.031 seconds
[2025-06-03T13:30:16.733+0000] {processor.py:161} INFO - Started process (PID=1516) to work on /home/airflow/.local/lib/python3.8/site-packages/airflow/example_dags/example_python_decorator.py
[2025-06-03T13:30:16.735+0000] {processor.py:830} INFO - Processing file /home/airflow/.local/lib/python3.8/site-packages/airflow/example_dags/example_python_decorator.py for tasks to queue
[2025-06-03T13:30:16.735+0000] {logging_mixin.py:188} INFO - [2025-06-03T13:30:16.735+0000] {dagbag.py:540} INFO - Filling up the DagBag from /home/airflow/.local/lib/python3.8/site-packages/airflow/example_dags/example_python_decorator.py
[2025-06-03T13:30:16.742+0000] {processor.py:840} INFO - DAG(s) 'example_python_decorator' retrieved from /home/airflow/.local/lib/python3.8/site-packages/airflow/example_dags/example_python_decorator.py
[2025-06-03T13:30:16.750+0000] {logging_mixin.py:188} INFO - [2025-06-03T13:30:16.750+0000] {dag.py:3047} INFO - Sync 1 DAGs
[2025-06-03T13:30:16.754+0000] {logging_mixin.py:188} INFO - [2025-06-03T13:30:16.754+0000] {dag.py:3834} INFO - Setting next_dagrun for example_python_decorator to None, run_after=None
[2025-06-03T13:30:16.761+0000] {processor.py:183} INFO - Processing /home/airflow/.local/lib/python3.8/site-packages/airflow/example_dags/example_python_decorator.py took 0.029 seconds
[2025-06-03T13:30:47.038+0000] {processor.py:161} INFO - Started process (PID=1570) to work on /home/airflow/.local/lib/python3.8/site-packages/airflow/example_dags/example_python_decorator.py
[2025-06-03T13:30:47.040+0000] {processor.py:830} INFO - Processing file /home/airflow/.local/lib/python3.8/site-packages/airflow/example_dags/example_python_decorator.py for tasks to queue
[2025-06-03T13:30:47.041+0000] {logging_mixin.py:188} INFO - [2025-06-03T13:30:47.041+0000] {dagbag.py:540} INFO - Filling up the DagBag from /home/airflow/.local/lib/python3.8/site-packages/airflow/example_dags/example_python_decorator.py
[2025-06-03T13:30:47.048+0000] {processor.py:840} INFO - DAG(s) 'example_python_decorator' retrieved from /home/airflow/.local/lib/python3.8/site-packages/airflow/example_dags/example_python_decorator.py
[2025-06-03T13:30:47.057+0000] {logging_mixin.py:188} INFO - [2025-06-03T13:30:47.057+0000] {dag.py:3047} INFO - Sync 1 DAGs
[2025-06-03T13:30:47.061+0000] {logging_mixin.py:188} INFO - [2025-06-03T13:30:47.061+0000] {dag.py:3834} INFO - Setting next_dagrun for example_python_decorator to None, run_after=None
[2025-06-03T13:30:47.067+0000] {processor.py:183} INFO - Processing /home/airflow/.local/lib/python3.8/site-packages/airflow/example_dags/example_python_decorator.py took 0.030 seconds
[2025-06-03T13:31:17.322+0000] {processor.py:161} INFO - Started process (PID=1625) to work on /home/airflow/.local/lib/python3.8/site-packages/airflow/example_dags/example_python_decorator.py
[2025-06-03T13:31:17.322+0000] {processor.py:830} INFO - Processing file /home/airflow/.local/lib/python3.8/site-packages/airflow/example_dags/example_python_decorator.py for tasks to queue
[2025-06-03T13:31:17.323+0000] {logging_mixin.py:188} INFO - [2025-06-03T13:31:17.323+0000] {dagbag.py:540} INFO - Filling up the DagBag from /home/airflow/.local/lib/python3.8/site-packages/airflow/example_dags/example_python_decorator.py
[2025-06-03T13:31:17.330+0000] {processor.py:840} INFO - DAG(s) 'example_python_decorator' retrieved from /home/airflow/.local/lib/python3.8/site-packages/airflow/example_dags/example_python_decorator.py
[2025-06-03T13:31:17.339+0000] {logging_mixin.py:188} INFO - [2025-06-03T13:31:17.339+0000] {dag.py:3047} INFO - Sync 1 DAGs
[2025-06-03T13:31:17.344+0000] {logging_mixin.py:188} INFO - [2025-06-03T13:31:17.343+0000] {dag.py:3834} INFO - Setting next_dagrun for example_python_decorator to None, run_after=None
[2025-06-03T13:31:17.350+0000] {processor.py:183} INFO - Processing /home/airflow/.local/lib/python3.8/site-packages/airflow/example_dags/example_python_decorator.py took 0.030 seconds
[2025-06-03T13:31:47.628+0000] {processor.py:161} INFO - Started process (PID=1680) to work on /home/airflow/.local/lib/python3.8/site-packages/airflow/example_dags/example_python_decorator.py
[2025-06-03T13:31:47.630+0000] {processor.py:830} INFO - Processing file /home/airflow/.local/lib/python3.8/site-packages/airflow/example_dags/example_python_decorator.py for tasks to queue
[2025-06-03T13:31:47.631+0000] {logging_mixin.py:188} INFO - [2025-06-03T13:31:47.631+0000] {dagbag.py:540} INFO - Filling up the DagBag from /home/airflow/.local/lib/python3.8/site-packages/airflow/example_dags/example_python_decorator.py
[2025-06-03T13:31:47.637+0000] {processor.py:840} INFO - DAG(s) 'example_python_decorator' retrieved from /home/airflow/.local/lib/python3.8/site-packages/airflow/example_dags/example_python_decorator.py
[2025-06-03T13:31:47.645+0000] {logging_mixin.py:188} INFO - [2025-06-03T13:31:47.645+0000] {dag.py:3047} INFO - Sync 1 DAGs
[2025-06-03T13:31:47.650+0000] {logging_mixin.py:188} INFO - [2025-06-03T13:31:47.650+0000] {dag.py:3834} INFO - Setting next_dagrun for example_python_decorator to None, run_after=None
[2025-06-03T13:31:47.656+0000] {processor.py:183} INFO - Processing /home/airflow/.local/lib/python3.8/site-packages/airflow/example_dags/example_python_decorator.py took 0.029 seconds
[2025-06-03T13:32:17.905+0000] {processor.py:161} INFO - Started process (PID=1735) to work on /home/airflow/.local/lib/python3.8/site-packages/airflow/example_dags/example_python_decorator.py
[2025-06-03T13:32:17.906+0000] {processor.py:830} INFO - Processing file /home/airflow/.local/lib/python3.8/site-packages/airflow/example_dags/example_python_decorator.py for tasks to queue
[2025-06-03T13:32:17.907+0000] {logging_mixin.py:188} INFO - [2025-06-03T13:32:17.907+0000] {dagbag.py:540} INFO - Filling up the DagBag from /home/airflow/.local/lib/python3.8/site-packages/airflow/example_dags/example_python_decorator.py
[2025-06-03T13:32:17.913+0000] {processor.py:840} INFO - DAG(s) 'example_python_decorator' retrieved from /home/airflow/.local/lib/python3.8/site-packages/airflow/example_dags/example_python_decorator.py
[2025-06-03T13:32:17.920+0000] {logging_mixin.py:188} INFO - [2025-06-03T13:32:17.920+0000] {dag.py:3047} INFO - Sync 1 DAGs
[2025-06-03T13:32:17.925+0000] {logging_mixin.py:188} INFO - [2025-06-03T13:32:17.925+0000] {dag.py:3834} INFO - Setting next_dagrun for example_python_decorator to None, run_after=None
[2025-06-03T13:32:17.931+0000] {processor.py:183} INFO - Processing /home/airflow/.local/lib/python3.8/site-packages/airflow/example_dags/example_python_decorator.py took 0.027 seconds
[2025-06-03T13:32:48.206+0000] {processor.py:161} INFO - Started process (PID=1790) to work on /home/airflow/.local/lib/python3.8/site-packages/airflow/example_dags/example_python_decorator.py
[2025-06-03T13:32:48.208+0000] {processor.py:830} INFO - Processing file /home/airflow/.local/lib/python3.8/site-packages/airflow/example_dags/example_python_decorator.py for tasks to queue
[2025-06-03T13:32:48.209+0000] {logging_mixin.py:188} INFO - [2025-06-03T13:32:48.209+0000] {dagbag.py:540} INFO - Filling up the DagBag from /home/airflow/.local/lib/python3.8/site-packages/airflow/example_dags/example_python_decorator.py
[2025-06-03T13:32:48.216+0000] {processor.py:840} INFO - DAG(s) 'example_python_decorator' retrieved from /home/airflow/.local/lib/python3.8/site-packages/airflow/example_dags/example_python_decorator.py
[2025-06-03T13:32:48.224+0000] {logging_mixin.py:188} INFO - [2025-06-03T13:32:48.223+0000] {dag.py:3047} INFO - Sync 1 DAGs
[2025-06-03T13:32:48.228+0000] {logging_mixin.py:188} INFO - [2025-06-03T13:32:48.228+0000] {dag.py:3834} INFO - Setting next_dagrun for example_python_decorator to None, run_after=None
[2025-06-03T13:32:48.234+0000] {processor.py:183} INFO - Processing /home/airflow/.local/lib/python3.8/site-packages/airflow/example_dags/example_python_decorator.py took 0.030 seconds
[2025-06-03T13:33:18.521+0000] {processor.py:161} INFO - Started process (PID=1845) to work on /home/airflow/.local/lib/python3.8/site-packages/airflow/example_dags/example_python_decorator.py
[2025-06-03T13:33:18.522+0000] {processor.py:830} INFO - Processing file /home/airflow/.local/lib/python3.8/site-packages/airflow/example_dags/example_python_decorator.py for tasks to queue
[2025-06-03T13:33:18.523+0000] {logging_mixin.py:188} INFO - [2025-06-03T13:33:18.523+0000] {dagbag.py:540} INFO - Filling up the DagBag from /home/airflow/.local/lib/python3.8/site-packages/airflow/example_dags/example_python_decorator.py
[2025-06-03T13:33:18.529+0000] {processor.py:840} INFO - DAG(s) 'example_python_decorator' retrieved from /home/airflow/.local/lib/python3.8/site-packages/airflow/example_dags/example_python_decorator.py
[2025-06-03T13:33:18.538+0000] {logging_mixin.py:188} INFO - [2025-06-03T13:33:18.538+0000] {dag.py:3047} INFO - Sync 1 DAGs
[2025-06-03T13:33:18.542+0000] {logging_mixin.py:188} INFO - [2025-06-03T13:33:18.542+0000] {dag.py:3834} INFO - Setting next_dagrun for example_python_decorator to None, run_after=None
[2025-06-03T13:33:18.548+0000] {processor.py:183} INFO - Processing /home/airflow/.local/lib/python3.8/site-packages/airflow/example_dags/example_python_decorator.py took 0.028 seconds
[2025-06-03T13:33:48.767+0000] {processor.py:161} INFO - Started process (PID=1900) to work on /home/airflow/.local/lib/python3.8/site-packages/airflow/example_dags/example_python_decorator.py
[2025-06-03T13:33:48.768+0000] {processor.py:830} INFO - Processing file /home/airflow/.local/lib/python3.8/site-packages/airflow/example_dags/example_python_decorator.py for tasks to queue
[2025-06-03T13:33:48.768+0000] {logging_mixin.py:188} INFO - [2025-06-03T13:33:48.768+0000] {dagbag.py:540} INFO - Filling up the DagBag from /home/airflow/.local/lib/python3.8/site-packages/airflow/example_dags/example_python_decorator.py
[2025-06-03T13:33:48.774+0000] {processor.py:840} INFO - DAG(s) 'example_python_decorator' retrieved from /home/airflow/.local/lib/python3.8/site-packages/airflow/example_dags/example_python_decorator.py
[2025-06-03T13:33:48.782+0000] {logging_mixin.py:188} INFO - [2025-06-03T13:33:48.782+0000] {dag.py:3047} INFO - Sync 1 DAGs
[2025-06-03T13:33:48.786+0000] {logging_mixin.py:188} INFO - [2025-06-03T13:33:48.786+0000] {dag.py:3834} INFO - Setting next_dagrun for example_python_decorator to None, run_after=None
[2025-06-03T13:33:48.793+0000] {processor.py:183} INFO - Processing /home/airflow/.local/lib/python3.8/site-packages/airflow/example_dags/example_python_decorator.py took 0.027 seconds
[2025-06-03T13:34:19.124+0000] {processor.py:161} INFO - Started process (PID=1955) to work on /home/airflow/.local/lib/python3.8/site-packages/airflow/example_dags/example_python_decorator.py
[2025-06-03T13:34:19.125+0000] {processor.py:830} INFO - Processing file /home/airflow/.local/lib/python3.8/site-packages/airflow/example_dags/example_python_decorator.py for tasks to queue
[2025-06-03T13:34:19.126+0000] {logging_mixin.py:188} INFO - [2025-06-03T13:34:19.126+0000] {dagbag.py:540} INFO - Filling up the DagBag from /home/airflow/.local/lib/python3.8/site-packages/airflow/example_dags/example_python_decorator.py
[2025-06-03T13:34:19.133+0000] {processor.py:840} INFO - DAG(s) 'example_python_decorator' retrieved from /home/airflow/.local/lib/python3.8/site-packages/airflow/example_dags/example_python_decorator.py
[2025-06-03T13:34:19.142+0000] {logging_mixin.py:188} INFO - [2025-06-03T13:34:19.141+0000] {dag.py:3047} INFO - Sync 1 DAGs
[2025-06-03T13:34:19.147+0000] {logging_mixin.py:188} INFO - [2025-06-03T13:34:19.146+0000] {dag.py:3834} INFO - Setting next_dagrun for example_python_decorator to None, run_after=None
[2025-06-03T13:34:19.153+0000] {processor.py:183} INFO - Processing /home/airflow/.local/lib/python3.8/site-packages/airflow/example_dags/example_python_decorator.py took 0.031 seconds
[2025-06-03T13:34:49.446+0000] {processor.py:161} INFO - Started process (PID=2010) to work on /home/airflow/.local/lib/python3.8/site-packages/airflow/example_dags/example_python_decorator.py
[2025-06-03T13:34:49.447+0000] {processor.py:830} INFO - Processing file /home/airflow/.local/lib/python3.8/site-packages/airflow/example_dags/example_python_decorator.py for tasks to queue
[2025-06-03T13:34:49.447+0000] {logging_mixin.py:188} INFO - [2025-06-03T13:34:49.447+0000] {dagbag.py:540} INFO - Filling up the DagBag from /home/airflow/.local/lib/python3.8/site-packages/airflow/example_dags/example_python_decorator.py
[2025-06-03T13:34:49.453+0000] {processor.py:840} INFO - DAG(s) 'example_python_decorator' retrieved from /home/airflow/.local/lib/python3.8/site-packages/airflow/example_dags/example_python_decorator.py
[2025-06-03T13:34:49.461+0000] {logging_mixin.py:188} INFO - [2025-06-03T13:34:49.461+0000] {dag.py:3047} INFO - Sync 1 DAGs
[2025-06-03T13:34:49.466+0000] {logging_mixin.py:188} INFO - [2025-06-03T13:34:49.466+0000] {dag.py:3834} INFO - Setting next_dagrun for example_python_decorator to None, run_after=None
[2025-06-03T13:34:49.473+0000] {processor.py:183} INFO - Processing /home/airflow/.local/lib/python3.8/site-packages/airflow/example_dags/example_python_decorator.py took 0.028 seconds
[2025-06-03T13:35:20.102+0000] {processor.py:161} INFO - Started process (PID=2065) to work on /home/airflow/.local/lib/python3.8/site-packages/airflow/example_dags/example_python_decorator.py
[2025-06-03T13:35:20.103+0000] {processor.py:830} INFO - Processing file /home/airflow/.local/lib/python3.8/site-packages/airflow/example_dags/example_python_decorator.py for tasks to queue
[2025-06-03T13:35:20.104+0000] {logging_mixin.py:188} INFO - [2025-06-03T13:35:20.104+0000] {dagbag.py:540} INFO - Filling up the DagBag from /home/airflow/.local/lib/python3.8/site-packages/airflow/example_dags/example_python_decorator.py
[2025-06-03T13:35:20.111+0000] {processor.py:840} INFO - DAG(s) 'example_python_decorator' retrieved from /home/airflow/.local/lib/python3.8/site-packages/airflow/example_dags/example_python_decorator.py
[2025-06-03T13:35:20.125+0000] {logging_mixin.py:188} INFO - [2025-06-03T13:35:20.125+0000] {dag.py:3047} INFO - Sync 1 DAGs
[2025-06-03T13:35:20.132+0000] {logging_mixin.py:188} INFO - [2025-06-03T13:35:20.132+0000] {dag.py:3834} INFO - Setting next_dagrun for example_python_decorator to None, run_after=None
[2025-06-03T13:35:20.144+0000] {processor.py:183} INFO - Processing /home/airflow/.local/lib/python3.8/site-packages/airflow/example_dags/example_python_decorator.py took 0.044 seconds
[2025-06-03T13:35:50.445+0000] {processor.py:161} INFO - Started process (PID=2120) to work on /home/airflow/.local/lib/python3.8/site-packages/airflow/example_dags/example_python_decorator.py
[2025-06-03T13:35:50.449+0000] {processor.py:830} INFO - Processing file /home/airflow/.local/lib/python3.8/site-packages/airflow/example_dags/example_python_decorator.py for tasks to queue
[2025-06-03T13:35:50.449+0000] {logging_mixin.py:188} INFO - [2025-06-03T13:35:50.449+0000] {dagbag.py:540} INFO - Filling up the DagBag from /home/airflow/.local/lib/python3.8/site-packages/airflow/example_dags/example_python_decorator.py
[2025-06-03T13:35:50.455+0000] {processor.py:840} INFO - DAG(s) 'example_python_decorator' retrieved from /home/airflow/.local/lib/python3.8/site-packages/airflow/example_dags/example_python_decorator.py
[2025-06-03T13:35:50.464+0000] {logging_mixin.py:188} INFO - [2025-06-03T13:35:50.464+0000] {dag.py:3047} INFO - Sync 1 DAGs
[2025-06-03T13:35:50.469+0000] {logging_mixin.py:188} INFO - [2025-06-03T13:35:50.468+0000] {dag.py:3834} INFO - Setting next_dagrun for example_python_decorator to None, run_after=None
[2025-06-03T13:35:50.476+0000] {processor.py:183} INFO - Processing /home/airflow/.local/lib/python3.8/site-packages/airflow/example_dags/example_python_decorator.py took 0.032 seconds
[2025-06-03T13:36:20.741+0000] {processor.py:161} INFO - Started process (PID=2175) to work on /home/airflow/.local/lib/python3.8/site-packages/airflow/example_dags/example_python_decorator.py
[2025-06-03T13:36:20.742+0000] {processor.py:830} INFO - Processing file /home/airflow/.local/lib/python3.8/site-packages/airflow/example_dags/example_python_decorator.py for tasks to queue
[2025-06-03T13:36:20.744+0000] {logging_mixin.py:188} INFO - [2025-06-03T13:36:20.743+0000] {dagbag.py:540} INFO - Filling up the DagBag from /home/airflow/.local/lib/python3.8/site-packages/airflow/example_dags/example_python_decorator.py
[2025-06-03T13:36:20.749+0000] {processor.py:840} INFO - DAG(s) 'example_python_decorator' retrieved from /home/airflow/.local/lib/python3.8/site-packages/airflow/example_dags/example_python_decorator.py
[2025-06-03T13:36:20.759+0000] {logging_mixin.py:188} INFO - [2025-06-03T13:36:20.759+0000] {dag.py:3047} INFO - Sync 1 DAGs
[2025-06-03T13:36:20.763+0000] {logging_mixin.py:188} INFO - [2025-06-03T13:36:20.763+0000] {dag.py:3834} INFO - Setting next_dagrun for example_python_decorator to None, run_after=None
[2025-06-03T13:36:20.770+0000] {processor.py:183} INFO - Processing /home/airflow/.local/lib/python3.8/site-packages/airflow/example_dags/example_python_decorator.py took 0.030 seconds
[2025-06-03T13:36:51.122+0000] {processor.py:161} INFO - Started process (PID=2230) to work on /home/airflow/.local/lib/python3.8/site-packages/airflow/example_dags/example_python_decorator.py
[2025-06-03T13:36:51.123+0000] {processor.py:830} INFO - Processing file /home/airflow/.local/lib/python3.8/site-packages/airflow/example_dags/example_python_decorator.py for tasks to queue
[2025-06-03T13:36:51.124+0000] {logging_mixin.py:188} INFO - [2025-06-03T13:36:51.124+0000] {dagbag.py:540} INFO - Filling up the DagBag from /home/airflow/.local/lib/python3.8/site-packages/airflow/example_dags/example_python_decorator.py
[2025-06-03T13:36:51.129+0000] {processor.py:840} INFO - DAG(s) 'example_python_decorator' retrieved from /home/airflow/.local/lib/python3.8/site-packages/airflow/example_dags/example_python_decorator.py
[2025-06-03T13:36:51.140+0000] {logging_mixin.py:188} INFO - [2025-06-03T13:36:51.139+0000] {dag.py:3047} INFO - Sync 1 DAGs
[2025-06-03T13:36:51.144+0000] {logging_mixin.py:188} INFO - [2025-06-03T13:36:51.144+0000] {dag.py:3834} INFO - Setting next_dagrun for example_python_decorator to None, run_after=None
[2025-06-03T13:36:51.151+0000] {processor.py:183} INFO - Processing /home/airflow/.local/lib/python3.8/site-packages/airflow/example_dags/example_python_decorator.py took 0.030 seconds
[2025-06-03T13:37:21.511+0000] {processor.py:161} INFO - Started process (PID=2285) to work on /home/airflow/.local/lib/python3.8/site-packages/airflow/example_dags/example_python_decorator.py
[2025-06-03T13:37:21.512+0000] {processor.py:830} INFO - Processing file /home/airflow/.local/lib/python3.8/site-packages/airflow/example_dags/example_python_decorator.py for tasks to queue
[2025-06-03T13:37:21.513+0000] {logging_mixin.py:188} INFO - [2025-06-03T13:37:21.513+0000] {dagbag.py:540} INFO - Filling up the DagBag from /home/airflow/.local/lib/python3.8/site-packages/airflow/example_dags/example_python_decorator.py
[2025-06-03T13:37:21.519+0000] {processor.py:840} INFO - DAG(s) 'example_python_decorator' retrieved from /home/airflow/.local/lib/python3.8/site-packages/airflow/example_dags/example_python_decorator.py
[2025-06-03T13:37:21.527+0000] {logging_mixin.py:188} INFO - [2025-06-03T13:37:21.527+0000] {dag.py:3047} INFO - Sync 1 DAGs
[2025-06-03T13:37:21.532+0000] {logging_mixin.py:188} INFO - [2025-06-03T13:37:21.532+0000] {dag.py:3834} INFO - Setting next_dagrun for example_python_decorator to None, run_after=None
[2025-06-03T13:37:21.538+0000] {processor.py:183} INFO - Processing /home/airflow/.local/lib/python3.8/site-packages/airflow/example_dags/example_python_decorator.py took 0.029 seconds
[2025-06-03T13:37:52.181+0000] {processor.py:161} INFO - Started process (PID=2340) to work on /home/airflow/.local/lib/python3.8/site-packages/airflow/example_dags/example_python_decorator.py
[2025-06-03T13:37:52.182+0000] {processor.py:830} INFO - Processing file /home/airflow/.local/lib/python3.8/site-packages/airflow/example_dags/example_python_decorator.py for tasks to queue
[2025-06-03T13:37:52.182+0000] {logging_mixin.py:188} INFO - [2025-06-03T13:37:52.182+0000] {dagbag.py:540} INFO - Filling up the DagBag from /home/airflow/.local/lib/python3.8/site-packages/airflow/example_dags/example_python_decorator.py
[2025-06-03T13:37:52.187+0000] {processor.py:840} INFO - DAG(s) 'example_python_decorator' retrieved from /home/airflow/.local/lib/python3.8/site-packages/airflow/example_dags/example_python_decorator.py
[2025-06-03T13:37:52.195+0000] {logging_mixin.py:188} INFO - [2025-06-03T13:37:52.195+0000] {dag.py:3047} INFO - Sync 1 DAGs
[2025-06-03T13:37:52.200+0000] {logging_mixin.py:188} INFO - [2025-06-03T13:37:52.200+0000] {dag.py:3834} INFO - Setting next_dagrun for example_python_decorator to None, run_after=None
[2025-06-03T13:37:52.205+0000] {processor.py:183} INFO - Processing /home/airflow/.local/lib/python3.8/site-packages/airflow/example_dags/example_python_decorator.py took 0.026 seconds
[2025-06-03T13:38:23.221+0000] {processor.py:161} INFO - Started process (PID=2395) to work on /home/airflow/.local/lib/python3.8/site-packages/airflow/example_dags/example_python_decorator.py
[2025-06-03T13:38:23.221+0000] {processor.py:830} INFO - Processing file /home/airflow/.local/lib/python3.8/site-packages/airflow/example_dags/example_python_decorator.py for tasks to queue
[2025-06-03T13:38:23.222+0000] {logging_mixin.py:188} INFO - [2025-06-03T13:38:23.222+0000] {dagbag.py:540} INFO - Filling up the DagBag from /home/airflow/.local/lib/python3.8/site-packages/airflow/example_dags/example_python_decorator.py
[2025-06-03T13:38:23.230+0000] {processor.py:840} INFO - DAG(s) 'example_python_decorator' retrieved from /home/airflow/.local/lib/python3.8/site-packages/airflow/example_dags/example_python_decorator.py
[2025-06-03T13:38:23.241+0000] {logging_mixin.py:188} INFO - [2025-06-03T13:38:23.241+0000] {dag.py:3047} INFO - Sync 1 DAGs
[2025-06-03T13:38:23.246+0000] {logging_mixin.py:188} INFO - [2025-06-03T13:38:23.246+0000] {dag.py:3834} INFO - Setting next_dagrun for example_python_decorator to None, run_after=None
[2025-06-03T13:38:23.257+0000] {processor.py:183} INFO - Processing /home/airflow/.local/lib/python3.8/site-packages/airflow/example_dags/example_python_decorator.py took 0.038 seconds
[2025-06-03T13:38:53.802+0000] {processor.py:161} INFO - Started process (PID=2450) to work on /home/airflow/.local/lib/python3.8/site-packages/airflow/example_dags/example_python_decorator.py
[2025-06-03T13:38:53.802+0000] {processor.py:830} INFO - Processing file /home/airflow/.local/lib/python3.8/site-packages/airflow/example_dags/example_python_decorator.py for tasks to queue
[2025-06-03T13:38:53.803+0000] {logging_mixin.py:188} INFO - [2025-06-03T13:38:53.803+0000] {dagbag.py:540} INFO - Filling up the DagBag from /home/airflow/.local/lib/python3.8/site-packages/airflow/example_dags/example_python_decorator.py
[2025-06-03T13:38:53.808+0000] {processor.py:840} INFO - DAG(s) 'example_python_decorator' retrieved from /home/airflow/.local/lib/python3.8/site-packages/airflow/example_dags/example_python_decorator.py
[2025-06-03T13:38:53.821+0000] {logging_mixin.py:188} INFO - [2025-06-03T13:38:53.821+0000] {dag.py:3047} INFO - Sync 1 DAGs
[2025-06-03T13:38:53.827+0000] {logging_mixin.py:188} INFO - [2025-06-03T13:38:53.827+0000] {dag.py:3834} INFO - Setting next_dagrun for example_python_decorator to None, run_after=None
[2025-06-03T13:38:53.844+0000] {processor.py:183} INFO - Processing /home/airflow/.local/lib/python3.8/site-packages/airflow/example_dags/example_python_decorator.py took 0.044 seconds
[2025-06-03T13:39:24.853+0000] {processor.py:161} INFO - Started process (PID=2505) to work on /home/airflow/.local/lib/python3.8/site-packages/airflow/example_dags/example_python_decorator.py
[2025-06-03T13:39:24.853+0000] {processor.py:830} INFO - Processing file /home/airflow/.local/lib/python3.8/site-packages/airflow/example_dags/example_python_decorator.py for tasks to queue
[2025-06-03T13:39:24.854+0000] {logging_mixin.py:188} INFO - [2025-06-03T13:39:24.854+0000] {dagbag.py:540} INFO - Filling up the DagBag from /home/airflow/.local/lib/python3.8/site-packages/airflow/example_dags/example_python_decorator.py
[2025-06-03T13:39:24.860+0000] {processor.py:840} INFO - DAG(s) 'example_python_decorator' retrieved from /home/airflow/.local/lib/python3.8/site-packages/airflow/example_dags/example_python_decorator.py
[2025-06-03T13:39:24.872+0000] {logging_mixin.py:188} INFO - [2025-06-03T13:39:24.872+0000] {dag.py:3047} INFO - Sync 1 DAGs
[2025-06-03T13:39:24.876+0000] {logging_mixin.py:188} INFO - [2025-06-03T13:39:24.876+0000] {dag.py:3834} INFO - Setting next_dagrun for example_python_decorator to None, run_after=None
[2025-06-03T13:39:24.889+0000] {processor.py:183} INFO - Processing /home/airflow/.local/lib/python3.8/site-packages/airflow/example_dags/example_python_decorator.py took 0.037 seconds
[2025-06-03T13:39:55.705+0000] {processor.py:161} INFO - Started process (PID=2560) to work on /home/airflow/.local/lib/python3.8/site-packages/airflow/example_dags/example_python_decorator.py
[2025-06-03T13:39:55.706+0000] {processor.py:830} INFO - Processing file /home/airflow/.local/lib/python3.8/site-packages/airflow/example_dags/example_python_decorator.py for tasks to queue
[2025-06-03T13:39:55.708+0000] {logging_mixin.py:188} INFO - [2025-06-03T13:39:55.708+0000] {dagbag.py:540} INFO - Filling up the DagBag from /home/airflow/.local/lib/python3.8/site-packages/airflow/example_dags/example_python_decorator.py
[2025-06-03T13:39:55.714+0000] {processor.py:840} INFO - DAG(s) 'example_python_decorator' retrieved from /home/airflow/.local/lib/python3.8/site-packages/airflow/example_dags/example_python_decorator.py
[2025-06-03T13:39:55.725+0000] {logging_mixin.py:188} INFO - [2025-06-03T13:39:55.725+0000] {dag.py:3047} INFO - Sync 1 DAGs
[2025-06-03T13:39:55.730+0000] {logging_mixin.py:188} INFO - [2025-06-03T13:39:55.730+0000] {dag.py:3834} INFO - Setting next_dagrun for example_python_decorator to None, run_after=None
[2025-06-03T13:39:55.742+0000] {processor.py:183} INFO - Processing /home/airflow/.local/lib/python3.8/site-packages/airflow/example_dags/example_python_decorator.py took 0.039 seconds
[2025-06-03T13:40:26.615+0000] {processor.py:161} INFO - Started process (PID=2616) to work on /home/airflow/.local/lib/python3.8/site-packages/airflow/example_dags/example_python_decorator.py
[2025-06-03T13:40:26.616+0000] {processor.py:830} INFO - Processing file /home/airflow/.local/lib/python3.8/site-packages/airflow/example_dags/example_python_decorator.py for tasks to queue
[2025-06-03T13:40:26.617+0000] {logging_mixin.py:188} INFO - [2025-06-03T13:40:26.617+0000] {dagbag.py:540} INFO - Filling up the DagBag from /home/airflow/.local/lib/python3.8/site-packages/airflow/example_dags/example_python_decorator.py
[2025-06-03T13:40:26.622+0000] {processor.py:840} INFO - DAG(s) 'example_python_decorator' retrieved from /home/airflow/.local/lib/python3.8/site-packages/airflow/example_dags/example_python_decorator.py
[2025-06-03T13:40:26.631+0000] {logging_mixin.py:188} INFO - [2025-06-03T13:40:26.631+0000] {dag.py:3047} INFO - Sync 1 DAGs
[2025-06-03T13:40:26.637+0000] {logging_mixin.py:188} INFO - [2025-06-03T13:40:26.637+0000] {dag.py:3834} INFO - Setting next_dagrun for example_python_decorator to None, run_after=None
[2025-06-03T13:40:26.649+0000] {processor.py:183} INFO - Processing /home/airflow/.local/lib/python3.8/site-packages/airflow/example_dags/example_python_decorator.py took 0.035 seconds
