[2025-06-03T13:16:59.422+0000] {processor.py:161} INFO - Started process (PID=88) to work on /home/airflow/.local/lib/python3.8/site-packages/airflow/example_dags/example_xcom.py
[2025-06-03T13:16:59.423+0000] {processor.py:830} INFO - Processing file /home/airflow/.local/lib/python3.8/site-packages/airflow/example_dags/example_xcom.py for tasks to queue
[2025-06-03T13:16:59.424+0000] {logging_mixin.py:188} INFO - [2025-06-03T13:16:59.424+0000] {dagbag.py:540} INFO - Filling up the DagBag from /home/airflow/.local/lib/python3.8/site-packages/airflow/example_dags/example_xcom.py
[2025-06-03T13:16:59.429+0000] {processor.py:840} INFO - DAG(s) 'example_xcom' retrieved from /home/airflow/.local/lib/python3.8/site-packages/airflow/example_dags/example_xcom.py
[2025-06-03T13:16:59.435+0000] {logging_mixin.py:188} INFO - [2025-06-03T13:16:59.435+0000] {dag.py:3047} INFO - Sync 1 DAGs
[2025-06-03T13:16:59.446+0000] {logging_mixin.py:188} INFO - [2025-06-03T13:16:59.446+0000] {dag.py:3834} INFO - Setting next_dagrun for example_xcom to 2021-01-01 00:00:00+00:00, run_after=2021-01-01 00:00:00+00:00
[2025-06-03T13:16:59.456+0000] {processor.py:183} INFO - Processing /home/airflow/.local/lib/python3.8/site-packages/airflow/example_dags/example_xcom.py took 0.036 seconds
[2025-06-03T13:17:30.459+0000] {processor.py:161} INFO - Started process (PID=143) to work on /home/airflow/.local/lib/python3.8/site-packages/airflow/example_dags/example_xcom.py
[2025-06-03T13:17:30.461+0000] {processor.py:830} INFO - Processing file /home/airflow/.local/lib/python3.8/site-packages/airflow/example_dags/example_xcom.py for tasks to queue
[2025-06-03T13:17:30.462+0000] {logging_mixin.py:188} INFO - [2025-06-03T13:17:30.462+0000] {dagbag.py:540} INFO - Filling up the DagBag from /home/airflow/.local/lib/python3.8/site-packages/airflow/example_dags/example_xcom.py
[2025-06-03T13:17:30.465+0000] {processor.py:840} INFO - DAG(s) 'example_xcom' retrieved from /home/airflow/.local/lib/python3.8/site-packages/airflow/example_dags/example_xcom.py
[2025-06-03T13:17:30.502+0000] {logging_mixin.py:188} INFO - [2025-06-03T13:17:30.501+0000] {dag.py:3047} INFO - Sync 1 DAGs
[2025-06-03T13:17:30.509+0000] {logging_mixin.py:188} INFO - [2025-06-03T13:17:30.509+0000] {dag.py:3834} INFO - Setting next_dagrun for example_xcom to 2021-01-01 00:00:00+00:00, run_after=2021-01-01 00:00:00+00:00
[2025-06-03T13:17:30.516+0000] {processor.py:183} INFO - Processing /home/airflow/.local/lib/python3.8/site-packages/airflow/example_dags/example_xcom.py took 0.058 seconds
[2025-06-03T13:18:01.100+0000] {processor.py:161} INFO - Started process (PID=198) to work on /home/airflow/.local/lib/python3.8/site-packages/airflow/example_dags/example_xcom.py
[2025-06-03T13:18:01.100+0000] {processor.py:830} INFO - Processing file /home/airflow/.local/lib/python3.8/site-packages/airflow/example_dags/example_xcom.py for tasks to queue
[2025-06-03T13:18:01.101+0000] {logging_mixin.py:188} INFO - [2025-06-03T13:18:01.101+0000] {dagbag.py:540} INFO - Filling up the DagBag from /home/airflow/.local/lib/python3.8/site-packages/airflow/example_dags/example_xcom.py
[2025-06-03T13:18:01.104+0000] {processor.py:840} INFO - DAG(s) 'example_xcom' retrieved from /home/airflow/.local/lib/python3.8/site-packages/airflow/example_dags/example_xcom.py
[2025-06-03T13:18:01.116+0000] {logging_mixin.py:188} INFO - [2025-06-03T13:18:01.116+0000] {dag.py:3047} INFO - Sync 1 DAGs
[2025-06-03T13:18:01.125+0000] {logging_mixin.py:188} INFO - [2025-06-03T13:18:01.125+0000] {dag.py:3834} INFO - Setting next_dagrun for example_xcom to 2021-01-01 00:00:00+00:00, run_after=2021-01-01 00:00:00+00:00
[2025-06-03T13:18:01.132+0000] {processor.py:183} INFO - Processing /home/airflow/.local/lib/python3.8/site-packages/airflow/example_dags/example_xcom.py took 0.033 seconds
[2025-06-03T13:18:31.719+0000] {processor.py:161} INFO - Started process (PID=253) to work on /home/airflow/.local/lib/python3.8/site-packages/airflow/example_dags/example_xcom.py
[2025-06-03T13:18:31.719+0000] {processor.py:830} INFO - Processing file /home/airflow/.local/lib/python3.8/site-packages/airflow/example_dags/example_xcom.py for tasks to queue
[2025-06-03T13:18:31.720+0000] {logging_mixin.py:188} INFO - [2025-06-03T13:18:31.720+0000] {dagbag.py:540} INFO - Filling up the DagBag from /home/airflow/.local/lib/python3.8/site-packages/airflow/example_dags/example_xcom.py
[2025-06-03T13:18:31.724+0000] {processor.py:840} INFO - DAG(s) 'example_xcom' retrieved from /home/airflow/.local/lib/python3.8/site-packages/airflow/example_dags/example_xcom.py
[2025-06-03T13:18:31.735+0000] {logging_mixin.py:188} INFO - [2025-06-03T13:18:31.734+0000] {dag.py:3047} INFO - Sync 1 DAGs
[2025-06-03T13:18:31.743+0000] {logging_mixin.py:188} INFO - [2025-06-03T13:18:31.743+0000] {dag.py:3834} INFO - Setting next_dagrun for example_xcom to 2021-01-01 00:00:00+00:00, run_after=2021-01-01 00:00:00+00:00
[2025-06-03T13:18:31.749+0000] {processor.py:183} INFO - Processing /home/airflow/.local/lib/python3.8/site-packages/airflow/example_dags/example_xcom.py took 0.033 seconds
[2025-06-03T13:19:02.194+0000] {processor.py:161} INFO - Started process (PID=308) to work on /home/airflow/.local/lib/python3.8/site-packages/airflow/example_dags/example_xcom.py
[2025-06-03T13:19:02.196+0000] {processor.py:830} INFO - Processing file /home/airflow/.local/lib/python3.8/site-packages/airflow/example_dags/example_xcom.py for tasks to queue
[2025-06-03T13:19:02.197+0000] {logging_mixin.py:188} INFO - [2025-06-03T13:19:02.197+0000] {dagbag.py:540} INFO - Filling up the DagBag from /home/airflow/.local/lib/python3.8/site-packages/airflow/example_dags/example_xcom.py
[2025-06-03T13:19:02.201+0000] {processor.py:840} INFO - DAG(s) 'example_xcom' retrieved from /home/airflow/.local/lib/python3.8/site-packages/airflow/example_dags/example_xcom.py
[2025-06-03T13:19:02.210+0000] {logging_mixin.py:188} INFO - [2025-06-03T13:19:02.210+0000] {dag.py:3047} INFO - Sync 1 DAGs
[2025-06-03T13:19:02.218+0000] {logging_mixin.py:188} INFO - [2025-06-03T13:19:02.218+0000] {dag.py:3834} INFO - Setting next_dagrun for example_xcom to 2021-01-01 00:00:00+00:00, run_after=2021-01-01 00:00:00+00:00
[2025-06-03T13:19:02.226+0000] {processor.py:183} INFO - Processing /home/airflow/.local/lib/python3.8/site-packages/airflow/example_dags/example_xcom.py took 0.034 seconds
[2025-06-03T13:19:32.886+0000] {processor.py:161} INFO - Started process (PID=363) to work on /home/airflow/.local/lib/python3.8/site-packages/airflow/example_dags/example_xcom.py
[2025-06-03T13:19:32.886+0000] {processor.py:830} INFO - Processing file /home/airflow/.local/lib/python3.8/site-packages/airflow/example_dags/example_xcom.py for tasks to queue
[2025-06-03T13:19:32.887+0000] {logging_mixin.py:188} INFO - [2025-06-03T13:19:32.887+0000] {dagbag.py:540} INFO - Filling up the DagBag from /home/airflow/.local/lib/python3.8/site-packages/airflow/example_dags/example_xcom.py
[2025-06-03T13:19:32.890+0000] {processor.py:840} INFO - DAG(s) 'example_xcom' retrieved from /home/airflow/.local/lib/python3.8/site-packages/airflow/example_dags/example_xcom.py
[2025-06-03T13:19:32.899+0000] {logging_mixin.py:188} INFO - [2025-06-03T13:19:32.898+0000] {dag.py:3047} INFO - Sync 1 DAGs
[2025-06-03T13:19:32.906+0000] {logging_mixin.py:188} INFO - [2025-06-03T13:19:32.906+0000] {dag.py:3834} INFO - Setting next_dagrun for example_xcom to 2021-01-01 00:00:00+00:00, run_after=2021-01-01 00:00:00+00:00
[2025-06-03T13:19:32.912+0000] {processor.py:183} INFO - Processing /home/airflow/.local/lib/python3.8/site-packages/airflow/example_dags/example_xcom.py took 0.028 seconds
[2025-06-03T13:20:03.470+0000] {processor.py:161} INFO - Started process (PID=418) to work on /home/airflow/.local/lib/python3.8/site-packages/airflow/example_dags/example_xcom.py
[2025-06-03T13:20:03.472+0000] {processor.py:830} INFO - Processing file /home/airflow/.local/lib/python3.8/site-packages/airflow/example_dags/example_xcom.py for tasks to queue
[2025-06-03T13:20:03.472+0000] {logging_mixin.py:188} INFO - [2025-06-03T13:20:03.472+0000] {dagbag.py:540} INFO - Filling up the DagBag from /home/airflow/.local/lib/python3.8/site-packages/airflow/example_dags/example_xcom.py
[2025-06-03T13:20:03.476+0000] {processor.py:840} INFO - DAG(s) 'example_xcom' retrieved from /home/airflow/.local/lib/python3.8/site-packages/airflow/example_dags/example_xcom.py
[2025-06-03T13:20:03.488+0000] {logging_mixin.py:188} INFO - [2025-06-03T13:20:03.488+0000] {dag.py:3047} INFO - Sync 1 DAGs
[2025-06-03T13:20:03.502+0000] {logging_mixin.py:188} INFO - [2025-06-03T13:20:03.501+0000] {dag.py:3834} INFO - Setting next_dagrun for example_xcom to 2021-01-01 00:00:00+00:00, run_after=2021-01-01 00:00:00+00:00
[2025-06-03T13:20:03.512+0000] {processor.py:183} INFO - Processing /home/airflow/.local/lib/python3.8/site-packages/airflow/example_dags/example_xcom.py took 0.043 seconds
[2025-06-03T13:20:34.302+0000] {processor.py:161} INFO - Started process (PID=473) to work on /home/airflow/.local/lib/python3.8/site-packages/airflow/example_dags/example_xcom.py
[2025-06-03T13:20:34.303+0000] {processor.py:830} INFO - Processing file /home/airflow/.local/lib/python3.8/site-packages/airflow/example_dags/example_xcom.py for tasks to queue
[2025-06-03T13:20:34.304+0000] {logging_mixin.py:188} INFO - [2025-06-03T13:20:34.304+0000] {dagbag.py:540} INFO - Filling up the DagBag from /home/airflow/.local/lib/python3.8/site-packages/airflow/example_dags/example_xcom.py
[2025-06-03T13:20:34.307+0000] {processor.py:840} INFO - DAG(s) 'example_xcom' retrieved from /home/airflow/.local/lib/python3.8/site-packages/airflow/example_dags/example_xcom.py
[2025-06-03T13:20:34.318+0000] {logging_mixin.py:188} INFO - [2025-06-03T13:20:34.317+0000] {dag.py:3047} INFO - Sync 1 DAGs
[2025-06-03T13:20:34.326+0000] {logging_mixin.py:188} INFO - [2025-06-03T13:20:34.326+0000] {dag.py:3834} INFO - Setting next_dagrun for example_xcom to 2021-01-01 00:00:00+00:00, run_after=2021-01-01 00:00:00+00:00
[2025-06-03T13:20:34.333+0000] {processor.py:183} INFO - Processing /home/airflow/.local/lib/python3.8/site-packages/airflow/example_dags/example_xcom.py took 0.032 seconds
[2025-06-03T13:21:05.185+0000] {processor.py:161} INFO - Started process (PID=528) to work on /home/airflow/.local/lib/python3.8/site-packages/airflow/example_dags/example_xcom.py
[2025-06-03T13:21:05.186+0000] {processor.py:830} INFO - Processing file /home/airflow/.local/lib/python3.8/site-packages/airflow/example_dags/example_xcom.py for tasks to queue
[2025-06-03T13:21:05.187+0000] {logging_mixin.py:188} INFO - [2025-06-03T13:21:05.186+0000] {dagbag.py:540} INFO - Filling up the DagBag from /home/airflow/.local/lib/python3.8/site-packages/airflow/example_dags/example_xcom.py
[2025-06-03T13:21:05.190+0000] {processor.py:840} INFO - DAG(s) 'example_xcom' retrieved from /home/airflow/.local/lib/python3.8/site-packages/airflow/example_dags/example_xcom.py
[2025-06-03T13:21:05.199+0000] {logging_mixin.py:188} INFO - [2025-06-03T13:21:05.199+0000] {dag.py:3047} INFO - Sync 1 DAGs
[2025-06-03T13:21:05.215+0000] {logging_mixin.py:188} INFO - [2025-06-03T13:21:05.215+0000] {dag.py:3834} INFO - Setting next_dagrun for example_xcom to 2021-01-01 00:00:00+00:00, run_after=2021-01-01 00:00:00+00:00
[2025-06-03T13:21:05.223+0000] {processor.py:183} INFO - Processing /home/airflow/.local/lib/python3.8/site-packages/airflow/example_dags/example_xcom.py took 0.039 seconds
[2025-06-03T13:21:36.043+0000] {processor.py:161} INFO - Started process (PID=583) to work on /home/airflow/.local/lib/python3.8/site-packages/airflow/example_dags/example_xcom.py
[2025-06-03T13:21:36.044+0000] {processor.py:830} INFO - Processing file /home/airflow/.local/lib/python3.8/site-packages/airflow/example_dags/example_xcom.py for tasks to queue
[2025-06-03T13:21:36.045+0000] {logging_mixin.py:188} INFO - [2025-06-03T13:21:36.045+0000] {dagbag.py:540} INFO - Filling up the DagBag from /home/airflow/.local/lib/python3.8/site-packages/airflow/example_dags/example_xcom.py
[2025-06-03T13:21:36.049+0000] {processor.py:840} INFO - DAG(s) 'example_xcom' retrieved from /home/airflow/.local/lib/python3.8/site-packages/airflow/example_dags/example_xcom.py
[2025-06-03T13:21:36.065+0000] {logging_mixin.py:188} INFO - [2025-06-03T13:21:36.065+0000] {dag.py:3047} INFO - Sync 1 DAGs
[2025-06-03T13:21:36.078+0000] {logging_mixin.py:188} INFO - [2025-06-03T13:21:36.077+0000] {dag.py:3834} INFO - Setting next_dagrun for example_xcom to 2021-01-01 00:00:00+00:00, run_after=2021-01-01 00:00:00+00:00
[2025-06-03T13:21:36.091+0000] {processor.py:183} INFO - Processing /home/airflow/.local/lib/python3.8/site-packages/airflow/example_dags/example_xcom.py took 0.051 seconds
[2025-06-03T13:22:07.005+0000] {processor.py:161} INFO - Started process (PID=638) to work on /home/airflow/.local/lib/python3.8/site-packages/airflow/example_dags/example_xcom.py
[2025-06-03T13:22:07.005+0000] {processor.py:830} INFO - Processing file /home/airflow/.local/lib/python3.8/site-packages/airflow/example_dags/example_xcom.py for tasks to queue
[2025-06-03T13:22:07.006+0000] {logging_mixin.py:188} INFO - [2025-06-03T13:22:07.006+0000] {dagbag.py:540} INFO - Filling up the DagBag from /home/airflow/.local/lib/python3.8/site-packages/airflow/example_dags/example_xcom.py
[2025-06-03T13:22:07.009+0000] {processor.py:840} INFO - DAG(s) 'example_xcom' retrieved from /home/airflow/.local/lib/python3.8/site-packages/airflow/example_dags/example_xcom.py
[2025-06-03T13:22:07.021+0000] {logging_mixin.py:188} INFO - [2025-06-03T13:22:07.020+0000] {dag.py:3047} INFO - Sync 1 DAGs
[2025-06-03T13:22:07.100+0000] {logging_mixin.py:188} INFO - [2025-06-03T13:22:07.099+0000] {dag.py:3834} INFO - Setting next_dagrun for example_xcom to 2021-01-01 00:00:00+00:00, run_after=2021-01-01 00:00:00+00:00
[2025-06-03T13:22:07.116+0000] {processor.py:183} INFO - Processing /home/airflow/.local/lib/python3.8/site-packages/airflow/example_dags/example_xcom.py took 0.113 seconds
[2025-06-03T13:22:37.955+0000] {processor.py:161} INFO - Started process (PID=693) to work on /home/airflow/.local/lib/python3.8/site-packages/airflow/example_dags/example_xcom.py
[2025-06-03T13:22:37.955+0000] {processor.py:830} INFO - Processing file /home/airflow/.local/lib/python3.8/site-packages/airflow/example_dags/example_xcom.py for tasks to queue
[2025-06-03T13:22:37.956+0000] {logging_mixin.py:188} INFO - [2025-06-03T13:22:37.956+0000] {dagbag.py:540} INFO - Filling up the DagBag from /home/airflow/.local/lib/python3.8/site-packages/airflow/example_dags/example_xcom.py
[2025-06-03T13:22:37.962+0000] {processor.py:840} INFO - DAG(s) 'example_xcom' retrieved from /home/airflow/.local/lib/python3.8/site-packages/airflow/example_dags/example_xcom.py
[2025-06-03T13:22:37.974+0000] {logging_mixin.py:188} INFO - [2025-06-03T13:22:37.973+0000] {dag.py:3047} INFO - Sync 1 DAGs
[2025-06-03T13:22:37.983+0000] {logging_mixin.py:188} INFO - [2025-06-03T13:22:37.983+0000] {dag.py:3834} INFO - Setting next_dagrun for example_xcom to 2021-01-01 00:00:00+00:00, run_after=2021-01-01 00:00:00+00:00
[2025-06-03T13:22:37.991+0000] {processor.py:183} INFO - Processing /home/airflow/.local/lib/python3.8/site-packages/airflow/example_dags/example_xcom.py took 0.038 seconds
[2025-06-03T13:23:08.839+0000] {processor.py:161} INFO - Started process (PID=748) to work on /home/airflow/.local/lib/python3.8/site-packages/airflow/example_dags/example_xcom.py
[2025-06-03T13:23:08.840+0000] {processor.py:830} INFO - Processing file /home/airflow/.local/lib/python3.8/site-packages/airflow/example_dags/example_xcom.py for tasks to queue
[2025-06-03T13:23:08.841+0000] {logging_mixin.py:188} INFO - [2025-06-03T13:23:08.841+0000] {dagbag.py:540} INFO - Filling up the DagBag from /home/airflow/.local/lib/python3.8/site-packages/airflow/example_dags/example_xcom.py
[2025-06-03T13:23:08.845+0000] {processor.py:840} INFO - DAG(s) 'example_xcom' retrieved from /home/airflow/.local/lib/python3.8/site-packages/airflow/example_dags/example_xcom.py
[2025-06-03T13:23:08.857+0000] {logging_mixin.py:188} INFO - [2025-06-03T13:23:08.857+0000] {dag.py:3047} INFO - Sync 1 DAGs
[2025-06-03T13:23:08.870+0000] {logging_mixin.py:188} INFO - [2025-06-03T13:23:08.870+0000] {dag.py:3834} INFO - Setting next_dagrun for example_xcom to 2021-01-01 00:00:00+00:00, run_after=2021-01-01 00:00:00+00:00
[2025-06-03T13:23:08.880+0000] {processor.py:183} INFO - Processing /home/airflow/.local/lib/python3.8/site-packages/airflow/example_dags/example_xcom.py took 0.043 seconds
[2025-06-03T13:23:39.943+0000] {processor.py:161} INFO - Started process (PID=803) to work on /home/airflow/.local/lib/python3.8/site-packages/airflow/example_dags/example_xcom.py
[2025-06-03T13:23:39.943+0000] {processor.py:830} INFO - Processing file /home/airflow/.local/lib/python3.8/site-packages/airflow/example_dags/example_xcom.py for tasks to queue
[2025-06-03T13:23:39.944+0000] {logging_mixin.py:188} INFO - [2025-06-03T13:23:39.944+0000] {dagbag.py:540} INFO - Filling up the DagBag from /home/airflow/.local/lib/python3.8/site-packages/airflow/example_dags/example_xcom.py
[2025-06-03T13:23:39.947+0000] {processor.py:840} INFO - DAG(s) 'example_xcom' retrieved from /home/airflow/.local/lib/python3.8/site-packages/airflow/example_dags/example_xcom.py
[2025-06-03T13:23:39.956+0000] {logging_mixin.py:188} INFO - [2025-06-03T13:23:39.956+0000] {dag.py:3047} INFO - Sync 1 DAGs
[2025-06-03T13:23:39.969+0000] {logging_mixin.py:188} INFO - [2025-06-03T13:23:39.968+0000] {dag.py:3834} INFO - Setting next_dagrun for example_xcom to 2021-01-01 00:00:00+00:00, run_after=2021-01-01 00:00:00+00:00
[2025-06-03T13:23:39.980+0000] {processor.py:183} INFO - Processing /home/airflow/.local/lib/python3.8/site-packages/airflow/example_dags/example_xcom.py took 0.038 seconds
[2025-06-03T13:24:10.048+0000] {processor.py:161} INFO - Started process (PID=858) to work on /home/airflow/.local/lib/python3.8/site-packages/airflow/example_dags/example_xcom.py
[2025-06-03T13:24:10.048+0000] {processor.py:830} INFO - Processing file /home/airflow/.local/lib/python3.8/site-packages/airflow/example_dags/example_xcom.py for tasks to queue
[2025-06-03T13:24:10.049+0000] {logging_mixin.py:188} INFO - [2025-06-03T13:24:10.049+0000] {dagbag.py:540} INFO - Filling up the DagBag from /home/airflow/.local/lib/python3.8/site-packages/airflow/example_dags/example_xcom.py
[2025-06-03T13:24:10.052+0000] {processor.py:840} INFO - DAG(s) 'example_xcom' retrieved from /home/airflow/.local/lib/python3.8/site-packages/airflow/example_dags/example_xcom.py
[2025-06-03T13:24:10.060+0000] {logging_mixin.py:188} INFO - [2025-06-03T13:24:10.059+0000] {dag.py:3047} INFO - Sync 1 DAGs
[2025-06-03T13:24:10.066+0000] {logging_mixin.py:188} INFO - [2025-06-03T13:24:10.066+0000] {dag.py:3834} INFO - Setting next_dagrun for example_xcom to 2021-01-01 00:00:00+00:00, run_after=2021-01-01 00:00:00+00:00
[2025-06-03T13:24:10.072+0000] {processor.py:183} INFO - Processing /home/airflow/.local/lib/python3.8/site-packages/airflow/example_dags/example_xcom.py took 0.025 seconds
[2025-06-03T13:24:40.774+0000] {processor.py:161} INFO - Started process (PID=913) to work on /home/airflow/.local/lib/python3.8/site-packages/airflow/example_dags/example_xcom.py
[2025-06-03T13:24:40.774+0000] {processor.py:830} INFO - Processing file /home/airflow/.local/lib/python3.8/site-packages/airflow/example_dags/example_xcom.py for tasks to queue
[2025-06-03T13:24:40.776+0000] {logging_mixin.py:188} INFO - [2025-06-03T13:24:40.776+0000] {dagbag.py:540} INFO - Filling up the DagBag from /home/airflow/.local/lib/python3.8/site-packages/airflow/example_dags/example_xcom.py
[2025-06-03T13:24:40.779+0000] {processor.py:840} INFO - DAG(s) 'example_xcom' retrieved from /home/airflow/.local/lib/python3.8/site-packages/airflow/example_dags/example_xcom.py
[2025-06-03T13:24:40.790+0000] {logging_mixin.py:188} INFO - [2025-06-03T13:24:40.790+0000] {dag.py:3047} INFO - Sync 1 DAGs
[2025-06-03T13:24:40.798+0000] {logging_mixin.py:188} INFO - [2025-06-03T13:24:40.797+0000] {dag.py:3834} INFO - Setting next_dagrun for example_xcom to 2021-01-01 00:00:00+00:00, run_after=2021-01-01 00:00:00+00:00
[2025-06-03T13:24:40.804+0000] {processor.py:183} INFO - Processing /home/airflow/.local/lib/python3.8/site-packages/airflow/example_dags/example_xcom.py took 0.032 seconds
[2025-06-03T13:25:11.671+0000] {processor.py:161} INFO - Started process (PID=968) to work on /home/airflow/.local/lib/python3.8/site-packages/airflow/example_dags/example_xcom.py
[2025-06-03T13:25:11.672+0000] {processor.py:830} INFO - Processing file /home/airflow/.local/lib/python3.8/site-packages/airflow/example_dags/example_xcom.py for tasks to queue
[2025-06-03T13:25:11.672+0000] {logging_mixin.py:188} INFO - [2025-06-03T13:25:11.672+0000] {dagbag.py:540} INFO - Filling up the DagBag from /home/airflow/.local/lib/python3.8/site-packages/airflow/example_dags/example_xcom.py
[2025-06-03T13:25:11.675+0000] {processor.py:840} INFO - DAG(s) 'example_xcom' retrieved from /home/airflow/.local/lib/python3.8/site-packages/airflow/example_dags/example_xcom.py
[2025-06-03T13:25:11.683+0000] {logging_mixin.py:188} INFO - [2025-06-03T13:25:11.683+0000] {dag.py:3047} INFO - Sync 1 DAGs
[2025-06-03T13:25:11.690+0000] {logging_mixin.py:188} INFO - [2025-06-03T13:25:11.690+0000] {dag.py:3834} INFO - Setting next_dagrun for example_xcom to 2021-01-01 00:00:00+00:00, run_after=2021-01-01 00:00:00+00:00
[2025-06-03T13:25:11.699+0000] {processor.py:183} INFO - Processing /home/airflow/.local/lib/python3.8/site-packages/airflow/example_dags/example_xcom.py took 0.029 seconds
[2025-06-03T13:25:42.345+0000] {processor.py:161} INFO - Started process (PID=1023) to work on /home/airflow/.local/lib/python3.8/site-packages/airflow/example_dags/example_xcom.py
[2025-06-03T13:25:42.346+0000] {processor.py:830} INFO - Processing file /home/airflow/.local/lib/python3.8/site-packages/airflow/example_dags/example_xcom.py for tasks to queue
[2025-06-03T13:25:42.347+0000] {logging_mixin.py:188} INFO - [2025-06-03T13:25:42.347+0000] {dagbag.py:540} INFO - Filling up the DagBag from /home/airflow/.local/lib/python3.8/site-packages/airflow/example_dags/example_xcom.py
[2025-06-03T13:25:42.350+0000] {processor.py:840} INFO - DAG(s) 'example_xcom' retrieved from /home/airflow/.local/lib/python3.8/site-packages/airflow/example_dags/example_xcom.py
[2025-06-03T13:25:42.360+0000] {logging_mixin.py:188} INFO - [2025-06-03T13:25:42.360+0000] {dag.py:3047} INFO - Sync 1 DAGs
[2025-06-03T13:25:42.369+0000] {logging_mixin.py:188} INFO - [2025-06-03T13:25:42.369+0000] {dag.py:3834} INFO - Setting next_dagrun for example_xcom to 2021-01-01 00:00:00+00:00, run_after=2021-01-01 00:00:00+00:00
[2025-06-03T13:25:42.376+0000] {processor.py:183} INFO - Processing /home/airflow/.local/lib/python3.8/site-packages/airflow/example_dags/example_xcom.py took 0.032 seconds
[2025-06-03T13:26:13.383+0000] {processor.py:161} INFO - Started process (PID=1078) to work on /home/airflow/.local/lib/python3.8/site-packages/airflow/example_dags/example_xcom.py
[2025-06-03T13:26:13.384+0000] {processor.py:830} INFO - Processing file /home/airflow/.local/lib/python3.8/site-packages/airflow/example_dags/example_xcom.py for tasks to queue
[2025-06-03T13:26:13.385+0000] {logging_mixin.py:188} INFO - [2025-06-03T13:26:13.385+0000] {dagbag.py:540} INFO - Filling up the DagBag from /home/airflow/.local/lib/python3.8/site-packages/airflow/example_dags/example_xcom.py
[2025-06-03T13:26:13.389+0000] {processor.py:840} INFO - DAG(s) 'example_xcom' retrieved from /home/airflow/.local/lib/python3.8/site-packages/airflow/example_dags/example_xcom.py
[2025-06-03T13:26:13.401+0000] {logging_mixin.py:188} INFO - [2025-06-03T13:26:13.401+0000] {dag.py:3047} INFO - Sync 1 DAGs
[2025-06-03T13:26:13.413+0000] {logging_mixin.py:188} INFO - [2025-06-03T13:26:13.413+0000] {dag.py:3834} INFO - Setting next_dagrun for example_xcom to 2021-01-01 00:00:00+00:00, run_after=2021-01-01 00:00:00+00:00
[2025-06-03T13:26:13.421+0000] {processor.py:183} INFO - Processing /home/airflow/.local/lib/python3.8/site-packages/airflow/example_dags/example_xcom.py took 0.040 seconds
[2025-06-03T13:26:43.478+0000] {processor.py:161} INFO - Started process (PID=1133) to work on /home/airflow/.local/lib/python3.8/site-packages/airflow/example_dags/example_xcom.py
[2025-06-03T13:26:43.478+0000] {processor.py:830} INFO - Processing file /home/airflow/.local/lib/python3.8/site-packages/airflow/example_dags/example_xcom.py for tasks to queue
[2025-06-03T13:26:43.479+0000] {logging_mixin.py:188} INFO - [2025-06-03T13:26:43.479+0000] {dagbag.py:540} INFO - Filling up the DagBag from /home/airflow/.local/lib/python3.8/site-packages/airflow/example_dags/example_xcom.py
[2025-06-03T13:26:43.482+0000] {processor.py:840} INFO - DAG(s) 'example_xcom' retrieved from /home/airflow/.local/lib/python3.8/site-packages/airflow/example_dags/example_xcom.py
[2025-06-03T13:26:43.493+0000] {logging_mixin.py:188} INFO - [2025-06-03T13:26:43.493+0000] {dag.py:3047} INFO - Sync 1 DAGs
[2025-06-03T13:26:43.501+0000] {logging_mixin.py:188} INFO - [2025-06-03T13:26:43.501+0000] {dag.py:3834} INFO - Setting next_dagrun for example_xcom to 2021-01-01 00:00:00+00:00, run_after=2021-01-01 00:00:00+00:00
[2025-06-03T13:26:43.507+0000] {processor.py:183} INFO - Processing /home/airflow/.local/lib/python3.8/site-packages/airflow/example_dags/example_xcom.py took 0.031 seconds
[2025-06-03T13:27:14.135+0000] {processor.py:161} INFO - Started process (PID=1188) to work on /home/airflow/.local/lib/python3.8/site-packages/airflow/example_dags/example_xcom.py
[2025-06-03T13:27:14.136+0000] {processor.py:830} INFO - Processing file /home/airflow/.local/lib/python3.8/site-packages/airflow/example_dags/example_xcom.py for tasks to queue
[2025-06-03T13:27:14.137+0000] {logging_mixin.py:188} INFO - [2025-06-03T13:27:14.136+0000] {dagbag.py:540} INFO - Filling up the DagBag from /home/airflow/.local/lib/python3.8/site-packages/airflow/example_dags/example_xcom.py
[2025-06-03T13:27:14.141+0000] {processor.py:840} INFO - DAG(s) 'example_xcom' retrieved from /home/airflow/.local/lib/python3.8/site-packages/airflow/example_dags/example_xcom.py
[2025-06-03T13:27:14.150+0000] {logging_mixin.py:188} INFO - [2025-06-03T13:27:14.150+0000] {dag.py:3047} INFO - Sync 1 DAGs
[2025-06-03T13:27:14.158+0000] {logging_mixin.py:188} INFO - [2025-06-03T13:27:14.158+0000] {dag.py:3834} INFO - Setting next_dagrun for example_xcom to 2021-01-01 00:00:00+00:00, run_after=2021-01-01 00:00:00+00:00
[2025-06-03T13:27:14.164+0000] {processor.py:183} INFO - Processing /home/airflow/.local/lib/python3.8/site-packages/airflow/example_dags/example_xcom.py took 0.031 seconds
[2025-06-03T13:27:44.651+0000] {processor.py:161} INFO - Started process (PID=1243) to work on /home/airflow/.local/lib/python3.8/site-packages/airflow/example_dags/example_xcom.py
[2025-06-03T13:27:44.652+0000] {processor.py:830} INFO - Processing file /home/airflow/.local/lib/python3.8/site-packages/airflow/example_dags/example_xcom.py for tasks to queue
[2025-06-03T13:27:44.653+0000] {logging_mixin.py:188} INFO - [2025-06-03T13:27:44.652+0000] {dagbag.py:540} INFO - Filling up the DagBag from /home/airflow/.local/lib/python3.8/site-packages/airflow/example_dags/example_xcom.py
[2025-06-03T13:27:44.655+0000] {processor.py:840} INFO - DAG(s) 'example_xcom' retrieved from /home/airflow/.local/lib/python3.8/site-packages/airflow/example_dags/example_xcom.py
[2025-06-03T13:27:44.663+0000] {logging_mixin.py:188} INFO - [2025-06-03T13:27:44.663+0000] {dag.py:3047} INFO - Sync 1 DAGs
[2025-06-03T13:27:44.670+0000] {logging_mixin.py:188} INFO - [2025-06-03T13:27:44.670+0000] {dag.py:3834} INFO - Setting next_dagrun for example_xcom to 2021-01-01 00:00:00+00:00, run_after=2021-01-01 00:00:00+00:00
[2025-06-03T13:27:44.679+0000] {processor.py:183} INFO - Processing /home/airflow/.local/lib/python3.8/site-packages/airflow/example_dags/example_xcom.py took 0.029 seconds
[2025-06-03T13:28:15.302+0000] {processor.py:161} INFO - Started process (PID=1298) to work on /home/airflow/.local/lib/python3.8/site-packages/airflow/example_dags/example_xcom.py
[2025-06-03T13:28:15.302+0000] {processor.py:830} INFO - Processing file /home/airflow/.local/lib/python3.8/site-packages/airflow/example_dags/example_xcom.py for tasks to queue
[2025-06-03T13:28:15.304+0000] {logging_mixin.py:188} INFO - [2025-06-03T13:28:15.303+0000] {dagbag.py:540} INFO - Filling up the DagBag from /home/airflow/.local/lib/python3.8/site-packages/airflow/example_dags/example_xcom.py
[2025-06-03T13:28:15.307+0000] {processor.py:840} INFO - DAG(s) 'example_xcom' retrieved from /home/airflow/.local/lib/python3.8/site-packages/airflow/example_dags/example_xcom.py
[2025-06-03T13:28:15.317+0000] {logging_mixin.py:188} INFO - [2025-06-03T13:28:15.316+0000] {dag.py:3047} INFO - Sync 1 DAGs
[2025-06-03T13:28:15.324+0000] {logging_mixin.py:188} INFO - [2025-06-03T13:28:15.324+0000] {dag.py:3834} INFO - Setting next_dagrun for example_xcom to 2021-01-01 00:00:00+00:00, run_after=2021-01-01 00:00:00+00:00
[2025-06-03T13:28:15.331+0000] {processor.py:183} INFO - Processing /home/airflow/.local/lib/python3.8/site-packages/airflow/example_dags/example_xcom.py took 0.030 seconds
[2025-06-03T13:28:46.017+0000] {processor.py:161} INFO - Started process (PID=1353) to work on /home/airflow/.local/lib/python3.8/site-packages/airflow/example_dags/example_xcom.py
[2025-06-03T13:28:46.018+0000] {processor.py:830} INFO - Processing file /home/airflow/.local/lib/python3.8/site-packages/airflow/example_dags/example_xcom.py for tasks to queue
[2025-06-03T13:28:46.019+0000] {logging_mixin.py:188} INFO - [2025-06-03T13:28:46.019+0000] {dagbag.py:540} INFO - Filling up the DagBag from /home/airflow/.local/lib/python3.8/site-packages/airflow/example_dags/example_xcom.py
[2025-06-03T13:28:46.025+0000] {processor.py:840} INFO - DAG(s) 'example_xcom' retrieved from /home/airflow/.local/lib/python3.8/site-packages/airflow/example_dags/example_xcom.py
[2025-06-03T13:28:46.043+0000] {logging_mixin.py:188} INFO - [2025-06-03T13:28:46.043+0000] {dag.py:3047} INFO - Sync 1 DAGs
[2025-06-03T13:28:46.067+0000] {logging_mixin.py:188} INFO - [2025-06-03T13:28:46.066+0000] {dag.py:3834} INFO - Setting next_dagrun for example_xcom to 2021-01-01 00:00:00+00:00, run_after=2021-01-01 00:00:00+00:00
[2025-06-03T13:28:46.085+0000] {processor.py:183} INFO - Processing /home/airflow/.local/lib/python3.8/site-packages/airflow/example_dags/example_xcom.py took 0.071 seconds
[2025-06-03T13:29:16.096+0000] {processor.py:161} INFO - Started process (PID=1408) to work on /home/airflow/.local/lib/python3.8/site-packages/airflow/example_dags/example_xcom.py
[2025-06-03T13:29:16.096+0000] {processor.py:830} INFO - Processing file /home/airflow/.local/lib/python3.8/site-packages/airflow/example_dags/example_xcom.py for tasks to queue
[2025-06-03T13:29:16.097+0000] {logging_mixin.py:188} INFO - [2025-06-03T13:29:16.097+0000] {dagbag.py:540} INFO - Filling up the DagBag from /home/airflow/.local/lib/python3.8/site-packages/airflow/example_dags/example_xcom.py
[2025-06-03T13:29:16.099+0000] {processor.py:840} INFO - DAG(s) 'example_xcom' retrieved from /home/airflow/.local/lib/python3.8/site-packages/airflow/example_dags/example_xcom.py
[2025-06-03T13:29:16.107+0000] {logging_mixin.py:188} INFO - [2025-06-03T13:29:16.107+0000] {dag.py:3047} INFO - Sync 1 DAGs
[2025-06-03T13:29:16.115+0000] {logging_mixin.py:188} INFO - [2025-06-03T13:29:16.115+0000] {dag.py:3834} INFO - Setting next_dagrun for example_xcom to 2021-01-01 00:00:00+00:00, run_after=2021-01-01 00:00:00+00:00
[2025-06-03T13:29:16.122+0000] {processor.py:183} INFO - Processing /home/airflow/.local/lib/python3.8/site-packages/airflow/example_dags/example_xcom.py took 0.028 seconds
[2025-06-03T13:29:46.440+0000] {processor.py:161} INFO - Started process (PID=1463) to work on /home/airflow/.local/lib/python3.8/site-packages/airflow/example_dags/example_xcom.py
[2025-06-03T13:29:46.443+0000] {processor.py:830} INFO - Processing file /home/airflow/.local/lib/python3.8/site-packages/airflow/example_dags/example_xcom.py for tasks to queue
[2025-06-03T13:29:46.444+0000] {logging_mixin.py:188} INFO - [2025-06-03T13:29:46.444+0000] {dagbag.py:540} INFO - Filling up the DagBag from /home/airflow/.local/lib/python3.8/site-packages/airflow/example_dags/example_xcom.py
[2025-06-03T13:29:46.449+0000] {processor.py:840} INFO - DAG(s) 'example_xcom' retrieved from /home/airflow/.local/lib/python3.8/site-packages/airflow/example_dags/example_xcom.py
[2025-06-03T13:29:46.457+0000] {logging_mixin.py:188} INFO - [2025-06-03T13:29:46.457+0000] {dag.py:3047} INFO - Sync 1 DAGs
[2025-06-03T13:29:46.464+0000] {logging_mixin.py:188} INFO - [2025-06-03T13:29:46.464+0000] {dag.py:3834} INFO - Setting next_dagrun for example_xcom to 2021-01-01 00:00:00+00:00, run_after=2021-01-01 00:00:00+00:00
[2025-06-03T13:29:46.469+0000] {processor.py:183} INFO - Processing /home/airflow/.local/lib/python3.8/site-packages/airflow/example_dags/example_xcom.py took 0.030 seconds
[2025-06-03T13:30:16.769+0000] {processor.py:161} INFO - Started process (PID=1518) to work on /home/airflow/.local/lib/python3.8/site-packages/airflow/example_dags/example_xcom.py
[2025-06-03T13:30:16.770+0000] {processor.py:830} INFO - Processing file /home/airflow/.local/lib/python3.8/site-packages/airflow/example_dags/example_xcom.py for tasks to queue
[2025-06-03T13:30:16.771+0000] {logging_mixin.py:188} INFO - [2025-06-03T13:30:16.770+0000] {dagbag.py:540} INFO - Filling up the DagBag from /home/airflow/.local/lib/python3.8/site-packages/airflow/example_dags/example_xcom.py
[2025-06-03T13:30:16.773+0000] {processor.py:840} INFO - DAG(s) 'example_xcom' retrieved from /home/airflow/.local/lib/python3.8/site-packages/airflow/example_dags/example_xcom.py
[2025-06-03T13:30:16.783+0000] {logging_mixin.py:188} INFO - [2025-06-03T13:30:16.783+0000] {dag.py:3047} INFO - Sync 1 DAGs
[2025-06-03T13:30:16.791+0000] {logging_mixin.py:188} INFO - [2025-06-03T13:30:16.791+0000] {dag.py:3834} INFO - Setting next_dagrun for example_xcom to 2021-01-01 00:00:00+00:00, run_after=2021-01-01 00:00:00+00:00
[2025-06-03T13:30:16.797+0000] {processor.py:183} INFO - Processing /home/airflow/.local/lib/python3.8/site-packages/airflow/example_dags/example_xcom.py took 0.029 seconds
[2025-06-03T13:30:47.076+0000] {processor.py:161} INFO - Started process (PID=1572) to work on /home/airflow/.local/lib/python3.8/site-packages/airflow/example_dags/example_xcom.py
[2025-06-03T13:30:47.080+0000] {processor.py:830} INFO - Processing file /home/airflow/.local/lib/python3.8/site-packages/airflow/example_dags/example_xcom.py for tasks to queue
[2025-06-03T13:30:47.080+0000] {logging_mixin.py:188} INFO - [2025-06-03T13:30:47.080+0000] {dagbag.py:540} INFO - Filling up the DagBag from /home/airflow/.local/lib/python3.8/site-packages/airflow/example_dags/example_xcom.py
[2025-06-03T13:30:47.084+0000] {processor.py:840} INFO - DAG(s) 'example_xcom' retrieved from /home/airflow/.local/lib/python3.8/site-packages/airflow/example_dags/example_xcom.py
[2025-06-03T13:30:47.092+0000] {logging_mixin.py:188} INFO - [2025-06-03T13:30:47.092+0000] {dag.py:3047} INFO - Sync 1 DAGs
[2025-06-03T13:30:47.099+0000] {logging_mixin.py:188} INFO - [2025-06-03T13:30:47.099+0000] {dag.py:3834} INFO - Setting next_dagrun for example_xcom to 2021-01-01 00:00:00+00:00, run_after=2021-01-01 00:00:00+00:00
[2025-06-03T13:30:47.105+0000] {processor.py:183} INFO - Processing /home/airflow/.local/lib/python3.8/site-packages/airflow/example_dags/example_xcom.py took 0.030 seconds
[2025-06-03T13:31:17.359+0000] {processor.py:161} INFO - Started process (PID=1627) to work on /home/airflow/.local/lib/python3.8/site-packages/airflow/example_dags/example_xcom.py
[2025-06-03T13:31:17.359+0000] {processor.py:830} INFO - Processing file /home/airflow/.local/lib/python3.8/site-packages/airflow/example_dags/example_xcom.py for tasks to queue
[2025-06-03T13:31:17.360+0000] {logging_mixin.py:188} INFO - [2025-06-03T13:31:17.360+0000] {dagbag.py:540} INFO - Filling up the DagBag from /home/airflow/.local/lib/python3.8/site-packages/airflow/example_dags/example_xcom.py
[2025-06-03T13:31:17.363+0000] {processor.py:840} INFO - DAG(s) 'example_xcom' retrieved from /home/airflow/.local/lib/python3.8/site-packages/airflow/example_dags/example_xcom.py
[2025-06-03T13:31:17.372+0000] {logging_mixin.py:188} INFO - [2025-06-03T13:31:17.372+0000] {dag.py:3047} INFO - Sync 1 DAGs
[2025-06-03T13:31:17.379+0000] {logging_mixin.py:188} INFO - [2025-06-03T13:31:17.379+0000] {dag.py:3834} INFO - Setting next_dagrun for example_xcom to 2021-01-01 00:00:00+00:00, run_after=2021-01-01 00:00:00+00:00
[2025-06-03T13:31:17.385+0000] {processor.py:183} INFO - Processing /home/airflow/.local/lib/python3.8/site-packages/airflow/example_dags/example_xcom.py took 0.028 seconds
[2025-06-03T13:31:47.664+0000] {processor.py:161} INFO - Started process (PID=1682) to work on /home/airflow/.local/lib/python3.8/site-packages/airflow/example_dags/example_xcom.py
[2025-06-03T13:31:47.665+0000] {processor.py:830} INFO - Processing file /home/airflow/.local/lib/python3.8/site-packages/airflow/example_dags/example_xcom.py for tasks to queue
[2025-06-03T13:31:47.666+0000] {logging_mixin.py:188} INFO - [2025-06-03T13:31:47.666+0000] {dagbag.py:540} INFO - Filling up the DagBag from /home/airflow/.local/lib/python3.8/site-packages/airflow/example_dags/example_xcom.py
[2025-06-03T13:31:47.669+0000] {processor.py:840} INFO - DAG(s) 'example_xcom' retrieved from /home/airflow/.local/lib/python3.8/site-packages/airflow/example_dags/example_xcom.py
[2025-06-03T13:31:47.679+0000] {logging_mixin.py:188} INFO - [2025-06-03T13:31:47.679+0000] {dag.py:3047} INFO - Sync 1 DAGs
[2025-06-03T13:31:47.686+0000] {logging_mixin.py:188} INFO - [2025-06-03T13:31:47.686+0000] {dag.py:3834} INFO - Setting next_dagrun for example_xcom to 2021-01-01 00:00:00+00:00, run_after=2021-01-01 00:00:00+00:00
[2025-06-03T13:31:47.692+0000] {processor.py:183} INFO - Processing /home/airflow/.local/lib/python3.8/site-packages/airflow/example_dags/example_xcom.py took 0.029 seconds
[2025-06-03T13:32:17.940+0000] {processor.py:161} INFO - Started process (PID=1737) to work on /home/airflow/.local/lib/python3.8/site-packages/airflow/example_dags/example_xcom.py
[2025-06-03T13:32:17.940+0000] {processor.py:830} INFO - Processing file /home/airflow/.local/lib/python3.8/site-packages/airflow/example_dags/example_xcom.py for tasks to queue
[2025-06-03T13:32:17.941+0000] {logging_mixin.py:188} INFO - [2025-06-03T13:32:17.941+0000] {dagbag.py:540} INFO - Filling up the DagBag from /home/airflow/.local/lib/python3.8/site-packages/airflow/example_dags/example_xcom.py
[2025-06-03T13:32:17.944+0000] {processor.py:840} INFO - DAG(s) 'example_xcom' retrieved from /home/airflow/.local/lib/python3.8/site-packages/airflow/example_dags/example_xcom.py
[2025-06-03T13:32:17.951+0000] {logging_mixin.py:188} INFO - [2025-06-03T13:32:17.951+0000] {dag.py:3047} INFO - Sync 1 DAGs
[2025-06-03T13:32:17.958+0000] {logging_mixin.py:188} INFO - [2025-06-03T13:32:17.958+0000] {dag.py:3834} INFO - Setting next_dagrun for example_xcom to 2021-01-01 00:00:00+00:00, run_after=2021-01-01 00:00:00+00:00
[2025-06-03T13:32:17.964+0000] {processor.py:183} INFO - Processing /home/airflow/.local/lib/python3.8/site-packages/airflow/example_dags/example_xcom.py took 0.026 seconds
[2025-06-03T13:32:48.244+0000] {processor.py:161} INFO - Started process (PID=1792) to work on /home/airflow/.local/lib/python3.8/site-packages/airflow/example_dags/example_xcom.py
[2025-06-03T13:32:48.244+0000] {processor.py:830} INFO - Processing file /home/airflow/.local/lib/python3.8/site-packages/airflow/example_dags/example_xcom.py for tasks to queue
[2025-06-03T13:32:48.245+0000] {logging_mixin.py:188} INFO - [2025-06-03T13:32:48.245+0000] {dagbag.py:540} INFO - Filling up the DagBag from /home/airflow/.local/lib/python3.8/site-packages/airflow/example_dags/example_xcom.py
[2025-06-03T13:32:48.248+0000] {processor.py:840} INFO - DAG(s) 'example_xcom' retrieved from /home/airflow/.local/lib/python3.8/site-packages/airflow/example_dags/example_xcom.py
[2025-06-03T13:32:48.258+0000] {logging_mixin.py:188} INFO - [2025-06-03T13:32:48.258+0000] {dag.py:3047} INFO - Sync 1 DAGs
[2025-06-03T13:32:48.265+0000] {logging_mixin.py:188} INFO - [2025-06-03T13:32:48.265+0000] {dag.py:3834} INFO - Setting next_dagrun for example_xcom to 2021-01-01 00:00:00+00:00, run_after=2021-01-01 00:00:00+00:00
[2025-06-03T13:32:48.271+0000] {processor.py:183} INFO - Processing /home/airflow/.local/lib/python3.8/site-packages/airflow/example_dags/example_xcom.py took 0.028 seconds
[2025-06-03T13:33:18.557+0000] {processor.py:161} INFO - Started process (PID=1847) to work on /home/airflow/.local/lib/python3.8/site-packages/airflow/example_dags/example_xcom.py
[2025-06-03T13:33:18.558+0000] {processor.py:830} INFO - Processing file /home/airflow/.local/lib/python3.8/site-packages/airflow/example_dags/example_xcom.py for tasks to queue
[2025-06-03T13:33:18.558+0000] {logging_mixin.py:188} INFO - [2025-06-03T13:33:18.558+0000] {dagbag.py:540} INFO - Filling up the DagBag from /home/airflow/.local/lib/python3.8/site-packages/airflow/example_dags/example_xcom.py
[2025-06-03T13:33:18.561+0000] {processor.py:840} INFO - DAG(s) 'example_xcom' retrieved from /home/airflow/.local/lib/python3.8/site-packages/airflow/example_dags/example_xcom.py
[2025-06-03T13:33:18.569+0000] {logging_mixin.py:188} INFO - [2025-06-03T13:33:18.569+0000] {dag.py:3047} INFO - Sync 1 DAGs
[2025-06-03T13:33:18.576+0000] {logging_mixin.py:188} INFO - [2025-06-03T13:33:18.576+0000] {dag.py:3834} INFO - Setting next_dagrun for example_xcom to 2021-01-01 00:00:00+00:00, run_after=2021-01-01 00:00:00+00:00
[2025-06-03T13:33:18.582+0000] {processor.py:183} INFO - Processing /home/airflow/.local/lib/python3.8/site-packages/airflow/example_dags/example_xcom.py took 0.026 seconds
[2025-06-03T13:33:48.802+0000] {processor.py:161} INFO - Started process (PID=1902) to work on /home/airflow/.local/lib/python3.8/site-packages/airflow/example_dags/example_xcom.py
[2025-06-03T13:33:48.804+0000] {processor.py:830} INFO - Processing file /home/airflow/.local/lib/python3.8/site-packages/airflow/example_dags/example_xcom.py for tasks to queue
[2025-06-03T13:33:48.805+0000] {logging_mixin.py:188} INFO - [2025-06-03T13:33:48.805+0000] {dagbag.py:540} INFO - Filling up the DagBag from /home/airflow/.local/lib/python3.8/site-packages/airflow/example_dags/example_xcom.py
[2025-06-03T13:33:48.808+0000] {processor.py:840} INFO - DAG(s) 'example_xcom' retrieved from /home/airflow/.local/lib/python3.8/site-packages/airflow/example_dags/example_xcom.py
[2025-06-03T13:33:48.817+0000] {logging_mixin.py:188} INFO - [2025-06-03T13:33:48.817+0000] {dag.py:3047} INFO - Sync 1 DAGs
[2025-06-03T13:33:48.826+0000] {logging_mixin.py:188} INFO - [2025-06-03T13:33:48.826+0000] {dag.py:3834} INFO - Setting next_dagrun for example_xcom to 2021-01-01 00:00:00+00:00, run_after=2021-01-01 00:00:00+00:00
[2025-06-03T13:33:48.832+0000] {processor.py:183} INFO - Processing /home/airflow/.local/lib/python3.8/site-packages/airflow/example_dags/example_xcom.py took 0.031 seconds
[2025-06-03T13:34:19.162+0000] {processor.py:161} INFO - Started process (PID=1957) to work on /home/airflow/.local/lib/python3.8/site-packages/airflow/example_dags/example_xcom.py
[2025-06-03T13:34:19.162+0000] {processor.py:830} INFO - Processing file /home/airflow/.local/lib/python3.8/site-packages/airflow/example_dags/example_xcom.py for tasks to queue
[2025-06-03T13:34:19.163+0000] {logging_mixin.py:188} INFO - [2025-06-03T13:34:19.163+0000] {dagbag.py:540} INFO - Filling up the DagBag from /home/airflow/.local/lib/python3.8/site-packages/airflow/example_dags/example_xcom.py
[2025-06-03T13:34:19.166+0000] {processor.py:840} INFO - DAG(s) 'example_xcom' retrieved from /home/airflow/.local/lib/python3.8/site-packages/airflow/example_dags/example_xcom.py
[2025-06-03T13:34:19.175+0000] {logging_mixin.py:188} INFO - [2025-06-03T13:34:19.175+0000] {dag.py:3047} INFO - Sync 1 DAGs
[2025-06-03T13:34:19.182+0000] {logging_mixin.py:188} INFO - [2025-06-03T13:34:19.182+0000] {dag.py:3834} INFO - Setting next_dagrun for example_xcom to 2021-01-01 00:00:00+00:00, run_after=2021-01-01 00:00:00+00:00
[2025-06-03T13:34:19.188+0000] {processor.py:183} INFO - Processing /home/airflow/.local/lib/python3.8/site-packages/airflow/example_dags/example_xcom.py took 0.028 seconds
[2025-06-03T13:34:49.483+0000] {processor.py:161} INFO - Started process (PID=2012) to work on /home/airflow/.local/lib/python3.8/site-packages/airflow/example_dags/example_xcom.py
[2025-06-03T13:34:49.483+0000] {processor.py:830} INFO - Processing file /home/airflow/.local/lib/python3.8/site-packages/airflow/example_dags/example_xcom.py for tasks to queue
[2025-06-03T13:34:49.484+0000] {logging_mixin.py:188} INFO - [2025-06-03T13:34:49.484+0000] {dagbag.py:540} INFO - Filling up the DagBag from /home/airflow/.local/lib/python3.8/site-packages/airflow/example_dags/example_xcom.py
[2025-06-03T13:34:49.488+0000] {processor.py:840} INFO - DAG(s) 'example_xcom' retrieved from /home/airflow/.local/lib/python3.8/site-packages/airflow/example_dags/example_xcom.py
[2025-06-03T13:34:49.496+0000] {logging_mixin.py:188} INFO - [2025-06-03T13:34:49.496+0000] {dag.py:3047} INFO - Sync 1 DAGs
[2025-06-03T13:34:49.504+0000] {logging_mixin.py:188} INFO - [2025-06-03T13:34:49.504+0000] {dag.py:3834} INFO - Setting next_dagrun for example_xcom to 2021-01-01 00:00:00+00:00, run_after=2021-01-01 00:00:00+00:00
[2025-06-03T13:34:49.509+0000] {processor.py:183} INFO - Processing /home/airflow/.local/lib/python3.8/site-packages/airflow/example_dags/example_xcom.py took 0.028 seconds
[2025-06-03T13:35:20.160+0000] {processor.py:161} INFO - Started process (PID=2067) to work on /home/airflow/.local/lib/python3.8/site-packages/airflow/example_dags/example_xcom.py
[2025-06-03T13:35:20.161+0000] {processor.py:830} INFO - Processing file /home/airflow/.local/lib/python3.8/site-packages/airflow/example_dags/example_xcom.py for tasks to queue
[2025-06-03T13:35:20.162+0000] {logging_mixin.py:188} INFO - [2025-06-03T13:35:20.162+0000] {dagbag.py:540} INFO - Filling up the DagBag from /home/airflow/.local/lib/python3.8/site-packages/airflow/example_dags/example_xcom.py
[2025-06-03T13:35:20.165+0000] {processor.py:840} INFO - DAG(s) 'example_xcom' retrieved from /home/airflow/.local/lib/python3.8/site-packages/airflow/example_dags/example_xcom.py
[2025-06-03T13:35:20.175+0000] {logging_mixin.py:188} INFO - [2025-06-03T13:35:20.175+0000] {dag.py:3047} INFO - Sync 1 DAGs
[2025-06-03T13:35:20.183+0000] {logging_mixin.py:188} INFO - [2025-06-03T13:35:20.183+0000] {dag.py:3834} INFO - Setting next_dagrun for example_xcom to 2021-01-01 00:00:00+00:00, run_after=2021-01-01 00:00:00+00:00
[2025-06-03T13:35:20.190+0000] {processor.py:183} INFO - Processing /home/airflow/.local/lib/python3.8/site-packages/airflow/example_dags/example_xcom.py took 0.032 seconds
[2025-06-03T13:35:50.485+0000] {processor.py:161} INFO - Started process (PID=2122) to work on /home/airflow/.local/lib/python3.8/site-packages/airflow/example_dags/example_xcom.py
[2025-06-03T13:35:50.485+0000] {processor.py:830} INFO - Processing file /home/airflow/.local/lib/python3.8/site-packages/airflow/example_dags/example_xcom.py for tasks to queue
[2025-06-03T13:35:50.486+0000] {logging_mixin.py:188} INFO - [2025-06-03T13:35:50.486+0000] {dagbag.py:540} INFO - Filling up the DagBag from /home/airflow/.local/lib/python3.8/site-packages/airflow/example_dags/example_xcom.py
[2025-06-03T13:35:50.489+0000] {processor.py:840} INFO - DAG(s) 'example_xcom' retrieved from /home/airflow/.local/lib/python3.8/site-packages/airflow/example_dags/example_xcom.py
[2025-06-03T13:35:50.497+0000] {logging_mixin.py:188} INFO - [2025-06-03T13:35:50.497+0000] {dag.py:3047} INFO - Sync 1 DAGs
[2025-06-03T13:35:50.505+0000] {logging_mixin.py:188} INFO - [2025-06-03T13:35:50.505+0000] {dag.py:3834} INFO - Setting next_dagrun for example_xcom to 2021-01-01 00:00:00+00:00, run_after=2021-01-01 00:00:00+00:00
[2025-06-03T13:35:50.511+0000] {processor.py:183} INFO - Processing /home/airflow/.local/lib/python3.8/site-packages/airflow/example_dags/example_xcom.py took 0.028 seconds
[2025-06-03T13:36:20.781+0000] {processor.py:161} INFO - Started process (PID=2177) to work on /home/airflow/.local/lib/python3.8/site-packages/airflow/example_dags/example_xcom.py
[2025-06-03T13:36:20.782+0000] {processor.py:830} INFO - Processing file /home/airflow/.local/lib/python3.8/site-packages/airflow/example_dags/example_xcom.py for tasks to queue
[2025-06-03T13:36:20.783+0000] {logging_mixin.py:188} INFO - [2025-06-03T13:36:20.783+0000] {dagbag.py:540} INFO - Filling up the DagBag from /home/airflow/.local/lib/python3.8/site-packages/airflow/example_dags/example_xcom.py
[2025-06-03T13:36:20.787+0000] {processor.py:840} INFO - DAG(s) 'example_xcom' retrieved from /home/airflow/.local/lib/python3.8/site-packages/airflow/example_dags/example_xcom.py
[2025-06-03T13:36:20.795+0000] {logging_mixin.py:188} INFO - [2025-06-03T13:36:20.795+0000] {dag.py:3047} INFO - Sync 1 DAGs
[2025-06-03T13:36:20.802+0000] {logging_mixin.py:188} INFO - [2025-06-03T13:36:20.802+0000] {dag.py:3834} INFO - Setting next_dagrun for example_xcom to 2021-01-01 00:00:00+00:00, run_after=2021-01-01 00:00:00+00:00
[2025-06-03T13:36:20.808+0000] {processor.py:183} INFO - Processing /home/airflow/.local/lib/python3.8/site-packages/airflow/example_dags/example_xcom.py took 0.028 seconds
[2025-06-03T13:36:51.159+0000] {processor.py:161} INFO - Started process (PID=2232) to work on /home/airflow/.local/lib/python3.8/site-packages/airflow/example_dags/example_xcom.py
[2025-06-03T13:36:51.160+0000] {processor.py:830} INFO - Processing file /home/airflow/.local/lib/python3.8/site-packages/airflow/example_dags/example_xcom.py for tasks to queue
[2025-06-03T13:36:51.160+0000] {logging_mixin.py:188} INFO - [2025-06-03T13:36:51.160+0000] {dagbag.py:540} INFO - Filling up the DagBag from /home/airflow/.local/lib/python3.8/site-packages/airflow/example_dags/example_xcom.py
[2025-06-03T13:36:51.163+0000] {processor.py:840} INFO - DAG(s) 'example_xcom' retrieved from /home/airflow/.local/lib/python3.8/site-packages/airflow/example_dags/example_xcom.py
[2025-06-03T13:36:51.173+0000] {logging_mixin.py:188} INFO - [2025-06-03T13:36:51.173+0000] {dag.py:3047} INFO - Sync 1 DAGs
[2025-06-03T13:36:51.180+0000] {logging_mixin.py:188} INFO - [2025-06-03T13:36:51.180+0000] {dag.py:3834} INFO - Setting next_dagrun for example_xcom to 2021-01-01 00:00:00+00:00, run_after=2021-01-01 00:00:00+00:00
[2025-06-03T13:36:51.186+0000] {processor.py:183} INFO - Processing /home/airflow/.local/lib/python3.8/site-packages/airflow/example_dags/example_xcom.py took 0.028 seconds
[2025-06-03T13:37:21.549+0000] {processor.py:161} INFO - Started process (PID=2287) to work on /home/airflow/.local/lib/python3.8/site-packages/airflow/example_dags/example_xcom.py
[2025-06-03T13:37:21.550+0000] {processor.py:830} INFO - Processing file /home/airflow/.local/lib/python3.8/site-packages/airflow/example_dags/example_xcom.py for tasks to queue
[2025-06-03T13:37:21.551+0000] {logging_mixin.py:188} INFO - [2025-06-03T13:37:21.550+0000] {dagbag.py:540} INFO - Filling up the DagBag from /home/airflow/.local/lib/python3.8/site-packages/airflow/example_dags/example_xcom.py
[2025-06-03T13:37:21.553+0000] {processor.py:840} INFO - DAG(s) 'example_xcom' retrieved from /home/airflow/.local/lib/python3.8/site-packages/airflow/example_dags/example_xcom.py
[2025-06-03T13:37:21.562+0000] {logging_mixin.py:188} INFO - [2025-06-03T13:37:21.562+0000] {dag.py:3047} INFO - Sync 1 DAGs
[2025-06-03T13:37:21.570+0000] {logging_mixin.py:188} INFO - [2025-06-03T13:37:21.569+0000] {dag.py:3834} INFO - Setting next_dagrun for example_xcom to 2021-01-01 00:00:00+00:00, run_after=2021-01-01 00:00:00+00:00
[2025-06-03T13:37:21.575+0000] {processor.py:183} INFO - Processing /home/airflow/.local/lib/python3.8/site-packages/airflow/example_dags/example_xcom.py took 0.028 seconds
[2025-06-03T13:37:52.216+0000] {processor.py:161} INFO - Started process (PID=2342) to work on /home/airflow/.local/lib/python3.8/site-packages/airflow/example_dags/example_xcom.py
[2025-06-03T13:37:52.218+0000] {processor.py:830} INFO - Processing file /home/airflow/.local/lib/python3.8/site-packages/airflow/example_dags/example_xcom.py for tasks to queue
[2025-06-03T13:37:52.219+0000] {logging_mixin.py:188} INFO - [2025-06-03T13:37:52.219+0000] {dagbag.py:540} INFO - Filling up the DagBag from /home/airflow/.local/lib/python3.8/site-packages/airflow/example_dags/example_xcom.py
[2025-06-03T13:37:52.222+0000] {processor.py:840} INFO - DAG(s) 'example_xcom' retrieved from /home/airflow/.local/lib/python3.8/site-packages/airflow/example_dags/example_xcom.py
[2025-06-03T13:37:52.233+0000] {logging_mixin.py:188} INFO - [2025-06-03T13:37:52.233+0000] {dag.py:3047} INFO - Sync 1 DAGs
[2025-06-03T13:37:52.242+0000] {logging_mixin.py:188} INFO - [2025-06-03T13:37:52.242+0000] {dag.py:3834} INFO - Setting next_dagrun for example_xcom to 2021-01-01 00:00:00+00:00, run_after=2021-01-01 00:00:00+00:00
[2025-06-03T13:37:52.253+0000] {processor.py:183} INFO - Processing /home/airflow/.local/lib/python3.8/site-packages/airflow/example_dags/example_xcom.py took 0.038 seconds
[2025-06-03T13:38:23.269+0000] {processor.py:161} INFO - Started process (PID=2397) to work on /home/airflow/.local/lib/python3.8/site-packages/airflow/example_dags/example_xcom.py
[2025-06-03T13:38:23.270+0000] {processor.py:830} INFO - Processing file /home/airflow/.local/lib/python3.8/site-packages/airflow/example_dags/example_xcom.py for tasks to queue
[2025-06-03T13:38:23.271+0000] {logging_mixin.py:188} INFO - [2025-06-03T13:38:23.271+0000] {dagbag.py:540} INFO - Filling up the DagBag from /home/airflow/.local/lib/python3.8/site-packages/airflow/example_dags/example_xcom.py
[2025-06-03T13:38:23.276+0000] {processor.py:840} INFO - DAG(s) 'example_xcom' retrieved from /home/airflow/.local/lib/python3.8/site-packages/airflow/example_dags/example_xcom.py
[2025-06-03T13:38:23.285+0000] {logging_mixin.py:188} INFO - [2025-06-03T13:38:23.285+0000] {dag.py:3047} INFO - Sync 1 DAGs
[2025-06-03T13:38:23.293+0000] {logging_mixin.py:188} INFO - [2025-06-03T13:38:23.293+0000] {dag.py:3834} INFO - Setting next_dagrun for example_xcom to 2021-01-01 00:00:00+00:00, run_after=2021-01-01 00:00:00+00:00
[2025-06-03T13:38:23.301+0000] {processor.py:183} INFO - Processing /home/airflow/.local/lib/python3.8/site-packages/airflow/example_dags/example_xcom.py took 0.033 seconds
[2025-06-03T13:38:53.855+0000] {processor.py:161} INFO - Started process (PID=2452) to work on /home/airflow/.local/lib/python3.8/site-packages/airflow/example_dags/example_xcom.py
[2025-06-03T13:38:53.857+0000] {processor.py:830} INFO - Processing file /home/airflow/.local/lib/python3.8/site-packages/airflow/example_dags/example_xcom.py for tasks to queue
[2025-06-03T13:38:53.857+0000] {logging_mixin.py:188} INFO - [2025-06-03T13:38:53.857+0000] {dagbag.py:540} INFO - Filling up the DagBag from /home/airflow/.local/lib/python3.8/site-packages/airflow/example_dags/example_xcom.py
[2025-06-03T13:38:53.861+0000] {processor.py:840} INFO - DAG(s) 'example_xcom' retrieved from /home/airflow/.local/lib/python3.8/site-packages/airflow/example_dags/example_xcom.py
[2025-06-03T13:38:53.872+0000] {logging_mixin.py:188} INFO - [2025-06-03T13:38:53.872+0000] {dag.py:3047} INFO - Sync 1 DAGs
[2025-06-03T13:38:53.882+0000] {logging_mixin.py:188} INFO - [2025-06-03T13:38:53.882+0000] {dag.py:3834} INFO - Setting next_dagrun for example_xcom to 2021-01-01 00:00:00+00:00, run_after=2021-01-01 00:00:00+00:00
[2025-06-03T13:38:53.888+0000] {processor.py:183} INFO - Processing /home/airflow/.local/lib/python3.8/site-packages/airflow/example_dags/example_xcom.py took 0.035 seconds
[2025-06-03T13:39:24.900+0000] {processor.py:161} INFO - Started process (PID=2507) to work on /home/airflow/.local/lib/python3.8/site-packages/airflow/example_dags/example_xcom.py
[2025-06-03T13:39:24.900+0000] {processor.py:830} INFO - Processing file /home/airflow/.local/lib/python3.8/site-packages/airflow/example_dags/example_xcom.py for tasks to queue
[2025-06-03T13:39:24.901+0000] {logging_mixin.py:188} INFO - [2025-06-03T13:39:24.901+0000] {dagbag.py:540} INFO - Filling up the DagBag from /home/airflow/.local/lib/python3.8/site-packages/airflow/example_dags/example_xcom.py
[2025-06-03T13:39:24.904+0000] {processor.py:840} INFO - DAG(s) 'example_xcom' retrieved from /home/airflow/.local/lib/python3.8/site-packages/airflow/example_dags/example_xcom.py
[2025-06-03T13:39:24.916+0000] {logging_mixin.py:188} INFO - [2025-06-03T13:39:24.916+0000] {dag.py:3047} INFO - Sync 1 DAGs
[2025-06-03T13:39:24.925+0000] {logging_mixin.py:188} INFO - [2025-06-03T13:39:24.925+0000] {dag.py:3834} INFO - Setting next_dagrun for example_xcom to 2021-01-01 00:00:00+00:00, run_after=2021-01-01 00:00:00+00:00
[2025-06-03T13:39:24.931+0000] {processor.py:183} INFO - Processing /home/airflow/.local/lib/python3.8/site-packages/airflow/example_dags/example_xcom.py took 0.032 seconds
[2025-06-03T13:39:55.752+0000] {processor.py:161} INFO - Started process (PID=2562) to work on /home/airflow/.local/lib/python3.8/site-packages/airflow/example_dags/example_xcom.py
[2025-06-03T13:39:55.753+0000] {processor.py:830} INFO - Processing file /home/airflow/.local/lib/python3.8/site-packages/airflow/example_dags/example_xcom.py for tasks to queue
[2025-06-03T13:39:55.755+0000] {logging_mixin.py:188} INFO - [2025-06-03T13:39:55.755+0000] {dagbag.py:540} INFO - Filling up the DagBag from /home/airflow/.local/lib/python3.8/site-packages/airflow/example_dags/example_xcom.py
[2025-06-03T13:39:55.758+0000] {processor.py:840} INFO - DAG(s) 'example_xcom' retrieved from /home/airflow/.local/lib/python3.8/site-packages/airflow/example_dags/example_xcom.py
[2025-06-03T13:39:55.770+0000] {logging_mixin.py:188} INFO - [2025-06-03T13:39:55.769+0000] {dag.py:3047} INFO - Sync 1 DAGs
[2025-06-03T13:39:55.779+0000] {logging_mixin.py:188} INFO - [2025-06-03T13:39:55.778+0000] {dag.py:3834} INFO - Setting next_dagrun for example_xcom to 2021-01-01 00:00:00+00:00, run_after=2021-01-01 00:00:00+00:00
[2025-06-03T13:39:55.790+0000] {processor.py:183} INFO - Processing /home/airflow/.local/lib/python3.8/site-packages/airflow/example_dags/example_xcom.py took 0.039 seconds
[2025-06-03T13:40:26.661+0000] {processor.py:161} INFO - Started process (PID=2618) to work on /home/airflow/.local/lib/python3.8/site-packages/airflow/example_dags/example_xcom.py
[2025-06-03T13:40:26.662+0000] {processor.py:830} INFO - Processing file /home/airflow/.local/lib/python3.8/site-packages/airflow/example_dags/example_xcom.py for tasks to queue
[2025-06-03T13:40:26.663+0000] {logging_mixin.py:188} INFO - [2025-06-03T13:40:26.663+0000] {dagbag.py:540} INFO - Filling up the DagBag from /home/airflow/.local/lib/python3.8/site-packages/airflow/example_dags/example_xcom.py
[2025-06-03T13:40:26.666+0000] {processor.py:840} INFO - DAG(s) 'example_xcom' retrieved from /home/airflow/.local/lib/python3.8/site-packages/airflow/example_dags/example_xcom.py
[2025-06-03T13:40:26.675+0000] {logging_mixin.py:188} INFO - [2025-06-03T13:40:26.675+0000] {dag.py:3047} INFO - Sync 1 DAGs
[2025-06-03T13:40:26.687+0000] {logging_mixin.py:188} INFO - [2025-06-03T13:40:26.687+0000] {dag.py:3834} INFO - Setting next_dagrun for example_xcom to 2021-01-01 00:00:00+00:00, run_after=2021-01-01 00:00:00+00:00
[2025-06-03T13:40:26.699+0000] {processor.py:183} INFO - Processing /home/airflow/.local/lib/python3.8/site-packages/airflow/example_dags/example_xcom.py took 0.039 seconds
