[2025-06-03T13:16:57.591+0000] {processor.py:161} INFO - Started process (PID=48) to work on /home/airflow/.local/lib/python3.8/site-packages/airflow/example_dags/example_branch_datetime_operator.py
[2025-06-03T13:16:57.593+0000] {processor.py:830} INFO - Processing file /home/airflow/.local/lib/python3.8/site-packages/airflow/example_dags/example_branch_datetime_operator.py for tasks to queue
[2025-06-03T13:16:57.597+0000] {logging_mixin.py:188} INFO - [2025-06-03T13:16:57.596+0000] {dagbag.py:540} INFO - Filling up the DagBag from /home/airflow/.local/lib/python3.8/site-packages/airflow/example_dags/example_branch_datetime_operator.py
[2025-06-03T13:16:57.614+0000] {processor.py:840} INFO - DAG(s) 'example_branch_datetime_operator_3', 'example_branch_datetime_operator', 'example_branch_datetime_operator_2' retrieved from /home/airflow/.local/lib/python3.8/site-packages/airflow/example_dags/example_branch_datetime_operator.py
[2025-06-03T13:16:57.635+0000] {logging_mixin.py:188} INFO - [2025-06-03T13:16:57.634+0000] {dag.py:3047} INFO - Sync 3 DAGs
[2025-06-03T13:16:57.688+0000] {logging_mixin.py:188} INFO - [2025-06-03T13:16:57.688+0000] {dag.py:3834} INFO - Setting next_dagrun for example_branch_datetime_operator to 2025-06-02 00:00:00+00:00, run_after=2025-06-03 00:00:00+00:00
[2025-06-03T13:16:57.698+0000] {logging_mixin.py:188} INFO - [2025-06-03T13:16:57.698+0000] {dag.py:3834} INFO - Setting next_dagrun for example_branch_datetime_operator_2 to 2025-06-02 00:00:00+00:00, run_after=2025-06-03 00:00:00+00:00
[2025-06-03T13:16:57.701+0000] {logging_mixin.py:188} INFO - [2025-06-03T13:16:57.701+0000] {dag.py:3834} INFO - Setting next_dagrun for example_branch_datetime_operator_3 to 2025-06-02 00:00:00+00:00, run_after=2025-06-03 00:00:00+00:00
[2025-06-03T13:16:57.731+0000] {processor.py:183} INFO - Processing /home/airflow/.local/lib/python3.8/site-packages/airflow/example_dags/example_branch_datetime_operator.py took 0.147 seconds
[2025-06-03T13:17:27.939+0000] {processor.py:161} INFO - Started process (PID=103) to work on /home/airflow/.local/lib/python3.8/site-packages/airflow/example_dags/example_branch_datetime_operator.py
[2025-06-03T13:17:27.939+0000] {processor.py:830} INFO - Processing file /home/airflow/.local/lib/python3.8/site-packages/airflow/example_dags/example_branch_datetime_operator.py for tasks to queue
[2025-06-03T13:17:27.940+0000] {logging_mixin.py:188} INFO - [2025-06-03T13:17:27.940+0000] {dagbag.py:540} INFO - Filling up the DagBag from /home/airflow/.local/lib/python3.8/site-packages/airflow/example_dags/example_branch_datetime_operator.py
[2025-06-03T13:17:27.945+0000] {processor.py:840} INFO - DAG(s) 'example_branch_datetime_operator_3', 'example_branch_datetime_operator', 'example_branch_datetime_operator_2' retrieved from /home/airflow/.local/lib/python3.8/site-packages/airflow/example_dags/example_branch_datetime_operator.py
[2025-06-03T13:17:27.991+0000] {logging_mixin.py:188} INFO - [2025-06-03T13:17:27.991+0000] {dag.py:3047} INFO - Sync 3 DAGs
[2025-06-03T13:17:28.001+0000] {logging_mixin.py:188} INFO - [2025-06-03T13:17:28.001+0000] {dag.py:3834} INFO - Setting next_dagrun for example_branch_datetime_operator to 2025-06-02 00:00:00+00:00, run_after=2025-06-03 00:00:00+00:00
[2025-06-03T13:17:28.004+0000] {logging_mixin.py:188} INFO - [2025-06-03T13:17:28.004+0000] {dag.py:3834} INFO - Setting next_dagrun for example_branch_datetime_operator_2 to 2025-06-02 00:00:00+00:00, run_after=2025-06-03 00:00:00+00:00
[2025-06-03T13:17:28.006+0000] {logging_mixin.py:188} INFO - [2025-06-03T13:17:28.006+0000] {dag.py:3834} INFO - Setting next_dagrun for example_branch_datetime_operator_3 to 2025-06-02 00:00:00+00:00, run_after=2025-06-03 00:00:00+00:00
[2025-06-03T13:17:28.013+0000] {processor.py:183} INFO - Processing /home/airflow/.local/lib/python3.8/site-packages/airflow/example_dags/example_branch_datetime_operator.py took 0.076 seconds
[2025-06-03T13:17:58.140+0000] {processor.py:161} INFO - Started process (PID=158) to work on /home/airflow/.local/lib/python3.8/site-packages/airflow/example_dags/example_branch_datetime_operator.py
[2025-06-03T13:17:58.140+0000] {processor.py:830} INFO - Processing file /home/airflow/.local/lib/python3.8/site-packages/airflow/example_dags/example_branch_datetime_operator.py for tasks to queue
[2025-06-03T13:17:58.141+0000] {logging_mixin.py:188} INFO - [2025-06-03T13:17:58.141+0000] {dagbag.py:540} INFO - Filling up the DagBag from /home/airflow/.local/lib/python3.8/site-packages/airflow/example_dags/example_branch_datetime_operator.py
[2025-06-03T13:17:58.144+0000] {processor.py:840} INFO - DAG(s) 'example_branch_datetime_operator_2', 'example_branch_datetime_operator', 'example_branch_datetime_operator_3' retrieved from /home/airflow/.local/lib/python3.8/site-packages/airflow/example_dags/example_branch_datetime_operator.py
[2025-06-03T13:17:58.153+0000] {logging_mixin.py:188} INFO - [2025-06-03T13:17:58.153+0000] {dag.py:3047} INFO - Sync 3 DAGs
[2025-06-03T13:17:58.161+0000] {logging_mixin.py:188} INFO - [2025-06-03T13:17:58.161+0000] {dag.py:3834} INFO - Setting next_dagrun for example_branch_datetime_operator to 2025-06-02 00:00:00+00:00, run_after=2025-06-03 00:00:00+00:00
[2025-06-03T13:17:58.162+0000] {logging_mixin.py:188} INFO - [2025-06-03T13:17:58.162+0000] {dag.py:3834} INFO - Setting next_dagrun for example_branch_datetime_operator_2 to 2025-06-02 00:00:00+00:00, run_after=2025-06-03 00:00:00+00:00
[2025-06-03T13:17:58.163+0000] {logging_mixin.py:188} INFO - [2025-06-03T13:17:58.163+0000] {dag.py:3834} INFO - Setting next_dagrun for example_branch_datetime_operator_3 to 2025-06-02 00:00:00+00:00, run_after=2025-06-03 00:00:00+00:00
[2025-06-03T13:17:58.169+0000] {processor.py:183} INFO - Processing /home/airflow/.local/lib/python3.8/site-packages/airflow/example_dags/example_branch_datetime_operator.py took 0.031 seconds
[2025-06-03T13:18:28.675+0000] {processor.py:161} INFO - Started process (PID=213) to work on /home/airflow/.local/lib/python3.8/site-packages/airflow/example_dags/example_branch_datetime_operator.py
[2025-06-03T13:18:28.676+0000] {processor.py:830} INFO - Processing file /home/airflow/.local/lib/python3.8/site-packages/airflow/example_dags/example_branch_datetime_operator.py for tasks to queue
[2025-06-03T13:18:28.678+0000] {logging_mixin.py:188} INFO - [2025-06-03T13:18:28.678+0000] {dagbag.py:540} INFO - Filling up the DagBag from /home/airflow/.local/lib/python3.8/site-packages/airflow/example_dags/example_branch_datetime_operator.py
[2025-06-03T13:18:28.682+0000] {processor.py:840} INFO - DAG(s) 'example_branch_datetime_operator_3', 'example_branch_datetime_operator', 'example_branch_datetime_operator_2' retrieved from /home/airflow/.local/lib/python3.8/site-packages/airflow/example_dags/example_branch_datetime_operator.py
[2025-06-03T13:18:28.695+0000] {logging_mixin.py:188} INFO - [2025-06-03T13:18:28.695+0000] {dag.py:3047} INFO - Sync 3 DAGs
[2025-06-03T13:18:28.705+0000] {logging_mixin.py:188} INFO - [2025-06-03T13:18:28.705+0000] {dag.py:3834} INFO - Setting next_dagrun for example_branch_datetime_operator to 2025-06-02 00:00:00+00:00, run_after=2025-06-03 00:00:00+00:00
[2025-06-03T13:18:28.707+0000] {logging_mixin.py:188} INFO - [2025-06-03T13:18:28.707+0000] {dag.py:3834} INFO - Setting next_dagrun for example_branch_datetime_operator_2 to 2025-06-02 00:00:00+00:00, run_after=2025-06-03 00:00:00+00:00
[2025-06-03T13:18:28.708+0000] {logging_mixin.py:188} INFO - [2025-06-03T13:18:28.708+0000] {dag.py:3834} INFO - Setting next_dagrun for example_branch_datetime_operator_3 to 2025-06-02 00:00:00+00:00, run_after=2025-06-03 00:00:00+00:00
[2025-06-03T13:18:28.715+0000] {processor.py:183} INFO - Processing /home/airflow/.local/lib/python3.8/site-packages/airflow/example_dags/example_branch_datetime_operator.py took 0.041 seconds
[2025-06-03T13:18:59.338+0000] {processor.py:161} INFO - Started process (PID=274) to work on /home/airflow/.local/lib/python3.8/site-packages/airflow/example_dags/example_branch_datetime_operator.py
[2025-06-03T13:18:59.339+0000] {processor.py:830} INFO - Processing file /home/airflow/.local/lib/python3.8/site-packages/airflow/example_dags/example_branch_datetime_operator.py for tasks to queue
[2025-06-03T13:18:59.341+0000] {logging_mixin.py:188} INFO - [2025-06-03T13:18:59.341+0000] {dagbag.py:540} INFO - Filling up the DagBag from /home/airflow/.local/lib/python3.8/site-packages/airflow/example_dags/example_branch_datetime_operator.py
[2025-06-03T13:18:59.345+0000] {processor.py:840} INFO - DAG(s) 'example_branch_datetime_operator', 'example_branch_datetime_operator_3', 'example_branch_datetime_operator_2' retrieved from /home/airflow/.local/lib/python3.8/site-packages/airflow/example_dags/example_branch_datetime_operator.py
[2025-06-03T13:18:59.360+0000] {logging_mixin.py:188} INFO - [2025-06-03T13:18:59.360+0000] {dag.py:3047} INFO - Sync 3 DAGs
[2025-06-03T13:18:59.372+0000] {logging_mixin.py:188} INFO - [2025-06-03T13:18:59.371+0000] {dag.py:3834} INFO - Setting next_dagrun for example_branch_datetime_operator to 2025-06-02 00:00:00+00:00, run_after=2025-06-03 00:00:00+00:00
[2025-06-03T13:18:59.374+0000] {logging_mixin.py:188} INFO - [2025-06-03T13:18:59.374+0000] {dag.py:3834} INFO - Setting next_dagrun for example_branch_datetime_operator_2 to 2025-06-02 00:00:00+00:00, run_after=2025-06-03 00:00:00+00:00
[2025-06-03T13:18:59.375+0000] {logging_mixin.py:188} INFO - [2025-06-03T13:18:59.375+0000] {dag.py:3834} INFO - Setting next_dagrun for example_branch_datetime_operator_3 to 2025-06-02 00:00:00+00:00, run_after=2025-06-03 00:00:00+00:00
[2025-06-03T13:18:59.381+0000] {processor.py:183} INFO - Processing /home/airflow/.local/lib/python3.8/site-packages/airflow/example_dags/example_branch_datetime_operator.py took 0.045 seconds
[2025-06-03T13:19:29.917+0000] {processor.py:161} INFO - Started process (PID=329) to work on /home/airflow/.local/lib/python3.8/site-packages/airflow/example_dags/example_branch_datetime_operator.py
[2025-06-03T13:19:29.918+0000] {processor.py:830} INFO - Processing file /home/airflow/.local/lib/python3.8/site-packages/airflow/example_dags/example_branch_datetime_operator.py for tasks to queue
[2025-06-03T13:19:29.919+0000] {logging_mixin.py:188} INFO - [2025-06-03T13:19:29.919+0000] {dagbag.py:540} INFO - Filling up the DagBag from /home/airflow/.local/lib/python3.8/site-packages/airflow/example_dags/example_branch_datetime_operator.py
[2025-06-03T13:19:29.925+0000] {processor.py:840} INFO - DAG(s) 'example_branch_datetime_operator_3', 'example_branch_datetime_operator', 'example_branch_datetime_operator_2' retrieved from /home/airflow/.local/lib/python3.8/site-packages/airflow/example_dags/example_branch_datetime_operator.py
[2025-06-03T13:19:29.940+0000] {logging_mixin.py:188} INFO - [2025-06-03T13:19:29.940+0000] {dag.py:3047} INFO - Sync 3 DAGs
[2025-06-03T13:19:29.952+0000] {logging_mixin.py:188} INFO - [2025-06-03T13:19:29.952+0000] {dag.py:3834} INFO - Setting next_dagrun for example_branch_datetime_operator to 2025-06-02 00:00:00+00:00, run_after=2025-06-03 00:00:00+00:00
[2025-06-03T13:19:29.954+0000] {logging_mixin.py:188} INFO - [2025-06-03T13:19:29.954+0000] {dag.py:3834} INFO - Setting next_dagrun for example_branch_datetime_operator_2 to 2025-06-02 00:00:00+00:00, run_after=2025-06-03 00:00:00+00:00
[2025-06-03T13:19:29.955+0000] {logging_mixin.py:188} INFO - [2025-06-03T13:19:29.955+0000] {dag.py:3834} INFO - Setting next_dagrun for example_branch_datetime_operator_3 to 2025-06-02 00:00:00+00:00, run_after=2025-06-03 00:00:00+00:00
[2025-06-03T13:19:29.962+0000] {processor.py:183} INFO - Processing /home/airflow/.local/lib/python3.8/site-packages/airflow/example_dags/example_branch_datetime_operator.py took 0.047 seconds
[2025-06-03T13:20:00.525+0000] {processor.py:161} INFO - Started process (PID=384) to work on /home/airflow/.local/lib/python3.8/site-packages/airflow/example_dags/example_branch_datetime_operator.py
[2025-06-03T13:20:00.526+0000] {processor.py:830} INFO - Processing file /home/airflow/.local/lib/python3.8/site-packages/airflow/example_dags/example_branch_datetime_operator.py for tasks to queue
[2025-06-03T13:20:00.526+0000] {logging_mixin.py:188} INFO - [2025-06-03T13:20:00.526+0000] {dagbag.py:540} INFO - Filling up the DagBag from /home/airflow/.local/lib/python3.8/site-packages/airflow/example_dags/example_branch_datetime_operator.py
[2025-06-03T13:20:00.530+0000] {processor.py:840} INFO - DAG(s) 'example_branch_datetime_operator_3', 'example_branch_datetime_operator_2', 'example_branch_datetime_operator' retrieved from /home/airflow/.local/lib/python3.8/site-packages/airflow/example_dags/example_branch_datetime_operator.py
[2025-06-03T13:20:00.542+0000] {logging_mixin.py:188} INFO - [2025-06-03T13:20:00.541+0000] {dag.py:3047} INFO - Sync 3 DAGs
[2025-06-03T13:20:00.550+0000] {logging_mixin.py:188} INFO - [2025-06-03T13:20:00.550+0000] {dag.py:3834} INFO - Setting next_dagrun for example_branch_datetime_operator to 2025-06-02 00:00:00+00:00, run_after=2025-06-03 00:00:00+00:00
[2025-06-03T13:20:00.552+0000] {logging_mixin.py:188} INFO - [2025-06-03T13:20:00.552+0000] {dag.py:3834} INFO - Setting next_dagrun for example_branch_datetime_operator_2 to 2025-06-02 00:00:00+00:00, run_after=2025-06-03 00:00:00+00:00
[2025-06-03T13:20:00.553+0000] {logging_mixin.py:188} INFO - [2025-06-03T13:20:00.553+0000] {dag.py:3834} INFO - Setting next_dagrun for example_branch_datetime_operator_3 to 2025-06-02 00:00:00+00:00, run_after=2025-06-03 00:00:00+00:00
[2025-06-03T13:20:00.560+0000] {processor.py:183} INFO - Processing /home/airflow/.local/lib/python3.8/site-packages/airflow/example_dags/example_branch_datetime_operator.py took 0.036 seconds
[2025-06-03T13:20:31.293+0000] {processor.py:161} INFO - Started process (PID=439) to work on /home/airflow/.local/lib/python3.8/site-packages/airflow/example_dags/example_branch_datetime_operator.py
[2025-06-03T13:20:31.297+0000] {processor.py:830} INFO - Processing file /home/airflow/.local/lib/python3.8/site-packages/airflow/example_dags/example_branch_datetime_operator.py for tasks to queue
[2025-06-03T13:20:31.302+0000] {logging_mixin.py:188} INFO - [2025-06-03T13:20:31.302+0000] {dagbag.py:540} INFO - Filling up the DagBag from /home/airflow/.local/lib/python3.8/site-packages/airflow/example_dags/example_branch_datetime_operator.py
[2025-06-03T13:20:31.308+0000] {processor.py:840} INFO - DAG(s) 'example_branch_datetime_operator', 'example_branch_datetime_operator_3', 'example_branch_datetime_operator_2' retrieved from /home/airflow/.local/lib/python3.8/site-packages/airflow/example_dags/example_branch_datetime_operator.py
[2025-06-03T13:20:31.322+0000] {logging_mixin.py:188} INFO - [2025-06-03T13:20:31.321+0000] {dag.py:3047} INFO - Sync 3 DAGs
[2025-06-03T13:20:31.330+0000] {logging_mixin.py:188} INFO - [2025-06-03T13:20:31.330+0000] {dag.py:3834} INFO - Setting next_dagrun for example_branch_datetime_operator to 2025-06-02 00:00:00+00:00, run_after=2025-06-03 00:00:00+00:00
[2025-06-03T13:20:31.332+0000] {logging_mixin.py:188} INFO - [2025-06-03T13:20:31.332+0000] {dag.py:3834} INFO - Setting next_dagrun for example_branch_datetime_operator_2 to 2025-06-02 00:00:00+00:00, run_after=2025-06-03 00:00:00+00:00
[2025-06-03T13:20:31.333+0000] {logging_mixin.py:188} INFO - [2025-06-03T13:20:31.333+0000] {dag.py:3834} INFO - Setting next_dagrun for example_branch_datetime_operator_3 to 2025-06-02 00:00:00+00:00, run_after=2025-06-03 00:00:00+00:00
[2025-06-03T13:20:31.338+0000] {processor.py:183} INFO - Processing /home/airflow/.local/lib/python3.8/site-packages/airflow/example_dags/example_branch_datetime_operator.py took 0.049 seconds
[2025-06-03T13:21:02.060+0000] {processor.py:161} INFO - Started process (PID=494) to work on /home/airflow/.local/lib/python3.8/site-packages/airflow/example_dags/example_branch_datetime_operator.py
[2025-06-03T13:21:02.060+0000] {processor.py:830} INFO - Processing file /home/airflow/.local/lib/python3.8/site-packages/airflow/example_dags/example_branch_datetime_operator.py for tasks to queue
[2025-06-03T13:21:02.061+0000] {logging_mixin.py:188} INFO - [2025-06-03T13:21:02.061+0000] {dagbag.py:540} INFO - Filling up the DagBag from /home/airflow/.local/lib/python3.8/site-packages/airflow/example_dags/example_branch_datetime_operator.py
[2025-06-03T13:21:02.066+0000] {processor.py:840} INFO - DAG(s) 'example_branch_datetime_operator_2', 'example_branch_datetime_operator_3', 'example_branch_datetime_operator' retrieved from /home/airflow/.local/lib/python3.8/site-packages/airflow/example_dags/example_branch_datetime_operator.py
[2025-06-03T13:21:02.078+0000] {logging_mixin.py:188} INFO - [2025-06-03T13:21:02.078+0000] {dag.py:3047} INFO - Sync 3 DAGs
[2025-06-03T13:21:02.088+0000] {logging_mixin.py:188} INFO - [2025-06-03T13:21:02.088+0000] {dag.py:3834} INFO - Setting next_dagrun for example_branch_datetime_operator to 2025-06-02 00:00:00+00:00, run_after=2025-06-03 00:00:00+00:00
[2025-06-03T13:21:02.091+0000] {logging_mixin.py:188} INFO - [2025-06-03T13:21:02.091+0000] {dag.py:3834} INFO - Setting next_dagrun for example_branch_datetime_operator_2 to 2025-06-02 00:00:00+00:00, run_after=2025-06-03 00:00:00+00:00
[2025-06-03T13:21:02.092+0000] {logging_mixin.py:188} INFO - [2025-06-03T13:21:02.092+0000] {dag.py:3834} INFO - Setting next_dagrun for example_branch_datetime_operator_3 to 2025-06-02 00:00:00+00:00, run_after=2025-06-03 00:00:00+00:00
[2025-06-03T13:21:02.099+0000] {processor.py:183} INFO - Processing /home/airflow/.local/lib/python3.8/site-packages/airflow/example_dags/example_branch_datetime_operator.py took 0.040 seconds
[2025-06-03T13:21:32.944+0000] {processor.py:161} INFO - Started process (PID=549) to work on /home/airflow/.local/lib/python3.8/site-packages/airflow/example_dags/example_branch_datetime_operator.py
[2025-06-03T13:21:32.945+0000] {processor.py:830} INFO - Processing file /home/airflow/.local/lib/python3.8/site-packages/airflow/example_dags/example_branch_datetime_operator.py for tasks to queue
[2025-06-03T13:21:32.946+0000] {logging_mixin.py:188} INFO - [2025-06-03T13:21:32.945+0000] {dagbag.py:540} INFO - Filling up the DagBag from /home/airflow/.local/lib/python3.8/site-packages/airflow/example_dags/example_branch_datetime_operator.py
[2025-06-03T13:21:32.951+0000] {processor.py:840} INFO - DAG(s) 'example_branch_datetime_operator', 'example_branch_datetime_operator_3', 'example_branch_datetime_operator_2' retrieved from /home/airflow/.local/lib/python3.8/site-packages/airflow/example_dags/example_branch_datetime_operator.py
[2025-06-03T13:21:32.964+0000] {logging_mixin.py:188} INFO - [2025-06-03T13:21:32.964+0000] {dag.py:3047} INFO - Sync 3 DAGs
[2025-06-03T13:21:32.975+0000] {logging_mixin.py:188} INFO - [2025-06-03T13:21:32.974+0000] {dag.py:3834} INFO - Setting next_dagrun for example_branch_datetime_operator to 2025-06-02 00:00:00+00:00, run_after=2025-06-03 00:00:00+00:00
[2025-06-03T13:21:32.976+0000] {logging_mixin.py:188} INFO - [2025-06-03T13:21:32.976+0000] {dag.py:3834} INFO - Setting next_dagrun for example_branch_datetime_operator_2 to 2025-06-02 00:00:00+00:00, run_after=2025-06-03 00:00:00+00:00
[2025-06-03T13:21:32.979+0000] {logging_mixin.py:188} INFO - [2025-06-03T13:21:32.979+0000] {dag.py:3834} INFO - Setting next_dagrun for example_branch_datetime_operator_3 to 2025-06-02 00:00:00+00:00, run_after=2025-06-03 00:00:00+00:00
[2025-06-03T13:21:32.986+0000] {processor.py:183} INFO - Processing /home/airflow/.local/lib/python3.8/site-packages/airflow/example_dags/example_branch_datetime_operator.py took 0.043 seconds
[2025-06-03T13:22:03.874+0000] {processor.py:161} INFO - Started process (PID=604) to work on /home/airflow/.local/lib/python3.8/site-packages/airflow/example_dags/example_branch_datetime_operator.py
[2025-06-03T13:22:03.875+0000] {processor.py:830} INFO - Processing file /home/airflow/.local/lib/python3.8/site-packages/airflow/example_dags/example_branch_datetime_operator.py for tasks to queue
[2025-06-03T13:22:03.876+0000] {logging_mixin.py:188} INFO - [2025-06-03T13:22:03.876+0000] {dagbag.py:540} INFO - Filling up the DagBag from /home/airflow/.local/lib/python3.8/site-packages/airflow/example_dags/example_branch_datetime_operator.py
[2025-06-03T13:22:03.884+0000] {processor.py:840} INFO - DAG(s) 'example_branch_datetime_operator_2', 'example_branch_datetime_operator_3', 'example_branch_datetime_operator' retrieved from /home/airflow/.local/lib/python3.8/site-packages/airflow/example_dags/example_branch_datetime_operator.py
[2025-06-03T13:22:03.897+0000] {logging_mixin.py:188} INFO - [2025-06-03T13:22:03.897+0000] {dag.py:3047} INFO - Sync 3 DAGs
[2025-06-03T13:22:03.908+0000] {logging_mixin.py:188} INFO - [2025-06-03T13:22:03.908+0000] {dag.py:3834} INFO - Setting next_dagrun for example_branch_datetime_operator to 2025-06-02 00:00:00+00:00, run_after=2025-06-03 00:00:00+00:00
[2025-06-03T13:22:03.910+0000] {logging_mixin.py:188} INFO - [2025-06-03T13:22:03.910+0000] {dag.py:3834} INFO - Setting next_dagrun for example_branch_datetime_operator_2 to 2025-06-02 00:00:00+00:00, run_after=2025-06-03 00:00:00+00:00
[2025-06-03T13:22:03.911+0000] {logging_mixin.py:188} INFO - [2025-06-03T13:22:03.911+0000] {dag.py:3834} INFO - Setting next_dagrun for example_branch_datetime_operator_3 to 2025-06-02 00:00:00+00:00, run_after=2025-06-03 00:00:00+00:00
[2025-06-03T13:22:03.918+0000] {processor.py:183} INFO - Processing /home/airflow/.local/lib/python3.8/site-packages/airflow/example_dags/example_branch_datetime_operator.py took 0.045 seconds
[2025-06-03T13:22:34.870+0000] {processor.py:161} INFO - Started process (PID=659) to work on /home/airflow/.local/lib/python3.8/site-packages/airflow/example_dags/example_branch_datetime_operator.py
[2025-06-03T13:22:34.875+0000] {processor.py:830} INFO - Processing file /home/airflow/.local/lib/python3.8/site-packages/airflow/example_dags/example_branch_datetime_operator.py for tasks to queue
[2025-06-03T13:22:34.876+0000] {logging_mixin.py:188} INFO - [2025-06-03T13:22:34.875+0000] {dagbag.py:540} INFO - Filling up the DagBag from /home/airflow/.local/lib/python3.8/site-packages/airflow/example_dags/example_branch_datetime_operator.py
[2025-06-03T13:22:34.882+0000] {processor.py:840} INFO - DAG(s) 'example_branch_datetime_operator', 'example_branch_datetime_operator_2', 'example_branch_datetime_operator_3' retrieved from /home/airflow/.local/lib/python3.8/site-packages/airflow/example_dags/example_branch_datetime_operator.py
[2025-06-03T13:22:34.893+0000] {logging_mixin.py:188} INFO - [2025-06-03T13:22:34.893+0000] {dag.py:3047} INFO - Sync 3 DAGs
[2025-06-03T13:22:34.902+0000] {logging_mixin.py:188} INFO - [2025-06-03T13:22:34.901+0000] {dag.py:3834} INFO - Setting next_dagrun for example_branch_datetime_operator to 2025-06-02 00:00:00+00:00, run_after=2025-06-03 00:00:00+00:00
[2025-06-03T13:22:34.903+0000] {logging_mixin.py:188} INFO - [2025-06-03T13:22:34.903+0000] {dag.py:3834} INFO - Setting next_dagrun for example_branch_datetime_operator_2 to 2025-06-02 00:00:00+00:00, run_after=2025-06-03 00:00:00+00:00
[2025-06-03T13:22:34.905+0000] {logging_mixin.py:188} INFO - [2025-06-03T13:22:34.905+0000] {dag.py:3834} INFO - Setting next_dagrun for example_branch_datetime_operator_3 to 2025-06-02 00:00:00+00:00, run_after=2025-06-03 00:00:00+00:00
[2025-06-03T13:22:34.911+0000] {processor.py:183} INFO - Processing /home/airflow/.local/lib/python3.8/site-packages/airflow/example_dags/example_branch_datetime_operator.py took 0.042 seconds
[2025-06-03T13:23:05.696+0000] {processor.py:161} INFO - Started process (PID=714) to work on /home/airflow/.local/lib/python3.8/site-packages/airflow/example_dags/example_branch_datetime_operator.py
[2025-06-03T13:23:05.699+0000] {processor.py:830} INFO - Processing file /home/airflow/.local/lib/python3.8/site-packages/airflow/example_dags/example_branch_datetime_operator.py for tasks to queue
[2025-06-03T13:23:05.699+0000] {logging_mixin.py:188} INFO - [2025-06-03T13:23:05.699+0000] {dagbag.py:540} INFO - Filling up the DagBag from /home/airflow/.local/lib/python3.8/site-packages/airflow/example_dags/example_branch_datetime_operator.py
[2025-06-03T13:23:05.703+0000] {processor.py:840} INFO - DAG(s) 'example_branch_datetime_operator', 'example_branch_datetime_operator_2', 'example_branch_datetime_operator_3' retrieved from /home/airflow/.local/lib/python3.8/site-packages/airflow/example_dags/example_branch_datetime_operator.py
[2025-06-03T13:23:05.714+0000] {logging_mixin.py:188} INFO - [2025-06-03T13:23:05.714+0000] {dag.py:3047} INFO - Sync 3 DAGs
[2025-06-03T13:23:05.722+0000] {logging_mixin.py:188} INFO - [2025-06-03T13:23:05.722+0000] {dag.py:3834} INFO - Setting next_dagrun for example_branch_datetime_operator to 2025-06-02 00:00:00+00:00, run_after=2025-06-03 00:00:00+00:00
[2025-06-03T13:23:05.724+0000] {logging_mixin.py:188} INFO - [2025-06-03T13:23:05.724+0000] {dag.py:3834} INFO - Setting next_dagrun for example_branch_datetime_operator_2 to 2025-06-02 00:00:00+00:00, run_after=2025-06-03 00:00:00+00:00
[2025-06-03T13:23:05.725+0000] {logging_mixin.py:188} INFO - [2025-06-03T13:23:05.725+0000] {dag.py:3834} INFO - Setting next_dagrun for example_branch_datetime_operator_3 to 2025-06-02 00:00:00+00:00, run_after=2025-06-03 00:00:00+00:00
[2025-06-03T13:23:05.731+0000] {processor.py:183} INFO - Processing /home/airflow/.local/lib/python3.8/site-packages/airflow/example_dags/example_branch_datetime_operator.py took 0.036 seconds
[2025-06-03T13:23:36.673+0000] {processor.py:161} INFO - Started process (PID=769) to work on /home/airflow/.local/lib/python3.8/site-packages/airflow/example_dags/example_branch_datetime_operator.py
[2025-06-03T13:23:36.674+0000] {processor.py:830} INFO - Processing file /home/airflow/.local/lib/python3.8/site-packages/airflow/example_dags/example_branch_datetime_operator.py for tasks to queue
[2025-06-03T13:23:36.675+0000] {logging_mixin.py:188} INFO - [2025-06-03T13:23:36.675+0000] {dagbag.py:540} INFO - Filling up the DagBag from /home/airflow/.local/lib/python3.8/site-packages/airflow/example_dags/example_branch_datetime_operator.py
[2025-06-03T13:23:36.679+0000] {processor.py:840} INFO - DAG(s) 'example_branch_datetime_operator', 'example_branch_datetime_operator_2', 'example_branch_datetime_operator_3' retrieved from /home/airflow/.local/lib/python3.8/site-packages/airflow/example_dags/example_branch_datetime_operator.py
[2025-06-03T13:23:36.693+0000] {logging_mixin.py:188} INFO - [2025-06-03T13:23:36.693+0000] {dag.py:3047} INFO - Sync 3 DAGs
[2025-06-03T13:23:36.702+0000] {logging_mixin.py:188} INFO - [2025-06-03T13:23:36.702+0000] {dag.py:3834} INFO - Setting next_dagrun for example_branch_datetime_operator to 2025-06-02 00:00:00+00:00, run_after=2025-06-03 00:00:00+00:00
[2025-06-03T13:23:36.706+0000] {logging_mixin.py:188} INFO - [2025-06-03T13:23:36.706+0000] {dag.py:3834} INFO - Setting next_dagrun for example_branch_datetime_operator_2 to 2025-06-02 00:00:00+00:00, run_after=2025-06-03 00:00:00+00:00
[2025-06-03T13:23:36.707+0000] {logging_mixin.py:188} INFO - [2025-06-03T13:23:36.707+0000] {dag.py:3834} INFO - Setting next_dagrun for example_branch_datetime_operator_3 to 2025-06-02 00:00:00+00:00, run_after=2025-06-03 00:00:00+00:00
[2025-06-03T13:23:36.713+0000] {processor.py:183} INFO - Processing /home/airflow/.local/lib/python3.8/site-packages/airflow/example_dags/example_branch_datetime_operator.py took 0.042 seconds
[2025-06-03T13:24:06.949+0000] {processor.py:161} INFO - Started process (PID=824) to work on /home/airflow/.local/lib/python3.8/site-packages/airflow/example_dags/example_branch_datetime_operator.py
[2025-06-03T13:24:06.952+0000] {processor.py:830} INFO - Processing file /home/airflow/.local/lib/python3.8/site-packages/airflow/example_dags/example_branch_datetime_operator.py for tasks to queue
[2025-06-03T13:24:06.957+0000] {logging_mixin.py:188} INFO - [2025-06-03T13:24:06.957+0000] {dagbag.py:540} INFO - Filling up the DagBag from /home/airflow/.local/lib/python3.8/site-packages/airflow/example_dags/example_branch_datetime_operator.py
[2025-06-03T13:24:06.962+0000] {processor.py:840} INFO - DAG(s) 'example_branch_datetime_operator', 'example_branch_datetime_operator_3', 'example_branch_datetime_operator_2' retrieved from /home/airflow/.local/lib/python3.8/site-packages/airflow/example_dags/example_branch_datetime_operator.py
[2025-06-03T13:24:06.977+0000] {logging_mixin.py:188} INFO - [2025-06-03T13:24:06.977+0000] {dag.py:3047} INFO - Sync 3 DAGs
[2025-06-03T13:24:06.986+0000] {logging_mixin.py:188} INFO - [2025-06-03T13:24:06.986+0000] {dag.py:3834} INFO - Setting next_dagrun for example_branch_datetime_operator to 2025-06-02 00:00:00+00:00, run_after=2025-06-03 00:00:00+00:00
[2025-06-03T13:24:06.988+0000] {logging_mixin.py:188} INFO - [2025-06-03T13:24:06.988+0000] {dag.py:3834} INFO - Setting next_dagrun for example_branch_datetime_operator_2 to 2025-06-02 00:00:00+00:00, run_after=2025-06-03 00:00:00+00:00
[2025-06-03T13:24:06.989+0000] {logging_mixin.py:188} INFO - [2025-06-03T13:24:06.989+0000] {dag.py:3834} INFO - Setting next_dagrun for example_branch_datetime_operator_3 to 2025-06-02 00:00:00+00:00, run_after=2025-06-03 00:00:00+00:00
[2025-06-03T13:24:06.995+0000] {processor.py:183} INFO - Processing /home/airflow/.local/lib/python3.8/site-packages/airflow/example_dags/example_branch_datetime_operator.py took 0.047 seconds
[2025-06-03T13:24:37.876+0000] {processor.py:161} INFO - Started process (PID=879) to work on /home/airflow/.local/lib/python3.8/site-packages/airflow/example_dags/example_branch_datetime_operator.py
[2025-06-03T13:24:37.877+0000] {processor.py:830} INFO - Processing file /home/airflow/.local/lib/python3.8/site-packages/airflow/example_dags/example_branch_datetime_operator.py for tasks to queue
[2025-06-03T13:24:37.878+0000] {logging_mixin.py:188} INFO - [2025-06-03T13:24:37.877+0000] {dagbag.py:540} INFO - Filling up the DagBag from /home/airflow/.local/lib/python3.8/site-packages/airflow/example_dags/example_branch_datetime_operator.py
[2025-06-03T13:24:37.881+0000] {processor.py:840} INFO - DAG(s) 'example_branch_datetime_operator', 'example_branch_datetime_operator_3', 'example_branch_datetime_operator_2' retrieved from /home/airflow/.local/lib/python3.8/site-packages/airflow/example_dags/example_branch_datetime_operator.py
[2025-06-03T13:24:37.892+0000] {logging_mixin.py:188} INFO - [2025-06-03T13:24:37.892+0000] {dag.py:3047} INFO - Sync 3 DAGs
[2025-06-03T13:24:37.900+0000] {logging_mixin.py:188} INFO - [2025-06-03T13:24:37.900+0000] {dag.py:3834} INFO - Setting next_dagrun for example_branch_datetime_operator to 2025-06-02 00:00:00+00:00, run_after=2025-06-03 00:00:00+00:00
[2025-06-03T13:24:37.902+0000] {logging_mixin.py:188} INFO - [2025-06-03T13:24:37.901+0000] {dag.py:3834} INFO - Setting next_dagrun for example_branch_datetime_operator_2 to 2025-06-02 00:00:00+00:00, run_after=2025-06-03 00:00:00+00:00
[2025-06-03T13:24:37.902+0000] {logging_mixin.py:188} INFO - [2025-06-03T13:24:37.902+0000] {dag.py:3834} INFO - Setting next_dagrun for example_branch_datetime_operator_3 to 2025-06-02 00:00:00+00:00, run_after=2025-06-03 00:00:00+00:00
[2025-06-03T13:24:37.908+0000] {processor.py:183} INFO - Processing /home/airflow/.local/lib/python3.8/site-packages/airflow/example_dags/example_branch_datetime_operator.py took 0.034 seconds
[2025-06-03T13:25:08.419+0000] {processor.py:161} INFO - Started process (PID=934) to work on /home/airflow/.local/lib/python3.8/site-packages/airflow/example_dags/example_branch_datetime_operator.py
[2025-06-03T13:25:08.420+0000] {processor.py:830} INFO - Processing file /home/airflow/.local/lib/python3.8/site-packages/airflow/example_dags/example_branch_datetime_operator.py for tasks to queue
[2025-06-03T13:25:08.420+0000] {logging_mixin.py:188} INFO - [2025-06-03T13:25:08.420+0000] {dagbag.py:540} INFO - Filling up the DagBag from /home/airflow/.local/lib/python3.8/site-packages/airflow/example_dags/example_branch_datetime_operator.py
[2025-06-03T13:25:08.424+0000] {processor.py:840} INFO - DAG(s) 'example_branch_datetime_operator', 'example_branch_datetime_operator_3', 'example_branch_datetime_operator_2' retrieved from /home/airflow/.local/lib/python3.8/site-packages/airflow/example_dags/example_branch_datetime_operator.py
[2025-06-03T13:25:08.439+0000] {logging_mixin.py:188} INFO - [2025-06-03T13:25:08.439+0000] {dag.py:3047} INFO - Sync 3 DAGs
[2025-06-03T13:25:08.448+0000] {logging_mixin.py:188} INFO - [2025-06-03T13:25:08.448+0000] {dag.py:3834} INFO - Setting next_dagrun for example_branch_datetime_operator to 2025-06-02 00:00:00+00:00, run_after=2025-06-03 00:00:00+00:00
[2025-06-03T13:25:08.450+0000] {logging_mixin.py:188} INFO - [2025-06-03T13:25:08.450+0000] {dag.py:3834} INFO - Setting next_dagrun for example_branch_datetime_operator_2 to 2025-06-02 00:00:00+00:00, run_after=2025-06-03 00:00:00+00:00
[2025-06-03T13:25:08.451+0000] {logging_mixin.py:188} INFO - [2025-06-03T13:25:08.451+0000] {dag.py:3834} INFO - Setting next_dagrun for example_branch_datetime_operator_3 to 2025-06-02 00:00:00+00:00, run_after=2025-06-03 00:00:00+00:00
[2025-06-03T13:25:08.457+0000] {processor.py:183} INFO - Processing /home/airflow/.local/lib/python3.8/site-packages/airflow/example_dags/example_branch_datetime_operator.py took 0.039 seconds
[2025-06-03T13:25:38.929+0000] {processor.py:161} INFO - Started process (PID=989) to work on /home/airflow/.local/lib/python3.8/site-packages/airflow/example_dags/example_branch_datetime_operator.py
[2025-06-03T13:25:38.931+0000] {processor.py:830} INFO - Processing file /home/airflow/.local/lib/python3.8/site-packages/airflow/example_dags/example_branch_datetime_operator.py for tasks to queue
[2025-06-03T13:25:38.933+0000] {logging_mixin.py:188} INFO - [2025-06-03T13:25:38.933+0000] {dagbag.py:540} INFO - Filling up the DagBag from /home/airflow/.local/lib/python3.8/site-packages/airflow/example_dags/example_branch_datetime_operator.py
[2025-06-03T13:25:38.939+0000] {processor.py:840} INFO - DAG(s) 'example_branch_datetime_operator', 'example_branch_datetime_operator_2', 'example_branch_datetime_operator_3' retrieved from /home/airflow/.local/lib/python3.8/site-packages/airflow/example_dags/example_branch_datetime_operator.py
[2025-06-03T13:25:38.954+0000] {logging_mixin.py:188} INFO - [2025-06-03T13:25:38.954+0000] {dag.py:3047} INFO - Sync 3 DAGs
[2025-06-03T13:25:38.968+0000] {logging_mixin.py:188} INFO - [2025-06-03T13:25:38.968+0000] {dag.py:3834} INFO - Setting next_dagrun for example_branch_datetime_operator to 2025-06-02 00:00:00+00:00, run_after=2025-06-03 00:00:00+00:00
[2025-06-03T13:25:38.971+0000] {logging_mixin.py:188} INFO - [2025-06-03T13:25:38.971+0000] {dag.py:3834} INFO - Setting next_dagrun for example_branch_datetime_operator_2 to 2025-06-02 00:00:00+00:00, run_after=2025-06-03 00:00:00+00:00
[2025-06-03T13:25:38.973+0000] {logging_mixin.py:188} INFO - [2025-06-03T13:25:38.972+0000] {dag.py:3834} INFO - Setting next_dagrun for example_branch_datetime_operator_3 to 2025-06-02 00:00:00+00:00, run_after=2025-06-03 00:00:00+00:00
[2025-06-03T13:25:38.984+0000] {processor.py:183} INFO - Processing /home/airflow/.local/lib/python3.8/site-packages/airflow/example_dags/example_branch_datetime_operator.py took 0.058 seconds
[2025-06-03T13:26:09.040+0000] {processor.py:161} INFO - Started process (PID=1044) to work on /home/airflow/.local/lib/python3.8/site-packages/airflow/example_dags/example_branch_datetime_operator.py
[2025-06-03T13:26:09.040+0000] {processor.py:830} INFO - Processing file /home/airflow/.local/lib/python3.8/site-packages/airflow/example_dags/example_branch_datetime_operator.py for tasks to queue
[2025-06-03T13:26:09.041+0000] {logging_mixin.py:188} INFO - [2025-06-03T13:26:09.041+0000] {dagbag.py:540} INFO - Filling up the DagBag from /home/airflow/.local/lib/python3.8/site-packages/airflow/example_dags/example_branch_datetime_operator.py
[2025-06-03T13:26:09.044+0000] {processor.py:840} INFO - DAG(s) 'example_branch_datetime_operator_2', 'example_branch_datetime_operator', 'example_branch_datetime_operator_3' retrieved from /home/airflow/.local/lib/python3.8/site-packages/airflow/example_dags/example_branch_datetime_operator.py
[2025-06-03T13:26:09.054+0000] {logging_mixin.py:188} INFO - [2025-06-03T13:26:09.054+0000] {dag.py:3047} INFO - Sync 3 DAGs
[2025-06-03T13:26:09.062+0000] {logging_mixin.py:188} INFO - [2025-06-03T13:26:09.062+0000] {dag.py:3834} INFO - Setting next_dagrun for example_branch_datetime_operator to 2025-06-02 00:00:00+00:00, run_after=2025-06-03 00:00:00+00:00
[2025-06-03T13:26:09.063+0000] {logging_mixin.py:188} INFO - [2025-06-03T13:26:09.063+0000] {dag.py:3834} INFO - Setting next_dagrun for example_branch_datetime_operator_2 to 2025-06-02 00:00:00+00:00, run_after=2025-06-03 00:00:00+00:00
[2025-06-03T13:26:09.064+0000] {logging_mixin.py:188} INFO - [2025-06-03T13:26:09.064+0000] {dag.py:3834} INFO - Setting next_dagrun for example_branch_datetime_operator_3 to 2025-06-02 00:00:00+00:00, run_after=2025-06-03 00:00:00+00:00
[2025-06-03T13:26:09.070+0000] {processor.py:183} INFO - Processing /home/airflow/.local/lib/python3.8/site-packages/airflow/example_dags/example_branch_datetime_operator.py took 0.031 seconds
[2025-06-03T13:26:39.431+0000] {processor.py:161} INFO - Started process (PID=1099) to work on /home/airflow/.local/lib/python3.8/site-packages/airflow/example_dags/example_branch_datetime_operator.py
[2025-06-03T13:26:39.433+0000] {processor.py:830} INFO - Processing file /home/airflow/.local/lib/python3.8/site-packages/airflow/example_dags/example_branch_datetime_operator.py for tasks to queue
[2025-06-03T13:26:39.438+0000] {logging_mixin.py:188} INFO - [2025-06-03T13:26:39.437+0000] {dagbag.py:540} INFO - Filling up the DagBag from /home/airflow/.local/lib/python3.8/site-packages/airflow/example_dags/example_branch_datetime_operator.py
[2025-06-03T13:26:39.443+0000] {processor.py:840} INFO - DAG(s) 'example_branch_datetime_operator', 'example_branch_datetime_operator_3', 'example_branch_datetime_operator_2' retrieved from /home/airflow/.local/lib/python3.8/site-packages/airflow/example_dags/example_branch_datetime_operator.py
[2025-06-03T13:26:39.457+0000] {logging_mixin.py:188} INFO - [2025-06-03T13:26:39.457+0000] {dag.py:3047} INFO - Sync 3 DAGs
[2025-06-03T13:26:39.466+0000] {logging_mixin.py:188} INFO - [2025-06-03T13:26:39.466+0000] {dag.py:3834} INFO - Setting next_dagrun for example_branch_datetime_operator to 2025-06-02 00:00:00+00:00, run_after=2025-06-03 00:00:00+00:00
[2025-06-03T13:26:39.468+0000] {logging_mixin.py:188} INFO - [2025-06-03T13:26:39.468+0000] {dag.py:3834} INFO - Setting next_dagrun for example_branch_datetime_operator_2 to 2025-06-02 00:00:00+00:00, run_after=2025-06-03 00:00:00+00:00
[2025-06-03T13:26:39.469+0000] {logging_mixin.py:188} INFO - [2025-06-03T13:26:39.469+0000] {dag.py:3834} INFO - Setting next_dagrun for example_branch_datetime_operator_3 to 2025-06-02 00:00:00+00:00, run_after=2025-06-03 00:00:00+00:00
[2025-06-03T13:26:39.475+0000] {processor.py:183} INFO - Processing /home/airflow/.local/lib/python3.8/site-packages/airflow/example_dags/example_branch_datetime_operator.py took 0.046 seconds
[2025-06-03T13:27:10.156+0000] {processor.py:161} INFO - Started process (PID=1154) to work on /home/airflow/.local/lib/python3.8/site-packages/airflow/example_dags/example_branch_datetime_operator.py
[2025-06-03T13:27:10.156+0000] {processor.py:830} INFO - Processing file /home/airflow/.local/lib/python3.8/site-packages/airflow/example_dags/example_branch_datetime_operator.py for tasks to queue
[2025-06-03T13:27:10.157+0000] {logging_mixin.py:188} INFO - [2025-06-03T13:27:10.157+0000] {dagbag.py:540} INFO - Filling up the DagBag from /home/airflow/.local/lib/python3.8/site-packages/airflow/example_dags/example_branch_datetime_operator.py
[2025-06-03T13:27:10.161+0000] {processor.py:840} INFO - DAG(s) 'example_branch_datetime_operator_3', 'example_branch_datetime_operator_2', 'example_branch_datetime_operator' retrieved from /home/airflow/.local/lib/python3.8/site-packages/airflow/example_dags/example_branch_datetime_operator.py
[2025-06-03T13:27:10.173+0000] {logging_mixin.py:188} INFO - [2025-06-03T13:27:10.173+0000] {dag.py:3047} INFO - Sync 3 DAGs
[2025-06-03T13:27:10.181+0000] {logging_mixin.py:188} INFO - [2025-06-03T13:27:10.181+0000] {dag.py:3834} INFO - Setting next_dagrun for example_branch_datetime_operator to 2025-06-02 00:00:00+00:00, run_after=2025-06-03 00:00:00+00:00
[2025-06-03T13:27:10.183+0000] {logging_mixin.py:188} INFO - [2025-06-03T13:27:10.183+0000] {dag.py:3834} INFO - Setting next_dagrun for example_branch_datetime_operator_2 to 2025-06-02 00:00:00+00:00, run_after=2025-06-03 00:00:00+00:00
[2025-06-03T13:27:10.184+0000] {logging_mixin.py:188} INFO - [2025-06-03T13:27:10.184+0000] {dag.py:3834} INFO - Setting next_dagrun for example_branch_datetime_operator_3 to 2025-06-02 00:00:00+00:00, run_after=2025-06-03 00:00:00+00:00
[2025-06-03T13:27:10.189+0000] {processor.py:183} INFO - Processing /home/airflow/.local/lib/python3.8/site-packages/airflow/example_dags/example_branch_datetime_operator.py took 0.035 seconds
[2025-06-03T13:27:40.714+0000] {processor.py:161} INFO - Started process (PID=1209) to work on /home/airflow/.local/lib/python3.8/site-packages/airflow/example_dags/example_branch_datetime_operator.py
[2025-06-03T13:27:40.714+0000] {processor.py:830} INFO - Processing file /home/airflow/.local/lib/python3.8/site-packages/airflow/example_dags/example_branch_datetime_operator.py for tasks to queue
[2025-06-03T13:27:40.715+0000] {logging_mixin.py:188} INFO - [2025-06-03T13:27:40.715+0000] {dagbag.py:540} INFO - Filling up the DagBag from /home/airflow/.local/lib/python3.8/site-packages/airflow/example_dags/example_branch_datetime_operator.py
[2025-06-03T13:27:40.719+0000] {processor.py:840} INFO - DAG(s) 'example_branch_datetime_operator_2', 'example_branch_datetime_operator', 'example_branch_datetime_operator_3' retrieved from /home/airflow/.local/lib/python3.8/site-packages/airflow/example_dags/example_branch_datetime_operator.py
[2025-06-03T13:27:40.730+0000] {logging_mixin.py:188} INFO - [2025-06-03T13:27:40.730+0000] {dag.py:3047} INFO - Sync 3 DAGs
[2025-06-03T13:27:40.739+0000] {logging_mixin.py:188} INFO - [2025-06-03T13:27:40.738+0000] {dag.py:3834} INFO - Setting next_dagrun for example_branch_datetime_operator to 2025-06-02 00:00:00+00:00, run_after=2025-06-03 00:00:00+00:00
[2025-06-03T13:27:40.740+0000] {logging_mixin.py:188} INFO - [2025-06-03T13:27:40.740+0000] {dag.py:3834} INFO - Setting next_dagrun for example_branch_datetime_operator_2 to 2025-06-02 00:00:00+00:00, run_after=2025-06-03 00:00:00+00:00
[2025-06-03T13:27:40.741+0000] {logging_mixin.py:188} INFO - [2025-06-03T13:27:40.741+0000] {dag.py:3834} INFO - Setting next_dagrun for example_branch_datetime_operator_3 to 2025-06-02 00:00:00+00:00, run_after=2025-06-03 00:00:00+00:00
[2025-06-03T13:27:40.747+0000] {processor.py:183} INFO - Processing /home/airflow/.local/lib/python3.8/site-packages/airflow/example_dags/example_branch_datetime_operator.py took 0.035 seconds
[2025-06-03T13:28:11.294+0000] {processor.py:161} INFO - Started process (PID=1264) to work on /home/airflow/.local/lib/python3.8/site-packages/airflow/example_dags/example_branch_datetime_operator.py
[2025-06-03T13:28:11.295+0000] {processor.py:830} INFO - Processing file /home/airflow/.local/lib/python3.8/site-packages/airflow/example_dags/example_branch_datetime_operator.py for tasks to queue
[2025-06-03T13:28:11.296+0000] {logging_mixin.py:188} INFO - [2025-06-03T13:28:11.296+0000] {dagbag.py:540} INFO - Filling up the DagBag from /home/airflow/.local/lib/python3.8/site-packages/airflow/example_dags/example_branch_datetime_operator.py
[2025-06-03T13:28:11.299+0000] {processor.py:840} INFO - DAG(s) 'example_branch_datetime_operator_3', 'example_branch_datetime_operator_2', 'example_branch_datetime_operator' retrieved from /home/airflow/.local/lib/python3.8/site-packages/airflow/example_dags/example_branch_datetime_operator.py
[2025-06-03T13:28:11.310+0000] {logging_mixin.py:188} INFO - [2025-06-03T13:28:11.310+0000] {dag.py:3047} INFO - Sync 3 DAGs
[2025-06-03T13:28:11.318+0000] {logging_mixin.py:188} INFO - [2025-06-03T13:28:11.318+0000] {dag.py:3834} INFO - Setting next_dagrun for example_branch_datetime_operator to 2025-06-02 00:00:00+00:00, run_after=2025-06-03 00:00:00+00:00
[2025-06-03T13:28:11.320+0000] {logging_mixin.py:188} INFO - [2025-06-03T13:28:11.320+0000] {dag.py:3834} INFO - Setting next_dagrun for example_branch_datetime_operator_2 to 2025-06-02 00:00:00+00:00, run_after=2025-06-03 00:00:00+00:00
[2025-06-03T13:28:11.321+0000] {logging_mixin.py:188} INFO - [2025-06-03T13:28:11.321+0000] {dag.py:3834} INFO - Setting next_dagrun for example_branch_datetime_operator_3 to 2025-06-02 00:00:00+00:00, run_after=2025-06-03 00:00:00+00:00
[2025-06-03T13:28:11.326+0000] {processor.py:183} INFO - Processing /home/airflow/.local/lib/python3.8/site-packages/airflow/example_dags/example_branch_datetime_operator.py took 0.033 seconds
[2025-06-03T13:28:42.334+0000] {processor.py:161} INFO - Started process (PID=1319) to work on /home/airflow/.local/lib/python3.8/site-packages/airflow/example_dags/example_branch_datetime_operator.py
[2025-06-03T13:28:42.334+0000] {processor.py:830} INFO - Processing file /home/airflow/.local/lib/python3.8/site-packages/airflow/example_dags/example_branch_datetime_operator.py for tasks to queue
[2025-06-03T13:28:42.335+0000] {logging_mixin.py:188} INFO - [2025-06-03T13:28:42.335+0000] {dagbag.py:540} INFO - Filling up the DagBag from /home/airflow/.local/lib/python3.8/site-packages/airflow/example_dags/example_branch_datetime_operator.py
[2025-06-03T13:28:42.340+0000] {processor.py:840} INFO - DAG(s) 'example_branch_datetime_operator_2', 'example_branch_datetime_operator', 'example_branch_datetime_operator_3' retrieved from /home/airflow/.local/lib/python3.8/site-packages/airflow/example_dags/example_branch_datetime_operator.py
[2025-06-03T13:28:42.363+0000] {logging_mixin.py:188} INFO - [2025-06-03T13:28:42.363+0000] {dag.py:3047} INFO - Sync 3 DAGs
[2025-06-03T13:28:42.374+0000] {logging_mixin.py:188} INFO - [2025-06-03T13:28:42.374+0000] {dag.py:3834} INFO - Setting next_dagrun for example_branch_datetime_operator to 2025-06-02 00:00:00+00:00, run_after=2025-06-03 00:00:00+00:00
[2025-06-03T13:28:42.377+0000] {logging_mixin.py:188} INFO - [2025-06-03T13:28:42.377+0000] {dag.py:3834} INFO - Setting next_dagrun for example_branch_datetime_operator_2 to 2025-06-02 00:00:00+00:00, run_after=2025-06-03 00:00:00+00:00
[2025-06-03T13:28:42.379+0000] {logging_mixin.py:188} INFO - [2025-06-03T13:28:42.379+0000] {dag.py:3834} INFO - Setting next_dagrun for example_branch_datetime_operator_3 to 2025-06-02 00:00:00+00:00, run_after=2025-06-03 00:00:00+00:00
[2025-06-03T13:28:42.389+0000] {processor.py:183} INFO - Processing /home/airflow/.local/lib/python3.8/site-packages/airflow/example_dags/example_branch_datetime_operator.py took 0.057 seconds
[2025-06-03T13:29:13.298+0000] {processor.py:161} INFO - Started process (PID=1374) to work on /home/airflow/.local/lib/python3.8/site-packages/airflow/example_dags/example_branch_datetime_operator.py
[2025-06-03T13:29:13.299+0000] {processor.py:830} INFO - Processing file /home/airflow/.local/lib/python3.8/site-packages/airflow/example_dags/example_branch_datetime_operator.py for tasks to queue
[2025-06-03T13:29:13.300+0000] {logging_mixin.py:188} INFO - [2025-06-03T13:29:13.300+0000] {dagbag.py:540} INFO - Filling up the DagBag from /home/airflow/.local/lib/python3.8/site-packages/airflow/example_dags/example_branch_datetime_operator.py
[2025-06-03T13:29:13.304+0000] {processor.py:840} INFO - DAG(s) 'example_branch_datetime_operator_2', 'example_branch_datetime_operator', 'example_branch_datetime_operator_3' retrieved from /home/airflow/.local/lib/python3.8/site-packages/airflow/example_dags/example_branch_datetime_operator.py
[2025-06-03T13:29:13.315+0000] {logging_mixin.py:188} INFO - [2025-06-03T13:29:13.314+0000] {dag.py:3047} INFO - Sync 3 DAGs
[2025-06-03T13:29:13.325+0000] {logging_mixin.py:188} INFO - [2025-06-03T13:29:13.325+0000] {dag.py:3834} INFO - Setting next_dagrun for example_branch_datetime_operator to 2025-06-02 00:00:00+00:00, run_after=2025-06-03 00:00:00+00:00
[2025-06-03T13:29:13.329+0000] {logging_mixin.py:188} INFO - [2025-06-03T13:29:13.329+0000] {dag.py:3834} INFO - Setting next_dagrun for example_branch_datetime_operator_2 to 2025-06-02 00:00:00+00:00, run_after=2025-06-03 00:00:00+00:00
[2025-06-03T13:29:13.330+0000] {logging_mixin.py:188} INFO - [2025-06-03T13:29:13.330+0000] {dag.py:3834} INFO - Setting next_dagrun for example_branch_datetime_operator_3 to 2025-06-02 00:00:00+00:00, run_after=2025-06-03 00:00:00+00:00
[2025-06-03T13:29:13.336+0000] {processor.py:183} INFO - Processing /home/airflow/.local/lib/python3.8/site-packages/airflow/example_dags/example_branch_datetime_operator.py took 0.039 seconds
[2025-06-03T13:29:43.653+0000] {processor.py:161} INFO - Started process (PID=1429) to work on /home/airflow/.local/lib/python3.8/site-packages/airflow/example_dags/example_branch_datetime_operator.py
[2025-06-03T13:29:43.654+0000] {processor.py:830} INFO - Processing file /home/airflow/.local/lib/python3.8/site-packages/airflow/example_dags/example_branch_datetime_operator.py for tasks to queue
[2025-06-03T13:29:43.654+0000] {logging_mixin.py:188} INFO - [2025-06-03T13:29:43.654+0000] {dagbag.py:540} INFO - Filling up the DagBag from /home/airflow/.local/lib/python3.8/site-packages/airflow/example_dags/example_branch_datetime_operator.py
[2025-06-03T13:29:43.658+0000] {processor.py:840} INFO - DAG(s) 'example_branch_datetime_operator_2', 'example_branch_datetime_operator_3', 'example_branch_datetime_operator' retrieved from /home/airflow/.local/lib/python3.8/site-packages/airflow/example_dags/example_branch_datetime_operator.py
[2025-06-03T13:29:43.668+0000] {logging_mixin.py:188} INFO - [2025-06-03T13:29:43.668+0000] {dag.py:3047} INFO - Sync 3 DAGs
[2025-06-03T13:29:43.676+0000] {logging_mixin.py:188} INFO - [2025-06-03T13:29:43.676+0000] {dag.py:3834} INFO - Setting next_dagrun for example_branch_datetime_operator to 2025-06-02 00:00:00+00:00, run_after=2025-06-03 00:00:00+00:00
[2025-06-03T13:29:43.678+0000] {logging_mixin.py:188} INFO - [2025-06-03T13:29:43.678+0000] {dag.py:3834} INFO - Setting next_dagrun for example_branch_datetime_operator_2 to 2025-06-02 00:00:00+00:00, run_after=2025-06-03 00:00:00+00:00
[2025-06-03T13:29:43.679+0000] {logging_mixin.py:188} INFO - [2025-06-03T13:29:43.679+0000] {dag.py:3834} INFO - Setting next_dagrun for example_branch_datetime_operator_3 to 2025-06-02 00:00:00+00:00, run_after=2025-06-03 00:00:00+00:00
[2025-06-03T13:29:43.687+0000] {processor.py:183} INFO - Processing /home/airflow/.local/lib/python3.8/site-packages/airflow/example_dags/example_branch_datetime_operator.py took 0.035 seconds
[2025-06-03T13:30:13.974+0000] {processor.py:161} INFO - Started process (PID=1484) to work on /home/airflow/.local/lib/python3.8/site-packages/airflow/example_dags/example_branch_datetime_operator.py
[2025-06-03T13:30:13.976+0000] {processor.py:830} INFO - Processing file /home/airflow/.local/lib/python3.8/site-packages/airflow/example_dags/example_branch_datetime_operator.py for tasks to queue
[2025-06-03T13:30:13.976+0000] {logging_mixin.py:188} INFO - [2025-06-03T13:30:13.976+0000] {dagbag.py:540} INFO - Filling up the DagBag from /home/airflow/.local/lib/python3.8/site-packages/airflow/example_dags/example_branch_datetime_operator.py
[2025-06-03T13:30:13.981+0000] {processor.py:840} INFO - DAG(s) 'example_branch_datetime_operator_3', 'example_branch_datetime_operator_2', 'example_branch_datetime_operator' retrieved from /home/airflow/.local/lib/python3.8/site-packages/airflow/example_dags/example_branch_datetime_operator.py
[2025-06-03T13:30:13.994+0000] {logging_mixin.py:188} INFO - [2025-06-03T13:30:13.994+0000] {dag.py:3047} INFO - Sync 3 DAGs
[2025-06-03T13:30:14.005+0000] {logging_mixin.py:188} INFO - [2025-06-03T13:30:14.004+0000] {dag.py:3834} INFO - Setting next_dagrun for example_branch_datetime_operator to 2025-06-02 00:00:00+00:00, run_after=2025-06-03 00:00:00+00:00
[2025-06-03T13:30:14.008+0000] {logging_mixin.py:188} INFO - [2025-06-03T13:30:14.008+0000] {dag.py:3834} INFO - Setting next_dagrun for example_branch_datetime_operator_2 to 2025-06-02 00:00:00+00:00, run_after=2025-06-03 00:00:00+00:00
[2025-06-03T13:30:14.009+0000] {logging_mixin.py:188} INFO - [2025-06-03T13:30:14.009+0000] {dag.py:3834} INFO - Setting next_dagrun for example_branch_datetime_operator_3 to 2025-06-02 00:00:00+00:00, run_after=2025-06-03 00:00:00+00:00
[2025-06-03T13:30:14.015+0000] {processor.py:183} INFO - Processing /home/airflow/.local/lib/python3.8/site-packages/airflow/example_dags/example_branch_datetime_operator.py took 0.042 seconds
[2025-06-03T13:30:44.301+0000] {processor.py:161} INFO - Started process (PID=1538) to work on /home/airflow/.local/lib/python3.8/site-packages/airflow/example_dags/example_branch_datetime_operator.py
[2025-06-03T13:30:44.303+0000] {processor.py:830} INFO - Processing file /home/airflow/.local/lib/python3.8/site-packages/airflow/example_dags/example_branch_datetime_operator.py for tasks to queue
[2025-06-03T13:30:44.303+0000] {logging_mixin.py:188} INFO - [2025-06-03T13:30:44.303+0000] {dagbag.py:540} INFO - Filling up the DagBag from /home/airflow/.local/lib/python3.8/site-packages/airflow/example_dags/example_branch_datetime_operator.py
[2025-06-03T13:30:44.307+0000] {processor.py:840} INFO - DAG(s) 'example_branch_datetime_operator_3', 'example_branch_datetime_operator', 'example_branch_datetime_operator_2' retrieved from /home/airflow/.local/lib/python3.8/site-packages/airflow/example_dags/example_branch_datetime_operator.py
[2025-06-03T13:30:44.320+0000] {logging_mixin.py:188} INFO - [2025-06-03T13:30:44.320+0000] {dag.py:3047} INFO - Sync 3 DAGs
[2025-06-03T13:30:44.329+0000] {logging_mixin.py:188} INFO - [2025-06-03T13:30:44.328+0000] {dag.py:3834} INFO - Setting next_dagrun for example_branch_datetime_operator to 2025-06-02 00:00:00+00:00, run_after=2025-06-03 00:00:00+00:00
[2025-06-03T13:30:44.331+0000] {logging_mixin.py:188} INFO - [2025-06-03T13:30:44.330+0000] {dag.py:3834} INFO - Setting next_dagrun for example_branch_datetime_operator_2 to 2025-06-02 00:00:00+00:00, run_after=2025-06-03 00:00:00+00:00
[2025-06-03T13:30:44.332+0000] {logging_mixin.py:188} INFO - [2025-06-03T13:30:44.332+0000] {dag.py:3834} INFO - Setting next_dagrun for example_branch_datetime_operator_3 to 2025-06-02 00:00:00+00:00, run_after=2025-06-03 00:00:00+00:00
[2025-06-03T13:30:44.338+0000] {processor.py:183} INFO - Processing /home/airflow/.local/lib/python3.8/site-packages/airflow/example_dags/example_branch_datetime_operator.py took 0.037 seconds
[2025-06-03T13:31:14.631+0000] {processor.py:161} INFO - Started process (PID=1593) to work on /home/airflow/.local/lib/python3.8/site-packages/airflow/example_dags/example_branch_datetime_operator.py
[2025-06-03T13:31:14.631+0000] {processor.py:830} INFO - Processing file /home/airflow/.local/lib/python3.8/site-packages/airflow/example_dags/example_branch_datetime_operator.py for tasks to queue
[2025-06-03T13:31:14.632+0000] {logging_mixin.py:188} INFO - [2025-06-03T13:31:14.632+0000] {dagbag.py:540} INFO - Filling up the DagBag from /home/airflow/.local/lib/python3.8/site-packages/airflow/example_dags/example_branch_datetime_operator.py
[2025-06-03T13:31:14.636+0000] {processor.py:840} INFO - DAG(s) 'example_branch_datetime_operator', 'example_branch_datetime_operator_3', 'example_branch_datetime_operator_2' retrieved from /home/airflow/.local/lib/python3.8/site-packages/airflow/example_dags/example_branch_datetime_operator.py
[2025-06-03T13:31:14.647+0000] {logging_mixin.py:188} INFO - [2025-06-03T13:31:14.647+0000] {dag.py:3047} INFO - Sync 3 DAGs
[2025-06-03T13:31:14.655+0000] {logging_mixin.py:188} INFO - [2025-06-03T13:31:14.655+0000] {dag.py:3834} INFO - Setting next_dagrun for example_branch_datetime_operator to 2025-06-02 00:00:00+00:00, run_after=2025-06-03 00:00:00+00:00
[2025-06-03T13:31:14.657+0000] {logging_mixin.py:188} INFO - [2025-06-03T13:31:14.657+0000] {dag.py:3834} INFO - Setting next_dagrun for example_branch_datetime_operator_2 to 2025-06-02 00:00:00+00:00, run_after=2025-06-03 00:00:00+00:00
[2025-06-03T13:31:14.658+0000] {logging_mixin.py:188} INFO - [2025-06-03T13:31:14.658+0000] {dag.py:3834} INFO - Setting next_dagrun for example_branch_datetime_operator_3 to 2025-06-02 00:00:00+00:00, run_after=2025-06-03 00:00:00+00:00
[2025-06-03T13:31:14.663+0000] {processor.py:183} INFO - Processing /home/airflow/.local/lib/python3.8/site-packages/airflow/example_dags/example_branch_datetime_operator.py took 0.033 seconds
[2025-06-03T13:31:44.855+0000] {processor.py:161} INFO - Started process (PID=1648) to work on /home/airflow/.local/lib/python3.8/site-packages/airflow/example_dags/example_branch_datetime_operator.py
[2025-06-03T13:31:44.856+0000] {processor.py:830} INFO - Processing file /home/airflow/.local/lib/python3.8/site-packages/airflow/example_dags/example_branch_datetime_operator.py for tasks to queue
[2025-06-03T13:31:44.857+0000] {logging_mixin.py:188} INFO - [2025-06-03T13:31:44.857+0000] {dagbag.py:540} INFO - Filling up the DagBag from /home/airflow/.local/lib/python3.8/site-packages/airflow/example_dags/example_branch_datetime_operator.py
[2025-06-03T13:31:44.862+0000] {processor.py:840} INFO - DAG(s) 'example_branch_datetime_operator_2', 'example_branch_datetime_operator', 'example_branch_datetime_operator_3' retrieved from /home/airflow/.local/lib/python3.8/site-packages/airflow/example_dags/example_branch_datetime_operator.py
[2025-06-03T13:31:44.875+0000] {logging_mixin.py:188} INFO - [2025-06-03T13:31:44.875+0000] {dag.py:3047} INFO - Sync 3 DAGs
[2025-06-03T13:31:44.884+0000] {logging_mixin.py:188} INFO - [2025-06-03T13:31:44.884+0000] {dag.py:3834} INFO - Setting next_dagrun for example_branch_datetime_operator to 2025-06-02 00:00:00+00:00, run_after=2025-06-03 00:00:00+00:00
[2025-06-03T13:31:44.886+0000] {logging_mixin.py:188} INFO - [2025-06-03T13:31:44.886+0000] {dag.py:3834} INFO - Setting next_dagrun for example_branch_datetime_operator_2 to 2025-06-02 00:00:00+00:00, run_after=2025-06-03 00:00:00+00:00
[2025-06-03T13:31:44.887+0000] {logging_mixin.py:188} INFO - [2025-06-03T13:31:44.887+0000] {dag.py:3834} INFO - Setting next_dagrun for example_branch_datetime_operator_3 to 2025-06-02 00:00:00+00:00, run_after=2025-06-03 00:00:00+00:00
[2025-06-03T13:31:44.893+0000] {processor.py:183} INFO - Processing /home/airflow/.local/lib/python3.8/site-packages/airflow/example_dags/example_branch_datetime_operator.py took 0.039 seconds
[2025-06-03T13:32:15.177+0000] {processor.py:161} INFO - Started process (PID=1703) to work on /home/airflow/.local/lib/python3.8/site-packages/airflow/example_dags/example_branch_datetime_operator.py
[2025-06-03T13:32:15.179+0000] {processor.py:830} INFO - Processing file /home/airflow/.local/lib/python3.8/site-packages/airflow/example_dags/example_branch_datetime_operator.py for tasks to queue
[2025-06-03T13:32:15.180+0000] {logging_mixin.py:188} INFO - [2025-06-03T13:32:15.180+0000] {dagbag.py:540} INFO - Filling up the DagBag from /home/airflow/.local/lib/python3.8/site-packages/airflow/example_dags/example_branch_datetime_operator.py
[2025-06-03T13:32:15.184+0000] {processor.py:840} INFO - DAG(s) 'example_branch_datetime_operator_3', 'example_branch_datetime_operator', 'example_branch_datetime_operator_2' retrieved from /home/airflow/.local/lib/python3.8/site-packages/airflow/example_dags/example_branch_datetime_operator.py
[2025-06-03T13:32:15.194+0000] {logging_mixin.py:188} INFO - [2025-06-03T13:32:15.194+0000] {dag.py:3047} INFO - Sync 3 DAGs
[2025-06-03T13:32:15.204+0000] {logging_mixin.py:188} INFO - [2025-06-03T13:32:15.204+0000] {dag.py:3834} INFO - Setting next_dagrun for example_branch_datetime_operator to 2025-06-02 00:00:00+00:00, run_after=2025-06-03 00:00:00+00:00
[2025-06-03T13:32:15.206+0000] {logging_mixin.py:188} INFO - [2025-06-03T13:32:15.206+0000] {dag.py:3834} INFO - Setting next_dagrun for example_branch_datetime_operator_2 to 2025-06-02 00:00:00+00:00, run_after=2025-06-03 00:00:00+00:00
[2025-06-03T13:32:15.208+0000] {logging_mixin.py:188} INFO - [2025-06-03T13:32:15.208+0000] {dag.py:3834} INFO - Setting next_dagrun for example_branch_datetime_operator_3 to 2025-06-02 00:00:00+00:00, run_after=2025-06-03 00:00:00+00:00
[2025-06-03T13:32:15.213+0000] {processor.py:183} INFO - Processing /home/airflow/.local/lib/python3.8/site-packages/airflow/example_dags/example_branch_datetime_operator.py took 0.037 seconds
[2025-06-03T13:32:45.460+0000] {processor.py:161} INFO - Started process (PID=1758) to work on /home/airflow/.local/lib/python3.8/site-packages/airflow/example_dags/example_branch_datetime_operator.py
[2025-06-03T13:32:45.461+0000] {processor.py:830} INFO - Processing file /home/airflow/.local/lib/python3.8/site-packages/airflow/example_dags/example_branch_datetime_operator.py for tasks to queue
[2025-06-03T13:32:45.461+0000] {logging_mixin.py:188} INFO - [2025-06-03T13:32:45.461+0000] {dagbag.py:540} INFO - Filling up the DagBag from /home/airflow/.local/lib/python3.8/site-packages/airflow/example_dags/example_branch_datetime_operator.py
[2025-06-03T13:32:45.465+0000] {processor.py:840} INFO - DAG(s) 'example_branch_datetime_operator_2', 'example_branch_datetime_operator_3', 'example_branch_datetime_operator' retrieved from /home/airflow/.local/lib/python3.8/site-packages/airflow/example_dags/example_branch_datetime_operator.py
[2025-06-03T13:32:45.476+0000] {logging_mixin.py:188} INFO - [2025-06-03T13:32:45.476+0000] {dag.py:3047} INFO - Sync 3 DAGs
[2025-06-03T13:32:45.483+0000] {logging_mixin.py:188} INFO - [2025-06-03T13:32:45.483+0000] {dag.py:3834} INFO - Setting next_dagrun for example_branch_datetime_operator to 2025-06-02 00:00:00+00:00, run_after=2025-06-03 00:00:00+00:00
[2025-06-03T13:32:45.485+0000] {logging_mixin.py:188} INFO - [2025-06-03T13:32:45.485+0000] {dag.py:3834} INFO - Setting next_dagrun for example_branch_datetime_operator_2 to 2025-06-02 00:00:00+00:00, run_after=2025-06-03 00:00:00+00:00
[2025-06-03T13:32:45.486+0000] {logging_mixin.py:188} INFO - [2025-06-03T13:32:45.486+0000] {dag.py:3834} INFO - Setting next_dagrun for example_branch_datetime_operator_3 to 2025-06-02 00:00:00+00:00, run_after=2025-06-03 00:00:00+00:00
[2025-06-03T13:32:45.491+0000] {processor.py:183} INFO - Processing /home/airflow/.local/lib/python3.8/site-packages/airflow/example_dags/example_branch_datetime_operator.py took 0.032 seconds
[2025-06-03T13:33:15.796+0000] {processor.py:161} INFO - Started process (PID=1813) to work on /home/airflow/.local/lib/python3.8/site-packages/airflow/example_dags/example_branch_datetime_operator.py
[2025-06-03T13:33:15.796+0000] {processor.py:830} INFO - Processing file /home/airflow/.local/lib/python3.8/site-packages/airflow/example_dags/example_branch_datetime_operator.py for tasks to queue
[2025-06-03T13:33:15.797+0000] {logging_mixin.py:188} INFO - [2025-06-03T13:33:15.797+0000] {dagbag.py:540} INFO - Filling up the DagBag from /home/airflow/.local/lib/python3.8/site-packages/airflow/example_dags/example_branch_datetime_operator.py
[2025-06-03T13:33:15.801+0000] {processor.py:840} INFO - DAG(s) 'example_branch_datetime_operator', 'example_branch_datetime_operator_3', 'example_branch_datetime_operator_2' retrieved from /home/airflow/.local/lib/python3.8/site-packages/airflow/example_dags/example_branch_datetime_operator.py
[2025-06-03T13:33:15.810+0000] {logging_mixin.py:188} INFO - [2025-06-03T13:33:15.810+0000] {dag.py:3047} INFO - Sync 3 DAGs
[2025-06-03T13:33:15.818+0000] {logging_mixin.py:188} INFO - [2025-06-03T13:33:15.818+0000] {dag.py:3834} INFO - Setting next_dagrun for example_branch_datetime_operator to 2025-06-02 00:00:00+00:00, run_after=2025-06-03 00:00:00+00:00
[2025-06-03T13:33:15.819+0000] {logging_mixin.py:188} INFO - [2025-06-03T13:33:15.819+0000] {dag.py:3834} INFO - Setting next_dagrun for example_branch_datetime_operator_2 to 2025-06-02 00:00:00+00:00, run_after=2025-06-03 00:00:00+00:00
[2025-06-03T13:33:15.821+0000] {logging_mixin.py:188} INFO - [2025-06-03T13:33:15.820+0000] {dag.py:3834} INFO - Setting next_dagrun for example_branch_datetime_operator_3 to 2025-06-02 00:00:00+00:00, run_after=2025-06-03 00:00:00+00:00
[2025-06-03T13:33:15.826+0000] {processor.py:183} INFO - Processing /home/airflow/.local/lib/python3.8/site-packages/airflow/example_dags/example_branch_datetime_operator.py took 0.031 seconds
[2025-06-03T13:33:46.069+0000] {processor.py:161} INFO - Started process (PID=1868) to work on /home/airflow/.local/lib/python3.8/site-packages/airflow/example_dags/example_branch_datetime_operator.py
[2025-06-03T13:33:46.069+0000] {processor.py:830} INFO - Processing file /home/airflow/.local/lib/python3.8/site-packages/airflow/example_dags/example_branch_datetime_operator.py for tasks to queue
[2025-06-03T13:33:46.072+0000] {logging_mixin.py:188} INFO - [2025-06-03T13:33:46.072+0000] {dagbag.py:540} INFO - Filling up the DagBag from /home/airflow/.local/lib/python3.8/site-packages/airflow/example_dags/example_branch_datetime_operator.py
[2025-06-03T13:33:46.076+0000] {processor.py:840} INFO - DAG(s) 'example_branch_datetime_operator_3', 'example_branch_datetime_operator', 'example_branch_datetime_operator_2' retrieved from /home/airflow/.local/lib/python3.8/site-packages/airflow/example_dags/example_branch_datetime_operator.py
[2025-06-03T13:33:46.086+0000] {logging_mixin.py:188} INFO - [2025-06-03T13:33:46.086+0000] {dag.py:3047} INFO - Sync 3 DAGs
[2025-06-03T13:33:46.095+0000] {logging_mixin.py:188} INFO - [2025-06-03T13:33:46.094+0000] {dag.py:3834} INFO - Setting next_dagrun for example_branch_datetime_operator to 2025-06-02 00:00:00+00:00, run_after=2025-06-03 00:00:00+00:00
[2025-06-03T13:33:46.096+0000] {logging_mixin.py:188} INFO - [2025-06-03T13:33:46.096+0000] {dag.py:3834} INFO - Setting next_dagrun for example_branch_datetime_operator_2 to 2025-06-02 00:00:00+00:00, run_after=2025-06-03 00:00:00+00:00
[2025-06-03T13:33:46.098+0000] {logging_mixin.py:188} INFO - [2025-06-03T13:33:46.098+0000] {dag.py:3834} INFO - Setting next_dagrun for example_branch_datetime_operator_3 to 2025-06-02 00:00:00+00:00, run_after=2025-06-03 00:00:00+00:00
[2025-06-03T13:33:46.105+0000] {processor.py:183} INFO - Processing /home/airflow/.local/lib/python3.8/site-packages/airflow/example_dags/example_branch_datetime_operator.py took 0.037 seconds
[2025-06-03T13:34:16.351+0000] {processor.py:161} INFO - Started process (PID=1923) to work on /home/airflow/.local/lib/python3.8/site-packages/airflow/example_dags/example_branch_datetime_operator.py
[2025-06-03T13:34:16.352+0000] {processor.py:830} INFO - Processing file /home/airflow/.local/lib/python3.8/site-packages/airflow/example_dags/example_branch_datetime_operator.py for tasks to queue
[2025-06-03T13:34:16.353+0000] {logging_mixin.py:188} INFO - [2025-06-03T13:34:16.353+0000] {dagbag.py:540} INFO - Filling up the DagBag from /home/airflow/.local/lib/python3.8/site-packages/airflow/example_dags/example_branch_datetime_operator.py
[2025-06-03T13:34:16.357+0000] {processor.py:840} INFO - DAG(s) 'example_branch_datetime_operator_2', 'example_branch_datetime_operator_3', 'example_branch_datetime_operator' retrieved from /home/airflow/.local/lib/python3.8/site-packages/airflow/example_dags/example_branch_datetime_operator.py
[2025-06-03T13:34:16.367+0000] {logging_mixin.py:188} INFO - [2025-06-03T13:34:16.367+0000] {dag.py:3047} INFO - Sync 3 DAGs
[2025-06-03T13:34:16.375+0000] {logging_mixin.py:188} INFO - [2025-06-03T13:34:16.375+0000] {dag.py:3834} INFO - Setting next_dagrun for example_branch_datetime_operator to 2025-06-02 00:00:00+00:00, run_after=2025-06-03 00:00:00+00:00
[2025-06-03T13:34:16.377+0000] {logging_mixin.py:188} INFO - [2025-06-03T13:34:16.377+0000] {dag.py:3834} INFO - Setting next_dagrun for example_branch_datetime_operator_2 to 2025-06-02 00:00:00+00:00, run_after=2025-06-03 00:00:00+00:00
[2025-06-03T13:34:16.378+0000] {logging_mixin.py:188} INFO - [2025-06-03T13:34:16.378+0000] {dag.py:3834} INFO - Setting next_dagrun for example_branch_datetime_operator_3 to 2025-06-02 00:00:00+00:00, run_after=2025-06-03 00:00:00+00:00
[2025-06-03T13:34:16.383+0000] {processor.py:183} INFO - Processing /home/airflow/.local/lib/python3.8/site-packages/airflow/example_dags/example_branch_datetime_operator.py took 0.033 seconds
[2025-06-03T13:34:46.662+0000] {processor.py:161} INFO - Started process (PID=1978) to work on /home/airflow/.local/lib/python3.8/site-packages/airflow/example_dags/example_branch_datetime_operator.py
[2025-06-03T13:34:46.665+0000] {processor.py:830} INFO - Processing file /home/airflow/.local/lib/python3.8/site-packages/airflow/example_dags/example_branch_datetime_operator.py for tasks to queue
[2025-06-03T13:34:46.666+0000] {logging_mixin.py:188} INFO - [2025-06-03T13:34:46.666+0000] {dagbag.py:540} INFO - Filling up the DagBag from /home/airflow/.local/lib/python3.8/site-packages/airflow/example_dags/example_branch_datetime_operator.py
[2025-06-03T13:34:46.671+0000] {processor.py:840} INFO - DAG(s) 'example_branch_datetime_operator_3', 'example_branch_datetime_operator_2', 'example_branch_datetime_operator' retrieved from /home/airflow/.local/lib/python3.8/site-packages/airflow/example_dags/example_branch_datetime_operator.py
[2025-06-03T13:34:46.682+0000] {logging_mixin.py:188} INFO - [2025-06-03T13:34:46.682+0000] {dag.py:3047} INFO - Sync 3 DAGs
[2025-06-03T13:34:46.691+0000] {logging_mixin.py:188} INFO - [2025-06-03T13:34:46.691+0000] {dag.py:3834} INFO - Setting next_dagrun for example_branch_datetime_operator to 2025-06-02 00:00:00+00:00, run_after=2025-06-03 00:00:00+00:00
[2025-06-03T13:34:46.696+0000] {logging_mixin.py:188} INFO - [2025-06-03T13:34:46.696+0000] {dag.py:3834} INFO - Setting next_dagrun for example_branch_datetime_operator_2 to 2025-06-02 00:00:00+00:00, run_after=2025-06-03 00:00:00+00:00
[2025-06-03T13:34:46.698+0000] {logging_mixin.py:188} INFO - [2025-06-03T13:34:46.697+0000] {dag.py:3834} INFO - Setting next_dagrun for example_branch_datetime_operator_3 to 2025-06-02 00:00:00+00:00, run_after=2025-06-03 00:00:00+00:00
[2025-06-03T13:34:46.705+0000] {processor.py:183} INFO - Processing /home/airflow/.local/lib/python3.8/site-packages/airflow/example_dags/example_branch_datetime_operator.py took 0.044 seconds
[2025-06-03T13:35:17.156+0000] {processor.py:161} INFO - Started process (PID=2033) to work on /home/airflow/.local/lib/python3.8/site-packages/airflow/example_dags/example_branch_datetime_operator.py
[2025-06-03T13:35:17.159+0000] {processor.py:830} INFO - Processing file /home/airflow/.local/lib/python3.8/site-packages/airflow/example_dags/example_branch_datetime_operator.py for tasks to queue
[2025-06-03T13:35:17.160+0000] {logging_mixin.py:188} INFO - [2025-06-03T13:35:17.160+0000] {dagbag.py:540} INFO - Filling up the DagBag from /home/airflow/.local/lib/python3.8/site-packages/airflow/example_dags/example_branch_datetime_operator.py
[2025-06-03T13:35:17.170+0000] {processor.py:840} INFO - DAG(s) 'example_branch_datetime_operator_2', 'example_branch_datetime_operator', 'example_branch_datetime_operator_3' retrieved from /home/airflow/.local/lib/python3.8/site-packages/airflow/example_dags/example_branch_datetime_operator.py
[2025-06-03T13:35:17.187+0000] {logging_mixin.py:188} INFO - [2025-06-03T13:35:17.187+0000] {dag.py:3047} INFO - Sync 3 DAGs
[2025-06-03T13:35:17.198+0000] {logging_mixin.py:188} INFO - [2025-06-03T13:35:17.198+0000] {dag.py:3834} INFO - Setting next_dagrun for example_branch_datetime_operator to 2025-06-02 00:00:00+00:00, run_after=2025-06-03 00:00:00+00:00
[2025-06-03T13:35:17.203+0000] {logging_mixin.py:188} INFO - [2025-06-03T13:35:17.203+0000] {dag.py:3834} INFO - Setting next_dagrun for example_branch_datetime_operator_2 to 2025-06-02 00:00:00+00:00, run_after=2025-06-03 00:00:00+00:00
[2025-06-03T13:35:17.205+0000] {logging_mixin.py:188} INFO - [2025-06-03T13:35:17.205+0000] {dag.py:3834} INFO - Setting next_dagrun for example_branch_datetime_operator_3 to 2025-06-02 00:00:00+00:00, run_after=2025-06-03 00:00:00+00:00
[2025-06-03T13:35:17.214+0000] {processor.py:183} INFO - Processing /home/airflow/.local/lib/python3.8/site-packages/airflow/example_dags/example_branch_datetime_operator.py took 0.060 seconds
[2025-06-03T13:35:47.704+0000] {processor.py:161} INFO - Started process (PID=2088) to work on /home/airflow/.local/lib/python3.8/site-packages/airflow/example_dags/example_branch_datetime_operator.py
[2025-06-03T13:35:47.705+0000] {processor.py:830} INFO - Processing file /home/airflow/.local/lib/python3.8/site-packages/airflow/example_dags/example_branch_datetime_operator.py for tasks to queue
[2025-06-03T13:35:47.706+0000] {logging_mixin.py:188} INFO - [2025-06-03T13:35:47.706+0000] {dagbag.py:540} INFO - Filling up the DagBag from /home/airflow/.local/lib/python3.8/site-packages/airflow/example_dags/example_branch_datetime_operator.py
[2025-06-03T13:35:47.710+0000] {processor.py:840} INFO - DAG(s) 'example_branch_datetime_operator_2', 'example_branch_datetime_operator_3', 'example_branch_datetime_operator' retrieved from /home/airflow/.local/lib/python3.8/site-packages/airflow/example_dags/example_branch_datetime_operator.py
[2025-06-03T13:35:47.721+0000] {logging_mixin.py:188} INFO - [2025-06-03T13:35:47.720+0000] {dag.py:3047} INFO - Sync 3 DAGs
[2025-06-03T13:35:47.728+0000] {logging_mixin.py:188} INFO - [2025-06-03T13:35:47.728+0000] {dag.py:3834} INFO - Setting next_dagrun for example_branch_datetime_operator to 2025-06-02 00:00:00+00:00, run_after=2025-06-03 00:00:00+00:00
[2025-06-03T13:35:47.730+0000] {logging_mixin.py:188} INFO - [2025-06-03T13:35:47.730+0000] {dag.py:3834} INFO - Setting next_dagrun for example_branch_datetime_operator_2 to 2025-06-02 00:00:00+00:00, run_after=2025-06-03 00:00:00+00:00
[2025-06-03T13:35:47.731+0000] {logging_mixin.py:188} INFO - [2025-06-03T13:35:47.731+0000] {dag.py:3834} INFO - Setting next_dagrun for example_branch_datetime_operator_3 to 2025-06-02 00:00:00+00:00, run_after=2025-06-03 00:00:00+00:00
[2025-06-03T13:35:47.736+0000] {processor.py:183} INFO - Processing /home/airflow/.local/lib/python3.8/site-packages/airflow/example_dags/example_branch_datetime_operator.py took 0.033 seconds
[2025-06-03T13:36:18.030+0000] {processor.py:161} INFO - Started process (PID=2143) to work on /home/airflow/.local/lib/python3.8/site-packages/airflow/example_dags/example_branch_datetime_operator.py
[2025-06-03T13:36:18.030+0000] {processor.py:830} INFO - Processing file /home/airflow/.local/lib/python3.8/site-packages/airflow/example_dags/example_branch_datetime_operator.py for tasks to queue
[2025-06-03T13:36:18.031+0000] {logging_mixin.py:188} INFO - [2025-06-03T13:36:18.031+0000] {dagbag.py:540} INFO - Filling up the DagBag from /home/airflow/.local/lib/python3.8/site-packages/airflow/example_dags/example_branch_datetime_operator.py
[2025-06-03T13:36:18.035+0000] {processor.py:840} INFO - DAG(s) 'example_branch_datetime_operator_3', 'example_branch_datetime_operator_2', 'example_branch_datetime_operator' retrieved from /home/airflow/.local/lib/python3.8/site-packages/airflow/example_dags/example_branch_datetime_operator.py
[2025-06-03T13:36:18.045+0000] {logging_mixin.py:188} INFO - [2025-06-03T13:36:18.045+0000] {dag.py:3047} INFO - Sync 3 DAGs
[2025-06-03T13:36:18.053+0000] {logging_mixin.py:188} INFO - [2025-06-03T13:36:18.053+0000] {dag.py:3834} INFO - Setting next_dagrun for example_branch_datetime_operator to 2025-06-02 00:00:00+00:00, run_after=2025-06-03 00:00:00+00:00
[2025-06-03T13:36:18.054+0000] {logging_mixin.py:188} INFO - [2025-06-03T13:36:18.054+0000] {dag.py:3834} INFO - Setting next_dagrun for example_branch_datetime_operator_2 to 2025-06-02 00:00:00+00:00, run_after=2025-06-03 00:00:00+00:00
[2025-06-03T13:36:18.055+0000] {logging_mixin.py:188} INFO - [2025-06-03T13:36:18.055+0000] {dag.py:3834} INFO - Setting next_dagrun for example_branch_datetime_operator_3 to 2025-06-02 00:00:00+00:00, run_after=2025-06-03 00:00:00+00:00
[2025-06-03T13:36:18.060+0000] {processor.py:183} INFO - Processing /home/airflow/.local/lib/python3.8/site-packages/airflow/example_dags/example_branch_datetime_operator.py took 0.032 seconds
[2025-06-03T13:36:48.329+0000] {processor.py:161} INFO - Started process (PID=2198) to work on /home/airflow/.local/lib/python3.8/site-packages/airflow/example_dags/example_branch_datetime_operator.py
[2025-06-03T13:36:48.329+0000] {processor.py:830} INFO - Processing file /home/airflow/.local/lib/python3.8/site-packages/airflow/example_dags/example_branch_datetime_operator.py for tasks to queue
[2025-06-03T13:36:48.330+0000] {logging_mixin.py:188} INFO - [2025-06-03T13:36:48.330+0000] {dagbag.py:540} INFO - Filling up the DagBag from /home/airflow/.local/lib/python3.8/site-packages/airflow/example_dags/example_branch_datetime_operator.py
[2025-06-03T13:36:48.334+0000] {processor.py:840} INFO - DAG(s) 'example_branch_datetime_operator_2', 'example_branch_datetime_operator', 'example_branch_datetime_operator_3' retrieved from /home/airflow/.local/lib/python3.8/site-packages/airflow/example_dags/example_branch_datetime_operator.py
[2025-06-03T13:36:48.345+0000] {logging_mixin.py:188} INFO - [2025-06-03T13:36:48.345+0000] {dag.py:3047} INFO - Sync 3 DAGs
[2025-06-03T13:36:48.354+0000] {logging_mixin.py:188} INFO - [2025-06-03T13:36:48.354+0000] {dag.py:3834} INFO - Setting next_dagrun for example_branch_datetime_operator to 2025-06-02 00:00:00+00:00, run_after=2025-06-03 00:00:00+00:00
[2025-06-03T13:36:48.355+0000] {logging_mixin.py:188} INFO - [2025-06-03T13:36:48.355+0000] {dag.py:3834} INFO - Setting next_dagrun for example_branch_datetime_operator_2 to 2025-06-02 00:00:00+00:00, run_after=2025-06-03 00:00:00+00:00
[2025-06-03T13:36:48.356+0000] {logging_mixin.py:188} INFO - [2025-06-03T13:36:48.356+0000] {dag.py:3834} INFO - Setting next_dagrun for example_branch_datetime_operator_3 to 2025-06-02 00:00:00+00:00, run_after=2025-06-03 00:00:00+00:00
[2025-06-03T13:36:48.362+0000] {processor.py:183} INFO - Processing /home/airflow/.local/lib/python3.8/site-packages/airflow/example_dags/example_branch_datetime_operator.py took 0.035 seconds
[2025-06-03T13:37:18.742+0000] {processor.py:161} INFO - Started process (PID=2253) to work on /home/airflow/.local/lib/python3.8/site-packages/airflow/example_dags/example_branch_datetime_operator.py
[2025-06-03T13:37:18.743+0000] {processor.py:830} INFO - Processing file /home/airflow/.local/lib/python3.8/site-packages/airflow/example_dags/example_branch_datetime_operator.py for tasks to queue
[2025-06-03T13:37:18.743+0000] {logging_mixin.py:188} INFO - [2025-06-03T13:37:18.743+0000] {dagbag.py:540} INFO - Filling up the DagBag from /home/airflow/.local/lib/python3.8/site-packages/airflow/example_dags/example_branch_datetime_operator.py
[2025-06-03T13:37:18.747+0000] {processor.py:840} INFO - DAG(s) 'example_branch_datetime_operator_3', 'example_branch_datetime_operator_2', 'example_branch_datetime_operator' retrieved from /home/airflow/.local/lib/python3.8/site-packages/airflow/example_dags/example_branch_datetime_operator.py
[2025-06-03T13:37:18.757+0000] {logging_mixin.py:188} INFO - [2025-06-03T13:37:18.757+0000] {dag.py:3047} INFO - Sync 3 DAGs
[2025-06-03T13:37:18.764+0000] {logging_mixin.py:188} INFO - [2025-06-03T13:37:18.764+0000] {dag.py:3834} INFO - Setting next_dagrun for example_branch_datetime_operator to 2025-06-02 00:00:00+00:00, run_after=2025-06-03 00:00:00+00:00
[2025-06-03T13:37:18.766+0000] {logging_mixin.py:188} INFO - [2025-06-03T13:37:18.766+0000] {dag.py:3834} INFO - Setting next_dagrun for example_branch_datetime_operator_2 to 2025-06-02 00:00:00+00:00, run_after=2025-06-03 00:00:00+00:00
[2025-06-03T13:37:18.767+0000] {logging_mixin.py:188} INFO - [2025-06-03T13:37:18.767+0000] {dag.py:3834} INFO - Setting next_dagrun for example_branch_datetime_operator_3 to 2025-06-02 00:00:00+00:00, run_after=2025-06-03 00:00:00+00:00
[2025-06-03T13:37:18.772+0000] {processor.py:183} INFO - Processing /home/airflow/.local/lib/python3.8/site-packages/airflow/example_dags/example_branch_datetime_operator.py took 0.031 seconds
[2025-06-03T13:37:49.177+0000] {processor.py:161} INFO - Started process (PID=2308) to work on /home/airflow/.local/lib/python3.8/site-packages/airflow/example_dags/example_branch_datetime_operator.py
[2025-06-03T13:37:49.178+0000] {processor.py:830} INFO - Processing file /home/airflow/.local/lib/python3.8/site-packages/airflow/example_dags/example_branch_datetime_operator.py for tasks to queue
[2025-06-03T13:37:49.179+0000] {logging_mixin.py:188} INFO - [2025-06-03T13:37:49.179+0000] {dagbag.py:540} INFO - Filling up the DagBag from /home/airflow/.local/lib/python3.8/site-packages/airflow/example_dags/example_branch_datetime_operator.py
[2025-06-03T13:37:49.184+0000] {processor.py:840} INFO - DAG(s) 'example_branch_datetime_operator', 'example_branch_datetime_operator_2', 'example_branch_datetime_operator_3' retrieved from /home/airflow/.local/lib/python3.8/site-packages/airflow/example_dags/example_branch_datetime_operator.py
[2025-06-03T13:37:49.202+0000] {logging_mixin.py:188} INFO - [2025-06-03T13:37:49.202+0000] {dag.py:3047} INFO - Sync 3 DAGs
[2025-06-03T13:37:49.213+0000] {logging_mixin.py:188} INFO - [2025-06-03T13:37:49.213+0000] {dag.py:3834} INFO - Setting next_dagrun for example_branch_datetime_operator to 2025-06-02 00:00:00+00:00, run_after=2025-06-03 00:00:00+00:00
[2025-06-03T13:37:49.216+0000] {logging_mixin.py:188} INFO - [2025-06-03T13:37:49.216+0000] {dag.py:3834} INFO - Setting next_dagrun for example_branch_datetime_operator_2 to 2025-06-02 00:00:00+00:00, run_after=2025-06-03 00:00:00+00:00
[2025-06-03T13:37:49.217+0000] {logging_mixin.py:188} INFO - [2025-06-03T13:37:49.217+0000] {dag.py:3834} INFO - Setting next_dagrun for example_branch_datetime_operator_3 to 2025-06-02 00:00:00+00:00, run_after=2025-06-03 00:00:00+00:00
[2025-06-03T13:37:49.226+0000] {processor.py:183} INFO - Processing /home/airflow/.local/lib/python3.8/site-packages/airflow/example_dags/example_branch_datetime_operator.py took 0.051 seconds
[2025-06-03T13:38:20.076+0000] {processor.py:161} INFO - Started process (PID=2363) to work on /home/airflow/.local/lib/python3.8/site-packages/airflow/example_dags/example_branch_datetime_operator.py
[2025-06-03T13:38:20.077+0000] {processor.py:830} INFO - Processing file /home/airflow/.local/lib/python3.8/site-packages/airflow/example_dags/example_branch_datetime_operator.py for tasks to queue
[2025-06-03T13:38:20.079+0000] {logging_mixin.py:188} INFO - [2025-06-03T13:38:20.079+0000] {dagbag.py:540} INFO - Filling up the DagBag from /home/airflow/.local/lib/python3.8/site-packages/airflow/example_dags/example_branch_datetime_operator.py
[2025-06-03T13:38:20.086+0000] {processor.py:840} INFO - DAG(s) 'example_branch_datetime_operator', 'example_branch_datetime_operator_3', 'example_branch_datetime_operator_2' retrieved from /home/airflow/.local/lib/python3.8/site-packages/airflow/example_dags/example_branch_datetime_operator.py
[2025-06-03T13:38:20.104+0000] {logging_mixin.py:188} INFO - [2025-06-03T13:38:20.104+0000] {dag.py:3047} INFO - Sync 3 DAGs
[2025-06-03T13:38:20.116+0000] {logging_mixin.py:188} INFO - [2025-06-03T13:38:20.116+0000] {dag.py:3834} INFO - Setting next_dagrun for example_branch_datetime_operator to 2025-06-02 00:00:00+00:00, run_after=2025-06-03 00:00:00+00:00
[2025-06-03T13:38:20.122+0000] {logging_mixin.py:188} INFO - [2025-06-03T13:38:20.122+0000] {dag.py:3834} INFO - Setting next_dagrun for example_branch_datetime_operator_2 to 2025-06-02 00:00:00+00:00, run_after=2025-06-03 00:00:00+00:00
[2025-06-03T13:38:20.123+0000] {logging_mixin.py:188} INFO - [2025-06-03T13:38:20.123+0000] {dag.py:3834} INFO - Setting next_dagrun for example_branch_datetime_operator_3 to 2025-06-02 00:00:00+00:00, run_after=2025-06-03 00:00:00+00:00
[2025-06-03T13:38:20.134+0000] {processor.py:183} INFO - Processing /home/airflow/.local/lib/python3.8/site-packages/airflow/example_dags/example_branch_datetime_operator.py took 0.060 seconds
[2025-06-03T13:38:50.600+0000] {processor.py:161} INFO - Started process (PID=2418) to work on /home/airflow/.local/lib/python3.8/site-packages/airflow/example_dags/example_branch_datetime_operator.py
[2025-06-03T13:38:50.601+0000] {processor.py:830} INFO - Processing file /home/airflow/.local/lib/python3.8/site-packages/airflow/example_dags/example_branch_datetime_operator.py for tasks to queue
[2025-06-03T13:38:50.602+0000] {logging_mixin.py:188} INFO - [2025-06-03T13:38:50.601+0000] {dagbag.py:540} INFO - Filling up the DagBag from /home/airflow/.local/lib/python3.8/site-packages/airflow/example_dags/example_branch_datetime_operator.py
[2025-06-03T13:38:50.607+0000] {processor.py:840} INFO - DAG(s) 'example_branch_datetime_operator_2', 'example_branch_datetime_operator', 'example_branch_datetime_operator_3' retrieved from /home/airflow/.local/lib/python3.8/site-packages/airflow/example_dags/example_branch_datetime_operator.py
[2025-06-03T13:38:50.627+0000] {logging_mixin.py:188} INFO - [2025-06-03T13:38:50.627+0000] {dag.py:3047} INFO - Sync 3 DAGs
[2025-06-03T13:38:50.641+0000] {logging_mixin.py:188} INFO - [2025-06-03T13:38:50.641+0000] {dag.py:3834} INFO - Setting next_dagrun for example_branch_datetime_operator to 2025-06-02 00:00:00+00:00, run_after=2025-06-03 00:00:00+00:00
[2025-06-03T13:38:50.645+0000] {logging_mixin.py:188} INFO - [2025-06-03T13:38:50.645+0000] {dag.py:3834} INFO - Setting next_dagrun for example_branch_datetime_operator_2 to 2025-06-02 00:00:00+00:00, run_after=2025-06-03 00:00:00+00:00
[2025-06-03T13:38:50.647+0000] {logging_mixin.py:188} INFO - [2025-06-03T13:38:50.647+0000] {dag.py:3834} INFO - Setting next_dagrun for example_branch_datetime_operator_3 to 2025-06-02 00:00:00+00:00, run_after=2025-06-03 00:00:00+00:00
[2025-06-03T13:38:50.657+0000] {processor.py:183} INFO - Processing /home/airflow/.local/lib/python3.8/site-packages/airflow/example_dags/example_branch_datetime_operator.py took 0.059 seconds
[2025-06-03T13:39:20.690+0000] {processor.py:161} INFO - Started process (PID=2473) to work on /home/airflow/.local/lib/python3.8/site-packages/airflow/example_dags/example_branch_datetime_operator.py
[2025-06-03T13:39:20.690+0000] {processor.py:830} INFO - Processing file /home/airflow/.local/lib/python3.8/site-packages/airflow/example_dags/example_branch_datetime_operator.py for tasks to queue
[2025-06-03T13:39:20.691+0000] {logging_mixin.py:188} INFO - [2025-06-03T13:39:20.691+0000] {dagbag.py:540} INFO - Filling up the DagBag from /home/airflow/.local/lib/python3.8/site-packages/airflow/example_dags/example_branch_datetime_operator.py
[2025-06-03T13:39:20.696+0000] {processor.py:840} INFO - DAG(s) 'example_branch_datetime_operator', 'example_branch_datetime_operator_2', 'example_branch_datetime_operator_3' retrieved from /home/airflow/.local/lib/python3.8/site-packages/airflow/example_dags/example_branch_datetime_operator.py
[2025-06-03T13:39:20.708+0000] {logging_mixin.py:188} INFO - [2025-06-03T13:39:20.708+0000] {dag.py:3047} INFO - Sync 3 DAGs
[2025-06-03T13:39:20.716+0000] {logging_mixin.py:188} INFO - [2025-06-03T13:39:20.716+0000] {dag.py:3834} INFO - Setting next_dagrun for example_branch_datetime_operator to 2025-06-02 00:00:00+00:00, run_after=2025-06-03 00:00:00+00:00
[2025-06-03T13:39:20.718+0000] {logging_mixin.py:188} INFO - [2025-06-03T13:39:20.718+0000] {dag.py:3834} INFO - Setting next_dagrun for example_branch_datetime_operator_2 to 2025-06-02 00:00:00+00:00, run_after=2025-06-03 00:00:00+00:00
[2025-06-03T13:39:20.719+0000] {logging_mixin.py:188} INFO - [2025-06-03T13:39:20.719+0000] {dag.py:3834} INFO - Setting next_dagrun for example_branch_datetime_operator_3 to 2025-06-02 00:00:00+00:00, run_after=2025-06-03 00:00:00+00:00
[2025-06-03T13:39:20.725+0000] {processor.py:183} INFO - Processing /home/airflow/.local/lib/python3.8/site-packages/airflow/example_dags/example_branch_datetime_operator.py took 0.036 seconds
[2025-06-03T13:39:50.770+0000] {processor.py:161} INFO - Started process (PID=2528) to work on /home/airflow/.local/lib/python3.8/site-packages/airflow/example_dags/example_branch_datetime_operator.py
[2025-06-03T13:39:50.771+0000] {processor.py:830} INFO - Processing file /home/airflow/.local/lib/python3.8/site-packages/airflow/example_dags/example_branch_datetime_operator.py for tasks to queue
[2025-06-03T13:39:50.772+0000] {logging_mixin.py:188} INFO - [2025-06-03T13:39:50.772+0000] {dagbag.py:540} INFO - Filling up the DagBag from /home/airflow/.local/lib/python3.8/site-packages/airflow/example_dags/example_branch_datetime_operator.py
[2025-06-03T13:39:50.776+0000] {processor.py:840} INFO - DAG(s) 'example_branch_datetime_operator', 'example_branch_datetime_operator_3', 'example_branch_datetime_operator_2' retrieved from /home/airflow/.local/lib/python3.8/site-packages/airflow/example_dags/example_branch_datetime_operator.py
[2025-06-03T13:39:50.791+0000] {logging_mixin.py:188} INFO - [2025-06-03T13:39:50.791+0000] {dag.py:3047} INFO - Sync 3 DAGs
[2025-06-03T13:39:50.801+0000] {logging_mixin.py:188} INFO - [2025-06-03T13:39:50.801+0000] {dag.py:3834} INFO - Setting next_dagrun for example_branch_datetime_operator to 2025-06-02 00:00:00+00:00, run_after=2025-06-03 00:00:00+00:00
[2025-06-03T13:39:50.804+0000] {logging_mixin.py:188} INFO - [2025-06-03T13:39:50.804+0000] {dag.py:3834} INFO - Setting next_dagrun for example_branch_datetime_operator_2 to 2025-06-02 00:00:00+00:00, run_after=2025-06-03 00:00:00+00:00
[2025-06-03T13:39:50.805+0000] {logging_mixin.py:188} INFO - [2025-06-03T13:39:50.805+0000] {dag.py:3834} INFO - Setting next_dagrun for example_branch_datetime_operator_3 to 2025-06-02 00:00:00+00:00, run_after=2025-06-03 00:00:00+00:00
[2025-06-03T13:39:50.814+0000] {processor.py:183} INFO - Processing /home/airflow/.local/lib/python3.8/site-packages/airflow/example_dags/example_branch_datetime_operator.py took 0.045 seconds
[2025-06-03T13:40:21.483+0000] {processor.py:161} INFO - Started process (PID=2584) to work on /home/airflow/.local/lib/python3.8/site-packages/airflow/example_dags/example_branch_datetime_operator.py
[2025-06-03T13:40:21.484+0000] {processor.py:830} INFO - Processing file /home/airflow/.local/lib/python3.8/site-packages/airflow/example_dags/example_branch_datetime_operator.py for tasks to queue
[2025-06-03T13:40:21.485+0000] {logging_mixin.py:188} INFO - [2025-06-03T13:40:21.485+0000] {dagbag.py:540} INFO - Filling up the DagBag from /home/airflow/.local/lib/python3.8/site-packages/airflow/example_dags/example_branch_datetime_operator.py
[2025-06-03T13:40:21.493+0000] {processor.py:840} INFO - DAG(s) 'example_branch_datetime_operator_3', 'example_branch_datetime_operator', 'example_branch_datetime_operator_2' retrieved from /home/airflow/.local/lib/python3.8/site-packages/airflow/example_dags/example_branch_datetime_operator.py
[2025-06-03T13:40:21.513+0000] {logging_mixin.py:188} INFO - [2025-06-03T13:40:21.513+0000] {dag.py:3047} INFO - Sync 3 DAGs
[2025-06-03T13:40:21.525+0000] {logging_mixin.py:188} INFO - [2025-06-03T13:40:21.525+0000] {dag.py:3834} INFO - Setting next_dagrun for example_branch_datetime_operator to 2025-06-02 00:00:00+00:00, run_after=2025-06-03 00:00:00+00:00
[2025-06-03T13:40:21.528+0000] {logging_mixin.py:188} INFO - [2025-06-03T13:40:21.527+0000] {dag.py:3834} INFO - Setting next_dagrun for example_branch_datetime_operator_2 to 2025-06-02 00:00:00+00:00, run_after=2025-06-03 00:00:00+00:00
[2025-06-03T13:40:21.529+0000] {logging_mixin.py:188} INFO - [2025-06-03T13:40:21.529+0000] {dag.py:3834} INFO - Setting next_dagrun for example_branch_datetime_operator_3 to 2025-06-02 00:00:00+00:00, run_after=2025-06-03 00:00:00+00:00
[2025-06-03T13:40:21.538+0000] {processor.py:183} INFO - Processing /home/airflow/.local/lib/python3.8/site-packages/airflow/example_dags/example_branch_datetime_operator.py took 0.057 seconds
