[2025-06-03T13:16:58.300+0000] {processor.py:161} INFO - Started process (PID=60) to work on /home/airflow/.local/lib/python3.8/site-packages/airflow/example_dags/example_python_operator.py
[2025-06-03T13:16:58.305+0000] {processor.py:830} INFO - Processing file /home/airflow/.local/lib/python3.8/site-packages/airflow/example_dags/example_python_operator.py for tasks to queue
[2025-06-03T13:16:58.311+0000] {logging_mixin.py:188} INFO - [2025-06-03T13:16:58.309+0000] {dagbag.py:540} INFO - Filling up the DagBag from /home/airflow/.local/lib/python3.8/site-packages/airflow/example_dags/example_python_operator.py
[2025-06-03T13:16:58.333+0000] {processor.py:840} INFO - DAG(s) 'example_python_operator' retrieved from /home/airflow/.local/lib/python3.8/site-packages/airflow/example_dags/example_python_operator.py
[2025-06-03T13:16:58.361+0000] {logging_mixin.py:188} INFO - [2025-06-03T13:16:58.360+0000] {dag.py:3047} INFO - Sync 1 DAGs
[2025-06-03T13:16:58.376+0000] {logging_mixin.py:188} INFO - [2025-06-03T13:16:58.375+0000] {dag.py:3834} INFO - Setting next_dagrun for example_python_operator to None, run_after=None
[2025-06-03T13:16:58.387+0000] {processor.py:183} INFO - Processing /home/airflow/.local/lib/python3.8/site-packages/airflow/example_dags/example_python_operator.py took 0.094 seconds
[2025-06-03T13:17:28.462+0000] {processor.py:161} INFO - Started process (PID=115) to work on /home/airflow/.local/lib/python3.8/site-packages/airflow/example_dags/example_python_operator.py
[2025-06-03T13:17:28.464+0000] {processor.py:830} INFO - Processing file /home/airflow/.local/lib/python3.8/site-packages/airflow/example_dags/example_python_operator.py for tasks to queue
[2025-06-03T13:17:28.465+0000] {logging_mixin.py:188} INFO - [2025-06-03T13:17:28.465+0000] {dagbag.py:540} INFO - Filling up the DagBag from /home/airflow/.local/lib/python3.8/site-packages/airflow/example_dags/example_python_operator.py
[2025-06-03T13:17:28.470+0000] {processor.py:840} INFO - DAG(s) 'example_python_operator' retrieved from /home/airflow/.local/lib/python3.8/site-packages/airflow/example_dags/example_python_operator.py
[2025-06-03T13:17:28.514+0000] {logging_mixin.py:188} INFO - [2025-06-03T13:17:28.514+0000] {dag.py:3047} INFO - Sync 1 DAGs
[2025-06-03T13:17:28.518+0000] {logging_mixin.py:188} INFO - [2025-06-03T13:17:28.518+0000] {dag.py:3834} INFO - Setting next_dagrun for example_python_operator to None, run_after=None
[2025-06-03T13:17:28.525+0000] {processor.py:183} INFO - Processing /home/airflow/.local/lib/python3.8/site-packages/airflow/example_dags/example_python_operator.py took 0.064 seconds
[2025-06-03T13:17:59.466+0000] {processor.py:161} INFO - Started process (PID=176) to work on /home/airflow/.local/lib/python3.8/site-packages/airflow/example_dags/example_python_operator.py
[2025-06-03T13:17:59.467+0000] {processor.py:830} INFO - Processing file /home/airflow/.local/lib/python3.8/site-packages/airflow/example_dags/example_python_operator.py for tasks to queue
[2025-06-03T13:17:59.469+0000] {logging_mixin.py:188} INFO - [2025-06-03T13:17:59.469+0000] {dagbag.py:540} INFO - Filling up the DagBag from /home/airflow/.local/lib/python3.8/site-packages/airflow/example_dags/example_python_operator.py
[2025-06-03T13:17:59.477+0000] {processor.py:840} INFO - DAG(s) 'example_python_operator' retrieved from /home/airflow/.local/lib/python3.8/site-packages/airflow/example_dags/example_python_operator.py
[2025-06-03T13:17:59.493+0000] {logging_mixin.py:188} INFO - [2025-06-03T13:17:59.493+0000] {dag.py:3047} INFO - Sync 1 DAGs
[2025-06-03T13:17:59.500+0000] {logging_mixin.py:188} INFO - [2025-06-03T13:17:59.500+0000] {dag.py:3834} INFO - Setting next_dagrun for example_python_operator to None, run_after=None
[2025-06-03T13:17:59.511+0000] {processor.py:183} INFO - Processing /home/airflow/.local/lib/python3.8/site-packages/airflow/example_dags/example_python_operator.py took 0.047 seconds
[2025-06-03T13:18:30.032+0000] {processor.py:161} INFO - Started process (PID=231) to work on /home/airflow/.local/lib/python3.8/site-packages/airflow/example_dags/example_python_operator.py
[2025-06-03T13:18:30.033+0000] {processor.py:830} INFO - Processing file /home/airflow/.local/lib/python3.8/site-packages/airflow/example_dags/example_python_operator.py for tasks to queue
[2025-06-03T13:18:30.034+0000] {logging_mixin.py:188} INFO - [2025-06-03T13:18:30.033+0000] {dagbag.py:540} INFO - Filling up the DagBag from /home/airflow/.local/lib/python3.8/site-packages/airflow/example_dags/example_python_operator.py
[2025-06-03T13:18:30.039+0000] {processor.py:840} INFO - DAG(s) 'example_python_operator' retrieved from /home/airflow/.local/lib/python3.8/site-packages/airflow/example_dags/example_python_operator.py
[2025-06-03T13:18:30.048+0000] {logging_mixin.py:188} INFO - [2025-06-03T13:18:30.048+0000] {dag.py:3047} INFO - Sync 1 DAGs
[2025-06-03T13:18:30.056+0000] {logging_mixin.py:188} INFO - [2025-06-03T13:18:30.055+0000] {dag.py:3834} INFO - Setting next_dagrun for example_python_operator to None, run_after=None
[2025-06-03T13:18:30.068+0000] {processor.py:183} INFO - Processing /home/airflow/.local/lib/python3.8/site-packages/airflow/example_dags/example_python_operator.py took 0.038 seconds
[2025-06-03T13:19:00.645+0000] {processor.py:161} INFO - Started process (PID=286) to work on /home/airflow/.local/lib/python3.8/site-packages/airflow/example_dags/example_python_operator.py
[2025-06-03T13:19:00.648+0000] {processor.py:830} INFO - Processing file /home/airflow/.local/lib/python3.8/site-packages/airflow/example_dags/example_python_operator.py for tasks to queue
[2025-06-03T13:19:00.649+0000] {logging_mixin.py:188} INFO - [2025-06-03T13:19:00.649+0000] {dagbag.py:540} INFO - Filling up the DagBag from /home/airflow/.local/lib/python3.8/site-packages/airflow/example_dags/example_python_operator.py
[2025-06-03T13:19:00.653+0000] {processor.py:840} INFO - DAG(s) 'example_python_operator' retrieved from /home/airflow/.local/lib/python3.8/site-packages/airflow/example_dags/example_python_operator.py
[2025-06-03T13:19:00.662+0000] {logging_mixin.py:188} INFO - [2025-06-03T13:19:00.662+0000] {dag.py:3047} INFO - Sync 1 DAGs
[2025-06-03T13:19:00.667+0000] {logging_mixin.py:188} INFO - [2025-06-03T13:19:00.667+0000] {dag.py:3834} INFO - Setting next_dagrun for example_python_operator to None, run_after=None
[2025-06-03T13:19:00.675+0000] {processor.py:183} INFO - Processing /home/airflow/.local/lib/python3.8/site-packages/airflow/example_dags/example_python_operator.py took 0.032 seconds
[2025-06-03T13:19:31.246+0000] {processor.py:161} INFO - Started process (PID=341) to work on /home/airflow/.local/lib/python3.8/site-packages/airflow/example_dags/example_python_operator.py
[2025-06-03T13:19:31.247+0000] {processor.py:830} INFO - Processing file /home/airflow/.local/lib/python3.8/site-packages/airflow/example_dags/example_python_operator.py for tasks to queue
[2025-06-03T13:19:31.247+0000] {logging_mixin.py:188} INFO - [2025-06-03T13:19:31.247+0000] {dagbag.py:540} INFO - Filling up the DagBag from /home/airflow/.local/lib/python3.8/site-packages/airflow/example_dags/example_python_operator.py
[2025-06-03T13:19:31.251+0000] {processor.py:840} INFO - DAG(s) 'example_python_operator' retrieved from /home/airflow/.local/lib/python3.8/site-packages/airflow/example_dags/example_python_operator.py
[2025-06-03T13:19:31.260+0000] {logging_mixin.py:188} INFO - [2025-06-03T13:19:31.260+0000] {dag.py:3047} INFO - Sync 1 DAGs
[2025-06-03T13:19:31.265+0000] {logging_mixin.py:188} INFO - [2025-06-03T13:19:31.265+0000] {dag.py:3834} INFO - Setting next_dagrun for example_python_operator to None, run_after=None
[2025-06-03T13:19:31.271+0000] {processor.py:183} INFO - Processing /home/airflow/.local/lib/python3.8/site-packages/airflow/example_dags/example_python_operator.py took 0.026 seconds
[2025-06-03T13:20:01.809+0000] {processor.py:161} INFO - Started process (PID=396) to work on /home/airflow/.local/lib/python3.8/site-packages/airflow/example_dags/example_python_operator.py
[2025-06-03T13:20:01.811+0000] {processor.py:830} INFO - Processing file /home/airflow/.local/lib/python3.8/site-packages/airflow/example_dags/example_python_operator.py for tasks to queue
[2025-06-03T13:20:01.812+0000] {logging_mixin.py:188} INFO - [2025-06-03T13:20:01.812+0000] {dagbag.py:540} INFO - Filling up the DagBag from /home/airflow/.local/lib/python3.8/site-packages/airflow/example_dags/example_python_operator.py
[2025-06-03T13:20:01.817+0000] {processor.py:840} INFO - DAG(s) 'example_python_operator' retrieved from /home/airflow/.local/lib/python3.8/site-packages/airflow/example_dags/example_python_operator.py
[2025-06-03T13:20:01.827+0000] {logging_mixin.py:188} INFO - [2025-06-03T13:20:01.826+0000] {dag.py:3047} INFO - Sync 1 DAGs
[2025-06-03T13:20:01.832+0000] {logging_mixin.py:188} INFO - [2025-06-03T13:20:01.832+0000] {dag.py:3834} INFO - Setting next_dagrun for example_python_operator to None, run_after=None
[2025-06-03T13:20:01.845+0000] {processor.py:183} INFO - Processing /home/airflow/.local/lib/python3.8/site-packages/airflow/example_dags/example_python_operator.py took 0.037 seconds
[2025-06-03T13:20:32.663+0000] {processor.py:161} INFO - Started process (PID=451) to work on /home/airflow/.local/lib/python3.8/site-packages/airflow/example_dags/example_python_operator.py
[2025-06-03T13:20:32.666+0000] {processor.py:830} INFO - Processing file /home/airflow/.local/lib/python3.8/site-packages/airflow/example_dags/example_python_operator.py for tasks to queue
[2025-06-03T13:20:32.668+0000] {logging_mixin.py:188} INFO - [2025-06-03T13:20:32.668+0000] {dagbag.py:540} INFO - Filling up the DagBag from /home/airflow/.local/lib/python3.8/site-packages/airflow/example_dags/example_python_operator.py
[2025-06-03T13:20:32.676+0000] {processor.py:840} INFO - DAG(s) 'example_python_operator' retrieved from /home/airflow/.local/lib/python3.8/site-packages/airflow/example_dags/example_python_operator.py
[2025-06-03T13:20:32.693+0000] {logging_mixin.py:188} INFO - [2025-06-03T13:20:32.693+0000] {dag.py:3047} INFO - Sync 1 DAGs
[2025-06-03T13:20:32.702+0000] {logging_mixin.py:188} INFO - [2025-06-03T13:20:32.701+0000] {dag.py:3834} INFO - Setting next_dagrun for example_python_operator to None, run_after=None
[2025-06-03T13:20:32.719+0000] {processor.py:183} INFO - Processing /home/airflow/.local/lib/python3.8/site-packages/airflow/example_dags/example_python_operator.py took 0.059 seconds
[2025-06-03T13:21:03.430+0000] {processor.py:161} INFO - Started process (PID=506) to work on /home/airflow/.local/lib/python3.8/site-packages/airflow/example_dags/example_python_operator.py
[2025-06-03T13:21:03.431+0000] {processor.py:830} INFO - Processing file /home/airflow/.local/lib/python3.8/site-packages/airflow/example_dags/example_python_operator.py for tasks to queue
[2025-06-03T13:21:03.436+0000] {logging_mixin.py:188} INFO - [2025-06-03T13:21:03.435+0000] {dagbag.py:540} INFO - Filling up the DagBag from /home/airflow/.local/lib/python3.8/site-packages/airflow/example_dags/example_python_operator.py
[2025-06-03T13:21:03.443+0000] {processor.py:840} INFO - DAG(s) 'example_python_operator' retrieved from /home/airflow/.local/lib/python3.8/site-packages/airflow/example_dags/example_python_operator.py
[2025-06-03T13:21:03.462+0000] {logging_mixin.py:188} INFO - [2025-06-03T13:21:03.462+0000] {dag.py:3047} INFO - Sync 1 DAGs
[2025-06-03T13:21:03.470+0000] {logging_mixin.py:188} INFO - [2025-06-03T13:21:03.470+0000] {dag.py:3834} INFO - Setting next_dagrun for example_python_operator to None, run_after=None
[2025-06-03T13:21:03.478+0000] {processor.py:183} INFO - Processing /home/airflow/.local/lib/python3.8/site-packages/airflow/example_dags/example_python_operator.py took 0.051 seconds
[2025-06-03T13:21:34.280+0000] {processor.py:161} INFO - Started process (PID=561) to work on /home/airflow/.local/lib/python3.8/site-packages/airflow/example_dags/example_python_operator.py
[2025-06-03T13:21:34.281+0000] {processor.py:830} INFO - Processing file /home/airflow/.local/lib/python3.8/site-packages/airflow/example_dags/example_python_operator.py for tasks to queue
[2025-06-03T13:21:34.282+0000] {logging_mixin.py:188} INFO - [2025-06-03T13:21:34.282+0000] {dagbag.py:540} INFO - Filling up the DagBag from /home/airflow/.local/lib/python3.8/site-packages/airflow/example_dags/example_python_operator.py
[2025-06-03T13:21:34.289+0000] {processor.py:840} INFO - DAG(s) 'example_python_operator' retrieved from /home/airflow/.local/lib/python3.8/site-packages/airflow/example_dags/example_python_operator.py
[2025-06-03T13:21:34.303+0000] {logging_mixin.py:188} INFO - [2025-06-03T13:21:34.302+0000] {dag.py:3047} INFO - Sync 1 DAGs
[2025-06-03T13:21:34.309+0000] {logging_mixin.py:188} INFO - [2025-06-03T13:21:34.309+0000] {dag.py:3834} INFO - Setting next_dagrun for example_python_operator to None, run_after=None
[2025-06-03T13:21:34.319+0000] {processor.py:183} INFO - Processing /home/airflow/.local/lib/python3.8/site-packages/airflow/example_dags/example_python_operator.py took 0.041 seconds
[2025-06-03T13:22:05.259+0000] {processor.py:161} INFO - Started process (PID=616) to work on /home/airflow/.local/lib/python3.8/site-packages/airflow/example_dags/example_python_operator.py
[2025-06-03T13:22:05.260+0000] {processor.py:830} INFO - Processing file /home/airflow/.local/lib/python3.8/site-packages/airflow/example_dags/example_python_operator.py for tasks to queue
[2025-06-03T13:22:05.263+0000] {logging_mixin.py:188} INFO - [2025-06-03T13:22:05.263+0000] {dagbag.py:540} INFO - Filling up the DagBag from /home/airflow/.local/lib/python3.8/site-packages/airflow/example_dags/example_python_operator.py
[2025-06-03T13:22:05.271+0000] {processor.py:840} INFO - DAG(s) 'example_python_operator' retrieved from /home/airflow/.local/lib/python3.8/site-packages/airflow/example_dags/example_python_operator.py
[2025-06-03T13:22:05.283+0000] {logging_mixin.py:188} INFO - [2025-06-03T13:22:05.283+0000] {dag.py:3047} INFO - Sync 1 DAGs
[2025-06-03T13:22:05.290+0000] {logging_mixin.py:188} INFO - [2025-06-03T13:22:05.290+0000] {dag.py:3834} INFO - Setting next_dagrun for example_python_operator to None, run_after=None
[2025-06-03T13:22:05.298+0000] {processor.py:183} INFO - Processing /home/airflow/.local/lib/python3.8/site-packages/airflow/example_dags/example_python_operator.py took 0.044 seconds
[2025-06-03T13:22:36.164+0000] {processor.py:161} INFO - Started process (PID=671) to work on /home/airflow/.local/lib/python3.8/site-packages/airflow/example_dags/example_python_operator.py
[2025-06-03T13:22:36.165+0000] {processor.py:830} INFO - Processing file /home/airflow/.local/lib/python3.8/site-packages/airflow/example_dags/example_python_operator.py for tasks to queue
[2025-06-03T13:22:36.166+0000] {logging_mixin.py:188} INFO - [2025-06-03T13:22:36.166+0000] {dagbag.py:540} INFO - Filling up the DagBag from /home/airflow/.local/lib/python3.8/site-packages/airflow/example_dags/example_python_operator.py
[2025-06-03T13:22:36.171+0000] {processor.py:840} INFO - DAG(s) 'example_python_operator' retrieved from /home/airflow/.local/lib/python3.8/site-packages/airflow/example_dags/example_python_operator.py
[2025-06-03T13:22:36.181+0000] {logging_mixin.py:188} INFO - [2025-06-03T13:22:36.181+0000] {dag.py:3047} INFO - Sync 1 DAGs
[2025-06-03T13:22:36.188+0000] {logging_mixin.py:188} INFO - [2025-06-03T13:22:36.188+0000] {dag.py:3834} INFO - Setting next_dagrun for example_python_operator to None, run_after=None
[2025-06-03T13:22:36.196+0000] {processor.py:183} INFO - Processing /home/airflow/.local/lib/python3.8/site-packages/airflow/example_dags/example_python_operator.py took 0.034 seconds
[2025-06-03T13:23:07.057+0000] {processor.py:161} INFO - Started process (PID=726) to work on /home/airflow/.local/lib/python3.8/site-packages/airflow/example_dags/example_python_operator.py
[2025-06-03T13:23:07.059+0000] {processor.py:830} INFO - Processing file /home/airflow/.local/lib/python3.8/site-packages/airflow/example_dags/example_python_operator.py for tasks to queue
[2025-06-03T13:23:07.061+0000] {logging_mixin.py:188} INFO - [2025-06-03T13:23:07.060+0000] {dagbag.py:540} INFO - Filling up the DagBag from /home/airflow/.local/lib/python3.8/site-packages/airflow/example_dags/example_python_operator.py
[2025-06-03T13:23:07.067+0000] {processor.py:840} INFO - DAG(s) 'example_python_operator' retrieved from /home/airflow/.local/lib/python3.8/site-packages/airflow/example_dags/example_python_operator.py
[2025-06-03T13:23:07.080+0000] {logging_mixin.py:188} INFO - [2025-06-03T13:23:07.080+0000] {dag.py:3047} INFO - Sync 1 DAGs
[2025-06-03T13:23:07.089+0000] {logging_mixin.py:188} INFO - [2025-06-03T13:23:07.089+0000] {dag.py:3834} INFO - Setting next_dagrun for example_python_operator to None, run_after=None
[2025-06-03T13:23:07.097+0000] {processor.py:183} INFO - Processing /home/airflow/.local/lib/python3.8/site-packages/airflow/example_dags/example_python_operator.py took 0.043 seconds
[2025-06-03T13:23:38.002+0000] {processor.py:161} INFO - Started process (PID=781) to work on /home/airflow/.local/lib/python3.8/site-packages/airflow/example_dags/example_python_operator.py
[2025-06-03T13:23:38.003+0000] {processor.py:830} INFO - Processing file /home/airflow/.local/lib/python3.8/site-packages/airflow/example_dags/example_python_operator.py for tasks to queue
[2025-06-03T13:23:38.004+0000] {logging_mixin.py:188} INFO - [2025-06-03T13:23:38.003+0000] {dagbag.py:540} INFO - Filling up the DagBag from /home/airflow/.local/lib/python3.8/site-packages/airflow/example_dags/example_python_operator.py
[2025-06-03T13:23:38.008+0000] {processor.py:840} INFO - DAG(s) 'example_python_operator' retrieved from /home/airflow/.local/lib/python3.8/site-packages/airflow/example_dags/example_python_operator.py
[2025-06-03T13:23:38.019+0000] {logging_mixin.py:188} INFO - [2025-06-03T13:23:38.019+0000] {dag.py:3047} INFO - Sync 1 DAGs
[2025-06-03T13:23:38.024+0000] {logging_mixin.py:188} INFO - [2025-06-03T13:23:38.024+0000] {dag.py:3834} INFO - Setting next_dagrun for example_python_operator to None, run_after=None
[2025-06-03T13:23:38.032+0000] {processor.py:183} INFO - Processing /home/airflow/.local/lib/python3.8/site-packages/airflow/example_dags/example_python_operator.py took 0.032 seconds
[2025-06-03T13:24:08.295+0000] {processor.py:161} INFO - Started process (PID=836) to work on /home/airflow/.local/lib/python3.8/site-packages/airflow/example_dags/example_python_operator.py
[2025-06-03T13:24:08.297+0000] {processor.py:830} INFO - Processing file /home/airflow/.local/lib/python3.8/site-packages/airflow/example_dags/example_python_operator.py for tasks to queue
[2025-06-03T13:24:08.298+0000] {logging_mixin.py:188} INFO - [2025-06-03T13:24:08.298+0000] {dagbag.py:540} INFO - Filling up the DagBag from /home/airflow/.local/lib/python3.8/site-packages/airflow/example_dags/example_python_operator.py
[2025-06-03T13:24:08.303+0000] {processor.py:840} INFO - DAG(s) 'example_python_operator' retrieved from /home/airflow/.local/lib/python3.8/site-packages/airflow/example_dags/example_python_operator.py
[2025-06-03T13:24:08.313+0000] {logging_mixin.py:188} INFO - [2025-06-03T13:24:08.313+0000] {dag.py:3047} INFO - Sync 1 DAGs
[2025-06-03T13:24:08.319+0000] {logging_mixin.py:188} INFO - [2025-06-03T13:24:08.318+0000] {dag.py:3834} INFO - Setting next_dagrun for example_python_operator to None, run_after=None
[2025-06-03T13:24:08.328+0000] {processor.py:183} INFO - Processing /home/airflow/.local/lib/python3.8/site-packages/airflow/example_dags/example_python_operator.py took 0.035 seconds
[2025-06-03T13:24:39.157+0000] {processor.py:161} INFO - Started process (PID=891) to work on /home/airflow/.local/lib/python3.8/site-packages/airflow/example_dags/example_python_operator.py
[2025-06-03T13:24:39.159+0000] {processor.py:830} INFO - Processing file /home/airflow/.local/lib/python3.8/site-packages/airflow/example_dags/example_python_operator.py for tasks to queue
[2025-06-03T13:24:39.160+0000] {logging_mixin.py:188} INFO - [2025-06-03T13:24:39.160+0000] {dagbag.py:540} INFO - Filling up the DagBag from /home/airflow/.local/lib/python3.8/site-packages/airflow/example_dags/example_python_operator.py
[2025-06-03T13:24:39.164+0000] {processor.py:840} INFO - DAG(s) 'example_python_operator' retrieved from /home/airflow/.local/lib/python3.8/site-packages/airflow/example_dags/example_python_operator.py
[2025-06-03T13:24:39.173+0000] {logging_mixin.py:188} INFO - [2025-06-03T13:24:39.173+0000] {dag.py:3047} INFO - Sync 1 DAGs
[2025-06-03T13:24:39.181+0000] {logging_mixin.py:188} INFO - [2025-06-03T13:24:39.181+0000] {dag.py:3834} INFO - Setting next_dagrun for example_python_operator to None, run_after=None
[2025-06-03T13:24:39.190+0000] {processor.py:183} INFO - Processing /home/airflow/.local/lib/python3.8/site-packages/airflow/example_dags/example_python_operator.py took 0.034 seconds
[2025-06-03T13:25:09.937+0000] {processor.py:161} INFO - Started process (PID=946) to work on /home/airflow/.local/lib/python3.8/site-packages/airflow/example_dags/example_python_operator.py
[2025-06-03T13:25:09.938+0000] {processor.py:830} INFO - Processing file /home/airflow/.local/lib/python3.8/site-packages/airflow/example_dags/example_python_operator.py for tasks to queue
[2025-06-03T13:25:09.939+0000] {logging_mixin.py:188} INFO - [2025-06-03T13:25:09.939+0000] {dagbag.py:540} INFO - Filling up the DagBag from /home/airflow/.local/lib/python3.8/site-packages/airflow/example_dags/example_python_operator.py
[2025-06-03T13:25:09.946+0000] {processor.py:840} INFO - DAG(s) 'example_python_operator' retrieved from /home/airflow/.local/lib/python3.8/site-packages/airflow/example_dags/example_python_operator.py
[2025-06-03T13:25:09.957+0000] {logging_mixin.py:188} INFO - [2025-06-03T13:25:09.957+0000] {dag.py:3047} INFO - Sync 1 DAGs
[2025-06-03T13:25:09.963+0000] {logging_mixin.py:188} INFO - [2025-06-03T13:25:09.963+0000] {dag.py:3834} INFO - Setting next_dagrun for example_python_operator to None, run_after=None
[2025-06-03T13:25:09.971+0000] {processor.py:183} INFO - Processing /home/airflow/.local/lib/python3.8/site-packages/airflow/example_dags/example_python_operator.py took 0.038 seconds
[2025-06-03T13:25:40.506+0000] {processor.py:161} INFO - Started process (PID=1001) to work on /home/airflow/.local/lib/python3.8/site-packages/airflow/example_dags/example_python_operator.py
[2025-06-03T13:25:40.507+0000] {processor.py:830} INFO - Processing file /home/airflow/.local/lib/python3.8/site-packages/airflow/example_dags/example_python_operator.py for tasks to queue
[2025-06-03T13:25:40.509+0000] {logging_mixin.py:188} INFO - [2025-06-03T13:25:40.509+0000] {dagbag.py:540} INFO - Filling up the DagBag from /home/airflow/.local/lib/python3.8/site-packages/airflow/example_dags/example_python_operator.py
[2025-06-03T13:25:40.519+0000] {processor.py:840} INFO - DAG(s) 'example_python_operator' retrieved from /home/airflow/.local/lib/python3.8/site-packages/airflow/example_dags/example_python_operator.py
[2025-06-03T13:25:40.541+0000] {logging_mixin.py:188} INFO - [2025-06-03T13:25:40.541+0000] {dag.py:3047} INFO - Sync 1 DAGs
[2025-06-03T13:25:40.549+0000] {logging_mixin.py:188} INFO - [2025-06-03T13:25:40.549+0000] {dag.py:3834} INFO - Setting next_dagrun for example_python_operator to None, run_after=None
[2025-06-03T13:25:40.565+0000] {processor.py:183} INFO - Processing /home/airflow/.local/lib/python3.8/site-packages/airflow/example_dags/example_python_operator.py took 0.061 seconds
[2025-06-03T13:26:10.625+0000] {processor.py:161} INFO - Started process (PID=1056) to work on /home/airflow/.local/lib/python3.8/site-packages/airflow/example_dags/example_python_operator.py
[2025-06-03T13:26:10.626+0000] {processor.py:830} INFO - Processing file /home/airflow/.local/lib/python3.8/site-packages/airflow/example_dags/example_python_operator.py for tasks to queue
[2025-06-03T13:26:10.627+0000] {logging_mixin.py:188} INFO - [2025-06-03T13:26:10.627+0000] {dagbag.py:540} INFO - Filling up the DagBag from /home/airflow/.local/lib/python3.8/site-packages/airflow/example_dags/example_python_operator.py
[2025-06-03T13:26:10.632+0000] {processor.py:840} INFO - DAG(s) 'example_python_operator' retrieved from /home/airflow/.local/lib/python3.8/site-packages/airflow/example_dags/example_python_operator.py
[2025-06-03T13:26:10.643+0000] {logging_mixin.py:188} INFO - [2025-06-03T13:26:10.643+0000] {dag.py:3047} INFO - Sync 1 DAGs
[2025-06-03T13:26:10.649+0000] {logging_mixin.py:188} INFO - [2025-06-03T13:26:10.649+0000] {dag.py:3834} INFO - Setting next_dagrun for example_python_operator to None, run_after=None
[2025-06-03T13:26:10.656+0000] {processor.py:183} INFO - Processing /home/airflow/.local/lib/python3.8/site-packages/airflow/example_dags/example_python_operator.py took 0.033 seconds
[2025-06-03T13:26:40.802+0000] {processor.py:161} INFO - Started process (PID=1111) to work on /home/airflow/.local/lib/python3.8/site-packages/airflow/example_dags/example_python_operator.py
[2025-06-03T13:26:40.805+0000] {processor.py:830} INFO - Processing file /home/airflow/.local/lib/python3.8/site-packages/airflow/example_dags/example_python_operator.py for tasks to queue
[2025-06-03T13:26:40.807+0000] {logging_mixin.py:188} INFO - [2025-06-03T13:26:40.806+0000] {dagbag.py:540} INFO - Filling up the DagBag from /home/airflow/.local/lib/python3.8/site-packages/airflow/example_dags/example_python_operator.py
[2025-06-03T13:26:40.816+0000] {processor.py:840} INFO - DAG(s) 'example_python_operator' retrieved from /home/airflow/.local/lib/python3.8/site-packages/airflow/example_dags/example_python_operator.py
[2025-06-03T13:26:40.834+0000] {logging_mixin.py:188} INFO - [2025-06-03T13:26:40.833+0000] {dag.py:3047} INFO - Sync 1 DAGs
[2025-06-03T13:26:40.844+0000] {logging_mixin.py:188} INFO - [2025-06-03T13:26:40.843+0000] {dag.py:3834} INFO - Setting next_dagrun for example_python_operator to None, run_after=None
[2025-06-03T13:26:40.854+0000] {processor.py:183} INFO - Processing /home/airflow/.local/lib/python3.8/site-packages/airflow/example_dags/example_python_operator.py took 0.054 seconds
[2025-06-03T13:27:11.473+0000] {processor.py:161} INFO - Started process (PID=1166) to work on /home/airflow/.local/lib/python3.8/site-packages/airflow/example_dags/example_python_operator.py
[2025-06-03T13:27:11.474+0000] {processor.py:830} INFO - Processing file /home/airflow/.local/lib/python3.8/site-packages/airflow/example_dags/example_python_operator.py for tasks to queue
[2025-06-03T13:27:11.475+0000] {logging_mixin.py:188} INFO - [2025-06-03T13:27:11.475+0000] {dagbag.py:540} INFO - Filling up the DagBag from /home/airflow/.local/lib/python3.8/site-packages/airflow/example_dags/example_python_operator.py
[2025-06-03T13:27:11.483+0000] {processor.py:840} INFO - DAG(s) 'example_python_operator' retrieved from /home/airflow/.local/lib/python3.8/site-packages/airflow/example_dags/example_python_operator.py
[2025-06-03T13:27:11.500+0000] {logging_mixin.py:188} INFO - [2025-06-03T13:27:11.500+0000] {dag.py:3047} INFO - Sync 1 DAGs
[2025-06-03T13:27:11.507+0000] {logging_mixin.py:188} INFO - [2025-06-03T13:27:11.507+0000] {dag.py:3834} INFO - Setting next_dagrun for example_python_operator to None, run_after=None
[2025-06-03T13:27:11.518+0000] {processor.py:183} INFO - Processing /home/airflow/.local/lib/python3.8/site-packages/airflow/example_dags/example_python_operator.py took 0.048 seconds
[2025-06-03T13:27:42.082+0000] {processor.py:161} INFO - Started process (PID=1221) to work on /home/airflow/.local/lib/python3.8/site-packages/airflow/example_dags/example_python_operator.py
[2025-06-03T13:27:42.084+0000] {processor.py:830} INFO - Processing file /home/airflow/.local/lib/python3.8/site-packages/airflow/example_dags/example_python_operator.py for tasks to queue
[2025-06-03T13:27:42.088+0000] {logging_mixin.py:188} INFO - [2025-06-03T13:27:42.087+0000] {dagbag.py:540} INFO - Filling up the DagBag from /home/airflow/.local/lib/python3.8/site-packages/airflow/example_dags/example_python_operator.py
[2025-06-03T13:27:42.095+0000] {processor.py:840} INFO - DAG(s) 'example_python_operator' retrieved from /home/airflow/.local/lib/python3.8/site-packages/airflow/example_dags/example_python_operator.py
[2025-06-03T13:27:42.107+0000] {logging_mixin.py:188} INFO - [2025-06-03T13:27:42.107+0000] {dag.py:3047} INFO - Sync 1 DAGs
[2025-06-03T13:27:42.112+0000] {logging_mixin.py:188} INFO - [2025-06-03T13:27:42.112+0000] {dag.py:3834} INFO - Setting next_dagrun for example_python_operator to None, run_after=None
[2025-06-03T13:27:42.120+0000] {processor.py:183} INFO - Processing /home/airflow/.local/lib/python3.8/site-packages/airflow/example_dags/example_python_operator.py took 0.040 seconds
[2025-06-03T13:28:12.650+0000] {processor.py:161} INFO - Started process (PID=1276) to work on /home/airflow/.local/lib/python3.8/site-packages/airflow/example_dags/example_python_operator.py
[2025-06-03T13:28:12.650+0000] {processor.py:830} INFO - Processing file /home/airflow/.local/lib/python3.8/site-packages/airflow/example_dags/example_python_operator.py for tasks to queue
[2025-06-03T13:28:12.654+0000] {logging_mixin.py:188} INFO - [2025-06-03T13:28:12.654+0000] {dagbag.py:540} INFO - Filling up the DagBag from /home/airflow/.local/lib/python3.8/site-packages/airflow/example_dags/example_python_operator.py
[2025-06-03T13:28:12.667+0000] {processor.py:840} INFO - DAG(s) 'example_python_operator' retrieved from /home/airflow/.local/lib/python3.8/site-packages/airflow/example_dags/example_python_operator.py
[2025-06-03T13:28:12.684+0000] {logging_mixin.py:188} INFO - [2025-06-03T13:28:12.683+0000] {dag.py:3047} INFO - Sync 1 DAGs
[2025-06-03T13:28:12.693+0000] {logging_mixin.py:188} INFO - [2025-06-03T13:28:12.693+0000] {dag.py:3834} INFO - Setting next_dagrun for example_python_operator to None, run_after=None
[2025-06-03T13:28:12.703+0000] {processor.py:183} INFO - Processing /home/airflow/.local/lib/python3.8/site-packages/airflow/example_dags/example_python_operator.py took 0.055 seconds
[2025-06-03T13:28:42.817+0000] {processor.py:161} INFO - Started process (PID=1331) to work on /home/airflow/.local/lib/python3.8/site-packages/airflow/example_dags/example_python_operator.py
[2025-06-03T13:28:42.820+0000] {processor.py:830} INFO - Processing file /home/airflow/.local/lib/python3.8/site-packages/airflow/example_dags/example_python_operator.py for tasks to queue
[2025-06-03T13:28:42.824+0000] {logging_mixin.py:188} INFO - [2025-06-03T13:28:42.824+0000] {dagbag.py:540} INFO - Filling up the DagBag from /home/airflow/.local/lib/python3.8/site-packages/airflow/example_dags/example_python_operator.py
[2025-06-03T13:28:42.911+0000] {processor.py:840} INFO - DAG(s) 'example_python_operator' retrieved from /home/airflow/.local/lib/python3.8/site-packages/airflow/example_dags/example_python_operator.py
[2025-06-03T13:28:42.952+0000] {logging_mixin.py:188} INFO - [2025-06-03T13:28:42.951+0000] {dag.py:3047} INFO - Sync 1 DAGs
[2025-06-03T13:28:42.980+0000] {logging_mixin.py:188} INFO - [2025-06-03T13:28:42.978+0000] {dag.py:3834} INFO - Setting next_dagrun for example_python_operator to None, run_after=None
[2025-06-03T13:28:42.998+0000] {processor.py:183} INFO - Processing /home/airflow/.local/lib/python3.8/site-packages/airflow/example_dags/example_python_operator.py took 0.189 seconds
[2025-06-03T13:29:13.547+0000] {processor.py:161} INFO - Started process (PID=1386) to work on /home/airflow/.local/lib/python3.8/site-packages/airflow/example_dags/example_python_operator.py
[2025-06-03T13:29:13.547+0000] {processor.py:830} INFO - Processing file /home/airflow/.local/lib/python3.8/site-packages/airflow/example_dags/example_python_operator.py for tasks to queue
[2025-06-03T13:29:13.548+0000] {logging_mixin.py:188} INFO - [2025-06-03T13:29:13.548+0000] {dagbag.py:540} INFO - Filling up the DagBag from /home/airflow/.local/lib/python3.8/site-packages/airflow/example_dags/example_python_operator.py
[2025-06-03T13:29:13.552+0000] {processor.py:840} INFO - DAG(s) 'example_python_operator' retrieved from /home/airflow/.local/lib/python3.8/site-packages/airflow/example_dags/example_python_operator.py
[2025-06-03T13:29:13.561+0000] {logging_mixin.py:188} INFO - [2025-06-03T13:29:13.561+0000] {dag.py:3047} INFO - Sync 1 DAGs
[2025-06-03T13:29:13.567+0000] {logging_mixin.py:188} INFO - [2025-06-03T13:29:13.566+0000] {dag.py:3834} INFO - Setting next_dagrun for example_python_operator to None, run_after=None
[2025-06-03T13:29:13.574+0000] {processor.py:183} INFO - Processing /home/airflow/.local/lib/python3.8/site-packages/airflow/example_dags/example_python_operator.py took 0.028 seconds
[2025-06-03T13:29:43.891+0000] {processor.py:161} INFO - Started process (PID=1441) to work on /home/airflow/.local/lib/python3.8/site-packages/airflow/example_dags/example_python_operator.py
[2025-06-03T13:29:43.892+0000] {processor.py:830} INFO - Processing file /home/airflow/.local/lib/python3.8/site-packages/airflow/example_dags/example_python_operator.py for tasks to queue
[2025-06-03T13:29:43.892+0000] {logging_mixin.py:188} INFO - [2025-06-03T13:29:43.892+0000] {dagbag.py:540} INFO - Filling up the DagBag from /home/airflow/.local/lib/python3.8/site-packages/airflow/example_dags/example_python_operator.py
[2025-06-03T13:29:43.897+0000] {processor.py:840} INFO - DAG(s) 'example_python_operator' retrieved from /home/airflow/.local/lib/python3.8/site-packages/airflow/example_dags/example_python_operator.py
[2025-06-03T13:29:43.905+0000] {logging_mixin.py:188} INFO - [2025-06-03T13:29:43.905+0000] {dag.py:3047} INFO - Sync 1 DAGs
[2025-06-03T13:29:43.910+0000] {logging_mixin.py:188} INFO - [2025-06-03T13:29:43.910+0000] {dag.py:3834} INFO - Setting next_dagrun for example_python_operator to None, run_after=None
[2025-06-03T13:29:43.917+0000] {processor.py:183} INFO - Processing /home/airflow/.local/lib/python3.8/site-packages/airflow/example_dags/example_python_operator.py took 0.027 seconds
[2025-06-03T13:30:14.227+0000] {processor.py:161} INFO - Started process (PID=1496) to work on /home/airflow/.local/lib/python3.8/site-packages/airflow/example_dags/example_python_operator.py
[2025-06-03T13:30:14.228+0000] {processor.py:830} INFO - Processing file /home/airflow/.local/lib/python3.8/site-packages/airflow/example_dags/example_python_operator.py for tasks to queue
[2025-06-03T13:30:14.230+0000] {logging_mixin.py:188} INFO - [2025-06-03T13:30:14.230+0000] {dagbag.py:540} INFO - Filling up the DagBag from /home/airflow/.local/lib/python3.8/site-packages/airflow/example_dags/example_python_operator.py
[2025-06-03T13:30:14.234+0000] {processor.py:840} INFO - DAG(s) 'example_python_operator' retrieved from /home/airflow/.local/lib/python3.8/site-packages/airflow/example_dags/example_python_operator.py
[2025-06-03T13:30:14.243+0000] {logging_mixin.py:188} INFO - [2025-06-03T13:30:14.243+0000] {dag.py:3047} INFO - Sync 1 DAGs
[2025-06-03T13:30:14.250+0000] {logging_mixin.py:188} INFO - [2025-06-03T13:30:14.249+0000] {dag.py:3834} INFO - Setting next_dagrun for example_python_operator to None, run_after=None
[2025-06-03T13:30:14.258+0000] {processor.py:183} INFO - Processing /home/airflow/.local/lib/python3.8/site-packages/airflow/example_dags/example_python_operator.py took 0.032 seconds
[2025-06-03T13:30:44.550+0000] {processor.py:161} INFO - Started process (PID=1550) to work on /home/airflow/.local/lib/python3.8/site-packages/airflow/example_dags/example_python_operator.py
[2025-06-03T13:30:44.550+0000] {processor.py:830} INFO - Processing file /home/airflow/.local/lib/python3.8/site-packages/airflow/example_dags/example_python_operator.py for tasks to queue
[2025-06-03T13:30:44.551+0000] {logging_mixin.py:188} INFO - [2025-06-03T13:30:44.551+0000] {dagbag.py:540} INFO - Filling up the DagBag from /home/airflow/.local/lib/python3.8/site-packages/airflow/example_dags/example_python_operator.py
[2025-06-03T13:30:44.556+0000] {processor.py:840} INFO - DAG(s) 'example_python_operator' retrieved from /home/airflow/.local/lib/python3.8/site-packages/airflow/example_dags/example_python_operator.py
[2025-06-03T13:30:44.565+0000] {logging_mixin.py:188} INFO - [2025-06-03T13:30:44.565+0000] {dag.py:3047} INFO - Sync 1 DAGs
[2025-06-03T13:30:44.572+0000] {logging_mixin.py:188} INFO - [2025-06-03T13:30:44.572+0000] {dag.py:3834} INFO - Setting next_dagrun for example_python_operator to None, run_after=None
[2025-06-03T13:30:44.579+0000] {processor.py:183} INFO - Processing /home/airflow/.local/lib/python3.8/site-packages/airflow/example_dags/example_python_operator.py took 0.030 seconds
[2025-06-03T13:31:14.864+0000] {processor.py:161} INFO - Started process (PID=1605) to work on /home/airflow/.local/lib/python3.8/site-packages/airflow/example_dags/example_python_operator.py
[2025-06-03T13:31:14.865+0000] {processor.py:830} INFO - Processing file /home/airflow/.local/lib/python3.8/site-packages/airflow/example_dags/example_python_operator.py for tasks to queue
[2025-06-03T13:31:14.865+0000] {logging_mixin.py:188} INFO - [2025-06-03T13:31:14.865+0000] {dagbag.py:540} INFO - Filling up the DagBag from /home/airflow/.local/lib/python3.8/site-packages/airflow/example_dags/example_python_operator.py
[2025-06-03T13:31:14.874+0000] {processor.py:840} INFO - DAG(s) 'example_python_operator' retrieved from /home/airflow/.local/lib/python3.8/site-packages/airflow/example_dags/example_python_operator.py
[2025-06-03T13:31:14.883+0000] {logging_mixin.py:188} INFO - [2025-06-03T13:31:14.883+0000] {dag.py:3047} INFO - Sync 1 DAGs
[2025-06-03T13:31:14.887+0000] {logging_mixin.py:188} INFO - [2025-06-03T13:31:14.887+0000] {dag.py:3834} INFO - Setting next_dagrun for example_python_operator to None, run_after=None
[2025-06-03T13:31:14.896+0000] {processor.py:183} INFO - Processing /home/airflow/.local/lib/python3.8/site-packages/airflow/example_dags/example_python_operator.py took 0.033 seconds
[2025-06-03T13:31:45.137+0000] {processor.py:161} INFO - Started process (PID=1660) to work on /home/airflow/.local/lib/python3.8/site-packages/airflow/example_dags/example_python_operator.py
[2025-06-03T13:31:45.138+0000] {processor.py:830} INFO - Processing file /home/airflow/.local/lib/python3.8/site-packages/airflow/example_dags/example_python_operator.py for tasks to queue
[2025-06-03T13:31:45.139+0000] {logging_mixin.py:188} INFO - [2025-06-03T13:31:45.139+0000] {dagbag.py:540} INFO - Filling up the DagBag from /home/airflow/.local/lib/python3.8/site-packages/airflow/example_dags/example_python_operator.py
[2025-06-03T13:31:45.143+0000] {processor.py:840} INFO - DAG(s) 'example_python_operator' retrieved from /home/airflow/.local/lib/python3.8/site-packages/airflow/example_dags/example_python_operator.py
[2025-06-03T13:31:45.152+0000] {logging_mixin.py:188} INFO - [2025-06-03T13:31:45.152+0000] {dag.py:3047} INFO - Sync 1 DAGs
[2025-06-03T13:31:45.157+0000] {logging_mixin.py:188} INFO - [2025-06-03T13:31:45.157+0000] {dag.py:3834} INFO - Setting next_dagrun for example_python_operator to None, run_after=None
[2025-06-03T13:31:45.164+0000] {processor.py:183} INFO - Processing /home/airflow/.local/lib/python3.8/site-packages/airflow/example_dags/example_python_operator.py took 0.028 seconds
[2025-06-03T13:32:15.449+0000] {processor.py:161} INFO - Started process (PID=1715) to work on /home/airflow/.local/lib/python3.8/site-packages/airflow/example_dags/example_python_operator.py
[2025-06-03T13:32:15.452+0000] {processor.py:830} INFO - Processing file /home/airflow/.local/lib/python3.8/site-packages/airflow/example_dags/example_python_operator.py for tasks to queue
[2025-06-03T13:32:15.452+0000] {logging_mixin.py:188} INFO - [2025-06-03T13:32:15.452+0000] {dagbag.py:540} INFO - Filling up the DagBag from /home/airflow/.local/lib/python3.8/site-packages/airflow/example_dags/example_python_operator.py
[2025-06-03T13:32:15.456+0000] {processor.py:840} INFO - DAG(s) 'example_python_operator' retrieved from /home/airflow/.local/lib/python3.8/site-packages/airflow/example_dags/example_python_operator.py
[2025-06-03T13:32:15.465+0000] {logging_mixin.py:188} INFO - [2025-06-03T13:32:15.465+0000] {dag.py:3047} INFO - Sync 1 DAGs
[2025-06-03T13:32:15.470+0000] {logging_mixin.py:188} INFO - [2025-06-03T13:32:15.470+0000] {dag.py:3834} INFO - Setting next_dagrun for example_python_operator to None, run_after=None
[2025-06-03T13:32:15.478+0000] {processor.py:183} INFO - Processing /home/airflow/.local/lib/python3.8/site-packages/airflow/example_dags/example_python_operator.py took 0.030 seconds
[2025-06-03T13:32:45.719+0000] {processor.py:161} INFO - Started process (PID=1770) to work on /home/airflow/.local/lib/python3.8/site-packages/airflow/example_dags/example_python_operator.py
[2025-06-03T13:32:45.720+0000] {processor.py:830} INFO - Processing file /home/airflow/.local/lib/python3.8/site-packages/airflow/example_dags/example_python_operator.py for tasks to queue
[2025-06-03T13:32:45.721+0000] {logging_mixin.py:188} INFO - [2025-06-03T13:32:45.721+0000] {dagbag.py:540} INFO - Filling up the DagBag from /home/airflow/.local/lib/python3.8/site-packages/airflow/example_dags/example_python_operator.py
[2025-06-03T13:32:45.725+0000] {processor.py:840} INFO - DAG(s) 'example_python_operator' retrieved from /home/airflow/.local/lib/python3.8/site-packages/airflow/example_dags/example_python_operator.py
[2025-06-03T13:32:45.734+0000] {logging_mixin.py:188} INFO - [2025-06-03T13:32:45.734+0000] {dag.py:3047} INFO - Sync 1 DAGs
[2025-06-03T13:32:45.740+0000] {logging_mixin.py:188} INFO - [2025-06-03T13:32:45.740+0000] {dag.py:3834} INFO - Setting next_dagrun for example_python_operator to None, run_after=None
[2025-06-03T13:32:45.747+0000] {processor.py:183} INFO - Processing /home/airflow/.local/lib/python3.8/site-packages/airflow/example_dags/example_python_operator.py took 0.029 seconds
[2025-06-03T13:33:16.043+0000] {processor.py:161} INFO - Started process (PID=1825) to work on /home/airflow/.local/lib/python3.8/site-packages/airflow/example_dags/example_python_operator.py
[2025-06-03T13:33:16.043+0000] {processor.py:830} INFO - Processing file /home/airflow/.local/lib/python3.8/site-packages/airflow/example_dags/example_python_operator.py for tasks to queue
[2025-06-03T13:33:16.044+0000] {logging_mixin.py:188} INFO - [2025-06-03T13:33:16.044+0000] {dagbag.py:540} INFO - Filling up the DagBag from /home/airflow/.local/lib/python3.8/site-packages/airflow/example_dags/example_python_operator.py
[2025-06-03T13:33:16.049+0000] {processor.py:840} INFO - DAG(s) 'example_python_operator' retrieved from /home/airflow/.local/lib/python3.8/site-packages/airflow/example_dags/example_python_operator.py
[2025-06-03T13:33:16.057+0000] {logging_mixin.py:188} INFO - [2025-06-03T13:33:16.057+0000] {dag.py:3047} INFO - Sync 1 DAGs
[2025-06-03T13:33:16.063+0000] {logging_mixin.py:188} INFO - [2025-06-03T13:33:16.063+0000] {dag.py:3834} INFO - Setting next_dagrun for example_python_operator to None, run_after=None
[2025-06-03T13:33:16.069+0000] {processor.py:183} INFO - Processing /home/airflow/.local/lib/python3.8/site-packages/airflow/example_dags/example_python_operator.py took 0.028 seconds
[2025-06-03T13:33:46.311+0000] {processor.py:161} INFO - Started process (PID=1880) to work on /home/airflow/.local/lib/python3.8/site-packages/airflow/example_dags/example_python_operator.py
[2025-06-03T13:33:46.311+0000] {processor.py:830} INFO - Processing file /home/airflow/.local/lib/python3.8/site-packages/airflow/example_dags/example_python_operator.py for tasks to queue
[2025-06-03T13:33:46.315+0000] {logging_mixin.py:188} INFO - [2025-06-03T13:33:46.315+0000] {dagbag.py:540} INFO - Filling up the DagBag from /home/airflow/.local/lib/python3.8/site-packages/airflow/example_dags/example_python_operator.py
[2025-06-03T13:33:46.319+0000] {processor.py:840} INFO - DAG(s) 'example_python_operator' retrieved from /home/airflow/.local/lib/python3.8/site-packages/airflow/example_dags/example_python_operator.py
[2025-06-03T13:33:46.327+0000] {logging_mixin.py:188} INFO - [2025-06-03T13:33:46.327+0000] {dag.py:3047} INFO - Sync 1 DAGs
[2025-06-03T13:33:46.332+0000] {logging_mixin.py:188} INFO - [2025-06-03T13:33:46.332+0000] {dag.py:3834} INFO - Setting next_dagrun for example_python_operator to None, run_after=None
[2025-06-03T13:33:46.338+0000] {processor.py:183} INFO - Processing /home/airflow/.local/lib/python3.8/site-packages/airflow/example_dags/example_python_operator.py took 0.029 seconds
[2025-06-03T13:34:16.611+0000] {processor.py:161} INFO - Started process (PID=1935) to work on /home/airflow/.local/lib/python3.8/site-packages/airflow/example_dags/example_python_operator.py
[2025-06-03T13:34:16.612+0000] {processor.py:830} INFO - Processing file /home/airflow/.local/lib/python3.8/site-packages/airflow/example_dags/example_python_operator.py for tasks to queue
[2025-06-03T13:34:16.613+0000] {logging_mixin.py:188} INFO - [2025-06-03T13:34:16.613+0000] {dagbag.py:540} INFO - Filling up the DagBag from /home/airflow/.local/lib/python3.8/site-packages/airflow/example_dags/example_python_operator.py
[2025-06-03T13:34:16.617+0000] {processor.py:840} INFO - DAG(s) 'example_python_operator' retrieved from /home/airflow/.local/lib/python3.8/site-packages/airflow/example_dags/example_python_operator.py
[2025-06-03T13:34:16.628+0000] {logging_mixin.py:188} INFO - [2025-06-03T13:34:16.627+0000] {dag.py:3047} INFO - Sync 1 DAGs
[2025-06-03T13:34:16.632+0000] {logging_mixin.py:188} INFO - [2025-06-03T13:34:16.632+0000] {dag.py:3834} INFO - Setting next_dagrun for example_python_operator to None, run_after=None
[2025-06-03T13:34:16.638+0000] {processor.py:183} INFO - Processing /home/airflow/.local/lib/python3.8/site-packages/airflow/example_dags/example_python_operator.py took 0.028 seconds
[2025-06-03T13:34:46.965+0000] {processor.py:161} INFO - Started process (PID=1990) to work on /home/airflow/.local/lib/python3.8/site-packages/airflow/example_dags/example_python_operator.py
[2025-06-03T13:34:46.966+0000] {processor.py:830} INFO - Processing file /home/airflow/.local/lib/python3.8/site-packages/airflow/example_dags/example_python_operator.py for tasks to queue
[2025-06-03T13:34:46.967+0000] {logging_mixin.py:188} INFO - [2025-06-03T13:34:46.966+0000] {dagbag.py:540} INFO - Filling up the DagBag from /home/airflow/.local/lib/python3.8/site-packages/airflow/example_dags/example_python_operator.py
[2025-06-03T13:34:46.972+0000] {processor.py:840} INFO - DAG(s) 'example_python_operator' retrieved from /home/airflow/.local/lib/python3.8/site-packages/airflow/example_dags/example_python_operator.py
[2025-06-03T13:34:46.981+0000] {logging_mixin.py:188} INFO - [2025-06-03T13:34:46.981+0000] {dag.py:3047} INFO - Sync 1 DAGs
[2025-06-03T13:34:46.987+0000] {logging_mixin.py:188} INFO - [2025-06-03T13:34:46.987+0000] {dag.py:3834} INFO - Setting next_dagrun for example_python_operator to None, run_after=None
[2025-06-03T13:34:46.995+0000] {processor.py:183} INFO - Processing /home/airflow/.local/lib/python3.8/site-packages/airflow/example_dags/example_python_operator.py took 0.031 seconds
[2025-06-03T13:35:17.529+0000] {processor.py:161} INFO - Started process (PID=2045) to work on /home/airflow/.local/lib/python3.8/site-packages/airflow/example_dags/example_python_operator.py
[2025-06-03T13:35:17.530+0000] {processor.py:830} INFO - Processing file /home/airflow/.local/lib/python3.8/site-packages/airflow/example_dags/example_python_operator.py for tasks to queue
[2025-06-03T13:35:17.531+0000] {logging_mixin.py:188} INFO - [2025-06-03T13:35:17.531+0000] {dagbag.py:540} INFO - Filling up the DagBag from /home/airflow/.local/lib/python3.8/site-packages/airflow/example_dags/example_python_operator.py
[2025-06-03T13:35:17.536+0000] {processor.py:840} INFO - DAG(s) 'example_python_operator' retrieved from /home/airflow/.local/lib/python3.8/site-packages/airflow/example_dags/example_python_operator.py
[2025-06-03T13:35:17.549+0000] {logging_mixin.py:188} INFO - [2025-06-03T13:35:17.549+0000] {dag.py:3047} INFO - Sync 1 DAGs
[2025-06-03T13:35:17.558+0000] {logging_mixin.py:188} INFO - [2025-06-03T13:35:17.558+0000] {dag.py:3834} INFO - Setting next_dagrun for example_python_operator to None, run_after=None
[2025-06-03T13:35:17.566+0000] {processor.py:183} INFO - Processing /home/airflow/.local/lib/python3.8/site-packages/airflow/example_dags/example_python_operator.py took 0.039 seconds
[2025-06-03T13:35:47.968+0000] {processor.py:161} INFO - Started process (PID=2100) to work on /home/airflow/.local/lib/python3.8/site-packages/airflow/example_dags/example_python_operator.py
[2025-06-03T13:35:47.969+0000] {processor.py:830} INFO - Processing file /home/airflow/.local/lib/python3.8/site-packages/airflow/example_dags/example_python_operator.py for tasks to queue
[2025-06-03T13:35:47.969+0000] {logging_mixin.py:188} INFO - [2025-06-03T13:35:47.969+0000] {dagbag.py:540} INFO - Filling up the DagBag from /home/airflow/.local/lib/python3.8/site-packages/airflow/example_dags/example_python_operator.py
[2025-06-03T13:35:47.973+0000] {processor.py:840} INFO - DAG(s) 'example_python_operator' retrieved from /home/airflow/.local/lib/python3.8/site-packages/airflow/example_dags/example_python_operator.py
[2025-06-03T13:35:47.983+0000] {logging_mixin.py:188} INFO - [2025-06-03T13:35:47.983+0000] {dag.py:3047} INFO - Sync 1 DAGs
[2025-06-03T13:35:47.989+0000] {logging_mixin.py:188} INFO - [2025-06-03T13:35:47.989+0000] {dag.py:3834} INFO - Setting next_dagrun for example_python_operator to None, run_after=None
[2025-06-03T13:35:47.996+0000] {processor.py:183} INFO - Processing /home/airflow/.local/lib/python3.8/site-packages/airflow/example_dags/example_python_operator.py took 0.029 seconds
[2025-06-03T13:36:18.273+0000] {processor.py:161} INFO - Started process (PID=2155) to work on /home/airflow/.local/lib/python3.8/site-packages/airflow/example_dags/example_python_operator.py
[2025-06-03T13:36:18.273+0000] {processor.py:830} INFO - Processing file /home/airflow/.local/lib/python3.8/site-packages/airflow/example_dags/example_python_operator.py for tasks to queue
[2025-06-03T13:36:18.274+0000] {logging_mixin.py:188} INFO - [2025-06-03T13:36:18.273+0000] {dagbag.py:540} INFO - Filling up the DagBag from /home/airflow/.local/lib/python3.8/site-packages/airflow/example_dags/example_python_operator.py
[2025-06-03T13:36:18.278+0000] {processor.py:840} INFO - DAG(s) 'example_python_operator' retrieved from /home/airflow/.local/lib/python3.8/site-packages/airflow/example_dags/example_python_operator.py
[2025-06-03T13:36:18.285+0000] {logging_mixin.py:188} INFO - [2025-06-03T13:36:18.285+0000] {dag.py:3047} INFO - Sync 1 DAGs
[2025-06-03T13:36:18.292+0000] {logging_mixin.py:188} INFO - [2025-06-03T13:36:18.292+0000] {dag.py:3834} INFO - Setting next_dagrun for example_python_operator to None, run_after=None
[2025-06-03T13:36:18.299+0000] {processor.py:183} INFO - Processing /home/airflow/.local/lib/python3.8/site-packages/airflow/example_dags/example_python_operator.py took 0.028 seconds
[2025-06-03T13:36:48.608+0000] {processor.py:161} INFO - Started process (PID=2210) to work on /home/airflow/.local/lib/python3.8/site-packages/airflow/example_dags/example_python_operator.py
[2025-06-03T13:36:48.609+0000] {processor.py:830} INFO - Processing file /home/airflow/.local/lib/python3.8/site-packages/airflow/example_dags/example_python_operator.py for tasks to queue
[2025-06-03T13:36:48.609+0000] {logging_mixin.py:188} INFO - [2025-06-03T13:36:48.609+0000] {dagbag.py:540} INFO - Filling up the DagBag from /home/airflow/.local/lib/python3.8/site-packages/airflow/example_dags/example_python_operator.py
[2025-06-03T13:36:48.614+0000] {processor.py:840} INFO - DAG(s) 'example_python_operator' retrieved from /home/airflow/.local/lib/python3.8/site-packages/airflow/example_dags/example_python_operator.py
[2025-06-03T13:36:48.623+0000] {logging_mixin.py:188} INFO - [2025-06-03T13:36:48.623+0000] {dag.py:3047} INFO - Sync 1 DAGs
[2025-06-03T13:36:48.628+0000] {logging_mixin.py:188} INFO - [2025-06-03T13:36:48.628+0000] {dag.py:3834} INFO - Setting next_dagrun for example_python_operator to None, run_after=None
[2025-06-03T13:36:48.635+0000] {processor.py:183} INFO - Processing /home/airflow/.local/lib/python3.8/site-packages/airflow/example_dags/example_python_operator.py took 0.029 seconds
[2025-06-03T13:37:19.003+0000] {processor.py:161} INFO - Started process (PID=2265) to work on /home/airflow/.local/lib/python3.8/site-packages/airflow/example_dags/example_python_operator.py
[2025-06-03T13:37:19.003+0000] {processor.py:830} INFO - Processing file /home/airflow/.local/lib/python3.8/site-packages/airflow/example_dags/example_python_operator.py for tasks to queue
[2025-06-03T13:37:19.004+0000] {logging_mixin.py:188} INFO - [2025-06-03T13:37:19.004+0000] {dagbag.py:540} INFO - Filling up the DagBag from /home/airflow/.local/lib/python3.8/site-packages/airflow/example_dags/example_python_operator.py
[2025-06-03T13:37:19.011+0000] {processor.py:840} INFO - DAG(s) 'example_python_operator' retrieved from /home/airflow/.local/lib/python3.8/site-packages/airflow/example_dags/example_python_operator.py
[2025-06-03T13:37:19.021+0000] {logging_mixin.py:188} INFO - [2025-06-03T13:37:19.021+0000] {dag.py:3047} INFO - Sync 1 DAGs
[2025-06-03T13:37:19.027+0000] {logging_mixin.py:188} INFO - [2025-06-03T13:37:19.027+0000] {dag.py:3834} INFO - Setting next_dagrun for example_python_operator to None, run_after=None
[2025-06-03T13:37:19.034+0000] {processor.py:183} INFO - Processing /home/airflow/.local/lib/python3.8/site-packages/airflow/example_dags/example_python_operator.py took 0.032 seconds
[2025-06-03T13:37:49.586+0000] {processor.py:161} INFO - Started process (PID=2320) to work on /home/airflow/.local/lib/python3.8/site-packages/airflow/example_dags/example_python_operator.py
[2025-06-03T13:37:49.589+0000] {processor.py:830} INFO - Processing file /home/airflow/.local/lib/python3.8/site-packages/airflow/example_dags/example_python_operator.py for tasks to queue
[2025-06-03T13:37:49.590+0000] {logging_mixin.py:188} INFO - [2025-06-03T13:37:49.590+0000] {dagbag.py:540} INFO - Filling up the DagBag from /home/airflow/.local/lib/python3.8/site-packages/airflow/example_dags/example_python_operator.py
[2025-06-03T13:37:49.596+0000] {processor.py:840} INFO - DAG(s) 'example_python_operator' retrieved from /home/airflow/.local/lib/python3.8/site-packages/airflow/example_dags/example_python_operator.py
[2025-06-03T13:37:49.610+0000] {logging_mixin.py:188} INFO - [2025-06-03T13:37:49.610+0000] {dag.py:3047} INFO - Sync 1 DAGs
[2025-06-03T13:37:49.618+0000] {logging_mixin.py:188} INFO - [2025-06-03T13:37:49.618+0000] {dag.py:3834} INFO - Setting next_dagrun for example_python_operator to None, run_after=None
[2025-06-03T13:37:49.627+0000] {processor.py:183} INFO - Processing /home/airflow/.local/lib/python3.8/site-packages/airflow/example_dags/example_python_operator.py took 0.043 seconds
[2025-06-03T13:38:20.432+0000] {processor.py:161} INFO - Started process (PID=2375) to work on /home/airflow/.local/lib/python3.8/site-packages/airflow/example_dags/example_python_operator.py
[2025-06-03T13:38:20.434+0000] {processor.py:830} INFO - Processing file /home/airflow/.local/lib/python3.8/site-packages/airflow/example_dags/example_python_operator.py for tasks to queue
[2025-06-03T13:38:20.435+0000] {logging_mixin.py:188} INFO - [2025-06-03T13:38:20.435+0000] {dagbag.py:540} INFO - Filling up the DagBag from /home/airflow/.local/lib/python3.8/site-packages/airflow/example_dags/example_python_operator.py
[2025-06-03T13:38:20.439+0000] {processor.py:840} INFO - DAG(s) 'example_python_operator' retrieved from /home/airflow/.local/lib/python3.8/site-packages/airflow/example_dags/example_python_operator.py
[2025-06-03T13:38:20.453+0000] {logging_mixin.py:188} INFO - [2025-06-03T13:38:20.453+0000] {dag.py:3047} INFO - Sync 1 DAGs
[2025-06-03T13:38:20.457+0000] {logging_mixin.py:188} INFO - [2025-06-03T13:38:20.457+0000] {dag.py:3834} INFO - Setting next_dagrun for example_python_operator to None, run_after=None
[2025-06-03T13:38:20.466+0000] {processor.py:183} INFO - Processing /home/airflow/.local/lib/python3.8/site-packages/airflow/example_dags/example_python_operator.py took 0.036 seconds
[2025-06-03T13:38:50.974+0000] {processor.py:161} INFO - Started process (PID=2430) to work on /home/airflow/.local/lib/python3.8/site-packages/airflow/example_dags/example_python_operator.py
[2025-06-03T13:38:50.975+0000] {processor.py:830} INFO - Processing file /home/airflow/.local/lib/python3.8/site-packages/airflow/example_dags/example_python_operator.py for tasks to queue
[2025-06-03T13:38:50.976+0000] {logging_mixin.py:188} INFO - [2025-06-03T13:38:50.976+0000] {dagbag.py:540} INFO - Filling up the DagBag from /home/airflow/.local/lib/python3.8/site-packages/airflow/example_dags/example_python_operator.py
[2025-06-03T13:38:50.982+0000] {processor.py:840} INFO - DAG(s) 'example_python_operator' retrieved from /home/airflow/.local/lib/python3.8/site-packages/airflow/example_dags/example_python_operator.py
[2025-06-03T13:38:50.994+0000] {logging_mixin.py:188} INFO - [2025-06-03T13:38:50.994+0000] {dag.py:3047} INFO - Sync 1 DAGs
[2025-06-03T13:38:51.000+0000] {logging_mixin.py:188} INFO - [2025-06-03T13:38:51.000+0000] {dag.py:3834} INFO - Setting next_dagrun for example_python_operator to None, run_after=None
[2025-06-03T13:38:51.009+0000] {processor.py:183} INFO - Processing /home/airflow/.local/lib/python3.8/site-packages/airflow/example_dags/example_python_operator.py took 0.036 seconds
[2025-06-03T13:39:21.161+0000] {processor.py:161} INFO - Started process (PID=2485) to work on /home/airflow/.local/lib/python3.8/site-packages/airflow/example_dags/example_python_operator.py
[2025-06-03T13:39:21.162+0000] {processor.py:830} INFO - Processing file /home/airflow/.local/lib/python3.8/site-packages/airflow/example_dags/example_python_operator.py for tasks to queue
[2025-06-03T13:39:21.163+0000] {logging_mixin.py:188} INFO - [2025-06-03T13:39:21.163+0000] {dagbag.py:540} INFO - Filling up the DagBag from /home/airflow/.local/lib/python3.8/site-packages/airflow/example_dags/example_python_operator.py
[2025-06-03T13:39:21.178+0000] {processor.py:840} INFO - DAG(s) 'example_python_operator' retrieved from /home/airflow/.local/lib/python3.8/site-packages/airflow/example_dags/example_python_operator.py
[2025-06-03T13:39:21.203+0000] {logging_mixin.py:188} INFO - [2025-06-03T13:39:21.203+0000] {dag.py:3047} INFO - Sync 1 DAGs
[2025-06-03T13:39:21.215+0000] {logging_mixin.py:188} INFO - [2025-06-03T13:39:21.215+0000] {dag.py:3834} INFO - Setting next_dagrun for example_python_operator to None, run_after=None
[2025-06-03T13:39:21.228+0000] {processor.py:183} INFO - Processing /home/airflow/.local/lib/python3.8/site-packages/airflow/example_dags/example_python_operator.py took 0.069 seconds
[2025-06-03T13:39:52.094+0000] {processor.py:161} INFO - Started process (PID=2540) to work on /home/airflow/.local/lib/python3.8/site-packages/airflow/example_dags/example_python_operator.py
[2025-06-03T13:39:52.095+0000] {processor.py:830} INFO - Processing file /home/airflow/.local/lib/python3.8/site-packages/airflow/example_dags/example_python_operator.py for tasks to queue
[2025-06-03T13:39:52.096+0000] {logging_mixin.py:188} INFO - [2025-06-03T13:39:52.096+0000] {dagbag.py:540} INFO - Filling up the DagBag from /home/airflow/.local/lib/python3.8/site-packages/airflow/example_dags/example_python_operator.py
[2025-06-03T13:39:52.108+0000] {processor.py:840} INFO - DAG(s) 'example_python_operator' retrieved from /home/airflow/.local/lib/python3.8/site-packages/airflow/example_dags/example_python_operator.py
[2025-06-03T13:39:52.120+0000] {logging_mixin.py:188} INFO - [2025-06-03T13:39:52.120+0000] {dag.py:3047} INFO - Sync 1 DAGs
[2025-06-03T13:39:52.126+0000] {logging_mixin.py:188} INFO - [2025-06-03T13:39:52.126+0000] {dag.py:3834} INFO - Setting next_dagrun for example_python_operator to None, run_after=None
[2025-06-03T13:39:52.134+0000] {processor.py:183} INFO - Processing /home/airflow/.local/lib/python3.8/site-packages/airflow/example_dags/example_python_operator.py took 0.041 seconds
[2025-06-03T13:40:22.909+0000] {processor.py:161} INFO - Started process (PID=2596) to work on /home/airflow/.local/lib/python3.8/site-packages/airflow/example_dags/example_python_operator.py
[2025-06-03T13:40:22.912+0000] {processor.py:830} INFO - Processing file /home/airflow/.local/lib/python3.8/site-packages/airflow/example_dags/example_python_operator.py for tasks to queue
[2025-06-03T13:40:22.916+0000] {logging_mixin.py:188} INFO - [2025-06-03T13:40:22.916+0000] {dagbag.py:540} INFO - Filling up the DagBag from /home/airflow/.local/lib/python3.8/site-packages/airflow/example_dags/example_python_operator.py
[2025-06-03T13:40:22.926+0000] {processor.py:840} INFO - DAG(s) 'example_python_operator' retrieved from /home/airflow/.local/lib/python3.8/site-packages/airflow/example_dags/example_python_operator.py
[2025-06-03T13:40:22.944+0000] {logging_mixin.py:188} INFO - [2025-06-03T13:40:22.944+0000] {dag.py:3047} INFO - Sync 1 DAGs
[2025-06-03T13:40:22.951+0000] {logging_mixin.py:188} INFO - [2025-06-03T13:40:22.951+0000] {dag.py:3834} INFO - Setting next_dagrun for example_python_operator to None, run_after=None
[2025-06-03T13:40:22.959+0000] {processor.py:183} INFO - Processing /home/airflow/.local/lib/python3.8/site-packages/airflow/example_dags/example_python_operator.py took 0.052 seconds
