[2025-06-03T13:16:57.735+0000] {processor.py:161} INFO - Started process (PID=50) to work on /home/airflow/.local/lib/python3.8/site-packages/airflow/example_dags/example_sla_dag.py
[2025-06-03T13:16:57.738+0000] {processor.py:830} INFO - Processing file /home/airflow/.local/lib/python3.8/site-packages/airflow/example_dags/example_sla_dag.py for tasks to queue
[2025-06-03T13:16:57.740+0000] {logging_mixin.py:188} INFO - [2025-06-03T13:16:57.740+0000] {dagbag.py:540} INFO - Filling up the DagBag from /home/airflow/.local/lib/python3.8/site-packages/airflow/example_dags/example_sla_dag.py
[2025-06-03T13:16:57.764+0000] {processor.py:840} INFO - DAG(s) 'example_sla_dag' retrieved from /home/airflow/.local/lib/python3.8/site-packages/airflow/example_dags/example_sla_dag.py
[2025-06-03T13:16:57.795+0000] {logging_mixin.py:188} INFO - [2025-06-03T13:16:57.795+0000] {dag.py:3047} INFO - Sync 1 DAGs
[2025-06-03T13:16:57.830+0000] {logging_mixin.py:188} INFO - [2025-06-03T13:16:57.829+0000] {dag.py:3834} INFO - Setting next_dagrun for example_sla_dag to 2025-06-03 13:14:00+00:00, run_after=2025-06-03 13:16:00+00:00
[2025-06-03T13:16:57.856+0000] {processor.py:183} INFO - Processing /home/airflow/.local/lib/python3.8/site-packages/airflow/example_dags/example_sla_dag.py took 0.126 seconds
[2025-06-03T13:17:28.029+0000] {processor.py:161} INFO - Started process (PID=105) to work on /home/airflow/.local/lib/python3.8/site-packages/airflow/example_dags/example_sla_dag.py
[2025-06-03T13:17:28.030+0000] {processor.py:830} INFO - Processing file /home/airflow/.local/lib/python3.8/site-packages/airflow/example_dags/example_sla_dag.py for tasks to queue
[2025-06-03T13:17:28.031+0000] {logging_mixin.py:188} INFO - [2025-06-03T13:17:28.031+0000] {dagbag.py:540} INFO - Filling up the DagBag from /home/airflow/.local/lib/python3.8/site-packages/airflow/example_dags/example_sla_dag.py
[2025-06-03T13:17:28.035+0000] {processor.py:840} INFO - DAG(s) 'example_sla_dag' retrieved from /home/airflow/.local/lib/python3.8/site-packages/airflow/example_dags/example_sla_dag.py
[2025-06-03T13:17:28.077+0000] {logging_mixin.py:188} INFO - [2025-06-03T13:17:28.077+0000] {dag.py:3047} INFO - Sync 1 DAGs
[2025-06-03T13:17:28.089+0000] {logging_mixin.py:188} INFO - [2025-06-03T13:17:28.089+0000] {dag.py:3834} INFO - Setting next_dagrun for example_sla_dag to 2025-06-03 13:14:00+00:00, run_after=2025-06-03 13:16:00+00:00
[2025-06-03T13:17:28.099+0000] {processor.py:183} INFO - Processing /home/airflow/.local/lib/python3.8/site-packages/airflow/example_dags/example_sla_dag.py took 0.071 seconds
[2025-06-03T13:17:58.179+0000] {processor.py:161} INFO - Started process (PID=160) to work on /home/airflow/.local/lib/python3.8/site-packages/airflow/example_dags/example_sla_dag.py
[2025-06-03T13:17:58.181+0000] {processor.py:830} INFO - Processing file /home/airflow/.local/lib/python3.8/site-packages/airflow/example_dags/example_sla_dag.py for tasks to queue
[2025-06-03T13:17:58.182+0000] {logging_mixin.py:188} INFO - [2025-06-03T13:17:58.182+0000] {dagbag.py:540} INFO - Filling up the DagBag from /home/airflow/.local/lib/python3.8/site-packages/airflow/example_dags/example_sla_dag.py
[2025-06-03T13:17:58.186+0000] {processor.py:840} INFO - DAG(s) 'example_sla_dag' retrieved from /home/airflow/.local/lib/python3.8/site-packages/airflow/example_dags/example_sla_dag.py
[2025-06-03T13:17:58.193+0000] {logging_mixin.py:188} INFO - [2025-06-03T13:17:58.193+0000] {dag.py:3047} INFO - Sync 1 DAGs
[2025-06-03T13:17:58.203+0000] {logging_mixin.py:188} INFO - [2025-06-03T13:17:58.203+0000] {dag.py:3834} INFO - Setting next_dagrun for example_sla_dag to 2025-06-03 13:14:00+00:00, run_after=2025-06-03 13:16:00+00:00
[2025-06-03T13:17:58.211+0000] {processor.py:183} INFO - Processing /home/airflow/.local/lib/python3.8/site-packages/airflow/example_dags/example_sla_dag.py took 0.033 seconds
[2025-06-03T13:18:28.724+0000] {processor.py:161} INFO - Started process (PID=215) to work on /home/airflow/.local/lib/python3.8/site-packages/airflow/example_dags/example_sla_dag.py
[2025-06-03T13:18:28.724+0000] {processor.py:830} INFO - Processing file /home/airflow/.local/lib/python3.8/site-packages/airflow/example_dags/example_sla_dag.py for tasks to queue
[2025-06-03T13:18:28.725+0000] {logging_mixin.py:188} INFO - [2025-06-03T13:18:28.725+0000] {dagbag.py:540} INFO - Filling up the DagBag from /home/airflow/.local/lib/python3.8/site-packages/airflow/example_dags/example_sla_dag.py
[2025-06-03T13:18:28.728+0000] {processor.py:840} INFO - DAG(s) 'example_sla_dag' retrieved from /home/airflow/.local/lib/python3.8/site-packages/airflow/example_dags/example_sla_dag.py
[2025-06-03T13:18:28.737+0000] {logging_mixin.py:188} INFO - [2025-06-03T13:18:28.736+0000] {dag.py:3047} INFO - Sync 1 DAGs
[2025-06-03T13:18:28.746+0000] {logging_mixin.py:188} INFO - [2025-06-03T13:18:28.746+0000] {dag.py:3834} INFO - Setting next_dagrun for example_sla_dag to 2025-06-03 13:16:00+00:00, run_after=2025-06-03 13:18:00+00:00
[2025-06-03T13:18:28.752+0000] {processor.py:183} INFO - Processing /home/airflow/.local/lib/python3.8/site-packages/airflow/example_dags/example_sla_dag.py took 0.030 seconds
[2025-06-03T13:18:59.396+0000] {processor.py:161} INFO - Started process (PID=276) to work on /home/airflow/.local/lib/python3.8/site-packages/airflow/example_dags/example_sla_dag.py
[2025-06-03T13:18:59.397+0000] {processor.py:830} INFO - Processing file /home/airflow/.local/lib/python3.8/site-packages/airflow/example_dags/example_sla_dag.py for tasks to queue
[2025-06-03T13:18:59.398+0000] {logging_mixin.py:188} INFO - [2025-06-03T13:18:59.398+0000] {dagbag.py:540} INFO - Filling up the DagBag from /home/airflow/.local/lib/python3.8/site-packages/airflow/example_dags/example_sla_dag.py
[2025-06-03T13:18:59.402+0000] {processor.py:840} INFO - DAG(s) 'example_sla_dag' retrieved from /home/airflow/.local/lib/python3.8/site-packages/airflow/example_dags/example_sla_dag.py
[2025-06-03T13:18:59.412+0000] {logging_mixin.py:188} INFO - [2025-06-03T13:18:59.412+0000] {dag.py:3047} INFO - Sync 1 DAGs
[2025-06-03T13:18:59.429+0000] {logging_mixin.py:188} INFO - [2025-06-03T13:18:59.429+0000] {dag.py:3834} INFO - Setting next_dagrun for example_sla_dag to 2025-06-03 13:16:00+00:00, run_after=2025-06-03 13:18:00+00:00
[2025-06-03T13:18:59.437+0000] {processor.py:183} INFO - Processing /home/airflow/.local/lib/python3.8/site-packages/airflow/example_dags/example_sla_dag.py took 0.044 seconds
[2025-06-03T13:19:29.974+0000] {processor.py:161} INFO - Started process (PID=331) to work on /home/airflow/.local/lib/python3.8/site-packages/airflow/example_dags/example_sla_dag.py
[2025-06-03T13:19:29.975+0000] {processor.py:830} INFO - Processing file /home/airflow/.local/lib/python3.8/site-packages/airflow/example_dags/example_sla_dag.py for tasks to queue
[2025-06-03T13:19:29.977+0000] {logging_mixin.py:188} INFO - [2025-06-03T13:19:29.977+0000] {dagbag.py:540} INFO - Filling up the DagBag from /home/airflow/.local/lib/python3.8/site-packages/airflow/example_dags/example_sla_dag.py
[2025-06-03T13:19:29.982+0000] {processor.py:840} INFO - DAG(s) 'example_sla_dag' retrieved from /home/airflow/.local/lib/python3.8/site-packages/airflow/example_dags/example_sla_dag.py
[2025-06-03T13:19:29.994+0000] {logging_mixin.py:188} INFO - [2025-06-03T13:19:29.994+0000] {dag.py:3047} INFO - Sync 1 DAGs
[2025-06-03T13:19:30.007+0000] {logging_mixin.py:188} INFO - [2025-06-03T13:19:30.007+0000] {dag.py:3834} INFO - Setting next_dagrun for example_sla_dag to 2025-06-03 13:16:00+00:00, run_after=2025-06-03 13:18:00+00:00
[2025-06-03T13:19:30.014+0000] {processor.py:183} INFO - Processing /home/airflow/.local/lib/python3.8/site-packages/airflow/example_dags/example_sla_dag.py took 0.043 seconds
[2025-06-03T13:20:00.570+0000] {processor.py:161} INFO - Started process (PID=386) to work on /home/airflow/.local/lib/python3.8/site-packages/airflow/example_dags/example_sla_dag.py
[2025-06-03T13:20:00.571+0000] {processor.py:830} INFO - Processing file /home/airflow/.local/lib/python3.8/site-packages/airflow/example_dags/example_sla_dag.py for tasks to queue
[2025-06-03T13:20:00.572+0000] {logging_mixin.py:188} INFO - [2025-06-03T13:20:00.572+0000] {dagbag.py:540} INFO - Filling up the DagBag from /home/airflow/.local/lib/python3.8/site-packages/airflow/example_dags/example_sla_dag.py
[2025-06-03T13:20:00.576+0000] {processor.py:840} INFO - DAG(s) 'example_sla_dag' retrieved from /home/airflow/.local/lib/python3.8/site-packages/airflow/example_dags/example_sla_dag.py
[2025-06-03T13:20:00.584+0000] {logging_mixin.py:188} INFO - [2025-06-03T13:20:00.584+0000] {dag.py:3047} INFO - Sync 1 DAGs
[2025-06-03T13:20:00.594+0000] {logging_mixin.py:188} INFO - [2025-06-03T13:20:00.594+0000] {dag.py:3834} INFO - Setting next_dagrun for example_sla_dag to 2025-06-03 13:18:00+00:00, run_after=2025-06-03 13:20:00+00:00
[2025-06-03T13:20:00.600+0000] {processor.py:183} INFO - Processing /home/airflow/.local/lib/python3.8/site-packages/airflow/example_dags/example_sla_dag.py took 0.032 seconds
[2025-06-03T13:20:31.346+0000] {processor.py:161} INFO - Started process (PID=441) to work on /home/airflow/.local/lib/python3.8/site-packages/airflow/example_dags/example_sla_dag.py
[2025-06-03T13:20:31.347+0000] {processor.py:830} INFO - Processing file /home/airflow/.local/lib/python3.8/site-packages/airflow/example_dags/example_sla_dag.py for tasks to queue
[2025-06-03T13:20:31.347+0000] {logging_mixin.py:188} INFO - [2025-06-03T13:20:31.347+0000] {dagbag.py:540} INFO - Filling up the DagBag from /home/airflow/.local/lib/python3.8/site-packages/airflow/example_dags/example_sla_dag.py
[2025-06-03T13:20:31.351+0000] {processor.py:840} INFO - DAG(s) 'example_sla_dag' retrieved from /home/airflow/.local/lib/python3.8/site-packages/airflow/example_dags/example_sla_dag.py
[2025-06-03T13:20:31.358+0000] {logging_mixin.py:188} INFO - [2025-06-03T13:20:31.358+0000] {dag.py:3047} INFO - Sync 1 DAGs
[2025-06-03T13:20:31.366+0000] {logging_mixin.py:188} INFO - [2025-06-03T13:20:31.366+0000] {dag.py:3834} INFO - Setting next_dagrun for example_sla_dag to 2025-06-03 13:18:00+00:00, run_after=2025-06-03 13:20:00+00:00
[2025-06-03T13:20:31.371+0000] {processor.py:183} INFO - Processing /home/airflow/.local/lib/python3.8/site-packages/airflow/example_dags/example_sla_dag.py took 0.026 seconds
[2025-06-03T13:21:02.108+0000] {processor.py:161} INFO - Started process (PID=496) to work on /home/airflow/.local/lib/python3.8/site-packages/airflow/example_dags/example_sla_dag.py
[2025-06-03T13:21:02.110+0000] {processor.py:830} INFO - Processing file /home/airflow/.local/lib/python3.8/site-packages/airflow/example_dags/example_sla_dag.py for tasks to queue
[2025-06-03T13:21:02.111+0000] {logging_mixin.py:188} INFO - [2025-06-03T13:21:02.111+0000] {dagbag.py:540} INFO - Filling up the DagBag from /home/airflow/.local/lib/python3.8/site-packages/airflow/example_dags/example_sla_dag.py
[2025-06-03T13:21:02.115+0000] {processor.py:840} INFO - DAG(s) 'example_sla_dag' retrieved from /home/airflow/.local/lib/python3.8/site-packages/airflow/example_dags/example_sla_dag.py
[2025-06-03T13:21:02.123+0000] {logging_mixin.py:188} INFO - [2025-06-03T13:21:02.123+0000] {dag.py:3047} INFO - Sync 1 DAGs
[2025-06-03T13:21:02.133+0000] {logging_mixin.py:188} INFO - [2025-06-03T13:21:02.133+0000] {dag.py:3834} INFO - Setting next_dagrun for example_sla_dag to 2025-06-03 13:18:00+00:00, run_after=2025-06-03 13:20:00+00:00
[2025-06-03T13:21:02.140+0000] {processor.py:183} INFO - Processing /home/airflow/.local/lib/python3.8/site-packages/airflow/example_dags/example_sla_dag.py took 0.034 seconds
[2025-06-03T13:21:32.995+0000] {processor.py:161} INFO - Started process (PID=551) to work on /home/airflow/.local/lib/python3.8/site-packages/airflow/example_dags/example_sla_dag.py
[2025-06-03T13:21:32.995+0000] {processor.py:830} INFO - Processing file /home/airflow/.local/lib/python3.8/site-packages/airflow/example_dags/example_sla_dag.py for tasks to queue
[2025-06-03T13:21:32.996+0000] {logging_mixin.py:188} INFO - [2025-06-03T13:21:32.996+0000] {dagbag.py:540} INFO - Filling up the DagBag from /home/airflow/.local/lib/python3.8/site-packages/airflow/example_dags/example_sla_dag.py
[2025-06-03T13:21:33.000+0000] {processor.py:840} INFO - DAG(s) 'example_sla_dag' retrieved from /home/airflow/.local/lib/python3.8/site-packages/airflow/example_dags/example_sla_dag.py
[2025-06-03T13:21:33.008+0000] {logging_mixin.py:188} INFO - [2025-06-03T13:21:33.008+0000] {dag.py:3047} INFO - Sync 1 DAGs
[2025-06-03T13:21:33.017+0000] {logging_mixin.py:188} INFO - [2025-06-03T13:21:33.017+0000] {dag.py:3834} INFO - Setting next_dagrun for example_sla_dag to 2025-06-03 13:18:00+00:00, run_after=2025-06-03 13:20:00+00:00
[2025-06-03T13:21:33.023+0000] {processor.py:183} INFO - Processing /home/airflow/.local/lib/python3.8/site-packages/airflow/example_dags/example_sla_dag.py took 0.030 seconds
[2025-06-03T13:22:03.928+0000] {processor.py:161} INFO - Started process (PID=606) to work on /home/airflow/.local/lib/python3.8/site-packages/airflow/example_dags/example_sla_dag.py
[2025-06-03T13:22:03.929+0000] {processor.py:830} INFO - Processing file /home/airflow/.local/lib/python3.8/site-packages/airflow/example_dags/example_sla_dag.py for tasks to queue
[2025-06-03T13:22:03.929+0000] {logging_mixin.py:188} INFO - [2025-06-03T13:22:03.929+0000] {dagbag.py:540} INFO - Filling up the DagBag from /home/airflow/.local/lib/python3.8/site-packages/airflow/example_dags/example_sla_dag.py
[2025-06-03T13:22:03.934+0000] {processor.py:840} INFO - DAG(s) 'example_sla_dag' retrieved from /home/airflow/.local/lib/python3.8/site-packages/airflow/example_dags/example_sla_dag.py
[2025-06-03T13:22:03.945+0000] {logging_mixin.py:188} INFO - [2025-06-03T13:22:03.944+0000] {dag.py:3047} INFO - Sync 1 DAGs
[2025-06-03T13:22:03.954+0000] {logging_mixin.py:188} INFO - [2025-06-03T13:22:03.954+0000] {dag.py:3834} INFO - Setting next_dagrun for example_sla_dag to 2025-06-03 13:20:00+00:00, run_after=2025-06-03 13:22:00+00:00
[2025-06-03T13:22:03.962+0000] {processor.py:183} INFO - Processing /home/airflow/.local/lib/python3.8/site-packages/airflow/example_dags/example_sla_dag.py took 0.035 seconds
[2025-06-03T13:22:34.921+0000] {processor.py:161} INFO - Started process (PID=661) to work on /home/airflow/.local/lib/python3.8/site-packages/airflow/example_dags/example_sla_dag.py
[2025-06-03T13:22:34.922+0000] {processor.py:830} INFO - Processing file /home/airflow/.local/lib/python3.8/site-packages/airflow/example_dags/example_sla_dag.py for tasks to queue
[2025-06-03T13:22:34.922+0000] {logging_mixin.py:188} INFO - [2025-06-03T13:22:34.922+0000] {dagbag.py:540} INFO - Filling up the DagBag from /home/airflow/.local/lib/python3.8/site-packages/airflow/example_dags/example_sla_dag.py
[2025-06-03T13:22:34.926+0000] {processor.py:840} INFO - DAG(s) 'example_sla_dag' retrieved from /home/airflow/.local/lib/python3.8/site-packages/airflow/example_dags/example_sla_dag.py
[2025-06-03T13:22:34.933+0000] {logging_mixin.py:188} INFO - [2025-06-03T13:22:34.933+0000] {dag.py:3047} INFO - Sync 1 DAGs
[2025-06-03T13:22:34.944+0000] {logging_mixin.py:188} INFO - [2025-06-03T13:22:34.944+0000] {dag.py:3834} INFO - Setting next_dagrun for example_sla_dag to 2025-06-03 13:20:00+00:00, run_after=2025-06-03 13:22:00+00:00
[2025-06-03T13:22:34.950+0000] {processor.py:183} INFO - Processing /home/airflow/.local/lib/python3.8/site-packages/airflow/example_dags/example_sla_dag.py took 0.031 seconds
[2025-06-03T13:23:05.738+0000] {processor.py:161} INFO - Started process (PID=716) to work on /home/airflow/.local/lib/python3.8/site-packages/airflow/example_dags/example_sla_dag.py
[2025-06-03T13:23:05.739+0000] {processor.py:830} INFO - Processing file /home/airflow/.local/lib/python3.8/site-packages/airflow/example_dags/example_sla_dag.py for tasks to queue
[2025-06-03T13:23:05.739+0000] {logging_mixin.py:188} INFO - [2025-06-03T13:23:05.739+0000] {dagbag.py:540} INFO - Filling up the DagBag from /home/airflow/.local/lib/python3.8/site-packages/airflow/example_dags/example_sla_dag.py
[2025-06-03T13:23:05.743+0000] {processor.py:840} INFO - DAG(s) 'example_sla_dag' retrieved from /home/airflow/.local/lib/python3.8/site-packages/airflow/example_dags/example_sla_dag.py
[2025-06-03T13:23:05.750+0000] {logging_mixin.py:188} INFO - [2025-06-03T13:23:05.750+0000] {dag.py:3047} INFO - Sync 1 DAGs
[2025-06-03T13:23:05.759+0000] {logging_mixin.py:188} INFO - [2025-06-03T13:23:05.759+0000] {dag.py:3834} INFO - Setting next_dagrun for example_sla_dag to 2025-06-03 13:20:00+00:00, run_after=2025-06-03 13:22:00+00:00
[2025-06-03T13:23:05.767+0000] {processor.py:183} INFO - Processing /home/airflow/.local/lib/python3.8/site-packages/airflow/example_dags/example_sla_dag.py took 0.030 seconds
[2025-06-03T13:23:36.723+0000] {processor.py:161} INFO - Started process (PID=771) to work on /home/airflow/.local/lib/python3.8/site-packages/airflow/example_dags/example_sla_dag.py
[2025-06-03T13:23:36.724+0000] {processor.py:830} INFO - Processing file /home/airflow/.local/lib/python3.8/site-packages/airflow/example_dags/example_sla_dag.py for tasks to queue
[2025-06-03T13:23:36.725+0000] {logging_mixin.py:188} INFO - [2025-06-03T13:23:36.724+0000] {dagbag.py:540} INFO - Filling up the DagBag from /home/airflow/.local/lib/python3.8/site-packages/airflow/example_dags/example_sla_dag.py
[2025-06-03T13:23:36.728+0000] {processor.py:840} INFO - DAG(s) 'example_sla_dag' retrieved from /home/airflow/.local/lib/python3.8/site-packages/airflow/example_dags/example_sla_dag.py
[2025-06-03T13:23:36.737+0000] {logging_mixin.py:188} INFO - [2025-06-03T13:23:36.737+0000] {dag.py:3047} INFO - Sync 1 DAGs
[2025-06-03T13:23:36.746+0000] {logging_mixin.py:188} INFO - [2025-06-03T13:23:36.746+0000] {dag.py:3834} INFO - Setting next_dagrun for example_sla_dag to 2025-06-03 13:20:00+00:00, run_after=2025-06-03 13:22:00+00:00
[2025-06-03T13:23:36.752+0000] {processor.py:183} INFO - Processing /home/airflow/.local/lib/python3.8/site-packages/airflow/example_dags/example_sla_dag.py took 0.031 seconds
[2025-06-03T13:24:07.003+0000] {processor.py:161} INFO - Started process (PID=826) to work on /home/airflow/.local/lib/python3.8/site-packages/airflow/example_dags/example_sla_dag.py
[2025-06-03T13:24:07.005+0000] {processor.py:830} INFO - Processing file /home/airflow/.local/lib/python3.8/site-packages/airflow/example_dags/example_sla_dag.py for tasks to queue
[2025-06-03T13:24:07.006+0000] {logging_mixin.py:188} INFO - [2025-06-03T13:24:07.006+0000] {dagbag.py:540} INFO - Filling up the DagBag from /home/airflow/.local/lib/python3.8/site-packages/airflow/example_dags/example_sla_dag.py
[2025-06-03T13:24:07.010+0000] {processor.py:840} INFO - DAG(s) 'example_sla_dag' retrieved from /home/airflow/.local/lib/python3.8/site-packages/airflow/example_dags/example_sla_dag.py
[2025-06-03T13:24:07.017+0000] {logging_mixin.py:188} INFO - [2025-06-03T13:24:07.017+0000] {dag.py:3047} INFO - Sync 1 DAGs
[2025-06-03T13:24:07.036+0000] {logging_mixin.py:188} INFO - [2025-06-03T13:24:07.036+0000] {dag.py:3834} INFO - Setting next_dagrun for example_sla_dag to 2025-06-03 13:22:00+00:00, run_after=2025-06-03 13:24:00+00:00
[2025-06-03T13:24:07.046+0000] {processor.py:183} INFO - Processing /home/airflow/.local/lib/python3.8/site-packages/airflow/example_dags/example_sla_dag.py took 0.044 seconds
[2025-06-03T13:24:37.916+0000] {processor.py:161} INFO - Started process (PID=881) to work on /home/airflow/.local/lib/python3.8/site-packages/airflow/example_dags/example_sla_dag.py
[2025-06-03T13:24:37.917+0000] {processor.py:830} INFO - Processing file /home/airflow/.local/lib/python3.8/site-packages/airflow/example_dags/example_sla_dag.py for tasks to queue
[2025-06-03T13:24:37.917+0000] {logging_mixin.py:188} INFO - [2025-06-03T13:24:37.917+0000] {dagbag.py:540} INFO - Filling up the DagBag from /home/airflow/.local/lib/python3.8/site-packages/airflow/example_dags/example_sla_dag.py
[2025-06-03T13:24:37.921+0000] {processor.py:840} INFO - DAG(s) 'example_sla_dag' retrieved from /home/airflow/.local/lib/python3.8/site-packages/airflow/example_dags/example_sla_dag.py
[2025-06-03T13:24:37.931+0000] {logging_mixin.py:188} INFO - [2025-06-03T13:24:37.930+0000] {dag.py:3047} INFO - Sync 1 DAGs
[2025-06-03T13:24:37.939+0000] {logging_mixin.py:188} INFO - [2025-06-03T13:24:37.939+0000] {dag.py:3834} INFO - Setting next_dagrun for example_sla_dag to 2025-06-03 13:22:00+00:00, run_after=2025-06-03 13:24:00+00:00
[2025-06-03T13:24:37.945+0000] {processor.py:183} INFO - Processing /home/airflow/.local/lib/python3.8/site-packages/airflow/example_dags/example_sla_dag.py took 0.030 seconds
[2025-06-03T13:25:08.468+0000] {processor.py:161} INFO - Started process (PID=936) to work on /home/airflow/.local/lib/python3.8/site-packages/airflow/example_dags/example_sla_dag.py
[2025-06-03T13:25:08.469+0000] {processor.py:830} INFO - Processing file /home/airflow/.local/lib/python3.8/site-packages/airflow/example_dags/example_sla_dag.py for tasks to queue
[2025-06-03T13:25:08.469+0000] {logging_mixin.py:188} INFO - [2025-06-03T13:25:08.469+0000] {dagbag.py:540} INFO - Filling up the DagBag from /home/airflow/.local/lib/python3.8/site-packages/airflow/example_dags/example_sla_dag.py
[2025-06-03T13:25:08.473+0000] {processor.py:840} INFO - DAG(s) 'example_sla_dag' retrieved from /home/airflow/.local/lib/python3.8/site-packages/airflow/example_dags/example_sla_dag.py
[2025-06-03T13:25:08.481+0000] {logging_mixin.py:188} INFO - [2025-06-03T13:25:08.481+0000] {dag.py:3047} INFO - Sync 1 DAGs
[2025-06-03T13:25:08.490+0000] {logging_mixin.py:188} INFO - [2025-06-03T13:25:08.490+0000] {dag.py:3834} INFO - Setting next_dagrun for example_sla_dag to 2025-06-03 13:22:00+00:00, run_after=2025-06-03 13:24:00+00:00
[2025-06-03T13:25:08.506+0000] {processor.py:183} INFO - Processing /home/airflow/.local/lib/python3.8/site-packages/airflow/example_dags/example_sla_dag.py took 0.039 seconds
[2025-06-03T13:25:38.996+0000] {processor.py:161} INFO - Started process (PID=991) to work on /home/airflow/.local/lib/python3.8/site-packages/airflow/example_dags/example_sla_dag.py
[2025-06-03T13:25:38.997+0000] {processor.py:830} INFO - Processing file /home/airflow/.local/lib/python3.8/site-packages/airflow/example_dags/example_sla_dag.py for tasks to queue
[2025-06-03T13:25:38.998+0000] {logging_mixin.py:188} INFO - [2025-06-03T13:25:38.998+0000] {dagbag.py:540} INFO - Filling up the DagBag from /home/airflow/.local/lib/python3.8/site-packages/airflow/example_dags/example_sla_dag.py
[2025-06-03T13:25:39.002+0000] {processor.py:840} INFO - DAG(s) 'example_sla_dag' retrieved from /home/airflow/.local/lib/python3.8/site-packages/airflow/example_dags/example_sla_dag.py
[2025-06-03T13:25:39.011+0000] {logging_mixin.py:188} INFO - [2025-06-03T13:25:39.011+0000] {dag.py:3047} INFO - Sync 1 DAGs
[2025-06-03T13:25:39.020+0000] {logging_mixin.py:188} INFO - [2025-06-03T13:25:39.020+0000] {dag.py:3834} INFO - Setting next_dagrun for example_sla_dag to 2025-06-03 13:22:00+00:00, run_after=2025-06-03 13:24:00+00:00
[2025-06-03T13:25:39.033+0000] {processor.py:183} INFO - Processing /home/airflow/.local/lib/python3.8/site-packages/airflow/example_dags/example_sla_dag.py took 0.039 seconds
[2025-06-03T13:26:09.084+0000] {processor.py:161} INFO - Started process (PID=1046) to work on /home/airflow/.local/lib/python3.8/site-packages/airflow/example_dags/example_sla_dag.py
[2025-06-03T13:26:09.085+0000] {processor.py:830} INFO - Processing file /home/airflow/.local/lib/python3.8/site-packages/airflow/example_dags/example_sla_dag.py for tasks to queue
[2025-06-03T13:26:09.086+0000] {logging_mixin.py:188} INFO - [2025-06-03T13:26:09.085+0000] {dagbag.py:540} INFO - Filling up the DagBag from /home/airflow/.local/lib/python3.8/site-packages/airflow/example_dags/example_sla_dag.py
[2025-06-03T13:26:09.090+0000] {processor.py:840} INFO - DAG(s) 'example_sla_dag' retrieved from /home/airflow/.local/lib/python3.8/site-packages/airflow/example_dags/example_sla_dag.py
[2025-06-03T13:26:09.103+0000] {logging_mixin.py:188} INFO - [2025-06-03T13:26:09.101+0000] {dag.py:3047} INFO - Sync 1 DAGs
[2025-06-03T13:26:09.123+0000] {logging_mixin.py:188} INFO - [2025-06-03T13:26:09.123+0000] {dag.py:3834} INFO - Setting next_dagrun for example_sla_dag to 2025-06-03 13:24:00+00:00, run_after=2025-06-03 13:26:00+00:00
[2025-06-03T13:26:09.135+0000] {processor.py:183} INFO - Processing /home/airflow/.local/lib/python3.8/site-packages/airflow/example_dags/example_sla_dag.py took 0.052 seconds
[2025-06-03T13:26:39.489+0000] {processor.py:161} INFO - Started process (PID=1101) to work on /home/airflow/.local/lib/python3.8/site-packages/airflow/example_dags/example_sla_dag.py
[2025-06-03T13:26:39.492+0000] {processor.py:830} INFO - Processing file /home/airflow/.local/lib/python3.8/site-packages/airflow/example_dags/example_sla_dag.py for tasks to queue
[2025-06-03T13:26:39.493+0000] {logging_mixin.py:188} INFO - [2025-06-03T13:26:39.493+0000] {dagbag.py:540} INFO - Filling up the DagBag from /home/airflow/.local/lib/python3.8/site-packages/airflow/example_dags/example_sla_dag.py
[2025-06-03T13:26:39.497+0000] {processor.py:840} INFO - DAG(s) 'example_sla_dag' retrieved from /home/airflow/.local/lib/python3.8/site-packages/airflow/example_dags/example_sla_dag.py
[2025-06-03T13:26:39.506+0000] {logging_mixin.py:188} INFO - [2025-06-03T13:26:39.506+0000] {dag.py:3047} INFO - Sync 1 DAGs
[2025-06-03T13:26:39.515+0000] {logging_mixin.py:188} INFO - [2025-06-03T13:26:39.515+0000] {dag.py:3834} INFO - Setting next_dagrun for example_sla_dag to 2025-06-03 13:24:00+00:00, run_after=2025-06-03 13:26:00+00:00
[2025-06-03T13:26:39.521+0000] {processor.py:183} INFO - Processing /home/airflow/.local/lib/python3.8/site-packages/airflow/example_dags/example_sla_dag.py took 0.033 seconds
[2025-06-03T13:27:10.197+0000] {processor.py:161} INFO - Started process (PID=1156) to work on /home/airflow/.local/lib/python3.8/site-packages/airflow/example_dags/example_sla_dag.py
[2025-06-03T13:27:10.198+0000] {processor.py:830} INFO - Processing file /home/airflow/.local/lib/python3.8/site-packages/airflow/example_dags/example_sla_dag.py for tasks to queue
[2025-06-03T13:27:10.198+0000] {logging_mixin.py:188} INFO - [2025-06-03T13:27:10.198+0000] {dagbag.py:540} INFO - Filling up the DagBag from /home/airflow/.local/lib/python3.8/site-packages/airflow/example_dags/example_sla_dag.py
[2025-06-03T13:27:10.202+0000] {processor.py:840} INFO - DAG(s) 'example_sla_dag' retrieved from /home/airflow/.local/lib/python3.8/site-packages/airflow/example_dags/example_sla_dag.py
[2025-06-03T13:27:10.209+0000] {logging_mixin.py:188} INFO - [2025-06-03T13:27:10.209+0000] {dag.py:3047} INFO - Sync 1 DAGs
[2025-06-03T13:27:10.219+0000] {logging_mixin.py:188} INFO - [2025-06-03T13:27:10.218+0000] {dag.py:3834} INFO - Setting next_dagrun for example_sla_dag to 2025-06-03 13:24:00+00:00, run_after=2025-06-03 13:26:00+00:00
[2025-06-03T13:27:10.225+0000] {processor.py:183} INFO - Processing /home/airflow/.local/lib/python3.8/site-packages/airflow/example_dags/example_sla_dag.py took 0.029 seconds
[2025-06-03T13:27:40.756+0000] {processor.py:161} INFO - Started process (PID=1211) to work on /home/airflow/.local/lib/python3.8/site-packages/airflow/example_dags/example_sla_dag.py
[2025-06-03T13:27:40.758+0000] {processor.py:830} INFO - Processing file /home/airflow/.local/lib/python3.8/site-packages/airflow/example_dags/example_sla_dag.py for tasks to queue
[2025-06-03T13:27:40.759+0000] {logging_mixin.py:188} INFO - [2025-06-03T13:27:40.759+0000] {dagbag.py:540} INFO - Filling up the DagBag from /home/airflow/.local/lib/python3.8/site-packages/airflow/example_dags/example_sla_dag.py
[2025-06-03T13:27:40.762+0000] {processor.py:840} INFO - DAG(s) 'example_sla_dag' retrieved from /home/airflow/.local/lib/python3.8/site-packages/airflow/example_dags/example_sla_dag.py
[2025-06-03T13:27:40.770+0000] {logging_mixin.py:188} INFO - [2025-06-03T13:27:40.770+0000] {dag.py:3047} INFO - Sync 1 DAGs
[2025-06-03T13:27:40.780+0000] {logging_mixin.py:188} INFO - [2025-06-03T13:27:40.780+0000] {dag.py:3834} INFO - Setting next_dagrun for example_sla_dag to 2025-06-03 13:24:00+00:00, run_after=2025-06-03 13:26:00+00:00
[2025-06-03T13:27:40.787+0000] {processor.py:183} INFO - Processing /home/airflow/.local/lib/python3.8/site-packages/airflow/example_dags/example_sla_dag.py took 0.033 seconds
[2025-06-03T13:28:11.334+0000] {processor.py:161} INFO - Started process (PID=1266) to work on /home/airflow/.local/lib/python3.8/site-packages/airflow/example_dags/example_sla_dag.py
[2025-06-03T13:28:11.334+0000] {processor.py:830} INFO - Processing file /home/airflow/.local/lib/python3.8/site-packages/airflow/example_dags/example_sla_dag.py for tasks to queue
[2025-06-03T13:28:11.335+0000] {logging_mixin.py:188} INFO - [2025-06-03T13:28:11.335+0000] {dagbag.py:540} INFO - Filling up the DagBag from /home/airflow/.local/lib/python3.8/site-packages/airflow/example_dags/example_sla_dag.py
[2025-06-03T13:28:11.338+0000] {processor.py:840} INFO - DAG(s) 'example_sla_dag' retrieved from /home/airflow/.local/lib/python3.8/site-packages/airflow/example_dags/example_sla_dag.py
[2025-06-03T13:28:11.346+0000] {logging_mixin.py:188} INFO - [2025-06-03T13:28:11.346+0000] {dag.py:3047} INFO - Sync 1 DAGs
[2025-06-03T13:28:11.355+0000] {logging_mixin.py:188} INFO - [2025-06-03T13:28:11.355+0000] {dag.py:3834} INFO - Setting next_dagrun for example_sla_dag to 2025-06-03 13:26:00+00:00, run_after=2025-06-03 13:28:00+00:00
[2025-06-03T13:28:11.362+0000] {processor.py:183} INFO - Processing /home/airflow/.local/lib/python3.8/site-packages/airflow/example_dags/example_sla_dag.py took 0.030 seconds
[2025-06-03T13:28:42.402+0000] {processor.py:161} INFO - Started process (PID=1321) to work on /home/airflow/.local/lib/python3.8/site-packages/airflow/example_dags/example_sla_dag.py
[2025-06-03T13:28:42.403+0000] {processor.py:830} INFO - Processing file /home/airflow/.local/lib/python3.8/site-packages/airflow/example_dags/example_sla_dag.py for tasks to queue
[2025-06-03T13:28:42.404+0000] {logging_mixin.py:188} INFO - [2025-06-03T13:28:42.404+0000] {dagbag.py:540} INFO - Filling up the DagBag from /home/airflow/.local/lib/python3.8/site-packages/airflow/example_dags/example_sla_dag.py
[2025-06-03T13:28:42.410+0000] {processor.py:840} INFO - DAG(s) 'example_sla_dag' retrieved from /home/airflow/.local/lib/python3.8/site-packages/airflow/example_dags/example_sla_dag.py
[2025-06-03T13:28:42.428+0000] {logging_mixin.py:188} INFO - [2025-06-03T13:28:42.428+0000] {dag.py:3047} INFO - Sync 1 DAGs
[2025-06-03T13:28:42.449+0000] {logging_mixin.py:188} INFO - [2025-06-03T13:28:42.449+0000] {dag.py:3834} INFO - Setting next_dagrun for example_sla_dag to 2025-06-03 13:26:00+00:00, run_after=2025-06-03 13:28:00+00:00
[2025-06-03T13:28:42.465+0000] {processor.py:183} INFO - Processing /home/airflow/.local/lib/python3.8/site-packages/airflow/example_dags/example_sla_dag.py took 0.065 seconds
[2025-06-03T13:29:13.346+0000] {processor.py:161} INFO - Started process (PID=1376) to work on /home/airflow/.local/lib/python3.8/site-packages/airflow/example_dags/example_sla_dag.py
[2025-06-03T13:29:13.347+0000] {processor.py:830} INFO - Processing file /home/airflow/.local/lib/python3.8/site-packages/airflow/example_dags/example_sla_dag.py for tasks to queue
[2025-06-03T13:29:13.348+0000] {logging_mixin.py:188} INFO - [2025-06-03T13:29:13.347+0000] {dagbag.py:540} INFO - Filling up the DagBag from /home/airflow/.local/lib/python3.8/site-packages/airflow/example_dags/example_sla_dag.py
[2025-06-03T13:29:13.352+0000] {processor.py:840} INFO - DAG(s) 'example_sla_dag' retrieved from /home/airflow/.local/lib/python3.8/site-packages/airflow/example_dags/example_sla_dag.py
[2025-06-03T13:29:13.359+0000] {logging_mixin.py:188} INFO - [2025-06-03T13:29:13.359+0000] {dag.py:3047} INFO - Sync 1 DAGs
[2025-06-03T13:29:13.368+0000] {logging_mixin.py:188} INFO - [2025-06-03T13:29:13.368+0000] {dag.py:3834} INFO - Setting next_dagrun for example_sla_dag to 2025-06-03 13:26:00+00:00, run_after=2025-06-03 13:28:00+00:00
[2025-06-03T13:29:13.376+0000] {processor.py:183} INFO - Processing /home/airflow/.local/lib/python3.8/site-packages/airflow/example_dags/example_sla_dag.py took 0.032 seconds
[2025-06-03T13:29:43.689+0000] {processor.py:161} INFO - Started process (PID=1431) to work on /home/airflow/.local/lib/python3.8/site-packages/airflow/example_dags/example_sla_dag.py
[2025-06-03T13:29:43.690+0000] {processor.py:830} INFO - Processing file /home/airflow/.local/lib/python3.8/site-packages/airflow/example_dags/example_sla_dag.py for tasks to queue
[2025-06-03T13:29:43.691+0000] {logging_mixin.py:188} INFO - [2025-06-03T13:29:43.691+0000] {dagbag.py:540} INFO - Filling up the DagBag from /home/airflow/.local/lib/python3.8/site-packages/airflow/example_dags/example_sla_dag.py
[2025-06-03T13:29:43.694+0000] {processor.py:840} INFO - DAG(s) 'example_sla_dag' retrieved from /home/airflow/.local/lib/python3.8/site-packages/airflow/example_dags/example_sla_dag.py
[2025-06-03T13:29:43.703+0000] {logging_mixin.py:188} INFO - [2025-06-03T13:29:43.703+0000] {dag.py:3047} INFO - Sync 1 DAGs
[2025-06-03T13:29:43.712+0000] {logging_mixin.py:188} INFO - [2025-06-03T13:29:43.712+0000] {dag.py:3834} INFO - Setting next_dagrun for example_sla_dag to 2025-06-03 13:26:00+00:00, run_after=2025-06-03 13:28:00+00:00
[2025-06-03T13:29:43.718+0000] {processor.py:183} INFO - Processing /home/airflow/.local/lib/python3.8/site-packages/airflow/example_dags/example_sla_dag.py took 0.031 seconds
[2025-06-03T13:30:14.024+0000] {processor.py:161} INFO - Started process (PID=1486) to work on /home/airflow/.local/lib/python3.8/site-packages/airflow/example_dags/example_sla_dag.py
[2025-06-03T13:30:14.025+0000] {processor.py:830} INFO - Processing file /home/airflow/.local/lib/python3.8/site-packages/airflow/example_dags/example_sla_dag.py for tasks to queue
[2025-06-03T13:30:14.025+0000] {logging_mixin.py:188} INFO - [2025-06-03T13:30:14.025+0000] {dagbag.py:540} INFO - Filling up the DagBag from /home/airflow/.local/lib/python3.8/site-packages/airflow/example_dags/example_sla_dag.py
[2025-06-03T13:30:14.029+0000] {processor.py:840} INFO - DAG(s) 'example_sla_dag' retrieved from /home/airflow/.local/lib/python3.8/site-packages/airflow/example_dags/example_sla_dag.py
[2025-06-03T13:30:14.036+0000] {logging_mixin.py:188} INFO - [2025-06-03T13:30:14.036+0000] {dag.py:3047} INFO - Sync 1 DAGs
[2025-06-03T13:30:14.048+0000] {logging_mixin.py:188} INFO - [2025-06-03T13:30:14.048+0000] {dag.py:3834} INFO - Setting next_dagrun for example_sla_dag to 2025-06-03 13:28:00+00:00, run_after=2025-06-03 13:30:00+00:00
[2025-06-03T13:30:14.055+0000] {processor.py:183} INFO - Processing /home/airflow/.local/lib/python3.8/site-packages/airflow/example_dags/example_sla_dag.py took 0.033 seconds
[2025-06-03T13:30:44.347+0000] {processor.py:161} INFO - Started process (PID=1540) to work on /home/airflow/.local/lib/python3.8/site-packages/airflow/example_dags/example_sla_dag.py
[2025-06-03T13:30:44.347+0000] {processor.py:830} INFO - Processing file /home/airflow/.local/lib/python3.8/site-packages/airflow/example_dags/example_sla_dag.py for tasks to queue
[2025-06-03T13:30:44.348+0000] {logging_mixin.py:188} INFO - [2025-06-03T13:30:44.348+0000] {dagbag.py:540} INFO - Filling up the DagBag from /home/airflow/.local/lib/python3.8/site-packages/airflow/example_dags/example_sla_dag.py
[2025-06-03T13:30:44.351+0000] {processor.py:840} INFO - DAG(s) 'example_sla_dag' retrieved from /home/airflow/.local/lib/python3.8/site-packages/airflow/example_dags/example_sla_dag.py
[2025-06-03T13:30:44.358+0000] {logging_mixin.py:188} INFO - [2025-06-03T13:30:44.358+0000] {dag.py:3047} INFO - Sync 1 DAGs
[2025-06-03T13:30:44.367+0000] {logging_mixin.py:188} INFO - [2025-06-03T13:30:44.367+0000] {dag.py:3834} INFO - Setting next_dagrun for example_sla_dag to 2025-06-03 13:28:00+00:00, run_after=2025-06-03 13:30:00+00:00
[2025-06-03T13:30:44.375+0000] {processor.py:183} INFO - Processing /home/airflow/.local/lib/python3.8/site-packages/airflow/example_dags/example_sla_dag.py took 0.030 seconds
[2025-06-03T13:31:14.670+0000] {processor.py:161} INFO - Started process (PID=1595) to work on /home/airflow/.local/lib/python3.8/site-packages/airflow/example_dags/example_sla_dag.py
[2025-06-03T13:31:14.671+0000] {processor.py:830} INFO - Processing file /home/airflow/.local/lib/python3.8/site-packages/airflow/example_dags/example_sla_dag.py for tasks to queue
[2025-06-03T13:31:14.671+0000] {logging_mixin.py:188} INFO - [2025-06-03T13:31:14.671+0000] {dagbag.py:540} INFO - Filling up the DagBag from /home/airflow/.local/lib/python3.8/site-packages/airflow/example_dags/example_sla_dag.py
[2025-06-03T13:31:14.675+0000] {processor.py:840} INFO - DAG(s) 'example_sla_dag' retrieved from /home/airflow/.local/lib/python3.8/site-packages/airflow/example_dags/example_sla_dag.py
[2025-06-03T13:31:14.684+0000] {logging_mixin.py:188} INFO - [2025-06-03T13:31:14.684+0000] {dag.py:3047} INFO - Sync 1 DAGs
[2025-06-03T13:31:14.693+0000] {logging_mixin.py:188} INFO - [2025-06-03T13:31:14.693+0000] {dag.py:3834} INFO - Setting next_dagrun for example_sla_dag to 2025-06-03 13:28:00+00:00, run_after=2025-06-03 13:30:00+00:00
[2025-06-03T13:31:14.699+0000] {processor.py:183} INFO - Processing /home/airflow/.local/lib/python3.8/site-packages/airflow/example_dags/example_sla_dag.py took 0.030 seconds
[2025-06-03T13:31:44.905+0000] {processor.py:161} INFO - Started process (PID=1650) to work on /home/airflow/.local/lib/python3.8/site-packages/airflow/example_dags/example_sla_dag.py
[2025-06-03T13:31:44.906+0000] {processor.py:830} INFO - Processing file /home/airflow/.local/lib/python3.8/site-packages/airflow/example_dags/example_sla_dag.py for tasks to queue
[2025-06-03T13:31:44.907+0000] {logging_mixin.py:188} INFO - [2025-06-03T13:31:44.907+0000] {dagbag.py:540} INFO - Filling up the DagBag from /home/airflow/.local/lib/python3.8/site-packages/airflow/example_dags/example_sla_dag.py
[2025-06-03T13:31:44.911+0000] {processor.py:840} INFO - DAG(s) 'example_sla_dag' retrieved from /home/airflow/.local/lib/python3.8/site-packages/airflow/example_dags/example_sla_dag.py
[2025-06-03T13:31:44.919+0000] {logging_mixin.py:188} INFO - [2025-06-03T13:31:44.918+0000] {dag.py:3047} INFO - Sync 1 DAGs
[2025-06-03T13:31:44.927+0000] {logging_mixin.py:188} INFO - [2025-06-03T13:31:44.927+0000] {dag.py:3834} INFO - Setting next_dagrun for example_sla_dag to 2025-06-03 13:28:00+00:00, run_after=2025-06-03 13:30:00+00:00
[2025-06-03T13:31:44.935+0000] {processor.py:183} INFO - Processing /home/airflow/.local/lib/python3.8/site-packages/airflow/example_dags/example_sla_dag.py took 0.031 seconds
[2025-06-03T13:32:15.223+0000] {processor.py:161} INFO - Started process (PID=1705) to work on /home/airflow/.local/lib/python3.8/site-packages/airflow/example_dags/example_sla_dag.py
[2025-06-03T13:32:15.225+0000] {processor.py:830} INFO - Processing file /home/airflow/.local/lib/python3.8/site-packages/airflow/example_dags/example_sla_dag.py for tasks to queue
[2025-06-03T13:32:15.226+0000] {logging_mixin.py:188} INFO - [2025-06-03T13:32:15.226+0000] {dagbag.py:540} INFO - Filling up the DagBag from /home/airflow/.local/lib/python3.8/site-packages/airflow/example_dags/example_sla_dag.py
[2025-06-03T13:32:15.230+0000] {processor.py:840} INFO - DAG(s) 'example_sla_dag' retrieved from /home/airflow/.local/lib/python3.8/site-packages/airflow/example_dags/example_sla_dag.py
[2025-06-03T13:32:15.238+0000] {logging_mixin.py:188} INFO - [2025-06-03T13:32:15.238+0000] {dag.py:3047} INFO - Sync 1 DAGs
[2025-06-03T13:32:15.247+0000] {logging_mixin.py:188} INFO - [2025-06-03T13:32:15.247+0000] {dag.py:3834} INFO - Setting next_dagrun for example_sla_dag to 2025-06-03 13:30:00+00:00, run_after=2025-06-03 13:32:00+00:00
[2025-06-03T13:32:15.253+0000] {processor.py:183} INFO - Processing /home/airflow/.local/lib/python3.8/site-packages/airflow/example_dags/example_sla_dag.py took 0.031 seconds
[2025-06-03T13:32:45.500+0000] {processor.py:161} INFO - Started process (PID=1760) to work on /home/airflow/.local/lib/python3.8/site-packages/airflow/example_dags/example_sla_dag.py
[2025-06-03T13:32:45.501+0000] {processor.py:830} INFO - Processing file /home/airflow/.local/lib/python3.8/site-packages/airflow/example_dags/example_sla_dag.py for tasks to queue
[2025-06-03T13:32:45.502+0000] {logging_mixin.py:188} INFO - [2025-06-03T13:32:45.501+0000] {dagbag.py:540} INFO - Filling up the DagBag from /home/airflow/.local/lib/python3.8/site-packages/airflow/example_dags/example_sla_dag.py
[2025-06-03T13:32:45.505+0000] {processor.py:840} INFO - DAG(s) 'example_sla_dag' retrieved from /home/airflow/.local/lib/python3.8/site-packages/airflow/example_dags/example_sla_dag.py
[2025-06-03T13:32:45.512+0000] {logging_mixin.py:188} INFO - [2025-06-03T13:32:45.512+0000] {dag.py:3047} INFO - Sync 1 DAGs
[2025-06-03T13:32:45.521+0000] {logging_mixin.py:188} INFO - [2025-06-03T13:32:45.521+0000] {dag.py:3834} INFO - Setting next_dagrun for example_sla_dag to 2025-06-03 13:30:00+00:00, run_after=2025-06-03 13:32:00+00:00
[2025-06-03T13:32:45.528+0000] {processor.py:183} INFO - Processing /home/airflow/.local/lib/python3.8/site-packages/airflow/example_dags/example_sla_dag.py took 0.028 seconds
[2025-06-03T13:33:15.832+0000] {processor.py:161} INFO - Started process (PID=1815) to work on /home/airflow/.local/lib/python3.8/site-packages/airflow/example_dags/example_sla_dag.py
[2025-06-03T13:33:15.832+0000] {processor.py:830} INFO - Processing file /home/airflow/.local/lib/python3.8/site-packages/airflow/example_dags/example_sla_dag.py for tasks to queue
[2025-06-03T13:33:15.833+0000] {logging_mixin.py:188} INFO - [2025-06-03T13:33:15.833+0000] {dagbag.py:540} INFO - Filling up the DagBag from /home/airflow/.local/lib/python3.8/site-packages/airflow/example_dags/example_sla_dag.py
[2025-06-03T13:33:15.836+0000] {processor.py:840} INFO - DAG(s) 'example_sla_dag' retrieved from /home/airflow/.local/lib/python3.8/site-packages/airflow/example_dags/example_sla_dag.py
[2025-06-03T13:33:15.843+0000] {logging_mixin.py:188} INFO - [2025-06-03T13:33:15.843+0000] {dag.py:3047} INFO - Sync 1 DAGs
[2025-06-03T13:33:15.851+0000] {logging_mixin.py:188} INFO - [2025-06-03T13:33:15.851+0000] {dag.py:3834} INFO - Setting next_dagrun for example_sla_dag to 2025-06-03 13:30:00+00:00, run_after=2025-06-03 13:32:00+00:00
[2025-06-03T13:33:15.857+0000] {processor.py:183} INFO - Processing /home/airflow/.local/lib/python3.8/site-packages/airflow/example_dags/example_sla_dag.py took 0.026 seconds
[2025-06-03T13:33:46.114+0000] {processor.py:161} INFO - Started process (PID=1870) to work on /home/airflow/.local/lib/python3.8/site-packages/airflow/example_dags/example_sla_dag.py
[2025-06-03T13:33:46.114+0000] {processor.py:830} INFO - Processing file /home/airflow/.local/lib/python3.8/site-packages/airflow/example_dags/example_sla_dag.py for tasks to queue
[2025-06-03T13:33:46.115+0000] {logging_mixin.py:188} INFO - [2025-06-03T13:33:46.115+0000] {dagbag.py:540} INFO - Filling up the DagBag from /home/airflow/.local/lib/python3.8/site-packages/airflow/example_dags/example_sla_dag.py
[2025-06-03T13:33:46.119+0000] {processor.py:840} INFO - DAG(s) 'example_sla_dag' retrieved from /home/airflow/.local/lib/python3.8/site-packages/airflow/example_dags/example_sla_dag.py
[2025-06-03T13:33:46.127+0000] {logging_mixin.py:188} INFO - [2025-06-03T13:33:46.127+0000] {dag.py:3047} INFO - Sync 1 DAGs
[2025-06-03T13:33:46.136+0000] {logging_mixin.py:188} INFO - [2025-06-03T13:33:46.136+0000] {dag.py:3834} INFO - Setting next_dagrun for example_sla_dag to 2025-06-03 13:30:00+00:00, run_after=2025-06-03 13:32:00+00:00
[2025-06-03T13:33:46.144+0000] {processor.py:183} INFO - Processing /home/airflow/.local/lib/python3.8/site-packages/airflow/example_dags/example_sla_dag.py took 0.031 seconds
[2025-06-03T13:34:16.390+0000] {processor.py:161} INFO - Started process (PID=1925) to work on /home/airflow/.local/lib/python3.8/site-packages/airflow/example_dags/example_sla_dag.py
[2025-06-03T13:34:16.391+0000] {processor.py:830} INFO - Processing file /home/airflow/.local/lib/python3.8/site-packages/airflow/example_dags/example_sla_dag.py for tasks to queue
[2025-06-03T13:34:16.392+0000] {logging_mixin.py:188} INFO - [2025-06-03T13:34:16.392+0000] {dagbag.py:540} INFO - Filling up the DagBag from /home/airflow/.local/lib/python3.8/site-packages/airflow/example_dags/example_sla_dag.py
[2025-06-03T13:34:16.395+0000] {processor.py:840} INFO - DAG(s) 'example_sla_dag' retrieved from /home/airflow/.local/lib/python3.8/site-packages/airflow/example_dags/example_sla_dag.py
[2025-06-03T13:34:16.402+0000] {logging_mixin.py:188} INFO - [2025-06-03T13:34:16.402+0000] {dag.py:3047} INFO - Sync 1 DAGs
[2025-06-03T13:34:16.411+0000] {logging_mixin.py:188} INFO - [2025-06-03T13:34:16.411+0000] {dag.py:3834} INFO - Setting next_dagrun for example_sla_dag to 2025-06-03 13:32:00+00:00, run_after=2025-06-03 13:34:00+00:00
[2025-06-03T13:34:16.418+0000] {processor.py:183} INFO - Processing /home/airflow/.local/lib/python3.8/site-packages/airflow/example_dags/example_sla_dag.py took 0.029 seconds
[2025-06-03T13:34:46.717+0000] {processor.py:161} INFO - Started process (PID=1980) to work on /home/airflow/.local/lib/python3.8/site-packages/airflow/example_dags/example_sla_dag.py
[2025-06-03T13:34:46.718+0000] {processor.py:830} INFO - Processing file /home/airflow/.local/lib/python3.8/site-packages/airflow/example_dags/example_sla_dag.py for tasks to queue
[2025-06-03T13:34:46.719+0000] {logging_mixin.py:188} INFO - [2025-06-03T13:34:46.719+0000] {dagbag.py:540} INFO - Filling up the DagBag from /home/airflow/.local/lib/python3.8/site-packages/airflow/example_dags/example_sla_dag.py
[2025-06-03T13:34:46.723+0000] {processor.py:840} INFO - DAG(s) 'example_sla_dag' retrieved from /home/airflow/.local/lib/python3.8/site-packages/airflow/example_dags/example_sla_dag.py
[2025-06-03T13:34:46.732+0000] {logging_mixin.py:188} INFO - [2025-06-03T13:34:46.732+0000] {dag.py:3047} INFO - Sync 1 DAGs
[2025-06-03T13:34:46.746+0000] {logging_mixin.py:188} INFO - [2025-06-03T13:34:46.746+0000] {dag.py:3834} INFO - Setting next_dagrun for example_sla_dag to 2025-06-03 13:32:00+00:00, run_after=2025-06-03 13:34:00+00:00
[2025-06-03T13:34:46.756+0000] {processor.py:183} INFO - Processing /home/airflow/.local/lib/python3.8/site-packages/airflow/example_dags/example_sla_dag.py took 0.040 seconds
[2025-06-03T13:35:17.234+0000] {processor.py:161} INFO - Started process (PID=2035) to work on /home/airflow/.local/lib/python3.8/site-packages/airflow/example_dags/example_sla_dag.py
[2025-06-03T13:35:17.235+0000] {processor.py:830} INFO - Processing file /home/airflow/.local/lib/python3.8/site-packages/airflow/example_dags/example_sla_dag.py for tasks to queue
[2025-06-03T13:35:17.236+0000] {logging_mixin.py:188} INFO - [2025-06-03T13:35:17.236+0000] {dagbag.py:540} INFO - Filling up the DagBag from /home/airflow/.local/lib/python3.8/site-packages/airflow/example_dags/example_sla_dag.py
[2025-06-03T13:35:17.242+0000] {processor.py:840} INFO - DAG(s) 'example_sla_dag' retrieved from /home/airflow/.local/lib/python3.8/site-packages/airflow/example_dags/example_sla_dag.py
[2025-06-03T13:35:17.252+0000] {logging_mixin.py:188} INFO - [2025-06-03T13:35:17.252+0000] {dag.py:3047} INFO - Sync 1 DAGs
[2025-06-03T13:35:17.264+0000] {logging_mixin.py:188} INFO - [2025-06-03T13:35:17.264+0000] {dag.py:3834} INFO - Setting next_dagrun for example_sla_dag to 2025-06-03 13:32:00+00:00, run_after=2025-06-03 13:34:00+00:00
[2025-06-03T13:35:17.275+0000] {processor.py:183} INFO - Processing /home/airflow/.local/lib/python3.8/site-packages/airflow/example_dags/example_sla_dag.py took 0.043 seconds
[2025-06-03T13:35:47.746+0000] {processor.py:161} INFO - Started process (PID=2090) to work on /home/airflow/.local/lib/python3.8/site-packages/airflow/example_dags/example_sla_dag.py
[2025-06-03T13:35:47.747+0000] {processor.py:830} INFO - Processing file /home/airflow/.local/lib/python3.8/site-packages/airflow/example_dags/example_sla_dag.py for tasks to queue
[2025-06-03T13:35:47.751+0000] {logging_mixin.py:188} INFO - [2025-06-03T13:35:47.751+0000] {dagbag.py:540} INFO - Filling up the DagBag from /home/airflow/.local/lib/python3.8/site-packages/airflow/example_dags/example_sla_dag.py
[2025-06-03T13:35:47.755+0000] {processor.py:840} INFO - DAG(s) 'example_sla_dag' retrieved from /home/airflow/.local/lib/python3.8/site-packages/airflow/example_dags/example_sla_dag.py
[2025-06-03T13:35:47.763+0000] {logging_mixin.py:188} INFO - [2025-06-03T13:35:47.763+0000] {dag.py:3047} INFO - Sync 1 DAGs
[2025-06-03T13:35:47.773+0000] {logging_mixin.py:188} INFO - [2025-06-03T13:35:47.773+0000] {dag.py:3834} INFO - Setting next_dagrun for example_sla_dag to 2025-06-03 13:32:00+00:00, run_after=2025-06-03 13:34:00+00:00
[2025-06-03T13:35:47.780+0000] {processor.py:183} INFO - Processing /home/airflow/.local/lib/python3.8/site-packages/airflow/example_dags/example_sla_dag.py took 0.036 seconds
[2025-06-03T13:36:18.069+0000] {processor.py:161} INFO - Started process (PID=2145) to work on /home/airflow/.local/lib/python3.8/site-packages/airflow/example_dags/example_sla_dag.py
[2025-06-03T13:36:18.072+0000] {processor.py:830} INFO - Processing file /home/airflow/.local/lib/python3.8/site-packages/airflow/example_dags/example_sla_dag.py for tasks to queue
[2025-06-03T13:36:18.073+0000] {logging_mixin.py:188} INFO - [2025-06-03T13:36:18.073+0000] {dagbag.py:540} INFO - Filling up the DagBag from /home/airflow/.local/lib/python3.8/site-packages/airflow/example_dags/example_sla_dag.py
[2025-06-03T13:36:18.077+0000] {processor.py:840} INFO - DAG(s) 'example_sla_dag' retrieved from /home/airflow/.local/lib/python3.8/site-packages/airflow/example_dags/example_sla_dag.py
[2025-06-03T13:36:18.084+0000] {logging_mixin.py:188} INFO - [2025-06-03T13:36:18.084+0000] {dag.py:3047} INFO - Sync 1 DAGs
[2025-06-03T13:36:18.095+0000] {logging_mixin.py:188} INFO - [2025-06-03T13:36:18.094+0000] {dag.py:3834} INFO - Setting next_dagrun for example_sla_dag to 2025-06-03 13:34:00+00:00, run_after=2025-06-03 13:36:00+00:00
[2025-06-03T13:36:18.101+0000] {processor.py:183} INFO - Processing /home/airflow/.local/lib/python3.8/site-packages/airflow/example_dags/example_sla_dag.py took 0.033 seconds
[2025-06-03T13:36:48.371+0000] {processor.py:161} INFO - Started process (PID=2200) to work on /home/airflow/.local/lib/python3.8/site-packages/airflow/example_dags/example_sla_dag.py
[2025-06-03T13:36:48.372+0000] {processor.py:830} INFO - Processing file /home/airflow/.local/lib/python3.8/site-packages/airflow/example_dags/example_sla_dag.py for tasks to queue
[2025-06-03T13:36:48.373+0000] {logging_mixin.py:188} INFO - [2025-06-03T13:36:48.372+0000] {dagbag.py:540} INFO - Filling up the DagBag from /home/airflow/.local/lib/python3.8/site-packages/airflow/example_dags/example_sla_dag.py
[2025-06-03T13:36:48.376+0000] {processor.py:840} INFO - DAG(s) 'example_sla_dag' retrieved from /home/airflow/.local/lib/python3.8/site-packages/airflow/example_dags/example_sla_dag.py
[2025-06-03T13:36:48.385+0000] {logging_mixin.py:188} INFO - [2025-06-03T13:36:48.384+0000] {dag.py:3047} INFO - Sync 1 DAGs
[2025-06-03T13:36:48.394+0000] {logging_mixin.py:188} INFO - [2025-06-03T13:36:48.394+0000] {dag.py:3834} INFO - Setting next_dagrun for example_sla_dag to 2025-06-03 13:34:00+00:00, run_after=2025-06-03 13:36:00+00:00
[2025-06-03T13:36:48.401+0000] {processor.py:183} INFO - Processing /home/airflow/.local/lib/python3.8/site-packages/airflow/example_dags/example_sla_dag.py took 0.032 seconds
[2025-06-03T13:37:18.782+0000] {processor.py:161} INFO - Started process (PID=2255) to work on /home/airflow/.local/lib/python3.8/site-packages/airflow/example_dags/example_sla_dag.py
[2025-06-03T13:37:18.782+0000] {processor.py:830} INFO - Processing file /home/airflow/.local/lib/python3.8/site-packages/airflow/example_dags/example_sla_dag.py for tasks to queue
[2025-06-03T13:37:18.786+0000] {logging_mixin.py:188} INFO - [2025-06-03T13:37:18.786+0000] {dagbag.py:540} INFO - Filling up the DagBag from /home/airflow/.local/lib/python3.8/site-packages/airflow/example_dags/example_sla_dag.py
[2025-06-03T13:37:18.790+0000] {processor.py:840} INFO - DAG(s) 'example_sla_dag' retrieved from /home/airflow/.local/lib/python3.8/site-packages/airflow/example_dags/example_sla_dag.py
[2025-06-03T13:37:18.797+0000] {logging_mixin.py:188} INFO - [2025-06-03T13:37:18.797+0000] {dag.py:3047} INFO - Sync 1 DAGs
[2025-06-03T13:37:18.808+0000] {logging_mixin.py:188} INFO - [2025-06-03T13:37:18.807+0000] {dag.py:3834} INFO - Setting next_dagrun for example_sla_dag to 2025-06-03 13:34:00+00:00, run_after=2025-06-03 13:36:00+00:00
[2025-06-03T13:37:18.815+0000] {processor.py:183} INFO - Processing /home/airflow/.local/lib/python3.8/site-packages/airflow/example_dags/example_sla_dag.py took 0.035 seconds
[2025-06-03T13:37:49.232+0000] {processor.py:161} INFO - Started process (PID=2310) to work on /home/airflow/.local/lib/python3.8/site-packages/airflow/example_dags/example_sla_dag.py
[2025-06-03T13:37:49.233+0000] {processor.py:830} INFO - Processing file /home/airflow/.local/lib/python3.8/site-packages/airflow/example_dags/example_sla_dag.py for tasks to queue
[2025-06-03T13:37:49.233+0000] {logging_mixin.py:188} INFO - [2025-06-03T13:37:49.233+0000] {dagbag.py:540} INFO - Filling up the DagBag from /home/airflow/.local/lib/python3.8/site-packages/airflow/example_dags/example_sla_dag.py
[2025-06-03T13:37:49.236+0000] {processor.py:840} INFO - DAG(s) 'example_sla_dag' retrieved from /home/airflow/.local/lib/python3.8/site-packages/airflow/example_dags/example_sla_dag.py
[2025-06-03T13:37:49.244+0000] {logging_mixin.py:188} INFO - [2025-06-03T13:37:49.244+0000] {dag.py:3047} INFO - Sync 1 DAGs
[2025-06-03T13:37:49.252+0000] {logging_mixin.py:188} INFO - [2025-06-03T13:37:49.252+0000] {dag.py:3834} INFO - Setting next_dagrun for example_sla_dag to 2025-06-03 13:34:00+00:00, run_after=2025-06-03 13:36:00+00:00
[2025-06-03T13:37:49.259+0000] {processor.py:183} INFO - Processing /home/airflow/.local/lib/python3.8/site-packages/airflow/example_dags/example_sla_dag.py took 0.028 seconds
[2025-06-03T13:38:20.145+0000] {processor.py:161} INFO - Started process (PID=2365) to work on /home/airflow/.local/lib/python3.8/site-packages/airflow/example_dags/example_sla_dag.py
[2025-06-03T13:38:20.146+0000] {processor.py:830} INFO - Processing file /home/airflow/.local/lib/python3.8/site-packages/airflow/example_dags/example_sla_dag.py for tasks to queue
[2025-06-03T13:38:20.146+0000] {logging_mixin.py:188} INFO - [2025-06-03T13:38:20.146+0000] {dagbag.py:540} INFO - Filling up the DagBag from /home/airflow/.local/lib/python3.8/site-packages/airflow/example_dags/example_sla_dag.py
[2025-06-03T13:38:20.150+0000] {processor.py:840} INFO - DAG(s) 'example_sla_dag' retrieved from /home/airflow/.local/lib/python3.8/site-packages/airflow/example_dags/example_sla_dag.py
[2025-06-03T13:38:20.161+0000] {logging_mixin.py:188} INFO - [2025-06-03T13:38:20.161+0000] {dag.py:3047} INFO - Sync 1 DAGs
[2025-06-03T13:38:20.170+0000] {logging_mixin.py:188} INFO - [2025-06-03T13:38:20.170+0000] {dag.py:3834} INFO - Setting next_dagrun for example_sla_dag to 2025-06-03 13:36:00+00:00, run_after=2025-06-03 13:38:00+00:00
[2025-06-03T13:38:20.176+0000] {processor.py:183} INFO - Processing /home/airflow/.local/lib/python3.8/site-packages/airflow/example_dags/example_sla_dag.py took 0.033 seconds
[2025-06-03T13:38:50.668+0000] {processor.py:161} INFO - Started process (PID=2420) to work on /home/airflow/.local/lib/python3.8/site-packages/airflow/example_dags/example_sla_dag.py
[2025-06-03T13:38:50.668+0000] {processor.py:830} INFO - Processing file /home/airflow/.local/lib/python3.8/site-packages/airflow/example_dags/example_sla_dag.py for tasks to queue
[2025-06-03T13:38:50.669+0000] {logging_mixin.py:188} INFO - [2025-06-03T13:38:50.669+0000] {dagbag.py:540} INFO - Filling up the DagBag from /home/airflow/.local/lib/python3.8/site-packages/airflow/example_dags/example_sla_dag.py
[2025-06-03T13:38:50.673+0000] {processor.py:840} INFO - DAG(s) 'example_sla_dag' retrieved from /home/airflow/.local/lib/python3.8/site-packages/airflow/example_dags/example_sla_dag.py
[2025-06-03T13:38:50.682+0000] {logging_mixin.py:188} INFO - [2025-06-03T13:38:50.682+0000] {dag.py:3047} INFO - Sync 1 DAGs
[2025-06-03T13:38:50.694+0000] {logging_mixin.py:188} INFO - [2025-06-03T13:38:50.694+0000] {dag.py:3834} INFO - Setting next_dagrun for example_sla_dag to 2025-06-03 13:36:00+00:00, run_after=2025-06-03 13:38:00+00:00
[2025-06-03T13:38:50.703+0000] {processor.py:183} INFO - Processing /home/airflow/.local/lib/python3.8/site-packages/airflow/example_dags/example_sla_dag.py took 0.037 seconds
[2025-06-03T13:39:20.772+0000] {processor.py:161} INFO - Started process (PID=2475) to work on /home/airflow/.local/lib/python3.8/site-packages/airflow/example_dags/example_sla_dag.py
[2025-06-03T13:39:20.772+0000] {processor.py:830} INFO - Processing file /home/airflow/.local/lib/python3.8/site-packages/airflow/example_dags/example_sla_dag.py for tasks to queue
[2025-06-03T13:39:20.773+0000] {logging_mixin.py:188} INFO - [2025-06-03T13:39:20.773+0000] {dagbag.py:540} INFO - Filling up the DagBag from /home/airflow/.local/lib/python3.8/site-packages/airflow/example_dags/example_sla_dag.py
[2025-06-03T13:39:20.776+0000] {processor.py:840} INFO - DAG(s) 'example_sla_dag' retrieved from /home/airflow/.local/lib/python3.8/site-packages/airflow/example_dags/example_sla_dag.py
[2025-06-03T13:39:20.783+0000] {logging_mixin.py:188} INFO - [2025-06-03T13:39:20.783+0000] {dag.py:3047} INFO - Sync 1 DAGs
[2025-06-03T13:39:20.791+0000] {logging_mixin.py:188} INFO - [2025-06-03T13:39:20.791+0000] {dag.py:3834} INFO - Setting next_dagrun for example_sla_dag to 2025-06-03 13:36:00+00:00, run_after=2025-06-03 13:38:00+00:00
[2025-06-03T13:39:20.797+0000] {processor.py:183} INFO - Processing /home/airflow/.local/lib/python3.8/site-packages/airflow/example_dags/example_sla_dag.py took 0.026 seconds
[2025-06-03T13:39:50.822+0000] {processor.py:161} INFO - Started process (PID=2530) to work on /home/airflow/.local/lib/python3.8/site-packages/airflow/example_dags/example_sla_dag.py
[2025-06-03T13:39:50.823+0000] {processor.py:830} INFO - Processing file /home/airflow/.local/lib/python3.8/site-packages/airflow/example_dags/example_sla_dag.py for tasks to queue
[2025-06-03T13:39:50.823+0000] {logging_mixin.py:188} INFO - [2025-06-03T13:39:50.823+0000] {dagbag.py:540} INFO - Filling up the DagBag from /home/airflow/.local/lib/python3.8/site-packages/airflow/example_dags/example_sla_dag.py
[2025-06-03T13:39:50.827+0000] {processor.py:840} INFO - DAG(s) 'example_sla_dag' retrieved from /home/airflow/.local/lib/python3.8/site-packages/airflow/example_dags/example_sla_dag.py
[2025-06-03T13:39:50.833+0000] {logging_mixin.py:188} INFO - [2025-06-03T13:39:50.833+0000] {dag.py:3047} INFO - Sync 1 DAGs
[2025-06-03T13:39:50.841+0000] {logging_mixin.py:188} INFO - [2025-06-03T13:39:50.841+0000] {dag.py:3834} INFO - Setting next_dagrun for example_sla_dag to 2025-06-03 13:36:00+00:00, run_after=2025-06-03 13:38:00+00:00
[2025-06-03T13:39:50.847+0000] {processor.py:183} INFO - Processing /home/airflow/.local/lib/python3.8/site-packages/airflow/example_dags/example_sla_dag.py took 0.026 seconds
[2025-06-03T13:40:21.545+0000] {processor.py:161} INFO - Started process (PID=2586) to work on /home/airflow/.local/lib/python3.8/site-packages/airflow/example_dags/example_sla_dag.py
[2025-06-03T13:40:21.545+0000] {processor.py:830} INFO - Processing file /home/airflow/.local/lib/python3.8/site-packages/airflow/example_dags/example_sla_dag.py for tasks to queue
[2025-06-03T13:40:21.546+0000] {logging_mixin.py:188} INFO - [2025-06-03T13:40:21.546+0000] {dagbag.py:540} INFO - Filling up the DagBag from /home/airflow/.local/lib/python3.8/site-packages/airflow/example_dags/example_sla_dag.py
[2025-06-03T13:40:21.550+0000] {processor.py:840} INFO - DAG(s) 'example_sla_dag' retrieved from /home/airflow/.local/lib/python3.8/site-packages/airflow/example_dags/example_sla_dag.py
[2025-06-03T13:40:21.559+0000] {logging_mixin.py:188} INFO - [2025-06-03T13:40:21.559+0000] {dag.py:3047} INFO - Sync 1 DAGs
[2025-06-03T13:40:21.568+0000] {logging_mixin.py:188} INFO - [2025-06-03T13:40:21.568+0000] {dag.py:3834} INFO - Setting next_dagrun for example_sla_dag to 2025-06-03 13:38:00+00:00, run_after=2025-06-03 13:40:00+00:00
[2025-06-03T13:40:21.575+0000] {processor.py:183} INFO - Processing /home/airflow/.local/lib/python3.8/site-packages/airflow/example_dags/example_sla_dag.py took 0.032 seconds
