[2025-06-03T13:16:59.381+0000] {processor.py:161} INFO - Started process (PID=87) to work on /home/airflow/.local/lib/python3.8/site-packages/airflow/example_dags/example_latest_only.py
[2025-06-03T13:16:59.384+0000] {processor.py:830} INFO - Processing file /home/airflow/.local/lib/python3.8/site-packages/airflow/example_dags/example_latest_only.py for tasks to queue
[2025-06-03T13:16:59.385+0000] {logging_mixin.py:188} INFO - [2025-06-03T13:16:59.385+0000] {dagbag.py:540} INFO - Filling up the DagBag from /home/airflow/.local/lib/python3.8/site-packages/airflow/example_dags/example_latest_only.py
[2025-06-03T13:16:59.389+0000] {processor.py:840} INFO - DAG(s) 'latest_only' retrieved from /home/airflow/.local/lib/python3.8/site-packages/airflow/example_dags/example_latest_only.py
[2025-06-03T13:16:59.396+0000] {logging_mixin.py:188} INFO - [2025-06-03T13:16:59.395+0000] {dag.py:3047} INFO - Sync 1 DAGs
[2025-06-03T13:16:59.406+0000] {logging_mixin.py:188} INFO - [2025-06-03T13:16:59.406+0000] {dag.py:3834} INFO - Setting next_dagrun for latest_only to 2025-06-03 08:00:00+00:00, run_after=2025-06-03 12:00:00+00:00
[2025-06-03T13:16:59.414+0000] {processor.py:183} INFO - Processing /home/airflow/.local/lib/python3.8/site-packages/airflow/example_dags/example_latest_only.py took 0.035 seconds
[2025-06-03T13:17:30.458+0000] {processor.py:161} INFO - Started process (PID=142) to work on /home/airflow/.local/lib/python3.8/site-packages/airflow/example_dags/example_latest_only.py
[2025-06-03T13:17:30.458+0000] {processor.py:830} INFO - Processing file /home/airflow/.local/lib/python3.8/site-packages/airflow/example_dags/example_latest_only.py for tasks to queue
[2025-06-03T13:17:30.459+0000] {logging_mixin.py:188} INFO - [2025-06-03T13:17:30.459+0000] {dagbag.py:540} INFO - Filling up the DagBag from /home/airflow/.local/lib/python3.8/site-packages/airflow/example_dags/example_latest_only.py
[2025-06-03T13:17:30.461+0000] {processor.py:840} INFO - DAG(s) 'latest_only' retrieved from /home/airflow/.local/lib/python3.8/site-packages/airflow/example_dags/example_latest_only.py
[2025-06-03T13:17:30.499+0000] {logging_mixin.py:188} INFO - [2025-06-03T13:17:30.499+0000] {dag.py:3047} INFO - Sync 1 DAGs
[2025-06-03T13:17:30.507+0000] {logging_mixin.py:188} INFO - [2025-06-03T13:17:30.507+0000] {dag.py:3834} INFO - Setting next_dagrun for latest_only to 2025-06-03 08:00:00+00:00, run_after=2025-06-03 12:00:00+00:00
[2025-06-03T13:17:30.514+0000] {processor.py:183} INFO - Processing /home/airflow/.local/lib/python3.8/site-packages/airflow/example_dags/example_latest_only.py took 0.058 seconds
[2025-06-03T13:18:01.072+0000] {processor.py:161} INFO - Started process (PID=197) to work on /home/airflow/.local/lib/python3.8/site-packages/airflow/example_dags/example_latest_only.py
[2025-06-03T13:18:01.073+0000] {processor.py:830} INFO - Processing file /home/airflow/.local/lib/python3.8/site-packages/airflow/example_dags/example_latest_only.py for tasks to queue
[2025-06-03T13:18:01.073+0000] {logging_mixin.py:188} INFO - [2025-06-03T13:18:01.073+0000] {dagbag.py:540} INFO - Filling up the DagBag from /home/airflow/.local/lib/python3.8/site-packages/airflow/example_dags/example_latest_only.py
[2025-06-03T13:18:01.076+0000] {processor.py:840} INFO - DAG(s) 'latest_only' retrieved from /home/airflow/.local/lib/python3.8/site-packages/airflow/example_dags/example_latest_only.py
[2025-06-03T13:18:01.084+0000] {logging_mixin.py:188} INFO - [2025-06-03T13:18:01.084+0000] {dag.py:3047} INFO - Sync 1 DAGs
[2025-06-03T13:18:01.093+0000] {logging_mixin.py:188} INFO - [2025-06-03T13:18:01.093+0000] {dag.py:3834} INFO - Setting next_dagrun for latest_only to 2025-06-03 08:00:00+00:00, run_after=2025-06-03 12:00:00+00:00
[2025-06-03T13:18:01.101+0000] {processor.py:183} INFO - Processing /home/airflow/.local/lib/python3.8/site-packages/airflow/example_dags/example_latest_only.py took 0.031 seconds
[2025-06-03T13:18:31.691+0000] {processor.py:161} INFO - Started process (PID=252) to work on /home/airflow/.local/lib/python3.8/site-packages/airflow/example_dags/example_latest_only.py
[2025-06-03T13:18:31.695+0000] {processor.py:830} INFO - Processing file /home/airflow/.local/lib/python3.8/site-packages/airflow/example_dags/example_latest_only.py for tasks to queue
[2025-06-03T13:18:31.700+0000] {logging_mixin.py:188} INFO - [2025-06-03T13:18:31.700+0000] {dagbag.py:540} INFO - Filling up the DagBag from /home/airflow/.local/lib/python3.8/site-packages/airflow/example_dags/example_latest_only.py
[2025-06-03T13:18:31.703+0000] {processor.py:840} INFO - DAG(s) 'latest_only' retrieved from /home/airflow/.local/lib/python3.8/site-packages/airflow/example_dags/example_latest_only.py
[2025-06-03T13:18:31.712+0000] {logging_mixin.py:188} INFO - [2025-06-03T13:18:31.712+0000] {dag.py:3047} INFO - Sync 1 DAGs
[2025-06-03T13:18:31.725+0000] {logging_mixin.py:188} INFO - [2025-06-03T13:18:31.725+0000] {dag.py:3834} INFO - Setting next_dagrun for latest_only to 2025-06-03 08:00:00+00:00, run_after=2025-06-03 12:00:00+00:00
[2025-06-03T13:18:31.734+0000] {processor.py:183} INFO - Processing /home/airflow/.local/lib/python3.8/site-packages/airflow/example_dags/example_latest_only.py took 0.044 seconds
[2025-06-03T13:19:02.178+0000] {processor.py:161} INFO - Started process (PID=307) to work on /home/airflow/.local/lib/python3.8/site-packages/airflow/example_dags/example_latest_only.py
[2025-06-03T13:19:02.179+0000] {processor.py:830} INFO - Processing file /home/airflow/.local/lib/python3.8/site-packages/airflow/example_dags/example_latest_only.py for tasks to queue
[2025-06-03T13:19:02.180+0000] {logging_mixin.py:188} INFO - [2025-06-03T13:19:02.180+0000] {dagbag.py:540} INFO - Filling up the DagBag from /home/airflow/.local/lib/python3.8/site-packages/airflow/example_dags/example_latest_only.py
[2025-06-03T13:19:02.183+0000] {processor.py:840} INFO - DAG(s) 'latest_only' retrieved from /home/airflow/.local/lib/python3.8/site-packages/airflow/example_dags/example_latest_only.py
[2025-06-03T13:19:02.192+0000] {logging_mixin.py:188} INFO - [2025-06-03T13:19:02.192+0000] {dag.py:3047} INFO - Sync 1 DAGs
[2025-06-03T13:19:02.201+0000] {logging_mixin.py:188} INFO - [2025-06-03T13:19:02.201+0000] {dag.py:3834} INFO - Setting next_dagrun for latest_only to 2025-06-03 08:00:00+00:00, run_after=2025-06-03 12:00:00+00:00
[2025-06-03T13:19:02.209+0000] {processor.py:183} INFO - Processing /home/airflow/.local/lib/python3.8/site-packages/airflow/example_dags/example_latest_only.py took 0.032 seconds
[2025-06-03T13:19:32.859+0000] {processor.py:161} INFO - Started process (PID=362) to work on /home/airflow/.local/lib/python3.8/site-packages/airflow/example_dags/example_latest_only.py
[2025-06-03T13:19:32.860+0000] {processor.py:830} INFO - Processing file /home/airflow/.local/lib/python3.8/site-packages/airflow/example_dags/example_latest_only.py for tasks to queue
[2025-06-03T13:19:32.864+0000] {logging_mixin.py:188} INFO - [2025-06-03T13:19:32.864+0000] {dagbag.py:540} INFO - Filling up the DagBag from /home/airflow/.local/lib/python3.8/site-packages/airflow/example_dags/example_latest_only.py
[2025-06-03T13:19:32.867+0000] {processor.py:840} INFO - DAG(s) 'latest_only' retrieved from /home/airflow/.local/lib/python3.8/site-packages/airflow/example_dags/example_latest_only.py
[2025-06-03T13:19:32.877+0000] {logging_mixin.py:188} INFO - [2025-06-03T13:19:32.877+0000] {dag.py:3047} INFO - Sync 1 DAGs
[2025-06-03T13:19:32.888+0000] {logging_mixin.py:188} INFO - [2025-06-03T13:19:32.888+0000] {dag.py:3834} INFO - Setting next_dagrun for latest_only to 2025-06-03 08:00:00+00:00, run_after=2025-06-03 12:00:00+00:00
[2025-06-03T13:19:32.897+0000] {processor.py:183} INFO - Processing /home/airflow/.local/lib/python3.8/site-packages/airflow/example_dags/example_latest_only.py took 0.041 seconds
[2025-06-03T13:20:03.468+0000] {processor.py:161} INFO - Started process (PID=417) to work on /home/airflow/.local/lib/python3.8/site-packages/airflow/example_dags/example_latest_only.py
[2025-06-03T13:20:03.469+0000] {processor.py:830} INFO - Processing file /home/airflow/.local/lib/python3.8/site-packages/airflow/example_dags/example_latest_only.py for tasks to queue
[2025-06-03T13:20:03.470+0000] {logging_mixin.py:188} INFO - [2025-06-03T13:20:03.469+0000] {dagbag.py:540} INFO - Filling up the DagBag from /home/airflow/.local/lib/python3.8/site-packages/airflow/example_dags/example_latest_only.py
[2025-06-03T13:20:03.471+0000] {processor.py:840} INFO - DAG(s) 'latest_only' retrieved from /home/airflow/.local/lib/python3.8/site-packages/airflow/example_dags/example_latest_only.py
[2025-06-03T13:20:03.480+0000] {logging_mixin.py:188} INFO - [2025-06-03T13:20:03.480+0000] {dag.py:3047} INFO - Sync 1 DAGs
[2025-06-03T13:20:03.491+0000] {logging_mixin.py:188} INFO - [2025-06-03T13:20:03.491+0000] {dag.py:3834} INFO - Setting next_dagrun for latest_only to 2025-06-03 08:00:00+00:00, run_after=2025-06-03 12:00:00+00:00
[2025-06-03T13:20:03.499+0000] {processor.py:183} INFO - Processing /home/airflow/.local/lib/python3.8/site-packages/airflow/example_dags/example_latest_only.py took 0.032 seconds
[2025-06-03T13:20:34.271+0000] {processor.py:161} INFO - Started process (PID=472) to work on /home/airflow/.local/lib/python3.8/site-packages/airflow/example_dags/example_latest_only.py
[2025-06-03T13:20:34.272+0000] {processor.py:830} INFO - Processing file /home/airflow/.local/lib/python3.8/site-packages/airflow/example_dags/example_latest_only.py for tasks to queue
[2025-06-03T13:20:34.274+0000] {logging_mixin.py:188} INFO - [2025-06-03T13:20:34.274+0000] {dagbag.py:540} INFO - Filling up the DagBag from /home/airflow/.local/lib/python3.8/site-packages/airflow/example_dags/example_latest_only.py
[2025-06-03T13:20:34.276+0000] {processor.py:840} INFO - DAG(s) 'latest_only' retrieved from /home/airflow/.local/lib/python3.8/site-packages/airflow/example_dags/example_latest_only.py
[2025-06-03T13:20:34.285+0000] {logging_mixin.py:188} INFO - [2025-06-03T13:20:34.285+0000] {dag.py:3047} INFO - Sync 1 DAGs
[2025-06-03T13:20:34.293+0000] {logging_mixin.py:188} INFO - [2025-06-03T13:20:34.293+0000] {dag.py:3834} INFO - Setting next_dagrun for latest_only to 2025-06-03 08:00:00+00:00, run_after=2025-06-03 12:00:00+00:00
[2025-06-03T13:20:34.303+0000] {processor.py:183} INFO - Processing /home/airflow/.local/lib/python3.8/site-packages/airflow/example_dags/example_latest_only.py took 0.033 seconds
[2025-06-03T13:21:05.161+0000] {processor.py:161} INFO - Started process (PID=527) to work on /home/airflow/.local/lib/python3.8/site-packages/airflow/example_dags/example_latest_only.py
[2025-06-03T13:21:05.163+0000] {processor.py:830} INFO - Processing file /home/airflow/.local/lib/python3.8/site-packages/airflow/example_dags/example_latest_only.py for tasks to queue
[2025-06-03T13:21:05.165+0000] {logging_mixin.py:188} INFO - [2025-06-03T13:21:05.164+0000] {dagbag.py:540} INFO - Filling up the DagBag from /home/airflow/.local/lib/python3.8/site-packages/airflow/example_dags/example_latest_only.py
[2025-06-03T13:21:05.168+0000] {processor.py:840} INFO - DAG(s) 'latest_only' retrieved from /home/airflow/.local/lib/python3.8/site-packages/airflow/example_dags/example_latest_only.py
[2025-06-03T13:21:05.178+0000] {logging_mixin.py:188} INFO - [2025-06-03T13:21:05.178+0000] {dag.py:3047} INFO - Sync 1 DAGs
[2025-06-03T13:21:05.187+0000] {logging_mixin.py:188} INFO - [2025-06-03T13:21:05.187+0000] {dag.py:3834} INFO - Setting next_dagrun for latest_only to 2025-06-03 08:00:00+00:00, run_after=2025-06-03 12:00:00+00:00
[2025-06-03T13:21:05.197+0000] {processor.py:183} INFO - Processing /home/airflow/.local/lib/python3.8/site-packages/airflow/example_dags/example_latest_only.py took 0.039 seconds
[2025-06-03T13:21:35.998+0000] {processor.py:161} INFO - Started process (PID=582) to work on /home/airflow/.local/lib/python3.8/site-packages/airflow/example_dags/example_latest_only.py
[2025-06-03T13:21:35.999+0000] {processor.py:830} INFO - Processing file /home/airflow/.local/lib/python3.8/site-packages/airflow/example_dags/example_latest_only.py for tasks to queue
[2025-06-03T13:21:36.000+0000] {logging_mixin.py:188} INFO - [2025-06-03T13:21:36.000+0000] {dagbag.py:540} INFO - Filling up the DagBag from /home/airflow/.local/lib/python3.8/site-packages/airflow/example_dags/example_latest_only.py
[2025-06-03T13:21:36.004+0000] {processor.py:840} INFO - DAG(s) 'latest_only' retrieved from /home/airflow/.local/lib/python3.8/site-packages/airflow/example_dags/example_latest_only.py
[2025-06-03T13:21:36.017+0000] {logging_mixin.py:188} INFO - [2025-06-03T13:21:36.017+0000] {dag.py:3047} INFO - Sync 1 DAGs
[2025-06-03T13:21:36.030+0000] {logging_mixin.py:188} INFO - [2025-06-03T13:21:36.030+0000] {dag.py:3834} INFO - Setting next_dagrun for latest_only to 2025-06-03 08:00:00+00:00, run_after=2025-06-03 12:00:00+00:00
[2025-06-03T13:21:36.046+0000] {processor.py:183} INFO - Processing /home/airflow/.local/lib/python3.8/site-packages/airflow/example_dags/example_latest_only.py took 0.050 seconds
[2025-06-03T13:22:06.966+0000] {processor.py:161} INFO - Started process (PID=637) to work on /home/airflow/.local/lib/python3.8/site-packages/airflow/example_dags/example_latest_only.py
[2025-06-03T13:22:06.967+0000] {processor.py:830} INFO - Processing file /home/airflow/.local/lib/python3.8/site-packages/airflow/example_dags/example_latest_only.py for tasks to queue
[2025-06-03T13:22:06.967+0000] {logging_mixin.py:188} INFO - [2025-06-03T13:22:06.967+0000] {dagbag.py:540} INFO - Filling up the DagBag from /home/airflow/.local/lib/python3.8/site-packages/airflow/example_dags/example_latest_only.py
[2025-06-03T13:22:06.969+0000] {processor.py:840} INFO - DAG(s) 'latest_only' retrieved from /home/airflow/.local/lib/python3.8/site-packages/airflow/example_dags/example_latest_only.py
[2025-06-03T13:22:06.980+0000] {logging_mixin.py:188} INFO - [2025-06-03T13:22:06.980+0000] {dag.py:3047} INFO - Sync 1 DAGs
[2025-06-03T13:22:06.990+0000] {logging_mixin.py:188} INFO - [2025-06-03T13:22:06.990+0000] {dag.py:3834} INFO - Setting next_dagrun for latest_only to 2025-06-03 08:00:00+00:00, run_after=2025-06-03 12:00:00+00:00
[2025-06-03T13:22:06.997+0000] {processor.py:183} INFO - Processing /home/airflow/.local/lib/python3.8/site-packages/airflow/example_dags/example_latest_only.py took 0.033 seconds
[2025-06-03T13:22:37.924+0000] {processor.py:161} INFO - Started process (PID=692) to work on /home/airflow/.local/lib/python3.8/site-packages/airflow/example_dags/example_latest_only.py
[2025-06-03T13:22:37.925+0000] {processor.py:830} INFO - Processing file /home/airflow/.local/lib/python3.8/site-packages/airflow/example_dags/example_latest_only.py for tasks to queue
[2025-06-03T13:22:37.926+0000] {logging_mixin.py:188} INFO - [2025-06-03T13:22:37.926+0000] {dagbag.py:540} INFO - Filling up the DagBag from /home/airflow/.local/lib/python3.8/site-packages/airflow/example_dags/example_latest_only.py
[2025-06-03T13:22:37.928+0000] {processor.py:840} INFO - DAG(s) 'latest_only' retrieved from /home/airflow/.local/lib/python3.8/site-packages/airflow/example_dags/example_latest_only.py
[2025-06-03T13:22:37.939+0000] {logging_mixin.py:188} INFO - [2025-06-03T13:22:37.939+0000] {dag.py:3047} INFO - Sync 1 DAGs
[2025-06-03T13:22:37.950+0000] {logging_mixin.py:188} INFO - [2025-06-03T13:22:37.949+0000] {dag.py:3834} INFO - Setting next_dagrun for latest_only to 2025-06-03 08:00:00+00:00, run_after=2025-06-03 12:00:00+00:00
[2025-06-03T13:22:37.956+0000] {processor.py:183} INFO - Processing /home/airflow/.local/lib/python3.8/site-packages/airflow/example_dags/example_latest_only.py took 0.033 seconds
[2025-06-03T13:23:08.798+0000] {processor.py:161} INFO - Started process (PID=747) to work on /home/airflow/.local/lib/python3.8/site-packages/airflow/example_dags/example_latest_only.py
[2025-06-03T13:23:08.802+0000] {processor.py:830} INFO - Processing file /home/airflow/.local/lib/python3.8/site-packages/airflow/example_dags/example_latest_only.py for tasks to queue
[2025-06-03T13:23:08.805+0000] {logging_mixin.py:188} INFO - [2025-06-03T13:23:08.805+0000] {dagbag.py:540} INFO - Filling up the DagBag from /home/airflow/.local/lib/python3.8/site-packages/airflow/example_dags/example_latest_only.py
[2025-06-03T13:23:08.808+0000] {processor.py:840} INFO - DAG(s) 'latest_only' retrieved from /home/airflow/.local/lib/python3.8/site-packages/airflow/example_dags/example_latest_only.py
[2025-06-03T13:23:08.819+0000] {logging_mixin.py:188} INFO - [2025-06-03T13:23:08.819+0000] {dag.py:3047} INFO - Sync 1 DAGs
[2025-06-03T13:23:08.829+0000] {logging_mixin.py:188} INFO - [2025-06-03T13:23:08.829+0000] {dag.py:3834} INFO - Setting next_dagrun for latest_only to 2025-06-03 08:00:00+00:00, run_after=2025-06-03 12:00:00+00:00
[2025-06-03T13:23:08.840+0000] {processor.py:183} INFO - Processing /home/airflow/.local/lib/python3.8/site-packages/airflow/example_dags/example_latest_only.py took 0.043 seconds
[2025-06-03T13:23:39.883+0000] {processor.py:161} INFO - Started process (PID=802) to work on /home/airflow/.local/lib/python3.8/site-packages/airflow/example_dags/example_latest_only.py
[2025-06-03T13:23:39.884+0000] {processor.py:830} INFO - Processing file /home/airflow/.local/lib/python3.8/site-packages/airflow/example_dags/example_latest_only.py for tasks to queue
[2025-06-03T13:23:39.885+0000] {logging_mixin.py:188} INFO - [2025-06-03T13:23:39.885+0000] {dagbag.py:540} INFO - Filling up the DagBag from /home/airflow/.local/lib/python3.8/site-packages/airflow/example_dags/example_latest_only.py
[2025-06-03T13:23:39.889+0000] {processor.py:840} INFO - DAG(s) 'latest_only' retrieved from /home/airflow/.local/lib/python3.8/site-packages/airflow/example_dags/example_latest_only.py
[2025-06-03T13:23:39.914+0000] {logging_mixin.py:188} INFO - [2025-06-03T13:23:39.914+0000] {dag.py:3047} INFO - Sync 1 DAGs
[2025-06-03T13:23:39.926+0000] {logging_mixin.py:188} INFO - [2025-06-03T13:23:39.926+0000] {dag.py:3834} INFO - Setting next_dagrun for latest_only to 2025-06-03 08:00:00+00:00, run_after=2025-06-03 12:00:00+00:00
[2025-06-03T13:23:39.934+0000] {processor.py:183} INFO - Processing /home/airflow/.local/lib/python3.8/site-packages/airflow/example_dags/example_latest_only.py took 0.055 seconds
[2025-06-03T13:24:10.016+0000] {processor.py:161} INFO - Started process (PID=857) to work on /home/airflow/.local/lib/python3.8/site-packages/airflow/example_dags/example_latest_only.py
[2025-06-03T13:24:10.017+0000] {processor.py:830} INFO - Processing file /home/airflow/.local/lib/python3.8/site-packages/airflow/example_dags/example_latest_only.py for tasks to queue
[2025-06-03T13:24:10.018+0000] {logging_mixin.py:188} INFO - [2025-06-03T13:24:10.018+0000] {dagbag.py:540} INFO - Filling up the DagBag from /home/airflow/.local/lib/python3.8/site-packages/airflow/example_dags/example_latest_only.py
[2025-06-03T13:24:10.020+0000] {processor.py:840} INFO - DAG(s) 'latest_only' retrieved from /home/airflow/.local/lib/python3.8/site-packages/airflow/example_dags/example_latest_only.py
[2025-06-03T13:24:10.028+0000] {logging_mixin.py:188} INFO - [2025-06-03T13:24:10.028+0000] {dag.py:3047} INFO - Sync 1 DAGs
[2025-06-03T13:24:10.035+0000] {logging_mixin.py:188} INFO - [2025-06-03T13:24:10.035+0000] {dag.py:3834} INFO - Setting next_dagrun for latest_only to 2025-06-03 08:00:00+00:00, run_after=2025-06-03 12:00:00+00:00
[2025-06-03T13:24:10.040+0000] {processor.py:183} INFO - Processing /home/airflow/.local/lib/python3.8/site-packages/airflow/example_dags/example_latest_only.py took 0.025 seconds
[2025-06-03T13:24:40.771+0000] {processor.py:161} INFO - Started process (PID=912) to work on /home/airflow/.local/lib/python3.8/site-packages/airflow/example_dags/example_latest_only.py
[2025-06-03T13:24:40.771+0000] {processor.py:830} INFO - Processing file /home/airflow/.local/lib/python3.8/site-packages/airflow/example_dags/example_latest_only.py for tasks to queue
[2025-06-03T13:24:40.772+0000] {logging_mixin.py:188} INFO - [2025-06-03T13:24:40.772+0000] {dagbag.py:540} INFO - Filling up the DagBag from /home/airflow/.local/lib/python3.8/site-packages/airflow/example_dags/example_latest_only.py
[2025-06-03T13:24:40.774+0000] {processor.py:840} INFO - DAG(s) 'latest_only' retrieved from /home/airflow/.local/lib/python3.8/site-packages/airflow/example_dags/example_latest_only.py
[2025-06-03T13:24:40.782+0000] {logging_mixin.py:188} INFO - [2025-06-03T13:24:40.782+0000] {dag.py:3047} INFO - Sync 1 DAGs
[2025-06-03T13:24:40.790+0000] {logging_mixin.py:188} INFO - [2025-06-03T13:24:40.790+0000] {dag.py:3834} INFO - Setting next_dagrun for latest_only to 2025-06-03 08:00:00+00:00, run_after=2025-06-03 12:00:00+00:00
[2025-06-03T13:24:40.796+0000] {processor.py:183} INFO - Processing /home/airflow/.local/lib/python3.8/site-packages/airflow/example_dags/example_latest_only.py took 0.026 seconds
[2025-06-03T13:25:11.637+0000] {processor.py:161} INFO - Started process (PID=967) to work on /home/airflow/.local/lib/python3.8/site-packages/airflow/example_dags/example_latest_only.py
[2025-06-03T13:25:11.641+0000] {processor.py:830} INFO - Processing file /home/airflow/.local/lib/python3.8/site-packages/airflow/example_dags/example_latest_only.py for tasks to queue
[2025-06-03T13:25:11.641+0000] {logging_mixin.py:188} INFO - [2025-06-03T13:25:11.641+0000] {dagbag.py:540} INFO - Filling up the DagBag from /home/airflow/.local/lib/python3.8/site-packages/airflow/example_dags/example_latest_only.py
[2025-06-03T13:25:11.644+0000] {processor.py:840} INFO - DAG(s) 'latest_only' retrieved from /home/airflow/.local/lib/python3.8/site-packages/airflow/example_dags/example_latest_only.py
[2025-06-03T13:25:11.651+0000] {logging_mixin.py:188} INFO - [2025-06-03T13:25:11.651+0000] {dag.py:3047} INFO - Sync 1 DAGs
[2025-06-03T13:25:11.658+0000] {logging_mixin.py:188} INFO - [2025-06-03T13:25:11.658+0000] {dag.py:3834} INFO - Setting next_dagrun for latest_only to 2025-06-03 08:00:00+00:00, run_after=2025-06-03 12:00:00+00:00
[2025-06-03T13:25:11.665+0000] {processor.py:183} INFO - Processing /home/airflow/.local/lib/python3.8/site-packages/airflow/example_dags/example_latest_only.py took 0.029 seconds
[2025-06-03T13:25:42.313+0000] {processor.py:161} INFO - Started process (PID=1022) to work on /home/airflow/.local/lib/python3.8/site-packages/airflow/example_dags/example_latest_only.py
[2025-06-03T13:25:42.314+0000] {processor.py:830} INFO - Processing file /home/airflow/.local/lib/python3.8/site-packages/airflow/example_dags/example_latest_only.py for tasks to queue
[2025-06-03T13:25:42.315+0000] {logging_mixin.py:188} INFO - [2025-06-03T13:25:42.315+0000] {dagbag.py:540} INFO - Filling up the DagBag from /home/airflow/.local/lib/python3.8/site-packages/airflow/example_dags/example_latest_only.py
[2025-06-03T13:25:42.322+0000] {processor.py:840} INFO - DAG(s) 'latest_only' retrieved from /home/airflow/.local/lib/python3.8/site-packages/airflow/example_dags/example_latest_only.py
[2025-06-03T13:25:42.334+0000] {logging_mixin.py:188} INFO - [2025-06-03T13:25:42.334+0000] {dag.py:3047} INFO - Sync 1 DAGs
[2025-06-03T13:25:42.344+0000] {logging_mixin.py:188} INFO - [2025-06-03T13:25:42.344+0000] {dag.py:3834} INFO - Setting next_dagrun for latest_only to 2025-06-03 08:00:00+00:00, run_after=2025-06-03 12:00:00+00:00
[2025-06-03T13:25:42.352+0000] {processor.py:183} INFO - Processing /home/airflow/.local/lib/python3.8/site-packages/airflow/example_dags/example_latest_only.py took 0.040 seconds
[2025-06-03T13:26:13.347+0000] {processor.py:161} INFO - Started process (PID=1077) to work on /home/airflow/.local/lib/python3.8/site-packages/airflow/example_dags/example_latest_only.py
[2025-06-03T13:26:13.348+0000] {processor.py:830} INFO - Processing file /home/airflow/.local/lib/python3.8/site-packages/airflow/example_dags/example_latest_only.py for tasks to queue
[2025-06-03T13:26:13.352+0000] {logging_mixin.py:188} INFO - [2025-06-03T13:26:13.352+0000] {dagbag.py:540} INFO - Filling up the DagBag from /home/airflow/.local/lib/python3.8/site-packages/airflow/example_dags/example_latest_only.py
[2025-06-03T13:26:13.355+0000] {processor.py:840} INFO - DAG(s) 'latest_only' retrieved from /home/airflow/.local/lib/python3.8/site-packages/airflow/example_dags/example_latest_only.py
[2025-06-03T13:26:13.366+0000] {logging_mixin.py:188} INFO - [2025-06-03T13:26:13.366+0000] {dag.py:3047} INFO - Sync 1 DAGs
[2025-06-03T13:26:13.381+0000] {logging_mixin.py:188} INFO - [2025-06-03T13:26:13.381+0000] {dag.py:3834} INFO - Setting next_dagrun for latest_only to 2025-06-03 08:00:00+00:00, run_after=2025-06-03 12:00:00+00:00
[2025-06-03T13:26:13.389+0000] {processor.py:183} INFO - Processing /home/airflow/.local/lib/python3.8/site-packages/airflow/example_dags/example_latest_only.py took 0.044 seconds
[2025-06-03T13:26:43.455+0000] {processor.py:161} INFO - Started process (PID=1132) to work on /home/airflow/.local/lib/python3.8/site-packages/airflow/example_dags/example_latest_only.py
[2025-06-03T13:26:43.455+0000] {processor.py:830} INFO - Processing file /home/airflow/.local/lib/python3.8/site-packages/airflow/example_dags/example_latest_only.py for tasks to queue
[2025-06-03T13:26:43.456+0000] {logging_mixin.py:188} INFO - [2025-06-03T13:26:43.456+0000] {dagbag.py:540} INFO - Filling up the DagBag from /home/airflow/.local/lib/python3.8/site-packages/airflow/example_dags/example_latest_only.py
[2025-06-03T13:26:43.458+0000] {processor.py:840} INFO - DAG(s) 'latest_only' retrieved from /home/airflow/.local/lib/python3.8/site-packages/airflow/example_dags/example_latest_only.py
[2025-06-03T13:26:43.466+0000] {logging_mixin.py:188} INFO - [2025-06-03T13:26:43.466+0000] {dag.py:3047} INFO - Sync 1 DAGs
[2025-06-03T13:26:43.475+0000] {logging_mixin.py:188} INFO - [2025-06-03T13:26:43.475+0000] {dag.py:3834} INFO - Setting next_dagrun for latest_only to 2025-06-03 08:00:00+00:00, run_after=2025-06-03 12:00:00+00:00
[2025-06-03T13:26:43.481+0000] {processor.py:183} INFO - Processing /home/airflow/.local/lib/python3.8/site-packages/airflow/example_dags/example_latest_only.py took 0.028 seconds
[2025-06-03T13:27:14.091+0000] {processor.py:161} INFO - Started process (PID=1187) to work on /home/airflow/.local/lib/python3.8/site-packages/airflow/example_dags/example_latest_only.py
[2025-06-03T13:27:14.091+0000] {processor.py:830} INFO - Processing file /home/airflow/.local/lib/python3.8/site-packages/airflow/example_dags/example_latest_only.py for tasks to queue
[2025-06-03T13:27:14.092+0000] {logging_mixin.py:188} INFO - [2025-06-03T13:27:14.092+0000] {dagbag.py:540} INFO - Filling up the DagBag from /home/airflow/.local/lib/python3.8/site-packages/airflow/example_dags/example_latest_only.py
[2025-06-03T13:27:14.094+0000] {processor.py:840} INFO - DAG(s) 'latest_only' retrieved from /home/airflow/.local/lib/python3.8/site-packages/airflow/example_dags/example_latest_only.py
[2025-06-03T13:27:14.103+0000] {logging_mixin.py:188} INFO - [2025-06-03T13:27:14.103+0000] {dag.py:3047} INFO - Sync 1 DAGs
[2025-06-03T13:27:14.113+0000] {logging_mixin.py:188} INFO - [2025-06-03T13:27:14.113+0000] {dag.py:3834} INFO - Setting next_dagrun for latest_only to 2025-06-03 08:00:00+00:00, run_after=2025-06-03 12:00:00+00:00
[2025-06-03T13:27:14.123+0000] {processor.py:183} INFO - Processing /home/airflow/.local/lib/python3.8/site-packages/airflow/example_dags/example_latest_only.py took 0.034 seconds
[2025-06-03T13:27:44.637+0000] {processor.py:161} INFO - Started process (PID=1242) to work on /home/airflow/.local/lib/python3.8/site-packages/airflow/example_dags/example_latest_only.py
[2025-06-03T13:27:44.639+0000] {processor.py:830} INFO - Processing file /home/airflow/.local/lib/python3.8/site-packages/airflow/example_dags/example_latest_only.py for tasks to queue
[2025-06-03T13:27:44.640+0000] {logging_mixin.py:188} INFO - [2025-06-03T13:27:44.640+0000] {dagbag.py:540} INFO - Filling up the DagBag from /home/airflow/.local/lib/python3.8/site-packages/airflow/example_dags/example_latest_only.py
[2025-06-03T13:27:44.643+0000] {processor.py:840} INFO - DAG(s) 'latest_only' retrieved from /home/airflow/.local/lib/python3.8/site-packages/airflow/example_dags/example_latest_only.py
[2025-06-03T13:27:44.652+0000] {logging_mixin.py:188} INFO - [2025-06-03T13:27:44.652+0000] {dag.py:3047} INFO - Sync 1 DAGs
[2025-06-03T13:27:44.661+0000] {logging_mixin.py:188} INFO - [2025-06-03T13:27:44.660+0000] {dag.py:3834} INFO - Setting next_dagrun for latest_only to 2025-06-03 08:00:00+00:00, run_after=2025-06-03 12:00:00+00:00
[2025-06-03T13:27:44.669+0000] {processor.py:183} INFO - Processing /home/airflow/.local/lib/python3.8/site-packages/airflow/example_dags/example_latest_only.py took 0.034 seconds
[2025-06-03T13:28:15.274+0000] {processor.py:161} INFO - Started process (PID=1297) to work on /home/airflow/.local/lib/python3.8/site-packages/airflow/example_dags/example_latest_only.py
[2025-06-03T13:28:15.275+0000] {processor.py:830} INFO - Processing file /home/airflow/.local/lib/python3.8/site-packages/airflow/example_dags/example_latest_only.py for tasks to queue
[2025-06-03T13:28:15.275+0000] {logging_mixin.py:188} INFO - [2025-06-03T13:28:15.275+0000] {dagbag.py:540} INFO - Filling up the DagBag from /home/airflow/.local/lib/python3.8/site-packages/airflow/example_dags/example_latest_only.py
[2025-06-03T13:28:15.277+0000] {processor.py:840} INFO - DAG(s) 'latest_only' retrieved from /home/airflow/.local/lib/python3.8/site-packages/airflow/example_dags/example_latest_only.py
[2025-06-03T13:28:15.289+0000] {logging_mixin.py:188} INFO - [2025-06-03T13:28:15.289+0000] {dag.py:3047} INFO - Sync 1 DAGs
[2025-06-03T13:28:15.297+0000] {logging_mixin.py:188} INFO - [2025-06-03T13:28:15.297+0000] {dag.py:3834} INFO - Setting next_dagrun for latest_only to 2025-06-03 08:00:00+00:00, run_after=2025-06-03 12:00:00+00:00
[2025-06-03T13:28:15.306+0000] {processor.py:183} INFO - Processing /home/airflow/.local/lib/python3.8/site-packages/airflow/example_dags/example_latest_only.py took 0.033 seconds
[2025-06-03T13:28:45.993+0000] {processor.py:161} INFO - Started process (PID=1352) to work on /home/airflow/.local/lib/python3.8/site-packages/airflow/example_dags/example_latest_only.py
[2025-06-03T13:28:45.994+0000] {processor.py:830} INFO - Processing file /home/airflow/.local/lib/python3.8/site-packages/airflow/example_dags/example_latest_only.py for tasks to queue
[2025-06-03T13:28:45.995+0000] {logging_mixin.py:188} INFO - [2025-06-03T13:28:45.995+0000] {dagbag.py:540} INFO - Filling up the DagBag from /home/airflow/.local/lib/python3.8/site-packages/airflow/example_dags/example_latest_only.py
[2025-06-03T13:28:46.000+0000] {processor.py:840} INFO - DAG(s) 'latest_only' retrieved from /home/airflow/.local/lib/python3.8/site-packages/airflow/example_dags/example_latest_only.py
[2025-06-03T13:28:46.010+0000] {logging_mixin.py:188} INFO - [2025-06-03T13:28:46.010+0000] {dag.py:3047} INFO - Sync 1 DAGs
[2025-06-03T13:28:46.025+0000] {logging_mixin.py:188} INFO - [2025-06-03T13:28:46.025+0000] {dag.py:3834} INFO - Setting next_dagrun for latest_only to 2025-06-03 08:00:00+00:00, run_after=2025-06-03 12:00:00+00:00
[2025-06-03T13:28:46.041+0000] {processor.py:183} INFO - Processing /home/airflow/.local/lib/python3.8/site-packages/airflow/example_dags/example_latest_only.py took 0.050 seconds
[2025-06-03T13:29:16.085+0000] {processor.py:161} INFO - Started process (PID=1407) to work on /home/airflow/.local/lib/python3.8/site-packages/airflow/example_dags/example_latest_only.py
[2025-06-03T13:29:16.085+0000] {processor.py:830} INFO - Processing file /home/airflow/.local/lib/python3.8/site-packages/airflow/example_dags/example_latest_only.py for tasks to queue
[2025-06-03T13:29:16.086+0000] {logging_mixin.py:188} INFO - [2025-06-03T13:29:16.086+0000] {dagbag.py:540} INFO - Filling up the DagBag from /home/airflow/.local/lib/python3.8/site-packages/airflow/example_dags/example_latest_only.py
[2025-06-03T13:29:16.088+0000] {processor.py:840} INFO - DAG(s) 'latest_only' retrieved from /home/airflow/.local/lib/python3.8/site-packages/airflow/example_dags/example_latest_only.py
[2025-06-03T13:29:16.097+0000] {logging_mixin.py:188} INFO - [2025-06-03T13:29:16.097+0000] {dag.py:3047} INFO - Sync 1 DAGs
[2025-06-03T13:29:16.107+0000] {logging_mixin.py:188} INFO - [2025-06-03T13:29:16.107+0000] {dag.py:3834} INFO - Setting next_dagrun for latest_only to 2025-06-03 08:00:00+00:00, run_after=2025-06-03 12:00:00+00:00
[2025-06-03T13:29:16.117+0000] {processor.py:183} INFO - Processing /home/airflow/.local/lib/python3.8/site-packages/airflow/example_dags/example_latest_only.py took 0.033 seconds
[2025-06-03T13:29:46.412+0000] {processor.py:161} INFO - Started process (PID=1462) to work on /home/airflow/.local/lib/python3.8/site-packages/airflow/example_dags/example_latest_only.py
[2025-06-03T13:29:46.413+0000] {processor.py:830} INFO - Processing file /home/airflow/.local/lib/python3.8/site-packages/airflow/example_dags/example_latest_only.py for tasks to queue
[2025-06-03T13:29:46.414+0000] {logging_mixin.py:188} INFO - [2025-06-03T13:29:46.414+0000] {dagbag.py:540} INFO - Filling up the DagBag from /home/airflow/.local/lib/python3.8/site-packages/airflow/example_dags/example_latest_only.py
[2025-06-03T13:29:46.416+0000] {processor.py:840} INFO - DAG(s) 'latest_only' retrieved from /home/airflow/.local/lib/python3.8/site-packages/airflow/example_dags/example_latest_only.py
[2025-06-03T13:29:46.424+0000] {logging_mixin.py:188} INFO - [2025-06-03T13:29:46.424+0000] {dag.py:3047} INFO - Sync 1 DAGs
[2025-06-03T13:29:46.432+0000] {logging_mixin.py:188} INFO - [2025-06-03T13:29:46.432+0000] {dag.py:3834} INFO - Setting next_dagrun for latest_only to 2025-06-03 08:00:00+00:00, run_after=2025-06-03 12:00:00+00:00
[2025-06-03T13:29:46.440+0000] {processor.py:183} INFO - Processing /home/airflow/.local/lib/python3.8/site-packages/airflow/example_dags/example_latest_only.py took 0.029 seconds
[2025-06-03T13:30:16.745+0000] {processor.py:161} INFO - Started process (PID=1517) to work on /home/airflow/.local/lib/python3.8/site-packages/airflow/example_dags/example_latest_only.py
[2025-06-03T13:30:16.746+0000] {processor.py:830} INFO - Processing file /home/airflow/.local/lib/python3.8/site-packages/airflow/example_dags/example_latest_only.py for tasks to queue
[2025-06-03T13:30:16.749+0000] {logging_mixin.py:188} INFO - [2025-06-03T13:30:16.749+0000] {dagbag.py:540} INFO - Filling up the DagBag from /home/airflow/.local/lib/python3.8/site-packages/airflow/example_dags/example_latest_only.py
[2025-06-03T13:30:16.752+0000] {processor.py:840} INFO - DAG(s) 'latest_only' retrieved from /home/airflow/.local/lib/python3.8/site-packages/airflow/example_dags/example_latest_only.py
[2025-06-03T13:30:16.761+0000] {logging_mixin.py:188} INFO - [2025-06-03T13:30:16.761+0000] {dag.py:3047} INFO - Sync 1 DAGs
[2025-06-03T13:30:16.771+0000] {logging_mixin.py:188} INFO - [2025-06-03T13:30:16.771+0000] {dag.py:3834} INFO - Setting next_dagrun for latest_only to 2025-06-03 08:00:00+00:00, run_after=2025-06-03 12:00:00+00:00
[2025-06-03T13:30:16.780+0000] {processor.py:183} INFO - Processing /home/airflow/.local/lib/python3.8/site-packages/airflow/example_dags/example_latest_only.py took 0.037 seconds
[2025-06-03T13:30:47.047+0000] {processor.py:161} INFO - Started process (PID=1571) to work on /home/airflow/.local/lib/python3.8/site-packages/airflow/example_dags/example_latest_only.py
[2025-06-03T13:30:47.047+0000] {processor.py:830} INFO - Processing file /home/airflow/.local/lib/python3.8/site-packages/airflow/example_dags/example_latest_only.py for tasks to queue
[2025-06-03T13:30:47.048+0000] {logging_mixin.py:188} INFO - [2025-06-03T13:30:47.048+0000] {dagbag.py:540} INFO - Filling up the DagBag from /home/airflow/.local/lib/python3.8/site-packages/airflow/example_dags/example_latest_only.py
[2025-06-03T13:30:47.050+0000] {processor.py:840} INFO - DAG(s) 'latest_only' retrieved from /home/airflow/.local/lib/python3.8/site-packages/airflow/example_dags/example_latest_only.py
[2025-06-03T13:30:47.058+0000] {logging_mixin.py:188} INFO - [2025-06-03T13:30:47.057+0000] {dag.py:3047} INFO - Sync 1 DAGs
[2025-06-03T13:30:47.067+0000] {logging_mixin.py:188} INFO - [2025-06-03T13:30:47.067+0000] {dag.py:3834} INFO - Setting next_dagrun for latest_only to 2025-06-03 08:00:00+00:00, run_after=2025-06-03 12:00:00+00:00
[2025-06-03T13:30:47.076+0000] {processor.py:183} INFO - Processing /home/airflow/.local/lib/python3.8/site-packages/airflow/example_dags/example_latest_only.py took 0.030 seconds
[2025-06-03T13:31:17.331+0000] {processor.py:161} INFO - Started process (PID=1626) to work on /home/airflow/.local/lib/python3.8/site-packages/airflow/example_dags/example_latest_only.py
[2025-06-03T13:31:17.332+0000] {processor.py:830} INFO - Processing file /home/airflow/.local/lib/python3.8/site-packages/airflow/example_dags/example_latest_only.py for tasks to queue
[2025-06-03T13:31:17.333+0000] {logging_mixin.py:188} INFO - [2025-06-03T13:31:17.333+0000] {dagbag.py:540} INFO - Filling up the DagBag from /home/airflow/.local/lib/python3.8/site-packages/airflow/example_dags/example_latest_only.py
[2025-06-03T13:31:17.335+0000] {processor.py:840} INFO - DAG(s) 'latest_only' retrieved from /home/airflow/.local/lib/python3.8/site-packages/airflow/example_dags/example_latest_only.py
[2025-06-03T13:31:17.343+0000] {logging_mixin.py:188} INFO - [2025-06-03T13:31:17.343+0000] {dag.py:3047} INFO - Sync 1 DAGs
[2025-06-03T13:31:17.351+0000] {logging_mixin.py:188} INFO - [2025-06-03T13:31:17.351+0000] {dag.py:3834} INFO - Setting next_dagrun for latest_only to 2025-06-03 08:00:00+00:00, run_after=2025-06-03 12:00:00+00:00
[2025-06-03T13:31:17.359+0000] {processor.py:183} INFO - Processing /home/airflow/.local/lib/python3.8/site-packages/airflow/example_dags/example_latest_only.py took 0.029 seconds
[2025-06-03T13:31:47.638+0000] {processor.py:161} INFO - Started process (PID=1681) to work on /home/airflow/.local/lib/python3.8/site-packages/airflow/example_dags/example_latest_only.py
[2025-06-03T13:31:47.638+0000] {processor.py:830} INFO - Processing file /home/airflow/.local/lib/python3.8/site-packages/airflow/example_dags/example_latest_only.py for tasks to queue
[2025-06-03T13:31:47.639+0000] {logging_mixin.py:188} INFO - [2025-06-03T13:31:47.639+0000] {dagbag.py:540} INFO - Filling up the DagBag from /home/airflow/.local/lib/python3.8/site-packages/airflow/example_dags/example_latest_only.py
[2025-06-03T13:31:47.641+0000] {processor.py:840} INFO - DAG(s) 'latest_only' retrieved from /home/airflow/.local/lib/python3.8/site-packages/airflow/example_dags/example_latest_only.py
[2025-06-03T13:31:47.653+0000] {logging_mixin.py:188} INFO - [2025-06-03T13:31:47.652+0000] {dag.py:3047} INFO - Sync 1 DAGs
[2025-06-03T13:31:47.661+0000] {logging_mixin.py:188} INFO - [2025-06-03T13:31:47.661+0000] {dag.py:3834} INFO - Setting next_dagrun for latest_only to 2025-06-03 08:00:00+00:00, run_after=2025-06-03 12:00:00+00:00
[2025-06-03T13:31:47.668+0000] {processor.py:183} INFO - Processing /home/airflow/.local/lib/python3.8/site-packages/airflow/example_dags/example_latest_only.py took 0.032 seconds
[2025-06-03T13:32:17.909+0000] {processor.py:161} INFO - Started process (PID=1736) to work on /home/airflow/.local/lib/python3.8/site-packages/airflow/example_dags/example_latest_only.py
[2025-06-03T13:32:17.909+0000] {processor.py:830} INFO - Processing file /home/airflow/.local/lib/python3.8/site-packages/airflow/example_dags/example_latest_only.py for tasks to queue
[2025-06-03T13:32:17.910+0000] {logging_mixin.py:188} INFO - [2025-06-03T13:32:17.910+0000] {dagbag.py:540} INFO - Filling up the DagBag from /home/airflow/.local/lib/python3.8/site-packages/airflow/example_dags/example_latest_only.py
[2025-06-03T13:32:17.912+0000] {processor.py:840} INFO - DAG(s) 'latest_only' retrieved from /home/airflow/.local/lib/python3.8/site-packages/airflow/example_dags/example_latest_only.py
[2025-06-03T13:32:17.920+0000] {logging_mixin.py:188} INFO - [2025-06-03T13:32:17.920+0000] {dag.py:3047} INFO - Sync 1 DAGs
[2025-06-03T13:32:17.928+0000] {logging_mixin.py:188} INFO - [2025-06-03T13:32:17.928+0000] {dag.py:3834} INFO - Setting next_dagrun for latest_only to 2025-06-03 08:00:00+00:00, run_after=2025-06-03 12:00:00+00:00
[2025-06-03T13:32:17.934+0000] {processor.py:183} INFO - Processing /home/airflow/.local/lib/python3.8/site-packages/airflow/example_dags/example_latest_only.py took 0.026 seconds
[2025-06-03T13:32:48.216+0000] {processor.py:161} INFO - Started process (PID=1791) to work on /home/airflow/.local/lib/python3.8/site-packages/airflow/example_dags/example_latest_only.py
[2025-06-03T13:32:48.217+0000] {processor.py:830} INFO - Processing file /home/airflow/.local/lib/python3.8/site-packages/airflow/example_dags/example_latest_only.py for tasks to queue
[2025-06-03T13:32:48.218+0000] {logging_mixin.py:188} INFO - [2025-06-03T13:32:48.218+0000] {dagbag.py:540} INFO - Filling up the DagBag from /home/airflow/.local/lib/python3.8/site-packages/airflow/example_dags/example_latest_only.py
[2025-06-03T13:32:48.220+0000] {processor.py:840} INFO - DAG(s) 'latest_only' retrieved from /home/airflow/.local/lib/python3.8/site-packages/airflow/example_dags/example_latest_only.py
[2025-06-03T13:32:48.231+0000] {logging_mixin.py:188} INFO - [2025-06-03T13:32:48.230+0000] {dag.py:3047} INFO - Sync 1 DAGs
[2025-06-03T13:32:48.238+0000] {logging_mixin.py:188} INFO - [2025-06-03T13:32:48.238+0000] {dag.py:3834} INFO - Setting next_dagrun for latest_only to 2025-06-03 08:00:00+00:00, run_after=2025-06-03 12:00:00+00:00
[2025-06-03T13:32:48.246+0000] {processor.py:183} INFO - Processing /home/airflow/.local/lib/python3.8/site-packages/airflow/example_dags/example_latest_only.py took 0.031 seconds
[2025-06-03T13:33:18.527+0000] {processor.py:161} INFO - Started process (PID=1846) to work on /home/airflow/.local/lib/python3.8/site-packages/airflow/example_dags/example_latest_only.py
[2025-06-03T13:33:18.527+0000] {processor.py:830} INFO - Processing file /home/airflow/.local/lib/python3.8/site-packages/airflow/example_dags/example_latest_only.py for tasks to queue
[2025-06-03T13:33:18.528+0000] {logging_mixin.py:188} INFO - [2025-06-03T13:33:18.528+0000] {dagbag.py:540} INFO - Filling up the DagBag from /home/airflow/.local/lib/python3.8/site-packages/airflow/example_dags/example_latest_only.py
[2025-06-03T13:33:18.531+0000] {processor.py:840} INFO - DAG(s) 'latest_only' retrieved from /home/airflow/.local/lib/python3.8/site-packages/airflow/example_dags/example_latest_only.py
[2025-06-03T13:33:18.538+0000] {logging_mixin.py:188} INFO - [2025-06-03T13:33:18.537+0000] {dag.py:3047} INFO - Sync 1 DAGs
[2025-06-03T13:33:18.545+0000] {logging_mixin.py:188} INFO - [2025-06-03T13:33:18.545+0000] {dag.py:3834} INFO - Setting next_dagrun for latest_only to 2025-06-03 08:00:00+00:00, run_after=2025-06-03 12:00:00+00:00
[2025-06-03T13:33:18.551+0000] {processor.py:183} INFO - Processing /home/airflow/.local/lib/python3.8/site-packages/airflow/example_dags/example_latest_only.py took 0.025 seconds
[2025-06-03T13:33:48.801+0000] {processor.py:161} INFO - Started process (PID=1901) to work on /home/airflow/.local/lib/python3.8/site-packages/airflow/example_dags/example_latest_only.py
[2025-06-03T13:33:48.801+0000] {processor.py:830} INFO - Processing file /home/airflow/.local/lib/python3.8/site-packages/airflow/example_dags/example_latest_only.py for tasks to queue
[2025-06-03T13:33:48.802+0000] {logging_mixin.py:188} INFO - [2025-06-03T13:33:48.802+0000] {dagbag.py:540} INFO - Filling up the DagBag from /home/airflow/.local/lib/python3.8/site-packages/airflow/example_dags/example_latest_only.py
[2025-06-03T13:33:48.804+0000] {processor.py:840} INFO - DAG(s) 'latest_only' retrieved from /home/airflow/.local/lib/python3.8/site-packages/airflow/example_dags/example_latest_only.py
[2025-06-03T13:33:48.813+0000] {logging_mixin.py:188} INFO - [2025-06-03T13:33:48.813+0000] {dag.py:3047} INFO - Sync 1 DAGs
[2025-06-03T13:33:48.820+0000] {logging_mixin.py:188} INFO - [2025-06-03T13:33:48.820+0000] {dag.py:3834} INFO - Setting next_dagrun for latest_only to 2025-06-03 08:00:00+00:00, run_after=2025-06-03 12:00:00+00:00
[2025-06-03T13:33:48.826+0000] {processor.py:183} INFO - Processing /home/airflow/.local/lib/python3.8/site-packages/airflow/example_dags/example_latest_only.py took 0.027 seconds
[2025-06-03T13:34:19.134+0000] {processor.py:161} INFO - Started process (PID=1956) to work on /home/airflow/.local/lib/python3.8/site-packages/airflow/example_dags/example_latest_only.py
[2025-06-03T13:34:19.135+0000] {processor.py:830} INFO - Processing file /home/airflow/.local/lib/python3.8/site-packages/airflow/example_dags/example_latest_only.py for tasks to queue
[2025-06-03T13:34:19.135+0000] {logging_mixin.py:188} INFO - [2025-06-03T13:34:19.135+0000] {dagbag.py:540} INFO - Filling up the DagBag from /home/airflow/.local/lib/python3.8/site-packages/airflow/example_dags/example_latest_only.py
[2025-06-03T13:34:19.138+0000] {processor.py:840} INFO - DAG(s) 'latest_only' retrieved from /home/airflow/.local/lib/python3.8/site-packages/airflow/example_dags/example_latest_only.py
[2025-06-03T13:34:19.149+0000] {logging_mixin.py:188} INFO - [2025-06-03T13:34:19.149+0000] {dag.py:3047} INFO - Sync 1 DAGs
[2025-06-03T13:34:19.158+0000] {logging_mixin.py:188} INFO - [2025-06-03T13:34:19.158+0000] {dag.py:3834} INFO - Setting next_dagrun for latest_only to 2025-06-03 08:00:00+00:00, run_after=2025-06-03 12:00:00+00:00
[2025-06-03T13:34:19.165+0000] {processor.py:183} INFO - Processing /home/airflow/.local/lib/python3.8/site-packages/airflow/example_dags/example_latest_only.py took 0.033 seconds
[2025-06-03T13:34:49.472+0000] {processor.py:161} INFO - Started process (PID=2011) to work on /home/airflow/.local/lib/python3.8/site-packages/airflow/example_dags/example_latest_only.py
[2025-06-03T13:34:49.472+0000] {processor.py:830} INFO - Processing file /home/airflow/.local/lib/python3.8/site-packages/airflow/example_dags/example_latest_only.py for tasks to queue
[2025-06-03T13:34:49.473+0000] {logging_mixin.py:188} INFO - [2025-06-03T13:34:49.473+0000] {dagbag.py:540} INFO - Filling up the DagBag from /home/airflow/.local/lib/python3.8/site-packages/airflow/example_dags/example_latest_only.py
[2025-06-03T13:34:49.476+0000] {processor.py:840} INFO - DAG(s) 'latest_only' retrieved from /home/airflow/.local/lib/python3.8/site-packages/airflow/example_dags/example_latest_only.py
[2025-06-03T13:34:49.483+0000] {logging_mixin.py:188} INFO - [2025-06-03T13:34:49.483+0000] {dag.py:3047} INFO - Sync 1 DAGs
[2025-06-03T13:34:49.492+0000] {logging_mixin.py:188} INFO - [2025-06-03T13:34:49.492+0000] {dag.py:3834} INFO - Setting next_dagrun for latest_only to 2025-06-03 08:00:00+00:00, run_after=2025-06-03 12:00:00+00:00
[2025-06-03T13:34:49.498+0000] {processor.py:183} INFO - Processing /home/airflow/.local/lib/python3.8/site-packages/airflow/example_dags/example_latest_only.py took 0.028 seconds
[2025-06-03T13:35:20.130+0000] {processor.py:161} INFO - Started process (PID=2066) to work on /home/airflow/.local/lib/python3.8/site-packages/airflow/example_dags/example_latest_only.py
[2025-06-03T13:35:20.131+0000] {processor.py:830} INFO - Processing file /home/airflow/.local/lib/python3.8/site-packages/airflow/example_dags/example_latest_only.py for tasks to queue
[2025-06-03T13:35:20.132+0000] {logging_mixin.py:188} INFO - [2025-06-03T13:35:20.132+0000] {dagbag.py:540} INFO - Filling up the DagBag from /home/airflow/.local/lib/python3.8/site-packages/airflow/example_dags/example_latest_only.py
[2025-06-03T13:35:20.134+0000] {processor.py:840} INFO - DAG(s) 'latest_only' retrieved from /home/airflow/.local/lib/python3.8/site-packages/airflow/example_dags/example_latest_only.py
[2025-06-03T13:35:20.145+0000] {logging_mixin.py:188} INFO - [2025-06-03T13:35:20.145+0000] {dag.py:3047} INFO - Sync 1 DAGs
[2025-06-03T13:35:20.157+0000] {logging_mixin.py:188} INFO - [2025-06-03T13:35:20.156+0000] {dag.py:3834} INFO - Setting next_dagrun for latest_only to 2025-06-03 08:00:00+00:00, run_after=2025-06-03 12:00:00+00:00
[2025-06-03T13:35:20.165+0000] {processor.py:183} INFO - Processing /home/airflow/.local/lib/python3.8/site-packages/airflow/example_dags/example_latest_only.py took 0.037 seconds
[2025-06-03T13:35:50.474+0000] {processor.py:161} INFO - Started process (PID=2121) to work on /home/airflow/.local/lib/python3.8/site-packages/airflow/example_dags/example_latest_only.py
[2025-06-03T13:35:50.474+0000] {processor.py:830} INFO - Processing file /home/airflow/.local/lib/python3.8/site-packages/airflow/example_dags/example_latest_only.py for tasks to queue
[2025-06-03T13:35:50.475+0000] {logging_mixin.py:188} INFO - [2025-06-03T13:35:50.475+0000] {dagbag.py:540} INFO - Filling up the DagBag from /home/airflow/.local/lib/python3.8/site-packages/airflow/example_dags/example_latest_only.py
[2025-06-03T13:35:50.477+0000] {processor.py:840} INFO - DAG(s) 'latest_only' retrieved from /home/airflow/.local/lib/python3.8/site-packages/airflow/example_dags/example_latest_only.py
[2025-06-03T13:35:50.486+0000] {logging_mixin.py:188} INFO - [2025-06-03T13:35:50.486+0000] {dag.py:3047} INFO - Sync 1 DAGs
[2025-06-03T13:35:50.494+0000] {logging_mixin.py:188} INFO - [2025-06-03T13:35:50.494+0000] {dag.py:3834} INFO - Setting next_dagrun for latest_only to 2025-06-03 08:00:00+00:00, run_after=2025-06-03 12:00:00+00:00
[2025-06-03T13:35:50.503+0000] {processor.py:183} INFO - Processing /home/airflow/.local/lib/python3.8/site-packages/airflow/example_dags/example_latest_only.py took 0.031 seconds
[2025-06-03T13:36:20.755+0000] {processor.py:161} INFO - Started process (PID=2176) to work on /home/airflow/.local/lib/python3.8/site-packages/airflow/example_dags/example_latest_only.py
[2025-06-03T13:36:20.759+0000] {processor.py:830} INFO - Processing file /home/airflow/.local/lib/python3.8/site-packages/airflow/example_dags/example_latest_only.py for tasks to queue
[2025-06-03T13:36:20.762+0000] {logging_mixin.py:188} INFO - [2025-06-03T13:36:20.762+0000] {dagbag.py:540} INFO - Filling up the DagBag from /home/airflow/.local/lib/python3.8/site-packages/airflow/example_dags/example_latest_only.py
[2025-06-03T13:36:20.764+0000] {processor.py:840} INFO - DAG(s) 'latest_only' retrieved from /home/airflow/.local/lib/python3.8/site-packages/airflow/example_dags/example_latest_only.py
[2025-06-03T13:36:20.772+0000] {logging_mixin.py:188} INFO - [2025-06-03T13:36:20.772+0000] {dag.py:3047} INFO - Sync 1 DAGs
[2025-06-03T13:36:20.781+0000] {logging_mixin.py:188} INFO - [2025-06-03T13:36:20.781+0000] {dag.py:3834} INFO - Setting next_dagrun for latest_only to 2025-06-03 08:00:00+00:00, run_after=2025-06-03 12:00:00+00:00
[2025-06-03T13:36:20.787+0000] {processor.py:183} INFO - Processing /home/airflow/.local/lib/python3.8/site-packages/airflow/example_dags/example_latest_only.py took 0.033 seconds
[2025-06-03T13:36:51.136+0000] {processor.py:161} INFO - Started process (PID=2231) to work on /home/airflow/.local/lib/python3.8/site-packages/airflow/example_dags/example_latest_only.py
[2025-06-03T13:36:51.136+0000] {processor.py:830} INFO - Processing file /home/airflow/.local/lib/python3.8/site-packages/airflow/example_dags/example_latest_only.py for tasks to queue
[2025-06-03T13:36:51.139+0000] {logging_mixin.py:188} INFO - [2025-06-03T13:36:51.139+0000] {dagbag.py:540} INFO - Filling up the DagBag from /home/airflow/.local/lib/python3.8/site-packages/airflow/example_dags/example_latest_only.py
[2025-06-03T13:36:51.141+0000] {processor.py:840} INFO - DAG(s) 'latest_only' retrieved from /home/airflow/.local/lib/python3.8/site-packages/airflow/example_dags/example_latest_only.py
[2025-06-03T13:36:51.150+0000] {logging_mixin.py:188} INFO - [2025-06-03T13:36:51.150+0000] {dag.py:3047} INFO - Sync 1 DAGs
[2025-06-03T13:36:51.158+0000] {logging_mixin.py:188} INFO - [2025-06-03T13:36:51.158+0000] {dag.py:3834} INFO - Setting next_dagrun for latest_only to 2025-06-03 08:00:00+00:00, run_after=2025-06-03 12:00:00+00:00
[2025-06-03T13:36:51.165+0000] {processor.py:183} INFO - Processing /home/airflow/.local/lib/python3.8/site-packages/airflow/example_dags/example_latest_only.py took 0.030 seconds
[2025-06-03T13:37:21.520+0000] {processor.py:161} INFO - Started process (PID=2286) to work on /home/airflow/.local/lib/python3.8/site-packages/airflow/example_dags/example_latest_only.py
[2025-06-03T13:37:21.521+0000] {processor.py:830} INFO - Processing file /home/airflow/.local/lib/python3.8/site-packages/airflow/example_dags/example_latest_only.py for tasks to queue
[2025-06-03T13:37:21.522+0000] {logging_mixin.py:188} INFO - [2025-06-03T13:37:21.521+0000] {dagbag.py:540} INFO - Filling up the DagBag from /home/airflow/.local/lib/python3.8/site-packages/airflow/example_dags/example_latest_only.py
[2025-06-03T13:37:21.524+0000] {processor.py:840} INFO - DAG(s) 'latest_only' retrieved from /home/airflow/.local/lib/python3.8/site-packages/airflow/example_dags/example_latest_only.py
[2025-06-03T13:37:21.534+0000] {logging_mixin.py:188} INFO - [2025-06-03T13:37:21.534+0000] {dag.py:3047} INFO - Sync 1 DAGs
[2025-06-03T13:37:21.543+0000] {logging_mixin.py:188} INFO - [2025-06-03T13:37:21.543+0000] {dag.py:3834} INFO - Setting next_dagrun for latest_only to 2025-06-03 08:00:00+00:00, run_after=2025-06-03 12:00:00+00:00
[2025-06-03T13:37:21.551+0000] {processor.py:183} INFO - Processing /home/airflow/.local/lib/python3.8/site-packages/airflow/example_dags/example_latest_only.py took 0.032 seconds
[2025-06-03T13:37:52.213+0000] {processor.py:161} INFO - Started process (PID=2341) to work on /home/airflow/.local/lib/python3.8/site-packages/airflow/example_dags/example_latest_only.py
[2025-06-03T13:37:52.214+0000] {processor.py:830} INFO - Processing file /home/airflow/.local/lib/python3.8/site-packages/airflow/example_dags/example_latest_only.py for tasks to queue
[2025-06-03T13:37:52.216+0000] {logging_mixin.py:188} INFO - [2025-06-03T13:37:52.216+0000] {dagbag.py:540} INFO - Filling up the DagBag from /home/airflow/.local/lib/python3.8/site-packages/airflow/example_dags/example_latest_only.py
[2025-06-03T13:37:52.218+0000] {processor.py:840} INFO - DAG(s) 'latest_only' retrieved from /home/airflow/.local/lib/python3.8/site-packages/airflow/example_dags/example_latest_only.py
[2025-06-03T13:37:52.230+0000] {logging_mixin.py:188} INFO - [2025-06-03T13:37:52.230+0000] {dag.py:3047} INFO - Sync 1 DAGs
[2025-06-03T13:37:52.240+0000] {logging_mixin.py:188} INFO - [2025-06-03T13:37:52.240+0000] {dag.py:3834} INFO - Setting next_dagrun for latest_only to 2025-06-03 08:00:00+00:00, run_after=2025-06-03 12:00:00+00:00
[2025-06-03T13:37:52.249+0000] {processor.py:183} INFO - Processing /home/airflow/.local/lib/python3.8/site-packages/airflow/example_dags/example_latest_only.py took 0.037 seconds
[2025-06-03T13:38:23.229+0000] {processor.py:161} INFO - Started process (PID=2396) to work on /home/airflow/.local/lib/python3.8/site-packages/airflow/example_dags/example_latest_only.py
[2025-06-03T13:38:23.229+0000] {processor.py:830} INFO - Processing file /home/airflow/.local/lib/python3.8/site-packages/airflow/example_dags/example_latest_only.py for tasks to queue
[2025-06-03T13:38:23.231+0000] {logging_mixin.py:188} INFO - [2025-06-03T13:38:23.231+0000] {dagbag.py:540} INFO - Filling up the DagBag from /home/airflow/.local/lib/python3.8/site-packages/airflow/example_dags/example_latest_only.py
[2025-06-03T13:38:23.234+0000] {processor.py:840} INFO - DAG(s) 'latest_only' retrieved from /home/airflow/.local/lib/python3.8/site-packages/airflow/example_dags/example_latest_only.py
[2025-06-03T13:38:23.251+0000] {logging_mixin.py:188} INFO - [2025-06-03T13:38:23.251+0000] {dag.py:3047} INFO - Sync 1 DAGs
[2025-06-03T13:38:23.263+0000] {logging_mixin.py:188} INFO - [2025-06-03T13:38:23.263+0000] {dag.py:3834} INFO - Setting next_dagrun for latest_only to 2025-06-03 08:00:00+00:00, run_after=2025-06-03 12:00:00+00:00
[2025-06-03T13:38:23.270+0000] {processor.py:183} INFO - Processing /home/airflow/.local/lib/python3.8/site-packages/airflow/example_dags/example_latest_only.py took 0.043 seconds
[2025-06-03T13:38:53.809+0000] {processor.py:161} INFO - Started process (PID=2451) to work on /home/airflow/.local/lib/python3.8/site-packages/airflow/example_dags/example_latest_only.py
[2025-06-03T13:38:53.810+0000] {processor.py:830} INFO - Processing file /home/airflow/.local/lib/python3.8/site-packages/airflow/example_dags/example_latest_only.py for tasks to queue
[2025-06-03T13:38:53.811+0000] {logging_mixin.py:188} INFO - [2025-06-03T13:38:53.811+0000] {dagbag.py:540} INFO - Filling up the DagBag from /home/airflow/.local/lib/python3.8/site-packages/airflow/example_dags/example_latest_only.py
[2025-06-03T13:38:53.813+0000] {processor.py:840} INFO - DAG(s) 'latest_only' retrieved from /home/airflow/.local/lib/python3.8/site-packages/airflow/example_dags/example_latest_only.py
[2025-06-03T13:38:53.831+0000] {logging_mixin.py:188} INFO - [2025-06-03T13:38:53.831+0000] {dag.py:3047} INFO - Sync 1 DAGs
[2025-06-03T13:38:53.847+0000] {logging_mixin.py:188} INFO - [2025-06-03T13:38:53.847+0000] {dag.py:3834} INFO - Setting next_dagrun for latest_only to 2025-06-03 08:00:00+00:00, run_after=2025-06-03 12:00:00+00:00
[2025-06-03T13:38:53.854+0000] {processor.py:183} INFO - Processing /home/airflow/.local/lib/python3.8/site-packages/airflow/example_dags/example_latest_only.py took 0.047 seconds
[2025-06-03T13:39:24.860+0000] {processor.py:161} INFO - Started process (PID=2506) to work on /home/airflow/.local/lib/python3.8/site-packages/airflow/example_dags/example_latest_only.py
[2025-06-03T13:39:24.861+0000] {processor.py:830} INFO - Processing file /home/airflow/.local/lib/python3.8/site-packages/airflow/example_dags/example_latest_only.py for tasks to queue
[2025-06-03T13:39:24.862+0000] {logging_mixin.py:188} INFO - [2025-06-03T13:39:24.862+0000] {dagbag.py:540} INFO - Filling up the DagBag from /home/airflow/.local/lib/python3.8/site-packages/airflow/example_dags/example_latest_only.py
[2025-06-03T13:39:24.864+0000] {processor.py:840} INFO - DAG(s) 'latest_only' retrieved from /home/airflow/.local/lib/python3.8/site-packages/airflow/example_dags/example_latest_only.py
[2025-06-03T13:39:24.876+0000] {logging_mixin.py:188} INFO - [2025-06-03T13:39:24.876+0000] {dag.py:3047} INFO - Sync 1 DAGs
[2025-06-03T13:39:24.887+0000] {logging_mixin.py:188} INFO - [2025-06-03T13:39:24.887+0000] {dag.py:3834} INFO - Setting next_dagrun for latest_only to 2025-06-03 08:00:00+00:00, run_after=2025-06-03 12:00:00+00:00
[2025-06-03T13:39:24.895+0000] {processor.py:183} INFO - Processing /home/airflow/.local/lib/python3.8/site-packages/airflow/example_dags/example_latest_only.py took 0.037 seconds
[2025-06-03T13:39:55.726+0000] {processor.py:161} INFO - Started process (PID=2561) to work on /home/airflow/.local/lib/python3.8/site-packages/airflow/example_dags/example_latest_only.py
[2025-06-03T13:39:55.729+0000] {processor.py:830} INFO - Processing file /home/airflow/.local/lib/python3.8/site-packages/airflow/example_dags/example_latest_only.py for tasks to queue
[2025-06-03T13:39:55.729+0000] {logging_mixin.py:188} INFO - [2025-06-03T13:39:55.729+0000] {dagbag.py:540} INFO - Filling up the DagBag from /home/airflow/.local/lib/python3.8/site-packages/airflow/example_dags/example_latest_only.py
[2025-06-03T13:39:55.731+0000] {processor.py:840} INFO - DAG(s) 'latest_only' retrieved from /home/airflow/.local/lib/python3.8/site-packages/airflow/example_dags/example_latest_only.py
[2025-06-03T13:39:55.743+0000] {logging_mixin.py:188} INFO - [2025-06-03T13:39:55.743+0000] {dag.py:3047} INFO - Sync 1 DAGs
[2025-06-03T13:39:55.751+0000] {logging_mixin.py:188} INFO - [2025-06-03T13:39:55.751+0000] {dag.py:3834} INFO - Setting next_dagrun for latest_only to 2025-06-03 08:00:00+00:00, run_after=2025-06-03 12:00:00+00:00
[2025-06-03T13:39:55.762+0000] {processor.py:183} INFO - Processing /home/airflow/.local/lib/python3.8/site-packages/airflow/example_dags/example_latest_only.py took 0.037 seconds
[2025-06-03T13:40:26.631+0000] {processor.py:161} INFO - Started process (PID=2617) to work on /home/airflow/.local/lib/python3.8/site-packages/airflow/example_dags/example_latest_only.py
[2025-06-03T13:40:26.632+0000] {processor.py:830} INFO - Processing file /home/airflow/.local/lib/python3.8/site-packages/airflow/example_dags/example_latest_only.py for tasks to queue
[2025-06-03T13:40:26.635+0000] {logging_mixin.py:188} INFO - [2025-06-03T13:40:26.635+0000] {dagbag.py:540} INFO - Filling up the DagBag from /home/airflow/.local/lib/python3.8/site-packages/airflow/example_dags/example_latest_only.py
[2025-06-03T13:40:26.638+0000] {processor.py:840} INFO - DAG(s) 'latest_only' retrieved from /home/airflow/.local/lib/python3.8/site-packages/airflow/example_dags/example_latest_only.py
[2025-06-03T13:40:26.652+0000] {logging_mixin.py:188} INFO - [2025-06-03T13:40:26.652+0000] {dag.py:3047} INFO - Sync 1 DAGs
[2025-06-03T13:40:26.660+0000] {logging_mixin.py:188} INFO - [2025-06-03T13:40:26.660+0000] {dag.py:3834} INFO - Setting next_dagrun for latest_only to 2025-06-03 08:00:00+00:00, run_after=2025-06-03 12:00:00+00:00
[2025-06-03T13:40:26.667+0000] {processor.py:183} INFO - Processing /home/airflow/.local/lib/python3.8/site-packages/airflow/example_dags/example_latest_only.py took 0.038 seconds
