[2025-06-03T13:16:58.807+0000] {processor.py:161} INFO - Started process (PID=70) to work on /home/airflow/.local/lib/python3.8/site-packages/airflow/example_dags/example_task_group_decorator.py
[2025-06-03T13:16:58.809+0000] {processor.py:830} INFO - Processing file /home/airflow/.local/lib/python3.8/site-packages/airflow/example_dags/example_task_group_decorator.py for tasks to queue
[2025-06-03T13:16:58.813+0000] {logging_mixin.py:188} INFO - [2025-06-03T13:16:58.812+0000] {dagbag.py:540} INFO - Filling up the DagBag from /home/airflow/.local/lib/python3.8/site-packages/airflow/example_dags/example_task_group_decorator.py
[2025-06-03T13:16:58.847+0000] {processor.py:840} INFO - DAG(s) 'example_task_group_decorator' retrieved from /home/airflow/.local/lib/python3.8/site-packages/airflow/example_dags/example_task_group_decorator.py
[2025-06-03T13:16:58.880+0000] {logging_mixin.py:188} INFO - [2025-06-03T13:16:58.880+0000] {dag.py:3047} INFO - Sync 1 DAGs
[2025-06-03T13:16:58.913+0000] {logging_mixin.py:188} INFO - [2025-06-03T13:16:58.913+0000] {dag.py:3834} INFO - Setting next_dagrun for example_task_group_decorator to 2025-06-02 00:00:00+00:00, run_after=2025-06-03 00:00:00+00:00
[2025-06-03T13:16:58.935+0000] {processor.py:183} INFO - Processing /home/airflow/.local/lib/python3.8/site-packages/airflow/example_dags/example_task_group_decorator.py took 0.134 seconds
[2025-06-03T13:17:29.855+0000] {processor.py:161} INFO - Started process (PID=131) to work on /home/airflow/.local/lib/python3.8/site-packages/airflow/example_dags/example_task_group_decorator.py
[2025-06-03T13:17:29.856+0000] {processor.py:830} INFO - Processing file /home/airflow/.local/lib/python3.8/site-packages/airflow/example_dags/example_task_group_decorator.py for tasks to queue
[2025-06-03T13:17:29.858+0000] {logging_mixin.py:188} INFO - [2025-06-03T13:17:29.857+0000] {dagbag.py:540} INFO - Filling up the DagBag from /home/airflow/.local/lib/python3.8/site-packages/airflow/example_dags/example_task_group_decorator.py
[2025-06-03T13:17:29.868+0000] {processor.py:840} INFO - DAG(s) 'example_task_group_decorator' retrieved from /home/airflow/.local/lib/python3.8/site-packages/airflow/example_dags/example_task_group_decorator.py
[2025-06-03T13:17:29.920+0000] {logging_mixin.py:188} INFO - [2025-06-03T13:17:29.920+0000] {dag.py:3047} INFO - Sync 1 DAGs
[2025-06-03T13:17:29.928+0000] {logging_mixin.py:188} INFO - [2025-06-03T13:17:29.928+0000] {dag.py:3834} INFO - Setting next_dagrun for example_task_group_decorator to 2025-06-02 00:00:00+00:00, run_after=2025-06-03 00:00:00+00:00
[2025-06-03T13:17:29.936+0000] {processor.py:183} INFO - Processing /home/airflow/.local/lib/python3.8/site-packages/airflow/example_dags/example_task_group_decorator.py took 0.085 seconds
[2025-06-03T13:18:00.739+0000] {processor.py:161} INFO - Started process (PID=186) to work on /home/airflow/.local/lib/python3.8/site-packages/airflow/example_dags/example_task_group_decorator.py
[2025-06-03T13:18:00.740+0000] {processor.py:830} INFO - Processing file /home/airflow/.local/lib/python3.8/site-packages/airflow/example_dags/example_task_group_decorator.py for tasks to queue
[2025-06-03T13:18:00.743+0000] {logging_mixin.py:188} INFO - [2025-06-03T13:18:00.743+0000] {dagbag.py:540} INFO - Filling up the DagBag from /home/airflow/.local/lib/python3.8/site-packages/airflow/example_dags/example_task_group_decorator.py
[2025-06-03T13:18:00.756+0000] {processor.py:840} INFO - DAG(s) 'example_task_group_decorator' retrieved from /home/airflow/.local/lib/python3.8/site-packages/airflow/example_dags/example_task_group_decorator.py
[2025-06-03T13:18:00.770+0000] {logging_mixin.py:188} INFO - [2025-06-03T13:18:00.770+0000] {dag.py:3047} INFO - Sync 1 DAGs
[2025-06-03T13:18:00.783+0000] {logging_mixin.py:188} INFO - [2025-06-03T13:18:00.783+0000] {dag.py:3834} INFO - Setting next_dagrun for example_task_group_decorator to 2025-06-02 00:00:00+00:00, run_after=2025-06-03 00:00:00+00:00
[2025-06-03T13:18:00.793+0000] {processor.py:183} INFO - Processing /home/airflow/.local/lib/python3.8/site-packages/airflow/example_dags/example_task_group_decorator.py took 0.060 seconds
[2025-06-03T13:18:31.341+0000] {processor.py:161} INFO - Started process (PID=241) to work on /home/airflow/.local/lib/python3.8/site-packages/airflow/example_dags/example_task_group_decorator.py
[2025-06-03T13:18:31.343+0000] {processor.py:830} INFO - Processing file /home/airflow/.local/lib/python3.8/site-packages/airflow/example_dags/example_task_group_decorator.py for tasks to queue
[2025-06-03T13:18:31.346+0000] {logging_mixin.py:188} INFO - [2025-06-03T13:18:31.346+0000] {dagbag.py:540} INFO - Filling up the DagBag from /home/airflow/.local/lib/python3.8/site-packages/airflow/example_dags/example_task_group_decorator.py
[2025-06-03T13:18:31.366+0000] {processor.py:840} INFO - DAG(s) 'example_task_group_decorator' retrieved from /home/airflow/.local/lib/python3.8/site-packages/airflow/example_dags/example_task_group_decorator.py
[2025-06-03T13:18:31.379+0000] {logging_mixin.py:188} INFO - [2025-06-03T13:18:31.379+0000] {dag.py:3047} INFO - Sync 1 DAGs
[2025-06-03T13:18:31.395+0000] {logging_mixin.py:188} INFO - [2025-06-03T13:18:31.395+0000] {dag.py:3834} INFO - Setting next_dagrun for example_task_group_decorator to 2025-06-02 00:00:00+00:00, run_after=2025-06-03 00:00:00+00:00
[2025-06-03T13:18:31.404+0000] {processor.py:183} INFO - Processing /home/airflow/.local/lib/python3.8/site-packages/airflow/example_dags/example_task_group_decorator.py took 0.074 seconds
[2025-06-03T13:19:01.864+0000] {processor.py:161} INFO - Started process (PID=296) to work on /home/airflow/.local/lib/python3.8/site-packages/airflow/example_dags/example_task_group_decorator.py
[2025-06-03T13:19:01.865+0000] {processor.py:830} INFO - Processing file /home/airflow/.local/lib/python3.8/site-packages/airflow/example_dags/example_task_group_decorator.py for tasks to queue
[2025-06-03T13:19:01.869+0000] {logging_mixin.py:188} INFO - [2025-06-03T13:19:01.868+0000] {dagbag.py:540} INFO - Filling up the DagBag from /home/airflow/.local/lib/python3.8/site-packages/airflow/example_dags/example_task_group_decorator.py
[2025-06-03T13:19:01.886+0000] {processor.py:840} INFO - DAG(s) 'example_task_group_decorator' retrieved from /home/airflow/.local/lib/python3.8/site-packages/airflow/example_dags/example_task_group_decorator.py
[2025-06-03T13:19:01.902+0000] {logging_mixin.py:188} INFO - [2025-06-03T13:19:01.902+0000] {dag.py:3047} INFO - Sync 1 DAGs
[2025-06-03T13:19:01.914+0000] {logging_mixin.py:188} INFO - [2025-06-03T13:19:01.914+0000] {dag.py:3834} INFO - Setting next_dagrun for example_task_group_decorator to 2025-06-02 00:00:00+00:00, run_after=2025-06-03 00:00:00+00:00
[2025-06-03T13:19:01.924+0000] {processor.py:183} INFO - Processing /home/airflow/.local/lib/python3.8/site-packages/airflow/example_dags/example_task_group_decorator.py took 0.062 seconds
[2025-06-03T13:19:32.497+0000] {processor.py:161} INFO - Started process (PID=351) to work on /home/airflow/.local/lib/python3.8/site-packages/airflow/example_dags/example_task_group_decorator.py
[2025-06-03T13:19:32.498+0000] {processor.py:830} INFO - Processing file /home/airflow/.local/lib/python3.8/site-packages/airflow/example_dags/example_task_group_decorator.py for tasks to queue
[2025-06-03T13:19:32.500+0000] {logging_mixin.py:188} INFO - [2025-06-03T13:19:32.500+0000] {dagbag.py:540} INFO - Filling up the DagBag from /home/airflow/.local/lib/python3.8/site-packages/airflow/example_dags/example_task_group_decorator.py
[2025-06-03T13:19:32.514+0000] {processor.py:840} INFO - DAG(s) 'example_task_group_decorator' retrieved from /home/airflow/.local/lib/python3.8/site-packages/airflow/example_dags/example_task_group_decorator.py
[2025-06-03T13:19:32.534+0000] {logging_mixin.py:188} INFO - [2025-06-03T13:19:32.534+0000] {dag.py:3047} INFO - Sync 1 DAGs
[2025-06-03T13:19:32.552+0000] {logging_mixin.py:188} INFO - [2025-06-03T13:19:32.552+0000] {dag.py:3834} INFO - Setting next_dagrun for example_task_group_decorator to 2025-06-02 00:00:00+00:00, run_after=2025-06-03 00:00:00+00:00
[2025-06-03T13:19:32.567+0000] {processor.py:183} INFO - Processing /home/airflow/.local/lib/python3.8/site-packages/airflow/example_dags/example_task_group_decorator.py took 0.075 seconds
[2025-06-03T13:20:03.110+0000] {processor.py:161} INFO - Started process (PID=406) to work on /home/airflow/.local/lib/python3.8/site-packages/airflow/example_dags/example_task_group_decorator.py
[2025-06-03T13:20:03.111+0000] {processor.py:830} INFO - Processing file /home/airflow/.local/lib/python3.8/site-packages/airflow/example_dags/example_task_group_decorator.py for tasks to queue
[2025-06-03T13:20:03.114+0000] {logging_mixin.py:188} INFO - [2025-06-03T13:20:03.113+0000] {dagbag.py:540} INFO - Filling up the DagBag from /home/airflow/.local/lib/python3.8/site-packages/airflow/example_dags/example_task_group_decorator.py
[2025-06-03T13:20:03.124+0000] {processor.py:840} INFO - DAG(s) 'example_task_group_decorator' retrieved from /home/airflow/.local/lib/python3.8/site-packages/airflow/example_dags/example_task_group_decorator.py
[2025-06-03T13:20:03.143+0000] {logging_mixin.py:188} INFO - [2025-06-03T13:20:03.143+0000] {dag.py:3047} INFO - Sync 1 DAGs
[2025-06-03T13:20:03.154+0000] {logging_mixin.py:188} INFO - [2025-06-03T13:20:03.154+0000] {dag.py:3834} INFO - Setting next_dagrun for example_task_group_decorator to 2025-06-02 00:00:00+00:00, run_after=2025-06-03 00:00:00+00:00
[2025-06-03T13:20:03.163+0000] {processor.py:183} INFO - Processing /home/airflow/.local/lib/python3.8/site-packages/airflow/example_dags/example_task_group_decorator.py took 0.056 seconds
[2025-06-03T13:20:33.959+0000] {processor.py:161} INFO - Started process (PID=461) to work on /home/airflow/.local/lib/python3.8/site-packages/airflow/example_dags/example_task_group_decorator.py
[2025-06-03T13:20:33.960+0000] {processor.py:830} INFO - Processing file /home/airflow/.local/lib/python3.8/site-packages/airflow/example_dags/example_task_group_decorator.py for tasks to queue
[2025-06-03T13:20:33.961+0000] {logging_mixin.py:188} INFO - [2025-06-03T13:20:33.960+0000] {dagbag.py:540} INFO - Filling up the DagBag from /home/airflow/.local/lib/python3.8/site-packages/airflow/example_dags/example_task_group_decorator.py
[2025-06-03T13:20:33.969+0000] {processor.py:840} INFO - DAG(s) 'example_task_group_decorator' retrieved from /home/airflow/.local/lib/python3.8/site-packages/airflow/example_dags/example_task_group_decorator.py
[2025-06-03T13:20:33.980+0000] {logging_mixin.py:188} INFO - [2025-06-03T13:20:33.980+0000] {dag.py:3047} INFO - Sync 1 DAGs
[2025-06-03T13:20:33.989+0000] {logging_mixin.py:188} INFO - [2025-06-03T13:20:33.989+0000] {dag.py:3834} INFO - Setting next_dagrun for example_task_group_decorator to 2025-06-02 00:00:00+00:00, run_after=2025-06-03 00:00:00+00:00
[2025-06-03T13:20:33.998+0000] {processor.py:183} INFO - Processing /home/airflow/.local/lib/python3.8/site-packages/airflow/example_dags/example_task_group_decorator.py took 0.041 seconds
[2025-06-03T13:21:04.737+0000] {processor.py:161} INFO - Started process (PID=516) to work on /home/airflow/.local/lib/python3.8/site-packages/airflow/example_dags/example_task_group_decorator.py
[2025-06-03T13:21:04.739+0000] {processor.py:830} INFO - Processing file /home/airflow/.local/lib/python3.8/site-packages/airflow/example_dags/example_task_group_decorator.py for tasks to queue
[2025-06-03T13:21:04.740+0000] {logging_mixin.py:188} INFO - [2025-06-03T13:21:04.740+0000] {dagbag.py:540} INFO - Filling up the DagBag from /home/airflow/.local/lib/python3.8/site-packages/airflow/example_dags/example_task_group_decorator.py
[2025-06-03T13:21:04.749+0000] {processor.py:840} INFO - DAG(s) 'example_task_group_decorator' retrieved from /home/airflow/.local/lib/python3.8/site-packages/airflow/example_dags/example_task_group_decorator.py
[2025-06-03T13:21:04.763+0000] {logging_mixin.py:188} INFO - [2025-06-03T13:21:04.763+0000] {dag.py:3047} INFO - Sync 1 DAGs
[2025-06-03T13:21:04.774+0000] {logging_mixin.py:188} INFO - [2025-06-03T13:21:04.773+0000] {dag.py:3834} INFO - Setting next_dagrun for example_task_group_decorator to 2025-06-02 00:00:00+00:00, run_after=2025-06-03 00:00:00+00:00
[2025-06-03T13:21:04.784+0000] {processor.py:183} INFO - Processing /home/airflow/.local/lib/python3.8/site-packages/airflow/example_dags/example_task_group_decorator.py took 0.049 seconds
[2025-06-03T13:21:35.591+0000] {processor.py:161} INFO - Started process (PID=571) to work on /home/airflow/.local/lib/python3.8/site-packages/airflow/example_dags/example_task_group_decorator.py
[2025-06-03T13:21:35.592+0000] {processor.py:830} INFO - Processing file /home/airflow/.local/lib/python3.8/site-packages/airflow/example_dags/example_task_group_decorator.py for tasks to queue
[2025-06-03T13:21:35.593+0000] {logging_mixin.py:188} INFO - [2025-06-03T13:21:35.593+0000] {dagbag.py:540} INFO - Filling up the DagBag from /home/airflow/.local/lib/python3.8/site-packages/airflow/example_dags/example_task_group_decorator.py
[2025-06-03T13:21:35.601+0000] {processor.py:840} INFO - DAG(s) 'example_task_group_decorator' retrieved from /home/airflow/.local/lib/python3.8/site-packages/airflow/example_dags/example_task_group_decorator.py
[2025-06-03T13:21:35.617+0000] {logging_mixin.py:188} INFO - [2025-06-03T13:21:35.617+0000] {dag.py:3047} INFO - Sync 1 DAGs
[2025-06-03T13:21:35.633+0000] {logging_mixin.py:188} INFO - [2025-06-03T13:21:35.633+0000] {dag.py:3834} INFO - Setting next_dagrun for example_task_group_decorator to 2025-06-02 00:00:00+00:00, run_after=2025-06-03 00:00:00+00:00
[2025-06-03T13:21:35.645+0000] {processor.py:183} INFO - Processing /home/airflow/.local/lib/python3.8/site-packages/airflow/example_dags/example_task_group_decorator.py took 0.057 seconds
[2025-06-03T13:22:06.549+0000] {processor.py:161} INFO - Started process (PID=626) to work on /home/airflow/.local/lib/python3.8/site-packages/airflow/example_dags/example_task_group_decorator.py
[2025-06-03T13:22:06.550+0000] {processor.py:830} INFO - Processing file /home/airflow/.local/lib/python3.8/site-packages/airflow/example_dags/example_task_group_decorator.py for tasks to queue
[2025-06-03T13:22:06.553+0000] {logging_mixin.py:188} INFO - [2025-06-03T13:22:06.552+0000] {dagbag.py:540} INFO - Filling up the DagBag from /home/airflow/.local/lib/python3.8/site-packages/airflow/example_dags/example_task_group_decorator.py
[2025-06-03T13:22:06.566+0000] {processor.py:840} INFO - DAG(s) 'example_task_group_decorator' retrieved from /home/airflow/.local/lib/python3.8/site-packages/airflow/example_dags/example_task_group_decorator.py
[2025-06-03T13:22:06.589+0000] {logging_mixin.py:188} INFO - [2025-06-03T13:22:06.589+0000] {dag.py:3047} INFO - Sync 1 DAGs
[2025-06-03T13:22:06.628+0000] {logging_mixin.py:188} INFO - [2025-06-03T13:22:06.628+0000] {dag.py:3834} INFO - Setting next_dagrun for example_task_group_decorator to 2025-06-02 00:00:00+00:00, run_after=2025-06-03 00:00:00+00:00
[2025-06-03T13:22:06.643+0000] {processor.py:183} INFO - Processing /home/airflow/.local/lib/python3.8/site-packages/airflow/example_dags/example_task_group_decorator.py took 0.103 seconds
[2025-06-03T13:22:37.419+0000] {processor.py:161} INFO - Started process (PID=681) to work on /home/airflow/.local/lib/python3.8/site-packages/airflow/example_dags/example_task_group_decorator.py
[2025-06-03T13:22:37.420+0000] {processor.py:830} INFO - Processing file /home/airflow/.local/lib/python3.8/site-packages/airflow/example_dags/example_task_group_decorator.py for tasks to queue
[2025-06-03T13:22:37.423+0000] {logging_mixin.py:188} INFO - [2025-06-03T13:22:37.423+0000] {dagbag.py:540} INFO - Filling up the DagBag from /home/airflow/.local/lib/python3.8/site-packages/airflow/example_dags/example_task_group_decorator.py
[2025-06-03T13:22:37.442+0000] {processor.py:840} INFO - DAG(s) 'example_task_group_decorator' retrieved from /home/airflow/.local/lib/python3.8/site-packages/airflow/example_dags/example_task_group_decorator.py
[2025-06-03T13:22:37.494+0000] {logging_mixin.py:188} INFO - [2025-06-03T13:22:37.494+0000] {dag.py:3047} INFO - Sync 1 DAGs
[2025-06-03T13:22:37.511+0000] {logging_mixin.py:188} INFO - [2025-06-03T13:22:37.511+0000] {dag.py:3834} INFO - Setting next_dagrun for example_task_group_decorator to 2025-06-02 00:00:00+00:00, run_after=2025-06-03 00:00:00+00:00
[2025-06-03T13:22:37.522+0000] {processor.py:183} INFO - Processing /home/airflow/.local/lib/python3.8/site-packages/airflow/example_dags/example_task_group_decorator.py took 0.111 seconds
[2025-06-03T13:23:08.391+0000] {processor.py:161} INFO - Started process (PID=736) to work on /home/airflow/.local/lib/python3.8/site-packages/airflow/example_dags/example_task_group_decorator.py
[2025-06-03T13:23:08.393+0000] {processor.py:830} INFO - Processing file /home/airflow/.local/lib/python3.8/site-packages/airflow/example_dags/example_task_group_decorator.py for tasks to queue
[2025-06-03T13:23:08.394+0000] {logging_mixin.py:188} INFO - [2025-06-03T13:23:08.394+0000] {dagbag.py:540} INFO - Filling up the DagBag from /home/airflow/.local/lib/python3.8/site-packages/airflow/example_dags/example_task_group_decorator.py
[2025-06-03T13:23:08.412+0000] {processor.py:840} INFO - DAG(s) 'example_task_group_decorator' retrieved from /home/airflow/.local/lib/python3.8/site-packages/airflow/example_dags/example_task_group_decorator.py
[2025-06-03T13:23:08.432+0000] {logging_mixin.py:188} INFO - [2025-06-03T13:23:08.431+0000] {dag.py:3047} INFO - Sync 1 DAGs
[2025-06-03T13:23:08.452+0000] {logging_mixin.py:188} INFO - [2025-06-03T13:23:08.451+0000] {dag.py:3834} INFO - Setting next_dagrun for example_task_group_decorator to 2025-06-02 00:00:00+00:00, run_after=2025-06-03 00:00:00+00:00
[2025-06-03T13:23:08.466+0000] {processor.py:183} INFO - Processing /home/airflow/.local/lib/python3.8/site-packages/airflow/example_dags/example_task_group_decorator.py took 0.077 seconds
[2025-06-03T13:23:39.336+0000] {processor.py:161} INFO - Started process (PID=791) to work on /home/airflow/.local/lib/python3.8/site-packages/airflow/example_dags/example_task_group_decorator.py
[2025-06-03T13:23:39.339+0000] {processor.py:830} INFO - Processing file /home/airflow/.local/lib/python3.8/site-packages/airflow/example_dags/example_task_group_decorator.py for tasks to queue
[2025-06-03T13:23:39.344+0000] {logging_mixin.py:188} INFO - [2025-06-03T13:23:39.344+0000] {dagbag.py:540} INFO - Filling up the DagBag from /home/airflow/.local/lib/python3.8/site-packages/airflow/example_dags/example_task_group_decorator.py
[2025-06-03T13:23:39.363+0000] {processor.py:840} INFO - DAG(s) 'example_task_group_decorator' retrieved from /home/airflow/.local/lib/python3.8/site-packages/airflow/example_dags/example_task_group_decorator.py
[2025-06-03T13:23:39.421+0000] {logging_mixin.py:188} INFO - [2025-06-03T13:23:39.420+0000] {dag.py:3047} INFO - Sync 1 DAGs
[2025-06-03T13:23:39.461+0000] {logging_mixin.py:188} INFO - [2025-06-03T13:23:39.460+0000] {dag.py:3834} INFO - Setting next_dagrun for example_task_group_decorator to 2025-06-02 00:00:00+00:00, run_after=2025-06-03 00:00:00+00:00
[2025-06-03T13:23:39.484+0000] {processor.py:183} INFO - Processing /home/airflow/.local/lib/python3.8/site-packages/airflow/example_dags/example_task_group_decorator.py took 0.157 seconds
[2025-06-03T13:24:09.553+0000] {processor.py:161} INFO - Started process (PID=846) to work on /home/airflow/.local/lib/python3.8/site-packages/airflow/example_dags/example_task_group_decorator.py
[2025-06-03T13:24:09.555+0000] {processor.py:830} INFO - Processing file /home/airflow/.local/lib/python3.8/site-packages/airflow/example_dags/example_task_group_decorator.py for tasks to queue
[2025-06-03T13:24:09.559+0000] {logging_mixin.py:188} INFO - [2025-06-03T13:24:09.558+0000] {dagbag.py:540} INFO - Filling up the DagBag from /home/airflow/.local/lib/python3.8/site-packages/airflow/example_dags/example_task_group_decorator.py
[2025-06-03T13:24:09.575+0000] {processor.py:840} INFO - DAG(s) 'example_task_group_decorator' retrieved from /home/airflow/.local/lib/python3.8/site-packages/airflow/example_dags/example_task_group_decorator.py
[2025-06-03T13:24:09.599+0000] {logging_mixin.py:188} INFO - [2025-06-03T13:24:09.598+0000] {dag.py:3047} INFO - Sync 1 DAGs
[2025-06-03T13:24:09.613+0000] {logging_mixin.py:188} INFO - [2025-06-03T13:24:09.612+0000] {dag.py:3834} INFO - Setting next_dagrun for example_task_group_decorator to 2025-06-02 00:00:00+00:00, run_after=2025-06-03 00:00:00+00:00
[2025-06-03T13:24:09.622+0000] {processor.py:183} INFO - Processing /home/airflow/.local/lib/python3.8/site-packages/airflow/example_dags/example_task_group_decorator.py took 0.075 seconds
[2025-06-03T13:24:40.450+0000] {processor.py:161} INFO - Started process (PID=901) to work on /home/airflow/.local/lib/python3.8/site-packages/airflow/example_dags/example_task_group_decorator.py
[2025-06-03T13:24:40.451+0000] {processor.py:830} INFO - Processing file /home/airflow/.local/lib/python3.8/site-packages/airflow/example_dags/example_task_group_decorator.py for tasks to queue
[2025-06-03T13:24:40.452+0000] {logging_mixin.py:188} INFO - [2025-06-03T13:24:40.452+0000] {dagbag.py:540} INFO - Filling up the DagBag from /home/airflow/.local/lib/python3.8/site-packages/airflow/example_dags/example_task_group_decorator.py
[2025-06-03T13:24:40.463+0000] {processor.py:840} INFO - DAG(s) 'example_task_group_decorator' retrieved from /home/airflow/.local/lib/python3.8/site-packages/airflow/example_dags/example_task_group_decorator.py
[2025-06-03T13:24:40.477+0000] {logging_mixin.py:188} INFO - [2025-06-03T13:24:40.477+0000] {dag.py:3047} INFO - Sync 1 DAGs
[2025-06-03T13:24:40.490+0000] {logging_mixin.py:188} INFO - [2025-06-03T13:24:40.490+0000] {dag.py:3834} INFO - Setting next_dagrun for example_task_group_decorator to 2025-06-02 00:00:00+00:00, run_after=2025-06-03 00:00:00+00:00
[2025-06-03T13:24:40.497+0000] {processor.py:183} INFO - Processing /home/airflow/.local/lib/python3.8/site-packages/airflow/example_dags/example_task_group_decorator.py took 0.050 seconds
[2025-06-03T13:25:11.238+0000] {processor.py:161} INFO - Started process (PID=956) to work on /home/airflow/.local/lib/python3.8/site-packages/airflow/example_dags/example_task_group_decorator.py
[2025-06-03T13:25:11.239+0000] {processor.py:830} INFO - Processing file /home/airflow/.local/lib/python3.8/site-packages/airflow/example_dags/example_task_group_decorator.py for tasks to queue
[2025-06-03T13:25:11.241+0000] {logging_mixin.py:188} INFO - [2025-06-03T13:25:11.241+0000] {dagbag.py:540} INFO - Filling up the DagBag from /home/airflow/.local/lib/python3.8/site-packages/airflow/example_dags/example_task_group_decorator.py
[2025-06-03T13:25:11.255+0000] {processor.py:840} INFO - DAG(s) 'example_task_group_decorator' retrieved from /home/airflow/.local/lib/python3.8/site-packages/airflow/example_dags/example_task_group_decorator.py
[2025-06-03T13:25:11.305+0000] {logging_mixin.py:188} INFO - [2025-06-03T13:25:11.302+0000] {dag.py:3047} INFO - Sync 1 DAGs
[2025-06-03T13:25:11.332+0000] {logging_mixin.py:188} INFO - [2025-06-03T13:25:11.332+0000] {dag.py:3834} INFO - Setting next_dagrun for example_task_group_decorator to 2025-06-02 00:00:00+00:00, run_after=2025-06-03 00:00:00+00:00
[2025-06-03T13:25:11.344+0000] {processor.py:183} INFO - Processing /home/airflow/.local/lib/python3.8/site-packages/airflow/example_dags/example_task_group_decorator.py took 0.109 seconds
[2025-06-03T13:25:41.859+0000] {processor.py:161} INFO - Started process (PID=1011) to work on /home/airflow/.local/lib/python3.8/site-packages/airflow/example_dags/example_task_group_decorator.py
[2025-06-03T13:25:41.860+0000] {processor.py:830} INFO - Processing file /home/airflow/.local/lib/python3.8/site-packages/airflow/example_dags/example_task_group_decorator.py for tasks to queue
[2025-06-03T13:25:41.865+0000] {logging_mixin.py:188} INFO - [2025-06-03T13:25:41.865+0000] {dagbag.py:540} INFO - Filling up the DagBag from /home/airflow/.local/lib/python3.8/site-packages/airflow/example_dags/example_task_group_decorator.py
[2025-06-03T13:25:41.882+0000] {processor.py:840} INFO - DAG(s) 'example_task_group_decorator' retrieved from /home/airflow/.local/lib/python3.8/site-packages/airflow/example_dags/example_task_group_decorator.py
[2025-06-03T13:25:41.899+0000] {logging_mixin.py:188} INFO - [2025-06-03T13:25:41.899+0000] {dag.py:3047} INFO - Sync 1 DAGs
[2025-06-03T13:25:41.914+0000] {logging_mixin.py:188} INFO - [2025-06-03T13:25:41.914+0000] {dag.py:3834} INFO - Setting next_dagrun for example_task_group_decorator to 2025-06-02 00:00:00+00:00, run_after=2025-06-03 00:00:00+00:00
[2025-06-03T13:25:41.930+0000] {processor.py:183} INFO - Processing /home/airflow/.local/lib/python3.8/site-packages/airflow/example_dags/example_task_group_decorator.py took 0.075 seconds
[2025-06-03T13:26:12.964+0000] {processor.py:161} INFO - Started process (PID=1066) to work on /home/airflow/.local/lib/python3.8/site-packages/airflow/example_dags/example_task_group_decorator.py
[2025-06-03T13:26:12.965+0000] {processor.py:830} INFO - Processing file /home/airflow/.local/lib/python3.8/site-packages/airflow/example_dags/example_task_group_decorator.py for tasks to queue
[2025-06-03T13:26:12.966+0000] {logging_mixin.py:188} INFO - [2025-06-03T13:26:12.966+0000] {dagbag.py:540} INFO - Filling up the DagBag from /home/airflow/.local/lib/python3.8/site-packages/airflow/example_dags/example_task_group_decorator.py
[2025-06-03T13:26:12.978+0000] {processor.py:840} INFO - DAG(s) 'example_task_group_decorator' retrieved from /home/airflow/.local/lib/python3.8/site-packages/airflow/example_dags/example_task_group_decorator.py
[2025-06-03T13:26:13.005+0000] {logging_mixin.py:188} INFO - [2025-06-03T13:26:13.005+0000] {dag.py:3047} INFO - Sync 1 DAGs
[2025-06-03T13:26:13.024+0000] {logging_mixin.py:188} INFO - [2025-06-03T13:26:13.024+0000] {dag.py:3834} INFO - Setting next_dagrun for example_task_group_decorator to 2025-06-02 00:00:00+00:00, run_after=2025-06-03 00:00:00+00:00
[2025-06-03T13:26:13.043+0000] {processor.py:183} INFO - Processing /home/airflow/.local/lib/python3.8/site-packages/airflow/example_dags/example_task_group_decorator.py took 0.083 seconds
[2025-06-03T13:26:43.134+0000] {processor.py:161} INFO - Started process (PID=1121) to work on /home/airflow/.local/lib/python3.8/site-packages/airflow/example_dags/example_task_group_decorator.py
[2025-06-03T13:26:43.135+0000] {processor.py:830} INFO - Processing file /home/airflow/.local/lib/python3.8/site-packages/airflow/example_dags/example_task_group_decorator.py for tasks to queue
[2025-06-03T13:26:43.139+0000] {logging_mixin.py:188} INFO - [2025-06-03T13:26:43.139+0000] {dagbag.py:540} INFO - Filling up the DagBag from /home/airflow/.local/lib/python3.8/site-packages/airflow/example_dags/example_task_group_decorator.py
[2025-06-03T13:26:43.149+0000] {processor.py:840} INFO - DAG(s) 'example_task_group_decorator' retrieved from /home/airflow/.local/lib/python3.8/site-packages/airflow/example_dags/example_task_group_decorator.py
[2025-06-03T13:26:43.163+0000] {logging_mixin.py:188} INFO - [2025-06-03T13:26:43.163+0000] {dag.py:3047} INFO - Sync 1 DAGs
[2025-06-03T13:26:43.176+0000] {logging_mixin.py:188} INFO - [2025-06-03T13:26:43.176+0000] {dag.py:3834} INFO - Setting next_dagrun for example_task_group_decorator to 2025-06-02 00:00:00+00:00, run_after=2025-06-03 00:00:00+00:00
[2025-06-03T13:26:43.183+0000] {processor.py:183} INFO - Processing /home/airflow/.local/lib/python3.8/site-packages/airflow/example_dags/example_task_group_decorator.py took 0.053 seconds
[2025-06-03T13:27:13.764+0000] {processor.py:161} INFO - Started process (PID=1176) to work on /home/airflow/.local/lib/python3.8/site-packages/airflow/example_dags/example_task_group_decorator.py
[2025-06-03T13:27:13.765+0000] {processor.py:830} INFO - Processing file /home/airflow/.local/lib/python3.8/site-packages/airflow/example_dags/example_task_group_decorator.py for tasks to queue
[2025-06-03T13:27:13.767+0000] {logging_mixin.py:188} INFO - [2025-06-03T13:27:13.767+0000] {dagbag.py:540} INFO - Filling up the DagBag from /home/airflow/.local/lib/python3.8/site-packages/airflow/example_dags/example_task_group_decorator.py
[2025-06-03T13:27:13.776+0000] {processor.py:840} INFO - DAG(s) 'example_task_group_decorator' retrieved from /home/airflow/.local/lib/python3.8/site-packages/airflow/example_dags/example_task_group_decorator.py
[2025-06-03T13:27:13.795+0000] {logging_mixin.py:188} INFO - [2025-06-03T13:27:13.795+0000] {dag.py:3047} INFO - Sync 1 DAGs
[2025-06-03T13:27:13.807+0000] {logging_mixin.py:188} INFO - [2025-06-03T13:27:13.807+0000] {dag.py:3834} INFO - Setting next_dagrun for example_task_group_decorator to 2025-06-02 00:00:00+00:00, run_after=2025-06-03 00:00:00+00:00
[2025-06-03T13:27:13.814+0000] {processor.py:183} INFO - Processing /home/airflow/.local/lib/python3.8/site-packages/airflow/example_dags/example_task_group_decorator.py took 0.053 seconds
[2025-06-03T13:27:44.337+0000] {processor.py:161} INFO - Started process (PID=1231) to work on /home/airflow/.local/lib/python3.8/site-packages/airflow/example_dags/example_task_group_decorator.py
[2025-06-03T13:27:44.340+0000] {processor.py:830} INFO - Processing file /home/airflow/.local/lib/python3.8/site-packages/airflow/example_dags/example_task_group_decorator.py for tasks to queue
[2025-06-03T13:27:44.343+0000] {logging_mixin.py:188} INFO - [2025-06-03T13:27:44.343+0000] {dagbag.py:540} INFO - Filling up the DagBag from /home/airflow/.local/lib/python3.8/site-packages/airflow/example_dags/example_task_group_decorator.py
[2025-06-03T13:27:44.352+0000] {processor.py:840} INFO - DAG(s) 'example_task_group_decorator' retrieved from /home/airflow/.local/lib/python3.8/site-packages/airflow/example_dags/example_task_group_decorator.py
[2025-06-03T13:27:44.365+0000] {logging_mixin.py:188} INFO - [2025-06-03T13:27:44.365+0000] {dag.py:3047} INFO - Sync 1 DAGs
[2025-06-03T13:27:44.376+0000] {logging_mixin.py:188} INFO - [2025-06-03T13:27:44.376+0000] {dag.py:3834} INFO - Setting next_dagrun for example_task_group_decorator to 2025-06-02 00:00:00+00:00, run_after=2025-06-03 00:00:00+00:00
[2025-06-03T13:27:44.384+0000] {processor.py:183} INFO - Processing /home/airflow/.local/lib/python3.8/site-packages/airflow/example_dags/example_task_group_decorator.py took 0.049 seconds
[2025-06-03T13:28:14.947+0000] {processor.py:161} INFO - Started process (PID=1286) to work on /home/airflow/.local/lib/python3.8/site-packages/airflow/example_dags/example_task_group_decorator.py
[2025-06-03T13:28:14.949+0000] {processor.py:830} INFO - Processing file /home/airflow/.local/lib/python3.8/site-packages/airflow/example_dags/example_task_group_decorator.py for tasks to queue
[2025-06-03T13:28:14.951+0000] {logging_mixin.py:188} INFO - [2025-06-03T13:28:14.950+0000] {dagbag.py:540} INFO - Filling up the DagBag from /home/airflow/.local/lib/python3.8/site-packages/airflow/example_dags/example_task_group_decorator.py
[2025-06-03T13:28:14.966+0000] {processor.py:840} INFO - DAG(s) 'example_task_group_decorator' retrieved from /home/airflow/.local/lib/python3.8/site-packages/airflow/example_dags/example_task_group_decorator.py
[2025-06-03T13:28:14.983+0000] {logging_mixin.py:188} INFO - [2025-06-03T13:28:14.983+0000] {dag.py:3047} INFO - Sync 1 DAGs
[2025-06-03T13:28:14.996+0000] {logging_mixin.py:188} INFO - [2025-06-03T13:28:14.996+0000] {dag.py:3834} INFO - Setting next_dagrun for example_task_group_decorator to 2025-06-02 00:00:00+00:00, run_after=2025-06-03 00:00:00+00:00
[2025-06-03T13:28:15.007+0000] {processor.py:183} INFO - Processing /home/airflow/.local/lib/python3.8/site-packages/airflow/example_dags/example_task_group_decorator.py took 0.063 seconds
[2025-06-03T13:28:45.360+0000] {processor.py:161} INFO - Started process (PID=1341) to work on /home/airflow/.local/lib/python3.8/site-packages/airflow/example_dags/example_task_group_decorator.py
[2025-06-03T13:28:45.361+0000] {processor.py:830} INFO - Processing file /home/airflow/.local/lib/python3.8/site-packages/airflow/example_dags/example_task_group_decorator.py for tasks to queue
[2025-06-03T13:28:45.362+0000] {logging_mixin.py:188} INFO - [2025-06-03T13:28:45.362+0000] {dagbag.py:540} INFO - Filling up the DagBag from /home/airflow/.local/lib/python3.8/site-packages/airflow/example_dags/example_task_group_decorator.py
[2025-06-03T13:28:45.378+0000] {processor.py:840} INFO - DAG(s) 'example_task_group_decorator' retrieved from /home/airflow/.local/lib/python3.8/site-packages/airflow/example_dags/example_task_group_decorator.py
[2025-06-03T13:28:45.417+0000] {logging_mixin.py:188} INFO - [2025-06-03T13:28:45.417+0000] {dag.py:3047} INFO - Sync 1 DAGs
[2025-06-03T13:28:45.459+0000] {logging_mixin.py:188} INFO - [2025-06-03T13:28:45.458+0000] {dag.py:3834} INFO - Setting next_dagrun for example_task_group_decorator to 2025-06-02 00:00:00+00:00, run_after=2025-06-03 00:00:00+00:00
[2025-06-03T13:28:45.489+0000] {processor.py:183} INFO - Processing /home/airflow/.local/lib/python3.8/site-packages/airflow/example_dags/example_task_group_decorator.py took 0.132 seconds
[2025-06-03T13:29:15.767+0000] {processor.py:161} INFO - Started process (PID=1396) to work on /home/airflow/.local/lib/python3.8/site-packages/airflow/example_dags/example_task_group_decorator.py
[2025-06-03T13:29:15.769+0000] {processor.py:830} INFO - Processing file /home/airflow/.local/lib/python3.8/site-packages/airflow/example_dags/example_task_group_decorator.py for tasks to queue
[2025-06-03T13:29:15.770+0000] {logging_mixin.py:188} INFO - [2025-06-03T13:29:15.769+0000] {dagbag.py:540} INFO - Filling up the DagBag from /home/airflow/.local/lib/python3.8/site-packages/airflow/example_dags/example_task_group_decorator.py
[2025-06-03T13:29:15.777+0000] {processor.py:840} INFO - DAG(s) 'example_task_group_decorator' retrieved from /home/airflow/.local/lib/python3.8/site-packages/airflow/example_dags/example_task_group_decorator.py
[2025-06-03T13:29:15.789+0000] {logging_mixin.py:188} INFO - [2025-06-03T13:29:15.789+0000] {dag.py:3047} INFO - Sync 1 DAGs
[2025-06-03T13:29:15.798+0000] {logging_mixin.py:188} INFO - [2025-06-03T13:29:15.798+0000] {dag.py:3834} INFO - Setting next_dagrun for example_task_group_decorator to 2025-06-02 00:00:00+00:00, run_after=2025-06-03 00:00:00+00:00
[2025-06-03T13:29:15.806+0000] {processor.py:183} INFO - Processing /home/airflow/.local/lib/python3.8/site-packages/airflow/example_dags/example_task_group_decorator.py took 0.041 seconds
[2025-06-03T13:29:46.145+0000] {processor.py:161} INFO - Started process (PID=1451) to work on /home/airflow/.local/lib/python3.8/site-packages/airflow/example_dags/example_task_group_decorator.py
[2025-06-03T13:29:46.147+0000] {processor.py:830} INFO - Processing file /home/airflow/.local/lib/python3.8/site-packages/airflow/example_dags/example_task_group_decorator.py for tasks to queue
[2025-06-03T13:29:46.148+0000] {logging_mixin.py:188} INFO - [2025-06-03T13:29:46.147+0000] {dagbag.py:540} INFO - Filling up the DagBag from /home/airflow/.local/lib/python3.8/site-packages/airflow/example_dags/example_task_group_decorator.py
[2025-06-03T13:29:46.155+0000] {processor.py:840} INFO - DAG(s) 'example_task_group_decorator' retrieved from /home/airflow/.local/lib/python3.8/site-packages/airflow/example_dags/example_task_group_decorator.py
[2025-06-03T13:29:46.167+0000] {logging_mixin.py:188} INFO - [2025-06-03T13:29:46.167+0000] {dag.py:3047} INFO - Sync 1 DAGs
[2025-06-03T13:29:46.178+0000] {logging_mixin.py:188} INFO - [2025-06-03T13:29:46.177+0000] {dag.py:3834} INFO - Setting next_dagrun for example_task_group_decorator to 2025-06-02 00:00:00+00:00, run_after=2025-06-03 00:00:00+00:00
[2025-06-03T13:29:46.188+0000] {processor.py:183} INFO - Processing /home/airflow/.local/lib/python3.8/site-packages/airflow/example_dags/example_task_group_decorator.py took 0.046 seconds
[2025-06-03T13:30:16.488+0000] {processor.py:161} INFO - Started process (PID=1506) to work on /home/airflow/.local/lib/python3.8/site-packages/airflow/example_dags/example_task_group_decorator.py
[2025-06-03T13:30:16.488+0000] {processor.py:830} INFO - Processing file /home/airflow/.local/lib/python3.8/site-packages/airflow/example_dags/example_task_group_decorator.py for tasks to queue
[2025-06-03T13:30:16.490+0000] {logging_mixin.py:188} INFO - [2025-06-03T13:30:16.490+0000] {dagbag.py:540} INFO - Filling up the DagBag from /home/airflow/.local/lib/python3.8/site-packages/airflow/example_dags/example_task_group_decorator.py
[2025-06-03T13:30:16.498+0000] {processor.py:840} INFO - DAG(s) 'example_task_group_decorator' retrieved from /home/airflow/.local/lib/python3.8/site-packages/airflow/example_dags/example_task_group_decorator.py
[2025-06-03T13:30:16.511+0000] {logging_mixin.py:188} INFO - [2025-06-03T13:30:16.511+0000] {dag.py:3047} INFO - Sync 1 DAGs
[2025-06-03T13:30:16.521+0000] {logging_mixin.py:188} INFO - [2025-06-03T13:30:16.521+0000] {dag.py:3834} INFO - Setting next_dagrun for example_task_group_decorator to 2025-06-02 00:00:00+00:00, run_after=2025-06-03 00:00:00+00:00
[2025-06-03T13:30:16.531+0000] {processor.py:183} INFO - Processing /home/airflow/.local/lib/python3.8/site-packages/airflow/example_dags/example_task_group_decorator.py took 0.046 seconds
[2025-06-03T13:30:46.776+0000] {processor.py:161} INFO - Started process (PID=1560) to work on /home/airflow/.local/lib/python3.8/site-packages/airflow/example_dags/example_task_group_decorator.py
[2025-06-03T13:30:46.777+0000] {processor.py:830} INFO - Processing file /home/airflow/.local/lib/python3.8/site-packages/airflow/example_dags/example_task_group_decorator.py for tasks to queue
[2025-06-03T13:30:46.779+0000] {logging_mixin.py:188} INFO - [2025-06-03T13:30:46.778+0000] {dagbag.py:540} INFO - Filling up the DagBag from /home/airflow/.local/lib/python3.8/site-packages/airflow/example_dags/example_task_group_decorator.py
[2025-06-03T13:30:46.788+0000] {processor.py:840} INFO - DAG(s) 'example_task_group_decorator' retrieved from /home/airflow/.local/lib/python3.8/site-packages/airflow/example_dags/example_task_group_decorator.py
[2025-06-03T13:30:46.800+0000] {logging_mixin.py:188} INFO - [2025-06-03T13:30:46.800+0000] {dag.py:3047} INFO - Sync 1 DAGs
[2025-06-03T13:30:46.810+0000] {logging_mixin.py:188} INFO - [2025-06-03T13:30:46.810+0000] {dag.py:3834} INFO - Setting next_dagrun for example_task_group_decorator to 2025-06-02 00:00:00+00:00, run_after=2025-06-03 00:00:00+00:00
[2025-06-03T13:30:46.818+0000] {processor.py:183} INFO - Processing /home/airflow/.local/lib/python3.8/site-packages/airflow/example_dags/example_task_group_decorator.py took 0.045 seconds
[2025-06-03T13:31:17.074+0000] {processor.py:161} INFO - Started process (PID=1615) to work on /home/airflow/.local/lib/python3.8/site-packages/airflow/example_dags/example_task_group_decorator.py
[2025-06-03T13:31:17.075+0000] {processor.py:830} INFO - Processing file /home/airflow/.local/lib/python3.8/site-packages/airflow/example_dags/example_task_group_decorator.py for tasks to queue
[2025-06-03T13:31:17.078+0000] {logging_mixin.py:188} INFO - [2025-06-03T13:31:17.078+0000] {dagbag.py:540} INFO - Filling up the DagBag from /home/airflow/.local/lib/python3.8/site-packages/airflow/example_dags/example_task_group_decorator.py
[2025-06-03T13:31:17.086+0000] {processor.py:840} INFO - DAG(s) 'example_task_group_decorator' retrieved from /home/airflow/.local/lib/python3.8/site-packages/airflow/example_dags/example_task_group_decorator.py
[2025-06-03T13:31:17.098+0000] {logging_mixin.py:188} INFO - [2025-06-03T13:31:17.098+0000] {dag.py:3047} INFO - Sync 1 DAGs
[2025-06-03T13:31:17.108+0000] {logging_mixin.py:188} INFO - [2025-06-03T13:31:17.108+0000] {dag.py:3834} INFO - Setting next_dagrun for example_task_group_decorator to 2025-06-02 00:00:00+00:00, run_after=2025-06-03 00:00:00+00:00
[2025-06-03T13:31:17.116+0000] {processor.py:183} INFO - Processing /home/airflow/.local/lib/python3.8/site-packages/airflow/example_dags/example_task_group_decorator.py took 0.044 seconds
[2025-06-03T13:31:47.357+0000] {processor.py:161} INFO - Started process (PID=1670) to work on /home/airflow/.local/lib/python3.8/site-packages/airflow/example_dags/example_task_group_decorator.py
[2025-06-03T13:31:47.358+0000] {processor.py:830} INFO - Processing file /home/airflow/.local/lib/python3.8/site-packages/airflow/example_dags/example_task_group_decorator.py for tasks to queue
[2025-06-03T13:31:47.359+0000] {logging_mixin.py:188} INFO - [2025-06-03T13:31:47.359+0000] {dagbag.py:540} INFO - Filling up the DagBag from /home/airflow/.local/lib/python3.8/site-packages/airflow/example_dags/example_task_group_decorator.py
[2025-06-03T13:31:47.369+0000] {processor.py:840} INFO - DAG(s) 'example_task_group_decorator' retrieved from /home/airflow/.local/lib/python3.8/site-packages/airflow/example_dags/example_task_group_decorator.py
[2025-06-03T13:31:47.385+0000] {logging_mixin.py:188} INFO - [2025-06-03T13:31:47.385+0000] {dag.py:3047} INFO - Sync 1 DAGs
[2025-06-03T13:31:47.396+0000] {logging_mixin.py:188} INFO - [2025-06-03T13:31:47.396+0000] {dag.py:3834} INFO - Setting next_dagrun for example_task_group_decorator to 2025-06-02 00:00:00+00:00, run_after=2025-06-03 00:00:00+00:00
[2025-06-03T13:31:47.403+0000] {processor.py:183} INFO - Processing /home/airflow/.local/lib/python3.8/site-packages/airflow/example_dags/example_task_group_decorator.py took 0.048 seconds
[2025-06-03T13:32:17.665+0000] {processor.py:161} INFO - Started process (PID=1725) to work on /home/airflow/.local/lib/python3.8/site-packages/airflow/example_dags/example_task_group_decorator.py
[2025-06-03T13:32:17.666+0000] {processor.py:830} INFO - Processing file /home/airflow/.local/lib/python3.8/site-packages/airflow/example_dags/example_task_group_decorator.py for tasks to queue
[2025-06-03T13:32:17.667+0000] {logging_mixin.py:188} INFO - [2025-06-03T13:32:17.667+0000] {dagbag.py:540} INFO - Filling up the DagBag from /home/airflow/.local/lib/python3.8/site-packages/airflow/example_dags/example_task_group_decorator.py
[2025-06-03T13:32:17.676+0000] {processor.py:840} INFO - DAG(s) 'example_task_group_decorator' retrieved from /home/airflow/.local/lib/python3.8/site-packages/airflow/example_dags/example_task_group_decorator.py
[2025-06-03T13:32:17.691+0000] {logging_mixin.py:188} INFO - [2025-06-03T13:32:17.691+0000] {dag.py:3047} INFO - Sync 1 DAGs
[2025-06-03T13:32:17.702+0000] {logging_mixin.py:188} INFO - [2025-06-03T13:32:17.702+0000] {dag.py:3834} INFO - Setting next_dagrun for example_task_group_decorator to 2025-06-02 00:00:00+00:00, run_after=2025-06-03 00:00:00+00:00
[2025-06-03T13:32:17.709+0000] {processor.py:183} INFO - Processing /home/airflow/.local/lib/python3.8/site-packages/airflow/example_dags/example_task_group_decorator.py took 0.046 seconds
[2025-06-03T13:32:47.943+0000] {processor.py:161} INFO - Started process (PID=1780) to work on /home/airflow/.local/lib/python3.8/site-packages/airflow/example_dags/example_task_group_decorator.py
[2025-06-03T13:32:47.946+0000] {processor.py:830} INFO - Processing file /home/airflow/.local/lib/python3.8/site-packages/airflow/example_dags/example_task_group_decorator.py for tasks to queue
[2025-06-03T13:32:47.949+0000] {logging_mixin.py:188} INFO - [2025-06-03T13:32:47.949+0000] {dagbag.py:540} INFO - Filling up the DagBag from /home/airflow/.local/lib/python3.8/site-packages/airflow/example_dags/example_task_group_decorator.py
[2025-06-03T13:32:47.957+0000] {processor.py:840} INFO - DAG(s) 'example_task_group_decorator' retrieved from /home/airflow/.local/lib/python3.8/site-packages/airflow/example_dags/example_task_group_decorator.py
[2025-06-03T13:32:47.970+0000] {logging_mixin.py:188} INFO - [2025-06-03T13:32:47.970+0000] {dag.py:3047} INFO - Sync 1 DAGs
[2025-06-03T13:32:47.980+0000] {logging_mixin.py:188} INFO - [2025-06-03T13:32:47.980+0000] {dag.py:3834} INFO - Setting next_dagrun for example_task_group_decorator to 2025-06-02 00:00:00+00:00, run_after=2025-06-03 00:00:00+00:00
[2025-06-03T13:32:47.987+0000] {processor.py:183} INFO - Processing /home/airflow/.local/lib/python3.8/site-packages/airflow/example_dags/example_task_group_decorator.py took 0.046 seconds
[2025-06-03T13:33:18.250+0000] {processor.py:161} INFO - Started process (PID=1835) to work on /home/airflow/.local/lib/python3.8/site-packages/airflow/example_dags/example_task_group_decorator.py
[2025-06-03T13:33:18.251+0000] {processor.py:830} INFO - Processing file /home/airflow/.local/lib/python3.8/site-packages/airflow/example_dags/example_task_group_decorator.py for tasks to queue
[2025-06-03T13:33:18.255+0000] {logging_mixin.py:188} INFO - [2025-06-03T13:33:18.255+0000] {dagbag.py:540} INFO - Filling up the DagBag from /home/airflow/.local/lib/python3.8/site-packages/airflow/example_dags/example_task_group_decorator.py
[2025-06-03T13:33:18.276+0000] {processor.py:840} INFO - DAG(s) 'example_task_group_decorator' retrieved from /home/airflow/.local/lib/python3.8/site-packages/airflow/example_dags/example_task_group_decorator.py
[2025-06-03T13:33:18.288+0000] {logging_mixin.py:188} INFO - [2025-06-03T13:33:18.288+0000] {dag.py:3047} INFO - Sync 1 DAGs
[2025-06-03T13:33:18.297+0000] {logging_mixin.py:188} INFO - [2025-06-03T13:33:18.297+0000] {dag.py:3834} INFO - Setting next_dagrun for example_task_group_decorator to 2025-06-02 00:00:00+00:00, run_after=2025-06-03 00:00:00+00:00
[2025-06-03T13:33:18.306+0000] {processor.py:183} INFO - Processing /home/airflow/.local/lib/python3.8/site-packages/airflow/example_dags/example_task_group_decorator.py took 0.058 seconds
[2025-06-03T13:33:48.541+0000] {processor.py:161} INFO - Started process (PID=1890) to work on /home/airflow/.local/lib/python3.8/site-packages/airflow/example_dags/example_task_group_decorator.py
[2025-06-03T13:33:48.542+0000] {processor.py:830} INFO - Processing file /home/airflow/.local/lib/python3.8/site-packages/airflow/example_dags/example_task_group_decorator.py for tasks to queue
[2025-06-03T13:33:48.545+0000] {logging_mixin.py:188} INFO - [2025-06-03T13:33:48.545+0000] {dagbag.py:540} INFO - Filling up the DagBag from /home/airflow/.local/lib/python3.8/site-packages/airflow/example_dags/example_task_group_decorator.py
[2025-06-03T13:33:48.554+0000] {processor.py:840} INFO - DAG(s) 'example_task_group_decorator' retrieved from /home/airflow/.local/lib/python3.8/site-packages/airflow/example_dags/example_task_group_decorator.py
[2025-06-03T13:33:48.566+0000] {logging_mixin.py:188} INFO - [2025-06-03T13:33:48.566+0000] {dag.py:3047} INFO - Sync 1 DAGs
[2025-06-03T13:33:48.577+0000] {logging_mixin.py:188} INFO - [2025-06-03T13:33:48.577+0000] {dag.py:3834} INFO - Setting next_dagrun for example_task_group_decorator to 2025-06-02 00:00:00+00:00, run_after=2025-06-03 00:00:00+00:00
[2025-06-03T13:33:48.584+0000] {processor.py:183} INFO - Processing /home/airflow/.local/lib/python3.8/site-packages/airflow/example_dags/example_task_group_decorator.py took 0.046 seconds
[2025-06-03T13:34:18.835+0000] {processor.py:161} INFO - Started process (PID=1945) to work on /home/airflow/.local/lib/python3.8/site-packages/airflow/example_dags/example_task_group_decorator.py
[2025-06-03T13:34:18.836+0000] {processor.py:830} INFO - Processing file /home/airflow/.local/lib/python3.8/site-packages/airflow/example_dags/example_task_group_decorator.py for tasks to queue
[2025-06-03T13:34:18.837+0000] {logging_mixin.py:188} INFO - [2025-06-03T13:34:18.837+0000] {dagbag.py:540} INFO - Filling up the DagBag from /home/airflow/.local/lib/python3.8/site-packages/airflow/example_dags/example_task_group_decorator.py
[2025-06-03T13:34:18.847+0000] {processor.py:840} INFO - DAG(s) 'example_task_group_decorator' retrieved from /home/airflow/.local/lib/python3.8/site-packages/airflow/example_dags/example_task_group_decorator.py
[2025-06-03T13:34:18.860+0000] {logging_mixin.py:188} INFO - [2025-06-03T13:34:18.860+0000] {dag.py:3047} INFO - Sync 1 DAGs
[2025-06-03T13:34:18.871+0000] {logging_mixin.py:188} INFO - [2025-06-03T13:34:18.871+0000] {dag.py:3834} INFO - Setting next_dagrun for example_task_group_decorator to 2025-06-02 00:00:00+00:00, run_after=2025-06-03 00:00:00+00:00
[2025-06-03T13:34:18.880+0000] {processor.py:183} INFO - Processing /home/airflow/.local/lib/python3.8/site-packages/airflow/example_dags/example_task_group_decorator.py took 0.049 seconds
[2025-06-03T13:34:49.198+0000] {processor.py:161} INFO - Started process (PID=2000) to work on /home/airflow/.local/lib/python3.8/site-packages/airflow/example_dags/example_task_group_decorator.py
[2025-06-03T13:34:49.202+0000] {processor.py:830} INFO - Processing file /home/airflow/.local/lib/python3.8/site-packages/airflow/example_dags/example_task_group_decorator.py for tasks to queue
[2025-06-03T13:34:49.203+0000] {logging_mixin.py:188} INFO - [2025-06-03T13:34:49.203+0000] {dagbag.py:540} INFO - Filling up the DagBag from /home/airflow/.local/lib/python3.8/site-packages/airflow/example_dags/example_task_group_decorator.py
[2025-06-03T13:34:49.212+0000] {processor.py:840} INFO - DAG(s) 'example_task_group_decorator' retrieved from /home/airflow/.local/lib/python3.8/site-packages/airflow/example_dags/example_task_group_decorator.py
[2025-06-03T13:34:49.225+0000] {logging_mixin.py:188} INFO - [2025-06-03T13:34:49.225+0000] {dag.py:3047} INFO - Sync 1 DAGs
[2025-06-03T13:34:49.234+0000] {logging_mixin.py:188} INFO - [2025-06-03T13:34:49.234+0000] {dag.py:3834} INFO - Setting next_dagrun for example_task_group_decorator to 2025-06-02 00:00:00+00:00, run_after=2025-06-03 00:00:00+00:00
[2025-06-03T13:34:49.242+0000] {processor.py:183} INFO - Processing /home/airflow/.local/lib/python3.8/site-packages/airflow/example_dags/example_task_group_decorator.py took 0.046 seconds
[2025-06-03T13:35:19.785+0000] {processor.py:161} INFO - Started process (PID=2055) to work on /home/airflow/.local/lib/python3.8/site-packages/airflow/example_dags/example_task_group_decorator.py
[2025-06-03T13:35:19.786+0000] {processor.py:830} INFO - Processing file /home/airflow/.local/lib/python3.8/site-packages/airflow/example_dags/example_task_group_decorator.py for tasks to queue
[2025-06-03T13:35:19.788+0000] {logging_mixin.py:188} INFO - [2025-06-03T13:35:19.787+0000] {dagbag.py:540} INFO - Filling up the DagBag from /home/airflow/.local/lib/python3.8/site-packages/airflow/example_dags/example_task_group_decorator.py
[2025-06-03T13:35:19.794+0000] {processor.py:840} INFO - DAG(s) 'example_task_group_decorator' retrieved from /home/airflow/.local/lib/python3.8/site-packages/airflow/example_dags/example_task_group_decorator.py
[2025-06-03T13:35:19.809+0000] {logging_mixin.py:188} INFO - [2025-06-03T13:35:19.809+0000] {dag.py:3047} INFO - Sync 1 DAGs
[2025-06-03T13:35:19.821+0000] {logging_mixin.py:188} INFO - [2025-06-03T13:35:19.821+0000] {dag.py:3834} INFO - Setting next_dagrun for example_task_group_decorator to 2025-06-02 00:00:00+00:00, run_after=2025-06-03 00:00:00+00:00
[2025-06-03T13:35:19.832+0000] {processor.py:183} INFO - Processing /home/airflow/.local/lib/python3.8/site-packages/airflow/example_dags/example_task_group_decorator.py took 0.049 seconds
[2025-06-03T13:35:50.199+0000] {processor.py:161} INFO - Started process (PID=2110) to work on /home/airflow/.local/lib/python3.8/site-packages/airflow/example_dags/example_task_group_decorator.py
[2025-06-03T13:35:50.200+0000] {processor.py:830} INFO - Processing file /home/airflow/.local/lib/python3.8/site-packages/airflow/example_dags/example_task_group_decorator.py for tasks to queue
[2025-06-03T13:35:50.201+0000] {logging_mixin.py:188} INFO - [2025-06-03T13:35:50.201+0000] {dagbag.py:540} INFO - Filling up the DagBag from /home/airflow/.local/lib/python3.8/site-packages/airflow/example_dags/example_task_group_decorator.py
[2025-06-03T13:35:50.210+0000] {processor.py:840} INFO - DAG(s) 'example_task_group_decorator' retrieved from /home/airflow/.local/lib/python3.8/site-packages/airflow/example_dags/example_task_group_decorator.py
[2025-06-03T13:35:50.224+0000] {logging_mixin.py:188} INFO - [2025-06-03T13:35:50.224+0000] {dag.py:3047} INFO - Sync 1 DAGs
[2025-06-03T13:35:50.235+0000] {logging_mixin.py:188} INFO - [2025-06-03T13:35:50.235+0000] {dag.py:3834} INFO - Setting next_dagrun for example_task_group_decorator to 2025-06-02 00:00:00+00:00, run_after=2025-06-03 00:00:00+00:00
[2025-06-03T13:35:50.242+0000] {processor.py:183} INFO - Processing /home/airflow/.local/lib/python3.8/site-packages/airflow/example_dags/example_task_group_decorator.py took 0.046 seconds
[2025-06-03T13:36:20.494+0000] {processor.py:161} INFO - Started process (PID=2165) to work on /home/airflow/.local/lib/python3.8/site-packages/airflow/example_dags/example_task_group_decorator.py
[2025-06-03T13:36:20.495+0000] {processor.py:830} INFO - Processing file /home/airflow/.local/lib/python3.8/site-packages/airflow/example_dags/example_task_group_decorator.py for tasks to queue
[2025-06-03T13:36:20.496+0000] {logging_mixin.py:188} INFO - [2025-06-03T13:36:20.496+0000] {dagbag.py:540} INFO - Filling up the DagBag from /home/airflow/.local/lib/python3.8/site-packages/airflow/example_dags/example_task_group_decorator.py
[2025-06-03T13:36:20.504+0000] {processor.py:840} INFO - DAG(s) 'example_task_group_decorator' retrieved from /home/airflow/.local/lib/python3.8/site-packages/airflow/example_dags/example_task_group_decorator.py
[2025-06-03T13:36:20.516+0000] {logging_mixin.py:188} INFO - [2025-06-03T13:36:20.516+0000] {dag.py:3047} INFO - Sync 1 DAGs
[2025-06-03T13:36:20.527+0000] {logging_mixin.py:188} INFO - [2025-06-03T13:36:20.527+0000] {dag.py:3834} INFO - Setting next_dagrun for example_task_group_decorator to 2025-06-02 00:00:00+00:00, run_after=2025-06-03 00:00:00+00:00
[2025-06-03T13:36:20.534+0000] {processor.py:183} INFO - Processing /home/airflow/.local/lib/python3.8/site-packages/airflow/example_dags/example_task_group_decorator.py took 0.042 seconds
[2025-06-03T13:36:50.863+0000] {processor.py:161} INFO - Started process (PID=2220) to work on /home/airflow/.local/lib/python3.8/site-packages/airflow/example_dags/example_task_group_decorator.py
[2025-06-03T13:36:50.864+0000] {processor.py:830} INFO - Processing file /home/airflow/.local/lib/python3.8/site-packages/airflow/example_dags/example_task_group_decorator.py for tasks to queue
[2025-06-03T13:36:50.865+0000] {logging_mixin.py:188} INFO - [2025-06-03T13:36:50.865+0000] {dagbag.py:540} INFO - Filling up the DagBag from /home/airflow/.local/lib/python3.8/site-packages/airflow/example_dags/example_task_group_decorator.py
[2025-06-03T13:36:50.875+0000] {processor.py:840} INFO - DAG(s) 'example_task_group_decorator' retrieved from /home/airflow/.local/lib/python3.8/site-packages/airflow/example_dags/example_task_group_decorator.py
[2025-06-03T13:36:50.889+0000] {logging_mixin.py:188} INFO - [2025-06-03T13:36:50.889+0000] {dag.py:3047} INFO - Sync 1 DAGs
[2025-06-03T13:36:50.900+0000] {logging_mixin.py:188} INFO - [2025-06-03T13:36:50.900+0000] {dag.py:3834} INFO - Setting next_dagrun for example_task_group_decorator to 2025-06-02 00:00:00+00:00, run_after=2025-06-03 00:00:00+00:00
[2025-06-03T13:36:50.909+0000] {processor.py:183} INFO - Processing /home/airflow/.local/lib/python3.8/site-packages/airflow/example_dags/example_task_group_decorator.py took 0.049 seconds
[2025-06-03T13:37:21.244+0000] {processor.py:161} INFO - Started process (PID=2275) to work on /home/airflow/.local/lib/python3.8/site-packages/airflow/example_dags/example_task_group_decorator.py
[2025-06-03T13:37:21.246+0000] {processor.py:830} INFO - Processing file /home/airflow/.local/lib/python3.8/site-packages/airflow/example_dags/example_task_group_decorator.py for tasks to queue
[2025-06-03T13:37:21.247+0000] {logging_mixin.py:188} INFO - [2025-06-03T13:37:21.247+0000] {dagbag.py:540} INFO - Filling up the DagBag from /home/airflow/.local/lib/python3.8/site-packages/airflow/example_dags/example_task_group_decorator.py
[2025-06-03T13:37:21.257+0000] {processor.py:840} INFO - DAG(s) 'example_task_group_decorator' retrieved from /home/airflow/.local/lib/python3.8/site-packages/airflow/example_dags/example_task_group_decorator.py
[2025-06-03T13:37:21.269+0000] {logging_mixin.py:188} INFO - [2025-06-03T13:37:21.269+0000] {dag.py:3047} INFO - Sync 1 DAGs
[2025-06-03T13:37:21.278+0000] {logging_mixin.py:188} INFO - [2025-06-03T13:37:21.278+0000] {dag.py:3834} INFO - Setting next_dagrun for example_task_group_decorator to 2025-06-02 00:00:00+00:00, run_after=2025-06-03 00:00:00+00:00
[2025-06-03T13:37:21.286+0000] {processor.py:183} INFO - Processing /home/airflow/.local/lib/python3.8/site-packages/airflow/example_dags/example_task_group_decorator.py took 0.045 seconds
[2025-06-03T13:37:51.878+0000] {processor.py:161} INFO - Started process (PID=2330) to work on /home/airflow/.local/lib/python3.8/site-packages/airflow/example_dags/example_task_group_decorator.py
[2025-06-03T13:37:51.879+0000] {processor.py:830} INFO - Processing file /home/airflow/.local/lib/python3.8/site-packages/airflow/example_dags/example_task_group_decorator.py for tasks to queue
[2025-06-03T13:37:51.880+0000] {logging_mixin.py:188} INFO - [2025-06-03T13:37:51.880+0000] {dagbag.py:540} INFO - Filling up the DagBag from /home/airflow/.local/lib/python3.8/site-packages/airflow/example_dags/example_task_group_decorator.py
[2025-06-03T13:37:51.892+0000] {processor.py:840} INFO - DAG(s) 'example_task_group_decorator' retrieved from /home/airflow/.local/lib/python3.8/site-packages/airflow/example_dags/example_task_group_decorator.py
[2025-06-03T13:37:51.917+0000] {logging_mixin.py:188} INFO - [2025-06-03T13:37:51.917+0000] {dag.py:3047} INFO - Sync 1 DAGs
[2025-06-03T13:37:51.932+0000] {logging_mixin.py:188} INFO - [2025-06-03T13:37:51.932+0000] {dag.py:3834} INFO - Setting next_dagrun for example_task_group_decorator to 2025-06-02 00:00:00+00:00, run_after=2025-06-03 00:00:00+00:00
[2025-06-03T13:37:51.943+0000] {processor.py:183} INFO - Processing /home/airflow/.local/lib/python3.8/site-packages/airflow/example_dags/example_task_group_decorator.py took 0.067 seconds
[2025-06-03T13:38:22.743+0000] {processor.py:161} INFO - Started process (PID=2385) to work on /home/airflow/.local/lib/python3.8/site-packages/airflow/example_dags/example_task_group_decorator.py
[2025-06-03T13:38:22.746+0000] {processor.py:830} INFO - Processing file /home/airflow/.local/lib/python3.8/site-packages/airflow/example_dags/example_task_group_decorator.py for tasks to queue
[2025-06-03T13:38:22.747+0000] {logging_mixin.py:188} INFO - [2025-06-03T13:38:22.747+0000] {dagbag.py:540} INFO - Filling up the DagBag from /home/airflow/.local/lib/python3.8/site-packages/airflow/example_dags/example_task_group_decorator.py
[2025-06-03T13:38:22.757+0000] {processor.py:840} INFO - DAG(s) 'example_task_group_decorator' retrieved from /home/airflow/.local/lib/python3.8/site-packages/airflow/example_dags/example_task_group_decorator.py
[2025-06-03T13:38:22.789+0000] {logging_mixin.py:188} INFO - [2025-06-03T13:38:22.789+0000] {dag.py:3047} INFO - Sync 1 DAGs
[2025-06-03T13:38:22.807+0000] {logging_mixin.py:188} INFO - [2025-06-03T13:38:22.807+0000] {dag.py:3834} INFO - Setting next_dagrun for example_task_group_decorator to 2025-06-02 00:00:00+00:00, run_after=2025-06-03 00:00:00+00:00
[2025-06-03T13:38:22.822+0000] {processor.py:183} INFO - Processing /home/airflow/.local/lib/python3.8/site-packages/airflow/example_dags/example_task_group_decorator.py took 0.086 seconds
[2025-06-03T13:38:53.380+0000] {processor.py:161} INFO - Started process (PID=2440) to work on /home/airflow/.local/lib/python3.8/site-packages/airflow/example_dags/example_task_group_decorator.py
[2025-06-03T13:38:53.381+0000] {processor.py:830} INFO - Processing file /home/airflow/.local/lib/python3.8/site-packages/airflow/example_dags/example_task_group_decorator.py for tasks to queue
[2025-06-03T13:38:53.384+0000] {logging_mixin.py:188} INFO - [2025-06-03T13:38:53.384+0000] {dagbag.py:540} INFO - Filling up the DagBag from /home/airflow/.local/lib/python3.8/site-packages/airflow/example_dags/example_task_group_decorator.py
[2025-06-03T13:38:53.401+0000] {processor.py:840} INFO - DAG(s) 'example_task_group_decorator' retrieved from /home/airflow/.local/lib/python3.8/site-packages/airflow/example_dags/example_task_group_decorator.py
[2025-06-03T13:38:53.433+0000] {logging_mixin.py:188} INFO - [2025-06-03T13:38:53.433+0000] {dag.py:3047} INFO - Sync 1 DAGs
[2025-06-03T13:38:53.466+0000] {logging_mixin.py:188} INFO - [2025-06-03T13:38:53.466+0000] {dag.py:3834} INFO - Setting next_dagrun for example_task_group_decorator to 2025-06-02 00:00:00+00:00, run_after=2025-06-03 00:00:00+00:00
[2025-06-03T13:38:53.478+0000] {processor.py:183} INFO - Processing /home/airflow/.local/lib/python3.8/site-packages/airflow/example_dags/example_task_group_decorator.py took 0.102 seconds
[2025-06-03T13:39:24.504+0000] {processor.py:161} INFO - Started process (PID=2495) to work on /home/airflow/.local/lib/python3.8/site-packages/airflow/example_dags/example_task_group_decorator.py
[2025-06-03T13:39:24.506+0000] {processor.py:830} INFO - Processing file /home/airflow/.local/lib/python3.8/site-packages/airflow/example_dags/example_task_group_decorator.py for tasks to queue
[2025-06-03T13:39:24.507+0000] {logging_mixin.py:188} INFO - [2025-06-03T13:39:24.507+0000] {dagbag.py:540} INFO - Filling up the DagBag from /home/airflow/.local/lib/python3.8/site-packages/airflow/example_dags/example_task_group_decorator.py
[2025-06-03T13:39:24.516+0000] {processor.py:840} INFO - DAG(s) 'example_task_group_decorator' retrieved from /home/airflow/.local/lib/python3.8/site-packages/airflow/example_dags/example_task_group_decorator.py
[2025-06-03T13:39:24.531+0000] {logging_mixin.py:188} INFO - [2025-06-03T13:39:24.531+0000] {dag.py:3047} INFO - Sync 1 DAGs
[2025-06-03T13:39:24.543+0000] {logging_mixin.py:188} INFO - [2025-06-03T13:39:24.542+0000] {dag.py:3834} INFO - Setting next_dagrun for example_task_group_decorator to 2025-06-02 00:00:00+00:00, run_after=2025-06-03 00:00:00+00:00
[2025-06-03T13:39:24.550+0000] {processor.py:183} INFO - Processing /home/airflow/.local/lib/python3.8/site-packages/airflow/example_dags/example_task_group_decorator.py took 0.049 seconds
[2025-06-03T13:39:55.374+0000] {processor.py:161} INFO - Started process (PID=2550) to work on /home/airflow/.local/lib/python3.8/site-packages/airflow/example_dags/example_task_group_decorator.py
[2025-06-03T13:39:55.378+0000] {processor.py:830} INFO - Processing file /home/airflow/.local/lib/python3.8/site-packages/airflow/example_dags/example_task_group_decorator.py for tasks to queue
[2025-06-03T13:39:55.382+0000] {logging_mixin.py:188} INFO - [2025-06-03T13:39:55.382+0000] {dagbag.py:540} INFO - Filling up the DagBag from /home/airflow/.local/lib/python3.8/site-packages/airflow/example_dags/example_task_group_decorator.py
[2025-06-03T13:39:55.394+0000] {processor.py:840} INFO - DAG(s) 'example_task_group_decorator' retrieved from /home/airflow/.local/lib/python3.8/site-packages/airflow/example_dags/example_task_group_decorator.py
[2025-06-03T13:39:55.412+0000] {logging_mixin.py:188} INFO - [2025-06-03T13:39:55.412+0000] {dag.py:3047} INFO - Sync 1 DAGs
[2025-06-03T13:39:55.425+0000] {logging_mixin.py:188} INFO - [2025-06-03T13:39:55.425+0000] {dag.py:3834} INFO - Setting next_dagrun for example_task_group_decorator to 2025-06-02 00:00:00+00:00, run_after=2025-06-03 00:00:00+00:00
[2025-06-03T13:39:55.432+0000] {processor.py:183} INFO - Processing /home/airflow/.local/lib/python3.8/site-packages/airflow/example_dags/example_task_group_decorator.py took 0.061 seconds
[2025-06-03T13:40:26.246+0000] {processor.py:161} INFO - Started process (PID=2606) to work on /home/airflow/.local/lib/python3.8/site-packages/airflow/example_dags/example_task_group_decorator.py
[2025-06-03T13:40:26.247+0000] {processor.py:830} INFO - Processing file /home/airflow/.local/lib/python3.8/site-packages/airflow/example_dags/example_task_group_decorator.py for tasks to queue
[2025-06-03T13:40:26.249+0000] {logging_mixin.py:188} INFO - [2025-06-03T13:40:26.249+0000] {dagbag.py:540} INFO - Filling up the DagBag from /home/airflow/.local/lib/python3.8/site-packages/airflow/example_dags/example_task_group_decorator.py
[2025-06-03T13:40:26.266+0000] {processor.py:840} INFO - DAG(s) 'example_task_group_decorator' retrieved from /home/airflow/.local/lib/python3.8/site-packages/airflow/example_dags/example_task_group_decorator.py
[2025-06-03T13:40:26.286+0000] {logging_mixin.py:188} INFO - [2025-06-03T13:40:26.285+0000] {dag.py:3047} INFO - Sync 1 DAGs
[2025-06-03T13:40:26.301+0000] {logging_mixin.py:188} INFO - [2025-06-03T13:40:26.301+0000] {dag.py:3834} INFO - Setting next_dagrun for example_task_group_decorator to 2025-06-02 00:00:00+00:00, run_after=2025-06-03 00:00:00+00:00
[2025-06-03T13:40:26.314+0000] {processor.py:183} INFO - Processing /home/airflow/.local/lib/python3.8/site-packages/airflow/example_dags/example_task_group_decorator.py took 0.071 seconds
