[2025-06-03T13:16:58.391+0000] {processor.py:161} INFO - Started process (PID=61) to work on /home/airflow/.local/lib/python3.8/site-packages/airflow/example_dags/example_task_group.py
[2025-06-03T13:16:58.394+0000] {processor.py:830} INFO - Processing file /home/airflow/.local/lib/python3.8/site-packages/airflow/example_dags/example_task_group.py for tasks to queue
[2025-06-03T13:16:58.395+0000] {logging_mixin.py:188} INFO - [2025-06-03T13:16:58.395+0000] {dagbag.py:540} INFO - Filling up the DagBag from /home/airflow/.local/lib/python3.8/site-packages/airflow/example_dags/example_task_group.py
[2025-06-03T13:16:58.409+0000] {processor.py:840} INFO - DAG(s) 'example_task_group' retrieved from /home/airflow/.local/lib/python3.8/site-packages/airflow/example_dags/example_task_group.py
[2025-06-03T13:16:58.423+0000] {logging_mixin.py:188} INFO - [2025-06-03T13:16:58.422+0000] {dag.py:3047} INFO - Sync 1 DAGs
[2025-06-03T13:16:58.448+0000] {logging_mixin.py:188} INFO - [2025-06-03T13:16:58.448+0000] {dag.py:3834} INFO - Setting next_dagrun for example_task_group to 2025-06-02 00:00:00+00:00, run_after=2025-06-03 00:00:00+00:00
[2025-06-03T13:16:58.475+0000] {processor.py:183} INFO - Processing /home/airflow/.local/lib/python3.8/site-packages/airflow/example_dags/example_task_group.py took 0.091 seconds
[2025-06-03T13:17:28.488+0000] {processor.py:161} INFO - Started process (PID=116) to work on /home/airflow/.local/lib/python3.8/site-packages/airflow/example_dags/example_task_group.py
[2025-06-03T13:17:28.489+0000] {processor.py:830} INFO - Processing file /home/airflow/.local/lib/python3.8/site-packages/airflow/example_dags/example_task_group.py for tasks to queue
[2025-06-03T13:17:28.490+0000] {logging_mixin.py:188} INFO - [2025-06-03T13:17:28.489+0000] {dagbag.py:540} INFO - Filling up the DagBag from /home/airflow/.local/lib/python3.8/site-packages/airflow/example_dags/example_task_group.py
[2025-06-03T13:17:28.493+0000] {processor.py:840} INFO - DAG(s) 'example_task_group' retrieved from /home/airflow/.local/lib/python3.8/site-packages/airflow/example_dags/example_task_group.py
[2025-06-03T13:17:28.533+0000] {logging_mixin.py:188} INFO - [2025-06-03T13:17:28.533+0000] {dag.py:3047} INFO - Sync 1 DAGs
[2025-06-03T13:17:28.543+0000] {logging_mixin.py:188} INFO - [2025-06-03T13:17:28.543+0000] {dag.py:3834} INFO - Setting next_dagrun for example_task_group to 2025-06-02 00:00:00+00:00, run_after=2025-06-03 00:00:00+00:00
[2025-06-03T13:17:28.549+0000] {processor.py:183} INFO - Processing /home/airflow/.local/lib/python3.8/site-packages/airflow/example_dags/example_task_group.py took 0.062 seconds
[2025-06-03T13:17:59.493+0000] {processor.py:161} INFO - Started process (PID=177) to work on /home/airflow/.local/lib/python3.8/site-packages/airflow/example_dags/example_task_group.py
[2025-06-03T13:17:59.497+0000] {processor.py:830} INFO - Processing file /home/airflow/.local/lib/python3.8/site-packages/airflow/example_dags/example_task_group.py for tasks to queue
[2025-06-03T13:17:59.498+0000] {logging_mixin.py:188} INFO - [2025-06-03T13:17:59.498+0000] {dagbag.py:540} INFO - Filling up the DagBag from /home/airflow/.local/lib/python3.8/site-packages/airflow/example_dags/example_task_group.py
[2025-06-03T13:17:59.504+0000] {processor.py:840} INFO - DAG(s) 'example_task_group' retrieved from /home/airflow/.local/lib/python3.8/site-packages/airflow/example_dags/example_task_group.py
[2025-06-03T13:17:59.517+0000] {logging_mixin.py:188} INFO - [2025-06-03T13:17:59.517+0000] {dag.py:3047} INFO - Sync 1 DAGs
[2025-06-03T13:17:59.528+0000] {logging_mixin.py:188} INFO - [2025-06-03T13:17:59.528+0000] {dag.py:3834} INFO - Setting next_dagrun for example_task_group to 2025-06-02 00:00:00+00:00, run_after=2025-06-03 00:00:00+00:00
[2025-06-03T13:17:59.536+0000] {processor.py:183} INFO - Processing /home/airflow/.local/lib/python3.8/site-packages/airflow/example_dags/example_task_group.py took 0.045 seconds
[2025-06-03T13:18:30.077+0000] {processor.py:161} INFO - Started process (PID=232) to work on /home/airflow/.local/lib/python3.8/site-packages/airflow/example_dags/example_task_group.py
[2025-06-03T13:18:30.078+0000] {processor.py:830} INFO - Processing file /home/airflow/.local/lib/python3.8/site-packages/airflow/example_dags/example_task_group.py for tasks to queue
[2025-06-03T13:18:30.079+0000] {logging_mixin.py:188} INFO - [2025-06-03T13:18:30.078+0000] {dagbag.py:540} INFO - Filling up the DagBag from /home/airflow/.local/lib/python3.8/site-packages/airflow/example_dags/example_task_group.py
[2025-06-03T13:18:30.082+0000] {processor.py:840} INFO - DAG(s) 'example_task_group' retrieved from /home/airflow/.local/lib/python3.8/site-packages/airflow/example_dags/example_task_group.py
[2025-06-03T13:18:30.093+0000] {logging_mixin.py:188} INFO - [2025-06-03T13:18:30.093+0000] {dag.py:3047} INFO - Sync 1 DAGs
[2025-06-03T13:18:30.102+0000] {logging_mixin.py:188} INFO - [2025-06-03T13:18:30.102+0000] {dag.py:3834} INFO - Setting next_dagrun for example_task_group to 2025-06-02 00:00:00+00:00, run_after=2025-06-03 00:00:00+00:00
[2025-06-03T13:18:30.108+0000] {processor.py:183} INFO - Processing /home/airflow/.local/lib/python3.8/site-packages/airflow/example_dags/example_task_group.py took 0.033 seconds
[2025-06-03T13:19:00.684+0000] {processor.py:161} INFO - Started process (PID=287) to work on /home/airflow/.local/lib/python3.8/site-packages/airflow/example_dags/example_task_group.py
[2025-06-03T13:19:00.685+0000] {processor.py:830} INFO - Processing file /home/airflow/.local/lib/python3.8/site-packages/airflow/example_dags/example_task_group.py for tasks to queue
[2025-06-03T13:19:00.686+0000] {logging_mixin.py:188} INFO - [2025-06-03T13:19:00.685+0000] {dagbag.py:540} INFO - Filling up the DagBag from /home/airflow/.local/lib/python3.8/site-packages/airflow/example_dags/example_task_group.py
[2025-06-03T13:19:00.688+0000] {processor.py:840} INFO - DAG(s) 'example_task_group' retrieved from /home/airflow/.local/lib/python3.8/site-packages/airflow/example_dags/example_task_group.py
[2025-06-03T13:19:00.697+0000] {logging_mixin.py:188} INFO - [2025-06-03T13:19:00.697+0000] {dag.py:3047} INFO - Sync 1 DAGs
[2025-06-03T13:19:00.705+0000] {logging_mixin.py:188} INFO - [2025-06-03T13:19:00.705+0000] {dag.py:3834} INFO - Setting next_dagrun for example_task_group to 2025-06-02 00:00:00+00:00, run_after=2025-06-03 00:00:00+00:00
[2025-06-03T13:19:00.712+0000] {processor.py:183} INFO - Processing /home/airflow/.local/lib/python3.8/site-packages/airflow/example_dags/example_task_group.py took 0.029 seconds
[2025-06-03T13:19:31.248+0000] {processor.py:161} INFO - Started process (PID=342) to work on /home/airflow/.local/lib/python3.8/site-packages/airflow/example_dags/example_task_group.py
[2025-06-03T13:19:31.251+0000] {processor.py:830} INFO - Processing file /home/airflow/.local/lib/python3.8/site-packages/airflow/example_dags/example_task_group.py for tasks to queue
[2025-06-03T13:19:31.251+0000] {logging_mixin.py:188} INFO - [2025-06-03T13:19:31.251+0000] {dagbag.py:540} INFO - Filling up the DagBag from /home/airflow/.local/lib/python3.8/site-packages/airflow/example_dags/example_task_group.py
[2025-06-03T13:19:31.255+0000] {processor.py:840} INFO - DAG(s) 'example_task_group' retrieved from /home/airflow/.local/lib/python3.8/site-packages/airflow/example_dags/example_task_group.py
[2025-06-03T13:19:31.263+0000] {logging_mixin.py:188} INFO - [2025-06-03T13:19:31.263+0000] {dag.py:3047} INFO - Sync 1 DAGs
[2025-06-03T13:19:31.271+0000] {logging_mixin.py:188} INFO - [2025-06-03T13:19:31.271+0000] {dag.py:3834} INFO - Setting next_dagrun for example_task_group to 2025-06-02 00:00:00+00:00, run_after=2025-06-03 00:00:00+00:00
[2025-06-03T13:19:31.277+0000] {processor.py:183} INFO - Processing /home/airflow/.local/lib/python3.8/site-packages/airflow/example_dags/example_task_group.py took 0.031 seconds
[2025-06-03T13:20:01.855+0000] {processor.py:161} INFO - Started process (PID=397) to work on /home/airflow/.local/lib/python3.8/site-packages/airflow/example_dags/example_task_group.py
[2025-06-03T13:20:01.856+0000] {processor.py:830} INFO - Processing file /home/airflow/.local/lib/python3.8/site-packages/airflow/example_dags/example_task_group.py for tasks to queue
[2025-06-03T13:20:01.858+0000] {logging_mixin.py:188} INFO - [2025-06-03T13:20:01.858+0000] {dagbag.py:540} INFO - Filling up the DagBag from /home/airflow/.local/lib/python3.8/site-packages/airflow/example_dags/example_task_group.py
[2025-06-03T13:20:01.864+0000] {processor.py:840} INFO - DAG(s) 'example_task_group' retrieved from /home/airflow/.local/lib/python3.8/site-packages/airflow/example_dags/example_task_group.py
[2025-06-03T13:20:01.877+0000] {logging_mixin.py:188} INFO - [2025-06-03T13:20:01.877+0000] {dag.py:3047} INFO - Sync 1 DAGs
[2025-06-03T13:20:01.897+0000] {logging_mixin.py:188} INFO - [2025-06-03T13:20:01.897+0000] {dag.py:3834} INFO - Setting next_dagrun for example_task_group to 2025-06-02 00:00:00+00:00, run_after=2025-06-03 00:00:00+00:00
[2025-06-03T13:20:01.906+0000] {processor.py:183} INFO - Processing /home/airflow/.local/lib/python3.8/site-packages/airflow/example_dags/example_task_group.py took 0.053 seconds
[2025-06-03T13:20:32.697+0000] {processor.py:161} INFO - Started process (PID=452) to work on /home/airflow/.local/lib/python3.8/site-packages/airflow/example_dags/example_task_group.py
[2025-06-03T13:20:32.697+0000] {processor.py:830} INFO - Processing file /home/airflow/.local/lib/python3.8/site-packages/airflow/example_dags/example_task_group.py for tasks to queue
[2025-06-03T13:20:32.698+0000] {logging_mixin.py:188} INFO - [2025-06-03T13:20:32.698+0000] {dagbag.py:540} INFO - Filling up the DagBag from /home/airflow/.local/lib/python3.8/site-packages/airflow/example_dags/example_task_group.py
[2025-06-03T13:20:32.701+0000] {processor.py:840} INFO - DAG(s) 'example_task_group' retrieved from /home/airflow/.local/lib/python3.8/site-packages/airflow/example_dags/example_task_group.py
[2025-06-03T13:20:32.717+0000] {logging_mixin.py:188} INFO - [2025-06-03T13:20:32.717+0000] {dag.py:3047} INFO - Sync 1 DAGs
[2025-06-03T13:20:32.733+0000] {logging_mixin.py:188} INFO - [2025-06-03T13:20:32.733+0000] {dag.py:3834} INFO - Setting next_dagrun for example_task_group to 2025-06-02 00:00:00+00:00, run_after=2025-06-03 00:00:00+00:00
[2025-06-03T13:20:32.741+0000] {processor.py:183} INFO - Processing /home/airflow/.local/lib/python3.8/site-packages/airflow/example_dags/example_task_group.py took 0.046 seconds
[2025-06-03T13:21:03.454+0000] {processor.py:161} INFO - Started process (PID=507) to work on /home/airflow/.local/lib/python3.8/site-packages/airflow/example_dags/example_task_group.py
[2025-06-03T13:21:03.455+0000] {processor.py:830} INFO - Processing file /home/airflow/.local/lib/python3.8/site-packages/airflow/example_dags/example_task_group.py for tasks to queue
[2025-06-03T13:21:03.458+0000] {logging_mixin.py:188} INFO - [2025-06-03T13:21:03.457+0000] {dagbag.py:540} INFO - Filling up the DagBag from /home/airflow/.local/lib/python3.8/site-packages/airflow/example_dags/example_task_group.py
[2025-06-03T13:21:03.464+0000] {processor.py:840} INFO - DAG(s) 'example_task_group' retrieved from /home/airflow/.local/lib/python3.8/site-packages/airflow/example_dags/example_task_group.py
[2025-06-03T13:21:03.477+0000] {logging_mixin.py:188} INFO - [2025-06-03T13:21:03.477+0000] {dag.py:3047} INFO - Sync 1 DAGs
[2025-06-03T13:21:03.488+0000] {logging_mixin.py:188} INFO - [2025-06-03T13:21:03.488+0000] {dag.py:3834} INFO - Setting next_dagrun for example_task_group to 2025-06-02 00:00:00+00:00, run_after=2025-06-03 00:00:00+00:00
[2025-06-03T13:21:03.498+0000] {processor.py:183} INFO - Processing /home/airflow/.local/lib/python3.8/site-packages/airflow/example_dags/example_task_group.py took 0.046 seconds
[2025-06-03T13:21:34.330+0000] {processor.py:161} INFO - Started process (PID=562) to work on /home/airflow/.local/lib/python3.8/site-packages/airflow/example_dags/example_task_group.py
[2025-06-03T13:21:34.331+0000] {processor.py:830} INFO - Processing file /home/airflow/.local/lib/python3.8/site-packages/airflow/example_dags/example_task_group.py for tasks to queue
[2025-06-03T13:21:34.332+0000] {logging_mixin.py:188} INFO - [2025-06-03T13:21:34.332+0000] {dagbag.py:540} INFO - Filling up the DagBag from /home/airflow/.local/lib/python3.8/site-packages/airflow/example_dags/example_task_group.py
[2025-06-03T13:21:34.335+0000] {processor.py:840} INFO - DAG(s) 'example_task_group' retrieved from /home/airflow/.local/lib/python3.8/site-packages/airflow/example_dags/example_task_group.py
[2025-06-03T13:21:34.346+0000] {logging_mixin.py:188} INFO - [2025-06-03T13:21:34.346+0000] {dag.py:3047} INFO - Sync 1 DAGs
[2025-06-03T13:21:34.355+0000] {logging_mixin.py:188} INFO - [2025-06-03T13:21:34.355+0000] {dag.py:3834} INFO - Setting next_dagrun for example_task_group to 2025-06-02 00:00:00+00:00, run_after=2025-06-03 00:00:00+00:00
[2025-06-03T13:21:34.363+0000] {processor.py:183} INFO - Processing /home/airflow/.local/lib/python3.8/site-packages/airflow/example_dags/example_task_group.py took 0.035 seconds
[2025-06-03T13:22:05.308+0000] {processor.py:161} INFO - Started process (PID=617) to work on /home/airflow/.local/lib/python3.8/site-packages/airflow/example_dags/example_task_group.py
[2025-06-03T13:22:05.308+0000] {processor.py:830} INFO - Processing file /home/airflow/.local/lib/python3.8/site-packages/airflow/example_dags/example_task_group.py for tasks to queue
[2025-06-03T13:22:05.309+0000] {logging_mixin.py:188} INFO - [2025-06-03T13:22:05.309+0000] {dagbag.py:540} INFO - Filling up the DagBag from /home/airflow/.local/lib/python3.8/site-packages/airflow/example_dags/example_task_group.py
[2025-06-03T13:22:05.318+0000] {processor.py:840} INFO - DAG(s) 'example_task_group' retrieved from /home/airflow/.local/lib/python3.8/site-packages/airflow/example_dags/example_task_group.py
[2025-06-03T13:22:05.331+0000] {logging_mixin.py:188} INFO - [2025-06-03T13:22:05.331+0000] {dag.py:3047} INFO - Sync 1 DAGs
[2025-06-03T13:22:05.339+0000] {logging_mixin.py:188} INFO - [2025-06-03T13:22:05.339+0000] {dag.py:3834} INFO - Setting next_dagrun for example_task_group to 2025-06-02 00:00:00+00:00, run_after=2025-06-03 00:00:00+00:00
[2025-06-03T13:22:05.345+0000] {processor.py:183} INFO - Processing /home/airflow/.local/lib/python3.8/site-packages/airflow/example_dags/example_task_group.py took 0.039 seconds
[2025-06-03T13:22:36.209+0000] {processor.py:161} INFO - Started process (PID=672) to work on /home/airflow/.local/lib/python3.8/site-packages/airflow/example_dags/example_task_group.py
[2025-06-03T13:22:36.211+0000] {processor.py:830} INFO - Processing file /home/airflow/.local/lib/python3.8/site-packages/airflow/example_dags/example_task_group.py for tasks to queue
[2025-06-03T13:22:36.212+0000] {logging_mixin.py:188} INFO - [2025-06-03T13:22:36.212+0000] {dagbag.py:540} INFO - Filling up the DagBag from /home/airflow/.local/lib/python3.8/site-packages/airflow/example_dags/example_task_group.py
[2025-06-03T13:22:36.215+0000] {processor.py:840} INFO - DAG(s) 'example_task_group' retrieved from /home/airflow/.local/lib/python3.8/site-packages/airflow/example_dags/example_task_group.py
[2025-06-03T13:22:36.224+0000] {logging_mixin.py:188} INFO - [2025-06-03T13:22:36.224+0000] {dag.py:3047} INFO - Sync 1 DAGs
[2025-06-03T13:22:36.232+0000] {logging_mixin.py:188} INFO - [2025-06-03T13:22:36.232+0000] {dag.py:3834} INFO - Setting next_dagrun for example_task_group to 2025-06-02 00:00:00+00:00, run_after=2025-06-03 00:00:00+00:00
[2025-06-03T13:22:36.238+0000] {processor.py:183} INFO - Processing /home/airflow/.local/lib/python3.8/site-packages/airflow/example_dags/example_task_group.py took 0.031 seconds
[2025-06-03T13:23:07.090+0000] {processor.py:161} INFO - Started process (PID=727) to work on /home/airflow/.local/lib/python3.8/site-packages/airflow/example_dags/example_task_group.py
[2025-06-03T13:23:07.091+0000] {processor.py:830} INFO - Processing file /home/airflow/.local/lib/python3.8/site-packages/airflow/example_dags/example_task_group.py for tasks to queue
[2025-06-03T13:23:07.092+0000] {logging_mixin.py:188} INFO - [2025-06-03T13:23:07.092+0000] {dagbag.py:540} INFO - Filling up the DagBag from /home/airflow/.local/lib/python3.8/site-packages/airflow/example_dags/example_task_group.py
[2025-06-03T13:23:07.097+0000] {processor.py:840} INFO - DAG(s) 'example_task_group' retrieved from /home/airflow/.local/lib/python3.8/site-packages/airflow/example_dags/example_task_group.py
[2025-06-03T13:23:07.108+0000] {logging_mixin.py:188} INFO - [2025-06-03T13:23:07.108+0000] {dag.py:3047} INFO - Sync 1 DAGs
[2025-06-03T13:23:07.119+0000] {logging_mixin.py:188} INFO - [2025-06-03T13:23:07.119+0000] {dag.py:3834} INFO - Setting next_dagrun for example_task_group to 2025-06-02 00:00:00+00:00, run_after=2025-06-03 00:00:00+00:00
[2025-06-03T13:23:07.127+0000] {processor.py:183} INFO - Processing /home/airflow/.local/lib/python3.8/site-packages/airflow/example_dags/example_task_group.py took 0.038 seconds
[2025-06-03T13:23:38.002+0000] {processor.py:161} INFO - Started process (PID=782) to work on /home/airflow/.local/lib/python3.8/site-packages/airflow/example_dags/example_task_group.py
[2025-06-03T13:23:38.003+0000] {processor.py:830} INFO - Processing file /home/airflow/.local/lib/python3.8/site-packages/airflow/example_dags/example_task_group.py for tasks to queue
[2025-06-03T13:23:38.004+0000] {logging_mixin.py:188} INFO - [2025-06-03T13:23:38.003+0000] {dagbag.py:540} INFO - Filling up the DagBag from /home/airflow/.local/lib/python3.8/site-packages/airflow/example_dags/example_task_group.py
[2025-06-03T13:23:38.007+0000] {processor.py:840} INFO - DAG(s) 'example_task_group' retrieved from /home/airflow/.local/lib/python3.8/site-packages/airflow/example_dags/example_task_group.py
[2025-06-03T13:23:38.019+0000] {logging_mixin.py:188} INFO - [2025-06-03T13:23:38.019+0000] {dag.py:3047} INFO - Sync 1 DAGs
[2025-06-03T13:23:38.028+0000] {logging_mixin.py:188} INFO - [2025-06-03T13:23:38.028+0000] {dag.py:3834} INFO - Setting next_dagrun for example_task_group to 2025-06-02 00:00:00+00:00, run_after=2025-06-03 00:00:00+00:00
[2025-06-03T13:23:38.036+0000] {processor.py:183} INFO - Processing /home/airflow/.local/lib/python3.8/site-packages/airflow/example_dags/example_task_group.py took 0.036 seconds
[2025-06-03T13:24:08.325+0000] {processor.py:161} INFO - Started process (PID=837) to work on /home/airflow/.local/lib/python3.8/site-packages/airflow/example_dags/example_task_group.py
[2025-06-03T13:24:08.326+0000] {processor.py:830} INFO - Processing file /home/airflow/.local/lib/python3.8/site-packages/airflow/example_dags/example_task_group.py for tasks to queue
[2025-06-03T13:24:08.326+0000] {logging_mixin.py:188} INFO - [2025-06-03T13:24:08.326+0000] {dagbag.py:540} INFO - Filling up the DagBag from /home/airflow/.local/lib/python3.8/site-packages/airflow/example_dags/example_task_group.py
[2025-06-03T13:24:08.330+0000] {processor.py:840} INFO - DAG(s) 'example_task_group' retrieved from /home/airflow/.local/lib/python3.8/site-packages/airflow/example_dags/example_task_group.py
[2025-06-03T13:24:08.339+0000] {logging_mixin.py:188} INFO - [2025-06-03T13:24:08.339+0000] {dag.py:3047} INFO - Sync 1 DAGs
[2025-06-03T13:24:08.358+0000] {logging_mixin.py:188} INFO - [2025-06-03T13:24:08.358+0000] {dag.py:3834} INFO - Setting next_dagrun for example_task_group to 2025-06-02 00:00:00+00:00, run_after=2025-06-03 00:00:00+00:00
[2025-06-03T13:24:08.368+0000] {processor.py:183} INFO - Processing /home/airflow/.local/lib/python3.8/site-packages/airflow/example_dags/example_task_group.py took 0.044 seconds
[2025-06-03T13:24:39.199+0000] {processor.py:161} INFO - Started process (PID=892) to work on /home/airflow/.local/lib/python3.8/site-packages/airflow/example_dags/example_task_group.py
[2025-06-03T13:24:39.200+0000] {processor.py:830} INFO - Processing file /home/airflow/.local/lib/python3.8/site-packages/airflow/example_dags/example_task_group.py for tasks to queue
[2025-06-03T13:24:39.200+0000] {logging_mixin.py:188} INFO - [2025-06-03T13:24:39.200+0000] {dagbag.py:540} INFO - Filling up the DagBag from /home/airflow/.local/lib/python3.8/site-packages/airflow/example_dags/example_task_group.py
[2025-06-03T13:24:39.203+0000] {processor.py:840} INFO - DAG(s) 'example_task_group' retrieved from /home/airflow/.local/lib/python3.8/site-packages/airflow/example_dags/example_task_group.py
[2025-06-03T13:24:39.211+0000] {logging_mixin.py:188} INFO - [2025-06-03T13:24:39.211+0000] {dag.py:3047} INFO - Sync 1 DAGs
[2025-06-03T13:24:39.219+0000] {logging_mixin.py:188} INFO - [2025-06-03T13:24:39.219+0000] {dag.py:3834} INFO - Setting next_dagrun for example_task_group to 2025-06-02 00:00:00+00:00, run_after=2025-06-03 00:00:00+00:00
[2025-06-03T13:24:39.225+0000] {processor.py:183} INFO - Processing /home/airflow/.local/lib/python3.8/site-packages/airflow/example_dags/example_task_group.py took 0.027 seconds
[2025-06-03T13:25:09.940+0000] {processor.py:161} INFO - Started process (PID=947) to work on /home/airflow/.local/lib/python3.8/site-packages/airflow/example_dags/example_task_group.py
[2025-06-03T13:25:09.944+0000] {processor.py:830} INFO - Processing file /home/airflow/.local/lib/python3.8/site-packages/airflow/example_dags/example_task_group.py for tasks to queue
[2025-06-03T13:25:09.945+0000] {logging_mixin.py:188} INFO - [2025-06-03T13:25:09.945+0000] {dagbag.py:540} INFO - Filling up the DagBag from /home/airflow/.local/lib/python3.8/site-packages/airflow/example_dags/example_task_group.py
[2025-06-03T13:25:09.948+0000] {processor.py:840} INFO - DAG(s) 'example_task_group' retrieved from /home/airflow/.local/lib/python3.8/site-packages/airflow/example_dags/example_task_group.py
[2025-06-03T13:25:09.961+0000] {logging_mixin.py:188} INFO - [2025-06-03T13:25:09.961+0000] {dag.py:3047} INFO - Sync 1 DAGs
[2025-06-03T13:25:09.973+0000] {logging_mixin.py:188} INFO - [2025-06-03T13:25:09.973+0000] {dag.py:3834} INFO - Setting next_dagrun for example_task_group to 2025-06-02 00:00:00+00:00, run_after=2025-06-03 00:00:00+00:00
[2025-06-03T13:25:09.981+0000] {processor.py:183} INFO - Processing /home/airflow/.local/lib/python3.8/site-packages/airflow/example_dags/example_task_group.py took 0.044 seconds
[2025-06-03T13:25:40.561+0000] {processor.py:161} INFO - Started process (PID=1002) to work on /home/airflow/.local/lib/python3.8/site-packages/airflow/example_dags/example_task_group.py
[2025-06-03T13:25:40.561+0000] {processor.py:830} INFO - Processing file /home/airflow/.local/lib/python3.8/site-packages/airflow/example_dags/example_task_group.py for tasks to queue
[2025-06-03T13:25:40.563+0000] {logging_mixin.py:188} INFO - [2025-06-03T13:25:40.563+0000] {dagbag.py:540} INFO - Filling up the DagBag from /home/airflow/.local/lib/python3.8/site-packages/airflow/example_dags/example_task_group.py
[2025-06-03T13:25:40.567+0000] {processor.py:840} INFO - DAG(s) 'example_task_group' retrieved from /home/airflow/.local/lib/python3.8/site-packages/airflow/example_dags/example_task_group.py
[2025-06-03T13:25:40.580+0000] {logging_mixin.py:188} INFO - [2025-06-03T13:25:40.580+0000] {dag.py:3047} INFO - Sync 1 DAGs
[2025-06-03T13:25:40.592+0000] {logging_mixin.py:188} INFO - [2025-06-03T13:25:40.592+0000] {dag.py:3834} INFO - Setting next_dagrun for example_task_group to 2025-06-02 00:00:00+00:00, run_after=2025-06-03 00:00:00+00:00
[2025-06-03T13:25:40.600+0000] {processor.py:183} INFO - Processing /home/airflow/.local/lib/python3.8/site-packages/airflow/example_dags/example_task_group.py took 0.041 seconds
[2025-06-03T13:26:10.629+0000] {processor.py:161} INFO - Started process (PID=1057) to work on /home/airflow/.local/lib/python3.8/site-packages/airflow/example_dags/example_task_group.py
[2025-06-03T13:26:10.631+0000] {processor.py:830} INFO - Processing file /home/airflow/.local/lib/python3.8/site-packages/airflow/example_dags/example_task_group.py for tasks to queue
[2025-06-03T13:26:10.631+0000] {logging_mixin.py:188} INFO - [2025-06-03T13:26:10.631+0000] {dagbag.py:540} INFO - Filling up the DagBag from /home/airflow/.local/lib/python3.8/site-packages/airflow/example_dags/example_task_group.py
[2025-06-03T13:26:10.635+0000] {processor.py:840} INFO - DAG(s) 'example_task_group' retrieved from /home/airflow/.local/lib/python3.8/site-packages/airflow/example_dags/example_task_group.py
[2025-06-03T13:26:10.644+0000] {logging_mixin.py:188} INFO - [2025-06-03T13:26:10.643+0000] {dag.py:3047} INFO - Sync 1 DAGs
[2025-06-03T13:26:10.655+0000] {logging_mixin.py:188} INFO - [2025-06-03T13:26:10.655+0000] {dag.py:3834} INFO - Setting next_dagrun for example_task_group to 2025-06-02 00:00:00+00:00, run_after=2025-06-03 00:00:00+00:00
[2025-06-03T13:26:10.670+0000] {processor.py:183} INFO - Processing /home/airflow/.local/lib/python3.8/site-packages/airflow/example_dags/example_task_group.py took 0.043 seconds
[2025-06-03T13:26:40.871+0000] {processor.py:161} INFO - Started process (PID=1112) to work on /home/airflow/.local/lib/python3.8/site-packages/airflow/example_dags/example_task_group.py
[2025-06-03T13:26:40.872+0000] {processor.py:830} INFO - Processing file /home/airflow/.local/lib/python3.8/site-packages/airflow/example_dags/example_task_group.py for tasks to queue
[2025-06-03T13:26:40.875+0000] {logging_mixin.py:188} INFO - [2025-06-03T13:26:40.874+0000] {dagbag.py:540} INFO - Filling up the DagBag from /home/airflow/.local/lib/python3.8/site-packages/airflow/example_dags/example_task_group.py
[2025-06-03T13:26:40.879+0000] {processor.py:840} INFO - DAG(s) 'example_task_group' retrieved from /home/airflow/.local/lib/python3.8/site-packages/airflow/example_dags/example_task_group.py
[2025-06-03T13:26:40.894+0000] {logging_mixin.py:188} INFO - [2025-06-03T13:26:40.894+0000] {dag.py:3047} INFO - Sync 1 DAGs
[2025-06-03T13:26:40.911+0000] {logging_mixin.py:188} INFO - [2025-06-03T13:26:40.911+0000] {dag.py:3834} INFO - Setting next_dagrun for example_task_group to 2025-06-02 00:00:00+00:00, run_after=2025-06-03 00:00:00+00:00
[2025-06-03T13:26:40.922+0000] {processor.py:183} INFO - Processing /home/airflow/.local/lib/python3.8/site-packages/airflow/example_dags/example_task_group.py took 0.053 seconds
[2025-06-03T13:27:11.525+0000] {processor.py:161} INFO - Started process (PID=1167) to work on /home/airflow/.local/lib/python3.8/site-packages/airflow/example_dags/example_task_group.py
[2025-06-03T13:27:11.527+0000] {processor.py:830} INFO - Processing file /home/airflow/.local/lib/python3.8/site-packages/airflow/example_dags/example_task_group.py for tasks to queue
[2025-06-03T13:27:11.529+0000] {logging_mixin.py:188} INFO - [2025-06-03T13:27:11.529+0000] {dagbag.py:540} INFO - Filling up the DagBag from /home/airflow/.local/lib/python3.8/site-packages/airflow/example_dags/example_task_group.py
[2025-06-03T13:27:11.535+0000] {processor.py:840} INFO - DAG(s) 'example_task_group' retrieved from /home/airflow/.local/lib/python3.8/site-packages/airflow/example_dags/example_task_group.py
[2025-06-03T13:27:11.549+0000] {logging_mixin.py:188} INFO - [2025-06-03T13:27:11.549+0000] {dag.py:3047} INFO - Sync 1 DAGs
[2025-06-03T13:27:11.562+0000] {logging_mixin.py:188} INFO - [2025-06-03T13:27:11.562+0000] {dag.py:3834} INFO - Setting next_dagrun for example_task_group to 2025-06-02 00:00:00+00:00, run_after=2025-06-03 00:00:00+00:00
[2025-06-03T13:27:11.571+0000] {processor.py:183} INFO - Processing /home/airflow/.local/lib/python3.8/site-packages/airflow/example_dags/example_task_group.py took 0.048 seconds
[2025-06-03T13:27:42.127+0000] {processor.py:161} INFO - Started process (PID=1222) to work on /home/airflow/.local/lib/python3.8/site-packages/airflow/example_dags/example_task_group.py
[2025-06-03T13:27:42.128+0000] {processor.py:830} INFO - Processing file /home/airflow/.local/lib/python3.8/site-packages/airflow/example_dags/example_task_group.py for tasks to queue
[2025-06-03T13:27:42.128+0000] {logging_mixin.py:188} INFO - [2025-06-03T13:27:42.128+0000] {dagbag.py:540} INFO - Filling up the DagBag from /home/airflow/.local/lib/python3.8/site-packages/airflow/example_dags/example_task_group.py
[2025-06-03T13:27:42.131+0000] {processor.py:840} INFO - DAG(s) 'example_task_group' retrieved from /home/airflow/.local/lib/python3.8/site-packages/airflow/example_dags/example_task_group.py
[2025-06-03T13:27:42.139+0000] {logging_mixin.py:188} INFO - [2025-06-03T13:27:42.139+0000] {dag.py:3047} INFO - Sync 1 DAGs
[2025-06-03T13:27:42.146+0000] {logging_mixin.py:188} INFO - [2025-06-03T13:27:42.146+0000] {dag.py:3834} INFO - Setting next_dagrun for example_task_group to 2025-06-02 00:00:00+00:00, run_after=2025-06-03 00:00:00+00:00
[2025-06-03T13:27:42.152+0000] {processor.py:183} INFO - Processing /home/airflow/.local/lib/python3.8/site-packages/airflow/example_dags/example_task_group.py took 0.026 seconds
[2025-06-03T13:28:12.717+0000] {processor.py:161} INFO - Started process (PID=1277) to work on /home/airflow/.local/lib/python3.8/site-packages/airflow/example_dags/example_task_group.py
[2025-06-03T13:28:12.719+0000] {processor.py:830} INFO - Processing file /home/airflow/.local/lib/python3.8/site-packages/airflow/example_dags/example_task_group.py for tasks to queue
[2025-06-03T13:28:12.720+0000] {logging_mixin.py:188} INFO - [2025-06-03T13:28:12.720+0000] {dagbag.py:540} INFO - Filling up the DagBag from /home/airflow/.local/lib/python3.8/site-packages/airflow/example_dags/example_task_group.py
[2025-06-03T13:28:12.725+0000] {processor.py:840} INFO - DAG(s) 'example_task_group' retrieved from /home/airflow/.local/lib/python3.8/site-packages/airflow/example_dags/example_task_group.py
[2025-06-03T13:28:12.737+0000] {logging_mixin.py:188} INFO - [2025-06-03T13:28:12.737+0000] {dag.py:3047} INFO - Sync 1 DAGs
[2025-06-03T13:28:12.749+0000] {logging_mixin.py:188} INFO - [2025-06-03T13:28:12.749+0000] {dag.py:3834} INFO - Setting next_dagrun for example_task_group to 2025-06-02 00:00:00+00:00, run_after=2025-06-03 00:00:00+00:00
[2025-06-03T13:28:12.760+0000] {processor.py:183} INFO - Processing /home/airflow/.local/lib/python3.8/site-packages/airflow/example_dags/example_task_group.py took 0.046 seconds
[2025-06-03T13:28:42.952+0000] {processor.py:161} INFO - Started process (PID=1332) to work on /home/airflow/.local/lib/python3.8/site-packages/airflow/example_dags/example_task_group.py
[2025-06-03T13:28:42.957+0000] {processor.py:830} INFO - Processing file /home/airflow/.local/lib/python3.8/site-packages/airflow/example_dags/example_task_group.py for tasks to queue
[2025-06-03T13:28:42.964+0000] {logging_mixin.py:188} INFO - [2025-06-03T13:28:42.963+0000] {dagbag.py:540} INFO - Filling up the DagBag from /home/airflow/.local/lib/python3.8/site-packages/airflow/example_dags/example_task_group.py
[2025-06-03T13:28:42.982+0000] {processor.py:840} INFO - DAG(s) 'example_task_group' retrieved from /home/airflow/.local/lib/python3.8/site-packages/airflow/example_dags/example_task_group.py
[2025-06-03T13:28:43.003+0000] {logging_mixin.py:188} INFO - [2025-06-03T13:28:43.003+0000] {dag.py:3047} INFO - Sync 1 DAGs
[2025-06-03T13:28:43.018+0000] {logging_mixin.py:188} INFO - [2025-06-03T13:28:43.018+0000] {dag.py:3834} INFO - Setting next_dagrun for example_task_group to 2025-06-02 00:00:00+00:00, run_after=2025-06-03 00:00:00+00:00
[2025-06-03T13:28:43.027+0000] {processor.py:183} INFO - Processing /home/airflow/.local/lib/python3.8/site-packages/airflow/example_dags/example_task_group.py took 0.078 seconds
[2025-06-03T13:29:13.583+0000] {processor.py:161} INFO - Started process (PID=1387) to work on /home/airflow/.local/lib/python3.8/site-packages/airflow/example_dags/example_task_group.py
[2025-06-03T13:29:13.584+0000] {processor.py:830} INFO - Processing file /home/airflow/.local/lib/python3.8/site-packages/airflow/example_dags/example_task_group.py for tasks to queue
[2025-06-03T13:29:13.585+0000] {logging_mixin.py:188} INFO - [2025-06-03T13:29:13.585+0000] {dagbag.py:540} INFO - Filling up the DagBag from /home/airflow/.local/lib/python3.8/site-packages/airflow/example_dags/example_task_group.py
[2025-06-03T13:29:13.588+0000] {processor.py:840} INFO - DAG(s) 'example_task_group' retrieved from /home/airflow/.local/lib/python3.8/site-packages/airflow/example_dags/example_task_group.py
[2025-06-03T13:29:13.596+0000] {logging_mixin.py:188} INFO - [2025-06-03T13:29:13.596+0000] {dag.py:3047} INFO - Sync 1 DAGs
[2025-06-03T13:29:13.604+0000] {logging_mixin.py:188} INFO - [2025-06-03T13:29:13.604+0000] {dag.py:3834} INFO - Setting next_dagrun for example_task_group to 2025-06-02 00:00:00+00:00, run_after=2025-06-03 00:00:00+00:00
[2025-06-03T13:29:13.612+0000] {processor.py:183} INFO - Processing /home/airflow/.local/lib/python3.8/site-packages/airflow/example_dags/example_task_group.py took 0.030 seconds
[2025-06-03T13:29:43.924+0000] {processor.py:161} INFO - Started process (PID=1442) to work on /home/airflow/.local/lib/python3.8/site-packages/airflow/example_dags/example_task_group.py
[2025-06-03T13:29:43.924+0000] {processor.py:830} INFO - Processing file /home/airflow/.local/lib/python3.8/site-packages/airflow/example_dags/example_task_group.py for tasks to queue
[2025-06-03T13:29:43.925+0000] {logging_mixin.py:188} INFO - [2025-06-03T13:29:43.925+0000] {dagbag.py:540} INFO - Filling up the DagBag from /home/airflow/.local/lib/python3.8/site-packages/airflow/example_dags/example_task_group.py
[2025-06-03T13:29:43.927+0000] {processor.py:840} INFO - DAG(s) 'example_task_group' retrieved from /home/airflow/.local/lib/python3.8/site-packages/airflow/example_dags/example_task_group.py
[2025-06-03T13:29:43.935+0000] {logging_mixin.py:188} INFO - [2025-06-03T13:29:43.935+0000] {dag.py:3047} INFO - Sync 1 DAGs
[2025-06-03T13:29:43.942+0000] {logging_mixin.py:188} INFO - [2025-06-03T13:29:43.942+0000] {dag.py:3834} INFO - Setting next_dagrun for example_task_group to 2025-06-02 00:00:00+00:00, run_after=2025-06-03 00:00:00+00:00
[2025-06-03T13:29:43.947+0000] {processor.py:183} INFO - Processing /home/airflow/.local/lib/python3.8/site-packages/airflow/example_dags/example_task_group.py took 0.025 seconds
[2025-06-03T13:30:14.264+0000] {processor.py:161} INFO - Started process (PID=1497) to work on /home/airflow/.local/lib/python3.8/site-packages/airflow/example_dags/example_task_group.py
[2025-06-03T13:30:14.264+0000] {processor.py:830} INFO - Processing file /home/airflow/.local/lib/python3.8/site-packages/airflow/example_dags/example_task_group.py for tasks to queue
[2025-06-03T13:30:14.265+0000] {logging_mixin.py:188} INFO - [2025-06-03T13:30:14.265+0000] {dagbag.py:540} INFO - Filling up the DagBag from /home/airflow/.local/lib/python3.8/site-packages/airflow/example_dags/example_task_group.py
[2025-06-03T13:30:14.268+0000] {processor.py:840} INFO - DAG(s) 'example_task_group' retrieved from /home/airflow/.local/lib/python3.8/site-packages/airflow/example_dags/example_task_group.py
[2025-06-03T13:30:14.276+0000] {logging_mixin.py:188} INFO - [2025-06-03T13:30:14.276+0000] {dag.py:3047} INFO - Sync 1 DAGs
[2025-06-03T13:30:14.284+0000] {logging_mixin.py:188} INFO - [2025-06-03T13:30:14.284+0000] {dag.py:3834} INFO - Setting next_dagrun for example_task_group to 2025-06-02 00:00:00+00:00, run_after=2025-06-03 00:00:00+00:00
[2025-06-03T13:30:14.290+0000] {processor.py:183} INFO - Processing /home/airflow/.local/lib/python3.8/site-packages/airflow/example_dags/example_task_group.py took 0.028 seconds
[2025-06-03T13:30:44.588+0000] {processor.py:161} INFO - Started process (PID=1551) to work on /home/airflow/.local/lib/python3.8/site-packages/airflow/example_dags/example_task_group.py
[2025-06-03T13:30:44.588+0000] {processor.py:830} INFO - Processing file /home/airflow/.local/lib/python3.8/site-packages/airflow/example_dags/example_task_group.py for tasks to queue
[2025-06-03T13:30:44.589+0000] {logging_mixin.py:188} INFO - [2025-06-03T13:30:44.589+0000] {dagbag.py:540} INFO - Filling up the DagBag from /home/airflow/.local/lib/python3.8/site-packages/airflow/example_dags/example_task_group.py
[2025-06-03T13:30:44.592+0000] {processor.py:840} INFO - DAG(s) 'example_task_group' retrieved from /home/airflow/.local/lib/python3.8/site-packages/airflow/example_dags/example_task_group.py
[2025-06-03T13:30:44.601+0000] {logging_mixin.py:188} INFO - [2025-06-03T13:30:44.601+0000] {dag.py:3047} INFO - Sync 1 DAGs
[2025-06-03T13:30:44.609+0000] {logging_mixin.py:188} INFO - [2025-06-03T13:30:44.609+0000] {dag.py:3834} INFO - Setting next_dagrun for example_task_group to 2025-06-02 00:00:00+00:00, run_after=2025-06-03 00:00:00+00:00
[2025-06-03T13:30:44.615+0000] {processor.py:183} INFO - Processing /home/airflow/.local/lib/python3.8/site-packages/airflow/example_dags/example_task_group.py took 0.029 seconds
[2025-06-03T13:31:14.896+0000] {processor.py:161} INFO - Started process (PID=1606) to work on /home/airflow/.local/lib/python3.8/site-packages/airflow/example_dags/example_task_group.py
[2025-06-03T13:31:14.898+0000] {processor.py:830} INFO - Processing file /home/airflow/.local/lib/python3.8/site-packages/airflow/example_dags/example_task_group.py for tasks to queue
[2025-06-03T13:31:14.899+0000] {logging_mixin.py:188} INFO - [2025-06-03T13:31:14.899+0000] {dagbag.py:540} INFO - Filling up the DagBag from /home/airflow/.local/lib/python3.8/site-packages/airflow/example_dags/example_task_group.py
[2025-06-03T13:31:14.902+0000] {processor.py:840} INFO - DAG(s) 'example_task_group' retrieved from /home/airflow/.local/lib/python3.8/site-packages/airflow/example_dags/example_task_group.py
[2025-06-03T13:31:14.910+0000] {logging_mixin.py:188} INFO - [2025-06-03T13:31:14.910+0000] {dag.py:3047} INFO - Sync 1 DAGs
[2025-06-03T13:31:14.918+0000] {logging_mixin.py:188} INFO - [2025-06-03T13:31:14.918+0000] {dag.py:3834} INFO - Setting next_dagrun for example_task_group to 2025-06-02 00:00:00+00:00, run_after=2025-06-03 00:00:00+00:00
[2025-06-03T13:31:14.924+0000] {processor.py:183} INFO - Processing /home/airflow/.local/lib/python3.8/site-packages/airflow/example_dags/example_task_group.py took 0.029 seconds
[2025-06-03T13:31:45.140+0000] {processor.py:161} INFO - Started process (PID=1661) to work on /home/airflow/.local/lib/python3.8/site-packages/airflow/example_dags/example_task_group.py
[2025-06-03T13:31:45.142+0000] {processor.py:830} INFO - Processing file /home/airflow/.local/lib/python3.8/site-packages/airflow/example_dags/example_task_group.py for tasks to queue
[2025-06-03T13:31:45.143+0000] {logging_mixin.py:188} INFO - [2025-06-03T13:31:45.143+0000] {dagbag.py:540} INFO - Filling up the DagBag from /home/airflow/.local/lib/python3.8/site-packages/airflow/example_dags/example_task_group.py
[2025-06-03T13:31:45.146+0000] {processor.py:840} INFO - DAG(s) 'example_task_group' retrieved from /home/airflow/.local/lib/python3.8/site-packages/airflow/example_dags/example_task_group.py
[2025-06-03T13:31:45.154+0000] {logging_mixin.py:188} INFO - [2025-06-03T13:31:45.153+0000] {dag.py:3047} INFO - Sync 1 DAGs
[2025-06-03T13:31:45.163+0000] {logging_mixin.py:188} INFO - [2025-06-03T13:31:45.163+0000] {dag.py:3834} INFO - Setting next_dagrun for example_task_group to 2025-06-02 00:00:00+00:00, run_after=2025-06-03 00:00:00+00:00
[2025-06-03T13:31:45.170+0000] {processor.py:183} INFO - Processing /home/airflow/.local/lib/python3.8/site-packages/airflow/example_dags/example_task_group.py took 0.031 seconds
[2025-06-03T13:32:15.477+0000] {processor.py:161} INFO - Started process (PID=1716) to work on /home/airflow/.local/lib/python3.8/site-packages/airflow/example_dags/example_task_group.py
[2025-06-03T13:32:15.477+0000] {processor.py:830} INFO - Processing file /home/airflow/.local/lib/python3.8/site-packages/airflow/example_dags/example_task_group.py for tasks to queue
[2025-06-03T13:32:15.478+0000] {logging_mixin.py:188} INFO - [2025-06-03T13:32:15.478+0000] {dagbag.py:540} INFO - Filling up the DagBag from /home/airflow/.local/lib/python3.8/site-packages/airflow/example_dags/example_task_group.py
[2025-06-03T13:32:15.481+0000] {processor.py:840} INFO - DAG(s) 'example_task_group' retrieved from /home/airflow/.local/lib/python3.8/site-packages/airflow/example_dags/example_task_group.py
[2025-06-03T13:32:15.491+0000] {logging_mixin.py:188} INFO - [2025-06-03T13:32:15.491+0000] {dag.py:3047} INFO - Sync 1 DAGs
[2025-06-03T13:32:15.499+0000] {logging_mixin.py:188} INFO - [2025-06-03T13:32:15.499+0000] {dag.py:3834} INFO - Setting next_dagrun for example_task_group to 2025-06-02 00:00:00+00:00, run_after=2025-06-03 00:00:00+00:00
[2025-06-03T13:32:15.505+0000] {processor.py:183} INFO - Processing /home/airflow/.local/lib/python3.8/site-packages/airflow/example_dags/example_task_group.py took 0.030 seconds
[2025-06-03T13:32:45.755+0000] {processor.py:161} INFO - Started process (PID=1771) to work on /home/airflow/.local/lib/python3.8/site-packages/airflow/example_dags/example_task_group.py
[2025-06-03T13:32:45.756+0000] {processor.py:830} INFO - Processing file /home/airflow/.local/lib/python3.8/site-packages/airflow/example_dags/example_task_group.py for tasks to queue
[2025-06-03T13:32:45.757+0000] {logging_mixin.py:188} INFO - [2025-06-03T13:32:45.756+0000] {dagbag.py:540} INFO - Filling up the DagBag from /home/airflow/.local/lib/python3.8/site-packages/airflow/example_dags/example_task_group.py
[2025-06-03T13:32:45.759+0000] {processor.py:840} INFO - DAG(s) 'example_task_group' retrieved from /home/airflow/.local/lib/python3.8/site-packages/airflow/example_dags/example_task_group.py
[2025-06-03T13:32:45.768+0000] {logging_mixin.py:188} INFO - [2025-06-03T13:32:45.767+0000] {dag.py:3047} INFO - Sync 1 DAGs
[2025-06-03T13:32:45.775+0000] {logging_mixin.py:188} INFO - [2025-06-03T13:32:45.775+0000] {dag.py:3834} INFO - Setting next_dagrun for example_task_group to 2025-06-02 00:00:00+00:00, run_after=2025-06-03 00:00:00+00:00
[2025-06-03T13:32:45.782+0000] {processor.py:183} INFO - Processing /home/airflow/.local/lib/python3.8/site-packages/airflow/example_dags/example_task_group.py took 0.028 seconds
[2025-06-03T13:33:16.065+0000] {processor.py:161} INFO - Started process (PID=1826) to work on /home/airflow/.local/lib/python3.8/site-packages/airflow/example_dags/example_task_group.py
[2025-06-03T13:33:16.065+0000] {processor.py:830} INFO - Processing file /home/airflow/.local/lib/python3.8/site-packages/airflow/example_dags/example_task_group.py for tasks to queue
[2025-06-03T13:33:16.066+0000] {logging_mixin.py:188} INFO - [2025-06-03T13:33:16.066+0000] {dagbag.py:540} INFO - Filling up the DagBag from /home/airflow/.local/lib/python3.8/site-packages/airflow/example_dags/example_task_group.py
[2025-06-03T13:33:16.069+0000] {processor.py:840} INFO - DAG(s) 'example_task_group' retrieved from /home/airflow/.local/lib/python3.8/site-packages/airflow/example_dags/example_task_group.py
[2025-06-03T13:33:16.078+0000] {logging_mixin.py:188} INFO - [2025-06-03T13:33:16.078+0000] {dag.py:3047} INFO - Sync 1 DAGs
[2025-06-03T13:33:16.086+0000] {logging_mixin.py:188} INFO - [2025-06-03T13:33:16.086+0000] {dag.py:3834} INFO - Setting next_dagrun for example_task_group to 2025-06-02 00:00:00+00:00, run_after=2025-06-03 00:00:00+00:00
[2025-06-03T13:33:16.092+0000] {processor.py:183} INFO - Processing /home/airflow/.local/lib/python3.8/site-packages/airflow/example_dags/example_task_group.py took 0.029 seconds
[2025-06-03T13:33:46.348+0000] {processor.py:161} INFO - Started process (PID=1881) to work on /home/airflow/.local/lib/python3.8/site-packages/airflow/example_dags/example_task_group.py
[2025-06-03T13:33:46.348+0000] {processor.py:830} INFO - Processing file /home/airflow/.local/lib/python3.8/site-packages/airflow/example_dags/example_task_group.py for tasks to queue
[2025-06-03T13:33:46.349+0000] {logging_mixin.py:188} INFO - [2025-06-03T13:33:46.349+0000] {dagbag.py:540} INFO - Filling up the DagBag from /home/airflow/.local/lib/python3.8/site-packages/airflow/example_dags/example_task_group.py
[2025-06-03T13:33:46.352+0000] {processor.py:840} INFO - DAG(s) 'example_task_group' retrieved from /home/airflow/.local/lib/python3.8/site-packages/airflow/example_dags/example_task_group.py
[2025-06-03T13:33:46.362+0000] {logging_mixin.py:188} INFO - [2025-06-03T13:33:46.362+0000] {dag.py:3047} INFO - Sync 1 DAGs
[2025-06-03T13:33:46.369+0000] {logging_mixin.py:188} INFO - [2025-06-03T13:33:46.369+0000] {dag.py:3834} INFO - Setting next_dagrun for example_task_group to 2025-06-02 00:00:00+00:00, run_after=2025-06-03 00:00:00+00:00
[2025-06-03T13:33:46.376+0000] {processor.py:183} INFO - Processing /home/airflow/.local/lib/python3.8/site-packages/airflow/example_dags/example_task_group.py took 0.029 seconds
[2025-06-03T13:34:16.629+0000] {processor.py:161} INFO - Started process (PID=1936) to work on /home/airflow/.local/lib/python3.8/site-packages/airflow/example_dags/example_task_group.py
[2025-06-03T13:34:16.631+0000] {processor.py:830} INFO - Processing file /home/airflow/.local/lib/python3.8/site-packages/airflow/example_dags/example_task_group.py for tasks to queue
[2025-06-03T13:34:16.632+0000] {logging_mixin.py:188} INFO - [2025-06-03T13:34:16.632+0000] {dagbag.py:540} INFO - Filling up the DagBag from /home/airflow/.local/lib/python3.8/site-packages/airflow/example_dags/example_task_group.py
[2025-06-03T13:34:16.635+0000] {processor.py:840} INFO - DAG(s) 'example_task_group' retrieved from /home/airflow/.local/lib/python3.8/site-packages/airflow/example_dags/example_task_group.py
[2025-06-03T13:34:16.643+0000] {logging_mixin.py:188} INFO - [2025-06-03T13:34:16.643+0000] {dag.py:3047} INFO - Sync 1 DAGs
[2025-06-03T13:34:16.652+0000] {logging_mixin.py:188} INFO - [2025-06-03T13:34:16.652+0000] {dag.py:3834} INFO - Setting next_dagrun for example_task_group to 2025-06-02 00:00:00+00:00, run_after=2025-06-03 00:00:00+00:00
[2025-06-03T13:34:16.660+0000] {processor.py:183} INFO - Processing /home/airflow/.local/lib/python3.8/site-packages/airflow/example_dags/example_task_group.py took 0.032 seconds
[2025-06-03T13:34:47.003+0000] {processor.py:161} INFO - Started process (PID=1991) to work on /home/airflow/.local/lib/python3.8/site-packages/airflow/example_dags/example_task_group.py
[2025-06-03T13:34:47.004+0000] {processor.py:830} INFO - Processing file /home/airflow/.local/lib/python3.8/site-packages/airflow/example_dags/example_task_group.py for tasks to queue
[2025-06-03T13:34:47.005+0000] {logging_mixin.py:188} INFO - [2025-06-03T13:34:47.005+0000] {dagbag.py:540} INFO - Filling up the DagBag from /home/airflow/.local/lib/python3.8/site-packages/airflow/example_dags/example_task_group.py
[2025-06-03T13:34:47.008+0000] {processor.py:840} INFO - DAG(s) 'example_task_group' retrieved from /home/airflow/.local/lib/python3.8/site-packages/airflow/example_dags/example_task_group.py
[2025-06-03T13:34:47.018+0000] {logging_mixin.py:188} INFO - [2025-06-03T13:34:47.018+0000] {dag.py:3047} INFO - Sync 1 DAGs
[2025-06-03T13:34:47.028+0000] {logging_mixin.py:188} INFO - [2025-06-03T13:34:47.028+0000] {dag.py:3834} INFO - Setting next_dagrun for example_task_group to 2025-06-02 00:00:00+00:00, run_after=2025-06-03 00:00:00+00:00
[2025-06-03T13:34:47.035+0000] {processor.py:183} INFO - Processing /home/airflow/.local/lib/python3.8/site-packages/airflow/example_dags/example_task_group.py took 0.033 seconds
[2025-06-03T13:35:17.569+0000] {processor.py:161} INFO - Started process (PID=2046) to work on /home/airflow/.local/lib/python3.8/site-packages/airflow/example_dags/example_task_group.py
[2025-06-03T13:35:17.571+0000] {processor.py:830} INFO - Processing file /home/airflow/.local/lib/python3.8/site-packages/airflow/example_dags/example_task_group.py for tasks to queue
[2025-06-03T13:35:17.572+0000] {logging_mixin.py:188} INFO - [2025-06-03T13:35:17.571+0000] {dagbag.py:540} INFO - Filling up the DagBag from /home/airflow/.local/lib/python3.8/site-packages/airflow/example_dags/example_task_group.py
[2025-06-03T13:35:17.575+0000] {processor.py:840} INFO - DAG(s) 'example_task_group' retrieved from /home/airflow/.local/lib/python3.8/site-packages/airflow/example_dags/example_task_group.py
[2025-06-03T13:35:17.588+0000] {logging_mixin.py:188} INFO - [2025-06-03T13:35:17.588+0000] {dag.py:3047} INFO - Sync 1 DAGs
[2025-06-03T13:35:17.599+0000] {logging_mixin.py:188} INFO - [2025-06-03T13:35:17.599+0000] {dag.py:3834} INFO - Setting next_dagrun for example_task_group to 2025-06-02 00:00:00+00:00, run_after=2025-06-03 00:00:00+00:00
[2025-06-03T13:35:17.607+0000] {processor.py:183} INFO - Processing /home/airflow/.local/lib/python3.8/site-packages/airflow/example_dags/example_task_group.py took 0.039 seconds
[2025-06-03T13:35:48.000+0000] {processor.py:161} INFO - Started process (PID=2101) to work on /home/airflow/.local/lib/python3.8/site-packages/airflow/example_dags/example_task_group.py
[2025-06-03T13:35:48.003+0000] {processor.py:830} INFO - Processing file /home/airflow/.local/lib/python3.8/site-packages/airflow/example_dags/example_task_group.py for tasks to queue
[2025-06-03T13:35:48.003+0000] {logging_mixin.py:188} INFO - [2025-06-03T13:35:48.003+0000] {dagbag.py:540} INFO - Filling up the DagBag from /home/airflow/.local/lib/python3.8/site-packages/airflow/example_dags/example_task_group.py
[2025-06-03T13:35:48.007+0000] {processor.py:840} INFO - DAG(s) 'example_task_group' retrieved from /home/airflow/.local/lib/python3.8/site-packages/airflow/example_dags/example_task_group.py
[2025-06-03T13:35:48.015+0000] {logging_mixin.py:188} INFO - [2025-06-03T13:35:48.015+0000] {dag.py:3047} INFO - Sync 1 DAGs
[2025-06-03T13:35:48.023+0000] {logging_mixin.py:188} INFO - [2025-06-03T13:35:48.023+0000] {dag.py:3834} INFO - Setting next_dagrun for example_task_group to 2025-06-02 00:00:00+00:00, run_after=2025-06-03 00:00:00+00:00
[2025-06-03T13:35:48.030+0000] {processor.py:183} INFO - Processing /home/airflow/.local/lib/python3.8/site-packages/airflow/example_dags/example_task_group.py took 0.031 seconds
[2025-06-03T13:36:18.307+0000] {processor.py:161} INFO - Started process (PID=2156) to work on /home/airflow/.local/lib/python3.8/site-packages/airflow/example_dags/example_task_group.py
[2025-06-03T13:36:18.307+0000] {processor.py:830} INFO - Processing file /home/airflow/.local/lib/python3.8/site-packages/airflow/example_dags/example_task_group.py for tasks to queue
[2025-06-03T13:36:18.308+0000] {logging_mixin.py:188} INFO - [2025-06-03T13:36:18.308+0000] {dagbag.py:540} INFO - Filling up the DagBag from /home/airflow/.local/lib/python3.8/site-packages/airflow/example_dags/example_task_group.py
[2025-06-03T13:36:18.310+0000] {processor.py:840} INFO - DAG(s) 'example_task_group' retrieved from /home/airflow/.local/lib/python3.8/site-packages/airflow/example_dags/example_task_group.py
[2025-06-03T13:36:18.319+0000] {logging_mixin.py:188} INFO - [2025-06-03T13:36:18.319+0000] {dag.py:3047} INFO - Sync 1 DAGs
[2025-06-03T13:36:18.327+0000] {logging_mixin.py:188} INFO - [2025-06-03T13:36:18.327+0000] {dag.py:3834} INFO - Setting next_dagrun for example_task_group to 2025-06-02 00:00:00+00:00, run_after=2025-06-03 00:00:00+00:00
[2025-06-03T13:36:18.333+0000] {processor.py:183} INFO - Processing /home/airflow/.local/lib/python3.8/site-packages/airflow/example_dags/example_task_group.py took 0.028 seconds
[2025-06-03T13:36:48.642+0000] {processor.py:161} INFO - Started process (PID=2211) to work on /home/airflow/.local/lib/python3.8/site-packages/airflow/example_dags/example_task_group.py
[2025-06-03T13:36:48.642+0000] {processor.py:830} INFO - Processing file /home/airflow/.local/lib/python3.8/site-packages/airflow/example_dags/example_task_group.py for tasks to queue
[2025-06-03T13:36:48.643+0000] {logging_mixin.py:188} INFO - [2025-06-03T13:36:48.643+0000] {dagbag.py:540} INFO - Filling up the DagBag from /home/airflow/.local/lib/python3.8/site-packages/airflow/example_dags/example_task_group.py
[2025-06-03T13:36:48.645+0000] {processor.py:840} INFO - DAG(s) 'example_task_group' retrieved from /home/airflow/.local/lib/python3.8/site-packages/airflow/example_dags/example_task_group.py
[2025-06-03T13:36:48.653+0000] {logging_mixin.py:188} INFO - [2025-06-03T13:36:48.653+0000] {dag.py:3047} INFO - Sync 1 DAGs
[2025-06-03T13:36:48.660+0000] {logging_mixin.py:188} INFO - [2025-06-03T13:36:48.660+0000] {dag.py:3834} INFO - Setting next_dagrun for example_task_group to 2025-06-02 00:00:00+00:00, run_after=2025-06-03 00:00:00+00:00
[2025-06-03T13:36:48.665+0000] {processor.py:183} INFO - Processing /home/airflow/.local/lib/python3.8/site-packages/airflow/example_dags/example_task_group.py took 0.025 seconds
[2025-06-03T13:37:19.044+0000] {processor.py:161} INFO - Started process (PID=2266) to work on /home/airflow/.local/lib/python3.8/site-packages/airflow/example_dags/example_task_group.py
[2025-06-03T13:37:19.044+0000] {processor.py:830} INFO - Processing file /home/airflow/.local/lib/python3.8/site-packages/airflow/example_dags/example_task_group.py for tasks to queue
[2025-06-03T13:37:19.045+0000] {logging_mixin.py:188} INFO - [2025-06-03T13:37:19.045+0000] {dagbag.py:540} INFO - Filling up the DagBag from /home/airflow/.local/lib/python3.8/site-packages/airflow/example_dags/example_task_group.py
[2025-06-03T13:37:19.048+0000] {processor.py:840} INFO - DAG(s) 'example_task_group' retrieved from /home/airflow/.local/lib/python3.8/site-packages/airflow/example_dags/example_task_group.py
[2025-06-03T13:37:19.056+0000] {logging_mixin.py:188} INFO - [2025-06-03T13:37:19.056+0000] {dag.py:3047} INFO - Sync 1 DAGs
[2025-06-03T13:37:19.064+0000] {logging_mixin.py:188} INFO - [2025-06-03T13:37:19.064+0000] {dag.py:3834} INFO - Setting next_dagrun for example_task_group to 2025-06-02 00:00:00+00:00, run_after=2025-06-03 00:00:00+00:00
[2025-06-03T13:37:19.071+0000] {processor.py:183} INFO - Processing /home/airflow/.local/lib/python3.8/site-packages/airflow/example_dags/example_task_group.py took 0.028 seconds
[2025-06-03T13:37:49.621+0000] {processor.py:161} INFO - Started process (PID=2321) to work on /home/airflow/.local/lib/python3.8/site-packages/airflow/example_dags/example_task_group.py
[2025-06-03T13:37:49.622+0000] {processor.py:830} INFO - Processing file /home/airflow/.local/lib/python3.8/site-packages/airflow/example_dags/example_task_group.py for tasks to queue
[2025-06-03T13:37:49.623+0000] {logging_mixin.py:188} INFO - [2025-06-03T13:37:49.623+0000] {dagbag.py:540} INFO - Filling up the DagBag from /home/airflow/.local/lib/python3.8/site-packages/airflow/example_dags/example_task_group.py
[2025-06-03T13:37:49.627+0000] {processor.py:840} INFO - DAG(s) 'example_task_group' retrieved from /home/airflow/.local/lib/python3.8/site-packages/airflow/example_dags/example_task_group.py
[2025-06-03T13:37:49.637+0000] {logging_mixin.py:188} INFO - [2025-06-03T13:37:49.637+0000] {dag.py:3047} INFO - Sync 1 DAGs
[2025-06-03T13:37:49.652+0000] {logging_mixin.py:188} INFO - [2025-06-03T13:37:49.652+0000] {dag.py:3834} INFO - Setting next_dagrun for example_task_group to 2025-06-02 00:00:00+00:00, run_after=2025-06-03 00:00:00+00:00
[2025-06-03T13:37:49.668+0000] {processor.py:183} INFO - Processing /home/airflow/.local/lib/python3.8/site-packages/airflow/example_dags/example_task_group.py took 0.049 seconds
[2025-06-03T13:38:20.475+0000] {processor.py:161} INFO - Started process (PID=2376) to work on /home/airflow/.local/lib/python3.8/site-packages/airflow/example_dags/example_task_group.py
[2025-06-03T13:38:20.476+0000] {processor.py:830} INFO - Processing file /home/airflow/.local/lib/python3.8/site-packages/airflow/example_dags/example_task_group.py for tasks to queue
[2025-06-03T13:38:20.477+0000] {logging_mixin.py:188} INFO - [2025-06-03T13:38:20.477+0000] {dagbag.py:540} INFO - Filling up the DagBag from /home/airflow/.local/lib/python3.8/site-packages/airflow/example_dags/example_task_group.py
[2025-06-03T13:38:20.480+0000] {processor.py:840} INFO - DAG(s) 'example_task_group' retrieved from /home/airflow/.local/lib/python3.8/site-packages/airflow/example_dags/example_task_group.py
[2025-06-03T13:38:20.495+0000] {logging_mixin.py:188} INFO - [2025-06-03T13:38:20.495+0000] {dag.py:3047} INFO - Sync 1 DAGs
[2025-06-03T13:38:20.512+0000] {logging_mixin.py:188} INFO - [2025-06-03T13:38:20.512+0000] {dag.py:3834} INFO - Setting next_dagrun for example_task_group to 2025-06-02 00:00:00+00:00, run_after=2025-06-03 00:00:00+00:00
[2025-06-03T13:38:20.522+0000] {processor.py:183} INFO - Processing /home/airflow/.local/lib/python3.8/site-packages/airflow/example_dags/example_task_group.py took 0.048 seconds
[2025-06-03T13:38:51.019+0000] {processor.py:161} INFO - Started process (PID=2431) to work on /home/airflow/.local/lib/python3.8/site-packages/airflow/example_dags/example_task_group.py
[2025-06-03T13:38:51.020+0000] {processor.py:830} INFO - Processing file /home/airflow/.local/lib/python3.8/site-packages/airflow/example_dags/example_task_group.py for tasks to queue
[2025-06-03T13:38:51.021+0000] {logging_mixin.py:188} INFO - [2025-06-03T13:38:51.020+0000] {dagbag.py:540} INFO - Filling up the DagBag from /home/airflow/.local/lib/python3.8/site-packages/airflow/example_dags/example_task_group.py
[2025-06-03T13:38:51.024+0000] {processor.py:840} INFO - DAG(s) 'example_task_group' retrieved from /home/airflow/.local/lib/python3.8/site-packages/airflow/example_dags/example_task_group.py
[2025-06-03T13:38:51.032+0000] {logging_mixin.py:188} INFO - [2025-06-03T13:38:51.032+0000] {dag.py:3047} INFO - Sync 1 DAGs
[2025-06-03T13:38:51.039+0000] {logging_mixin.py:188} INFO - [2025-06-03T13:38:51.039+0000] {dag.py:3834} INFO - Setting next_dagrun for example_task_group to 2025-06-02 00:00:00+00:00, run_after=2025-06-03 00:00:00+00:00
[2025-06-03T13:38:51.045+0000] {processor.py:183} INFO - Processing /home/airflow/.local/lib/python3.8/site-packages/airflow/example_dags/example_task_group.py took 0.027 seconds
[2025-06-03T13:39:21.165+0000] {processor.py:161} INFO - Started process (PID=2486) to work on /home/airflow/.local/lib/python3.8/site-packages/airflow/example_dags/example_task_group.py
[2025-06-03T13:39:21.167+0000] {processor.py:830} INFO - Processing file /home/airflow/.local/lib/python3.8/site-packages/airflow/example_dags/example_task_group.py for tasks to queue
[2025-06-03T13:39:21.170+0000] {logging_mixin.py:188} INFO - [2025-06-03T13:39:21.169+0000] {dagbag.py:540} INFO - Filling up the DagBag from /home/airflow/.local/lib/python3.8/site-packages/airflow/example_dags/example_task_group.py
[2025-06-03T13:39:21.176+0000] {processor.py:840} INFO - DAG(s) 'example_task_group' retrieved from /home/airflow/.local/lib/python3.8/site-packages/airflow/example_dags/example_task_group.py
[2025-06-03T13:39:21.203+0000] {logging_mixin.py:188} INFO - [2025-06-03T13:39:21.203+0000] {dag.py:3047} INFO - Sync 1 DAGs
[2025-06-03T13:39:21.218+0000] {logging_mixin.py:188} INFO - [2025-06-03T13:39:21.218+0000] {dag.py:3834} INFO - Setting next_dagrun for example_task_group to 2025-06-02 00:00:00+00:00, run_after=2025-06-03 00:00:00+00:00
[2025-06-03T13:39:21.231+0000] {processor.py:183} INFO - Processing /home/airflow/.local/lib/python3.8/site-packages/airflow/example_dags/example_task_group.py took 0.069 seconds
[2025-06-03T13:39:52.131+0000] {processor.py:161} INFO - Started process (PID=2541) to work on /home/airflow/.local/lib/python3.8/site-packages/airflow/example_dags/example_task_group.py
[2025-06-03T13:39:52.132+0000] {processor.py:830} INFO - Processing file /home/airflow/.local/lib/python3.8/site-packages/airflow/example_dags/example_task_group.py for tasks to queue
[2025-06-03T13:39:52.133+0000] {logging_mixin.py:188} INFO - [2025-06-03T13:39:52.133+0000] {dagbag.py:540} INFO - Filling up the DagBag from /home/airflow/.local/lib/python3.8/site-packages/airflow/example_dags/example_task_group.py
[2025-06-03T13:39:52.136+0000] {processor.py:840} INFO - DAG(s) 'example_task_group' retrieved from /home/airflow/.local/lib/python3.8/site-packages/airflow/example_dags/example_task_group.py
[2025-06-03T13:39:52.146+0000] {logging_mixin.py:188} INFO - [2025-06-03T13:39:52.146+0000] {dag.py:3047} INFO - Sync 1 DAGs
[2025-06-03T13:39:52.154+0000] {logging_mixin.py:188} INFO - [2025-06-03T13:39:52.154+0000] {dag.py:3834} INFO - Setting next_dagrun for example_task_group to 2025-06-02 00:00:00+00:00, run_after=2025-06-03 00:00:00+00:00
[2025-06-03T13:39:52.163+0000] {processor.py:183} INFO - Processing /home/airflow/.local/lib/python3.8/site-packages/airflow/example_dags/example_task_group.py took 0.033 seconds
[2025-06-03T13:40:22.957+0000] {processor.py:161} INFO - Started process (PID=2597) to work on /home/airflow/.local/lib/python3.8/site-packages/airflow/example_dags/example_task_group.py
[2025-06-03T13:40:22.958+0000] {processor.py:830} INFO - Processing file /home/airflow/.local/lib/python3.8/site-packages/airflow/example_dags/example_task_group.py for tasks to queue
[2025-06-03T13:40:22.959+0000] {logging_mixin.py:188} INFO - [2025-06-03T13:40:22.959+0000] {dagbag.py:540} INFO - Filling up the DagBag from /home/airflow/.local/lib/python3.8/site-packages/airflow/example_dags/example_task_group.py
[2025-06-03T13:40:22.962+0000] {processor.py:840} INFO - DAG(s) 'example_task_group' retrieved from /home/airflow/.local/lib/python3.8/site-packages/airflow/example_dags/example_task_group.py
[2025-06-03T13:40:22.979+0000] {logging_mixin.py:188} INFO - [2025-06-03T13:40:22.978+0000] {dag.py:3047} INFO - Sync 1 DAGs
[2025-06-03T13:40:22.990+0000] {logging_mixin.py:188} INFO - [2025-06-03T13:40:22.989+0000] {dag.py:3834} INFO - Setting next_dagrun for example_task_group to 2025-06-02 00:00:00+00:00, run_after=2025-06-03 00:00:00+00:00
[2025-06-03T13:40:23.000+0000] {processor.py:183} INFO - Processing /home/airflow/.local/lib/python3.8/site-packages/airflow/example_dags/example_task_group.py took 0.044 seconds
