[2025-06-03T13:16:57.374+0000] {processor.py:161} INFO - Started process (PID=46) to work on /home/airflow/.local/lib/python3.8/site-packages/airflow/example_dags/example_local_kubernetes_executor.py
[2025-06-03T13:16:57.380+0000] {processor.py:830} INFO - Processing file /home/airflow/.local/lib/python3.8/site-packages/airflow/example_dags/example_local_kubernetes_executor.py for tasks to queue
[2025-06-03T13:16:57.381+0000] {logging_mixin.py:188} INFO - [2025-06-03T13:16:57.381+0000] {dagbag.py:540} INFO - Filling up the DagBag from /home/airflow/.local/lib/python3.8/site-packages/airflow/example_dags/example_local_kubernetes_executor.py
[2025-06-03T13:16:57.397+0000] {processor.py:840} INFO - DAG(s) 'example_local_kubernetes_executor' retrieved from /home/airflow/.local/lib/python3.8/site-packages/airflow/example_dags/example_local_kubernetes_executor.py
[2025-06-03T13:16:57.412+0000] {logging_mixin.py:188} INFO - [2025-06-03T13:16:57.411+0000] {dag.py:3047} INFO - Sync 1 DAGs
[2025-06-03T13:16:57.425+0000] {logging_mixin.py:188} INFO - [2025-06-03T13:16:57.425+0000] {dag.py:3834} INFO - Setting next_dagrun for example_local_kubernetes_executor to None, run_after=None
[2025-06-03T13:16:57.458+0000] {processor.py:183} INFO - Processing /home/airflow/.local/lib/python3.8/site-packages/airflow/example_dags/example_local_kubernetes_executor.py took 0.089 seconds
[2025-06-03T13:17:27.846+0000] {processor.py:161} INFO - Started process (PID=101) to work on /home/airflow/.local/lib/python3.8/site-packages/airflow/example_dags/example_local_kubernetes_executor.py
[2025-06-03T13:17:27.847+0000] {processor.py:830} INFO - Processing file /home/airflow/.local/lib/python3.8/site-packages/airflow/example_dags/example_local_kubernetes_executor.py for tasks to queue
[2025-06-03T13:17:27.847+0000] {logging_mixin.py:188} INFO - [2025-06-03T13:17:27.847+0000] {dagbag.py:540} INFO - Filling up the DagBag from /home/airflow/.local/lib/python3.8/site-packages/airflow/example_dags/example_local_kubernetes_executor.py
[2025-06-03T13:17:27.856+0000] {processor.py:840} INFO - DAG(s) 'example_local_kubernetes_executor' retrieved from /home/airflow/.local/lib/python3.8/site-packages/airflow/example_dags/example_local_kubernetes_executor.py
[2025-06-03T13:17:27.915+0000] {logging_mixin.py:188} INFO - [2025-06-03T13:17:27.915+0000] {dag.py:3047} INFO - Sync 1 DAGs
[2025-06-03T13:17:27.920+0000] {logging_mixin.py:188} INFO - [2025-06-03T13:17:27.920+0000] {dag.py:3834} INFO - Setting next_dagrun for example_local_kubernetes_executor to None, run_after=None
[2025-06-03T13:17:27.927+0000] {processor.py:183} INFO - Processing /home/airflow/.local/lib/python3.8/site-packages/airflow/example_dags/example_local_kubernetes_executor.py took 0.082 seconds
[2025-06-03T13:17:58.101+0000] {processor.py:161} INFO - Started process (PID=156) to work on /home/airflow/.local/lib/python3.8/site-packages/airflow/example_dags/example_local_kubernetes_executor.py
[2025-06-03T13:17:58.102+0000] {processor.py:830} INFO - Processing file /home/airflow/.local/lib/python3.8/site-packages/airflow/example_dags/example_local_kubernetes_executor.py for tasks to queue
[2025-06-03T13:17:58.102+0000] {logging_mixin.py:188} INFO - [2025-06-03T13:17:58.102+0000] {dagbag.py:540} INFO - Filling up the DagBag from /home/airflow/.local/lib/python3.8/site-packages/airflow/example_dags/example_local_kubernetes_executor.py
[2025-06-03T13:17:58.106+0000] {processor.py:840} INFO - DAG(s) 'example_local_kubernetes_executor' retrieved from /home/airflow/.local/lib/python3.8/site-packages/airflow/example_dags/example_local_kubernetes_executor.py
[2025-06-03T13:17:58.121+0000] {logging_mixin.py:188} INFO - [2025-06-03T13:17:58.121+0000] {dag.py:3047} INFO - Sync 1 DAGs
[2025-06-03T13:17:58.125+0000] {logging_mixin.py:188} INFO - [2025-06-03T13:17:58.125+0000] {dag.py:3834} INFO - Setting next_dagrun for example_local_kubernetes_executor to None, run_after=None
[2025-06-03T13:17:58.132+0000] {processor.py:183} INFO - Processing /home/airflow/.local/lib/python3.8/site-packages/airflow/example_dags/example_local_kubernetes_executor.py took 0.032 seconds
[2025-06-03T13:18:28.615+0000] {processor.py:161} INFO - Started process (PID=211) to work on /home/airflow/.local/lib/python3.8/site-packages/airflow/example_dags/example_local_kubernetes_executor.py
[2025-06-03T13:18:28.616+0000] {processor.py:830} INFO - Processing file /home/airflow/.local/lib/python3.8/site-packages/airflow/example_dags/example_local_kubernetes_executor.py for tasks to queue
[2025-06-03T13:18:28.617+0000] {logging_mixin.py:188} INFO - [2025-06-03T13:18:28.617+0000] {dagbag.py:540} INFO - Filling up the DagBag from /home/airflow/.local/lib/python3.8/site-packages/airflow/example_dags/example_local_kubernetes_executor.py
[2025-06-03T13:18:28.622+0000] {processor.py:840} INFO - DAG(s) 'example_local_kubernetes_executor' retrieved from /home/airflow/.local/lib/python3.8/site-packages/airflow/example_dags/example_local_kubernetes_executor.py
[2025-06-03T13:18:28.649+0000] {logging_mixin.py:188} INFO - [2025-06-03T13:18:28.649+0000] {dag.py:3047} INFO - Sync 1 DAGs
[2025-06-03T13:18:28.657+0000] {logging_mixin.py:188} INFO - [2025-06-03T13:18:28.657+0000] {dag.py:3834} INFO - Setting next_dagrun for example_local_kubernetes_executor to None, run_after=None
[2025-06-03T13:18:28.665+0000] {processor.py:183} INFO - Processing /home/airflow/.local/lib/python3.8/site-packages/airflow/example_dags/example_local_kubernetes_executor.py took 0.053 seconds
[2025-06-03T13:18:59.275+0000] {processor.py:161} INFO - Started process (PID=272) to work on /home/airflow/.local/lib/python3.8/site-packages/airflow/example_dags/example_local_kubernetes_executor.py
[2025-06-03T13:18:59.278+0000] {processor.py:830} INFO - Processing file /home/airflow/.local/lib/python3.8/site-packages/airflow/example_dags/example_local_kubernetes_executor.py for tasks to queue
[2025-06-03T13:18:59.278+0000] {logging_mixin.py:188} INFO - [2025-06-03T13:18:59.278+0000] {dagbag.py:540} INFO - Filling up the DagBag from /home/airflow/.local/lib/python3.8/site-packages/airflow/example_dags/example_local_kubernetes_executor.py
[2025-06-03T13:18:59.283+0000] {processor.py:840} INFO - DAG(s) 'example_local_kubernetes_executor' retrieved from /home/airflow/.local/lib/python3.8/site-packages/airflow/example_dags/example_local_kubernetes_executor.py
[2025-06-03T13:18:59.304+0000] {logging_mixin.py:188} INFO - [2025-06-03T13:18:59.304+0000] {dag.py:3047} INFO - Sync 1 DAGs
[2025-06-03T13:18:59.310+0000] {logging_mixin.py:188} INFO - [2025-06-03T13:18:59.310+0000] {dag.py:3834} INFO - Setting next_dagrun for example_local_kubernetes_executor to None, run_after=None
[2025-06-03T13:18:59.324+0000] {processor.py:183} INFO - Processing /home/airflow/.local/lib/python3.8/site-packages/airflow/example_dags/example_local_kubernetes_executor.py took 0.051 seconds
[2025-06-03T13:19:29.838+0000] {processor.py:161} INFO - Started process (PID=327) to work on /home/airflow/.local/lib/python3.8/site-packages/airflow/example_dags/example_local_kubernetes_executor.py
[2025-06-03T13:19:29.840+0000] {processor.py:830} INFO - Processing file /home/airflow/.local/lib/python3.8/site-packages/airflow/example_dags/example_local_kubernetes_executor.py for tasks to queue
[2025-06-03T13:19:29.841+0000] {logging_mixin.py:188} INFO - [2025-06-03T13:19:29.841+0000] {dagbag.py:540} INFO - Filling up the DagBag from /home/airflow/.local/lib/python3.8/site-packages/airflow/example_dags/example_local_kubernetes_executor.py
[2025-06-03T13:19:29.851+0000] {processor.py:840} INFO - DAG(s) 'example_local_kubernetes_executor' retrieved from /home/airflow/.local/lib/python3.8/site-packages/airflow/example_dags/example_local_kubernetes_executor.py
[2025-06-03T13:19:29.886+0000] {logging_mixin.py:188} INFO - [2025-06-03T13:19:29.886+0000] {dag.py:3047} INFO - Sync 1 DAGs
[2025-06-03T13:19:29.893+0000] {logging_mixin.py:188} INFO - [2025-06-03T13:19:29.892+0000] {dag.py:3834} INFO - Setting next_dagrun for example_local_kubernetes_executor to None, run_after=None
[2025-06-03T13:19:29.904+0000] {processor.py:183} INFO - Processing /home/airflow/.local/lib/python3.8/site-packages/airflow/example_dags/example_local_kubernetes_executor.py took 0.068 seconds
[2025-06-03T13:20:00.448+0000] {processor.py:161} INFO - Started process (PID=382) to work on /home/airflow/.local/lib/python3.8/site-packages/airflow/example_dags/example_local_kubernetes_executor.py
[2025-06-03T13:20:00.452+0000] {processor.py:830} INFO - Processing file /home/airflow/.local/lib/python3.8/site-packages/airflow/example_dags/example_local_kubernetes_executor.py for tasks to queue
[2025-06-03T13:20:00.453+0000] {logging_mixin.py:188} INFO - [2025-06-03T13:20:00.453+0000] {dagbag.py:540} INFO - Filling up the DagBag from /home/airflow/.local/lib/python3.8/site-packages/airflow/example_dags/example_local_kubernetes_executor.py
[2025-06-03T13:20:00.457+0000] {processor.py:840} INFO - DAG(s) 'example_local_kubernetes_executor' retrieved from /home/airflow/.local/lib/python3.8/site-packages/airflow/example_dags/example_local_kubernetes_executor.py
[2025-06-03T13:20:00.473+0000] {logging_mixin.py:188} INFO - [2025-06-03T13:20:00.473+0000] {dag.py:3047} INFO - Sync 1 DAGs
[2025-06-03T13:20:00.478+0000] {logging_mixin.py:188} INFO - [2025-06-03T13:20:00.478+0000] {dag.py:3834} INFO - Setting next_dagrun for example_local_kubernetes_executor to None, run_after=None
[2025-06-03T13:20:00.486+0000] {processor.py:183} INFO - Processing /home/airflow/.local/lib/python3.8/site-packages/airflow/example_dags/example_local_kubernetes_executor.py took 0.040 seconds
[2025-06-03T13:20:31.244+0000] {processor.py:161} INFO - Started process (PID=437) to work on /home/airflow/.local/lib/python3.8/site-packages/airflow/example_dags/example_local_kubernetes_executor.py
[2025-06-03T13:20:31.244+0000] {processor.py:830} INFO - Processing file /home/airflow/.local/lib/python3.8/site-packages/airflow/example_dags/example_local_kubernetes_executor.py for tasks to queue
[2025-06-03T13:20:31.245+0000] {logging_mixin.py:188} INFO - [2025-06-03T13:20:31.245+0000] {dagbag.py:540} INFO - Filling up the DagBag from /home/airflow/.local/lib/python3.8/site-packages/airflow/example_dags/example_local_kubernetes_executor.py
[2025-06-03T13:20:31.249+0000] {processor.py:840} INFO - DAG(s) 'example_local_kubernetes_executor' retrieved from /home/airflow/.local/lib/python3.8/site-packages/airflow/example_dags/example_local_kubernetes_executor.py
[2025-06-03T13:20:31.267+0000] {logging_mixin.py:188} INFO - [2025-06-03T13:20:31.267+0000] {dag.py:3047} INFO - Sync 1 DAGs
[2025-06-03T13:20:31.273+0000] {logging_mixin.py:188} INFO - [2025-06-03T13:20:31.273+0000] {dag.py:3834} INFO - Setting next_dagrun for example_local_kubernetes_executor to None, run_after=None
[2025-06-03T13:20:31.280+0000] {processor.py:183} INFO - Processing /home/airflow/.local/lib/python3.8/site-packages/airflow/example_dags/example_local_kubernetes_executor.py took 0.038 seconds
[2025-06-03T13:21:02.006+0000] {processor.py:161} INFO - Started process (PID=492) to work on /home/airflow/.local/lib/python3.8/site-packages/airflow/example_dags/example_local_kubernetes_executor.py
[2025-06-03T13:21:02.006+0000] {processor.py:830} INFO - Processing file /home/airflow/.local/lib/python3.8/site-packages/airflow/example_dags/example_local_kubernetes_executor.py for tasks to queue
[2025-06-03T13:21:02.007+0000] {logging_mixin.py:188} INFO - [2025-06-03T13:21:02.007+0000] {dagbag.py:540} INFO - Filling up the DagBag from /home/airflow/.local/lib/python3.8/site-packages/airflow/example_dags/example_local_kubernetes_executor.py
[2025-06-03T13:21:02.013+0000] {processor.py:840} INFO - DAG(s) 'example_local_kubernetes_executor' retrieved from /home/airflow/.local/lib/python3.8/site-packages/airflow/example_dags/example_local_kubernetes_executor.py
[2025-06-03T13:21:02.032+0000] {logging_mixin.py:188} INFO - [2025-06-03T13:21:02.031+0000] {dag.py:3047} INFO - Sync 1 DAGs
[2025-06-03T13:21:02.039+0000] {logging_mixin.py:188} INFO - [2025-06-03T13:21:02.039+0000] {dag.py:3834} INFO - Setting next_dagrun for example_local_kubernetes_executor to None, run_after=None
[2025-06-03T13:21:02.048+0000] {processor.py:183} INFO - Processing /home/airflow/.local/lib/python3.8/site-packages/airflow/example_dags/example_local_kubernetes_executor.py took 0.045 seconds
[2025-06-03T13:21:32.903+0000] {processor.py:161} INFO - Started process (PID=547) to work on /home/airflow/.local/lib/python3.8/site-packages/airflow/example_dags/example_local_kubernetes_executor.py
[2025-06-03T13:21:32.904+0000] {processor.py:830} INFO - Processing file /home/airflow/.local/lib/python3.8/site-packages/airflow/example_dags/example_local_kubernetes_executor.py for tasks to queue
[2025-06-03T13:21:32.906+0000] {logging_mixin.py:188} INFO - [2025-06-03T13:21:32.906+0000] {dagbag.py:540} INFO - Filling up the DagBag from /home/airflow/.local/lib/python3.8/site-packages/airflow/example_dags/example_local_kubernetes_executor.py
[2025-06-03T13:21:32.913+0000] {processor.py:840} INFO - DAG(s) 'example_local_kubernetes_executor' retrieved from /home/airflow/.local/lib/python3.8/site-packages/airflow/example_dags/example_local_kubernetes_executor.py
[2025-06-03T13:21:32.938+0000] {logging_mixin.py:188} INFO - [2025-06-03T13:21:32.938+0000] {dag.py:3047} INFO - Sync 1 DAGs
[2025-06-03T13:21:32.943+0000] {logging_mixin.py:188} INFO - [2025-06-03T13:21:32.943+0000] {dag.py:3834} INFO - Setting next_dagrun for example_local_kubernetes_executor to None, run_after=None
[2025-06-03T13:21:32.950+0000] {processor.py:183} INFO - Processing /home/airflow/.local/lib/python3.8/site-packages/airflow/example_dags/example_local_kubernetes_executor.py took 0.050 seconds
[2025-06-03T13:22:03.823+0000] {processor.py:161} INFO - Started process (PID=602) to work on /home/airflow/.local/lib/python3.8/site-packages/airflow/example_dags/example_local_kubernetes_executor.py
[2025-06-03T13:22:03.827+0000] {processor.py:830} INFO - Processing file /home/airflow/.local/lib/python3.8/site-packages/airflow/example_dags/example_local_kubernetes_executor.py for tasks to queue
[2025-06-03T13:22:03.828+0000] {logging_mixin.py:188} INFO - [2025-06-03T13:22:03.828+0000] {dagbag.py:540} INFO - Filling up the DagBag from /home/airflow/.local/lib/python3.8/site-packages/airflow/example_dags/example_local_kubernetes_executor.py
[2025-06-03T13:22:03.833+0000] {processor.py:840} INFO - DAG(s) 'example_local_kubernetes_executor' retrieved from /home/airflow/.local/lib/python3.8/site-packages/airflow/example_dags/example_local_kubernetes_executor.py
[2025-06-03T13:22:03.850+0000] {logging_mixin.py:188} INFO - [2025-06-03T13:22:03.850+0000] {dag.py:3047} INFO - Sync 1 DAGs
[2025-06-03T13:22:03.855+0000] {logging_mixin.py:188} INFO - [2025-06-03T13:22:03.854+0000] {dag.py:3834} INFO - Setting next_dagrun for example_local_kubernetes_executor to None, run_after=None
[2025-06-03T13:22:03.864+0000] {processor.py:183} INFO - Processing /home/airflow/.local/lib/python3.8/site-packages/airflow/example_dags/example_local_kubernetes_executor.py took 0.043 seconds
[2025-06-03T13:22:34.822+0000] {processor.py:161} INFO - Started process (PID=657) to work on /home/airflow/.local/lib/python3.8/site-packages/airflow/example_dags/example_local_kubernetes_executor.py
[2025-06-03T13:22:34.823+0000] {processor.py:830} INFO - Processing file /home/airflow/.local/lib/python3.8/site-packages/airflow/example_dags/example_local_kubernetes_executor.py for tasks to queue
[2025-06-03T13:22:34.823+0000] {logging_mixin.py:188} INFO - [2025-06-03T13:22:34.823+0000] {dagbag.py:540} INFO - Filling up the DagBag from /home/airflow/.local/lib/python3.8/site-packages/airflow/example_dags/example_local_kubernetes_executor.py
[2025-06-03T13:22:34.827+0000] {processor.py:840} INFO - DAG(s) 'example_local_kubernetes_executor' retrieved from /home/airflow/.local/lib/python3.8/site-packages/airflow/example_dags/example_local_kubernetes_executor.py
[2025-06-03T13:22:34.843+0000] {logging_mixin.py:188} INFO - [2025-06-03T13:22:34.843+0000] {dag.py:3047} INFO - Sync 1 DAGs
[2025-06-03T13:22:34.848+0000] {logging_mixin.py:188} INFO - [2025-06-03T13:22:34.848+0000] {dag.py:3834} INFO - Setting next_dagrun for example_local_kubernetes_executor to None, run_after=None
[2025-06-03T13:22:34.857+0000] {processor.py:183} INFO - Processing /home/airflow/.local/lib/python3.8/site-packages/airflow/example_dags/example_local_kubernetes_executor.py took 0.036 seconds
[2025-06-03T13:23:05.656+0000] {processor.py:161} INFO - Started process (PID=712) to work on /home/airflow/.local/lib/python3.8/site-packages/airflow/example_dags/example_local_kubernetes_executor.py
[2025-06-03T13:23:05.656+0000] {processor.py:830} INFO - Processing file /home/airflow/.local/lib/python3.8/site-packages/airflow/example_dags/example_local_kubernetes_executor.py for tasks to queue
[2025-06-03T13:23:05.657+0000] {logging_mixin.py:188} INFO - [2025-06-03T13:23:05.657+0000] {dagbag.py:540} INFO - Filling up the DagBag from /home/airflow/.local/lib/python3.8/site-packages/airflow/example_dags/example_local_kubernetes_executor.py
[2025-06-03T13:23:05.662+0000] {processor.py:840} INFO - DAG(s) 'example_local_kubernetes_executor' retrieved from /home/airflow/.local/lib/python3.8/site-packages/airflow/example_dags/example_local_kubernetes_executor.py
[2025-06-03T13:23:05.677+0000] {logging_mixin.py:188} INFO - [2025-06-03T13:23:05.677+0000] {dag.py:3047} INFO - Sync 1 DAGs
[2025-06-03T13:23:05.681+0000] {logging_mixin.py:188} INFO - [2025-06-03T13:23:05.681+0000] {dag.py:3834} INFO - Setting next_dagrun for example_local_kubernetes_executor to None, run_after=None
[2025-06-03T13:23:05.688+0000] {processor.py:183} INFO - Processing /home/airflow/.local/lib/python3.8/site-packages/airflow/example_dags/example_local_kubernetes_executor.py took 0.034 seconds
[2025-06-03T13:23:36.624+0000] {processor.py:161} INFO - Started process (PID=767) to work on /home/airflow/.local/lib/python3.8/site-packages/airflow/example_dags/example_local_kubernetes_executor.py
[2025-06-03T13:23:36.624+0000] {processor.py:830} INFO - Processing file /home/airflow/.local/lib/python3.8/site-packages/airflow/example_dags/example_local_kubernetes_executor.py for tasks to queue
[2025-06-03T13:23:36.629+0000] {logging_mixin.py:188} INFO - [2025-06-03T13:23:36.628+0000] {dagbag.py:540} INFO - Filling up the DagBag from /home/airflow/.local/lib/python3.8/site-packages/airflow/example_dags/example_local_kubernetes_executor.py
[2025-06-03T13:23:36.633+0000] {processor.py:840} INFO - DAG(s) 'example_local_kubernetes_executor' retrieved from /home/airflow/.local/lib/python3.8/site-packages/airflow/example_dags/example_local_kubernetes_executor.py
[2025-06-03T13:23:36.651+0000] {logging_mixin.py:188} INFO - [2025-06-03T13:23:36.651+0000] {dag.py:3047} INFO - Sync 1 DAGs
[2025-06-03T13:23:36.656+0000] {logging_mixin.py:188} INFO - [2025-06-03T13:23:36.656+0000] {dag.py:3834} INFO - Setting next_dagrun for example_local_kubernetes_executor to None, run_after=None
[2025-06-03T13:23:36.663+0000] {processor.py:183} INFO - Processing /home/airflow/.local/lib/python3.8/site-packages/airflow/example_dags/example_local_kubernetes_executor.py took 0.041 seconds
[2025-06-03T13:24:06.888+0000] {processor.py:161} INFO - Started process (PID=822) to work on /home/airflow/.local/lib/python3.8/site-packages/airflow/example_dags/example_local_kubernetes_executor.py
[2025-06-03T13:24:06.889+0000] {processor.py:830} INFO - Processing file /home/airflow/.local/lib/python3.8/site-packages/airflow/example_dags/example_local_kubernetes_executor.py for tasks to queue
[2025-06-03T13:24:06.889+0000] {logging_mixin.py:188} INFO - [2025-06-03T13:24:06.889+0000] {dagbag.py:540} INFO - Filling up the DagBag from /home/airflow/.local/lib/python3.8/site-packages/airflow/example_dags/example_local_kubernetes_executor.py
[2025-06-03T13:24:06.894+0000] {processor.py:840} INFO - DAG(s) 'example_local_kubernetes_executor' retrieved from /home/airflow/.local/lib/python3.8/site-packages/airflow/example_dags/example_local_kubernetes_executor.py
[2025-06-03T13:24:06.916+0000] {logging_mixin.py:188} INFO - [2025-06-03T13:24:06.916+0000] {dag.py:3047} INFO - Sync 1 DAGs
[2025-06-03T13:24:06.927+0000] {logging_mixin.py:188} INFO - [2025-06-03T13:24:06.927+0000] {dag.py:3834} INFO - Setting next_dagrun for example_local_kubernetes_executor to None, run_after=None
[2025-06-03T13:24:06.940+0000] {processor.py:183} INFO - Processing /home/airflow/.local/lib/python3.8/site-packages/airflow/example_dags/example_local_kubernetes_executor.py took 0.053 seconds
[2025-06-03T13:24:37.793+0000] {processor.py:161} INFO - Started process (PID=877) to work on /home/airflow/.local/lib/python3.8/site-packages/airflow/example_dags/example_local_kubernetes_executor.py
[2025-06-03T13:24:37.794+0000] {processor.py:830} INFO - Processing file /home/airflow/.local/lib/python3.8/site-packages/airflow/example_dags/example_local_kubernetes_executor.py for tasks to queue
[2025-06-03T13:24:37.795+0000] {logging_mixin.py:188} INFO - [2025-06-03T13:24:37.795+0000] {dagbag.py:540} INFO - Filling up the DagBag from /home/airflow/.local/lib/python3.8/site-packages/airflow/example_dags/example_local_kubernetes_executor.py
[2025-06-03T13:24:37.800+0000] {processor.py:840} INFO - DAG(s) 'example_local_kubernetes_executor' retrieved from /home/airflow/.local/lib/python3.8/site-packages/airflow/example_dags/example_local_kubernetes_executor.py
[2025-06-03T13:24:37.821+0000] {logging_mixin.py:188} INFO - [2025-06-03T13:24:37.821+0000] {dag.py:3047} INFO - Sync 1 DAGs
[2025-06-03T13:24:37.827+0000] {logging_mixin.py:188} INFO - [2025-06-03T13:24:37.826+0000] {dag.py:3834} INFO - Setting next_dagrun for example_local_kubernetes_executor to None, run_after=None
[2025-06-03T13:24:37.834+0000] {processor.py:183} INFO - Processing /home/airflow/.local/lib/python3.8/site-packages/airflow/example_dags/example_local_kubernetes_executor.py took 0.043 seconds
[2025-06-03T13:25:08.359+0000] {processor.py:161} INFO - Started process (PID=932) to work on /home/airflow/.local/lib/python3.8/site-packages/airflow/example_dags/example_local_kubernetes_executor.py
[2025-06-03T13:25:08.359+0000] {processor.py:830} INFO - Processing file /home/airflow/.local/lib/python3.8/site-packages/airflow/example_dags/example_local_kubernetes_executor.py for tasks to queue
[2025-06-03T13:25:08.360+0000] {logging_mixin.py:188} INFO - [2025-06-03T13:25:08.360+0000] {dagbag.py:540} INFO - Filling up the DagBag from /home/airflow/.local/lib/python3.8/site-packages/airflow/example_dags/example_local_kubernetes_executor.py
[2025-06-03T13:25:08.366+0000] {processor.py:840} INFO - DAG(s) 'example_local_kubernetes_executor' retrieved from /home/airflow/.local/lib/python3.8/site-packages/airflow/example_dags/example_local_kubernetes_executor.py
[2025-06-03T13:25:08.398+0000] {logging_mixin.py:188} INFO - [2025-06-03T13:25:08.397+0000] {dag.py:3047} INFO - Sync 1 DAGs
[2025-06-03T13:25:08.403+0000] {logging_mixin.py:188} INFO - [2025-06-03T13:25:08.403+0000] {dag.py:3834} INFO - Setting next_dagrun for example_local_kubernetes_executor to None, run_after=None
[2025-06-03T13:25:08.410+0000] {processor.py:183} INFO - Processing /home/airflow/.local/lib/python3.8/site-packages/airflow/example_dags/example_local_kubernetes_executor.py took 0.053 seconds
[2025-06-03T13:25:38.833+0000] {processor.py:161} INFO - Started process (PID=987) to work on /home/airflow/.local/lib/python3.8/site-packages/airflow/example_dags/example_local_kubernetes_executor.py
[2025-06-03T13:25:38.834+0000] {processor.py:830} INFO - Processing file /home/airflow/.local/lib/python3.8/site-packages/airflow/example_dags/example_local_kubernetes_executor.py for tasks to queue
[2025-06-03T13:25:38.838+0000] {logging_mixin.py:188} INFO - [2025-06-03T13:25:38.838+0000] {dagbag.py:540} INFO - Filling up the DagBag from /home/airflow/.local/lib/python3.8/site-packages/airflow/example_dags/example_local_kubernetes_executor.py
[2025-06-03T13:25:38.845+0000] {processor.py:840} INFO - DAG(s) 'example_local_kubernetes_executor' retrieved from /home/airflow/.local/lib/python3.8/site-packages/airflow/example_dags/example_local_kubernetes_executor.py
[2025-06-03T13:25:38.891+0000] {logging_mixin.py:188} INFO - [2025-06-03T13:25:38.891+0000] {dag.py:3047} INFO - Sync 1 DAGs
[2025-06-03T13:25:38.901+0000] {logging_mixin.py:188} INFO - [2025-06-03T13:25:38.901+0000] {dag.py:3834} INFO - Setting next_dagrun for example_local_kubernetes_executor to None, run_after=None
[2025-06-03T13:25:38.912+0000] {processor.py:183} INFO - Processing /home/airflow/.local/lib/python3.8/site-packages/airflow/example_dags/example_local_kubernetes_executor.py took 0.081 seconds
[2025-06-03T13:26:08.948+0000] {processor.py:161} INFO - Started process (PID=1042) to work on /home/airflow/.local/lib/python3.8/site-packages/airflow/example_dags/example_local_kubernetes_executor.py
[2025-06-03T13:26:08.949+0000] {processor.py:830} INFO - Processing file /home/airflow/.local/lib/python3.8/site-packages/airflow/example_dags/example_local_kubernetes_executor.py for tasks to queue
[2025-06-03T13:26:08.949+0000] {logging_mixin.py:188} INFO - [2025-06-03T13:26:08.949+0000] {dagbag.py:540} INFO - Filling up the DagBag from /home/airflow/.local/lib/python3.8/site-packages/airflow/example_dags/example_local_kubernetes_executor.py
[2025-06-03T13:26:08.954+0000] {processor.py:840} INFO - DAG(s) 'example_local_kubernetes_executor' retrieved from /home/airflow/.local/lib/python3.8/site-packages/airflow/example_dags/example_local_kubernetes_executor.py
[2025-06-03T13:26:08.979+0000] {logging_mixin.py:188} INFO - [2025-06-03T13:26:08.978+0000] {dag.py:3047} INFO - Sync 1 DAGs
[2025-06-03T13:26:08.986+0000] {logging_mixin.py:188} INFO - [2025-06-03T13:26:08.986+0000] {dag.py:3834} INFO - Setting next_dagrun for example_local_kubernetes_executor to None, run_after=None
[2025-06-03T13:26:09.000+0000] {processor.py:183} INFO - Processing /home/airflow/.local/lib/python3.8/site-packages/airflow/example_dags/example_local_kubernetes_executor.py took 0.053 seconds
[2025-06-03T13:26:39.379+0000] {processor.py:161} INFO - Started process (PID=1097) to work on /home/airflow/.local/lib/python3.8/site-packages/airflow/example_dags/example_local_kubernetes_executor.py
[2025-06-03T13:26:39.380+0000] {processor.py:830} INFO - Processing file /home/airflow/.local/lib/python3.8/site-packages/airflow/example_dags/example_local_kubernetes_executor.py for tasks to queue
[2025-06-03T13:26:39.381+0000] {logging_mixin.py:188} INFO - [2025-06-03T13:26:39.381+0000] {dagbag.py:540} INFO - Filling up the DagBag from /home/airflow/.local/lib/python3.8/site-packages/airflow/example_dags/example_local_kubernetes_executor.py
[2025-06-03T13:26:39.384+0000] {processor.py:840} INFO - DAG(s) 'example_local_kubernetes_executor' retrieved from /home/airflow/.local/lib/python3.8/site-packages/airflow/example_dags/example_local_kubernetes_executor.py
[2025-06-03T13:26:39.401+0000] {logging_mixin.py:188} INFO - [2025-06-03T13:26:39.401+0000] {dag.py:3047} INFO - Sync 1 DAGs
[2025-06-03T13:26:39.407+0000] {logging_mixin.py:188} INFO - [2025-06-03T13:26:39.407+0000] {dag.py:3834} INFO - Setting next_dagrun for example_local_kubernetes_executor to None, run_after=None
[2025-06-03T13:26:39.419+0000] {processor.py:183} INFO - Processing /home/airflow/.local/lib/python3.8/site-packages/airflow/example_dags/example_local_kubernetes_executor.py took 0.041 seconds
[2025-06-03T13:27:10.065+0000] {processor.py:161} INFO - Started process (PID=1152) to work on /home/airflow/.local/lib/python3.8/site-packages/airflow/example_dags/example_local_kubernetes_executor.py
[2025-06-03T13:27:10.065+0000] {processor.py:830} INFO - Processing file /home/airflow/.local/lib/python3.8/site-packages/airflow/example_dags/example_local_kubernetes_executor.py for tasks to queue
[2025-06-03T13:27:10.069+0000] {logging_mixin.py:188} INFO - [2025-06-03T13:27:10.069+0000] {dagbag.py:540} INFO - Filling up the DagBag from /home/airflow/.local/lib/python3.8/site-packages/airflow/example_dags/example_local_kubernetes_executor.py
[2025-06-03T13:27:10.076+0000] {processor.py:840} INFO - DAG(s) 'example_local_kubernetes_executor' retrieved from /home/airflow/.local/lib/python3.8/site-packages/airflow/example_dags/example_local_kubernetes_executor.py
[2025-06-03T13:27:10.102+0000] {logging_mixin.py:188} INFO - [2025-06-03T13:27:10.102+0000] {dag.py:3047} INFO - Sync 1 DAGs
[2025-06-03T13:27:10.108+0000] {logging_mixin.py:188} INFO - [2025-06-03T13:27:10.108+0000] {dag.py:3834} INFO - Setting next_dagrun for example_local_kubernetes_executor to None, run_after=None
[2025-06-03T13:27:10.115+0000] {processor.py:183} INFO - Processing /home/airflow/.local/lib/python3.8/site-packages/airflow/example_dags/example_local_kubernetes_executor.py took 0.052 seconds
[2025-06-03T13:27:40.654+0000] {processor.py:161} INFO - Started process (PID=1207) to work on /home/airflow/.local/lib/python3.8/site-packages/airflow/example_dags/example_local_kubernetes_executor.py
[2025-06-03T13:27:40.655+0000] {processor.py:830} INFO - Processing file /home/airflow/.local/lib/python3.8/site-packages/airflow/example_dags/example_local_kubernetes_executor.py for tasks to queue
[2025-06-03T13:27:40.657+0000] {logging_mixin.py:188} INFO - [2025-06-03T13:27:40.656+0000] {dagbag.py:540} INFO - Filling up the DagBag from /home/airflow/.local/lib/python3.8/site-packages/airflow/example_dags/example_local_kubernetes_executor.py
[2025-06-03T13:27:40.661+0000] {processor.py:840} INFO - DAG(s) 'example_local_kubernetes_executor' retrieved from /home/airflow/.local/lib/python3.8/site-packages/airflow/example_dags/example_local_kubernetes_executor.py
[2025-06-03T13:27:40.685+0000] {logging_mixin.py:188} INFO - [2025-06-03T13:27:40.685+0000] {dag.py:3047} INFO - Sync 1 DAGs
[2025-06-03T13:27:40.693+0000] {logging_mixin.py:188} INFO - [2025-06-03T13:27:40.693+0000] {dag.py:3834} INFO - Setting next_dagrun for example_local_kubernetes_executor to None, run_after=None
[2025-06-03T13:27:40.703+0000] {processor.py:183} INFO - Processing /home/airflow/.local/lib/python3.8/site-packages/airflow/example_dags/example_local_kubernetes_executor.py took 0.050 seconds
[2025-06-03T13:28:11.253+0000] {processor.py:161} INFO - Started process (PID=1262) to work on /home/airflow/.local/lib/python3.8/site-packages/airflow/example_dags/example_local_kubernetes_executor.py
[2025-06-03T13:28:11.254+0000] {processor.py:830} INFO - Processing file /home/airflow/.local/lib/python3.8/site-packages/airflow/example_dags/example_local_kubernetes_executor.py for tasks to queue
[2025-06-03T13:28:11.254+0000] {logging_mixin.py:188} INFO - [2025-06-03T13:28:11.254+0000] {dagbag.py:540} INFO - Filling up the DagBag from /home/airflow/.local/lib/python3.8/site-packages/airflow/example_dags/example_local_kubernetes_executor.py
[2025-06-03T13:28:11.258+0000] {processor.py:840} INFO - DAG(s) 'example_local_kubernetes_executor' retrieved from /home/airflow/.local/lib/python3.8/site-packages/airflow/example_dags/example_local_kubernetes_executor.py
[2025-06-03T13:28:11.274+0000] {logging_mixin.py:188} INFO - [2025-06-03T13:28:11.274+0000] {dag.py:3047} INFO - Sync 1 DAGs
[2025-06-03T13:28:11.280+0000] {logging_mixin.py:188} INFO - [2025-06-03T13:28:11.280+0000] {dag.py:3834} INFO - Setting next_dagrun for example_local_kubernetes_executor to None, run_after=None
[2025-06-03T13:28:11.286+0000] {processor.py:183} INFO - Processing /home/airflow/.local/lib/python3.8/site-packages/airflow/example_dags/example_local_kubernetes_executor.py took 0.035 seconds
[2025-06-03T13:28:42.220+0000] {processor.py:161} INFO - Started process (PID=1317) to work on /home/airflow/.local/lib/python3.8/site-packages/airflow/example_dags/example_local_kubernetes_executor.py
[2025-06-03T13:28:42.221+0000] {processor.py:830} INFO - Processing file /home/airflow/.local/lib/python3.8/site-packages/airflow/example_dags/example_local_kubernetes_executor.py for tasks to queue
[2025-06-03T13:28:42.222+0000] {logging_mixin.py:188} INFO - [2025-06-03T13:28:42.222+0000] {dagbag.py:540} INFO - Filling up the DagBag from /home/airflow/.local/lib/python3.8/site-packages/airflow/example_dags/example_local_kubernetes_executor.py
[2025-06-03T13:28:42.260+0000] {processor.py:840} INFO - DAG(s) 'example_local_kubernetes_executor' retrieved from /home/airflow/.local/lib/python3.8/site-packages/airflow/example_dags/example_local_kubernetes_executor.py
[2025-06-03T13:28:42.310+0000] {logging_mixin.py:188} INFO - [2025-06-03T13:28:42.310+0000] {dag.py:3047} INFO - Sync 1 DAGs
[2025-06-03T13:28:42.324+0000] {logging_mixin.py:188} INFO - [2025-06-03T13:28:42.324+0000] {dag.py:3834} INFO - Setting next_dagrun for example_local_kubernetes_executor to None, run_after=None
[2025-06-03T13:28:42.336+0000] {processor.py:183} INFO - Processing /home/airflow/.local/lib/python3.8/site-packages/airflow/example_dags/example_local_kubernetes_executor.py took 0.119 seconds
[2025-06-03T13:29:13.247+0000] {processor.py:161} INFO - Started process (PID=1372) to work on /home/airflow/.local/lib/python3.8/site-packages/airflow/example_dags/example_local_kubernetes_executor.py
[2025-06-03T13:29:13.247+0000] {processor.py:830} INFO - Processing file /home/airflow/.local/lib/python3.8/site-packages/airflow/example_dags/example_local_kubernetes_executor.py for tasks to queue
[2025-06-03T13:29:13.248+0000] {logging_mixin.py:188} INFO - [2025-06-03T13:29:13.248+0000] {dagbag.py:540} INFO - Filling up the DagBag from /home/airflow/.local/lib/python3.8/site-packages/airflow/example_dags/example_local_kubernetes_executor.py
[2025-06-03T13:29:13.252+0000] {processor.py:840} INFO - DAG(s) 'example_local_kubernetes_executor' retrieved from /home/airflow/.local/lib/python3.8/site-packages/airflow/example_dags/example_local_kubernetes_executor.py
[2025-06-03T13:29:13.275+0000] {logging_mixin.py:188} INFO - [2025-06-03T13:29:13.275+0000] {dag.py:3047} INFO - Sync 1 DAGs
[2025-06-03T13:29:13.281+0000] {logging_mixin.py:188} INFO - [2025-06-03T13:29:13.281+0000] {dag.py:3834} INFO - Setting next_dagrun for example_local_kubernetes_executor to None, run_after=None
[2025-06-03T13:29:13.288+0000] {processor.py:183} INFO - Processing /home/airflow/.local/lib/python3.8/site-packages/airflow/example_dags/example_local_kubernetes_executor.py took 0.042 seconds
[2025-06-03T13:29:43.573+0000] {processor.py:161} INFO - Started process (PID=1427) to work on /home/airflow/.local/lib/python3.8/site-packages/airflow/example_dags/example_local_kubernetes_executor.py
[2025-06-03T13:29:43.576+0000] {processor.py:830} INFO - Processing file /home/airflow/.local/lib/python3.8/site-packages/airflow/example_dags/example_local_kubernetes_executor.py for tasks to queue
[2025-06-03T13:29:43.576+0000] {logging_mixin.py:188} INFO - [2025-06-03T13:29:43.576+0000] {dagbag.py:540} INFO - Filling up the DagBag from /home/airflow/.local/lib/python3.8/site-packages/airflow/example_dags/example_local_kubernetes_executor.py
[2025-06-03T13:29:43.580+0000] {processor.py:840} INFO - DAG(s) 'example_local_kubernetes_executor' retrieved from /home/airflow/.local/lib/python3.8/site-packages/airflow/example_dags/example_local_kubernetes_executor.py
[2025-06-03T13:29:43.594+0000] {logging_mixin.py:188} INFO - [2025-06-03T13:29:43.593+0000] {dag.py:3047} INFO - Sync 1 DAGs
[2025-06-03T13:29:43.599+0000] {logging_mixin.py:188} INFO - [2025-06-03T13:29:43.599+0000] {dag.py:3834} INFO - Setting next_dagrun for example_local_kubernetes_executor to None, run_after=None
[2025-06-03T13:29:43.608+0000] {processor.py:183} INFO - Processing /home/airflow/.local/lib/python3.8/site-packages/airflow/example_dags/example_local_kubernetes_executor.py took 0.036 seconds
[2025-06-03T13:30:13.928+0000] {processor.py:161} INFO - Started process (PID=1482) to work on /home/airflow/.local/lib/python3.8/site-packages/airflow/example_dags/example_local_kubernetes_executor.py
[2025-06-03T13:30:13.931+0000] {processor.py:830} INFO - Processing file /home/airflow/.local/lib/python3.8/site-packages/airflow/example_dags/example_local_kubernetes_executor.py for tasks to queue
[2025-06-03T13:30:13.932+0000] {logging_mixin.py:188} INFO - [2025-06-03T13:30:13.932+0000] {dagbag.py:540} INFO - Filling up the DagBag from /home/airflow/.local/lib/python3.8/site-packages/airflow/example_dags/example_local_kubernetes_executor.py
[2025-06-03T13:30:13.936+0000] {processor.py:840} INFO - DAG(s) 'example_local_kubernetes_executor' retrieved from /home/airflow/.local/lib/python3.8/site-packages/airflow/example_dags/example_local_kubernetes_executor.py
[2025-06-03T13:30:13.949+0000] {logging_mixin.py:188} INFO - [2025-06-03T13:30:13.949+0000] {dag.py:3047} INFO - Sync 1 DAGs
[2025-06-03T13:30:13.953+0000] {logging_mixin.py:188} INFO - [2025-06-03T13:30:13.953+0000] {dag.py:3834} INFO - Setting next_dagrun for example_local_kubernetes_executor to None, run_after=None
[2025-06-03T13:30:13.962+0000] {processor.py:183} INFO - Processing /home/airflow/.local/lib/python3.8/site-packages/airflow/example_dags/example_local_kubernetes_executor.py took 0.036 seconds
[2025-06-03T13:30:44.255+0000] {processor.py:161} INFO - Started process (PID=1536) to work on /home/airflow/.local/lib/python3.8/site-packages/airflow/example_dags/example_local_kubernetes_executor.py
[2025-06-03T13:30:44.255+0000] {processor.py:830} INFO - Processing file /home/airflow/.local/lib/python3.8/site-packages/airflow/example_dags/example_local_kubernetes_executor.py for tasks to queue
[2025-06-03T13:30:44.256+0000] {logging_mixin.py:188} INFO - [2025-06-03T13:30:44.256+0000] {dagbag.py:540} INFO - Filling up the DagBag from /home/airflow/.local/lib/python3.8/site-packages/airflow/example_dags/example_local_kubernetes_executor.py
[2025-06-03T13:30:44.260+0000] {processor.py:840} INFO - DAG(s) 'example_local_kubernetes_executor' retrieved from /home/airflow/.local/lib/python3.8/site-packages/airflow/example_dags/example_local_kubernetes_executor.py
[2025-06-03T13:30:44.275+0000] {logging_mixin.py:188} INFO - [2025-06-03T13:30:44.275+0000] {dag.py:3047} INFO - Sync 1 DAGs
[2025-06-03T13:30:44.282+0000] {logging_mixin.py:188} INFO - [2025-06-03T13:30:44.282+0000] {dag.py:3834} INFO - Setting next_dagrun for example_local_kubernetes_executor to None, run_after=None
[2025-06-03T13:30:44.291+0000] {processor.py:183} INFO - Processing /home/airflow/.local/lib/python3.8/site-packages/airflow/example_dags/example_local_kubernetes_executor.py took 0.038 seconds
[2025-06-03T13:31:14.595+0000] {processor.py:161} INFO - Started process (PID=1591) to work on /home/airflow/.local/lib/python3.8/site-packages/airflow/example_dags/example_local_kubernetes_executor.py
[2025-06-03T13:31:14.595+0000] {processor.py:830} INFO - Processing file /home/airflow/.local/lib/python3.8/site-packages/airflow/example_dags/example_local_kubernetes_executor.py for tasks to queue
[2025-06-03T13:31:14.596+0000] {logging_mixin.py:188} INFO - [2025-06-03T13:31:14.596+0000] {dagbag.py:540} INFO - Filling up the DagBag from /home/airflow/.local/lib/python3.8/site-packages/airflow/example_dags/example_local_kubernetes_executor.py
[2025-06-03T13:31:14.599+0000] {processor.py:840} INFO - DAG(s) 'example_local_kubernetes_executor' retrieved from /home/airflow/.local/lib/python3.8/site-packages/airflow/example_dags/example_local_kubernetes_executor.py
[2025-06-03T13:31:14.613+0000] {logging_mixin.py:188} INFO - [2025-06-03T13:31:14.613+0000] {dag.py:3047} INFO - Sync 1 DAGs
[2025-06-03T13:31:14.618+0000] {logging_mixin.py:188} INFO - [2025-06-03T13:31:14.617+0000] {dag.py:3834} INFO - Setting next_dagrun for example_local_kubernetes_executor to None, run_after=None
[2025-06-03T13:31:14.623+0000] {processor.py:183} INFO - Processing /home/airflow/.local/lib/python3.8/site-packages/airflow/example_dags/example_local_kubernetes_executor.py took 0.030 seconds
[2025-06-03T13:31:44.807+0000] {processor.py:161} INFO - Started process (PID=1646) to work on /home/airflow/.local/lib/python3.8/site-packages/airflow/example_dags/example_local_kubernetes_executor.py
[2025-06-03T13:31:44.807+0000] {processor.py:830} INFO - Processing file /home/airflow/.local/lib/python3.8/site-packages/airflow/example_dags/example_local_kubernetes_executor.py for tasks to queue
[2025-06-03T13:31:44.810+0000] {logging_mixin.py:188} INFO - [2025-06-03T13:31:44.810+0000] {dagbag.py:540} INFO - Filling up the DagBag from /home/airflow/.local/lib/python3.8/site-packages/airflow/example_dags/example_local_kubernetes_executor.py
[2025-06-03T13:31:44.814+0000] {processor.py:840} INFO - DAG(s) 'example_local_kubernetes_executor' retrieved from /home/airflow/.local/lib/python3.8/site-packages/airflow/example_dags/example_local_kubernetes_executor.py
[2025-06-03T13:31:44.828+0000] {logging_mixin.py:188} INFO - [2025-06-03T13:31:44.828+0000] {dag.py:3047} INFO - Sync 1 DAGs
[2025-06-03T13:31:44.832+0000] {logging_mixin.py:188} INFO - [2025-06-03T13:31:44.832+0000] {dag.py:3834} INFO - Setting next_dagrun for example_local_kubernetes_executor to None, run_after=None
[2025-06-03T13:31:44.840+0000] {processor.py:183} INFO - Processing /home/airflow/.local/lib/python3.8/site-packages/airflow/example_dags/example_local_kubernetes_executor.py took 0.034 seconds
[2025-06-03T13:32:15.129+0000] {processor.py:161} INFO - Started process (PID=1701) to work on /home/airflow/.local/lib/python3.8/site-packages/airflow/example_dags/example_local_kubernetes_executor.py
[2025-06-03T13:32:15.133+0000] {processor.py:830} INFO - Processing file /home/airflow/.local/lib/python3.8/site-packages/airflow/example_dags/example_local_kubernetes_executor.py for tasks to queue
[2025-06-03T13:32:15.133+0000] {logging_mixin.py:188} INFO - [2025-06-03T13:32:15.133+0000] {dagbag.py:540} INFO - Filling up the DagBag from /home/airflow/.local/lib/python3.8/site-packages/airflow/example_dags/example_local_kubernetes_executor.py
[2025-06-03T13:32:15.137+0000] {processor.py:840} INFO - DAG(s) 'example_local_kubernetes_executor' retrieved from /home/airflow/.local/lib/python3.8/site-packages/airflow/example_dags/example_local_kubernetes_executor.py
[2025-06-03T13:32:15.151+0000] {logging_mixin.py:188} INFO - [2025-06-03T13:32:15.151+0000] {dag.py:3047} INFO - Sync 1 DAGs
[2025-06-03T13:32:15.156+0000] {logging_mixin.py:188} INFO - [2025-06-03T13:32:15.156+0000] {dag.py:3834} INFO - Setting next_dagrun for example_local_kubernetes_executor to None, run_after=None
[2025-06-03T13:32:15.166+0000] {processor.py:183} INFO - Processing /home/airflow/.local/lib/python3.8/site-packages/airflow/example_dags/example_local_kubernetes_executor.py took 0.038 seconds
[2025-06-03T13:32:45.421+0000] {processor.py:161} INFO - Started process (PID=1756) to work on /home/airflow/.local/lib/python3.8/site-packages/airflow/example_dags/example_local_kubernetes_executor.py
[2025-06-03T13:32:45.422+0000] {processor.py:830} INFO - Processing file /home/airflow/.local/lib/python3.8/site-packages/airflow/example_dags/example_local_kubernetes_executor.py for tasks to queue
[2025-06-03T13:32:45.422+0000] {logging_mixin.py:188} INFO - [2025-06-03T13:32:45.422+0000] {dagbag.py:540} INFO - Filling up the DagBag from /home/airflow/.local/lib/python3.8/site-packages/airflow/example_dags/example_local_kubernetes_executor.py
[2025-06-03T13:32:45.426+0000] {processor.py:840} INFO - DAG(s) 'example_local_kubernetes_executor' retrieved from /home/airflow/.local/lib/python3.8/site-packages/airflow/example_dags/example_local_kubernetes_executor.py
[2025-06-03T13:32:45.441+0000] {logging_mixin.py:188} INFO - [2025-06-03T13:32:45.441+0000] {dag.py:3047} INFO - Sync 1 DAGs
[2025-06-03T13:32:45.445+0000] {logging_mixin.py:188} INFO - [2025-06-03T13:32:45.445+0000] {dag.py:3834} INFO - Setting next_dagrun for example_local_kubernetes_executor to None, run_after=None
[2025-06-03T13:32:45.451+0000] {processor.py:183} INFO - Processing /home/airflow/.local/lib/python3.8/site-packages/airflow/example_dags/example_local_kubernetes_executor.py took 0.032 seconds
[2025-06-03T13:33:15.717+0000] {processor.py:161} INFO - Started process (PID=1811) to work on /home/airflow/.local/lib/python3.8/site-packages/airflow/example_dags/example_local_kubernetes_executor.py
[2025-06-03T13:33:15.721+0000] {processor.py:830} INFO - Processing file /home/airflow/.local/lib/python3.8/site-packages/airflow/example_dags/example_local_kubernetes_executor.py for tasks to queue
[2025-06-03T13:33:15.722+0000] {logging_mixin.py:188} INFO - [2025-06-03T13:33:15.722+0000] {dagbag.py:540} INFO - Filling up the DagBag from /home/airflow/.local/lib/python3.8/site-packages/airflow/example_dags/example_local_kubernetes_executor.py
[2025-06-03T13:33:15.726+0000] {processor.py:840} INFO - DAG(s) 'example_local_kubernetes_executor' retrieved from /home/airflow/.local/lib/python3.8/site-packages/airflow/example_dags/example_local_kubernetes_executor.py
[2025-06-03T13:33:15.743+0000] {logging_mixin.py:188} INFO - [2025-06-03T13:33:15.743+0000] {dag.py:3047} INFO - Sync 1 DAGs
[2025-06-03T13:33:15.749+0000] {logging_mixin.py:188} INFO - [2025-06-03T13:33:15.749+0000] {dag.py:3834} INFO - Setting next_dagrun for example_local_kubernetes_executor to None, run_after=None
[2025-06-03T13:33:15.755+0000] {processor.py:183} INFO - Processing /home/airflow/.local/lib/python3.8/site-packages/airflow/example_dags/example_local_kubernetes_executor.py took 0.040 seconds
[2025-06-03T13:33:46.021+0000] {processor.py:161} INFO - Started process (PID=1866) to work on /home/airflow/.local/lib/python3.8/site-packages/airflow/example_dags/example_local_kubernetes_executor.py
[2025-06-03T13:33:46.021+0000] {processor.py:830} INFO - Processing file /home/airflow/.local/lib/python3.8/site-packages/airflow/example_dags/example_local_kubernetes_executor.py for tasks to queue
[2025-06-03T13:33:46.025+0000] {logging_mixin.py:188} INFO - [2025-06-03T13:33:46.025+0000] {dagbag.py:540} INFO - Filling up the DagBag from /home/airflow/.local/lib/python3.8/site-packages/airflow/example_dags/example_local_kubernetes_executor.py
[2025-06-03T13:33:46.029+0000] {processor.py:840} INFO - DAG(s) 'example_local_kubernetes_executor' retrieved from /home/airflow/.local/lib/python3.8/site-packages/airflow/example_dags/example_local_kubernetes_executor.py
[2025-06-03T13:33:46.043+0000] {logging_mixin.py:188} INFO - [2025-06-03T13:33:46.042+0000] {dag.py:3047} INFO - Sync 1 DAGs
[2025-06-03T13:33:46.048+0000] {logging_mixin.py:188} INFO - [2025-06-03T13:33:46.048+0000] {dag.py:3834} INFO - Setting next_dagrun for example_local_kubernetes_executor to None, run_after=None
[2025-06-03T13:33:46.057+0000] {processor.py:183} INFO - Processing /home/airflow/.local/lib/python3.8/site-packages/airflow/example_dags/example_local_kubernetes_executor.py took 0.038 seconds
[2025-06-03T13:34:16.275+0000] {processor.py:161} INFO - Started process (PID=1921) to work on /home/airflow/.local/lib/python3.8/site-packages/airflow/example_dags/example_local_kubernetes_executor.py
[2025-06-03T13:34:16.276+0000] {processor.py:830} INFO - Processing file /home/airflow/.local/lib/python3.8/site-packages/airflow/example_dags/example_local_kubernetes_executor.py for tasks to queue
[2025-06-03T13:34:16.277+0000] {logging_mixin.py:188} INFO - [2025-06-03T13:34:16.276+0000] {dagbag.py:540} INFO - Filling up the DagBag from /home/airflow/.local/lib/python3.8/site-packages/airflow/example_dags/example_local_kubernetes_executor.py
[2025-06-03T13:34:16.280+0000] {processor.py:840} INFO - DAG(s) 'example_local_kubernetes_executor' retrieved from /home/airflow/.local/lib/python3.8/site-packages/airflow/example_dags/example_local_kubernetes_executor.py
[2025-06-03T13:34:16.295+0000] {logging_mixin.py:188} INFO - [2025-06-03T13:34:16.295+0000] {dag.py:3047} INFO - Sync 1 DAGs
[2025-06-03T13:34:16.300+0000] {logging_mixin.py:188} INFO - [2025-06-03T13:34:16.300+0000] {dag.py:3834} INFO - Setting next_dagrun for example_local_kubernetes_executor to None, run_after=None
[2025-06-03T13:34:16.310+0000] {processor.py:183} INFO - Processing /home/airflow/.local/lib/python3.8/site-packages/airflow/example_dags/example_local_kubernetes_executor.py took 0.036 seconds
[2025-06-03T13:34:46.609+0000] {processor.py:161} INFO - Started process (PID=1976) to work on /home/airflow/.local/lib/python3.8/site-packages/airflow/example_dags/example_local_kubernetes_executor.py
[2025-06-03T13:34:46.610+0000] {processor.py:830} INFO - Processing file /home/airflow/.local/lib/python3.8/site-packages/airflow/example_dags/example_local_kubernetes_executor.py for tasks to queue
[2025-06-03T13:34:46.610+0000] {logging_mixin.py:188} INFO - [2025-06-03T13:34:46.610+0000] {dagbag.py:540} INFO - Filling up the DagBag from /home/airflow/.local/lib/python3.8/site-packages/airflow/example_dags/example_local_kubernetes_executor.py
[2025-06-03T13:34:46.618+0000] {processor.py:840} INFO - DAG(s) 'example_local_kubernetes_executor' retrieved from /home/airflow/.local/lib/python3.8/site-packages/airflow/example_dags/example_local_kubernetes_executor.py
[2025-06-03T13:34:46.635+0000] {logging_mixin.py:188} INFO - [2025-06-03T13:34:46.635+0000] {dag.py:3047} INFO - Sync 1 DAGs
[2025-06-03T13:34:46.642+0000] {logging_mixin.py:188} INFO - [2025-06-03T13:34:46.642+0000] {dag.py:3834} INFO - Setting next_dagrun for example_local_kubernetes_executor to None, run_after=None
[2025-06-03T13:34:46.650+0000] {processor.py:183} INFO - Processing /home/airflow/.local/lib/python3.8/site-packages/airflow/example_dags/example_local_kubernetes_executor.py took 0.043 seconds
[2025-06-03T13:35:17.072+0000] {processor.py:161} INFO - Started process (PID=2031) to work on /home/airflow/.local/lib/python3.8/site-packages/airflow/example_dags/example_local_kubernetes_executor.py
[2025-06-03T13:35:17.073+0000] {processor.py:830} INFO - Processing file /home/airflow/.local/lib/python3.8/site-packages/airflow/example_dags/example_local_kubernetes_executor.py for tasks to queue
[2025-06-03T13:35:17.074+0000] {logging_mixin.py:188} INFO - [2025-06-03T13:35:17.073+0000] {dagbag.py:540} INFO - Filling up the DagBag from /home/airflow/.local/lib/python3.8/site-packages/airflow/example_dags/example_local_kubernetes_executor.py
[2025-06-03T13:35:17.079+0000] {processor.py:840} INFO - DAG(s) 'example_local_kubernetes_executor' retrieved from /home/airflow/.local/lib/python3.8/site-packages/airflow/example_dags/example_local_kubernetes_executor.py
[2025-06-03T13:35:17.122+0000] {logging_mixin.py:188} INFO - [2025-06-03T13:35:17.122+0000] {dag.py:3047} INFO - Sync 1 DAGs
[2025-06-03T13:35:17.131+0000] {logging_mixin.py:188} INFO - [2025-06-03T13:35:17.131+0000] {dag.py:3834} INFO - Setting next_dagrun for example_local_kubernetes_executor to None, run_after=None
[2025-06-03T13:35:17.140+0000] {processor.py:183} INFO - Processing /home/airflow/.local/lib/python3.8/site-packages/airflow/example_dags/example_local_kubernetes_executor.py took 0.072 seconds
[2025-06-03T13:35:47.660+0000] {processor.py:161} INFO - Started process (PID=2086) to work on /home/airflow/.local/lib/python3.8/site-packages/airflow/example_dags/example_local_kubernetes_executor.py
[2025-06-03T13:35:47.661+0000] {processor.py:830} INFO - Processing file /home/airflow/.local/lib/python3.8/site-packages/airflow/example_dags/example_local_kubernetes_executor.py for tasks to queue
[2025-06-03T13:35:47.661+0000] {logging_mixin.py:188} INFO - [2025-06-03T13:35:47.661+0000] {dagbag.py:540} INFO - Filling up the DagBag from /home/airflow/.local/lib/python3.8/site-packages/airflow/example_dags/example_local_kubernetes_executor.py
[2025-06-03T13:35:47.665+0000] {processor.py:840} INFO - DAG(s) 'example_local_kubernetes_executor' retrieved from /home/airflow/.local/lib/python3.8/site-packages/airflow/example_dags/example_local_kubernetes_executor.py
[2025-06-03T13:35:47.682+0000] {logging_mixin.py:188} INFO - [2025-06-03T13:35:47.682+0000] {dag.py:3047} INFO - Sync 1 DAGs
[2025-06-03T13:35:47.687+0000] {logging_mixin.py:188} INFO - [2025-06-03T13:35:47.687+0000] {dag.py:3834} INFO - Setting next_dagrun for example_local_kubernetes_executor to None, run_after=None
[2025-06-03T13:35:47.695+0000] {processor.py:183} INFO - Processing /home/airflow/.local/lib/python3.8/site-packages/airflow/example_dags/example_local_kubernetes_executor.py took 0.037 seconds
[2025-06-03T13:36:17.988+0000] {processor.py:161} INFO - Started process (PID=2141) to work on /home/airflow/.local/lib/python3.8/site-packages/airflow/example_dags/example_local_kubernetes_executor.py
[2025-06-03T13:36:17.989+0000] {processor.py:830} INFO - Processing file /home/airflow/.local/lib/python3.8/site-packages/airflow/example_dags/example_local_kubernetes_executor.py for tasks to queue
[2025-06-03T13:36:17.990+0000] {logging_mixin.py:188} INFO - [2025-06-03T13:36:17.990+0000] {dagbag.py:540} INFO - Filling up the DagBag from /home/airflow/.local/lib/python3.8/site-packages/airflow/example_dags/example_local_kubernetes_executor.py
[2025-06-03T13:36:17.993+0000] {processor.py:840} INFO - DAG(s) 'example_local_kubernetes_executor' retrieved from /home/airflow/.local/lib/python3.8/site-packages/airflow/example_dags/example_local_kubernetes_executor.py
[2025-06-03T13:36:18.008+0000] {logging_mixin.py:188} INFO - [2025-06-03T13:36:18.008+0000] {dag.py:3047} INFO - Sync 1 DAGs
[2025-06-03T13:36:18.013+0000] {logging_mixin.py:188} INFO - [2025-06-03T13:36:18.013+0000] {dag.py:3834} INFO - Setting next_dagrun for example_local_kubernetes_executor to None, run_after=None
[2025-06-03T13:36:18.020+0000] {processor.py:183} INFO - Processing /home/airflow/.local/lib/python3.8/site-packages/airflow/example_dags/example_local_kubernetes_executor.py took 0.033 seconds
[2025-06-03T13:36:48.290+0000] {processor.py:161} INFO - Started process (PID=2196) to work on /home/airflow/.local/lib/python3.8/site-packages/airflow/example_dags/example_local_kubernetes_executor.py
[2025-06-03T13:36:48.290+0000] {processor.py:830} INFO - Processing file /home/airflow/.local/lib/python3.8/site-packages/airflow/example_dags/example_local_kubernetes_executor.py for tasks to queue
[2025-06-03T13:36:48.291+0000] {logging_mixin.py:188} INFO - [2025-06-03T13:36:48.291+0000] {dagbag.py:540} INFO - Filling up the DagBag from /home/airflow/.local/lib/python3.8/site-packages/airflow/example_dags/example_local_kubernetes_executor.py
[2025-06-03T13:36:48.294+0000] {processor.py:840} INFO - DAG(s) 'example_local_kubernetes_executor' retrieved from /home/airflow/.local/lib/python3.8/site-packages/airflow/example_dags/example_local_kubernetes_executor.py
[2025-06-03T13:36:48.309+0000] {logging_mixin.py:188} INFO - [2025-06-03T13:36:48.308+0000] {dag.py:3047} INFO - Sync 1 DAGs
[2025-06-03T13:36:48.313+0000] {logging_mixin.py:188} INFO - [2025-06-03T13:36:48.313+0000] {dag.py:3834} INFO - Setting next_dagrun for example_local_kubernetes_executor to None, run_after=None
[2025-06-03T13:36:48.320+0000] {processor.py:183} INFO - Processing /home/airflow/.local/lib/python3.8/site-packages/airflow/example_dags/example_local_kubernetes_executor.py took 0.031 seconds
[2025-06-03T13:37:18.702+0000] {processor.py:161} INFO - Started process (PID=2251) to work on /home/airflow/.local/lib/python3.8/site-packages/airflow/example_dags/example_local_kubernetes_executor.py
[2025-06-03T13:37:18.703+0000] {processor.py:830} INFO - Processing file /home/airflow/.local/lib/python3.8/site-packages/airflow/example_dags/example_local_kubernetes_executor.py for tasks to queue
[2025-06-03T13:37:18.704+0000] {logging_mixin.py:188} INFO - [2025-06-03T13:37:18.704+0000] {dagbag.py:540} INFO - Filling up the DagBag from /home/airflow/.local/lib/python3.8/site-packages/airflow/example_dags/example_local_kubernetes_executor.py
[2025-06-03T13:37:18.707+0000] {processor.py:840} INFO - DAG(s) 'example_local_kubernetes_executor' retrieved from /home/airflow/.local/lib/python3.8/site-packages/airflow/example_dags/example_local_kubernetes_executor.py
[2025-06-03T13:37:18.721+0000] {logging_mixin.py:188} INFO - [2025-06-03T13:37:18.721+0000] {dag.py:3047} INFO - Sync 1 DAGs
[2025-06-03T13:37:18.726+0000] {logging_mixin.py:188} INFO - [2025-06-03T13:37:18.726+0000] {dag.py:3834} INFO - Setting next_dagrun for example_local_kubernetes_executor to None, run_after=None
[2025-06-03T13:37:18.733+0000] {processor.py:183} INFO - Processing /home/airflow/.local/lib/python3.8/site-packages/airflow/example_dags/example_local_kubernetes_executor.py took 0.032 seconds
[2025-06-03T13:37:49.118+0000] {processor.py:161} INFO - Started process (PID=2306) to work on /home/airflow/.local/lib/python3.8/site-packages/airflow/example_dags/example_local_kubernetes_executor.py
[2025-06-03T13:37:49.118+0000] {processor.py:830} INFO - Processing file /home/airflow/.local/lib/python3.8/site-packages/airflow/example_dags/example_local_kubernetes_executor.py for tasks to queue
[2025-06-03T13:37:49.119+0000] {logging_mixin.py:188} INFO - [2025-06-03T13:37:49.119+0000] {dagbag.py:540} INFO - Filling up the DagBag from /home/airflow/.local/lib/python3.8/site-packages/airflow/example_dags/example_local_kubernetes_executor.py
[2025-06-03T13:37:49.123+0000] {processor.py:840} INFO - DAG(s) 'example_local_kubernetes_executor' retrieved from /home/airflow/.local/lib/python3.8/site-packages/airflow/example_dags/example_local_kubernetes_executor.py
[2025-06-03T13:37:49.145+0000] {logging_mixin.py:188} INFO - [2025-06-03T13:37:49.145+0000] {dag.py:3047} INFO - Sync 1 DAGs
[2025-06-03T13:37:49.153+0000] {logging_mixin.py:188} INFO - [2025-06-03T13:37:49.152+0000] {dag.py:3834} INFO - Setting next_dagrun for example_local_kubernetes_executor to None, run_after=None
[2025-06-03T13:37:49.166+0000] {processor.py:183} INFO - Processing /home/airflow/.local/lib/python3.8/site-packages/airflow/example_dags/example_local_kubernetes_executor.py took 0.050 seconds
[2025-06-03T13:38:19.993+0000] {processor.py:161} INFO - Started process (PID=2361) to work on /home/airflow/.local/lib/python3.8/site-packages/airflow/example_dags/example_local_kubernetes_executor.py
[2025-06-03T13:38:19.994+0000] {processor.py:830} INFO - Processing file /home/airflow/.local/lib/python3.8/site-packages/airflow/example_dags/example_local_kubernetes_executor.py for tasks to queue
[2025-06-03T13:38:19.995+0000] {logging_mixin.py:188} INFO - [2025-06-03T13:38:19.995+0000] {dagbag.py:540} INFO - Filling up the DagBag from /home/airflow/.local/lib/python3.8/site-packages/airflow/example_dags/example_local_kubernetes_executor.py
[2025-06-03T13:38:20.014+0000] {processor.py:840} INFO - DAG(s) 'example_local_kubernetes_executor' retrieved from /home/airflow/.local/lib/python3.8/site-packages/airflow/example_dags/example_local_kubernetes_executor.py
[2025-06-03T13:38:20.061+0000] {logging_mixin.py:188} INFO - [2025-06-03T13:38:20.061+0000] {dag.py:3047} INFO - Sync 1 DAGs
[2025-06-03T13:38:20.068+0000] {logging_mixin.py:188} INFO - [2025-06-03T13:38:20.068+0000] {dag.py:3834} INFO - Setting next_dagrun for example_local_kubernetes_executor to None, run_after=None
[2025-06-03T13:38:20.078+0000] {processor.py:183} INFO - Processing /home/airflow/.local/lib/python3.8/site-packages/airflow/example_dags/example_local_kubernetes_executor.py took 0.090 seconds
[2025-06-03T13:38:50.509+0000] {processor.py:161} INFO - Started process (PID=2416) to work on /home/airflow/.local/lib/python3.8/site-packages/airflow/example_dags/example_local_kubernetes_executor.py
[2025-06-03T13:38:50.513+0000] {processor.py:830} INFO - Processing file /home/airflow/.local/lib/python3.8/site-packages/airflow/example_dags/example_local_kubernetes_executor.py for tasks to queue
[2025-06-03T13:38:50.516+0000] {logging_mixin.py:188} INFO - [2025-06-03T13:38:50.515+0000] {dagbag.py:540} INFO - Filling up the DagBag from /home/airflow/.local/lib/python3.8/site-packages/airflow/example_dags/example_local_kubernetes_executor.py
[2025-06-03T13:38:50.523+0000] {processor.py:840} INFO - DAG(s) 'example_local_kubernetes_executor' retrieved from /home/airflow/.local/lib/python3.8/site-packages/airflow/example_dags/example_local_kubernetes_executor.py
[2025-06-03T13:38:50.572+0000] {logging_mixin.py:188} INFO - [2025-06-03T13:38:50.572+0000] {dag.py:3047} INFO - Sync 1 DAGs
[2025-06-03T13:38:50.580+0000] {logging_mixin.py:188} INFO - [2025-06-03T13:38:50.580+0000] {dag.py:3834} INFO - Setting next_dagrun for example_local_kubernetes_executor to None, run_after=None
[2025-06-03T13:38:50.593+0000] {processor.py:183} INFO - Processing /home/airflow/.local/lib/python3.8/site-packages/airflow/example_dags/example_local_kubernetes_executor.py took 0.087 seconds
[2025-06-03T13:39:20.627+0000] {processor.py:161} INFO - Started process (PID=2471) to work on /home/airflow/.local/lib/python3.8/site-packages/airflow/example_dags/example_local_kubernetes_executor.py
[2025-06-03T13:39:20.628+0000] {processor.py:830} INFO - Processing file /home/airflow/.local/lib/python3.8/site-packages/airflow/example_dags/example_local_kubernetes_executor.py for tasks to queue
[2025-06-03T13:39:20.629+0000] {logging_mixin.py:188} INFO - [2025-06-03T13:39:20.629+0000] {dagbag.py:540} INFO - Filling up the DagBag from /home/airflow/.local/lib/python3.8/site-packages/airflow/example_dags/example_local_kubernetes_executor.py
[2025-06-03T13:39:20.638+0000] {processor.py:840} INFO - DAG(s) 'example_local_kubernetes_executor' retrieved from /home/airflow/.local/lib/python3.8/site-packages/airflow/example_dags/example_local_kubernetes_executor.py
[2025-06-03T13:39:20.663+0000] {logging_mixin.py:188} INFO - [2025-06-03T13:39:20.663+0000] {dag.py:3047} INFO - Sync 1 DAGs
[2025-06-03T13:39:20.669+0000] {logging_mixin.py:188} INFO - [2025-06-03T13:39:20.669+0000] {dag.py:3834} INFO - Setting next_dagrun for example_local_kubernetes_executor to None, run_after=None
[2025-06-03T13:39:20.683+0000] {processor.py:183} INFO - Processing /home/airflow/.local/lib/python3.8/site-packages/airflow/example_dags/example_local_kubernetes_executor.py took 0.059 seconds
[2025-06-03T13:39:50.720+0000] {processor.py:161} INFO - Started process (PID=2526) to work on /home/airflow/.local/lib/python3.8/site-packages/airflow/example_dags/example_local_kubernetes_executor.py
[2025-06-03T13:39:50.721+0000] {processor.py:830} INFO - Processing file /home/airflow/.local/lib/python3.8/site-packages/airflow/example_dags/example_local_kubernetes_executor.py for tasks to queue
[2025-06-03T13:39:50.721+0000] {logging_mixin.py:188} INFO - [2025-06-03T13:39:50.721+0000] {dagbag.py:540} INFO - Filling up the DagBag from /home/airflow/.local/lib/python3.8/site-packages/airflow/example_dags/example_local_kubernetes_executor.py
[2025-06-03T13:39:50.726+0000] {processor.py:840} INFO - DAG(s) 'example_local_kubernetes_executor' retrieved from /home/airflow/.local/lib/python3.8/site-packages/airflow/example_dags/example_local_kubernetes_executor.py
[2025-06-03T13:39:50.746+0000] {logging_mixin.py:188} INFO - [2025-06-03T13:39:50.746+0000] {dag.py:3047} INFO - Sync 1 DAGs
[2025-06-03T13:39:50.750+0000] {logging_mixin.py:188} INFO - [2025-06-03T13:39:50.750+0000] {dag.py:3834} INFO - Setting next_dagrun for example_local_kubernetes_executor to None, run_after=None
[2025-06-03T13:39:50.761+0000] {processor.py:183} INFO - Processing /home/airflow/.local/lib/python3.8/site-packages/airflow/example_dags/example_local_kubernetes_executor.py took 0.043 seconds
[2025-06-03T13:40:21.403+0000] {processor.py:161} INFO - Started process (PID=2582) to work on /home/airflow/.local/lib/python3.8/site-packages/airflow/example_dags/example_local_kubernetes_executor.py
[2025-06-03T13:40:21.404+0000] {processor.py:830} INFO - Processing file /home/airflow/.local/lib/python3.8/site-packages/airflow/example_dags/example_local_kubernetes_executor.py for tasks to queue
[2025-06-03T13:40:21.405+0000] {logging_mixin.py:188} INFO - [2025-06-03T13:40:21.405+0000] {dagbag.py:540} INFO - Filling up the DagBag from /home/airflow/.local/lib/python3.8/site-packages/airflow/example_dags/example_local_kubernetes_executor.py
[2025-06-03T13:40:21.414+0000] {processor.py:840} INFO - DAG(s) 'example_local_kubernetes_executor' retrieved from /home/airflow/.local/lib/python3.8/site-packages/airflow/example_dags/example_local_kubernetes_executor.py
[2025-06-03T13:40:21.446+0000] {logging_mixin.py:188} INFO - [2025-06-03T13:40:21.446+0000] {dag.py:3047} INFO - Sync 1 DAGs
[2025-06-03T13:40:21.453+0000] {logging_mixin.py:188} INFO - [2025-06-03T13:40:21.453+0000] {dag.py:3834} INFO - Setting next_dagrun for example_local_kubernetes_executor to None, run_after=None
[2025-06-03T13:40:21.470+0000] {processor.py:183} INFO - Processing /home/airflow/.local/lib/python3.8/site-packages/airflow/example_dags/example_local_kubernetes_executor.py took 0.069 seconds
