[2025-06-03T13:16:58.608+0000] {processor.py:161} INFO - Started process (PID=65) to work on /home/airflow/.local/lib/python3.8/site-packages/airflow/example_dags/example_sensors.py
[2025-06-03T13:16:58.609+0000] {processor.py:830} INFO - Processing file /home/airflow/.local/lib/python3.8/site-packages/airflow/example_dags/example_sensors.py for tasks to queue
[2025-06-03T13:16:58.610+0000] {logging_mixin.py:188} INFO - [2025-06-03T13:16:58.610+0000] {dagbag.py:540} INFO - Filling up the DagBag from /home/airflow/.local/lib/python3.8/site-packages/airflow/example_dags/example_sensors.py
[2025-06-03T13:16:58.617+0000] {processor.py:840} INFO - DAG(s) 'example_sensors' retrieved from /home/airflow/.local/lib/python3.8/site-packages/airflow/example_dags/example_sensors.py
[2025-06-03T13:16:58.629+0000] {logging_mixin.py:188} INFO - [2025-06-03T13:16:58.628+0000] {dag.py:3047} INFO - Sync 1 DAGs
[2025-06-03T13:16:58.638+0000] {logging_mixin.py:188} INFO - [2025-06-03T13:16:58.638+0000] {dag.py:3834} INFO - Setting next_dagrun for example_sensors to None, run_after=None
[2025-06-03T13:16:58.652+0000] {processor.py:183} INFO - Processing /home/airflow/.local/lib/python3.8/site-packages/airflow/example_dags/example_sensors.py took 0.046 seconds
[2025-06-03T13:17:28.666+0000] {processor.py:161} INFO - Started process (PID=120) to work on /home/airflow/.local/lib/python3.8/site-packages/airflow/example_dags/example_sensors.py
[2025-06-03T13:17:28.669+0000] {processor.py:830} INFO - Processing file /home/airflow/.local/lib/python3.8/site-packages/airflow/example_dags/example_sensors.py for tasks to queue
[2025-06-03T13:17:28.670+0000] {logging_mixin.py:188} INFO - [2025-06-03T13:17:28.669+0000] {dagbag.py:540} INFO - Filling up the DagBag from /home/airflow/.local/lib/python3.8/site-packages/airflow/example_dags/example_sensors.py
[2025-06-03T13:17:28.674+0000] {processor.py:840} INFO - DAG(s) 'example_sensors' retrieved from /home/airflow/.local/lib/python3.8/site-packages/airflow/example_dags/example_sensors.py
[2025-06-03T13:17:28.716+0000] {logging_mixin.py:188} INFO - [2025-06-03T13:17:28.716+0000] {dag.py:3047} INFO - Sync 1 DAGs
[2025-06-03T13:17:28.720+0000] {logging_mixin.py:188} INFO - [2025-06-03T13:17:28.720+0000] {dag.py:3834} INFO - Setting next_dagrun for example_sensors to None, run_after=None
[2025-06-03T13:17:28.727+0000] {processor.py:183} INFO - Processing /home/airflow/.local/lib/python3.8/site-packages/airflow/example_dags/example_sensors.py took 0.063 seconds
[2025-06-03T13:17:59.604+0000] {processor.py:161} INFO - Started process (PID=181) to work on /home/airflow/.local/lib/python3.8/site-packages/airflow/example_dags/example_sensors.py
[2025-06-03T13:17:59.605+0000] {processor.py:830} INFO - Processing file /home/airflow/.local/lib/python3.8/site-packages/airflow/example_dags/example_sensors.py for tasks to queue
[2025-06-03T13:17:59.606+0000] {logging_mixin.py:188} INFO - [2025-06-03T13:17:59.606+0000] {dagbag.py:540} INFO - Filling up the DagBag from /home/airflow/.local/lib/python3.8/site-packages/airflow/example_dags/example_sensors.py
[2025-06-03T13:17:59.610+0000] {processor.py:840} INFO - DAG(s) 'example_sensors' retrieved from /home/airflow/.local/lib/python3.8/site-packages/airflow/example_dags/example_sensors.py
[2025-06-03T13:17:59.620+0000] {logging_mixin.py:188} INFO - [2025-06-03T13:17:59.620+0000] {dag.py:3047} INFO - Sync 1 DAGs
[2025-06-03T13:17:59.629+0000] {logging_mixin.py:188} INFO - [2025-06-03T13:17:59.629+0000] {dag.py:3834} INFO - Setting next_dagrun for example_sensors to None, run_after=None
[2025-06-03T13:17:59.640+0000] {processor.py:183} INFO - Processing /home/airflow/.local/lib/python3.8/site-packages/airflow/example_dags/example_sensors.py took 0.037 seconds
[2025-06-03T13:18:30.172+0000] {processor.py:161} INFO - Started process (PID=236) to work on /home/airflow/.local/lib/python3.8/site-packages/airflow/example_dags/example_sensors.py
[2025-06-03T13:18:30.172+0000] {processor.py:830} INFO - Processing file /home/airflow/.local/lib/python3.8/site-packages/airflow/example_dags/example_sensors.py for tasks to queue
[2025-06-03T13:18:30.173+0000] {logging_mixin.py:188} INFO - [2025-06-03T13:18:30.173+0000] {dagbag.py:540} INFO - Filling up the DagBag from /home/airflow/.local/lib/python3.8/site-packages/airflow/example_dags/example_sensors.py
[2025-06-03T13:18:30.177+0000] {processor.py:840} INFO - DAG(s) 'example_sensors' retrieved from /home/airflow/.local/lib/python3.8/site-packages/airflow/example_dags/example_sensors.py
[2025-06-03T13:18:30.187+0000] {logging_mixin.py:188} INFO - [2025-06-03T13:18:30.187+0000] {dag.py:3047} INFO - Sync 1 DAGs
[2025-06-03T13:18:30.194+0000] {logging_mixin.py:188} INFO - [2025-06-03T13:18:30.194+0000] {dag.py:3834} INFO - Setting next_dagrun for example_sensors to None, run_after=None
[2025-06-03T13:18:30.201+0000] {processor.py:183} INFO - Processing /home/airflow/.local/lib/python3.8/site-packages/airflow/example_dags/example_sensors.py took 0.031 seconds
[2025-06-03T13:19:00.759+0000] {processor.py:161} INFO - Started process (PID=291) to work on /home/airflow/.local/lib/python3.8/site-packages/airflow/example_dags/example_sensors.py
[2025-06-03T13:19:00.760+0000] {processor.py:830} INFO - Processing file /home/airflow/.local/lib/python3.8/site-packages/airflow/example_dags/example_sensors.py for tasks to queue
[2025-06-03T13:19:00.761+0000] {logging_mixin.py:188} INFO - [2025-06-03T13:19:00.761+0000] {dagbag.py:540} INFO - Filling up the DagBag from /home/airflow/.local/lib/python3.8/site-packages/airflow/example_dags/example_sensors.py
[2025-06-03T13:19:00.765+0000] {processor.py:840} INFO - DAG(s) 'example_sensors' retrieved from /home/airflow/.local/lib/python3.8/site-packages/airflow/example_dags/example_sensors.py
[2025-06-03T13:19:00.776+0000] {logging_mixin.py:188} INFO - [2025-06-03T13:19:00.776+0000] {dag.py:3047} INFO - Sync 1 DAGs
[2025-06-03T13:19:00.782+0000] {logging_mixin.py:188} INFO - [2025-06-03T13:19:00.782+0000] {dag.py:3834} INFO - Setting next_dagrun for example_sensors to None, run_after=None
[2025-06-03T13:19:00.789+0000] {processor.py:183} INFO - Processing /home/airflow/.local/lib/python3.8/site-packages/airflow/example_dags/example_sensors.py took 0.031 seconds
[2025-06-03T13:19:31.358+0000] {processor.py:161} INFO - Started process (PID=346) to work on /home/airflow/.local/lib/python3.8/site-packages/airflow/example_dags/example_sensors.py
[2025-06-03T13:19:31.358+0000] {processor.py:830} INFO - Processing file /home/airflow/.local/lib/python3.8/site-packages/airflow/example_dags/example_sensors.py for tasks to queue
[2025-06-03T13:19:31.359+0000] {logging_mixin.py:188} INFO - [2025-06-03T13:19:31.359+0000] {dagbag.py:540} INFO - Filling up the DagBag from /home/airflow/.local/lib/python3.8/site-packages/airflow/example_dags/example_sensors.py
[2025-06-03T13:19:31.363+0000] {processor.py:840} INFO - DAG(s) 'example_sensors' retrieved from /home/airflow/.local/lib/python3.8/site-packages/airflow/example_dags/example_sensors.py
[2025-06-03T13:19:31.373+0000] {logging_mixin.py:188} INFO - [2025-06-03T13:19:31.373+0000] {dag.py:3047} INFO - Sync 1 DAGs
[2025-06-03T13:19:31.378+0000] {logging_mixin.py:188} INFO - [2025-06-03T13:19:31.378+0000] {dag.py:3834} INFO - Setting next_dagrun for example_sensors to None, run_after=None
[2025-06-03T13:19:31.385+0000] {processor.py:183} INFO - Processing /home/airflow/.local/lib/python3.8/site-packages/airflow/example_dags/example_sensors.py took 0.028 seconds
[2025-06-03T13:20:01.970+0000] {processor.py:161} INFO - Started process (PID=401) to work on /home/airflow/.local/lib/python3.8/site-packages/airflow/example_dags/example_sensors.py
[2025-06-03T13:20:01.972+0000] {processor.py:830} INFO - Processing file /home/airflow/.local/lib/python3.8/site-packages/airflow/example_dags/example_sensors.py for tasks to queue
[2025-06-03T13:20:01.973+0000] {logging_mixin.py:188} INFO - [2025-06-03T13:20:01.973+0000] {dagbag.py:540} INFO - Filling up the DagBag from /home/airflow/.local/lib/python3.8/site-packages/airflow/example_dags/example_sensors.py
[2025-06-03T13:20:01.978+0000] {processor.py:840} INFO - DAG(s) 'example_sensors' retrieved from /home/airflow/.local/lib/python3.8/site-packages/airflow/example_dags/example_sensors.py
[2025-06-03T13:20:01.995+0000] {logging_mixin.py:188} INFO - [2025-06-03T13:20:01.995+0000] {dag.py:3047} INFO - Sync 1 DAGs
[2025-06-03T13:20:02.002+0000] {logging_mixin.py:188} INFO - [2025-06-03T13:20:02.002+0000] {dag.py:3834} INFO - Setting next_dagrun for example_sensors to None, run_after=None
[2025-06-03T13:20:02.011+0000] {processor.py:183} INFO - Processing /home/airflow/.local/lib/python3.8/site-packages/airflow/example_dags/example_sensors.py took 0.044 seconds
[2025-06-03T13:20:32.824+0000] {processor.py:161} INFO - Started process (PID=456) to work on /home/airflow/.local/lib/python3.8/site-packages/airflow/example_dags/example_sensors.py
[2025-06-03T13:20:32.825+0000] {processor.py:830} INFO - Processing file /home/airflow/.local/lib/python3.8/site-packages/airflow/example_dags/example_sensors.py for tasks to queue
[2025-06-03T13:20:32.826+0000] {logging_mixin.py:188} INFO - [2025-06-03T13:20:32.826+0000] {dagbag.py:540} INFO - Filling up the DagBag from /home/airflow/.local/lib/python3.8/site-packages/airflow/example_dags/example_sensors.py
[2025-06-03T13:20:32.833+0000] {processor.py:840} INFO - DAG(s) 'example_sensors' retrieved from /home/airflow/.local/lib/python3.8/site-packages/airflow/example_dags/example_sensors.py
[2025-06-03T13:20:32.847+0000] {logging_mixin.py:188} INFO - [2025-06-03T13:20:32.846+0000] {dag.py:3047} INFO - Sync 1 DAGs
[2025-06-03T13:20:32.855+0000] {logging_mixin.py:188} INFO - [2025-06-03T13:20:32.854+0000] {dag.py:3834} INFO - Setting next_dagrun for example_sensors to None, run_after=None
[2025-06-03T13:20:32.869+0000] {processor.py:183} INFO - Processing /home/airflow/.local/lib/python3.8/site-packages/airflow/example_dags/example_sensors.py took 0.046 seconds
[2025-06-03T13:21:03.580+0000] {processor.py:161} INFO - Started process (PID=511) to work on /home/airflow/.local/lib/python3.8/site-packages/airflow/example_dags/example_sensors.py
[2025-06-03T13:21:03.581+0000] {processor.py:830} INFO - Processing file /home/airflow/.local/lib/python3.8/site-packages/airflow/example_dags/example_sensors.py for tasks to queue
[2025-06-03T13:21:03.581+0000] {logging_mixin.py:188} INFO - [2025-06-03T13:21:03.581+0000] {dagbag.py:540} INFO - Filling up the DagBag from /home/airflow/.local/lib/python3.8/site-packages/airflow/example_dags/example_sensors.py
[2025-06-03T13:21:03.585+0000] {processor.py:840} INFO - DAG(s) 'example_sensors' retrieved from /home/airflow/.local/lib/python3.8/site-packages/airflow/example_dags/example_sensors.py
[2025-06-03T13:21:03.598+0000] {logging_mixin.py:188} INFO - [2025-06-03T13:21:03.597+0000] {dag.py:3047} INFO - Sync 1 DAGs
[2025-06-03T13:21:03.607+0000] {logging_mixin.py:188} INFO - [2025-06-03T13:21:03.607+0000] {dag.py:3834} INFO - Setting next_dagrun for example_sensors to None, run_after=None
[2025-06-03T13:21:03.619+0000] {processor.py:183} INFO - Processing /home/airflow/.local/lib/python3.8/site-packages/airflow/example_dags/example_sensors.py took 0.041 seconds
[2025-06-03T13:21:34.474+0000] {processor.py:161} INFO - Started process (PID=566) to work on /home/airflow/.local/lib/python3.8/site-packages/airflow/example_dags/example_sensors.py
[2025-06-03T13:21:34.474+0000] {processor.py:830} INFO - Processing file /home/airflow/.local/lib/python3.8/site-packages/airflow/example_dags/example_sensors.py for tasks to queue
[2025-06-03T13:21:34.475+0000] {logging_mixin.py:188} INFO - [2025-06-03T13:21:34.475+0000] {dagbag.py:540} INFO - Filling up the DagBag from /home/airflow/.local/lib/python3.8/site-packages/airflow/example_dags/example_sensors.py
[2025-06-03T13:21:34.481+0000] {processor.py:840} INFO - DAG(s) 'example_sensors' retrieved from /home/airflow/.local/lib/python3.8/site-packages/airflow/example_dags/example_sensors.py
[2025-06-03T13:21:34.498+0000] {logging_mixin.py:188} INFO - [2025-06-03T13:21:34.498+0000] {dag.py:3047} INFO - Sync 1 DAGs
[2025-06-03T13:21:34.508+0000] {logging_mixin.py:188} INFO - [2025-06-03T13:21:34.507+0000] {dag.py:3834} INFO - Setting next_dagrun for example_sensors to None, run_after=None
[2025-06-03T13:21:34.518+0000] {processor.py:183} INFO - Processing /home/airflow/.local/lib/python3.8/site-packages/airflow/example_dags/example_sensors.py took 0.046 seconds
[2025-06-03T13:22:05.411+0000] {processor.py:161} INFO - Started process (PID=621) to work on /home/airflow/.local/lib/python3.8/site-packages/airflow/example_dags/example_sensors.py
[2025-06-03T13:22:05.414+0000] {processor.py:830} INFO - Processing file /home/airflow/.local/lib/python3.8/site-packages/airflow/example_dags/example_sensors.py for tasks to queue
[2025-06-03T13:22:05.415+0000] {logging_mixin.py:188} INFO - [2025-06-03T13:22:05.415+0000] {dagbag.py:540} INFO - Filling up the DagBag from /home/airflow/.local/lib/python3.8/site-packages/airflow/example_dags/example_sensors.py
[2025-06-03T13:22:05.420+0000] {processor.py:840} INFO - DAG(s) 'example_sensors' retrieved from /home/airflow/.local/lib/python3.8/site-packages/airflow/example_dags/example_sensors.py
[2025-06-03T13:22:05.436+0000] {logging_mixin.py:188} INFO - [2025-06-03T13:22:05.435+0000] {dag.py:3047} INFO - Sync 1 DAGs
[2025-06-03T13:22:05.443+0000] {logging_mixin.py:188} INFO - [2025-06-03T13:22:05.443+0000] {dag.py:3834} INFO - Setting next_dagrun for example_sensors to None, run_after=None
[2025-06-03T13:22:05.456+0000] {processor.py:183} INFO - Processing /home/airflow/.local/lib/python3.8/site-packages/airflow/example_dags/example_sensors.py took 0.047 seconds
[2025-06-03T13:22:36.307+0000] {processor.py:161} INFO - Started process (PID=676) to work on /home/airflow/.local/lib/python3.8/site-packages/airflow/example_dags/example_sensors.py
[2025-06-03T13:22:36.307+0000] {processor.py:830} INFO - Processing file /home/airflow/.local/lib/python3.8/site-packages/airflow/example_dags/example_sensors.py for tasks to queue
[2025-06-03T13:22:36.308+0000] {logging_mixin.py:188} INFO - [2025-06-03T13:22:36.308+0000] {dagbag.py:540} INFO - Filling up the DagBag from /home/airflow/.local/lib/python3.8/site-packages/airflow/example_dags/example_sensors.py
[2025-06-03T13:22:36.315+0000] {processor.py:840} INFO - DAG(s) 'example_sensors' retrieved from /home/airflow/.local/lib/python3.8/site-packages/airflow/example_dags/example_sensors.py
[2025-06-03T13:22:36.329+0000] {logging_mixin.py:188} INFO - [2025-06-03T13:22:36.328+0000] {dag.py:3047} INFO - Sync 1 DAGs
[2025-06-03T13:22:36.334+0000] {logging_mixin.py:188} INFO - [2025-06-03T13:22:36.333+0000] {dag.py:3834} INFO - Setting next_dagrun for example_sensors to None, run_after=None
[2025-06-03T13:22:36.340+0000] {processor.py:183} INFO - Processing /home/airflow/.local/lib/python3.8/site-packages/airflow/example_dags/example_sensors.py took 0.036 seconds
[2025-06-03T13:23:07.199+0000] {processor.py:161} INFO - Started process (PID=731) to work on /home/airflow/.local/lib/python3.8/site-packages/airflow/example_dags/example_sensors.py
[2025-06-03T13:23:07.199+0000] {processor.py:830} INFO - Processing file /home/airflow/.local/lib/python3.8/site-packages/airflow/example_dags/example_sensors.py for tasks to queue
[2025-06-03T13:23:07.200+0000] {logging_mixin.py:188} INFO - [2025-06-03T13:23:07.200+0000] {dagbag.py:540} INFO - Filling up the DagBag from /home/airflow/.local/lib/python3.8/site-packages/airflow/example_dags/example_sensors.py
[2025-06-03T13:23:07.207+0000] {processor.py:840} INFO - DAG(s) 'example_sensors' retrieved from /home/airflow/.local/lib/python3.8/site-packages/airflow/example_dags/example_sensors.py
[2025-06-03T13:23:07.243+0000] {logging_mixin.py:188} INFO - [2025-06-03T13:23:07.243+0000] {dag.py:3047} INFO - Sync 1 DAGs
[2025-06-03T13:23:07.266+0000] {logging_mixin.py:188} INFO - [2025-06-03T13:23:07.265+0000] {dag.py:3834} INFO - Setting next_dagrun for example_sensors to None, run_after=None
[2025-06-03T13:23:07.289+0000] {processor.py:183} INFO - Processing /home/airflow/.local/lib/python3.8/site-packages/airflow/example_dags/example_sensors.py took 0.092 seconds
[2025-06-03T13:23:38.133+0000] {processor.py:161} INFO - Started process (PID=786) to work on /home/airflow/.local/lib/python3.8/site-packages/airflow/example_dags/example_sensors.py
[2025-06-03T13:23:38.133+0000] {processor.py:830} INFO - Processing file /home/airflow/.local/lib/python3.8/site-packages/airflow/example_dags/example_sensors.py for tasks to queue
[2025-06-03T13:23:38.134+0000] {logging_mixin.py:188} INFO - [2025-06-03T13:23:38.134+0000] {dagbag.py:540} INFO - Filling up the DagBag from /home/airflow/.local/lib/python3.8/site-packages/airflow/example_dags/example_sensors.py
[2025-06-03T13:23:38.137+0000] {processor.py:840} INFO - DAG(s) 'example_sensors' retrieved from /home/airflow/.local/lib/python3.8/site-packages/airflow/example_dags/example_sensors.py
[2025-06-03T13:23:38.151+0000] {logging_mixin.py:188} INFO - [2025-06-03T13:23:38.151+0000] {dag.py:3047} INFO - Sync 1 DAGs
[2025-06-03T13:23:38.155+0000] {logging_mixin.py:188} INFO - [2025-06-03T13:23:38.155+0000] {dag.py:3834} INFO - Setting next_dagrun for example_sensors to None, run_after=None
[2025-06-03T13:23:38.161+0000] {processor.py:183} INFO - Processing /home/airflow/.local/lib/python3.8/site-packages/airflow/example_dags/example_sensors.py took 0.030 seconds
[2025-06-03T13:24:08.423+0000] {processor.py:161} INFO - Started process (PID=841) to work on /home/airflow/.local/lib/python3.8/site-packages/airflow/example_dags/example_sensors.py
[2025-06-03T13:24:08.423+0000] {processor.py:830} INFO - Processing file /home/airflow/.local/lib/python3.8/site-packages/airflow/example_dags/example_sensors.py for tasks to queue
[2025-06-03T13:24:08.424+0000] {logging_mixin.py:188} INFO - [2025-06-03T13:24:08.424+0000] {dagbag.py:540} INFO - Filling up the DagBag from /home/airflow/.local/lib/python3.8/site-packages/airflow/example_dags/example_sensors.py
[2025-06-03T13:24:08.427+0000] {processor.py:840} INFO - DAG(s) 'example_sensors' retrieved from /home/airflow/.local/lib/python3.8/site-packages/airflow/example_dags/example_sensors.py
[2025-06-03T13:24:08.439+0000] {logging_mixin.py:188} INFO - [2025-06-03T13:24:08.439+0000] {dag.py:3047} INFO - Sync 1 DAGs
[2025-06-03T13:24:08.445+0000] {logging_mixin.py:188} INFO - [2025-06-03T13:24:08.445+0000] {dag.py:3834} INFO - Setting next_dagrun for example_sensors to None, run_after=None
[2025-06-03T13:24:08.451+0000] {processor.py:183} INFO - Processing /home/airflow/.local/lib/python3.8/site-packages/airflow/example_dags/example_sensors.py took 0.030 seconds
[2025-06-03T13:24:39.308+0000] {processor.py:161} INFO - Started process (PID=896) to work on /home/airflow/.local/lib/python3.8/site-packages/airflow/example_dags/example_sensors.py
[2025-06-03T13:24:39.309+0000] {processor.py:830} INFO - Processing file /home/airflow/.local/lib/python3.8/site-packages/airflow/example_dags/example_sensors.py for tasks to queue
[2025-06-03T13:24:39.312+0000] {logging_mixin.py:188} INFO - [2025-06-03T13:24:39.312+0000] {dagbag.py:540} INFO - Filling up the DagBag from /home/airflow/.local/lib/python3.8/site-packages/airflow/example_dags/example_sensors.py
[2025-06-03T13:24:39.316+0000] {processor.py:840} INFO - DAG(s) 'example_sensors' retrieved from /home/airflow/.local/lib/python3.8/site-packages/airflow/example_dags/example_sensors.py
[2025-06-03T13:24:39.336+0000] {logging_mixin.py:188} INFO - [2025-06-03T13:24:39.336+0000] {dag.py:3047} INFO - Sync 1 DAGs
[2025-06-03T13:24:39.343+0000] {logging_mixin.py:188} INFO - [2025-06-03T13:24:39.343+0000] {dag.py:3834} INFO - Setting next_dagrun for example_sensors to None, run_after=None
[2025-06-03T13:24:39.351+0000] {processor.py:183} INFO - Processing /home/airflow/.local/lib/python3.8/site-packages/airflow/example_dags/example_sensors.py took 0.045 seconds
[2025-06-03T13:25:10.068+0000] {processor.py:161} INFO - Started process (PID=951) to work on /home/airflow/.local/lib/python3.8/site-packages/airflow/example_dags/example_sensors.py
[2025-06-03T13:25:10.069+0000] {processor.py:830} INFO - Processing file /home/airflow/.local/lib/python3.8/site-packages/airflow/example_dags/example_sensors.py for tasks to queue
[2025-06-03T13:25:10.070+0000] {logging_mixin.py:188} INFO - [2025-06-03T13:25:10.070+0000] {dagbag.py:540} INFO - Filling up the DagBag from /home/airflow/.local/lib/python3.8/site-packages/airflow/example_dags/example_sensors.py
[2025-06-03T13:25:10.077+0000] {processor.py:840} INFO - DAG(s) 'example_sensors' retrieved from /home/airflow/.local/lib/python3.8/site-packages/airflow/example_dags/example_sensors.py
[2025-06-03T13:25:10.089+0000] {logging_mixin.py:188} INFO - [2025-06-03T13:25:10.089+0000] {dag.py:3047} INFO - Sync 1 DAGs
[2025-06-03T13:25:10.094+0000] {logging_mixin.py:188} INFO - [2025-06-03T13:25:10.094+0000] {dag.py:3834} INFO - Setting next_dagrun for example_sensors to None, run_after=None
[2025-06-03T13:25:10.107+0000] {processor.py:183} INFO - Processing /home/airflow/.local/lib/python3.8/site-packages/airflow/example_dags/example_sensors.py took 0.041 seconds
[2025-06-03T13:25:40.661+0000] {processor.py:161} INFO - Started process (PID=1006) to work on /home/airflow/.local/lib/python3.8/site-packages/airflow/example_dags/example_sensors.py
[2025-06-03T13:25:40.662+0000] {processor.py:830} INFO - Processing file /home/airflow/.local/lib/python3.8/site-packages/airflow/example_dags/example_sensors.py for tasks to queue
[2025-06-03T13:25:40.663+0000] {logging_mixin.py:188} INFO - [2025-06-03T13:25:40.663+0000] {dagbag.py:540} INFO - Filling up the DagBag from /home/airflow/.local/lib/python3.8/site-packages/airflow/example_dags/example_sensors.py
[2025-06-03T13:25:40.667+0000] {processor.py:840} INFO - DAG(s) 'example_sensors' retrieved from /home/airflow/.local/lib/python3.8/site-packages/airflow/example_dags/example_sensors.py
[2025-06-03T13:25:40.677+0000] {logging_mixin.py:188} INFO - [2025-06-03T13:25:40.677+0000] {dag.py:3047} INFO - Sync 1 DAGs
[2025-06-03T13:25:40.682+0000] {logging_mixin.py:188} INFO - [2025-06-03T13:25:40.682+0000] {dag.py:3834} INFO - Setting next_dagrun for example_sensors to None, run_after=None
[2025-06-03T13:25:40.693+0000] {processor.py:183} INFO - Processing /home/airflow/.local/lib/python3.8/site-packages/airflow/example_dags/example_sensors.py took 0.033 seconds
[2025-06-03T13:26:10.772+0000] {processor.py:161} INFO - Started process (PID=1061) to work on /home/airflow/.local/lib/python3.8/site-packages/airflow/example_dags/example_sensors.py
[2025-06-03T13:26:10.775+0000] {processor.py:830} INFO - Processing file /home/airflow/.local/lib/python3.8/site-packages/airflow/example_dags/example_sensors.py for tasks to queue
[2025-06-03T13:26:10.778+0000] {logging_mixin.py:188} INFO - [2025-06-03T13:26:10.778+0000] {dagbag.py:540} INFO - Filling up the DagBag from /home/airflow/.local/lib/python3.8/site-packages/airflow/example_dags/example_sensors.py
[2025-06-03T13:26:10.791+0000] {processor.py:840} INFO - DAG(s) 'example_sensors' retrieved from /home/airflow/.local/lib/python3.8/site-packages/airflow/example_dags/example_sensors.py
[2025-06-03T13:26:10.811+0000] {logging_mixin.py:188} INFO - [2025-06-03T13:26:10.811+0000] {dag.py:3047} INFO - Sync 1 DAGs
[2025-06-03T13:26:10.826+0000] {logging_mixin.py:188} INFO - [2025-06-03T13:26:10.826+0000] {dag.py:3834} INFO - Setting next_dagrun for example_sensors to None, run_after=None
[2025-06-03T13:26:10.840+0000] {processor.py:183} INFO - Processing /home/airflow/.local/lib/python3.8/site-packages/airflow/example_dags/example_sensors.py took 0.070 seconds
[2025-06-03T13:26:41.003+0000] {processor.py:161} INFO - Started process (PID=1116) to work on /home/airflow/.local/lib/python3.8/site-packages/airflow/example_dags/example_sensors.py
[2025-06-03T13:26:41.004+0000] {processor.py:830} INFO - Processing file /home/airflow/.local/lib/python3.8/site-packages/airflow/example_dags/example_sensors.py for tasks to queue
[2025-06-03T13:26:41.005+0000] {logging_mixin.py:188} INFO - [2025-06-03T13:26:41.005+0000] {dagbag.py:540} INFO - Filling up the DagBag from /home/airflow/.local/lib/python3.8/site-packages/airflow/example_dags/example_sensors.py
[2025-06-03T13:26:41.010+0000] {processor.py:840} INFO - DAG(s) 'example_sensors' retrieved from /home/airflow/.local/lib/python3.8/site-packages/airflow/example_dags/example_sensors.py
[2025-06-03T13:26:41.022+0000] {logging_mixin.py:188} INFO - [2025-06-03T13:26:41.022+0000] {dag.py:3047} INFO - Sync 1 DAGs
[2025-06-03T13:26:41.029+0000] {logging_mixin.py:188} INFO - [2025-06-03T13:26:41.028+0000] {dag.py:3834} INFO - Setting next_dagrun for example_sensors to None, run_after=None
[2025-06-03T13:26:41.037+0000] {processor.py:183} INFO - Processing /home/airflow/.local/lib/python3.8/site-packages/airflow/example_dags/example_sensors.py took 0.036 seconds
[2025-06-03T13:27:11.630+0000] {processor.py:161} INFO - Started process (PID=1171) to work on /home/airflow/.local/lib/python3.8/site-packages/airflow/example_dags/example_sensors.py
[2025-06-03T13:27:11.631+0000] {processor.py:830} INFO - Processing file /home/airflow/.local/lib/python3.8/site-packages/airflow/example_dags/example_sensors.py for tasks to queue
[2025-06-03T13:27:11.632+0000] {logging_mixin.py:188} INFO - [2025-06-03T13:27:11.632+0000] {dagbag.py:540} INFO - Filling up the DagBag from /home/airflow/.local/lib/python3.8/site-packages/airflow/example_dags/example_sensors.py
[2025-06-03T13:27:11.637+0000] {processor.py:840} INFO - DAG(s) 'example_sensors' retrieved from /home/airflow/.local/lib/python3.8/site-packages/airflow/example_dags/example_sensors.py
[2025-06-03T13:27:11.649+0000] {logging_mixin.py:188} INFO - [2025-06-03T13:27:11.649+0000] {dag.py:3047} INFO - Sync 1 DAGs
[2025-06-03T13:27:11.655+0000] {logging_mixin.py:188} INFO - [2025-06-03T13:27:11.655+0000] {dag.py:3834} INFO - Setting next_dagrun for example_sensors to None, run_after=None
[2025-06-03T13:27:11.664+0000] {processor.py:183} INFO - Processing /home/airflow/.local/lib/python3.8/site-packages/airflow/example_dags/example_sensors.py took 0.035 seconds
[2025-06-03T13:27:42.221+0000] {processor.py:161} INFO - Started process (PID=1226) to work on /home/airflow/.local/lib/python3.8/site-packages/airflow/example_dags/example_sensors.py
[2025-06-03T13:27:42.222+0000] {processor.py:830} INFO - Processing file /home/airflow/.local/lib/python3.8/site-packages/airflow/example_dags/example_sensors.py for tasks to queue
[2025-06-03T13:27:42.223+0000] {logging_mixin.py:188} INFO - [2025-06-03T13:27:42.223+0000] {dagbag.py:540} INFO - Filling up the DagBag from /home/airflow/.local/lib/python3.8/site-packages/airflow/example_dags/example_sensors.py
[2025-06-03T13:27:42.227+0000] {processor.py:840} INFO - DAG(s) 'example_sensors' retrieved from /home/airflow/.local/lib/python3.8/site-packages/airflow/example_dags/example_sensors.py
[2025-06-03T13:27:42.239+0000] {logging_mixin.py:188} INFO - [2025-06-03T13:27:42.239+0000] {dag.py:3047} INFO - Sync 1 DAGs
[2025-06-03T13:27:42.244+0000] {logging_mixin.py:188} INFO - [2025-06-03T13:27:42.244+0000] {dag.py:3834} INFO - Setting next_dagrun for example_sensors to None, run_after=None
[2025-06-03T13:27:42.252+0000] {processor.py:183} INFO - Processing /home/airflow/.local/lib/python3.8/site-packages/airflow/example_dags/example_sensors.py took 0.032 seconds
[2025-06-03T13:28:12.819+0000] {processor.py:161} INFO - Started process (PID=1281) to work on /home/airflow/.local/lib/python3.8/site-packages/airflow/example_dags/example_sensors.py
[2025-06-03T13:28:12.820+0000] {processor.py:830} INFO - Processing file /home/airflow/.local/lib/python3.8/site-packages/airflow/example_dags/example_sensors.py for tasks to queue
[2025-06-03T13:28:12.821+0000] {logging_mixin.py:188} INFO - [2025-06-03T13:28:12.821+0000] {dagbag.py:540} INFO - Filling up the DagBag from /home/airflow/.local/lib/python3.8/site-packages/airflow/example_dags/example_sensors.py
[2025-06-03T13:28:12.826+0000] {processor.py:840} INFO - DAG(s) 'example_sensors' retrieved from /home/airflow/.local/lib/python3.8/site-packages/airflow/example_dags/example_sensors.py
[2025-06-03T13:28:12.839+0000] {logging_mixin.py:188} INFO - [2025-06-03T13:28:12.839+0000] {dag.py:3047} INFO - Sync 1 DAGs
[2025-06-03T13:28:12.846+0000] {logging_mixin.py:188} INFO - [2025-06-03T13:28:12.845+0000] {dag.py:3834} INFO - Setting next_dagrun for example_sensors to None, run_after=None
[2025-06-03T13:28:12.854+0000] {processor.py:183} INFO - Processing /home/airflow/.local/lib/python3.8/site-packages/airflow/example_dags/example_sensors.py took 0.036 seconds
[2025-06-03T13:28:43.126+0000] {processor.py:161} INFO - Started process (PID=1336) to work on /home/airflow/.local/lib/python3.8/site-packages/airflow/example_dags/example_sensors.py
[2025-06-03T13:28:43.127+0000] {processor.py:830} INFO - Processing file /home/airflow/.local/lib/python3.8/site-packages/airflow/example_dags/example_sensors.py for tasks to queue
[2025-06-03T13:28:43.128+0000] {logging_mixin.py:188} INFO - [2025-06-03T13:28:43.128+0000] {dagbag.py:540} INFO - Filling up the DagBag from /home/airflow/.local/lib/python3.8/site-packages/airflow/example_dags/example_sensors.py
[2025-06-03T13:28:43.133+0000] {processor.py:840} INFO - DAG(s) 'example_sensors' retrieved from /home/airflow/.local/lib/python3.8/site-packages/airflow/example_dags/example_sensors.py
[2025-06-03T13:28:43.159+0000] {logging_mixin.py:188} INFO - [2025-06-03T13:28:43.159+0000] {dag.py:3047} INFO - Sync 1 DAGs
[2025-06-03T13:28:43.167+0000] {logging_mixin.py:188} INFO - [2025-06-03T13:28:43.166+0000] {dag.py:3834} INFO - Setting next_dagrun for example_sensors to None, run_after=None
[2025-06-03T13:28:43.177+0000] {processor.py:183} INFO - Processing /home/airflow/.local/lib/python3.8/site-packages/airflow/example_dags/example_sensors.py took 0.053 seconds
[2025-06-03T13:29:13.668+0000] {processor.py:161} INFO - Started process (PID=1391) to work on /home/airflow/.local/lib/python3.8/site-packages/airflow/example_dags/example_sensors.py
[2025-06-03T13:29:13.669+0000] {processor.py:830} INFO - Processing file /home/airflow/.local/lib/python3.8/site-packages/airflow/example_dags/example_sensors.py for tasks to queue
[2025-06-03T13:29:13.669+0000] {logging_mixin.py:188} INFO - [2025-06-03T13:29:13.669+0000] {dagbag.py:540} INFO - Filling up the DagBag from /home/airflow/.local/lib/python3.8/site-packages/airflow/example_dags/example_sensors.py
[2025-06-03T13:29:13.673+0000] {processor.py:840} INFO - DAG(s) 'example_sensors' retrieved from /home/airflow/.local/lib/python3.8/site-packages/airflow/example_dags/example_sensors.py
[2025-06-03T13:29:13.686+0000] {logging_mixin.py:188} INFO - [2025-06-03T13:29:13.685+0000] {dag.py:3047} INFO - Sync 1 DAGs
[2025-06-03T13:29:13.691+0000] {logging_mixin.py:188} INFO - [2025-06-03T13:29:13.691+0000] {dag.py:3834} INFO - Setting next_dagrun for example_sensors to None, run_after=None
[2025-06-03T13:29:13.697+0000] {processor.py:183} INFO - Processing /home/airflow/.local/lib/python3.8/site-packages/airflow/example_dags/example_sensors.py took 0.031 seconds
[2025-06-03T13:29:44.028+0000] {processor.py:161} INFO - Started process (PID=1446) to work on /home/airflow/.local/lib/python3.8/site-packages/airflow/example_dags/example_sensors.py
[2025-06-03T13:29:44.028+0000] {processor.py:830} INFO - Processing file /home/airflow/.local/lib/python3.8/site-packages/airflow/example_dags/example_sensors.py for tasks to queue
[2025-06-03T13:29:44.029+0000] {logging_mixin.py:188} INFO - [2025-06-03T13:29:44.029+0000] {dagbag.py:540} INFO - Filling up the DagBag from /home/airflow/.local/lib/python3.8/site-packages/airflow/example_dags/example_sensors.py
[2025-06-03T13:29:44.033+0000] {processor.py:840} INFO - DAG(s) 'example_sensors' retrieved from /home/airflow/.local/lib/python3.8/site-packages/airflow/example_dags/example_sensors.py
[2025-06-03T13:29:44.043+0000] {logging_mixin.py:188} INFO - [2025-06-03T13:29:44.042+0000] {dag.py:3047} INFO - Sync 1 DAGs
[2025-06-03T13:29:44.047+0000] {logging_mixin.py:188} INFO - [2025-06-03T13:29:44.047+0000] {dag.py:3834} INFO - Setting next_dagrun for example_sensors to None, run_after=None
[2025-06-03T13:29:44.053+0000] {processor.py:183} INFO - Processing /home/airflow/.local/lib/python3.8/site-packages/airflow/example_dags/example_sensors.py took 0.027 seconds
[2025-06-03T13:30:14.371+0000] {processor.py:161} INFO - Started process (PID=1501) to work on /home/airflow/.local/lib/python3.8/site-packages/airflow/example_dags/example_sensors.py
[2025-06-03T13:30:14.371+0000] {processor.py:830} INFO - Processing file /home/airflow/.local/lib/python3.8/site-packages/airflow/example_dags/example_sensors.py for tasks to queue
[2025-06-03T13:30:14.372+0000] {logging_mixin.py:188} INFO - [2025-06-03T13:30:14.372+0000] {dagbag.py:540} INFO - Filling up the DagBag from /home/airflow/.local/lib/python3.8/site-packages/airflow/example_dags/example_sensors.py
[2025-06-03T13:30:14.375+0000] {processor.py:840} INFO - DAG(s) 'example_sensors' retrieved from /home/airflow/.local/lib/python3.8/site-packages/airflow/example_dags/example_sensors.py
[2025-06-03T13:30:14.385+0000] {logging_mixin.py:188} INFO - [2025-06-03T13:30:14.385+0000] {dag.py:3047} INFO - Sync 1 DAGs
[2025-06-03T13:30:14.389+0000] {logging_mixin.py:188} INFO - [2025-06-03T13:30:14.389+0000] {dag.py:3834} INFO - Setting next_dagrun for example_sensors to None, run_after=None
[2025-06-03T13:30:14.396+0000] {processor.py:183} INFO - Processing /home/airflow/.local/lib/python3.8/site-packages/airflow/example_dags/example_sensors.py took 0.026 seconds
[2025-06-03T13:30:44.662+0000] {processor.py:161} INFO - Started process (PID=1555) to work on /home/airflow/.local/lib/python3.8/site-packages/airflow/example_dags/example_sensors.py
[2025-06-03T13:30:44.663+0000] {processor.py:830} INFO - Processing file /home/airflow/.local/lib/python3.8/site-packages/airflow/example_dags/example_sensors.py for tasks to queue
[2025-06-03T13:30:44.664+0000] {logging_mixin.py:188} INFO - [2025-06-03T13:30:44.664+0000] {dagbag.py:540} INFO - Filling up the DagBag from /home/airflow/.local/lib/python3.8/site-packages/airflow/example_dags/example_sensors.py
[2025-06-03T13:30:44.668+0000] {processor.py:840} INFO - DAG(s) 'example_sensors' retrieved from /home/airflow/.local/lib/python3.8/site-packages/airflow/example_dags/example_sensors.py
[2025-06-03T13:30:44.680+0000] {logging_mixin.py:188} INFO - [2025-06-03T13:30:44.680+0000] {dag.py:3047} INFO - Sync 1 DAGs
[2025-06-03T13:30:44.685+0000] {logging_mixin.py:188} INFO - [2025-06-03T13:30:44.685+0000] {dag.py:3834} INFO - Setting next_dagrun for example_sensors to None, run_after=None
[2025-06-03T13:30:44.691+0000] {processor.py:183} INFO - Processing /home/airflow/.local/lib/python3.8/site-packages/airflow/example_dags/example_sensors.py took 0.031 seconds
[2025-06-03T13:31:14.970+0000] {processor.py:161} INFO - Started process (PID=1610) to work on /home/airflow/.local/lib/python3.8/site-packages/airflow/example_dags/example_sensors.py
[2025-06-03T13:31:14.971+0000] {processor.py:830} INFO - Processing file /home/airflow/.local/lib/python3.8/site-packages/airflow/example_dags/example_sensors.py for tasks to queue
[2025-06-03T13:31:14.971+0000] {logging_mixin.py:188} INFO - [2025-06-03T13:31:14.971+0000] {dagbag.py:540} INFO - Filling up the DagBag from /home/airflow/.local/lib/python3.8/site-packages/airflow/example_dags/example_sensors.py
[2025-06-03T13:31:14.975+0000] {processor.py:840} INFO - DAG(s) 'example_sensors' retrieved from /home/airflow/.local/lib/python3.8/site-packages/airflow/example_dags/example_sensors.py
[2025-06-03T13:31:14.986+0000] {logging_mixin.py:188} INFO - [2025-06-03T13:31:14.986+0000] {dag.py:3047} INFO - Sync 1 DAGs
[2025-06-03T13:31:14.991+0000] {logging_mixin.py:188} INFO - [2025-06-03T13:31:14.991+0000] {dag.py:3834} INFO - Setting next_dagrun for example_sensors to None, run_after=None
[2025-06-03T13:31:14.998+0000] {processor.py:183} INFO - Processing /home/airflow/.local/lib/python3.8/site-packages/airflow/example_dags/example_sensors.py took 0.029 seconds
[2025-06-03T13:31:45.248+0000] {processor.py:161} INFO - Started process (PID=1665) to work on /home/airflow/.local/lib/python3.8/site-packages/airflow/example_dags/example_sensors.py
[2025-06-03T13:31:45.248+0000] {processor.py:830} INFO - Processing file /home/airflow/.local/lib/python3.8/site-packages/airflow/example_dags/example_sensors.py for tasks to queue
[2025-06-03T13:31:45.249+0000] {logging_mixin.py:188} INFO - [2025-06-03T13:31:45.249+0000] {dagbag.py:540} INFO - Filling up the DagBag from /home/airflow/.local/lib/python3.8/site-packages/airflow/example_dags/example_sensors.py
[2025-06-03T13:31:45.252+0000] {processor.py:840} INFO - DAG(s) 'example_sensors' retrieved from /home/airflow/.local/lib/python3.8/site-packages/airflow/example_dags/example_sensors.py
[2025-06-03T13:31:45.262+0000] {logging_mixin.py:188} INFO - [2025-06-03T13:31:45.262+0000] {dag.py:3047} INFO - Sync 1 DAGs
[2025-06-03T13:31:45.266+0000] {logging_mixin.py:188} INFO - [2025-06-03T13:31:45.266+0000] {dag.py:3834} INFO - Setting next_dagrun for example_sensors to None, run_after=None
[2025-06-03T13:31:45.272+0000] {processor.py:183} INFO - Processing /home/airflow/.local/lib/python3.8/site-packages/airflow/example_dags/example_sensors.py took 0.026 seconds
[2025-06-03T13:32:15.552+0000] {processor.py:161} INFO - Started process (PID=1720) to work on /home/airflow/.local/lib/python3.8/site-packages/airflow/example_dags/example_sensors.py
[2025-06-03T13:32:15.554+0000] {processor.py:830} INFO - Processing file /home/airflow/.local/lib/python3.8/site-packages/airflow/example_dags/example_sensors.py for tasks to queue
[2025-06-03T13:32:15.554+0000] {logging_mixin.py:188} INFO - [2025-06-03T13:32:15.554+0000] {dagbag.py:540} INFO - Filling up the DagBag from /home/airflow/.local/lib/python3.8/site-packages/airflow/example_dags/example_sensors.py
[2025-06-03T13:32:15.558+0000] {processor.py:840} INFO - DAG(s) 'example_sensors' retrieved from /home/airflow/.local/lib/python3.8/site-packages/airflow/example_dags/example_sensors.py
[2025-06-03T13:32:15.569+0000] {logging_mixin.py:188} INFO - [2025-06-03T13:32:15.568+0000] {dag.py:3047} INFO - Sync 1 DAGs
[2025-06-03T13:32:15.573+0000] {logging_mixin.py:188} INFO - [2025-06-03T13:32:15.573+0000] {dag.py:3834} INFO - Setting next_dagrun for example_sensors to None, run_after=None
[2025-06-03T13:32:15.579+0000] {processor.py:183} INFO - Processing /home/airflow/.local/lib/python3.8/site-packages/airflow/example_dags/example_sensors.py took 0.029 seconds
[2025-06-03T13:32:45.830+0000] {processor.py:161} INFO - Started process (PID=1775) to work on /home/airflow/.local/lib/python3.8/site-packages/airflow/example_dags/example_sensors.py
[2025-06-03T13:32:45.830+0000] {processor.py:830} INFO - Processing file /home/airflow/.local/lib/python3.8/site-packages/airflow/example_dags/example_sensors.py for tasks to queue
[2025-06-03T13:32:45.831+0000] {logging_mixin.py:188} INFO - [2025-06-03T13:32:45.831+0000] {dagbag.py:540} INFO - Filling up the DagBag from /home/airflow/.local/lib/python3.8/site-packages/airflow/example_dags/example_sensors.py
[2025-06-03T13:32:45.835+0000] {processor.py:840} INFO - DAG(s) 'example_sensors' retrieved from /home/airflow/.local/lib/python3.8/site-packages/airflow/example_dags/example_sensors.py
[2025-06-03T13:32:45.846+0000] {logging_mixin.py:188} INFO - [2025-06-03T13:32:45.846+0000] {dag.py:3047} INFO - Sync 1 DAGs
[2025-06-03T13:32:45.851+0000] {logging_mixin.py:188} INFO - [2025-06-03T13:32:45.850+0000] {dag.py:3834} INFO - Setting next_dagrun for example_sensors to None, run_after=None
[2025-06-03T13:32:45.857+0000] {processor.py:183} INFO - Processing /home/airflow/.local/lib/python3.8/site-packages/airflow/example_dags/example_sensors.py took 0.029 seconds
[2025-06-03T13:33:16.141+0000] {processor.py:161} INFO - Started process (PID=1830) to work on /home/airflow/.local/lib/python3.8/site-packages/airflow/example_dags/example_sensors.py
[2025-06-03T13:33:16.143+0000] {processor.py:830} INFO - Processing file /home/airflow/.local/lib/python3.8/site-packages/airflow/example_dags/example_sensors.py for tasks to queue
[2025-06-03T13:33:16.144+0000] {logging_mixin.py:188} INFO - [2025-06-03T13:33:16.143+0000] {dagbag.py:540} INFO - Filling up the DagBag from /home/airflow/.local/lib/python3.8/site-packages/airflow/example_dags/example_sensors.py
[2025-06-03T13:33:16.147+0000] {processor.py:840} INFO - DAG(s) 'example_sensors' retrieved from /home/airflow/.local/lib/python3.8/site-packages/airflow/example_dags/example_sensors.py
[2025-06-03T13:33:16.157+0000] {logging_mixin.py:188} INFO - [2025-06-03T13:33:16.157+0000] {dag.py:3047} INFO - Sync 1 DAGs
[2025-06-03T13:33:16.162+0000] {logging_mixin.py:188} INFO - [2025-06-03T13:33:16.162+0000] {dag.py:3834} INFO - Setting next_dagrun for example_sensors to None, run_after=None
[2025-06-03T13:33:16.168+0000] {processor.py:183} INFO - Processing /home/airflow/.local/lib/python3.8/site-packages/airflow/example_dags/example_sensors.py took 0.029 seconds
[2025-06-03T13:33:46.422+0000] {processor.py:161} INFO - Started process (PID=1885) to work on /home/airflow/.local/lib/python3.8/site-packages/airflow/example_dags/example_sensors.py
[2025-06-03T13:33:46.425+0000] {processor.py:830} INFO - Processing file /home/airflow/.local/lib/python3.8/site-packages/airflow/example_dags/example_sensors.py for tasks to queue
[2025-06-03T13:33:46.428+0000] {logging_mixin.py:188} INFO - [2025-06-03T13:33:46.428+0000] {dagbag.py:540} INFO - Filling up the DagBag from /home/airflow/.local/lib/python3.8/site-packages/airflow/example_dags/example_sensors.py
[2025-06-03T13:33:46.432+0000] {processor.py:840} INFO - DAG(s) 'example_sensors' retrieved from /home/airflow/.local/lib/python3.8/site-packages/airflow/example_dags/example_sensors.py
[2025-06-03T13:33:46.441+0000] {logging_mixin.py:188} INFO - [2025-06-03T13:33:46.441+0000] {dag.py:3047} INFO - Sync 1 DAGs
[2025-06-03T13:33:46.447+0000] {logging_mixin.py:188} INFO - [2025-06-03T13:33:46.447+0000] {dag.py:3834} INFO - Setting next_dagrun for example_sensors to None, run_after=None
[2025-06-03T13:33:46.454+0000] {processor.py:183} INFO - Processing /home/airflow/.local/lib/python3.8/site-packages/airflow/example_dags/example_sensors.py took 0.033 seconds
[2025-06-03T13:34:16.719+0000] {processor.py:161} INFO - Started process (PID=1940) to work on /home/airflow/.local/lib/python3.8/site-packages/airflow/example_dags/example_sensors.py
[2025-06-03T13:34:16.719+0000] {processor.py:830} INFO - Processing file /home/airflow/.local/lib/python3.8/site-packages/airflow/example_dags/example_sensors.py for tasks to queue
[2025-06-03T13:34:16.720+0000] {logging_mixin.py:188} INFO - [2025-06-03T13:34:16.720+0000] {dagbag.py:540} INFO - Filling up the DagBag from /home/airflow/.local/lib/python3.8/site-packages/airflow/example_dags/example_sensors.py
[2025-06-03T13:34:16.723+0000] {processor.py:840} INFO - DAG(s) 'example_sensors' retrieved from /home/airflow/.local/lib/python3.8/site-packages/airflow/example_dags/example_sensors.py
[2025-06-03T13:34:16.732+0000] {logging_mixin.py:188} INFO - [2025-06-03T13:34:16.732+0000] {dag.py:3047} INFO - Sync 1 DAGs
[2025-06-03T13:34:16.736+0000] {logging_mixin.py:188} INFO - [2025-06-03T13:34:16.736+0000] {dag.py:3834} INFO - Setting next_dagrun for example_sensors to None, run_after=None
[2025-06-03T13:34:16.741+0000] {processor.py:183} INFO - Processing /home/airflow/.local/lib/python3.8/site-packages/airflow/example_dags/example_sensors.py took 0.024 seconds
[2025-06-03T13:34:47.089+0000] {processor.py:161} INFO - Started process (PID=1995) to work on /home/airflow/.local/lib/python3.8/site-packages/airflow/example_dags/example_sensors.py
[2025-06-03T13:34:47.089+0000] {processor.py:830} INFO - Processing file /home/airflow/.local/lib/python3.8/site-packages/airflow/example_dags/example_sensors.py for tasks to queue
[2025-06-03T13:34:47.090+0000] {logging_mixin.py:188} INFO - [2025-06-03T13:34:47.090+0000] {dagbag.py:540} INFO - Filling up the DagBag from /home/airflow/.local/lib/python3.8/site-packages/airflow/example_dags/example_sensors.py
[2025-06-03T13:34:47.094+0000] {processor.py:840} INFO - DAG(s) 'example_sensors' retrieved from /home/airflow/.local/lib/python3.8/site-packages/airflow/example_dags/example_sensors.py
[2025-06-03T13:34:47.106+0000] {logging_mixin.py:188} INFO - [2025-06-03T13:34:47.106+0000] {dag.py:3047} INFO - Sync 1 DAGs
[2025-06-03T13:34:47.110+0000] {logging_mixin.py:188} INFO - [2025-06-03T13:34:47.110+0000] {dag.py:3834} INFO - Setting next_dagrun for example_sensors to None, run_after=None
[2025-06-03T13:34:47.117+0000] {processor.py:183} INFO - Processing /home/airflow/.local/lib/python3.8/site-packages/airflow/example_dags/example_sensors.py took 0.031 seconds
[2025-06-03T13:35:17.667+0000] {processor.py:161} INFO - Started process (PID=2050) to work on /home/airflow/.local/lib/python3.8/site-packages/airflow/example_dags/example_sensors.py
[2025-06-03T13:35:17.668+0000] {processor.py:830} INFO - Processing file /home/airflow/.local/lib/python3.8/site-packages/airflow/example_dags/example_sensors.py for tasks to queue
[2025-06-03T13:35:17.669+0000] {logging_mixin.py:188} INFO - [2025-06-03T13:35:17.669+0000] {dagbag.py:540} INFO - Filling up the DagBag from /home/airflow/.local/lib/python3.8/site-packages/airflow/example_dags/example_sensors.py
[2025-06-03T13:35:17.673+0000] {processor.py:840} INFO - DAG(s) 'example_sensors' retrieved from /home/airflow/.local/lib/python3.8/site-packages/airflow/example_dags/example_sensors.py
[2025-06-03T13:35:17.683+0000] {logging_mixin.py:188} INFO - [2025-06-03T13:35:17.683+0000] {dag.py:3047} INFO - Sync 1 DAGs
[2025-06-03T13:35:17.688+0000] {logging_mixin.py:188} INFO - [2025-06-03T13:35:17.688+0000] {dag.py:3834} INFO - Setting next_dagrun for example_sensors to None, run_after=None
[2025-06-03T13:35:17.699+0000] {processor.py:183} INFO - Processing /home/airflow/.local/lib/python3.8/site-packages/airflow/example_dags/example_sensors.py took 0.033 seconds
[2025-06-03T13:35:48.077+0000] {processor.py:161} INFO - Started process (PID=2105) to work on /home/airflow/.local/lib/python3.8/site-packages/airflow/example_dags/example_sensors.py
[2025-06-03T13:35:48.080+0000] {processor.py:830} INFO - Processing file /home/airflow/.local/lib/python3.8/site-packages/airflow/example_dags/example_sensors.py for tasks to queue
[2025-06-03T13:35:48.080+0000] {logging_mixin.py:188} INFO - [2025-06-03T13:35:48.080+0000] {dagbag.py:540} INFO - Filling up the DagBag from /home/airflow/.local/lib/python3.8/site-packages/airflow/example_dags/example_sensors.py
[2025-06-03T13:35:48.084+0000] {processor.py:840} INFO - DAG(s) 'example_sensors' retrieved from /home/airflow/.local/lib/python3.8/site-packages/airflow/example_dags/example_sensors.py
[2025-06-03T13:35:48.094+0000] {logging_mixin.py:188} INFO - [2025-06-03T13:35:48.094+0000] {dag.py:3047} INFO - Sync 1 DAGs
[2025-06-03T13:35:48.099+0000] {logging_mixin.py:188} INFO - [2025-06-03T13:35:48.099+0000] {dag.py:3834} INFO - Setting next_dagrun for example_sensors to None, run_after=None
[2025-06-03T13:35:48.106+0000] {processor.py:183} INFO - Processing /home/airflow/.local/lib/python3.8/site-packages/airflow/example_dags/example_sensors.py took 0.030 seconds
[2025-06-03T13:36:18.383+0000] {processor.py:161} INFO - Started process (PID=2160) to work on /home/airflow/.local/lib/python3.8/site-packages/airflow/example_dags/example_sensors.py
[2025-06-03T13:36:18.383+0000] {processor.py:830} INFO - Processing file /home/airflow/.local/lib/python3.8/site-packages/airflow/example_dags/example_sensors.py for tasks to queue
[2025-06-03T13:36:18.384+0000] {logging_mixin.py:188} INFO - [2025-06-03T13:36:18.384+0000] {dagbag.py:540} INFO - Filling up the DagBag from /home/airflow/.local/lib/python3.8/site-packages/airflow/example_dags/example_sensors.py
[2025-06-03T13:36:18.387+0000] {processor.py:840} INFO - DAG(s) 'example_sensors' retrieved from /home/airflow/.local/lib/python3.8/site-packages/airflow/example_dags/example_sensors.py
[2025-06-03T13:36:18.400+0000] {logging_mixin.py:188} INFO - [2025-06-03T13:36:18.399+0000] {dag.py:3047} INFO - Sync 1 DAGs
[2025-06-03T13:36:18.404+0000] {logging_mixin.py:188} INFO - [2025-06-03T13:36:18.404+0000] {dag.py:3834} INFO - Setting next_dagrun for example_sensors to None, run_after=None
[2025-06-03T13:36:18.410+0000] {processor.py:183} INFO - Processing /home/airflow/.local/lib/python3.8/site-packages/airflow/example_dags/example_sensors.py took 0.029 seconds
[2025-06-03T13:36:48.744+0000] {processor.py:161} INFO - Started process (PID=2215) to work on /home/airflow/.local/lib/python3.8/site-packages/airflow/example_dags/example_sensors.py
[2025-06-03T13:36:48.744+0000] {processor.py:830} INFO - Processing file /home/airflow/.local/lib/python3.8/site-packages/airflow/example_dags/example_sensors.py for tasks to queue
[2025-06-03T13:36:48.745+0000] {logging_mixin.py:188} INFO - [2025-06-03T13:36:48.745+0000] {dagbag.py:540} INFO - Filling up the DagBag from /home/airflow/.local/lib/python3.8/site-packages/airflow/example_dags/example_sensors.py
[2025-06-03T13:36:48.748+0000] {processor.py:840} INFO - DAG(s) 'example_sensors' retrieved from /home/airflow/.local/lib/python3.8/site-packages/airflow/example_dags/example_sensors.py
[2025-06-03T13:36:48.758+0000] {logging_mixin.py:188} INFO - [2025-06-03T13:36:48.758+0000] {dag.py:3047} INFO - Sync 1 DAGs
[2025-06-03T13:36:48.762+0000] {logging_mixin.py:188} INFO - [2025-06-03T13:36:48.762+0000] {dag.py:3834} INFO - Setting next_dagrun for example_sensors to None, run_after=None
[2025-06-03T13:36:48.768+0000] {processor.py:183} INFO - Processing /home/airflow/.local/lib/python3.8/site-packages/airflow/example_dags/example_sensors.py took 0.026 seconds
[2025-06-03T13:37:19.122+0000] {processor.py:161} INFO - Started process (PID=2270) to work on /home/airflow/.local/lib/python3.8/site-packages/airflow/example_dags/example_sensors.py
[2025-06-03T13:37:19.122+0000] {processor.py:830} INFO - Processing file /home/airflow/.local/lib/python3.8/site-packages/airflow/example_dags/example_sensors.py for tasks to queue
[2025-06-03T13:37:19.123+0000] {logging_mixin.py:188} INFO - [2025-06-03T13:37:19.123+0000] {dagbag.py:540} INFO - Filling up the DagBag from /home/airflow/.local/lib/python3.8/site-packages/airflow/example_dags/example_sensors.py
[2025-06-03T13:37:19.127+0000] {processor.py:840} INFO - DAG(s) 'example_sensors' retrieved from /home/airflow/.local/lib/python3.8/site-packages/airflow/example_dags/example_sensors.py
[2025-06-03T13:37:19.136+0000] {logging_mixin.py:188} INFO - [2025-06-03T13:37:19.136+0000] {dag.py:3047} INFO - Sync 1 DAGs
[2025-06-03T13:37:19.141+0000] {logging_mixin.py:188} INFO - [2025-06-03T13:37:19.140+0000] {dag.py:3834} INFO - Setting next_dagrun for example_sensors to None, run_after=None
[2025-06-03T13:37:19.147+0000] {processor.py:183} INFO - Processing /home/airflow/.local/lib/python3.8/site-packages/airflow/example_dags/example_sensors.py took 0.026 seconds
[2025-06-03T13:37:49.737+0000] {processor.py:161} INFO - Started process (PID=2325) to work on /home/airflow/.local/lib/python3.8/site-packages/airflow/example_dags/example_sensors.py
[2025-06-03T13:37:49.739+0000] {processor.py:830} INFO - Processing file /home/airflow/.local/lib/python3.8/site-packages/airflow/example_dags/example_sensors.py for tasks to queue
[2025-06-03T13:37:49.740+0000] {logging_mixin.py:188} INFO - [2025-06-03T13:37:49.740+0000] {dagbag.py:540} INFO - Filling up the DagBag from /home/airflow/.local/lib/python3.8/site-packages/airflow/example_dags/example_sensors.py
[2025-06-03T13:37:49.745+0000] {processor.py:840} INFO - DAG(s) 'example_sensors' retrieved from /home/airflow/.local/lib/python3.8/site-packages/airflow/example_dags/example_sensors.py
[2025-06-03T13:37:49.757+0000] {logging_mixin.py:188} INFO - [2025-06-03T13:37:49.757+0000] {dag.py:3047} INFO - Sync 1 DAGs
[2025-06-03T13:37:49.765+0000] {logging_mixin.py:188} INFO - [2025-06-03T13:37:49.765+0000] {dag.py:3834} INFO - Setting next_dagrun for example_sensors to None, run_after=None
[2025-06-03T13:37:49.787+0000] {processor.py:183} INFO - Processing /home/airflow/.local/lib/python3.8/site-packages/airflow/example_dags/example_sensors.py took 0.051 seconds
[2025-06-03T13:38:20.588+0000] {processor.py:161} INFO - Started process (PID=2380) to work on /home/airflow/.local/lib/python3.8/site-packages/airflow/example_dags/example_sensors.py
[2025-06-03T13:38:20.590+0000] {processor.py:830} INFO - Processing file /home/airflow/.local/lib/python3.8/site-packages/airflow/example_dags/example_sensors.py for tasks to queue
[2025-06-03T13:38:20.591+0000] {logging_mixin.py:188} INFO - [2025-06-03T13:38:20.590+0000] {dagbag.py:540} INFO - Filling up the DagBag from /home/airflow/.local/lib/python3.8/site-packages/airflow/example_dags/example_sensors.py
[2025-06-03T13:38:20.594+0000] {processor.py:840} INFO - DAG(s) 'example_sensors' retrieved from /home/airflow/.local/lib/python3.8/site-packages/airflow/example_dags/example_sensors.py
[2025-06-03T13:38:20.608+0000] {logging_mixin.py:188} INFO - [2025-06-03T13:38:20.608+0000] {dag.py:3047} INFO - Sync 1 DAGs
[2025-06-03T13:38:20.613+0000] {logging_mixin.py:188} INFO - [2025-06-03T13:38:20.613+0000] {dag.py:3834} INFO - Setting next_dagrun for example_sensors to None, run_after=None
[2025-06-03T13:38:20.625+0000] {processor.py:183} INFO - Processing /home/airflow/.local/lib/python3.8/site-packages/airflow/example_dags/example_sensors.py took 0.039 seconds
[2025-06-03T13:38:51.146+0000] {processor.py:161} INFO - Started process (PID=2435) to work on /home/airflow/.local/lib/python3.8/site-packages/airflow/example_dags/example_sensors.py
[2025-06-03T13:38:51.147+0000] {processor.py:830} INFO - Processing file /home/airflow/.local/lib/python3.8/site-packages/airflow/example_dags/example_sensors.py for tasks to queue
[2025-06-03T13:38:51.148+0000] {logging_mixin.py:188} INFO - [2025-06-03T13:38:51.148+0000] {dagbag.py:540} INFO - Filling up the DagBag from /home/airflow/.local/lib/python3.8/site-packages/airflow/example_dags/example_sensors.py
[2025-06-03T13:38:51.153+0000] {processor.py:840} INFO - DAG(s) 'example_sensors' retrieved from /home/airflow/.local/lib/python3.8/site-packages/airflow/example_dags/example_sensors.py
[2025-06-03T13:38:51.171+0000] {logging_mixin.py:188} INFO - [2025-06-03T13:38:51.171+0000] {dag.py:3047} INFO - Sync 1 DAGs
[2025-06-03T13:38:51.184+0000] {logging_mixin.py:188} INFO - [2025-06-03T13:38:51.184+0000] {dag.py:3834} INFO - Setting next_dagrun for example_sensors to None, run_after=None
[2025-06-03T13:38:51.197+0000] {processor.py:183} INFO - Processing /home/airflow/.local/lib/python3.8/site-packages/airflow/example_dags/example_sensors.py took 0.053 seconds
[2025-06-03T13:39:21.320+0000] {processor.py:161} INFO - Started process (PID=2490) to work on /home/airflow/.local/lib/python3.8/site-packages/airflow/example_dags/example_sensors.py
[2025-06-03T13:39:21.322+0000] {processor.py:830} INFO - Processing file /home/airflow/.local/lib/python3.8/site-packages/airflow/example_dags/example_sensors.py for tasks to queue
[2025-06-03T13:39:21.323+0000] {logging_mixin.py:188} INFO - [2025-06-03T13:39:21.323+0000] {dagbag.py:540} INFO - Filling up the DagBag from /home/airflow/.local/lib/python3.8/site-packages/airflow/example_dags/example_sensors.py
[2025-06-03T13:39:21.331+0000] {processor.py:840} INFO - DAG(s) 'example_sensors' retrieved from /home/airflow/.local/lib/python3.8/site-packages/airflow/example_dags/example_sensors.py
[2025-06-03T13:39:21.342+0000] {logging_mixin.py:188} INFO - [2025-06-03T13:39:21.342+0000] {dag.py:3047} INFO - Sync 1 DAGs
[2025-06-03T13:39:21.347+0000] {logging_mixin.py:188} INFO - [2025-06-03T13:39:21.347+0000] {dag.py:3834} INFO - Setting next_dagrun for example_sensors to None, run_after=None
[2025-06-03T13:39:21.358+0000] {processor.py:183} INFO - Processing /home/airflow/.local/lib/python3.8/site-packages/airflow/example_dags/example_sensors.py took 0.039 seconds
[2025-06-03T13:39:52.232+0000] {processor.py:161} INFO - Started process (PID=2545) to work on /home/airflow/.local/lib/python3.8/site-packages/airflow/example_dags/example_sensors.py
[2025-06-03T13:39:52.233+0000] {processor.py:830} INFO - Processing file /home/airflow/.local/lib/python3.8/site-packages/airflow/example_dags/example_sensors.py for tasks to queue
[2025-06-03T13:39:52.234+0000] {logging_mixin.py:188} INFO - [2025-06-03T13:39:52.234+0000] {dagbag.py:540} INFO - Filling up the DagBag from /home/airflow/.local/lib/python3.8/site-packages/airflow/example_dags/example_sensors.py
[2025-06-03T13:39:52.238+0000] {processor.py:840} INFO - DAG(s) 'example_sensors' retrieved from /home/airflow/.local/lib/python3.8/site-packages/airflow/example_dags/example_sensors.py
[2025-06-03T13:39:52.254+0000] {logging_mixin.py:188} INFO - [2025-06-03T13:39:52.254+0000] {dag.py:3047} INFO - Sync 1 DAGs
[2025-06-03T13:39:52.259+0000] {logging_mixin.py:188} INFO - [2025-06-03T13:39:52.259+0000] {dag.py:3834} INFO - Setting next_dagrun for example_sensors to None, run_after=None
[2025-06-03T13:39:52.272+0000] {processor.py:183} INFO - Processing /home/airflow/.local/lib/python3.8/site-packages/airflow/example_dags/example_sensors.py took 0.042 seconds
[2025-06-03T13:40:23.071+0000] {processor.py:161} INFO - Started process (PID=2601) to work on /home/airflow/.local/lib/python3.8/site-packages/airflow/example_dags/example_sensors.py
[2025-06-03T13:40:23.072+0000] {processor.py:830} INFO - Processing file /home/airflow/.local/lib/python3.8/site-packages/airflow/example_dags/example_sensors.py for tasks to queue
[2025-06-03T13:40:23.074+0000] {logging_mixin.py:188} INFO - [2025-06-03T13:40:23.073+0000] {dagbag.py:540} INFO - Filling up the DagBag from /home/airflow/.local/lib/python3.8/site-packages/airflow/example_dags/example_sensors.py
[2025-06-03T13:40:23.078+0000] {processor.py:840} INFO - DAG(s) 'example_sensors' retrieved from /home/airflow/.local/lib/python3.8/site-packages/airflow/example_dags/example_sensors.py
[2025-06-03T13:40:23.089+0000] {logging_mixin.py:188} INFO - [2025-06-03T13:40:23.089+0000] {dag.py:3047} INFO - Sync 1 DAGs
[2025-06-03T13:40:23.094+0000] {logging_mixin.py:188} INFO - [2025-06-03T13:40:23.094+0000] {dag.py:3834} INFO - Setting next_dagrun for example_sensors to None, run_after=None
[2025-06-03T13:40:23.109+0000] {processor.py:183} INFO - Processing /home/airflow/.local/lib/python3.8/site-packages/airflow/example_dags/example_sensors.py took 0.039 seconds
