[2025-06-03T13:16:58.264+0000] {processor.py:161} INFO - Started process (PID=59) to work on /home/airflow/.local/lib/python3.8/site-packages/airflow/example_dags/example_branch_operator_decorator.py
[2025-06-03T13:16:58.264+0000] {processor.py:830} INFO - Processing file /home/airflow/.local/lib/python3.8/site-packages/airflow/example_dags/example_branch_operator_decorator.py for tasks to queue
[2025-06-03T13:16:58.266+0000] {logging_mixin.py:188} INFO - [2025-06-03T13:16:58.266+0000] {dagbag.py:540} INFO - Filling up the DagBag from /home/airflow/.local/lib/python3.8/site-packages/airflow/example_dags/example_branch_operator_decorator.py
[2025-06-03T13:16:58.284+0000] {processor.py:840} INFO - DAG(s) 'example_branch_python_operator_decorator' retrieved from /home/airflow/.local/lib/python3.8/site-packages/airflow/example_dags/example_branch_operator_decorator.py
[2025-06-03T13:16:58.300+0000] {logging_mixin.py:188} INFO - [2025-06-03T13:16:58.300+0000] {dag.py:3047} INFO - Sync 1 DAGs
[2025-06-03T13:16:58.325+0000] {logging_mixin.py:188} INFO - [2025-06-03T13:16:58.325+0000] {dag.py:3834} INFO - Setting next_dagrun for example_branch_python_operator_decorator to 2025-06-02 00:00:00+00:00, run_after=2025-06-03 00:00:00+00:00
[2025-06-03T13:16:58.365+0000] {processor.py:183} INFO - Processing /home/airflow/.local/lib/python3.8/site-packages/airflow/example_dags/example_branch_operator_decorator.py took 0.103 seconds
[2025-06-03T13:17:28.409+0000] {processor.py:161} INFO - Started process (PID=114) to work on /home/airflow/.local/lib/python3.8/site-packages/airflow/example_dags/example_branch_operator_decorator.py
[2025-06-03T13:17:28.409+0000] {processor.py:830} INFO - Processing file /home/airflow/.local/lib/python3.8/site-packages/airflow/example_dags/example_branch_operator_decorator.py for tasks to queue
[2025-06-03T13:17:28.410+0000] {logging_mixin.py:188} INFO - [2025-06-03T13:17:28.410+0000] {dagbag.py:540} INFO - Filling up the DagBag from /home/airflow/.local/lib/python3.8/site-packages/airflow/example_dags/example_branch_operator_decorator.py
[2025-06-03T13:17:28.419+0000] {processor.py:840} INFO - DAG(s) 'example_branch_python_operator_decorator' retrieved from /home/airflow/.local/lib/python3.8/site-packages/airflow/example_dags/example_branch_operator_decorator.py
[2025-06-03T13:17:28.461+0000] {logging_mixin.py:188} INFO - [2025-06-03T13:17:28.461+0000] {dag.py:3047} INFO - Sync 1 DAGs
[2025-06-03T13:17:28.469+0000] {logging_mixin.py:188} INFO - [2025-06-03T13:17:28.469+0000] {dag.py:3834} INFO - Setting next_dagrun for example_branch_python_operator_decorator to 2025-06-02 00:00:00+00:00, run_after=2025-06-03 00:00:00+00:00
[2025-06-03T13:17:28.476+0000] {processor.py:183} INFO - Processing /home/airflow/.local/lib/python3.8/site-packages/airflow/example_dags/example_branch_operator_decorator.py took 0.069 seconds
[2025-06-03T13:17:59.423+0000] {processor.py:161} INFO - Started process (PID=175) to work on /home/airflow/.local/lib/python3.8/site-packages/airflow/example_dags/example_branch_operator_decorator.py
[2025-06-03T13:17:59.424+0000] {processor.py:830} INFO - Processing file /home/airflow/.local/lib/python3.8/site-packages/airflow/example_dags/example_branch_operator_decorator.py for tasks to queue
[2025-06-03T13:17:59.426+0000] {logging_mixin.py:188} INFO - [2025-06-03T13:17:59.426+0000] {dagbag.py:540} INFO - Filling up the DagBag from /home/airflow/.local/lib/python3.8/site-packages/airflow/example_dags/example_branch_operator_decorator.py
[2025-06-03T13:17:59.437+0000] {processor.py:840} INFO - DAG(s) 'example_branch_python_operator_decorator' retrieved from /home/airflow/.local/lib/python3.8/site-packages/airflow/example_dags/example_branch_operator_decorator.py
[2025-06-03T13:17:59.453+0000] {logging_mixin.py:188} INFO - [2025-06-03T13:17:59.453+0000] {dag.py:3047} INFO - Sync 1 DAGs
[2025-06-03T13:17:59.463+0000] {logging_mixin.py:188} INFO - [2025-06-03T13:17:59.463+0000] {dag.py:3834} INFO - Setting next_dagrun for example_branch_python_operator_decorator to 2025-06-02 00:00:00+00:00, run_after=2025-06-03 00:00:00+00:00
[2025-06-03T13:17:59.472+0000] {processor.py:183} INFO - Processing /home/airflow/.local/lib/python3.8/site-packages/airflow/example_dags/example_branch_operator_decorator.py took 0.051 seconds
[2025-06-03T13:18:30.023+0000] {processor.py:161} INFO - Started process (PID=230) to work on /home/airflow/.local/lib/python3.8/site-packages/airflow/example_dags/example_branch_operator_decorator.py
[2025-06-03T13:18:30.024+0000] {processor.py:830} INFO - Processing file /home/airflow/.local/lib/python3.8/site-packages/airflow/example_dags/example_branch_operator_decorator.py for tasks to queue
[2025-06-03T13:18:30.024+0000] {logging_mixin.py:188} INFO - [2025-06-03T13:18:30.024+0000] {dagbag.py:540} INFO - Filling up the DagBag from /home/airflow/.local/lib/python3.8/site-packages/airflow/example_dags/example_branch_operator_decorator.py
[2025-06-03T13:18:30.035+0000] {processor.py:840} INFO - DAG(s) 'example_branch_python_operator_decorator' retrieved from /home/airflow/.local/lib/python3.8/site-packages/airflow/example_dags/example_branch_operator_decorator.py
[2025-06-03T13:18:30.047+0000] {logging_mixin.py:188} INFO - [2025-06-03T13:18:30.047+0000] {dag.py:3047} INFO - Sync 1 DAGs
[2025-06-03T13:18:30.056+0000] {logging_mixin.py:188} INFO - [2025-06-03T13:18:30.056+0000] {dag.py:3834} INFO - Setting next_dagrun for example_branch_python_operator_decorator to 2025-06-02 00:00:00+00:00, run_after=2025-06-03 00:00:00+00:00
[2025-06-03T13:18:30.065+0000] {processor.py:183} INFO - Processing /home/airflow/.local/lib/python3.8/site-packages/airflow/example_dags/example_branch_operator_decorator.py took 0.044 seconds
[2025-06-03T13:19:00.644+0000] {processor.py:161} INFO - Started process (PID=285) to work on /home/airflow/.local/lib/python3.8/site-packages/airflow/example_dags/example_branch_operator_decorator.py
[2025-06-03T13:19:00.644+0000] {processor.py:830} INFO - Processing file /home/airflow/.local/lib/python3.8/site-packages/airflow/example_dags/example_branch_operator_decorator.py for tasks to queue
[2025-06-03T13:19:00.645+0000] {logging_mixin.py:188} INFO - [2025-06-03T13:19:00.645+0000] {dagbag.py:540} INFO - Filling up the DagBag from /home/airflow/.local/lib/python3.8/site-packages/airflow/example_dags/example_branch_operator_decorator.py
[2025-06-03T13:19:00.653+0000] {processor.py:840} INFO - DAG(s) 'example_branch_python_operator_decorator' retrieved from /home/airflow/.local/lib/python3.8/site-packages/airflow/example_dags/example_branch_operator_decorator.py
[2025-06-03T13:19:00.663+0000] {logging_mixin.py:188} INFO - [2025-06-03T13:19:00.663+0000] {dag.py:3047} INFO - Sync 1 DAGs
[2025-06-03T13:19:00.671+0000] {logging_mixin.py:188} INFO - [2025-06-03T13:19:00.671+0000] {dag.py:3834} INFO - Setting next_dagrun for example_branch_python_operator_decorator to 2025-06-02 00:00:00+00:00, run_after=2025-06-03 00:00:00+00:00
[2025-06-03T13:19:00.677+0000] {processor.py:183} INFO - Processing /home/airflow/.local/lib/python3.8/site-packages/airflow/example_dags/example_branch_operator_decorator.py took 0.035 seconds
[2025-06-03T13:19:31.207+0000] {processor.py:161} INFO - Started process (PID=340) to work on /home/airflow/.local/lib/python3.8/site-packages/airflow/example_dags/example_branch_operator_decorator.py
[2025-06-03T13:19:31.207+0000] {processor.py:830} INFO - Processing file /home/airflow/.local/lib/python3.8/site-packages/airflow/example_dags/example_branch_operator_decorator.py for tasks to queue
[2025-06-03T13:19:31.208+0000] {logging_mixin.py:188} INFO - [2025-06-03T13:19:31.208+0000] {dagbag.py:540} INFO - Filling up the DagBag from /home/airflow/.local/lib/python3.8/site-packages/airflow/example_dags/example_branch_operator_decorator.py
[2025-06-03T13:19:31.216+0000] {processor.py:840} INFO - DAG(s) 'example_branch_python_operator_decorator' retrieved from /home/airflow/.local/lib/python3.8/site-packages/airflow/example_dags/example_branch_operator_decorator.py
[2025-06-03T13:19:31.225+0000] {logging_mixin.py:188} INFO - [2025-06-03T13:19:31.225+0000] {dag.py:3047} INFO - Sync 1 DAGs
[2025-06-03T13:19:31.233+0000] {logging_mixin.py:188} INFO - [2025-06-03T13:19:31.232+0000] {dag.py:3834} INFO - Setting next_dagrun for example_branch_python_operator_decorator to 2025-06-02 00:00:00+00:00, run_after=2025-06-03 00:00:00+00:00
[2025-06-03T13:19:31.239+0000] {processor.py:183} INFO - Processing /home/airflow/.local/lib/python3.8/site-packages/airflow/example_dags/example_branch_operator_decorator.py took 0.033 seconds
[2025-06-03T13:20:01.806+0000] {processor.py:161} INFO - Started process (PID=395) to work on /home/airflow/.local/lib/python3.8/site-packages/airflow/example_dags/example_branch_operator_decorator.py
[2025-06-03T13:20:01.806+0000] {processor.py:830} INFO - Processing file /home/airflow/.local/lib/python3.8/site-packages/airflow/example_dags/example_branch_operator_decorator.py for tasks to queue
[2025-06-03T13:20:01.807+0000] {logging_mixin.py:188} INFO - [2025-06-03T13:20:01.807+0000] {dagbag.py:540} INFO - Filling up the DagBag from /home/airflow/.local/lib/python3.8/site-packages/airflow/example_dags/example_branch_operator_decorator.py
[2025-06-03T13:20:01.818+0000] {processor.py:840} INFO - DAG(s) 'example_branch_python_operator_decorator' retrieved from /home/airflow/.local/lib/python3.8/site-packages/airflow/example_dags/example_branch_operator_decorator.py
[2025-06-03T13:20:01.828+0000] {logging_mixin.py:188} INFO - [2025-06-03T13:20:01.828+0000] {dag.py:3047} INFO - Sync 1 DAGs
[2025-06-03T13:20:01.840+0000] {logging_mixin.py:188} INFO - [2025-06-03T13:20:01.840+0000] {dag.py:3834} INFO - Setting next_dagrun for example_branch_python_operator_decorator to 2025-06-02 00:00:00+00:00, run_after=2025-06-03 00:00:00+00:00
[2025-06-03T13:20:01.848+0000] {processor.py:183} INFO - Processing /home/airflow/.local/lib/python3.8/site-packages/airflow/example_dags/example_branch_operator_decorator.py took 0.044 seconds
[2025-06-03T13:20:32.612+0000] {processor.py:161} INFO - Started process (PID=450) to work on /home/airflow/.local/lib/python3.8/site-packages/airflow/example_dags/example_branch_operator_decorator.py
[2025-06-03T13:20:32.613+0000] {processor.py:830} INFO - Processing file /home/airflow/.local/lib/python3.8/site-packages/airflow/example_dags/example_branch_operator_decorator.py for tasks to queue
[2025-06-03T13:20:32.615+0000] {logging_mixin.py:188} INFO - [2025-06-03T13:20:32.615+0000] {dagbag.py:540} INFO - Filling up the DagBag from /home/airflow/.local/lib/python3.8/site-packages/airflow/example_dags/example_branch_operator_decorator.py
[2025-06-03T13:20:32.628+0000] {processor.py:840} INFO - DAG(s) 'example_branch_python_operator_decorator' retrieved from /home/airflow/.local/lib/python3.8/site-packages/airflow/example_dags/example_branch_operator_decorator.py
[2025-06-03T13:20:32.654+0000] {logging_mixin.py:188} INFO - [2025-06-03T13:20:32.653+0000] {dag.py:3047} INFO - Sync 1 DAGs
[2025-06-03T13:20:32.672+0000] {logging_mixin.py:188} INFO - [2025-06-03T13:20:32.672+0000] {dag.py:3834} INFO - Setting next_dagrun for example_branch_python_operator_decorator to 2025-06-02 00:00:00+00:00, run_after=2025-06-03 00:00:00+00:00
[2025-06-03T13:20:32.684+0000] {processor.py:183} INFO - Processing /home/airflow/.local/lib/python3.8/site-packages/airflow/example_dags/example_branch_operator_decorator.py took 0.073 seconds
[2025-06-03T13:21:03.376+0000] {processor.py:161} INFO - Started process (PID=505) to work on /home/airflow/.local/lib/python3.8/site-packages/airflow/example_dags/example_branch_operator_decorator.py
[2025-06-03T13:21:03.377+0000] {processor.py:830} INFO - Processing file /home/airflow/.local/lib/python3.8/site-packages/airflow/example_dags/example_branch_operator_decorator.py for tasks to queue
[2025-06-03T13:21:03.379+0000] {logging_mixin.py:188} INFO - [2025-06-03T13:21:03.379+0000] {dagbag.py:540} INFO - Filling up the DagBag from /home/airflow/.local/lib/python3.8/site-packages/airflow/example_dags/example_branch_operator_decorator.py
[2025-06-03T13:21:03.394+0000] {processor.py:840} INFO - DAG(s) 'example_branch_python_operator_decorator' retrieved from /home/airflow/.local/lib/python3.8/site-packages/airflow/example_dags/example_branch_operator_decorator.py
[2025-06-03T13:21:03.415+0000] {logging_mixin.py:188} INFO - [2025-06-03T13:21:03.415+0000] {dag.py:3047} INFO - Sync 1 DAGs
[2025-06-03T13:21:03.429+0000] {logging_mixin.py:188} INFO - [2025-06-03T13:21:03.429+0000] {dag.py:3834} INFO - Setting next_dagrun for example_branch_python_operator_decorator to 2025-06-02 00:00:00+00:00, run_after=2025-06-03 00:00:00+00:00
[2025-06-03T13:21:03.441+0000] {processor.py:183} INFO - Processing /home/airflow/.local/lib/python3.8/site-packages/airflow/example_dags/example_branch_operator_decorator.py took 0.066 seconds
[2025-06-03T13:21:34.260+0000] {processor.py:161} INFO - Started process (PID=560) to work on /home/airflow/.local/lib/python3.8/site-packages/airflow/example_dags/example_branch_operator_decorator.py
[2025-06-03T13:21:34.261+0000] {processor.py:830} INFO - Processing file /home/airflow/.local/lib/python3.8/site-packages/airflow/example_dags/example_branch_operator_decorator.py for tasks to queue
[2025-06-03T13:21:34.262+0000] {logging_mixin.py:188} INFO - [2025-06-03T13:21:34.262+0000] {dagbag.py:540} INFO - Filling up the DagBag from /home/airflow/.local/lib/python3.8/site-packages/airflow/example_dags/example_branch_operator_decorator.py
[2025-06-03T13:21:34.273+0000] {processor.py:840} INFO - DAG(s) 'example_branch_python_operator_decorator' retrieved from /home/airflow/.local/lib/python3.8/site-packages/airflow/example_dags/example_branch_operator_decorator.py
[2025-06-03T13:21:34.293+0000] {logging_mixin.py:188} INFO - [2025-06-03T13:21:34.292+0000] {dag.py:3047} INFO - Sync 1 DAGs
[2025-06-03T13:21:34.304+0000] {logging_mixin.py:188} INFO - [2025-06-03T13:21:34.304+0000] {dag.py:3834} INFO - Setting next_dagrun for example_branch_python_operator_decorator to 2025-06-02 00:00:00+00:00, run_after=2025-06-03 00:00:00+00:00
[2025-06-03T13:21:34.313+0000] {processor.py:183} INFO - Processing /home/airflow/.local/lib/python3.8/site-packages/airflow/example_dags/example_branch_operator_decorator.py took 0.055 seconds
[2025-06-03T13:22:05.240+0000] {processor.py:161} INFO - Started process (PID=615) to work on /home/airflow/.local/lib/python3.8/site-packages/airflow/example_dags/example_branch_operator_decorator.py
[2025-06-03T13:22:05.241+0000] {processor.py:830} INFO - Processing file /home/airflow/.local/lib/python3.8/site-packages/airflow/example_dags/example_branch_operator_decorator.py for tasks to queue
[2025-06-03T13:22:05.242+0000] {logging_mixin.py:188} INFO - [2025-06-03T13:22:05.242+0000] {dagbag.py:540} INFO - Filling up the DagBag from /home/airflow/.local/lib/python3.8/site-packages/airflow/example_dags/example_branch_operator_decorator.py
[2025-06-03T13:22:05.261+0000] {processor.py:840} INFO - DAG(s) 'example_branch_python_operator_decorator' retrieved from /home/airflow/.local/lib/python3.8/site-packages/airflow/example_dags/example_branch_operator_decorator.py
[2025-06-03T13:22:05.277+0000] {logging_mixin.py:188} INFO - [2025-06-03T13:22:05.277+0000] {dag.py:3047} INFO - Sync 1 DAGs
[2025-06-03T13:22:05.287+0000] {logging_mixin.py:188} INFO - [2025-06-03T13:22:05.287+0000] {dag.py:3834} INFO - Setting next_dagrun for example_branch_python_operator_decorator to 2025-06-02 00:00:00+00:00, run_after=2025-06-03 00:00:00+00:00
[2025-06-03T13:22:05.295+0000] {processor.py:183} INFO - Processing /home/airflow/.local/lib/python3.8/site-packages/airflow/example_dags/example_branch_operator_decorator.py took 0.057 seconds
[2025-06-03T13:22:36.156+0000] {processor.py:161} INFO - Started process (PID=670) to work on /home/airflow/.local/lib/python3.8/site-packages/airflow/example_dags/example_branch_operator_decorator.py
[2025-06-03T13:22:36.157+0000] {processor.py:830} INFO - Processing file /home/airflow/.local/lib/python3.8/site-packages/airflow/example_dags/example_branch_operator_decorator.py for tasks to queue
[2025-06-03T13:22:36.158+0000] {logging_mixin.py:188} INFO - [2025-06-03T13:22:36.158+0000] {dagbag.py:540} INFO - Filling up the DagBag from /home/airflow/.local/lib/python3.8/site-packages/airflow/example_dags/example_branch_operator_decorator.py
[2025-06-03T13:22:36.171+0000] {processor.py:840} INFO - DAG(s) 'example_branch_python_operator_decorator' retrieved from /home/airflow/.local/lib/python3.8/site-packages/airflow/example_dags/example_branch_operator_decorator.py
[2025-06-03T13:22:36.183+0000] {logging_mixin.py:188} INFO - [2025-06-03T13:22:36.183+0000] {dag.py:3047} INFO - Sync 1 DAGs
[2025-06-03T13:22:36.192+0000] {logging_mixin.py:188} INFO - [2025-06-03T13:22:36.191+0000] {dag.py:3834} INFO - Setting next_dagrun for example_branch_python_operator_decorator to 2025-06-02 00:00:00+00:00, run_after=2025-06-03 00:00:00+00:00
[2025-06-03T13:22:36.199+0000] {processor.py:183} INFO - Processing /home/airflow/.local/lib/python3.8/site-packages/airflow/example_dags/example_branch_operator_decorator.py took 0.045 seconds
[2025-06-03T13:23:07.007+0000] {processor.py:161} INFO - Started process (PID=725) to work on /home/airflow/.local/lib/python3.8/site-packages/airflow/example_dags/example_branch_operator_decorator.py
[2025-06-03T13:23:07.008+0000] {processor.py:830} INFO - Processing file /home/airflow/.local/lib/python3.8/site-packages/airflow/example_dags/example_branch_operator_decorator.py for tasks to queue
[2025-06-03T13:23:07.011+0000] {logging_mixin.py:188} INFO - [2025-06-03T13:23:07.010+0000] {dagbag.py:540} INFO - Filling up the DagBag from /home/airflow/.local/lib/python3.8/site-packages/airflow/example_dags/example_branch_operator_decorator.py
[2025-06-03T13:23:07.025+0000] {processor.py:840} INFO - DAG(s) 'example_branch_python_operator_decorator' retrieved from /home/airflow/.local/lib/python3.8/site-packages/airflow/example_dags/example_branch_operator_decorator.py
[2025-06-03T13:23:07.049+0000] {logging_mixin.py:188} INFO - [2025-06-03T13:23:07.049+0000] {dag.py:3047} INFO - Sync 1 DAGs
[2025-06-03T13:23:07.063+0000] {logging_mixin.py:188} INFO - [2025-06-03T13:23:07.063+0000] {dag.py:3834} INFO - Setting next_dagrun for example_branch_python_operator_decorator to 2025-06-02 00:00:00+00:00, run_after=2025-06-03 00:00:00+00:00
[2025-06-03T13:23:07.072+0000] {processor.py:183} INFO - Processing /home/airflow/.local/lib/python3.8/site-packages/airflow/example_dags/example_branch_operator_decorator.py took 0.068 seconds
[2025-06-03T13:23:37.952+0000] {processor.py:161} INFO - Started process (PID=780) to work on /home/airflow/.local/lib/python3.8/site-packages/airflow/example_dags/example_branch_operator_decorator.py
[2025-06-03T13:23:37.952+0000] {processor.py:830} INFO - Processing file /home/airflow/.local/lib/python3.8/site-packages/airflow/example_dags/example_branch_operator_decorator.py for tasks to queue
[2025-06-03T13:23:37.953+0000] {logging_mixin.py:188} INFO - [2025-06-03T13:23:37.953+0000] {dagbag.py:540} INFO - Filling up the DagBag from /home/airflow/.local/lib/python3.8/site-packages/airflow/example_dags/example_branch_operator_decorator.py
[2025-06-03T13:23:37.962+0000] {processor.py:840} INFO - DAG(s) 'example_branch_python_operator_decorator' retrieved from /home/airflow/.local/lib/python3.8/site-packages/airflow/example_dags/example_branch_operator_decorator.py
[2025-06-03T13:23:37.975+0000] {logging_mixin.py:188} INFO - [2025-06-03T13:23:37.975+0000] {dag.py:3047} INFO - Sync 1 DAGs
[2025-06-03T13:23:37.983+0000] {logging_mixin.py:188} INFO - [2025-06-03T13:23:37.983+0000] {dag.py:3834} INFO - Setting next_dagrun for example_branch_python_operator_decorator to 2025-06-02 00:00:00+00:00, run_after=2025-06-03 00:00:00+00:00
[2025-06-03T13:23:37.989+0000] {processor.py:183} INFO - Processing /home/airflow/.local/lib/python3.8/site-packages/airflow/example_dags/example_branch_operator_decorator.py took 0.039 seconds
[2025-06-03T13:24:08.266+0000] {processor.py:161} INFO - Started process (PID=835) to work on /home/airflow/.local/lib/python3.8/site-packages/airflow/example_dags/example_branch_operator_decorator.py
[2025-06-03T13:24:08.268+0000] {processor.py:830} INFO - Processing file /home/airflow/.local/lib/python3.8/site-packages/airflow/example_dags/example_branch_operator_decorator.py for tasks to queue
[2025-06-03T13:24:08.271+0000] {logging_mixin.py:188} INFO - [2025-06-03T13:24:08.271+0000] {dagbag.py:540} INFO - Filling up the DagBag from /home/airflow/.local/lib/python3.8/site-packages/airflow/example_dags/example_branch_operator_decorator.py
[2025-06-03T13:24:08.282+0000] {processor.py:840} INFO - DAG(s) 'example_branch_python_operator_decorator' retrieved from /home/airflow/.local/lib/python3.8/site-packages/airflow/example_dags/example_branch_operator_decorator.py
[2025-06-03T13:24:08.294+0000] {logging_mixin.py:188} INFO - [2025-06-03T13:24:08.294+0000] {dag.py:3047} INFO - Sync 1 DAGs
[2025-06-03T13:24:08.303+0000] {logging_mixin.py:188} INFO - [2025-06-03T13:24:08.303+0000] {dag.py:3834} INFO - Setting next_dagrun for example_branch_python_operator_decorator to 2025-06-02 00:00:00+00:00, run_after=2025-06-03 00:00:00+00:00
[2025-06-03T13:24:08.312+0000] {processor.py:183} INFO - Processing /home/airflow/.local/lib/python3.8/site-packages/airflow/example_dags/example_branch_operator_decorator.py took 0.051 seconds
[2025-06-03T13:24:39.154+0000] {processor.py:161} INFO - Started process (PID=890) to work on /home/airflow/.local/lib/python3.8/site-packages/airflow/example_dags/example_branch_operator_decorator.py
[2025-06-03T13:24:39.155+0000] {processor.py:830} INFO - Processing file /home/airflow/.local/lib/python3.8/site-packages/airflow/example_dags/example_branch_operator_decorator.py for tasks to queue
[2025-06-03T13:24:39.156+0000] {logging_mixin.py:188} INFO - [2025-06-03T13:24:39.156+0000] {dagbag.py:540} INFO - Filling up the DagBag from /home/airflow/.local/lib/python3.8/site-packages/airflow/example_dags/example_branch_operator_decorator.py
[2025-06-03T13:24:39.164+0000] {processor.py:840} INFO - DAG(s) 'example_branch_python_operator_decorator' retrieved from /home/airflow/.local/lib/python3.8/site-packages/airflow/example_dags/example_branch_operator_decorator.py
[2025-06-03T13:24:39.175+0000] {logging_mixin.py:188} INFO - [2025-06-03T13:24:39.175+0000] {dag.py:3047} INFO - Sync 1 DAGs
[2025-06-03T13:24:39.184+0000] {logging_mixin.py:188} INFO - [2025-06-03T13:24:39.184+0000] {dag.py:3834} INFO - Setting next_dagrun for example_branch_python_operator_decorator to 2025-06-02 00:00:00+00:00, run_after=2025-06-03 00:00:00+00:00
[2025-06-03T13:24:39.190+0000] {processor.py:183} INFO - Processing /home/airflow/.local/lib/python3.8/site-packages/airflow/example_dags/example_branch_operator_decorator.py took 0.037 seconds
[2025-06-03T13:25:09.875+0000] {processor.py:161} INFO - Started process (PID=945) to work on /home/airflow/.local/lib/python3.8/site-packages/airflow/example_dags/example_branch_operator_decorator.py
[2025-06-03T13:25:09.876+0000] {processor.py:830} INFO - Processing file /home/airflow/.local/lib/python3.8/site-packages/airflow/example_dags/example_branch_operator_decorator.py for tasks to queue
[2025-06-03T13:25:09.877+0000] {logging_mixin.py:188} INFO - [2025-06-03T13:25:09.876+0000] {dagbag.py:540} INFO - Filling up the DagBag from /home/airflow/.local/lib/python3.8/site-packages/airflow/example_dags/example_branch_operator_decorator.py
[2025-06-03T13:25:09.887+0000] {processor.py:840} INFO - DAG(s) 'example_branch_python_operator_decorator' retrieved from /home/airflow/.local/lib/python3.8/site-packages/airflow/example_dags/example_branch_operator_decorator.py
[2025-06-03T13:25:09.904+0000] {logging_mixin.py:188} INFO - [2025-06-03T13:25:09.904+0000] {dag.py:3047} INFO - Sync 1 DAGs
[2025-06-03T13:25:09.918+0000] {logging_mixin.py:188} INFO - [2025-06-03T13:25:09.917+0000] {dag.py:3834} INFO - Setting next_dagrun for example_branch_python_operator_decorator to 2025-06-02 00:00:00+00:00, run_after=2025-06-03 00:00:00+00:00
[2025-06-03T13:25:09.924+0000] {processor.py:183} INFO - Processing /home/airflow/.local/lib/python3.8/site-packages/airflow/example_dags/example_branch_operator_decorator.py took 0.051 seconds
[2025-06-03T13:25:40.486+0000] {processor.py:161} INFO - Started process (PID=1000) to work on /home/airflow/.local/lib/python3.8/site-packages/airflow/example_dags/example_branch_operator_decorator.py
[2025-06-03T13:25:40.487+0000] {processor.py:830} INFO - Processing file /home/airflow/.local/lib/python3.8/site-packages/airflow/example_dags/example_branch_operator_decorator.py for tasks to queue
[2025-06-03T13:25:40.488+0000] {logging_mixin.py:188} INFO - [2025-06-03T13:25:40.488+0000] {dagbag.py:540} INFO - Filling up the DagBag from /home/airflow/.local/lib/python3.8/site-packages/airflow/example_dags/example_branch_operator_decorator.py
[2025-06-03T13:25:40.501+0000] {processor.py:840} INFO - DAG(s) 'example_branch_python_operator_decorator' retrieved from /home/airflow/.local/lib/python3.8/site-packages/airflow/example_dags/example_branch_operator_decorator.py
[2025-06-03T13:25:40.517+0000] {logging_mixin.py:188} INFO - [2025-06-03T13:25:40.517+0000] {dag.py:3047} INFO - Sync 1 DAGs
[2025-06-03T13:25:40.529+0000] {logging_mixin.py:188} INFO - [2025-06-03T13:25:40.529+0000] {dag.py:3834} INFO - Setting next_dagrun for example_branch_python_operator_decorator to 2025-06-02 00:00:00+00:00, run_after=2025-06-03 00:00:00+00:00
[2025-06-03T13:25:40.542+0000] {processor.py:183} INFO - Processing /home/airflow/.local/lib/python3.8/site-packages/airflow/example_dags/example_branch_operator_decorator.py took 0.057 seconds
[2025-06-03T13:26:10.575+0000] {processor.py:161} INFO - Started process (PID=1055) to work on /home/airflow/.local/lib/python3.8/site-packages/airflow/example_dags/example_branch_operator_decorator.py
[2025-06-03T13:26:10.575+0000] {processor.py:830} INFO - Processing file /home/airflow/.local/lib/python3.8/site-packages/airflow/example_dags/example_branch_operator_decorator.py for tasks to queue
[2025-06-03T13:26:10.576+0000] {logging_mixin.py:188} INFO - [2025-06-03T13:26:10.576+0000] {dagbag.py:540} INFO - Filling up the DagBag from /home/airflow/.local/lib/python3.8/site-packages/airflow/example_dags/example_branch_operator_decorator.py
[2025-06-03T13:26:10.586+0000] {processor.py:840} INFO - DAG(s) 'example_branch_python_operator_decorator' retrieved from /home/airflow/.local/lib/python3.8/site-packages/airflow/example_dags/example_branch_operator_decorator.py
[2025-06-03T13:26:10.598+0000] {logging_mixin.py:188} INFO - [2025-06-03T13:26:10.598+0000] {dag.py:3047} INFO - Sync 1 DAGs
[2025-06-03T13:26:10.606+0000] {logging_mixin.py:188} INFO - [2025-06-03T13:26:10.606+0000] {dag.py:3834} INFO - Setting next_dagrun for example_branch_python_operator_decorator to 2025-06-02 00:00:00+00:00, run_after=2025-06-03 00:00:00+00:00
[2025-06-03T13:26:10.612+0000] {processor.py:183} INFO - Processing /home/airflow/.local/lib/python3.8/site-packages/airflow/example_dags/example_branch_operator_decorator.py took 0.039 seconds
[2025-06-03T13:26:40.800+0000] {processor.py:161} INFO - Started process (PID=1110) to work on /home/airflow/.local/lib/python3.8/site-packages/airflow/example_dags/example_branch_operator_decorator.py
[2025-06-03T13:26:40.801+0000] {processor.py:830} INFO - Processing file /home/airflow/.local/lib/python3.8/site-packages/airflow/example_dags/example_branch_operator_decorator.py for tasks to queue
[2025-06-03T13:26:40.801+0000] {logging_mixin.py:188} INFO - [2025-06-03T13:26:40.801+0000] {dagbag.py:540} INFO - Filling up the DagBag from /home/airflow/.local/lib/python3.8/site-packages/airflow/example_dags/example_branch_operator_decorator.py
[2025-06-03T13:26:40.817+0000] {processor.py:840} INFO - DAG(s) 'example_branch_python_operator_decorator' retrieved from /home/airflow/.local/lib/python3.8/site-packages/airflow/example_dags/example_branch_operator_decorator.py
[2025-06-03T13:26:40.834+0000] {logging_mixin.py:188} INFO - [2025-06-03T13:26:40.834+0000] {dag.py:3047} INFO - Sync 1 DAGs
[2025-06-03T13:26:40.847+0000] {logging_mixin.py:188} INFO - [2025-06-03T13:26:40.847+0000] {dag.py:3834} INFO - Setting next_dagrun for example_branch_python_operator_decorator to 2025-06-02 00:00:00+00:00, run_after=2025-06-03 00:00:00+00:00
[2025-06-03T13:26:40.858+0000] {processor.py:183} INFO - Processing /home/airflow/.local/lib/python3.8/site-packages/airflow/example_dags/example_branch_operator_decorator.py took 0.061 seconds
[2025-06-03T13:27:11.453+0000] {processor.py:161} INFO - Started process (PID=1165) to work on /home/airflow/.local/lib/python3.8/site-packages/airflow/example_dags/example_branch_operator_decorator.py
[2025-06-03T13:27:11.455+0000] {processor.py:830} INFO - Processing file /home/airflow/.local/lib/python3.8/site-packages/airflow/example_dags/example_branch_operator_decorator.py for tasks to queue
[2025-06-03T13:27:11.456+0000] {logging_mixin.py:188} INFO - [2025-06-03T13:27:11.456+0000] {dagbag.py:540} INFO - Filling up the DagBag from /home/airflow/.local/lib/python3.8/site-packages/airflow/example_dags/example_branch_operator_decorator.py
[2025-06-03T13:27:11.476+0000] {processor.py:840} INFO - DAG(s) 'example_branch_python_operator_decorator' retrieved from /home/airflow/.local/lib/python3.8/site-packages/airflow/example_dags/example_branch_operator_decorator.py
[2025-06-03T13:27:11.490+0000] {logging_mixin.py:188} INFO - [2025-06-03T13:27:11.490+0000] {dag.py:3047} INFO - Sync 1 DAGs
[2025-06-03T13:27:11.502+0000] {logging_mixin.py:188} INFO - [2025-06-03T13:27:11.501+0000] {dag.py:3834} INFO - Setting next_dagrun for example_branch_python_operator_decorator to 2025-06-02 00:00:00+00:00, run_after=2025-06-03 00:00:00+00:00
[2025-06-03T13:27:11.511+0000] {processor.py:183} INFO - Processing /home/airflow/.local/lib/python3.8/site-packages/airflow/example_dags/example_branch_operator_decorator.py took 0.060 seconds
[2025-06-03T13:27:42.069+0000] {processor.py:161} INFO - Started process (PID=1220) to work on /home/airflow/.local/lib/python3.8/site-packages/airflow/example_dags/example_branch_operator_decorator.py
[2025-06-03T13:27:42.071+0000] {processor.py:830} INFO - Processing file /home/airflow/.local/lib/python3.8/site-packages/airflow/example_dags/example_branch_operator_decorator.py for tasks to queue
[2025-06-03T13:27:42.071+0000] {logging_mixin.py:188} INFO - [2025-06-03T13:27:42.071+0000] {dagbag.py:540} INFO - Filling up the DagBag from /home/airflow/.local/lib/python3.8/site-packages/airflow/example_dags/example_branch_operator_decorator.py
[2025-06-03T13:27:42.091+0000] {processor.py:840} INFO - DAG(s) 'example_branch_python_operator_decorator' retrieved from /home/airflow/.local/lib/python3.8/site-packages/airflow/example_dags/example_branch_operator_decorator.py
[2025-06-03T13:27:42.103+0000] {logging_mixin.py:188} INFO - [2025-06-03T13:27:42.103+0000] {dag.py:3047} INFO - Sync 1 DAGs
[2025-06-03T13:27:42.112+0000] {logging_mixin.py:188} INFO - [2025-06-03T13:27:42.112+0000] {dag.py:3834} INFO - Setting next_dagrun for example_branch_python_operator_decorator to 2025-06-02 00:00:00+00:00, run_after=2025-06-03 00:00:00+00:00
[2025-06-03T13:27:42.119+0000] {processor.py:183} INFO - Processing /home/airflow/.local/lib/python3.8/site-packages/airflow/example_dags/example_branch_operator_decorator.py took 0.052 seconds
[2025-06-03T13:28:12.648+0000] {processor.py:161} INFO - Started process (PID=1275) to work on /home/airflow/.local/lib/python3.8/site-packages/airflow/example_dags/example_branch_operator_decorator.py
[2025-06-03T13:28:12.649+0000] {processor.py:830} INFO - Processing file /home/airflow/.local/lib/python3.8/site-packages/airflow/example_dags/example_branch_operator_decorator.py for tasks to queue
[2025-06-03T13:28:12.650+0000] {logging_mixin.py:188} INFO - [2025-06-03T13:28:12.650+0000] {dagbag.py:540} INFO - Filling up the DagBag from /home/airflow/.local/lib/python3.8/site-packages/airflow/example_dags/example_branch_operator_decorator.py
[2025-06-03T13:28:12.665+0000] {processor.py:840} INFO - DAG(s) 'example_branch_python_operator_decorator' retrieved from /home/airflow/.local/lib/python3.8/site-packages/airflow/example_dags/example_branch_operator_decorator.py
[2025-06-03T13:28:12.682+0000] {logging_mixin.py:188} INFO - [2025-06-03T13:28:12.682+0000] {dag.py:3047} INFO - Sync 1 DAGs
[2025-06-03T13:28:12.693+0000] {logging_mixin.py:188} INFO - [2025-06-03T13:28:12.693+0000] {dag.py:3834} INFO - Setting next_dagrun for example_branch_python_operator_decorator to 2025-06-02 00:00:00+00:00, run_after=2025-06-03 00:00:00+00:00
[2025-06-03T13:28:12.703+0000] {processor.py:183} INFO - Processing /home/airflow/.local/lib/python3.8/site-packages/airflow/example_dags/example_branch_operator_decorator.py took 0.057 seconds
[2025-06-03T13:28:42.778+0000] {processor.py:161} INFO - Started process (PID=1330) to work on /home/airflow/.local/lib/python3.8/site-packages/airflow/example_dags/example_branch_operator_decorator.py
[2025-06-03T13:28:42.779+0000] {processor.py:830} INFO - Processing file /home/airflow/.local/lib/python3.8/site-packages/airflow/example_dags/example_branch_operator_decorator.py for tasks to queue
[2025-06-03T13:28:42.783+0000] {logging_mixin.py:188} INFO - [2025-06-03T13:28:42.782+0000] {dagbag.py:540} INFO - Filling up the DagBag from /home/airflow/.local/lib/python3.8/site-packages/airflow/example_dags/example_branch_operator_decorator.py
[2025-06-03T13:28:42.811+0000] {processor.py:840} INFO - DAG(s) 'example_branch_python_operator_decorator' retrieved from /home/airflow/.local/lib/python3.8/site-packages/airflow/example_dags/example_branch_operator_decorator.py
[2025-06-03T13:28:42.849+0000] {logging_mixin.py:188} INFO - [2025-06-03T13:28:42.849+0000] {dag.py:3047} INFO - Sync 1 DAGs
[2025-06-03T13:28:42.914+0000] {logging_mixin.py:188} INFO - [2025-06-03T13:28:42.914+0000] {dag.py:3834} INFO - Setting next_dagrun for example_branch_python_operator_decorator to 2025-06-02 00:00:00+00:00, run_after=2025-06-03 00:00:00+00:00
[2025-06-03T13:28:42.929+0000] {processor.py:183} INFO - Processing /home/airflow/.local/lib/python3.8/site-packages/airflow/example_dags/example_branch_operator_decorator.py took 0.155 seconds
[2025-06-03T13:29:13.540+0000] {processor.py:161} INFO - Started process (PID=1385) to work on /home/airflow/.local/lib/python3.8/site-packages/airflow/example_dags/example_branch_operator_decorator.py
[2025-06-03T13:29:13.541+0000] {processor.py:830} INFO - Processing file /home/airflow/.local/lib/python3.8/site-packages/airflow/example_dags/example_branch_operator_decorator.py for tasks to queue
[2025-06-03T13:29:13.544+0000] {logging_mixin.py:188} INFO - [2025-06-03T13:29:13.543+0000] {dagbag.py:540} INFO - Filling up the DagBag from /home/airflow/.local/lib/python3.8/site-packages/airflow/example_dags/example_branch_operator_decorator.py
[2025-06-03T13:29:13.552+0000] {processor.py:840} INFO - DAG(s) 'example_branch_python_operator_decorator' retrieved from /home/airflow/.local/lib/python3.8/site-packages/airflow/example_dags/example_branch_operator_decorator.py
[2025-06-03T13:29:13.562+0000] {logging_mixin.py:188} INFO - [2025-06-03T13:29:13.562+0000] {dag.py:3047} INFO - Sync 1 DAGs
[2025-06-03T13:29:13.570+0000] {logging_mixin.py:188} INFO - [2025-06-03T13:29:13.570+0000] {dag.py:3834} INFO - Setting next_dagrun for example_branch_python_operator_decorator to 2025-06-02 00:00:00+00:00, run_after=2025-06-03 00:00:00+00:00
[2025-06-03T13:29:13.576+0000] {processor.py:183} INFO - Processing /home/airflow/.local/lib/python3.8/site-packages/airflow/example_dags/example_branch_operator_decorator.py took 0.037 seconds
[2025-06-03T13:29:43.879+0000] {processor.py:161} INFO - Started process (PID=1440) to work on /home/airflow/.local/lib/python3.8/site-packages/airflow/example_dags/example_branch_operator_decorator.py
[2025-06-03T13:29:43.881+0000] {processor.py:830} INFO - Processing file /home/airflow/.local/lib/python3.8/site-packages/airflow/example_dags/example_branch_operator_decorator.py for tasks to queue
[2025-06-03T13:29:43.882+0000] {logging_mixin.py:188} INFO - [2025-06-03T13:29:43.881+0000] {dagbag.py:540} INFO - Filling up the DagBag from /home/airflow/.local/lib/python3.8/site-packages/airflow/example_dags/example_branch_operator_decorator.py
[2025-06-03T13:29:43.890+0000] {processor.py:840} INFO - DAG(s) 'example_branch_python_operator_decorator' retrieved from /home/airflow/.local/lib/python3.8/site-packages/airflow/example_dags/example_branch_operator_decorator.py
[2025-06-03T13:29:43.901+0000] {logging_mixin.py:188} INFO - [2025-06-03T13:29:43.900+0000] {dag.py:3047} INFO - Sync 1 DAGs
[2025-06-03T13:29:43.908+0000] {logging_mixin.py:188} INFO - [2025-06-03T13:29:43.908+0000] {dag.py:3834} INFO - Setting next_dagrun for example_branch_python_operator_decorator to 2025-06-02 00:00:00+00:00, run_after=2025-06-03 00:00:00+00:00
[2025-06-03T13:29:43.914+0000] {processor.py:183} INFO - Processing /home/airflow/.local/lib/python3.8/site-packages/airflow/example_dags/example_branch_operator_decorator.py took 0.036 seconds
[2025-06-03T13:30:14.216+0000] {processor.py:161} INFO - Started process (PID=1495) to work on /home/airflow/.local/lib/python3.8/site-packages/airflow/example_dags/example_branch_operator_decorator.py
[2025-06-03T13:30:14.218+0000] {processor.py:830} INFO - Processing file /home/airflow/.local/lib/python3.8/site-packages/airflow/example_dags/example_branch_operator_decorator.py for tasks to queue
[2025-06-03T13:30:14.219+0000] {logging_mixin.py:188} INFO - [2025-06-03T13:30:14.219+0000] {dagbag.py:540} INFO - Filling up the DagBag from /home/airflow/.local/lib/python3.8/site-packages/airflow/example_dags/example_branch_operator_decorator.py
[2025-06-03T13:30:14.228+0000] {processor.py:840} INFO - DAG(s) 'example_branch_python_operator_decorator' retrieved from /home/airflow/.local/lib/python3.8/site-packages/airflow/example_dags/example_branch_operator_decorator.py
[2025-06-03T13:30:14.239+0000] {logging_mixin.py:188} INFO - [2025-06-03T13:30:14.239+0000] {dag.py:3047} INFO - Sync 1 DAGs
[2025-06-03T13:30:14.247+0000] {logging_mixin.py:188} INFO - [2025-06-03T13:30:14.247+0000] {dag.py:3834} INFO - Setting next_dagrun for example_branch_python_operator_decorator to 2025-06-02 00:00:00+00:00, run_after=2025-06-03 00:00:00+00:00
[2025-06-03T13:30:14.254+0000] {processor.py:183} INFO - Processing /home/airflow/.local/lib/python3.8/site-packages/airflow/example_dags/example_branch_operator_decorator.py took 0.039 seconds
[2025-06-03T13:30:44.539+0000] {processor.py:161} INFO - Started process (PID=1549) to work on /home/airflow/.local/lib/python3.8/site-packages/airflow/example_dags/example_branch_operator_decorator.py
[2025-06-03T13:30:44.543+0000] {processor.py:830} INFO - Processing file /home/airflow/.local/lib/python3.8/site-packages/airflow/example_dags/example_branch_operator_decorator.py for tasks to queue
[2025-06-03T13:30:44.543+0000] {logging_mixin.py:188} INFO - [2025-06-03T13:30:44.543+0000] {dagbag.py:540} INFO - Filling up the DagBag from /home/airflow/.local/lib/python3.8/site-packages/airflow/example_dags/example_branch_operator_decorator.py
[2025-06-03T13:30:44.552+0000] {processor.py:840} INFO - DAG(s) 'example_branch_python_operator_decorator' retrieved from /home/airflow/.local/lib/python3.8/site-packages/airflow/example_dags/example_branch_operator_decorator.py
[2025-06-03T13:30:44.563+0000] {logging_mixin.py:188} INFO - [2025-06-03T13:30:44.563+0000] {dag.py:3047} INFO - Sync 1 DAGs
[2025-06-03T13:30:44.573+0000] {logging_mixin.py:188} INFO - [2025-06-03T13:30:44.573+0000] {dag.py:3834} INFO - Setting next_dagrun for example_branch_python_operator_decorator to 2025-06-02 00:00:00+00:00, run_after=2025-06-03 00:00:00+00:00
[2025-06-03T13:30:44.579+0000] {processor.py:183} INFO - Processing /home/airflow/.local/lib/python3.8/site-packages/airflow/example_dags/example_branch_operator_decorator.py took 0.041 seconds
[2025-06-03T13:31:14.851+0000] {processor.py:161} INFO - Started process (PID=1604) to work on /home/airflow/.local/lib/python3.8/site-packages/airflow/example_dags/example_branch_operator_decorator.py
[2025-06-03T13:31:14.852+0000] {processor.py:830} INFO - Processing file /home/airflow/.local/lib/python3.8/site-packages/airflow/example_dags/example_branch_operator_decorator.py for tasks to queue
[2025-06-03T13:31:14.852+0000] {logging_mixin.py:188} INFO - [2025-06-03T13:31:14.852+0000] {dagbag.py:540} INFO - Filling up the DagBag from /home/airflow/.local/lib/python3.8/site-packages/airflow/example_dags/example_branch_operator_decorator.py
[2025-06-03T13:31:14.861+0000] {processor.py:840} INFO - DAG(s) 'example_branch_python_operator_decorator' retrieved from /home/airflow/.local/lib/python3.8/site-packages/airflow/example_dags/example_branch_operator_decorator.py
[2025-06-03T13:31:14.871+0000] {logging_mixin.py:188} INFO - [2025-06-03T13:31:14.871+0000] {dag.py:3047} INFO - Sync 1 DAGs
[2025-06-03T13:31:14.880+0000] {logging_mixin.py:188} INFO - [2025-06-03T13:31:14.880+0000] {dag.py:3834} INFO - Setting next_dagrun for example_branch_python_operator_decorator to 2025-06-02 00:00:00+00:00, run_after=2025-06-03 00:00:00+00:00
[2025-06-03T13:31:14.886+0000] {processor.py:183} INFO - Processing /home/airflow/.local/lib/python3.8/site-packages/airflow/example_dags/example_branch_operator_decorator.py took 0.036 seconds
[2025-06-03T13:31:45.097+0000] {processor.py:161} INFO - Started process (PID=1659) to work on /home/airflow/.local/lib/python3.8/site-packages/airflow/example_dags/example_branch_operator_decorator.py
[2025-06-03T13:31:45.098+0000] {processor.py:830} INFO - Processing file /home/airflow/.local/lib/python3.8/site-packages/airflow/example_dags/example_branch_operator_decorator.py for tasks to queue
[2025-06-03T13:31:45.099+0000] {logging_mixin.py:188} INFO - [2025-06-03T13:31:45.098+0000] {dagbag.py:540} INFO - Filling up the DagBag from /home/airflow/.local/lib/python3.8/site-packages/airflow/example_dags/example_branch_operator_decorator.py
[2025-06-03T13:31:45.106+0000] {processor.py:840} INFO - DAG(s) 'example_branch_python_operator_decorator' retrieved from /home/airflow/.local/lib/python3.8/site-packages/airflow/example_dags/example_branch_operator_decorator.py
[2025-06-03T13:31:45.116+0000] {logging_mixin.py:188} INFO - [2025-06-03T13:31:45.116+0000] {dag.py:3047} INFO - Sync 1 DAGs
[2025-06-03T13:31:45.124+0000] {logging_mixin.py:188} INFO - [2025-06-03T13:31:45.123+0000] {dag.py:3834} INFO - Setting next_dagrun for example_branch_python_operator_decorator to 2025-06-02 00:00:00+00:00, run_after=2025-06-03 00:00:00+00:00
[2025-06-03T13:31:45.129+0000] {processor.py:183} INFO - Processing /home/airflow/.local/lib/python3.8/site-packages/airflow/example_dags/example_branch_operator_decorator.py took 0.033 seconds
[2025-06-03T13:32:15.426+0000] {processor.py:161} INFO - Started process (PID=1714) to work on /home/airflow/.local/lib/python3.8/site-packages/airflow/example_dags/example_branch_operator_decorator.py
[2025-06-03T13:32:15.426+0000] {processor.py:830} INFO - Processing file /home/airflow/.local/lib/python3.8/site-packages/airflow/example_dags/example_branch_operator_decorator.py for tasks to queue
[2025-06-03T13:32:15.429+0000] {logging_mixin.py:188} INFO - [2025-06-03T13:32:15.429+0000] {dagbag.py:540} INFO - Filling up the DagBag from /home/airflow/.local/lib/python3.8/site-packages/airflow/example_dags/example_branch_operator_decorator.py
[2025-06-03T13:32:15.438+0000] {processor.py:840} INFO - DAG(s) 'example_branch_python_operator_decorator' retrieved from /home/airflow/.local/lib/python3.8/site-packages/airflow/example_dags/example_branch_operator_decorator.py
[2025-06-03T13:32:15.448+0000] {logging_mixin.py:188} INFO - [2025-06-03T13:32:15.448+0000] {dag.py:3047} INFO - Sync 1 DAGs
[2025-06-03T13:32:15.457+0000] {logging_mixin.py:188} INFO - [2025-06-03T13:32:15.456+0000] {dag.py:3834} INFO - Setting next_dagrun for example_branch_python_operator_decorator to 2025-06-02 00:00:00+00:00, run_after=2025-06-03 00:00:00+00:00
[2025-06-03T13:32:15.464+0000] {processor.py:183} INFO - Processing /home/airflow/.local/lib/python3.8/site-packages/airflow/example_dags/example_branch_operator_decorator.py took 0.040 seconds
[2025-06-03T13:32:45.709+0000] {processor.py:161} INFO - Started process (PID=1769) to work on /home/airflow/.local/lib/python3.8/site-packages/airflow/example_dags/example_branch_operator_decorator.py
[2025-06-03T13:32:45.711+0000] {processor.py:830} INFO - Processing file /home/airflow/.local/lib/python3.8/site-packages/airflow/example_dags/example_branch_operator_decorator.py for tasks to queue
[2025-06-03T13:32:45.712+0000] {logging_mixin.py:188} INFO - [2025-06-03T13:32:45.712+0000] {dagbag.py:540} INFO - Filling up the DagBag from /home/airflow/.local/lib/python3.8/site-packages/airflow/example_dags/example_branch_operator_decorator.py
[2025-06-03T13:32:45.721+0000] {processor.py:840} INFO - DAG(s) 'example_branch_python_operator_decorator' retrieved from /home/airflow/.local/lib/python3.8/site-packages/airflow/example_dags/example_branch_operator_decorator.py
[2025-06-03T13:32:45.732+0000] {logging_mixin.py:188} INFO - [2025-06-03T13:32:45.732+0000] {dag.py:3047} INFO - Sync 1 DAGs
[2025-06-03T13:32:45.742+0000] {logging_mixin.py:188} INFO - [2025-06-03T13:32:45.741+0000] {dag.py:3834} INFO - Setting next_dagrun for example_branch_python_operator_decorator to 2025-06-02 00:00:00+00:00, run_after=2025-06-03 00:00:00+00:00
[2025-06-03T13:32:45.748+0000] {processor.py:183} INFO - Processing /home/airflow/.local/lib/python3.8/site-packages/airflow/example_dags/example_branch_operator_decorator.py took 0.040 seconds
[2025-06-03T13:33:16.019+0000] {processor.py:161} INFO - Started process (PID=1824) to work on /home/airflow/.local/lib/python3.8/site-packages/airflow/example_dags/example_branch_operator_decorator.py
[2025-06-03T13:33:16.021+0000] {processor.py:830} INFO - Processing file /home/airflow/.local/lib/python3.8/site-packages/airflow/example_dags/example_branch_operator_decorator.py for tasks to queue
[2025-06-03T13:33:16.022+0000] {logging_mixin.py:188} INFO - [2025-06-03T13:33:16.022+0000] {dagbag.py:540} INFO - Filling up the DagBag from /home/airflow/.local/lib/python3.8/site-packages/airflow/example_dags/example_branch_operator_decorator.py
[2025-06-03T13:33:16.030+0000] {processor.py:840} INFO - DAG(s) 'example_branch_python_operator_decorator' retrieved from /home/airflow/.local/lib/python3.8/site-packages/airflow/example_dags/example_branch_operator_decorator.py
[2025-06-03T13:33:16.041+0000] {logging_mixin.py:188} INFO - [2025-06-03T13:33:16.041+0000] {dag.py:3047} INFO - Sync 1 DAGs
[2025-06-03T13:33:16.050+0000] {logging_mixin.py:188} INFO - [2025-06-03T13:33:16.050+0000] {dag.py:3834} INFO - Setting next_dagrun for example_branch_python_operator_decorator to 2025-06-02 00:00:00+00:00, run_after=2025-06-03 00:00:00+00:00
[2025-06-03T13:33:16.056+0000] {processor.py:183} INFO - Processing /home/airflow/.local/lib/python3.8/site-packages/airflow/example_dags/example_branch_operator_decorator.py took 0.039 seconds
[2025-06-03T13:33:46.310+0000] {processor.py:161} INFO - Started process (PID=1879) to work on /home/airflow/.local/lib/python3.8/site-packages/airflow/example_dags/example_branch_operator_decorator.py
[2025-06-03T13:33:46.310+0000] {processor.py:830} INFO - Processing file /home/airflow/.local/lib/python3.8/site-packages/airflow/example_dags/example_branch_operator_decorator.py for tasks to queue
[2025-06-03T13:33:46.311+0000] {logging_mixin.py:188} INFO - [2025-06-03T13:33:46.311+0000] {dagbag.py:540} INFO - Filling up the DagBag from /home/airflow/.local/lib/python3.8/site-packages/airflow/example_dags/example_branch_operator_decorator.py
[2025-06-03T13:33:46.319+0000] {processor.py:840} INFO - DAG(s) 'example_branch_python_operator_decorator' retrieved from /home/airflow/.local/lib/python3.8/site-packages/airflow/example_dags/example_branch_operator_decorator.py
[2025-06-03T13:33:46.329+0000] {logging_mixin.py:188} INFO - [2025-06-03T13:33:46.329+0000] {dag.py:3047} INFO - Sync 1 DAGs
[2025-06-03T13:33:46.337+0000] {logging_mixin.py:188} INFO - [2025-06-03T13:33:46.337+0000] {dag.py:3834} INFO - Setting next_dagrun for example_branch_python_operator_decorator to 2025-06-02 00:00:00+00:00, run_after=2025-06-03 00:00:00+00:00
[2025-06-03T13:33:46.346+0000] {processor.py:183} INFO - Processing /home/airflow/.local/lib/python3.8/site-packages/airflow/example_dags/example_branch_operator_decorator.py took 0.038 seconds
[2025-06-03T13:34:16.578+0000] {processor.py:161} INFO - Started process (PID=1934) to work on /home/airflow/.local/lib/python3.8/site-packages/airflow/example_dags/example_branch_operator_decorator.py
[2025-06-03T13:34:16.579+0000] {processor.py:830} INFO - Processing file /home/airflow/.local/lib/python3.8/site-packages/airflow/example_dags/example_branch_operator_decorator.py for tasks to queue
[2025-06-03T13:34:16.580+0000] {logging_mixin.py:188} INFO - [2025-06-03T13:34:16.579+0000] {dagbag.py:540} INFO - Filling up the DagBag from /home/airflow/.local/lib/python3.8/site-packages/airflow/example_dags/example_branch_operator_decorator.py
[2025-06-03T13:34:16.587+0000] {processor.py:840} INFO - DAG(s) 'example_branch_python_operator_decorator' retrieved from /home/airflow/.local/lib/python3.8/site-packages/airflow/example_dags/example_branch_operator_decorator.py
[2025-06-03T13:34:16.598+0000] {logging_mixin.py:188} INFO - [2025-06-03T13:34:16.598+0000] {dag.py:3047} INFO - Sync 1 DAGs
[2025-06-03T13:34:16.607+0000] {logging_mixin.py:188} INFO - [2025-06-03T13:34:16.606+0000] {dag.py:3834} INFO - Setting next_dagrun for example_branch_python_operator_decorator to 2025-06-02 00:00:00+00:00, run_after=2025-06-03 00:00:00+00:00
[2025-06-03T13:34:16.613+0000] {processor.py:183} INFO - Processing /home/airflow/.local/lib/python3.8/site-packages/airflow/example_dags/example_branch_operator_decorator.py took 0.036 seconds
[2025-06-03T13:34:46.956+0000] {processor.py:161} INFO - Started process (PID=1989) to work on /home/airflow/.local/lib/python3.8/site-packages/airflow/example_dags/example_branch_operator_decorator.py
[2025-06-03T13:34:46.956+0000] {processor.py:830} INFO - Processing file /home/airflow/.local/lib/python3.8/site-packages/airflow/example_dags/example_branch_operator_decorator.py for tasks to queue
[2025-06-03T13:34:46.957+0000] {logging_mixin.py:188} INFO - [2025-06-03T13:34:46.957+0000] {dagbag.py:540} INFO - Filling up the DagBag from /home/airflow/.local/lib/python3.8/site-packages/airflow/example_dags/example_branch_operator_decorator.py
[2025-06-03T13:34:46.967+0000] {processor.py:840} INFO - DAG(s) 'example_branch_python_operator_decorator' retrieved from /home/airflow/.local/lib/python3.8/site-packages/airflow/example_dags/example_branch_operator_decorator.py
[2025-06-03T13:34:46.979+0000] {logging_mixin.py:188} INFO - [2025-06-03T13:34:46.978+0000] {dag.py:3047} INFO - Sync 1 DAGs
[2025-06-03T13:34:46.987+0000] {logging_mixin.py:188} INFO - [2025-06-03T13:34:46.987+0000] {dag.py:3834} INFO - Setting next_dagrun for example_branch_python_operator_decorator to 2025-06-02 00:00:00+00:00, run_after=2025-06-03 00:00:00+00:00
[2025-06-03T13:34:46.995+0000] {processor.py:183} INFO - Processing /home/airflow/.local/lib/python3.8/site-packages/airflow/example_dags/example_branch_operator_decorator.py took 0.041 seconds
[2025-06-03T13:35:17.476+0000] {processor.py:161} INFO - Started process (PID=2044) to work on /home/airflow/.local/lib/python3.8/site-packages/airflow/example_dags/example_branch_operator_decorator.py
[2025-06-03T13:35:17.479+0000] {processor.py:830} INFO - Processing file /home/airflow/.local/lib/python3.8/site-packages/airflow/example_dags/example_branch_operator_decorator.py for tasks to queue
[2025-06-03T13:35:17.485+0000] {logging_mixin.py:188} INFO - [2025-06-03T13:35:17.482+0000] {dagbag.py:540} INFO - Filling up the DagBag from /home/airflow/.local/lib/python3.8/site-packages/airflow/example_dags/example_branch_operator_decorator.py
[2025-06-03T13:35:17.522+0000] {processor.py:840} INFO - DAG(s) 'example_branch_python_operator_decorator' retrieved from /home/airflow/.local/lib/python3.8/site-packages/airflow/example_dags/example_branch_operator_decorator.py
[2025-06-03T13:35:17.538+0000] {logging_mixin.py:188} INFO - [2025-06-03T13:35:17.538+0000] {dag.py:3047} INFO - Sync 1 DAGs
[2025-06-03T13:35:17.549+0000] {logging_mixin.py:188} INFO - [2025-06-03T13:35:17.548+0000] {dag.py:3834} INFO - Setting next_dagrun for example_branch_python_operator_decorator to 2025-06-02 00:00:00+00:00, run_after=2025-06-03 00:00:00+00:00
[2025-06-03T13:35:17.559+0000] {processor.py:183} INFO - Processing /home/airflow/.local/lib/python3.8/site-packages/airflow/example_dags/example_branch_operator_decorator.py took 0.087 seconds
[2025-06-03T13:35:47.949+0000] {processor.py:161} INFO - Started process (PID=2099) to work on /home/airflow/.local/lib/python3.8/site-packages/airflow/example_dags/example_branch_operator_decorator.py
[2025-06-03T13:35:47.950+0000] {processor.py:830} INFO - Processing file /home/airflow/.local/lib/python3.8/site-packages/airflow/example_dags/example_branch_operator_decorator.py for tasks to queue
[2025-06-03T13:35:47.951+0000] {logging_mixin.py:188} INFO - [2025-06-03T13:35:47.951+0000] {dagbag.py:540} INFO - Filling up the DagBag from /home/airflow/.local/lib/python3.8/site-packages/airflow/example_dags/example_branch_operator_decorator.py
[2025-06-03T13:35:47.960+0000] {processor.py:840} INFO - DAG(s) 'example_branch_python_operator_decorator' retrieved from /home/airflow/.local/lib/python3.8/site-packages/airflow/example_dags/example_branch_operator_decorator.py
[2025-06-03T13:35:47.973+0000] {logging_mixin.py:188} INFO - [2025-06-03T13:35:47.973+0000] {dag.py:3047} INFO - Sync 1 DAGs
[2025-06-03T13:35:47.983+0000] {logging_mixin.py:188} INFO - [2025-06-03T13:35:47.983+0000] {dag.py:3834} INFO - Setting next_dagrun for example_branch_python_operator_decorator to 2025-06-02 00:00:00+00:00, run_after=2025-06-03 00:00:00+00:00
[2025-06-03T13:35:47.989+0000] {processor.py:183} INFO - Processing /home/airflow/.local/lib/python3.8/site-packages/airflow/example_dags/example_branch_operator_decorator.py took 0.041 seconds
[2025-06-03T13:36:18.265+0000] {processor.py:161} INFO - Started process (PID=2154) to work on /home/airflow/.local/lib/python3.8/site-packages/airflow/example_dags/example_branch_operator_decorator.py
[2025-06-03T13:36:18.266+0000] {processor.py:830} INFO - Processing file /home/airflow/.local/lib/python3.8/site-packages/airflow/example_dags/example_branch_operator_decorator.py for tasks to queue
[2025-06-03T13:36:18.267+0000] {logging_mixin.py:188} INFO - [2025-06-03T13:36:18.267+0000] {dagbag.py:540} INFO - Filling up the DagBag from /home/airflow/.local/lib/python3.8/site-packages/airflow/example_dags/example_branch_operator_decorator.py
[2025-06-03T13:36:18.275+0000] {processor.py:840} INFO - DAG(s) 'example_branch_python_operator_decorator' retrieved from /home/airflow/.local/lib/python3.8/site-packages/airflow/example_dags/example_branch_operator_decorator.py
[2025-06-03T13:36:18.285+0000] {logging_mixin.py:188} INFO - [2025-06-03T13:36:18.285+0000] {dag.py:3047} INFO - Sync 1 DAGs
[2025-06-03T13:36:18.293+0000] {logging_mixin.py:188} INFO - [2025-06-03T13:36:18.293+0000] {dag.py:3834} INFO - Setting next_dagrun for example_branch_python_operator_decorator to 2025-06-02 00:00:00+00:00, run_after=2025-06-03 00:00:00+00:00
[2025-06-03T13:36:18.299+0000] {processor.py:183} INFO - Processing /home/airflow/.local/lib/python3.8/site-packages/airflow/example_dags/example_branch_operator_decorator.py took 0.035 seconds
[2025-06-03T13:36:48.597+0000] {processor.py:161} INFO - Started process (PID=2209) to work on /home/airflow/.local/lib/python3.8/site-packages/airflow/example_dags/example_branch_operator_decorator.py
[2025-06-03T13:36:48.598+0000] {processor.py:830} INFO - Processing file /home/airflow/.local/lib/python3.8/site-packages/airflow/example_dags/example_branch_operator_decorator.py for tasks to queue
[2025-06-03T13:36:48.599+0000] {logging_mixin.py:188} INFO - [2025-06-03T13:36:48.599+0000] {dagbag.py:540} INFO - Filling up the DagBag from /home/airflow/.local/lib/python3.8/site-packages/airflow/example_dags/example_branch_operator_decorator.py
[2025-06-03T13:36:48.607+0000] {processor.py:840} INFO - DAG(s) 'example_branch_python_operator_decorator' retrieved from /home/airflow/.local/lib/python3.8/site-packages/airflow/example_dags/example_branch_operator_decorator.py
[2025-06-03T13:36:48.618+0000] {logging_mixin.py:188} INFO - [2025-06-03T13:36:48.618+0000] {dag.py:3047} INFO - Sync 1 DAGs
[2025-06-03T13:36:48.626+0000] {logging_mixin.py:188} INFO - [2025-06-03T13:36:48.626+0000] {dag.py:3834} INFO - Setting next_dagrun for example_branch_python_operator_decorator to 2025-06-02 00:00:00+00:00, run_after=2025-06-03 00:00:00+00:00
[2025-06-03T13:36:48.633+0000] {processor.py:183} INFO - Processing /home/airflow/.local/lib/python3.8/site-packages/airflow/example_dags/example_branch_operator_decorator.py took 0.037 seconds
[2025-06-03T13:37:18.991+0000] {processor.py:161} INFO - Started process (PID=2264) to work on /home/airflow/.local/lib/python3.8/site-packages/airflow/example_dags/example_branch_operator_decorator.py
[2025-06-03T13:37:18.993+0000] {processor.py:830} INFO - Processing file /home/airflow/.local/lib/python3.8/site-packages/airflow/example_dags/example_branch_operator_decorator.py for tasks to queue
[2025-06-03T13:37:18.994+0000] {logging_mixin.py:188} INFO - [2025-06-03T13:37:18.994+0000] {dagbag.py:540} INFO - Filling up the DagBag from /home/airflow/.local/lib/python3.8/site-packages/airflow/example_dags/example_branch_operator_decorator.py
[2025-06-03T13:37:19.004+0000] {processor.py:840} INFO - DAG(s) 'example_branch_python_operator_decorator' retrieved from /home/airflow/.local/lib/python3.8/site-packages/airflow/example_dags/example_branch_operator_decorator.py
[2025-06-03T13:37:19.015+0000] {logging_mixin.py:188} INFO - [2025-06-03T13:37:19.015+0000] {dag.py:3047} INFO - Sync 1 DAGs
[2025-06-03T13:37:19.024+0000] {logging_mixin.py:188} INFO - [2025-06-03T13:37:19.024+0000] {dag.py:3834} INFO - Setting next_dagrun for example_branch_python_operator_decorator to 2025-06-02 00:00:00+00:00, run_after=2025-06-03 00:00:00+00:00
[2025-06-03T13:37:19.030+0000] {processor.py:183} INFO - Processing /home/airflow/.local/lib/python3.8/site-packages/airflow/example_dags/example_branch_operator_decorator.py took 0.041 seconds
[2025-06-03T13:37:49.560+0000] {processor.py:161} INFO - Started process (PID=2319) to work on /home/airflow/.local/lib/python3.8/site-packages/airflow/example_dags/example_branch_operator_decorator.py
[2025-06-03T13:37:49.561+0000] {processor.py:830} INFO - Processing file /home/airflow/.local/lib/python3.8/site-packages/airflow/example_dags/example_branch_operator_decorator.py for tasks to queue
[2025-06-03T13:37:49.562+0000] {logging_mixin.py:188} INFO - [2025-06-03T13:37:49.562+0000] {dagbag.py:540} INFO - Filling up the DagBag from /home/airflow/.local/lib/python3.8/site-packages/airflow/example_dags/example_branch_operator_decorator.py
[2025-06-03T13:37:49.573+0000] {processor.py:840} INFO - DAG(s) 'example_branch_python_operator_decorator' retrieved from /home/airflow/.local/lib/python3.8/site-packages/airflow/example_dags/example_branch_operator_decorator.py
[2025-06-03T13:37:49.585+0000] {logging_mixin.py:188} INFO - [2025-06-03T13:37:49.585+0000] {dag.py:3047} INFO - Sync 1 DAGs
[2025-06-03T13:37:49.596+0000] {logging_mixin.py:188} INFO - [2025-06-03T13:37:49.596+0000] {dag.py:3834} INFO - Setting next_dagrun for example_branch_python_operator_decorator to 2025-06-02 00:00:00+00:00, run_after=2025-06-03 00:00:00+00:00
[2025-06-03T13:37:49.609+0000] {processor.py:183} INFO - Processing /home/airflow/.local/lib/python3.8/site-packages/airflow/example_dags/example_branch_operator_decorator.py took 0.051 seconds
[2025-06-03T13:38:20.424+0000] {processor.py:161} INFO - Started process (PID=2374) to work on /home/airflow/.local/lib/python3.8/site-packages/airflow/example_dags/example_branch_operator_decorator.py
[2025-06-03T13:38:20.424+0000] {processor.py:830} INFO - Processing file /home/airflow/.local/lib/python3.8/site-packages/airflow/example_dags/example_branch_operator_decorator.py for tasks to queue
[2025-06-03T13:38:20.425+0000] {logging_mixin.py:188} INFO - [2025-06-03T13:38:20.425+0000] {dagbag.py:540} INFO - Filling up the DagBag from /home/airflow/.local/lib/python3.8/site-packages/airflow/example_dags/example_branch_operator_decorator.py
[2025-06-03T13:38:20.434+0000] {processor.py:840} INFO - DAG(s) 'example_branch_python_operator_decorator' retrieved from /home/airflow/.local/lib/python3.8/site-packages/airflow/example_dags/example_branch_operator_decorator.py
[2025-06-03T13:38:20.449+0000] {logging_mixin.py:188} INFO - [2025-06-03T13:38:20.449+0000] {dag.py:3047} INFO - Sync 1 DAGs
[2025-06-03T13:38:20.461+0000] {logging_mixin.py:188} INFO - [2025-06-03T13:38:20.461+0000] {dag.py:3834} INFO - Setting next_dagrun for example_branch_python_operator_decorator to 2025-06-02 00:00:00+00:00, run_after=2025-06-03 00:00:00+00:00
[2025-06-03T13:38:20.471+0000] {processor.py:183} INFO - Processing /home/airflow/.local/lib/python3.8/site-packages/airflow/example_dags/example_branch_operator_decorator.py took 0.049 seconds
[2025-06-03T13:38:50.962+0000] {processor.py:161} INFO - Started process (PID=2429) to work on /home/airflow/.local/lib/python3.8/site-packages/airflow/example_dags/example_branch_operator_decorator.py
[2025-06-03T13:38:50.963+0000] {processor.py:830} INFO - Processing file /home/airflow/.local/lib/python3.8/site-packages/airflow/example_dags/example_branch_operator_decorator.py for tasks to queue
[2025-06-03T13:38:50.965+0000] {logging_mixin.py:188} INFO - [2025-06-03T13:38:50.965+0000] {dagbag.py:540} INFO - Filling up the DagBag from /home/airflow/.local/lib/python3.8/site-packages/airflow/example_dags/example_branch_operator_decorator.py
[2025-06-03T13:38:50.975+0000] {processor.py:840} INFO - DAG(s) 'example_branch_python_operator_decorator' retrieved from /home/airflow/.local/lib/python3.8/site-packages/airflow/example_dags/example_branch_operator_decorator.py
[2025-06-03T13:38:50.993+0000] {logging_mixin.py:188} INFO - [2025-06-03T13:38:50.989+0000] {dag.py:3047} INFO - Sync 1 DAGs
[2025-06-03T13:38:51.002+0000] {logging_mixin.py:188} INFO - [2025-06-03T13:38:51.002+0000] {dag.py:3834} INFO - Setting next_dagrun for example_branch_python_operator_decorator to 2025-06-02 00:00:00+00:00, run_after=2025-06-03 00:00:00+00:00
[2025-06-03T13:38:51.013+0000] {processor.py:183} INFO - Processing /home/airflow/.local/lib/python3.8/site-packages/airflow/example_dags/example_branch_operator_decorator.py took 0.052 seconds
[2025-06-03T13:39:21.118+0000] {processor.py:161} INFO - Started process (PID=2484) to work on /home/airflow/.local/lib/python3.8/site-packages/airflow/example_dags/example_branch_operator_decorator.py
[2025-06-03T13:39:21.118+0000] {processor.py:830} INFO - Processing file /home/airflow/.local/lib/python3.8/site-packages/airflow/example_dags/example_branch_operator_decorator.py for tasks to queue
[2025-06-03T13:39:21.119+0000] {logging_mixin.py:188} INFO - [2025-06-03T13:39:21.119+0000] {dagbag.py:540} INFO - Filling up the DagBag from /home/airflow/.local/lib/python3.8/site-packages/airflow/example_dags/example_branch_operator_decorator.py
[2025-06-03T13:39:21.127+0000] {processor.py:840} INFO - DAG(s) 'example_branch_python_operator_decorator' retrieved from /home/airflow/.local/lib/python3.8/site-packages/airflow/example_dags/example_branch_operator_decorator.py
[2025-06-03T13:39:21.136+0000] {logging_mixin.py:188} INFO - [2025-06-03T13:39:21.136+0000] {dag.py:3047} INFO - Sync 1 DAGs
[2025-06-03T13:39:21.144+0000] {logging_mixin.py:188} INFO - [2025-06-03T13:39:21.144+0000] {dag.py:3834} INFO - Setting next_dagrun for example_branch_python_operator_decorator to 2025-06-02 00:00:00+00:00, run_after=2025-06-03 00:00:00+00:00
[2025-06-03T13:39:21.150+0000] {processor.py:183} INFO - Processing /home/airflow/.local/lib/python3.8/site-packages/airflow/example_dags/example_branch_operator_decorator.py took 0.033 seconds
[2025-06-03T13:39:52.067+0000] {processor.py:161} INFO - Started process (PID=2539) to work on /home/airflow/.local/lib/python3.8/site-packages/airflow/example_dags/example_branch_operator_decorator.py
[2025-06-03T13:39:52.068+0000] {processor.py:830} INFO - Processing file /home/airflow/.local/lib/python3.8/site-packages/airflow/example_dags/example_branch_operator_decorator.py for tasks to queue
[2025-06-03T13:39:52.070+0000] {logging_mixin.py:188} INFO - [2025-06-03T13:39:52.069+0000] {dagbag.py:540} INFO - Filling up the DagBag from /home/airflow/.local/lib/python3.8/site-packages/airflow/example_dags/example_branch_operator_decorator.py
[2025-06-03T13:39:52.082+0000] {processor.py:840} INFO - DAG(s) 'example_branch_python_operator_decorator' retrieved from /home/airflow/.local/lib/python3.8/site-packages/airflow/example_dags/example_branch_operator_decorator.py
[2025-06-03T13:39:52.095+0000] {logging_mixin.py:188} INFO - [2025-06-03T13:39:52.094+0000] {dag.py:3047} INFO - Sync 1 DAGs
[2025-06-03T13:39:52.106+0000] {logging_mixin.py:188} INFO - [2025-06-03T13:39:52.106+0000] {dag.py:3834} INFO - Setting next_dagrun for example_branch_python_operator_decorator to 2025-06-02 00:00:00+00:00, run_after=2025-06-03 00:00:00+00:00
[2025-06-03T13:39:52.118+0000] {processor.py:183} INFO - Processing /home/airflow/.local/lib/python3.8/site-packages/airflow/example_dags/example_branch_operator_decorator.py took 0.054 seconds
[2025-06-03T13:40:22.881+0000] {processor.py:161} INFO - Started process (PID=2595) to work on /home/airflow/.local/lib/python3.8/site-packages/airflow/example_dags/example_branch_operator_decorator.py
[2025-06-03T13:40:22.882+0000] {processor.py:830} INFO - Processing file /home/airflow/.local/lib/python3.8/site-packages/airflow/example_dags/example_branch_operator_decorator.py for tasks to queue
[2025-06-03T13:40:22.883+0000] {logging_mixin.py:188} INFO - [2025-06-03T13:40:22.883+0000] {dagbag.py:540} INFO - Filling up the DagBag from /home/airflow/.local/lib/python3.8/site-packages/airflow/example_dags/example_branch_operator_decorator.py
[2025-06-03T13:40:22.894+0000] {processor.py:840} INFO - DAG(s) 'example_branch_python_operator_decorator' retrieved from /home/airflow/.local/lib/python3.8/site-packages/airflow/example_dags/example_branch_operator_decorator.py
[2025-06-03T13:40:22.908+0000] {logging_mixin.py:188} INFO - [2025-06-03T13:40:22.908+0000] {dag.py:3047} INFO - Sync 1 DAGs
[2025-06-03T13:40:22.922+0000] {logging_mixin.py:188} INFO - [2025-06-03T13:40:22.922+0000] {dag.py:3834} INFO - Setting next_dagrun for example_branch_python_operator_decorator to 2025-06-02 00:00:00+00:00, run_after=2025-06-03 00:00:00+00:00
[2025-06-03T13:40:22.939+0000] {processor.py:183} INFO - Processing /home/airflow/.local/lib/python3.8/site-packages/airflow/example_dags/example_branch_operator_decorator.py took 0.060 seconds
