[2025-06-03T13:16:58.961+0000] {processor.py:161} INFO - Started process (PID=78) to work on /home/airflow/.local/lib/python3.8/site-packages/airflow/example_dags/example_dag_decorator.py
[2025-06-03T13:16:58.963+0000] {processor.py:830} INFO - Processing file /home/airflow/.local/lib/python3.8/site-packages/airflow/example_dags/example_dag_decorator.py for tasks to queue
[2025-06-03T13:16:58.965+0000] {logging_mixin.py:188} INFO - [2025-06-03T13:16:58.965+0000] {dagbag.py:540} INFO - Filling up the DagBag from /home/airflow/.local/lib/python3.8/site-packages/airflow/example_dags/example_dag_decorator.py
[2025-06-03T13:16:59.106+0000] {processor.py:840} INFO - DAG(s) 'example_dag_decorator' retrieved from /home/airflow/.local/lib/python3.8/site-packages/airflow/example_dags/example_dag_decorator.py
[2025-06-03T13:16:59.111+0000] {logging_mixin.py:188} INFO - [2025-06-03T13:16:59.111+0000] {dag.py:3047} INFO - Sync 1 DAGs
[2025-06-03T13:16:59.120+0000] {logging_mixin.py:188} INFO - [2025-06-03T13:16:59.120+0000] {dag.py:3834} INFO - Setting next_dagrun for example_dag_decorator to None, run_after=None
[2025-06-03T13:16:59.132+0000] {processor.py:183} INFO - Processing /home/airflow/.local/lib/python3.8/site-packages/airflow/example_dags/example_dag_decorator.py took 0.176 seconds
[2025-06-03T13:17:30.020+0000] {processor.py:161} INFO - Started process (PID=133) to work on /home/airflow/.local/lib/python3.8/site-packages/airflow/example_dags/example_dag_decorator.py
[2025-06-03T13:17:30.021+0000] {processor.py:830} INFO - Processing file /home/airflow/.local/lib/python3.8/site-packages/airflow/example_dags/example_dag_decorator.py for tasks to queue
[2025-06-03T13:17:30.022+0000] {logging_mixin.py:188} INFO - [2025-06-03T13:17:30.021+0000] {dagbag.py:540} INFO - Filling up the DagBag from /home/airflow/.local/lib/python3.8/site-packages/airflow/example_dags/example_dag_decorator.py
[2025-06-03T13:17:30.071+0000] {processor.py:840} INFO - DAG(s) 'example_dag_decorator' retrieved from /home/airflow/.local/lib/python3.8/site-packages/airflow/example_dags/example_dag_decorator.py
[2025-06-03T13:17:30.122+0000] {logging_mixin.py:188} INFO - [2025-06-03T13:17:30.122+0000] {dag.py:3047} INFO - Sync 1 DAGs
[2025-06-03T13:17:30.127+0000] {logging_mixin.py:188} INFO - [2025-06-03T13:17:30.127+0000] {dag.py:3834} INFO - Setting next_dagrun for example_dag_decorator to None, run_after=None
[2025-06-03T13:17:30.134+0000] {processor.py:183} INFO - Processing /home/airflow/.local/lib/python3.8/site-packages/airflow/example_dags/example_dag_decorator.py took 0.116 seconds
[2025-06-03T13:18:00.809+0000] {processor.py:161} INFO - Started process (PID=188) to work on /home/airflow/.local/lib/python3.8/site-packages/airflow/example_dags/example_dag_decorator.py
[2025-06-03T13:18:00.812+0000] {processor.py:830} INFO - Processing file /home/airflow/.local/lib/python3.8/site-packages/airflow/example_dags/example_dag_decorator.py for tasks to queue
[2025-06-03T13:18:00.813+0000] {logging_mixin.py:188} INFO - [2025-06-03T13:18:00.813+0000] {dagbag.py:540} INFO - Filling up the DagBag from /home/airflow/.local/lib/python3.8/site-packages/airflow/example_dags/example_dag_decorator.py
[2025-06-03T13:18:00.857+0000] {processor.py:840} INFO - DAG(s) 'example_dag_decorator' retrieved from /home/airflow/.local/lib/python3.8/site-packages/airflow/example_dags/example_dag_decorator.py
[2025-06-03T13:18:00.913+0000] {logging_mixin.py:188} INFO - [2025-06-03T13:18:00.913+0000] {dag.py:3047} INFO - Sync 1 DAGs
[2025-06-03T13:18:00.919+0000] {logging_mixin.py:188} INFO - [2025-06-03T13:18:00.919+0000] {dag.py:3834} INFO - Setting next_dagrun for example_dag_decorator to None, run_after=None
[2025-06-03T13:18:00.927+0000] {processor.py:183} INFO - Processing /home/airflow/.local/lib/python3.8/site-packages/airflow/example_dags/example_dag_decorator.py took 0.120 seconds
[2025-06-03T13:18:31.415+0000] {processor.py:161} INFO - Started process (PID=243) to work on /home/airflow/.local/lib/python3.8/site-packages/airflow/example_dags/example_dag_decorator.py
[2025-06-03T13:18:31.419+0000] {processor.py:830} INFO - Processing file /home/airflow/.local/lib/python3.8/site-packages/airflow/example_dags/example_dag_decorator.py for tasks to queue
[2025-06-03T13:18:31.420+0000] {logging_mixin.py:188} INFO - [2025-06-03T13:18:31.420+0000] {dagbag.py:540} INFO - Filling up the DagBag from /home/airflow/.local/lib/python3.8/site-packages/airflow/example_dags/example_dag_decorator.py
[2025-06-03T13:18:31.474+0000] {processor.py:840} INFO - DAG(s) 'example_dag_decorator' retrieved from /home/airflow/.local/lib/python3.8/site-packages/airflow/example_dags/example_dag_decorator.py
[2025-06-03T13:18:31.534+0000] {logging_mixin.py:188} INFO - [2025-06-03T13:18:31.534+0000] {dag.py:3047} INFO - Sync 1 DAGs
[2025-06-03T13:18:31.540+0000] {logging_mixin.py:188} INFO - [2025-06-03T13:18:31.540+0000] {dag.py:3834} INFO - Setting next_dagrun for example_dag_decorator to None, run_after=None
[2025-06-03T13:18:31.548+0000] {processor.py:183} INFO - Processing /home/airflow/.local/lib/python3.8/site-packages/airflow/example_dags/example_dag_decorator.py took 0.135 seconds
[2025-06-03T13:19:01.937+0000] {processor.py:161} INFO - Started process (PID=298) to work on /home/airflow/.local/lib/python3.8/site-packages/airflow/example_dags/example_dag_decorator.py
[2025-06-03T13:19:01.938+0000] {processor.py:830} INFO - Processing file /home/airflow/.local/lib/python3.8/site-packages/airflow/example_dags/example_dag_decorator.py for tasks to queue
[2025-06-03T13:19:01.939+0000] {logging_mixin.py:188} INFO - [2025-06-03T13:19:01.939+0000] {dagbag.py:540} INFO - Filling up the DagBag from /home/airflow/.local/lib/python3.8/site-packages/airflow/example_dags/example_dag_decorator.py
[2025-06-03T13:19:01.981+0000] {processor.py:840} INFO - DAG(s) 'example_dag_decorator' retrieved from /home/airflow/.local/lib/python3.8/site-packages/airflow/example_dags/example_dag_decorator.py
[2025-06-03T13:19:01.995+0000] {logging_mixin.py:188} INFO - [2025-06-03T13:19:01.995+0000] {dag.py:3047} INFO - Sync 1 DAGs
[2025-06-03T13:19:01.999+0000] {logging_mixin.py:188} INFO - [2025-06-03T13:19:01.999+0000] {dag.py:3834} INFO - Setting next_dagrun for example_dag_decorator to None, run_after=None
[2025-06-03T13:19:02.006+0000] {processor.py:183} INFO - Processing /home/airflow/.local/lib/python3.8/site-packages/airflow/example_dags/example_dag_decorator.py took 0.071 seconds
[2025-06-03T13:19:32.582+0000] {processor.py:161} INFO - Started process (PID=353) to work on /home/airflow/.local/lib/python3.8/site-packages/airflow/example_dags/example_dag_decorator.py
[2025-06-03T13:19:32.583+0000] {processor.py:830} INFO - Processing file /home/airflow/.local/lib/python3.8/site-packages/airflow/example_dags/example_dag_decorator.py for tasks to queue
[2025-06-03T13:19:32.585+0000] {logging_mixin.py:188} INFO - [2025-06-03T13:19:32.585+0000] {dagbag.py:540} INFO - Filling up the DagBag from /home/airflow/.local/lib/python3.8/site-packages/airflow/example_dags/example_dag_decorator.py
[2025-06-03T13:19:32.640+0000] {processor.py:840} INFO - DAG(s) 'example_dag_decorator' retrieved from /home/airflow/.local/lib/python3.8/site-packages/airflow/example_dags/example_dag_decorator.py
[2025-06-03T13:19:32.702+0000] {logging_mixin.py:188} INFO - [2025-06-03T13:19:32.702+0000] {dag.py:3047} INFO - Sync 1 DAGs
[2025-06-03T13:19:32.712+0000] {logging_mixin.py:188} INFO - [2025-06-03T13:19:32.712+0000] {dag.py:3834} INFO - Setting next_dagrun for example_dag_decorator to None, run_after=None
[2025-06-03T13:19:32.721+0000] {processor.py:183} INFO - Processing /home/airflow/.local/lib/python3.8/site-packages/airflow/example_dags/example_dag_decorator.py took 0.141 seconds
[2025-06-03T13:20:03.183+0000] {processor.py:161} INFO - Started process (PID=408) to work on /home/airflow/.local/lib/python3.8/site-packages/airflow/example_dags/example_dag_decorator.py
[2025-06-03T13:20:03.185+0000] {processor.py:830} INFO - Processing file /home/airflow/.local/lib/python3.8/site-packages/airflow/example_dags/example_dag_decorator.py for tasks to queue
[2025-06-03T13:20:03.188+0000] {logging_mixin.py:188} INFO - [2025-06-03T13:20:03.187+0000] {dagbag.py:540} INFO - Filling up the DagBag from /home/airflow/.local/lib/python3.8/site-packages/airflow/example_dags/example_dag_decorator.py
[2025-06-03T13:20:03.242+0000] {processor.py:840} INFO - DAG(s) 'example_dag_decorator' retrieved from /home/airflow/.local/lib/python3.8/site-packages/airflow/example_dags/example_dag_decorator.py
[2025-06-03T13:20:03.295+0000] {logging_mixin.py:188} INFO - [2025-06-03T13:20:03.295+0000] {dag.py:3047} INFO - Sync 1 DAGs
[2025-06-03T13:20:03.300+0000] {logging_mixin.py:188} INFO - [2025-06-03T13:20:03.300+0000] {dag.py:3834} INFO - Setting next_dagrun for example_dag_decorator to None, run_after=None
[2025-06-03T13:20:03.309+0000] {processor.py:183} INFO - Processing /home/airflow/.local/lib/python3.8/site-packages/airflow/example_dags/example_dag_decorator.py took 0.128 seconds
[2025-06-03T13:20:34.010+0000] {processor.py:161} INFO - Started process (PID=463) to work on /home/airflow/.local/lib/python3.8/site-packages/airflow/example_dags/example_dag_decorator.py
[2025-06-03T13:20:34.013+0000] {processor.py:830} INFO - Processing file /home/airflow/.local/lib/python3.8/site-packages/airflow/example_dags/example_dag_decorator.py for tasks to queue
[2025-06-03T13:20:34.014+0000] {logging_mixin.py:188} INFO - [2025-06-03T13:20:34.014+0000] {dagbag.py:540} INFO - Filling up the DagBag from /home/airflow/.local/lib/python3.8/site-packages/airflow/example_dags/example_dag_decorator.py
[2025-06-03T13:20:34.062+0000] {processor.py:840} INFO - DAG(s) 'example_dag_decorator' retrieved from /home/airflow/.local/lib/python3.8/site-packages/airflow/example_dags/example_dag_decorator.py
[2025-06-03T13:20:34.112+0000] {logging_mixin.py:188} INFO - [2025-06-03T13:20:34.112+0000] {dag.py:3047} INFO - Sync 1 DAGs
[2025-06-03T13:20:34.117+0000] {logging_mixin.py:188} INFO - [2025-06-03T13:20:34.117+0000] {dag.py:3834} INFO - Setting next_dagrun for example_dag_decorator to None, run_after=None
[2025-06-03T13:20:34.124+0000] {processor.py:183} INFO - Processing /home/airflow/.local/lib/python3.8/site-packages/airflow/example_dags/example_dag_decorator.py took 0.117 seconds
[2025-06-03T13:21:04.797+0000] {processor.py:161} INFO - Started process (PID=518) to work on /home/airflow/.local/lib/python3.8/site-packages/airflow/example_dags/example_dag_decorator.py
[2025-06-03T13:21:04.798+0000] {processor.py:830} INFO - Processing file /home/airflow/.local/lib/python3.8/site-packages/airflow/example_dags/example_dag_decorator.py for tasks to queue
[2025-06-03T13:21:04.802+0000] {logging_mixin.py:188} INFO - [2025-06-03T13:21:04.802+0000] {dagbag.py:540} INFO - Filling up the DagBag from /home/airflow/.local/lib/python3.8/site-packages/airflow/example_dags/example_dag_decorator.py
[2025-06-03T13:21:04.854+0000] {processor.py:840} INFO - DAG(s) 'example_dag_decorator' retrieved from /home/airflow/.local/lib/python3.8/site-packages/airflow/example_dags/example_dag_decorator.py
[2025-06-03T13:21:04.949+0000] {logging_mixin.py:188} INFO - [2025-06-03T13:21:04.949+0000] {dag.py:3047} INFO - Sync 1 DAGs
[2025-06-03T13:21:04.962+0000] {logging_mixin.py:188} INFO - [2025-06-03T13:21:04.961+0000] {dag.py:3834} INFO - Setting next_dagrun for example_dag_decorator to None, run_after=None
[2025-06-03T13:21:04.978+0000] {processor.py:183} INFO - Processing /home/airflow/.local/lib/python3.8/site-packages/airflow/example_dags/example_dag_decorator.py took 0.183 seconds
[2025-06-03T13:21:35.663+0000] {processor.py:161} INFO - Started process (PID=573) to work on /home/airflow/.local/lib/python3.8/site-packages/airflow/example_dags/example_dag_decorator.py
[2025-06-03T13:21:35.665+0000] {processor.py:830} INFO - Processing file /home/airflow/.local/lib/python3.8/site-packages/airflow/example_dags/example_dag_decorator.py for tasks to queue
[2025-06-03T13:21:35.666+0000] {logging_mixin.py:188} INFO - [2025-06-03T13:21:35.666+0000] {dagbag.py:540} INFO - Filling up the DagBag from /home/airflow/.local/lib/python3.8/site-packages/airflow/example_dags/example_dag_decorator.py
[2025-06-03T13:21:35.732+0000] {processor.py:840} INFO - DAG(s) 'example_dag_decorator' retrieved from /home/airflow/.local/lib/python3.8/site-packages/airflow/example_dags/example_dag_decorator.py
[2025-06-03T13:21:35.787+0000] {logging_mixin.py:188} INFO - [2025-06-03T13:21:35.787+0000] {dag.py:3047} INFO - Sync 1 DAGs
[2025-06-03T13:21:35.792+0000] {logging_mixin.py:188} INFO - [2025-06-03T13:21:35.792+0000] {dag.py:3834} INFO - Setting next_dagrun for example_dag_decorator to None, run_after=None
[2025-06-03T13:21:35.802+0000] {processor.py:183} INFO - Processing /home/airflow/.local/lib/python3.8/site-packages/airflow/example_dags/example_dag_decorator.py took 0.142 seconds
[2025-06-03T13:22:06.669+0000] {processor.py:161} INFO - Started process (PID=628) to work on /home/airflow/.local/lib/python3.8/site-packages/airflow/example_dags/example_dag_decorator.py
[2025-06-03T13:22:06.670+0000] {processor.py:830} INFO - Processing file /home/airflow/.local/lib/python3.8/site-packages/airflow/example_dags/example_dag_decorator.py for tasks to queue
[2025-06-03T13:22:06.671+0000] {logging_mixin.py:188} INFO - [2025-06-03T13:22:06.671+0000] {dagbag.py:540} INFO - Filling up the DagBag from /home/airflow/.local/lib/python3.8/site-packages/airflow/example_dags/example_dag_decorator.py
[2025-06-03T13:22:06.729+0000] {processor.py:840} INFO - DAG(s) 'example_dag_decorator' retrieved from /home/airflow/.local/lib/python3.8/site-packages/airflow/example_dags/example_dag_decorator.py
[2025-06-03T13:22:06.784+0000] {logging_mixin.py:188} INFO - [2025-06-03T13:22:06.784+0000] {dag.py:3047} INFO - Sync 1 DAGs
[2025-06-03T13:22:06.791+0000] {logging_mixin.py:188} INFO - [2025-06-03T13:22:06.791+0000] {dag.py:3834} INFO - Setting next_dagrun for example_dag_decorator to None, run_after=None
[2025-06-03T13:22:06.798+0000] {processor.py:183} INFO - Processing /home/airflow/.local/lib/python3.8/site-packages/airflow/example_dags/example_dag_decorator.py took 0.135 seconds
[2025-06-03T13:22:37.584+0000] {processor.py:161} INFO - Started process (PID=683) to work on /home/airflow/.local/lib/python3.8/site-packages/airflow/example_dags/example_dag_decorator.py
[2025-06-03T13:22:37.585+0000] {processor.py:830} INFO - Processing file /home/airflow/.local/lib/python3.8/site-packages/airflow/example_dags/example_dag_decorator.py for tasks to queue
[2025-06-03T13:22:37.586+0000] {logging_mixin.py:188} INFO - [2025-06-03T13:22:37.586+0000] {dagbag.py:540} INFO - Filling up the DagBag from /home/airflow/.local/lib/python3.8/site-packages/airflow/example_dags/example_dag_decorator.py
[2025-06-03T13:22:37.646+0000] {processor.py:840} INFO - DAG(s) 'example_dag_decorator' retrieved from /home/airflow/.local/lib/python3.8/site-packages/airflow/example_dags/example_dag_decorator.py
[2025-06-03T13:22:37.731+0000] {logging_mixin.py:188} INFO - [2025-06-03T13:22:37.730+0000] {dag.py:3047} INFO - Sync 1 DAGs
[2025-06-03T13:22:37.738+0000] {logging_mixin.py:188} INFO - [2025-06-03T13:22:37.737+0000] {dag.py:3834} INFO - Setting next_dagrun for example_dag_decorator to None, run_after=None
[2025-06-03T13:22:37.746+0000] {processor.py:183} INFO - Processing /home/airflow/.local/lib/python3.8/site-packages/airflow/example_dags/example_dag_decorator.py took 0.165 seconds
[2025-06-03T13:23:08.486+0000] {processor.py:161} INFO - Started process (PID=738) to work on /home/airflow/.local/lib/python3.8/site-packages/airflow/example_dags/example_dag_decorator.py
[2025-06-03T13:23:08.488+0000] {processor.py:830} INFO - Processing file /home/airflow/.local/lib/python3.8/site-packages/airflow/example_dags/example_dag_decorator.py for tasks to queue
[2025-06-03T13:23:08.492+0000] {logging_mixin.py:188} INFO - [2025-06-03T13:23:08.491+0000] {dagbag.py:540} INFO - Filling up the DagBag from /home/airflow/.local/lib/python3.8/site-packages/airflow/example_dags/example_dag_decorator.py
[2025-06-03T13:23:08.558+0000] {processor.py:840} INFO - DAG(s) 'example_dag_decorator' retrieved from /home/airflow/.local/lib/python3.8/site-packages/airflow/example_dags/example_dag_decorator.py
[2025-06-03T13:23:08.620+0000] {logging_mixin.py:188} INFO - [2025-06-03T13:23:08.619+0000] {dag.py:3047} INFO - Sync 1 DAGs
[2025-06-03T13:23:08.628+0000] {logging_mixin.py:188} INFO - [2025-06-03T13:23:08.628+0000] {dag.py:3834} INFO - Setting next_dagrun for example_dag_decorator to None, run_after=None
[2025-06-03T13:23:08.638+0000] {processor.py:183} INFO - Processing /home/airflow/.local/lib/python3.8/site-packages/airflow/example_dags/example_dag_decorator.py took 0.154 seconds
[2025-06-03T13:23:39.506+0000] {processor.py:161} INFO - Started process (PID=793) to work on /home/airflow/.local/lib/python3.8/site-packages/airflow/example_dags/example_dag_decorator.py
[2025-06-03T13:23:39.507+0000] {processor.py:830} INFO - Processing file /home/airflow/.local/lib/python3.8/site-packages/airflow/example_dags/example_dag_decorator.py for tasks to queue
[2025-06-03T13:23:39.510+0000] {logging_mixin.py:188} INFO - [2025-06-03T13:23:39.510+0000] {dagbag.py:540} INFO - Filling up the DagBag from /home/airflow/.local/lib/python3.8/site-packages/airflow/example_dags/example_dag_decorator.py
[2025-06-03T13:23:39.577+0000] {processor.py:840} INFO - DAG(s) 'example_dag_decorator' retrieved from /home/airflow/.local/lib/python3.8/site-packages/airflow/example_dags/example_dag_decorator.py
[2025-06-03T13:23:39.637+0000] {logging_mixin.py:188} INFO - [2025-06-03T13:23:39.637+0000] {dag.py:3047} INFO - Sync 1 DAGs
[2025-06-03T13:23:39.643+0000] {logging_mixin.py:188} INFO - [2025-06-03T13:23:39.643+0000] {dag.py:3834} INFO - Setting next_dagrun for example_dag_decorator to None, run_after=None
[2025-06-03T13:23:39.663+0000] {processor.py:183} INFO - Processing /home/airflow/.local/lib/python3.8/site-packages/airflow/example_dags/example_dag_decorator.py took 0.159 seconds
[2025-06-03T13:24:09.710+0000] {processor.py:161} INFO - Started process (PID=849) to work on /home/airflow/.local/lib/python3.8/site-packages/airflow/example_dags/example_dag_decorator.py
[2025-06-03T13:24:09.711+0000] {processor.py:830} INFO - Processing file /home/airflow/.local/lib/python3.8/site-packages/airflow/example_dags/example_dag_decorator.py for tasks to queue
[2025-06-03T13:24:09.712+0000] {logging_mixin.py:188} INFO - [2025-06-03T13:24:09.711+0000] {dagbag.py:540} INFO - Filling up the DagBag from /home/airflow/.local/lib/python3.8/site-packages/airflow/example_dags/example_dag_decorator.py
[2025-06-03T13:24:09.758+0000] {processor.py:840} INFO - DAG(s) 'example_dag_decorator' retrieved from /home/airflow/.local/lib/python3.8/site-packages/airflow/example_dags/example_dag_decorator.py
[2025-06-03T13:24:09.804+0000] {logging_mixin.py:188} INFO - [2025-06-03T13:24:09.804+0000] {dag.py:3047} INFO - Sync 1 DAGs
[2025-06-03T13:24:09.809+0000] {logging_mixin.py:188} INFO - [2025-06-03T13:24:09.808+0000] {dag.py:3834} INFO - Setting next_dagrun for example_dag_decorator to None, run_after=None
[2025-06-03T13:24:09.815+0000] {processor.py:183} INFO - Processing /home/airflow/.local/lib/python3.8/site-packages/airflow/example_dags/example_dag_decorator.py took 0.108 seconds
[2025-06-03T13:24:40.510+0000] {processor.py:161} INFO - Started process (PID=903) to work on /home/airflow/.local/lib/python3.8/site-packages/airflow/example_dags/example_dag_decorator.py
[2025-06-03T13:24:40.513+0000] {processor.py:830} INFO - Processing file /home/airflow/.local/lib/python3.8/site-packages/airflow/example_dags/example_dag_decorator.py for tasks to queue
[2025-06-03T13:24:40.515+0000] {logging_mixin.py:188} INFO - [2025-06-03T13:24:40.515+0000] {dagbag.py:540} INFO - Filling up the DagBag from /home/airflow/.local/lib/python3.8/site-packages/airflow/example_dags/example_dag_decorator.py
[2025-06-03T13:24:40.555+0000] {processor.py:840} INFO - DAG(s) 'example_dag_decorator' retrieved from /home/airflow/.local/lib/python3.8/site-packages/airflow/example_dags/example_dag_decorator.py
[2025-06-03T13:24:40.602+0000] {logging_mixin.py:188} INFO - [2025-06-03T13:24:40.602+0000] {dag.py:3047} INFO - Sync 1 DAGs
[2025-06-03T13:24:40.607+0000] {logging_mixin.py:188} INFO - [2025-06-03T13:24:40.607+0000] {dag.py:3834} INFO - Setting next_dagrun for example_dag_decorator to None, run_after=None
[2025-06-03T13:24:40.614+0000] {processor.py:183} INFO - Processing /home/airflow/.local/lib/python3.8/site-packages/airflow/example_dags/example_dag_decorator.py took 0.106 seconds
[2025-06-03T13:25:11.363+0000] {processor.py:161} INFO - Started process (PID=958) to work on /home/airflow/.local/lib/python3.8/site-packages/airflow/example_dags/example_dag_decorator.py
[2025-06-03T13:25:11.363+0000] {processor.py:830} INFO - Processing file /home/airflow/.local/lib/python3.8/site-packages/airflow/example_dags/example_dag_decorator.py for tasks to queue
[2025-06-03T13:25:11.364+0000] {logging_mixin.py:188} INFO - [2025-06-03T13:25:11.364+0000] {dagbag.py:540} INFO - Filling up the DagBag from /home/airflow/.local/lib/python3.8/site-packages/airflow/example_dags/example_dag_decorator.py
[2025-06-03T13:25:11.413+0000] {processor.py:840} INFO - DAG(s) 'example_dag_decorator' retrieved from /home/airflow/.local/lib/python3.8/site-packages/airflow/example_dags/example_dag_decorator.py
[2025-06-03T13:25:11.478+0000] {logging_mixin.py:188} INFO - [2025-06-03T13:25:11.478+0000] {dag.py:3047} INFO - Sync 1 DAGs
[2025-06-03T13:25:11.483+0000] {logging_mixin.py:188} INFO - [2025-06-03T13:25:11.483+0000] {dag.py:3834} INFO - Setting next_dagrun for example_dag_decorator to None, run_after=None
[2025-06-03T13:25:11.491+0000] {processor.py:183} INFO - Processing /home/airflow/.local/lib/python3.8/site-packages/airflow/example_dags/example_dag_decorator.py took 0.129 seconds
[2025-06-03T13:25:42.011+0000] {processor.py:161} INFO - Started process (PID=1013) to work on /home/airflow/.local/lib/python3.8/site-packages/airflow/example_dags/example_dag_decorator.py
[2025-06-03T13:25:42.012+0000] {processor.py:830} INFO - Processing file /home/airflow/.local/lib/python3.8/site-packages/airflow/example_dags/example_dag_decorator.py for tasks to queue
[2025-06-03T13:25:42.013+0000] {logging_mixin.py:188} INFO - [2025-06-03T13:25:42.013+0000] {dagbag.py:540} INFO - Filling up the DagBag from /home/airflow/.local/lib/python3.8/site-packages/airflow/example_dags/example_dag_decorator.py
[2025-06-03T13:25:42.073+0000] {processor.py:840} INFO - DAG(s) 'example_dag_decorator' retrieved from /home/airflow/.local/lib/python3.8/site-packages/airflow/example_dags/example_dag_decorator.py
[2025-06-03T13:25:42.144+0000] {logging_mixin.py:188} INFO - [2025-06-03T13:25:42.144+0000] {dag.py:3047} INFO - Sync 1 DAGs
[2025-06-03T13:25:42.150+0000] {logging_mixin.py:188} INFO - [2025-06-03T13:25:42.149+0000] {dag.py:3834} INFO - Setting next_dagrun for example_dag_decorator to None, run_after=None
[2025-06-03T13:25:42.163+0000] {processor.py:183} INFO - Processing /home/airflow/.local/lib/python3.8/site-packages/airflow/example_dags/example_dag_decorator.py took 0.153 seconds
[2025-06-03T13:26:13.055+0000] {processor.py:161} INFO - Started process (PID=1068) to work on /home/airflow/.local/lib/python3.8/site-packages/airflow/example_dags/example_dag_decorator.py
[2025-06-03T13:26:13.056+0000] {processor.py:830} INFO - Processing file /home/airflow/.local/lib/python3.8/site-packages/airflow/example_dags/example_dag_decorator.py for tasks to queue
[2025-06-03T13:26:13.059+0000] {logging_mixin.py:188} INFO - [2025-06-03T13:26:13.058+0000] {dagbag.py:540} INFO - Filling up the DagBag from /home/airflow/.local/lib/python3.8/site-packages/airflow/example_dags/example_dag_decorator.py
[2025-06-03T13:26:13.131+0000] {processor.py:840} INFO - DAG(s) 'example_dag_decorator' retrieved from /home/airflow/.local/lib/python3.8/site-packages/airflow/example_dags/example_dag_decorator.py
[2025-06-03T13:26:13.191+0000] {logging_mixin.py:188} INFO - [2025-06-03T13:26:13.191+0000] {dag.py:3047} INFO - Sync 1 DAGs
[2025-06-03T13:26:13.199+0000] {logging_mixin.py:188} INFO - [2025-06-03T13:26:13.199+0000] {dag.py:3834} INFO - Setting next_dagrun for example_dag_decorator to None, run_after=None
[2025-06-03T13:26:13.211+0000] {processor.py:183} INFO - Processing /home/airflow/.local/lib/python3.8/site-packages/airflow/example_dags/example_dag_decorator.py took 0.157 seconds
[2025-06-03T13:26:43.225+0000] {processor.py:161} INFO - Started process (PID=1124) to work on /home/airflow/.local/lib/python3.8/site-packages/airflow/example_dags/example_dag_decorator.py
[2025-06-03T13:26:43.226+0000] {processor.py:830} INFO - Processing file /home/airflow/.local/lib/python3.8/site-packages/airflow/example_dags/example_dag_decorator.py for tasks to queue
[2025-06-03T13:26:43.227+0000] {logging_mixin.py:188} INFO - [2025-06-03T13:26:43.227+0000] {dagbag.py:540} INFO - Filling up the DagBag from /home/airflow/.local/lib/python3.8/site-packages/airflow/example_dags/example_dag_decorator.py
[2025-06-03T13:26:43.273+0000] {processor.py:840} INFO - DAG(s) 'example_dag_decorator' retrieved from /home/airflow/.local/lib/python3.8/site-packages/airflow/example_dags/example_dag_decorator.py
[2025-06-03T13:26:43.328+0000] {logging_mixin.py:188} INFO - [2025-06-03T13:26:43.328+0000] {dag.py:3047} INFO - Sync 1 DAGs
[2025-06-03T13:26:43.333+0000] {logging_mixin.py:188} INFO - [2025-06-03T13:26:43.333+0000] {dag.py:3834} INFO - Setting next_dagrun for example_dag_decorator to None, run_after=None
[2025-06-03T13:26:43.343+0000] {processor.py:183} INFO - Processing /home/airflow/.local/lib/python3.8/site-packages/airflow/example_dags/example_dag_decorator.py took 0.119 seconds
[2025-06-03T13:27:13.829+0000] {processor.py:161} INFO - Started process (PID=1178) to work on /home/airflow/.local/lib/python3.8/site-packages/airflow/example_dags/example_dag_decorator.py
[2025-06-03T13:27:13.831+0000] {processor.py:830} INFO - Processing file /home/airflow/.local/lib/python3.8/site-packages/airflow/example_dags/example_dag_decorator.py for tasks to queue
[2025-06-03T13:27:13.832+0000] {logging_mixin.py:188} INFO - [2025-06-03T13:27:13.832+0000] {dagbag.py:540} INFO - Filling up the DagBag from /home/airflow/.local/lib/python3.8/site-packages/airflow/example_dags/example_dag_decorator.py
[2025-06-03T13:27:13.883+0000] {processor.py:840} INFO - DAG(s) 'example_dag_decorator' retrieved from /home/airflow/.local/lib/python3.8/site-packages/airflow/example_dags/example_dag_decorator.py
[2025-06-03T13:27:13.940+0000] {logging_mixin.py:188} INFO - [2025-06-03T13:27:13.940+0000] {dag.py:3047} INFO - Sync 1 DAGs
[2025-06-03T13:27:13.945+0000] {logging_mixin.py:188} INFO - [2025-06-03T13:27:13.945+0000] {dag.py:3834} INFO - Setting next_dagrun for example_dag_decorator to None, run_after=None
[2025-06-03T13:27:13.952+0000] {processor.py:183} INFO - Processing /home/airflow/.local/lib/python3.8/site-packages/airflow/example_dags/example_dag_decorator.py took 0.125 seconds
[2025-06-03T13:27:44.399+0000] {processor.py:161} INFO - Started process (PID=1233) to work on /home/airflow/.local/lib/python3.8/site-packages/airflow/example_dags/example_dag_decorator.py
[2025-06-03T13:27:44.401+0000] {processor.py:830} INFO - Processing file /home/airflow/.local/lib/python3.8/site-packages/airflow/example_dags/example_dag_decorator.py for tasks to queue
[2025-06-03T13:27:44.403+0000] {logging_mixin.py:188} INFO - [2025-06-03T13:27:44.403+0000] {dagbag.py:540} INFO - Filling up the DagBag from /home/airflow/.local/lib/python3.8/site-packages/airflow/example_dags/example_dag_decorator.py
[2025-06-03T13:27:44.449+0000] {processor.py:840} INFO - DAG(s) 'example_dag_decorator' retrieved from /home/airflow/.local/lib/python3.8/site-packages/airflow/example_dags/example_dag_decorator.py
[2025-06-03T13:27:44.497+0000] {logging_mixin.py:188} INFO - [2025-06-03T13:27:44.497+0000] {dag.py:3047} INFO - Sync 1 DAGs
[2025-06-03T13:27:44.502+0000] {logging_mixin.py:188} INFO - [2025-06-03T13:27:44.502+0000] {dag.py:3834} INFO - Setting next_dagrun for example_dag_decorator to None, run_after=None
[2025-06-03T13:27:44.510+0000] {processor.py:183} INFO - Processing /home/airflow/.local/lib/python3.8/site-packages/airflow/example_dags/example_dag_decorator.py took 0.112 seconds
[2025-06-03T13:28:15.024+0000] {processor.py:161} INFO - Started process (PID=1288) to work on /home/airflow/.local/lib/python3.8/site-packages/airflow/example_dags/example_dag_decorator.py
[2025-06-03T13:28:15.025+0000] {processor.py:830} INFO - Processing file /home/airflow/.local/lib/python3.8/site-packages/airflow/example_dags/example_dag_decorator.py for tasks to queue
[2025-06-03T13:28:15.026+0000] {logging_mixin.py:188} INFO - [2025-06-03T13:28:15.026+0000] {dagbag.py:540} INFO - Filling up the DagBag from /home/airflow/.local/lib/python3.8/site-packages/airflow/example_dags/example_dag_decorator.py
[2025-06-03T13:28:15.081+0000] {processor.py:840} INFO - DAG(s) 'example_dag_decorator' retrieved from /home/airflow/.local/lib/python3.8/site-packages/airflow/example_dags/example_dag_decorator.py
[2025-06-03T13:28:15.137+0000] {logging_mixin.py:188} INFO - [2025-06-03T13:28:15.137+0000] {dag.py:3047} INFO - Sync 1 DAGs
[2025-06-03T13:28:15.142+0000] {logging_mixin.py:188} INFO - [2025-06-03T13:28:15.142+0000] {dag.py:3834} INFO - Setting next_dagrun for example_dag_decorator to None, run_after=None
[2025-06-03T13:28:15.150+0000] {processor.py:183} INFO - Processing /home/airflow/.local/lib/python3.8/site-packages/airflow/example_dags/example_dag_decorator.py took 0.129 seconds
[2025-06-03T13:28:45.551+0000] {processor.py:161} INFO - Started process (PID=1343) to work on /home/airflow/.local/lib/python3.8/site-packages/airflow/example_dags/example_dag_decorator.py
[2025-06-03T13:28:45.552+0000] {processor.py:830} INFO - Processing file /home/airflow/.local/lib/python3.8/site-packages/airflow/example_dags/example_dag_decorator.py for tasks to queue
[2025-06-03T13:28:45.553+0000] {logging_mixin.py:188} INFO - [2025-06-03T13:28:45.553+0000] {dagbag.py:540} INFO - Filling up the DagBag from /home/airflow/.local/lib/python3.8/site-packages/airflow/example_dags/example_dag_decorator.py
[2025-06-03T13:28:45.658+0000] {processor.py:840} INFO - DAG(s) 'example_dag_decorator' retrieved from /home/airflow/.local/lib/python3.8/site-packages/airflow/example_dags/example_dag_decorator.py
[2025-06-03T13:28:45.808+0000] {logging_mixin.py:188} INFO - [2025-06-03T13:28:45.807+0000] {dag.py:3047} INFO - Sync 1 DAGs
[2025-06-03T13:28:45.814+0000] {logging_mixin.py:188} INFO - [2025-06-03T13:28:45.814+0000] {dag.py:3834} INFO - Setting next_dagrun for example_dag_decorator to None, run_after=None
[2025-06-03T13:28:45.831+0000] {processor.py:183} INFO - Processing /home/airflow/.local/lib/python3.8/site-packages/airflow/example_dags/example_dag_decorator.py took 0.282 seconds
[2025-06-03T13:29:15.881+0000] {processor.py:161} INFO - Started process (PID=1400) to work on /home/airflow/.local/lib/python3.8/site-packages/airflow/example_dags/example_dag_decorator.py
[2025-06-03T13:29:15.881+0000] {processor.py:830} INFO - Processing file /home/airflow/.local/lib/python3.8/site-packages/airflow/example_dags/example_dag_decorator.py for tasks to queue
[2025-06-03T13:29:15.882+0000] {logging_mixin.py:188} INFO - [2025-06-03T13:29:15.882+0000] {dagbag.py:540} INFO - Filling up the DagBag from /home/airflow/.local/lib/python3.8/site-packages/airflow/example_dags/example_dag_decorator.py
[2025-06-03T13:29:15.916+0000] {processor.py:840} INFO - DAG(s) 'example_dag_decorator' retrieved from /home/airflow/.local/lib/python3.8/site-packages/airflow/example_dags/example_dag_decorator.py
[2025-06-03T13:29:15.953+0000] {logging_mixin.py:188} INFO - [2025-06-03T13:29:15.953+0000] {dag.py:3047} INFO - Sync 1 DAGs
[2025-06-03T13:29:15.957+0000] {logging_mixin.py:188} INFO - [2025-06-03T13:29:15.956+0000] {dag.py:3834} INFO - Setting next_dagrun for example_dag_decorator to None, run_after=None
[2025-06-03T13:29:15.963+0000] {processor.py:183} INFO - Processing /home/airflow/.local/lib/python3.8/site-packages/airflow/example_dags/example_dag_decorator.py took 0.084 seconds
[2025-06-03T13:29:46.198+0000] {processor.py:161} INFO - Started process (PID=1453) to work on /home/airflow/.local/lib/python3.8/site-packages/airflow/example_dags/example_dag_decorator.py
[2025-06-03T13:29:46.198+0000] {processor.py:830} INFO - Processing file /home/airflow/.local/lib/python3.8/site-packages/airflow/example_dags/example_dag_decorator.py for tasks to queue
[2025-06-03T13:29:46.202+0000] {logging_mixin.py:188} INFO - [2025-06-03T13:29:46.202+0000] {dagbag.py:540} INFO - Filling up the DagBag from /home/airflow/.local/lib/python3.8/site-packages/airflow/example_dags/example_dag_decorator.py
[2025-06-03T13:29:46.236+0000] {processor.py:840} INFO - DAG(s) 'example_dag_decorator' retrieved from /home/airflow/.local/lib/python3.8/site-packages/airflow/example_dags/example_dag_decorator.py
[2025-06-03T13:29:46.275+0000] {logging_mixin.py:188} INFO - [2025-06-03T13:29:46.275+0000] {dag.py:3047} INFO - Sync 1 DAGs
[2025-06-03T13:29:46.282+0000] {logging_mixin.py:188} INFO - [2025-06-03T13:29:46.281+0000] {dag.py:3834} INFO - Setting next_dagrun for example_dag_decorator to None, run_after=None
[2025-06-03T13:29:46.288+0000] {processor.py:183} INFO - Processing /home/airflow/.local/lib/python3.8/site-packages/airflow/example_dags/example_dag_decorator.py took 0.092 seconds
[2025-06-03T13:30:16.542+0000] {processor.py:161} INFO - Started process (PID=1508) to work on /home/airflow/.local/lib/python3.8/site-packages/airflow/example_dags/example_dag_decorator.py
[2025-06-03T13:30:16.543+0000] {processor.py:830} INFO - Processing file /home/airflow/.local/lib/python3.8/site-packages/airflow/example_dags/example_dag_decorator.py for tasks to queue
[2025-06-03T13:30:16.544+0000] {logging_mixin.py:188} INFO - [2025-06-03T13:30:16.544+0000] {dagbag.py:540} INFO - Filling up the DagBag from /home/airflow/.local/lib/python3.8/site-packages/airflow/example_dags/example_dag_decorator.py
[2025-06-03T13:30:16.578+0000] {processor.py:840} INFO - DAG(s) 'example_dag_decorator' retrieved from /home/airflow/.local/lib/python3.8/site-packages/airflow/example_dags/example_dag_decorator.py
[2025-06-03T13:30:16.587+0000] {logging_mixin.py:188} INFO - [2025-06-03T13:30:16.587+0000] {dag.py:3047} INFO - Sync 1 DAGs
[2025-06-03T13:30:16.593+0000] {logging_mixin.py:188} INFO - [2025-06-03T13:30:16.593+0000] {dag.py:3834} INFO - Setting next_dagrun for example_dag_decorator to None, run_after=None
[2025-06-03T13:30:16.601+0000] {processor.py:183} INFO - Processing /home/airflow/.local/lib/python3.8/site-packages/airflow/example_dags/example_dag_decorator.py took 0.060 seconds
[2025-06-03T13:30:46.836+0000] {processor.py:161} INFO - Started process (PID=1562) to work on /home/airflow/.local/lib/python3.8/site-packages/airflow/example_dags/example_dag_decorator.py
[2025-06-03T13:30:46.836+0000] {processor.py:830} INFO - Processing file /home/airflow/.local/lib/python3.8/site-packages/airflow/example_dags/example_dag_decorator.py for tasks to queue
[2025-06-03T13:30:46.837+0000] {logging_mixin.py:188} INFO - [2025-06-03T13:30:46.837+0000] {dagbag.py:540} INFO - Filling up the DagBag from /home/airflow/.local/lib/python3.8/site-packages/airflow/example_dags/example_dag_decorator.py
[2025-06-03T13:30:46.874+0000] {processor.py:840} INFO - DAG(s) 'example_dag_decorator' retrieved from /home/airflow/.local/lib/python3.8/site-packages/airflow/example_dags/example_dag_decorator.py
[2025-06-03T13:30:46.915+0000] {logging_mixin.py:188} INFO - [2025-06-03T13:30:46.915+0000] {dag.py:3047} INFO - Sync 1 DAGs
[2025-06-03T13:30:46.919+0000] {logging_mixin.py:188} INFO - [2025-06-03T13:30:46.919+0000] {dag.py:3834} INFO - Setting next_dagrun for example_dag_decorator to None, run_after=None
[2025-06-03T13:30:46.925+0000] {processor.py:183} INFO - Processing /home/airflow/.local/lib/python3.8/site-packages/airflow/example_dags/example_dag_decorator.py took 0.091 seconds
[2025-06-03T13:31:17.133+0000] {processor.py:161} INFO - Started process (PID=1617) to work on /home/airflow/.local/lib/python3.8/site-packages/airflow/example_dags/example_dag_decorator.py
[2025-06-03T13:31:17.135+0000] {processor.py:830} INFO - Processing file /home/airflow/.local/lib/python3.8/site-packages/airflow/example_dags/example_dag_decorator.py for tasks to queue
[2025-06-03T13:31:17.136+0000] {logging_mixin.py:188} INFO - [2025-06-03T13:31:17.136+0000] {dagbag.py:540} INFO - Filling up the DagBag from /home/airflow/.local/lib/python3.8/site-packages/airflow/example_dags/example_dag_decorator.py
[2025-06-03T13:31:17.172+0000] {processor.py:840} INFO - DAG(s) 'example_dag_decorator' retrieved from /home/airflow/.local/lib/python3.8/site-packages/airflow/example_dags/example_dag_decorator.py
[2025-06-03T13:31:17.181+0000] {logging_mixin.py:188} INFO - [2025-06-03T13:31:17.181+0000] {dag.py:3047} INFO - Sync 1 DAGs
[2025-06-03T13:31:17.186+0000] {logging_mixin.py:188} INFO - [2025-06-03T13:31:17.185+0000] {dag.py:3834} INFO - Setting next_dagrun for example_dag_decorator to None, run_after=None
[2025-06-03T13:31:17.192+0000] {processor.py:183} INFO - Processing /home/airflow/.local/lib/python3.8/site-packages/airflow/example_dags/example_dag_decorator.py took 0.060 seconds
[2025-06-03T13:31:47.418+0000] {processor.py:161} INFO - Started process (PID=1672) to work on /home/airflow/.local/lib/python3.8/site-packages/airflow/example_dags/example_dag_decorator.py
[2025-06-03T13:31:47.420+0000] {processor.py:830} INFO - Processing file /home/airflow/.local/lib/python3.8/site-packages/airflow/example_dags/example_dag_decorator.py for tasks to queue
[2025-06-03T13:31:47.421+0000] {logging_mixin.py:188} INFO - [2025-06-03T13:31:47.420+0000] {dagbag.py:540} INFO - Filling up the DagBag from /home/airflow/.local/lib/python3.8/site-packages/airflow/example_dags/example_dag_decorator.py
[2025-06-03T13:31:47.457+0000] {processor.py:840} INFO - DAG(s) 'example_dag_decorator' retrieved from /home/airflow/.local/lib/python3.8/site-packages/airflow/example_dags/example_dag_decorator.py
[2025-06-03T13:31:47.502+0000] {logging_mixin.py:188} INFO - [2025-06-03T13:31:47.502+0000] {dag.py:3047} INFO - Sync 1 DAGs
[2025-06-03T13:31:47.508+0000] {logging_mixin.py:188} INFO - [2025-06-03T13:31:47.508+0000] {dag.py:3834} INFO - Setting next_dagrun for example_dag_decorator to None, run_after=None
[2025-06-03T13:31:47.515+0000] {processor.py:183} INFO - Processing /home/airflow/.local/lib/python3.8/site-packages/airflow/example_dags/example_dag_decorator.py took 0.099 seconds
[2025-06-03T13:32:17.723+0000] {processor.py:161} INFO - Started process (PID=1727) to work on /home/airflow/.local/lib/python3.8/site-packages/airflow/example_dags/example_dag_decorator.py
[2025-06-03T13:32:17.725+0000] {processor.py:830} INFO - Processing file /home/airflow/.local/lib/python3.8/site-packages/airflow/example_dags/example_dag_decorator.py for tasks to queue
[2025-06-03T13:32:17.726+0000] {logging_mixin.py:188} INFO - [2025-06-03T13:32:17.726+0000] {dagbag.py:540} INFO - Filling up the DagBag from /home/airflow/.local/lib/python3.8/site-packages/airflow/example_dags/example_dag_decorator.py
[2025-06-03T13:32:17.761+0000] {processor.py:840} INFO - DAG(s) 'example_dag_decorator' retrieved from /home/airflow/.local/lib/python3.8/site-packages/airflow/example_dags/example_dag_decorator.py
[2025-06-03T13:32:17.773+0000] {logging_mixin.py:188} INFO - [2025-06-03T13:32:17.773+0000] {dag.py:3047} INFO - Sync 1 DAGs
[2025-06-03T13:32:17.778+0000] {logging_mixin.py:188} INFO - [2025-06-03T13:32:17.778+0000] {dag.py:3834} INFO - Setting next_dagrun for example_dag_decorator to None, run_after=None
[2025-06-03T13:32:17.785+0000] {processor.py:183} INFO - Processing /home/airflow/.local/lib/python3.8/site-packages/airflow/example_dags/example_dag_decorator.py took 0.064 seconds
[2025-06-03T13:32:48.001+0000] {processor.py:161} INFO - Started process (PID=1782) to work on /home/airflow/.local/lib/python3.8/site-packages/airflow/example_dags/example_dag_decorator.py
[2025-06-03T13:32:48.004+0000] {processor.py:830} INFO - Processing file /home/airflow/.local/lib/python3.8/site-packages/airflow/example_dags/example_dag_decorator.py for tasks to queue
[2025-06-03T13:32:48.005+0000] {logging_mixin.py:188} INFO - [2025-06-03T13:32:48.005+0000] {dagbag.py:540} INFO - Filling up the DagBag from /home/airflow/.local/lib/python3.8/site-packages/airflow/example_dags/example_dag_decorator.py
[2025-06-03T13:32:48.040+0000] {processor.py:840} INFO - DAG(s) 'example_dag_decorator' retrieved from /home/airflow/.local/lib/python3.8/site-packages/airflow/example_dags/example_dag_decorator.py
[2025-06-03T13:32:48.080+0000] {logging_mixin.py:188} INFO - [2025-06-03T13:32:48.080+0000] {dag.py:3047} INFO - Sync 1 DAGs
[2025-06-03T13:32:48.084+0000] {logging_mixin.py:188} INFO - [2025-06-03T13:32:48.084+0000] {dag.py:3834} INFO - Setting next_dagrun for example_dag_decorator to None, run_after=None
[2025-06-03T13:32:48.091+0000] {processor.py:183} INFO - Processing /home/airflow/.local/lib/python3.8/site-packages/airflow/example_dags/example_dag_decorator.py took 0.091 seconds
[2025-06-03T13:33:18.321+0000] {processor.py:161} INFO - Started process (PID=1837) to work on /home/airflow/.local/lib/python3.8/site-packages/airflow/example_dags/example_dag_decorator.py
[2025-06-03T13:33:18.323+0000] {processor.py:830} INFO - Processing file /home/airflow/.local/lib/python3.8/site-packages/airflow/example_dags/example_dag_decorator.py for tasks to queue
[2025-06-03T13:33:18.324+0000] {logging_mixin.py:188} INFO - [2025-06-03T13:33:18.324+0000] {dagbag.py:540} INFO - Filling up the DagBag from /home/airflow/.local/lib/python3.8/site-packages/airflow/example_dags/example_dag_decorator.py
[2025-06-03T13:33:18.358+0000] {processor.py:840} INFO - DAG(s) 'example_dag_decorator' retrieved from /home/airflow/.local/lib/python3.8/site-packages/airflow/example_dags/example_dag_decorator.py
[2025-06-03T13:33:18.397+0000] {logging_mixin.py:188} INFO - [2025-06-03T13:33:18.397+0000] {dag.py:3047} INFO - Sync 1 DAGs
[2025-06-03T13:33:18.402+0000] {logging_mixin.py:188} INFO - [2025-06-03T13:33:18.402+0000] {dag.py:3834} INFO - Setting next_dagrun for example_dag_decorator to None, run_after=None
[2025-06-03T13:33:18.409+0000] {processor.py:183} INFO - Processing /home/airflow/.local/lib/python3.8/site-packages/airflow/example_dags/example_dag_decorator.py took 0.090 seconds
[2025-06-03T13:33:48.599+0000] {processor.py:161} INFO - Started process (PID=1892) to work on /home/airflow/.local/lib/python3.8/site-packages/airflow/example_dags/example_dag_decorator.py
[2025-06-03T13:33:48.601+0000] {processor.py:830} INFO - Processing file /home/airflow/.local/lib/python3.8/site-packages/airflow/example_dags/example_dag_decorator.py for tasks to queue
[2025-06-03T13:33:48.603+0000] {logging_mixin.py:188} INFO - [2025-06-03T13:33:48.603+0000] {dagbag.py:540} INFO - Filling up the DagBag from /home/airflow/.local/lib/python3.8/site-packages/airflow/example_dags/example_dag_decorator.py
[2025-06-03T13:33:48.638+0000] {processor.py:840} INFO - DAG(s) 'example_dag_decorator' retrieved from /home/airflow/.local/lib/python3.8/site-packages/airflow/example_dags/example_dag_decorator.py
[2025-06-03T13:33:48.648+0000] {logging_mixin.py:188} INFO - [2025-06-03T13:33:48.648+0000] {dag.py:3047} INFO - Sync 1 DAGs
[2025-06-03T13:33:48.654+0000] {logging_mixin.py:188} INFO - [2025-06-03T13:33:48.654+0000] {dag.py:3834} INFO - Setting next_dagrun for example_dag_decorator to None, run_after=None
[2025-06-03T13:33:48.660+0000] {processor.py:183} INFO - Processing /home/airflow/.local/lib/python3.8/site-packages/airflow/example_dags/example_dag_decorator.py took 0.062 seconds
[2025-06-03T13:34:18.893+0000] {processor.py:161} INFO - Started process (PID=1947) to work on /home/airflow/.local/lib/python3.8/site-packages/airflow/example_dags/example_dag_decorator.py
[2025-06-03T13:34:18.894+0000] {processor.py:830} INFO - Processing file /home/airflow/.local/lib/python3.8/site-packages/airflow/example_dags/example_dag_decorator.py for tasks to queue
[2025-06-03T13:34:18.898+0000] {logging_mixin.py:188} INFO - [2025-06-03T13:34:18.897+0000] {dagbag.py:540} INFO - Filling up the DagBag from /home/airflow/.local/lib/python3.8/site-packages/airflow/example_dags/example_dag_decorator.py
[2025-06-03T13:34:18.936+0000] {processor.py:840} INFO - DAG(s) 'example_dag_decorator' retrieved from /home/airflow/.local/lib/python3.8/site-packages/airflow/example_dags/example_dag_decorator.py
[2025-06-03T13:34:18.984+0000] {logging_mixin.py:188} INFO - [2025-06-03T13:34:18.984+0000] {dag.py:3047} INFO - Sync 1 DAGs
[2025-06-03T13:34:18.988+0000] {logging_mixin.py:188} INFO - [2025-06-03T13:34:18.988+0000] {dag.py:3834} INFO - Setting next_dagrun for example_dag_decorator to None, run_after=None
[2025-06-03T13:34:18.996+0000] {processor.py:183} INFO - Processing /home/airflow/.local/lib/python3.8/site-packages/airflow/example_dags/example_dag_decorator.py took 0.104 seconds
[2025-06-03T13:34:49.254+0000] {processor.py:161} INFO - Started process (PID=2002) to work on /home/airflow/.local/lib/python3.8/site-packages/airflow/example_dags/example_dag_decorator.py
[2025-06-03T13:34:49.255+0000] {processor.py:830} INFO - Processing file /home/airflow/.local/lib/python3.8/site-packages/airflow/example_dags/example_dag_decorator.py for tasks to queue
[2025-06-03T13:34:49.256+0000] {logging_mixin.py:188} INFO - [2025-06-03T13:34:49.256+0000] {dagbag.py:540} INFO - Filling up the DagBag from /home/airflow/.local/lib/python3.8/site-packages/airflow/example_dags/example_dag_decorator.py
[2025-06-03T13:34:49.298+0000] {processor.py:840} INFO - DAG(s) 'example_dag_decorator' retrieved from /home/airflow/.local/lib/python3.8/site-packages/airflow/example_dags/example_dag_decorator.py
[2025-06-03T13:34:49.311+0000] {logging_mixin.py:188} INFO - [2025-06-03T13:34:49.311+0000] {dag.py:3047} INFO - Sync 1 DAGs
[2025-06-03T13:34:49.316+0000] {logging_mixin.py:188} INFO - [2025-06-03T13:34:49.316+0000] {dag.py:3834} INFO - Setting next_dagrun for example_dag_decorator to None, run_after=None
[2025-06-03T13:34:49.322+0000] {processor.py:183} INFO - Processing /home/airflow/.local/lib/python3.8/site-packages/airflow/example_dags/example_dag_decorator.py took 0.070 seconds
[2025-06-03T13:35:19.846+0000] {processor.py:161} INFO - Started process (PID=2057) to work on /home/airflow/.local/lib/python3.8/site-packages/airflow/example_dags/example_dag_decorator.py
[2025-06-03T13:35:19.847+0000] {processor.py:830} INFO - Processing file /home/airflow/.local/lib/python3.8/site-packages/airflow/example_dags/example_dag_decorator.py for tasks to queue
[2025-06-03T13:35:19.849+0000] {logging_mixin.py:188} INFO - [2025-06-03T13:35:19.849+0000] {dagbag.py:540} INFO - Filling up the DagBag from /home/airflow/.local/lib/python3.8/site-packages/airflow/example_dags/example_dag_decorator.py
[2025-06-03T13:35:19.896+0000] {processor.py:840} INFO - DAG(s) 'example_dag_decorator' retrieved from /home/airflow/.local/lib/python3.8/site-packages/airflow/example_dags/example_dag_decorator.py
[2025-06-03T13:35:19.950+0000] {logging_mixin.py:188} INFO - [2025-06-03T13:35:19.949+0000] {dag.py:3047} INFO - Sync 1 DAGs
[2025-06-03T13:35:19.956+0000] {logging_mixin.py:188} INFO - [2025-06-03T13:35:19.956+0000] {dag.py:3834} INFO - Setting next_dagrun for example_dag_decorator to None, run_after=None
[2025-06-03T13:35:19.968+0000] {processor.py:183} INFO - Processing /home/airflow/.local/lib/python3.8/site-packages/airflow/example_dags/example_dag_decorator.py took 0.124 seconds
[2025-06-03T13:35:50.253+0000] {processor.py:161} INFO - Started process (PID=2112) to work on /home/airflow/.local/lib/python3.8/site-packages/airflow/example_dags/example_dag_decorator.py
[2025-06-03T13:35:50.253+0000] {processor.py:830} INFO - Processing file /home/airflow/.local/lib/python3.8/site-packages/airflow/example_dags/example_dag_decorator.py for tasks to queue
[2025-06-03T13:35:50.257+0000] {logging_mixin.py:188} INFO - [2025-06-03T13:35:50.257+0000] {dagbag.py:540} INFO - Filling up the DagBag from /home/airflow/.local/lib/python3.8/site-packages/airflow/example_dags/example_dag_decorator.py
[2025-06-03T13:35:50.296+0000] {processor.py:840} INFO - DAG(s) 'example_dag_decorator' retrieved from /home/airflow/.local/lib/python3.8/site-packages/airflow/example_dags/example_dag_decorator.py
[2025-06-03T13:35:50.307+0000] {logging_mixin.py:188} INFO - [2025-06-03T13:35:50.307+0000] {dag.py:3047} INFO - Sync 1 DAGs
[2025-06-03T13:35:50.313+0000] {logging_mixin.py:188} INFO - [2025-06-03T13:35:50.313+0000] {dag.py:3834} INFO - Setting next_dagrun for example_dag_decorator to None, run_after=None
[2025-06-03T13:35:50.319+0000] {processor.py:183} INFO - Processing /home/airflow/.local/lib/python3.8/site-packages/airflow/example_dags/example_dag_decorator.py took 0.068 seconds
[2025-06-03T13:36:20.545+0000] {processor.py:161} INFO - Started process (PID=2167) to work on /home/airflow/.local/lib/python3.8/site-packages/airflow/example_dags/example_dag_decorator.py
[2025-06-03T13:36:20.546+0000] {processor.py:830} INFO - Processing file /home/airflow/.local/lib/python3.8/site-packages/airflow/example_dags/example_dag_decorator.py for tasks to queue
[2025-06-03T13:36:20.547+0000] {logging_mixin.py:188} INFO - [2025-06-03T13:36:20.547+0000] {dagbag.py:540} INFO - Filling up the DagBag from /home/airflow/.local/lib/python3.8/site-packages/airflow/example_dags/example_dag_decorator.py
[2025-06-03T13:36:20.582+0000] {processor.py:840} INFO - DAG(s) 'example_dag_decorator' retrieved from /home/airflow/.local/lib/python3.8/site-packages/airflow/example_dags/example_dag_decorator.py
[2025-06-03T13:36:20.622+0000] {logging_mixin.py:188} INFO - [2025-06-03T13:36:20.622+0000] {dag.py:3047} INFO - Sync 1 DAGs
[2025-06-03T13:36:20.627+0000] {logging_mixin.py:188} INFO - [2025-06-03T13:36:20.627+0000] {dag.py:3834} INFO - Setting next_dagrun for example_dag_decorator to None, run_after=None
[2025-06-03T13:36:20.634+0000] {processor.py:183} INFO - Processing /home/airflow/.local/lib/python3.8/site-packages/airflow/example_dags/example_dag_decorator.py took 0.091 seconds
[2025-06-03T13:36:50.924+0000] {processor.py:161} INFO - Started process (PID=2222) to work on /home/airflow/.local/lib/python3.8/site-packages/airflow/example_dags/example_dag_decorator.py
[2025-06-03T13:36:50.926+0000] {processor.py:830} INFO - Processing file /home/airflow/.local/lib/python3.8/site-packages/airflow/example_dags/example_dag_decorator.py for tasks to queue
[2025-06-03T13:36:50.927+0000] {logging_mixin.py:188} INFO - [2025-06-03T13:36:50.927+0000] {dagbag.py:540} INFO - Filling up the DagBag from /home/airflow/.local/lib/python3.8/site-packages/airflow/example_dags/example_dag_decorator.py
[2025-06-03T13:36:50.965+0000] {processor.py:840} INFO - DAG(s) 'example_dag_decorator' retrieved from /home/airflow/.local/lib/python3.8/site-packages/airflow/example_dags/example_dag_decorator.py
[2025-06-03T13:36:50.976+0000] {logging_mixin.py:188} INFO - [2025-06-03T13:36:50.976+0000] {dag.py:3047} INFO - Sync 1 DAGs
[2025-06-03T13:36:50.981+0000] {logging_mixin.py:188} INFO - [2025-06-03T13:36:50.981+0000] {dag.py:3834} INFO - Setting next_dagrun for example_dag_decorator to None, run_after=None
[2025-06-03T13:36:50.987+0000] {processor.py:183} INFO - Processing /home/airflow/.local/lib/python3.8/site-packages/airflow/example_dags/example_dag_decorator.py took 0.065 seconds
[2025-06-03T13:37:21.300+0000] {processor.py:161} INFO - Started process (PID=2277) to work on /home/airflow/.local/lib/python3.8/site-packages/airflow/example_dags/example_dag_decorator.py
[2025-06-03T13:37:21.303+0000] {processor.py:830} INFO - Processing file /home/airflow/.local/lib/python3.8/site-packages/airflow/example_dags/example_dag_decorator.py for tasks to queue
[2025-06-03T13:37:21.305+0000] {logging_mixin.py:188} INFO - [2025-06-03T13:37:21.305+0000] {dagbag.py:540} INFO - Filling up the DagBag from /home/airflow/.local/lib/python3.8/site-packages/airflow/example_dags/example_dag_decorator.py
[2025-06-03T13:37:21.344+0000] {processor.py:840} INFO - DAG(s) 'example_dag_decorator' retrieved from /home/airflow/.local/lib/python3.8/site-packages/airflow/example_dags/example_dag_decorator.py
[2025-06-03T13:37:21.387+0000] {logging_mixin.py:188} INFO - [2025-06-03T13:37:21.387+0000] {dag.py:3047} INFO - Sync 1 DAGs
[2025-06-03T13:37:21.391+0000] {logging_mixin.py:188} INFO - [2025-06-03T13:37:21.391+0000] {dag.py:3834} INFO - Setting next_dagrun for example_dag_decorator to None, run_after=None
[2025-06-03T13:37:21.397+0000] {processor.py:183} INFO - Processing /home/airflow/.local/lib/python3.8/site-packages/airflow/example_dags/example_dag_decorator.py took 0.099 seconds
[2025-06-03T13:37:51.959+0000] {processor.py:161} INFO - Started process (PID=2332) to work on /home/airflow/.local/lib/python3.8/site-packages/airflow/example_dags/example_dag_decorator.py
[2025-06-03T13:37:51.961+0000] {processor.py:830} INFO - Processing file /home/airflow/.local/lib/python3.8/site-packages/airflow/example_dags/example_dag_decorator.py for tasks to queue
[2025-06-03T13:37:51.961+0000] {logging_mixin.py:188} INFO - [2025-06-03T13:37:51.961+0000] {dagbag.py:540} INFO - Filling up the DagBag from /home/airflow/.local/lib/python3.8/site-packages/airflow/example_dags/example_dag_decorator.py
[2025-06-03T13:37:52.010+0000] {processor.py:840} INFO - DAG(s) 'example_dag_decorator' retrieved from /home/airflow/.local/lib/python3.8/site-packages/airflow/example_dags/example_dag_decorator.py
[2025-06-03T13:37:52.024+0000] {logging_mixin.py:188} INFO - [2025-06-03T13:37:52.024+0000] {dag.py:3047} INFO - Sync 1 DAGs
[2025-06-03T13:37:52.030+0000] {logging_mixin.py:188} INFO - [2025-06-03T13:37:52.030+0000] {dag.py:3834} INFO - Setting next_dagrun for example_dag_decorator to None, run_after=None
[2025-06-03T13:37:52.037+0000] {processor.py:183} INFO - Processing /home/airflow/.local/lib/python3.8/site-packages/airflow/example_dags/example_dag_decorator.py took 0.079 seconds
[2025-06-03T13:38:22.844+0000] {processor.py:161} INFO - Started process (PID=2387) to work on /home/airflow/.local/lib/python3.8/site-packages/airflow/example_dags/example_dag_decorator.py
[2025-06-03T13:38:22.846+0000] {processor.py:830} INFO - Processing file /home/airflow/.local/lib/python3.8/site-packages/airflow/example_dags/example_dag_decorator.py for tasks to queue
[2025-06-03T13:38:22.848+0000] {logging_mixin.py:188} INFO - [2025-06-03T13:38:22.848+0000] {dagbag.py:540} INFO - Filling up the DagBag from /home/airflow/.local/lib/python3.8/site-packages/airflow/example_dags/example_dag_decorator.py
[2025-06-03T13:38:22.967+0000] {processor.py:840} INFO - DAG(s) 'example_dag_decorator' retrieved from /home/airflow/.local/lib/python3.8/site-packages/airflow/example_dags/example_dag_decorator.py
[2025-06-03T13:38:23.055+0000] {logging_mixin.py:188} INFO - [2025-06-03T13:38:23.055+0000] {dag.py:3047} INFO - Sync 1 DAGs
[2025-06-03T13:38:23.063+0000] {logging_mixin.py:188} INFO - [2025-06-03T13:38:23.063+0000] {dag.py:3834} INFO - Setting next_dagrun for example_dag_decorator to None, run_after=None
[2025-06-03T13:38:23.075+0000] {processor.py:183} INFO - Processing /home/airflow/.local/lib/python3.8/site-packages/airflow/example_dags/example_dag_decorator.py took 0.235 seconds
[2025-06-03T13:38:53.494+0000] {processor.py:161} INFO - Started process (PID=2442) to work on /home/airflow/.local/lib/python3.8/site-packages/airflow/example_dags/example_dag_decorator.py
[2025-06-03T13:38:53.496+0000] {processor.py:830} INFO - Processing file /home/airflow/.local/lib/python3.8/site-packages/airflow/example_dags/example_dag_decorator.py for tasks to queue
[2025-06-03T13:38:53.498+0000] {logging_mixin.py:188} INFO - [2025-06-03T13:38:53.498+0000] {dagbag.py:540} INFO - Filling up the DagBag from /home/airflow/.local/lib/python3.8/site-packages/airflow/example_dags/example_dag_decorator.py
[2025-06-03T13:38:53.560+0000] {processor.py:840} INFO - DAG(s) 'example_dag_decorator' retrieved from /home/airflow/.local/lib/python3.8/site-packages/airflow/example_dags/example_dag_decorator.py
[2025-06-03T13:38:53.585+0000] {logging_mixin.py:188} INFO - [2025-06-03T13:38:53.585+0000] {dag.py:3047} INFO - Sync 1 DAGs
[2025-06-03T13:38:53.593+0000] {logging_mixin.py:188} INFO - [2025-06-03T13:38:53.593+0000] {dag.py:3834} INFO - Setting next_dagrun for example_dag_decorator to None, run_after=None
[2025-06-03T13:38:53.604+0000] {processor.py:183} INFO - Processing /home/airflow/.local/lib/python3.8/site-packages/airflow/example_dags/example_dag_decorator.py took 0.112 seconds
[2025-06-03T13:39:24.561+0000] {processor.py:161} INFO - Started process (PID=2497) to work on /home/airflow/.local/lib/python3.8/site-packages/airflow/example_dags/example_dag_decorator.py
[2025-06-03T13:39:24.563+0000] {processor.py:830} INFO - Processing file /home/airflow/.local/lib/python3.8/site-packages/airflow/example_dags/example_dag_decorator.py for tasks to queue
[2025-06-03T13:39:24.563+0000] {logging_mixin.py:188} INFO - [2025-06-03T13:39:24.563+0000] {dagbag.py:540} INFO - Filling up the DagBag from /home/airflow/.local/lib/python3.8/site-packages/airflow/example_dags/example_dag_decorator.py
[2025-06-03T13:39:24.621+0000] {processor.py:840} INFO - DAG(s) 'example_dag_decorator' retrieved from /home/airflow/.local/lib/python3.8/site-packages/airflow/example_dags/example_dag_decorator.py
[2025-06-03T13:39:24.685+0000] {logging_mixin.py:188} INFO - [2025-06-03T13:39:24.685+0000] {dag.py:3047} INFO - Sync 1 DAGs
[2025-06-03T13:39:24.691+0000] {logging_mixin.py:188} INFO - [2025-06-03T13:39:24.691+0000] {dag.py:3834} INFO - Setting next_dagrun for example_dag_decorator to None, run_after=None
[2025-06-03T13:39:24.703+0000] {processor.py:183} INFO - Processing /home/airflow/.local/lib/python3.8/site-packages/airflow/example_dags/example_dag_decorator.py took 0.144 seconds
[2025-06-03T13:39:55.448+0000] {processor.py:161} INFO - Started process (PID=2552) to work on /home/airflow/.local/lib/python3.8/site-packages/airflow/example_dags/example_dag_decorator.py
[2025-06-03T13:39:55.451+0000] {processor.py:830} INFO - Processing file /home/airflow/.local/lib/python3.8/site-packages/airflow/example_dags/example_dag_decorator.py for tasks to queue
[2025-06-03T13:39:55.453+0000] {logging_mixin.py:188} INFO - [2025-06-03T13:39:55.452+0000] {dagbag.py:540} INFO - Filling up the DagBag from /home/airflow/.local/lib/python3.8/site-packages/airflow/example_dags/example_dag_decorator.py
[2025-06-03T13:39:55.499+0000] {processor.py:840} INFO - DAG(s) 'example_dag_decorator' retrieved from /home/airflow/.local/lib/python3.8/site-packages/airflow/example_dags/example_dag_decorator.py
[2025-06-03T13:39:55.561+0000] {logging_mixin.py:188} INFO - [2025-06-03T13:39:55.561+0000] {dag.py:3047} INFO - Sync 1 DAGs
[2025-06-03T13:39:55.565+0000] {logging_mixin.py:188} INFO - [2025-06-03T13:39:55.565+0000] {dag.py:3834} INFO - Setting next_dagrun for example_dag_decorator to None, run_after=None
[2025-06-03T13:39:55.576+0000] {processor.py:183} INFO - Processing /home/airflow/.local/lib/python3.8/site-packages/airflow/example_dags/example_dag_decorator.py took 0.129 seconds
[2025-06-03T13:40:26.342+0000] {processor.py:161} INFO - Started process (PID=2608) to work on /home/airflow/.local/lib/python3.8/site-packages/airflow/example_dags/example_dag_decorator.py
[2025-06-03T13:40:26.344+0000] {processor.py:830} INFO - Processing file /home/airflow/.local/lib/python3.8/site-packages/airflow/example_dags/example_dag_decorator.py for tasks to queue
[2025-06-03T13:40:26.345+0000] {logging_mixin.py:188} INFO - [2025-06-03T13:40:26.344+0000] {dagbag.py:540} INFO - Filling up the DagBag from /home/airflow/.local/lib/python3.8/site-packages/airflow/example_dags/example_dag_decorator.py
[2025-06-03T13:40:26.407+0000] {processor.py:840} INFO - DAG(s) 'example_dag_decorator' retrieved from /home/airflow/.local/lib/python3.8/site-packages/airflow/example_dags/example_dag_decorator.py
[2025-06-03T13:40:26.423+0000] {logging_mixin.py:188} INFO - [2025-06-03T13:40:26.422+0000] {dag.py:3047} INFO - Sync 1 DAGs
[2025-06-03T13:40:26.430+0000] {logging_mixin.py:188} INFO - [2025-06-03T13:40:26.430+0000] {dag.py:3834} INFO - Setting next_dagrun for example_dag_decorator to None, run_after=None
[2025-06-03T13:40:26.436+0000] {processor.py:183} INFO - Processing /home/airflow/.local/lib/python3.8/site-packages/airflow/example_dags/example_dag_decorator.py took 0.096 seconds
