[2025-06-03T13:16:57.372+0000] {processor.py:161} INFO - Started process (PID=45) to work on /home/airflow/.local/lib/python3.8/site-packages/airflow/example_dags/example_params_trigger_ui.py
[2025-06-03T13:16:57.373+0000] {processor.py:830} INFO - Processing file /home/airflow/.local/lib/python3.8/site-packages/airflow/example_dags/example_params_trigger_ui.py for tasks to queue
[2025-06-03T13:16:57.375+0000] {logging_mixin.py:188} INFO - [2025-06-03T13:16:57.374+0000] {dagbag.py:540} INFO - Filling up the DagBag from /home/airflow/.local/lib/python3.8/site-packages/airflow/example_dags/example_params_trigger_ui.py
[2025-06-03T13:16:57.397+0000] {processor.py:840} INFO - DAG(s) 'example_params_trigger_ui' retrieved from /home/airflow/.local/lib/python3.8/site-packages/airflow/example_dags/example_params_trigger_ui.py
[2025-06-03T13:16:57.412+0000] {logging_mixin.py:188} INFO - [2025-06-03T13:16:57.412+0000] {dag.py:3047} INFO - Sync 1 DAGs
[2025-06-03T13:16:57.432+0000] {logging_mixin.py:188} INFO - [2025-06-03T13:16:57.431+0000] {dag.py:3834} INFO - Setting next_dagrun for example_params_trigger_ui to None, run_after=None
[2025-06-03T13:16:57.465+0000] {processor.py:183} INFO - Processing /home/airflow/.local/lib/python3.8/site-packages/airflow/example_dags/example_params_trigger_ui.py took 0.099 seconds
[2025-06-03T13:17:27.837+0000] {processor.py:161} INFO - Started process (PID=100) to work on /home/airflow/.local/lib/python3.8/site-packages/airflow/example_dags/example_params_trigger_ui.py
[2025-06-03T13:17:27.838+0000] {processor.py:830} INFO - Processing file /home/airflow/.local/lib/python3.8/site-packages/airflow/example_dags/example_params_trigger_ui.py for tasks to queue
[2025-06-03T13:17:27.839+0000] {logging_mixin.py:188} INFO - [2025-06-03T13:17:27.839+0000] {dagbag.py:540} INFO - Filling up the DagBag from /home/airflow/.local/lib/python3.8/site-packages/airflow/example_dags/example_params_trigger_ui.py
[2025-06-03T13:17:27.849+0000] {processor.py:840} INFO - DAG(s) 'example_params_trigger_ui' retrieved from /home/airflow/.local/lib/python3.8/site-packages/airflow/example_dags/example_params_trigger_ui.py
[2025-06-03T13:17:27.906+0000] {logging_mixin.py:188} INFO - [2025-06-03T13:17:27.906+0000] {dag.py:3047} INFO - Sync 1 DAGs
[2025-06-03T13:17:27.912+0000] {logging_mixin.py:188} INFO - [2025-06-03T13:17:27.912+0000] {dag.py:3834} INFO - Setting next_dagrun for example_params_trigger_ui to None, run_after=None
[2025-06-03T13:17:27.920+0000] {processor.py:183} INFO - Processing /home/airflow/.local/lib/python3.8/site-packages/airflow/example_dags/example_params_trigger_ui.py took 0.085 seconds
[2025-06-03T13:17:58.059+0000] {processor.py:161} INFO - Started process (PID=155) to work on /home/airflow/.local/lib/python3.8/site-packages/airflow/example_dags/example_params_trigger_ui.py
[2025-06-03T13:17:58.059+0000] {processor.py:830} INFO - Processing file /home/airflow/.local/lib/python3.8/site-packages/airflow/example_dags/example_params_trigger_ui.py for tasks to queue
[2025-06-03T13:17:58.060+0000] {logging_mixin.py:188} INFO - [2025-06-03T13:17:58.060+0000] {dagbag.py:540} INFO - Filling up the DagBag from /home/airflow/.local/lib/python3.8/site-packages/airflow/example_dags/example_params_trigger_ui.py
[2025-06-03T13:17:58.066+0000] {processor.py:840} INFO - DAG(s) 'example_params_trigger_ui' retrieved from /home/airflow/.local/lib/python3.8/site-packages/airflow/example_dags/example_params_trigger_ui.py
[2025-06-03T13:17:58.083+0000] {logging_mixin.py:188} INFO - [2025-06-03T13:17:58.083+0000] {dag.py:3047} INFO - Sync 1 DAGs
[2025-06-03T13:17:58.088+0000] {logging_mixin.py:188} INFO - [2025-06-03T13:17:58.087+0000] {dag.py:3834} INFO - Setting next_dagrun for example_params_trigger_ui to None, run_after=None
[2025-06-03T13:17:58.093+0000] {processor.py:183} INFO - Processing /home/airflow/.local/lib/python3.8/site-packages/airflow/example_dags/example_params_trigger_ui.py took 0.036 seconds
[2025-06-03T13:18:28.569+0000] {processor.py:161} INFO - Started process (PID=210) to work on /home/airflow/.local/lib/python3.8/site-packages/airflow/example_dags/example_params_trigger_ui.py
[2025-06-03T13:18:28.570+0000] {processor.py:830} INFO - Processing file /home/airflow/.local/lib/python3.8/site-packages/airflow/example_dags/example_params_trigger_ui.py for tasks to queue
[2025-06-03T13:18:28.570+0000] {logging_mixin.py:188} INFO - [2025-06-03T13:18:28.570+0000] {dagbag.py:540} INFO - Filling up the DagBag from /home/airflow/.local/lib/python3.8/site-packages/airflow/example_dags/example_params_trigger_ui.py
[2025-06-03T13:18:28.580+0000] {processor.py:840} INFO - DAG(s) 'example_params_trigger_ui' retrieved from /home/airflow/.local/lib/python3.8/site-packages/airflow/example_dags/example_params_trigger_ui.py
[2025-06-03T13:18:28.616+0000] {logging_mixin.py:188} INFO - [2025-06-03T13:18:28.616+0000] {dag.py:3047} INFO - Sync 1 DAGs
[2025-06-03T13:18:28.623+0000] {logging_mixin.py:188} INFO - [2025-06-03T13:18:28.623+0000] {dag.py:3834} INFO - Setting next_dagrun for example_params_trigger_ui to None, run_after=None
[2025-06-03T13:18:28.631+0000] {processor.py:183} INFO - Processing /home/airflow/.local/lib/python3.8/site-packages/airflow/example_dags/example_params_trigger_ui.py took 0.064 seconds
[2025-06-03T13:18:59.240+0000] {processor.py:161} INFO - Started process (PID=271) to work on /home/airflow/.local/lib/python3.8/site-packages/airflow/example_dags/example_params_trigger_ui.py
[2025-06-03T13:18:59.242+0000] {processor.py:830} INFO - Processing file /home/airflow/.local/lib/python3.8/site-packages/airflow/example_dags/example_params_trigger_ui.py for tasks to queue
[2025-06-03T13:18:59.242+0000] {logging_mixin.py:188} INFO - [2025-06-03T13:18:59.242+0000] {dagbag.py:540} INFO - Filling up the DagBag from /home/airflow/.local/lib/python3.8/site-packages/airflow/example_dags/example_params_trigger_ui.py
[2025-06-03T13:18:59.250+0000] {processor.py:840} INFO - DAG(s) 'example_params_trigger_ui' retrieved from /home/airflow/.local/lib/python3.8/site-packages/airflow/example_dags/example_params_trigger_ui.py
[2025-06-03T13:18:59.274+0000] {logging_mixin.py:188} INFO - [2025-06-03T13:18:59.274+0000] {dag.py:3047} INFO - Sync 1 DAGs
[2025-06-03T13:18:59.279+0000] {logging_mixin.py:188} INFO - [2025-06-03T13:18:59.279+0000] {dag.py:3834} INFO - Setting next_dagrun for example_params_trigger_ui to None, run_after=None
[2025-06-03T13:18:59.291+0000] {processor.py:183} INFO - Processing /home/airflow/.local/lib/python3.8/site-packages/airflow/example_dags/example_params_trigger_ui.py took 0.052 seconds
[2025-06-03T13:19:29.817+0000] {processor.py:161} INFO - Started process (PID=326) to work on /home/airflow/.local/lib/python3.8/site-packages/airflow/example_dags/example_params_trigger_ui.py
[2025-06-03T13:19:29.820+0000] {processor.py:830} INFO - Processing file /home/airflow/.local/lib/python3.8/site-packages/airflow/example_dags/example_params_trigger_ui.py for tasks to queue
[2025-06-03T13:19:29.821+0000] {logging_mixin.py:188} INFO - [2025-06-03T13:19:29.821+0000] {dagbag.py:540} INFO - Filling up the DagBag from /home/airflow/.local/lib/python3.8/site-packages/airflow/example_dags/example_params_trigger_ui.py
[2025-06-03T13:19:29.834+0000] {processor.py:840} INFO - DAG(s) 'example_params_trigger_ui' retrieved from /home/airflow/.local/lib/python3.8/site-packages/airflow/example_dags/example_params_trigger_ui.py
[2025-06-03T13:19:29.864+0000] {logging_mixin.py:188} INFO - [2025-06-03T13:19:29.864+0000] {dag.py:3047} INFO - Sync 1 DAGs
[2025-06-03T13:19:29.871+0000] {logging_mixin.py:188} INFO - [2025-06-03T13:19:29.870+0000] {dag.py:3834} INFO - Setting next_dagrun for example_params_trigger_ui to None, run_after=None
[2025-06-03T13:19:29.881+0000] {processor.py:183} INFO - Processing /home/airflow/.local/lib/python3.8/site-packages/airflow/example_dags/example_params_trigger_ui.py took 0.067 seconds
[2025-06-03T13:20:00.446+0000] {processor.py:161} INFO - Started process (PID=381) to work on /home/airflow/.local/lib/python3.8/site-packages/airflow/example_dags/example_params_trigger_ui.py
[2025-06-03T13:20:00.447+0000] {processor.py:830} INFO - Processing file /home/airflow/.local/lib/python3.8/site-packages/airflow/example_dags/example_params_trigger_ui.py for tasks to queue
[2025-06-03T13:20:00.448+0000] {logging_mixin.py:188} INFO - [2025-06-03T13:20:00.448+0000] {dagbag.py:540} INFO - Filling up the DagBag from /home/airflow/.local/lib/python3.8/site-packages/airflow/example_dags/example_params_trigger_ui.py
[2025-06-03T13:20:00.455+0000] {processor.py:840} INFO - DAG(s) 'example_params_trigger_ui' retrieved from /home/airflow/.local/lib/python3.8/site-packages/airflow/example_dags/example_params_trigger_ui.py
[2025-06-03T13:20:00.474+0000] {logging_mixin.py:188} INFO - [2025-06-03T13:20:00.474+0000] {dag.py:3047} INFO - Sync 1 DAGs
[2025-06-03T13:20:00.478+0000] {logging_mixin.py:188} INFO - [2025-06-03T13:20:00.478+0000] {dag.py:3834} INFO - Setting next_dagrun for example_params_trigger_ui to None, run_after=None
[2025-06-03T13:20:00.485+0000] {processor.py:183} INFO - Processing /home/airflow/.local/lib/python3.8/site-packages/airflow/example_dags/example_params_trigger_ui.py took 0.040 seconds
[2025-06-03T13:20:31.215+0000] {processor.py:161} INFO - Started process (PID=436) to work on /home/airflow/.local/lib/python3.8/site-packages/airflow/example_dags/example_params_trigger_ui.py
[2025-06-03T13:20:31.216+0000] {processor.py:830} INFO - Processing file /home/airflow/.local/lib/python3.8/site-packages/airflow/example_dags/example_params_trigger_ui.py for tasks to queue
[2025-06-03T13:20:31.218+0000] {logging_mixin.py:188} INFO - [2025-06-03T13:20:31.218+0000] {dagbag.py:540} INFO - Filling up the DagBag from /home/airflow/.local/lib/python3.8/site-packages/airflow/example_dags/example_params_trigger_ui.py
[2025-06-03T13:20:31.228+0000] {processor.py:840} INFO - DAG(s) 'example_params_trigger_ui' retrieved from /home/airflow/.local/lib/python3.8/site-packages/airflow/example_dags/example_params_trigger_ui.py
[2025-06-03T13:20:31.249+0000] {logging_mixin.py:188} INFO - [2025-06-03T13:20:31.249+0000] {dag.py:3047} INFO - Sync 1 DAGs
[2025-06-03T13:20:31.254+0000] {logging_mixin.py:188} INFO - [2025-06-03T13:20:31.254+0000] {dag.py:3834} INFO - Setting next_dagrun for example_params_trigger_ui to None, run_after=None
[2025-06-03T13:20:31.261+0000] {processor.py:183} INFO - Processing /home/airflow/.local/lib/python3.8/site-packages/airflow/example_dags/example_params_trigger_ui.py took 0.047 seconds
[2025-06-03T13:21:01.972+0000] {processor.py:161} INFO - Started process (PID=491) to work on /home/airflow/.local/lib/python3.8/site-packages/airflow/example_dags/example_params_trigger_ui.py
[2025-06-03T13:21:01.975+0000] {processor.py:830} INFO - Processing file /home/airflow/.local/lib/python3.8/site-packages/airflow/example_dags/example_params_trigger_ui.py for tasks to queue
[2025-06-03T13:21:01.979+0000] {logging_mixin.py:188} INFO - [2025-06-03T13:21:01.979+0000] {dagbag.py:540} INFO - Filling up the DagBag from /home/airflow/.local/lib/python3.8/site-packages/airflow/example_dags/example_params_trigger_ui.py
[2025-06-03T13:21:01.987+0000] {processor.py:840} INFO - DAG(s) 'example_params_trigger_ui' retrieved from /home/airflow/.local/lib/python3.8/site-packages/airflow/example_dags/example_params_trigger_ui.py
[2025-06-03T13:21:02.011+0000] {logging_mixin.py:188} INFO - [2025-06-03T13:21:02.010+0000] {dag.py:3047} INFO - Sync 1 DAGs
[2025-06-03T13:21:02.016+0000] {logging_mixin.py:188} INFO - [2025-06-03T13:21:02.016+0000] {dag.py:3834} INFO - Setting next_dagrun for example_params_trigger_ui to None, run_after=None
[2025-06-03T13:21:02.024+0000] {processor.py:183} INFO - Processing /home/airflow/.local/lib/python3.8/site-packages/airflow/example_dags/example_params_trigger_ui.py took 0.054 seconds
[2025-06-03T13:21:32.860+0000] {processor.py:161} INFO - Started process (PID=546) to work on /home/airflow/.local/lib/python3.8/site-packages/airflow/example_dags/example_params_trigger_ui.py
[2025-06-03T13:21:32.860+0000] {processor.py:830} INFO - Processing file /home/airflow/.local/lib/python3.8/site-packages/airflow/example_dags/example_params_trigger_ui.py for tasks to queue
[2025-06-03T13:21:32.861+0000] {logging_mixin.py:188} INFO - [2025-06-03T13:21:32.861+0000] {dagbag.py:540} INFO - Filling up the DagBag from /home/airflow/.local/lib/python3.8/site-packages/airflow/example_dags/example_params_trigger_ui.py
[2025-06-03T13:21:32.867+0000] {processor.py:840} INFO - DAG(s) 'example_params_trigger_ui' retrieved from /home/airflow/.local/lib/python3.8/site-packages/airflow/example_dags/example_params_trigger_ui.py
[2025-06-03T13:21:32.884+0000] {logging_mixin.py:188} INFO - [2025-06-03T13:21:32.884+0000] {dag.py:3047} INFO - Sync 1 DAGs
[2025-06-03T13:21:32.888+0000] {logging_mixin.py:188} INFO - [2025-06-03T13:21:32.888+0000] {dag.py:3834} INFO - Setting next_dagrun for example_params_trigger_ui to None, run_after=None
[2025-06-03T13:21:32.893+0000] {processor.py:183} INFO - Processing /home/airflow/.local/lib/python3.8/site-packages/airflow/example_dags/example_params_trigger_ui.py took 0.035 seconds
[2025-06-03T13:22:03.795+0000] {processor.py:161} INFO - Started process (PID=601) to work on /home/airflow/.local/lib/python3.8/site-packages/airflow/example_dags/example_params_trigger_ui.py
[2025-06-03T13:22:03.798+0000] {processor.py:830} INFO - Processing file /home/airflow/.local/lib/python3.8/site-packages/airflow/example_dags/example_params_trigger_ui.py for tasks to queue
[2025-06-03T13:22:03.800+0000] {logging_mixin.py:188} INFO - [2025-06-03T13:22:03.800+0000] {dagbag.py:540} INFO - Filling up the DagBag from /home/airflow/.local/lib/python3.8/site-packages/airflow/example_dags/example_params_trigger_ui.py
[2025-06-03T13:22:03.812+0000] {processor.py:840} INFO - DAG(s) 'example_params_trigger_ui' retrieved from /home/airflow/.local/lib/python3.8/site-packages/airflow/example_dags/example_params_trigger_ui.py
[2025-06-03T13:22:03.838+0000] {logging_mixin.py:188} INFO - [2025-06-03T13:22:03.838+0000] {dag.py:3047} INFO - Sync 1 DAGs
[2025-06-03T13:22:03.847+0000] {logging_mixin.py:188} INFO - [2025-06-03T13:22:03.846+0000] {dag.py:3834} INFO - Setting next_dagrun for example_params_trigger_ui to None, run_after=None
[2025-06-03T13:22:03.856+0000] {processor.py:183} INFO - Processing /home/airflow/.local/lib/python3.8/site-packages/airflow/example_dags/example_params_trigger_ui.py took 0.063 seconds
[2025-06-03T13:22:34.792+0000] {processor.py:161} INFO - Started process (PID=656) to work on /home/airflow/.local/lib/python3.8/site-packages/airflow/example_dags/example_params_trigger_ui.py
[2025-06-03T13:22:34.795+0000] {processor.py:830} INFO - Processing file /home/airflow/.local/lib/python3.8/site-packages/airflow/example_dags/example_params_trigger_ui.py for tasks to queue
[2025-06-03T13:22:34.799+0000] {logging_mixin.py:188} INFO - [2025-06-03T13:22:34.799+0000] {dagbag.py:540} INFO - Filling up the DagBag from /home/airflow/.local/lib/python3.8/site-packages/airflow/example_dags/example_params_trigger_ui.py
[2025-06-03T13:22:34.808+0000] {processor.py:840} INFO - DAG(s) 'example_params_trigger_ui' retrieved from /home/airflow/.local/lib/python3.8/site-packages/airflow/example_dags/example_params_trigger_ui.py
[2025-06-03T13:22:34.830+0000] {logging_mixin.py:188} INFO - [2025-06-03T13:22:34.830+0000] {dag.py:3047} INFO - Sync 1 DAGs
[2025-06-03T13:22:34.835+0000] {logging_mixin.py:188} INFO - [2025-06-03T13:22:34.835+0000] {dag.py:3834} INFO - Setting next_dagrun for example_params_trigger_ui to None, run_after=None
[2025-06-03T13:22:34.842+0000] {processor.py:183} INFO - Processing /home/airflow/.local/lib/python3.8/site-packages/airflow/example_dags/example_params_trigger_ui.py took 0.051 seconds
[2025-06-03T13:23:05.608+0000] {processor.py:161} INFO - Started process (PID=711) to work on /home/airflow/.local/lib/python3.8/site-packages/airflow/example_dags/example_params_trigger_ui.py
[2025-06-03T13:23:05.609+0000] {processor.py:830} INFO - Processing file /home/airflow/.local/lib/python3.8/site-packages/airflow/example_dags/example_params_trigger_ui.py for tasks to queue
[2025-06-03T13:23:05.609+0000] {logging_mixin.py:188} INFO - [2025-06-03T13:23:05.609+0000] {dagbag.py:540} INFO - Filling up the DagBag from /home/airflow/.local/lib/python3.8/site-packages/airflow/example_dags/example_params_trigger_ui.py
[2025-06-03T13:23:05.616+0000] {processor.py:840} INFO - DAG(s) 'example_params_trigger_ui' retrieved from /home/airflow/.local/lib/python3.8/site-packages/airflow/example_dags/example_params_trigger_ui.py
[2025-06-03T13:23:05.634+0000] {logging_mixin.py:188} INFO - [2025-06-03T13:23:05.634+0000] {dag.py:3047} INFO - Sync 1 DAGs
[2025-06-03T13:23:05.638+0000] {logging_mixin.py:188} INFO - [2025-06-03T13:23:05.638+0000] {dag.py:3834} INFO - Setting next_dagrun for example_params_trigger_ui to None, run_after=None
[2025-06-03T13:23:05.643+0000] {processor.py:183} INFO - Processing /home/airflow/.local/lib/python3.8/site-packages/airflow/example_dags/example_params_trigger_ui.py took 0.036 seconds
[2025-06-03T13:23:36.605+0000] {processor.py:161} INFO - Started process (PID=766) to work on /home/airflow/.local/lib/python3.8/site-packages/airflow/example_dags/example_params_trigger_ui.py
[2025-06-03T13:23:36.606+0000] {processor.py:830} INFO - Processing file /home/airflow/.local/lib/python3.8/site-packages/airflow/example_dags/example_params_trigger_ui.py for tasks to queue
[2025-06-03T13:23:36.607+0000] {logging_mixin.py:188} INFO - [2025-06-03T13:23:36.607+0000] {dagbag.py:540} INFO - Filling up the DagBag from /home/airflow/.local/lib/python3.8/site-packages/airflow/example_dags/example_params_trigger_ui.py
[2025-06-03T13:23:36.618+0000] {processor.py:840} INFO - DAG(s) 'example_params_trigger_ui' retrieved from /home/airflow/.local/lib/python3.8/site-packages/airflow/example_dags/example_params_trigger_ui.py
[2025-06-03T13:23:36.640+0000] {logging_mixin.py:188} INFO - [2025-06-03T13:23:36.640+0000] {dag.py:3047} INFO - Sync 1 DAGs
[2025-06-03T13:23:36.644+0000] {logging_mixin.py:188} INFO - [2025-06-03T13:23:36.644+0000] {dag.py:3834} INFO - Setting next_dagrun for example_params_trigger_ui to None, run_after=None
[2025-06-03T13:23:36.651+0000] {processor.py:183} INFO - Processing /home/airflow/.local/lib/python3.8/site-packages/airflow/example_dags/example_params_trigger_ui.py took 0.050 seconds
[2025-06-03T13:24:06.852+0000] {processor.py:161} INFO - Started process (PID=821) to work on /home/airflow/.local/lib/python3.8/site-packages/airflow/example_dags/example_params_trigger_ui.py
[2025-06-03T13:24:06.853+0000] {processor.py:830} INFO - Processing file /home/airflow/.local/lib/python3.8/site-packages/airflow/example_dags/example_params_trigger_ui.py for tasks to queue
[2025-06-03T13:24:06.855+0000] {logging_mixin.py:188} INFO - [2025-06-03T13:24:06.855+0000] {dagbag.py:540} INFO - Filling up the DagBag from /home/airflow/.local/lib/python3.8/site-packages/airflow/example_dags/example_params_trigger_ui.py
[2025-06-03T13:24:06.865+0000] {processor.py:840} INFO - DAG(s) 'example_params_trigger_ui' retrieved from /home/airflow/.local/lib/python3.8/site-packages/airflow/example_dags/example_params_trigger_ui.py
[2025-06-03T13:24:06.892+0000] {logging_mixin.py:188} INFO - [2025-06-03T13:24:06.892+0000] {dag.py:3047} INFO - Sync 1 DAGs
[2025-06-03T13:24:06.902+0000] {logging_mixin.py:188} INFO - [2025-06-03T13:24:06.902+0000] {dag.py:3834} INFO - Setting next_dagrun for example_params_trigger_ui to None, run_after=None
[2025-06-03T13:24:06.917+0000] {processor.py:183} INFO - Processing /home/airflow/.local/lib/python3.8/site-packages/airflow/example_dags/example_params_trigger_ui.py took 0.067 seconds
[2025-06-03T13:24:37.758+0000] {processor.py:161} INFO - Started process (PID=876) to work on /home/airflow/.local/lib/python3.8/site-packages/airflow/example_dags/example_params_trigger_ui.py
[2025-06-03T13:24:37.759+0000] {processor.py:830} INFO - Processing file /home/airflow/.local/lib/python3.8/site-packages/airflow/example_dags/example_params_trigger_ui.py for tasks to queue
[2025-06-03T13:24:37.760+0000] {logging_mixin.py:188} INFO - [2025-06-03T13:24:37.760+0000] {dagbag.py:540} INFO - Filling up the DagBag from /home/airflow/.local/lib/python3.8/site-packages/airflow/example_dags/example_params_trigger_ui.py
[2025-06-03T13:24:37.779+0000] {processor.py:840} INFO - DAG(s) 'example_params_trigger_ui' retrieved from /home/airflow/.local/lib/python3.8/site-packages/airflow/example_dags/example_params_trigger_ui.py
[2025-06-03T13:24:37.807+0000] {logging_mixin.py:188} INFO - [2025-06-03T13:24:37.807+0000] {dag.py:3047} INFO - Sync 1 DAGs
[2025-06-03T13:24:37.821+0000] {logging_mixin.py:188} INFO - [2025-06-03T13:24:37.821+0000] {dag.py:3834} INFO - Setting next_dagrun for example_params_trigger_ui to None, run_after=None
[2025-06-03T13:24:37.834+0000] {processor.py:183} INFO - Processing /home/airflow/.local/lib/python3.8/site-packages/airflow/example_dags/example_params_trigger_ui.py took 0.078 seconds
[2025-06-03T13:25:08.348+0000] {processor.py:161} INFO - Started process (PID=931) to work on /home/airflow/.local/lib/python3.8/site-packages/airflow/example_dags/example_params_trigger_ui.py
[2025-06-03T13:25:08.350+0000] {processor.py:830} INFO - Processing file /home/airflow/.local/lib/python3.8/site-packages/airflow/example_dags/example_params_trigger_ui.py for tasks to queue
[2025-06-03T13:25:08.350+0000] {logging_mixin.py:188} INFO - [2025-06-03T13:25:08.350+0000] {dagbag.py:540} INFO - Filling up the DagBag from /home/airflow/.local/lib/python3.8/site-packages/airflow/example_dags/example_params_trigger_ui.py
[2025-06-03T13:25:08.361+0000] {processor.py:840} INFO - DAG(s) 'example_params_trigger_ui' retrieved from /home/airflow/.local/lib/python3.8/site-packages/airflow/example_dags/example_params_trigger_ui.py
[2025-06-03T13:25:08.383+0000] {logging_mixin.py:188} INFO - [2025-06-03T13:25:08.382+0000] {dag.py:3047} INFO - Sync 1 DAGs
[2025-06-03T13:25:08.388+0000] {logging_mixin.py:188} INFO - [2025-06-03T13:25:08.388+0000] {dag.py:3834} INFO - Setting next_dagrun for example_params_trigger_ui to None, run_after=None
[2025-06-03T13:25:08.395+0000] {processor.py:183} INFO - Processing /home/airflow/.local/lib/python3.8/site-packages/airflow/example_dags/example_params_trigger_ui.py took 0.049 seconds
[2025-06-03T13:25:38.808+0000] {processor.py:161} INFO - Started process (PID=986) to work on /home/airflow/.local/lib/python3.8/site-packages/airflow/example_dags/example_params_trigger_ui.py
[2025-06-03T13:25:38.809+0000] {processor.py:830} INFO - Processing file /home/airflow/.local/lib/python3.8/site-packages/airflow/example_dags/example_params_trigger_ui.py for tasks to queue
[2025-06-03T13:25:38.810+0000] {logging_mixin.py:188} INFO - [2025-06-03T13:25:38.810+0000] {dagbag.py:540} INFO - Filling up the DagBag from /home/airflow/.local/lib/python3.8/site-packages/airflow/example_dags/example_params_trigger_ui.py
[2025-06-03T13:25:38.820+0000] {processor.py:840} INFO - DAG(s) 'example_params_trigger_ui' retrieved from /home/airflow/.local/lib/python3.8/site-packages/airflow/example_dags/example_params_trigger_ui.py
[2025-06-03T13:25:38.850+0000] {logging_mixin.py:188} INFO - [2025-06-03T13:25:38.849+0000] {dag.py:3047} INFO - Sync 1 DAGs
[2025-06-03T13:25:38.856+0000] {logging_mixin.py:188} INFO - [2025-06-03T13:25:38.856+0000] {dag.py:3834} INFO - Setting next_dagrun for example_params_trigger_ui to None, run_after=None
[2025-06-03T13:25:38.877+0000] {processor.py:183} INFO - Processing /home/airflow/.local/lib/python3.8/site-packages/airflow/example_dags/example_params_trigger_ui.py took 0.072 seconds
[2025-06-03T13:26:08.942+0000] {processor.py:161} INFO - Started process (PID=1041) to work on /home/airflow/.local/lib/python3.8/site-packages/airflow/example_dags/example_params_trigger_ui.py
[2025-06-03T13:26:08.945+0000] {processor.py:830} INFO - Processing file /home/airflow/.local/lib/python3.8/site-packages/airflow/example_dags/example_params_trigger_ui.py for tasks to queue
[2025-06-03T13:26:08.946+0000] {logging_mixin.py:188} INFO - [2025-06-03T13:26:08.946+0000] {dagbag.py:540} INFO - Filling up the DagBag from /home/airflow/.local/lib/python3.8/site-packages/airflow/example_dags/example_params_trigger_ui.py
[2025-06-03T13:26:08.954+0000] {processor.py:840} INFO - DAG(s) 'example_params_trigger_ui' retrieved from /home/airflow/.local/lib/python3.8/site-packages/airflow/example_dags/example_params_trigger_ui.py
[2025-06-03T13:26:08.979+0000] {logging_mixin.py:188} INFO - [2025-06-03T13:26:08.979+0000] {dag.py:3047} INFO - Sync 1 DAGs
[2025-06-03T13:26:08.985+0000] {logging_mixin.py:188} INFO - [2025-06-03T13:26:08.985+0000] {dag.py:3834} INFO - Setting next_dagrun for example_params_trigger_ui to None, run_after=None
[2025-06-03T13:26:08.999+0000] {processor.py:183} INFO - Processing /home/airflow/.local/lib/python3.8/site-packages/airflow/example_dags/example_params_trigger_ui.py took 0.057 seconds
[2025-06-03T13:26:39.353+0000] {processor.py:161} INFO - Started process (PID=1096) to work on /home/airflow/.local/lib/python3.8/site-packages/airflow/example_dags/example_params_trigger_ui.py
[2025-06-03T13:26:39.356+0000] {processor.py:830} INFO - Processing file /home/airflow/.local/lib/python3.8/site-packages/airflow/example_dags/example_params_trigger_ui.py for tasks to queue
[2025-06-03T13:26:39.357+0000] {logging_mixin.py:188} INFO - [2025-06-03T13:26:39.356+0000] {dagbag.py:540} INFO - Filling up the DagBag from /home/airflow/.local/lib/python3.8/site-packages/airflow/example_dags/example_params_trigger_ui.py
[2025-06-03T13:26:39.367+0000] {processor.py:840} INFO - DAG(s) 'example_params_trigger_ui' retrieved from /home/airflow/.local/lib/python3.8/site-packages/airflow/example_dags/example_params_trigger_ui.py
[2025-06-03T13:26:39.388+0000] {logging_mixin.py:188} INFO - [2025-06-03T13:26:39.388+0000] {dag.py:3047} INFO - Sync 1 DAGs
[2025-06-03T13:26:39.395+0000] {logging_mixin.py:188} INFO - [2025-06-03T13:26:39.395+0000] {dag.py:3834} INFO - Setting next_dagrun for example_params_trigger_ui to None, run_after=None
[2025-06-03T13:26:39.408+0000] {processor.py:183} INFO - Processing /home/airflow/.local/lib/python3.8/site-packages/airflow/example_dags/example_params_trigger_ui.py took 0.057 seconds
[2025-06-03T13:27:10.064+0000] {processor.py:161} INFO - Started process (PID=1151) to work on /home/airflow/.local/lib/python3.8/site-packages/airflow/example_dags/example_params_trigger_ui.py
[2025-06-03T13:27:10.065+0000] {processor.py:830} INFO - Processing file /home/airflow/.local/lib/python3.8/site-packages/airflow/example_dags/example_params_trigger_ui.py for tasks to queue
[2025-06-03T13:27:10.065+0000] {logging_mixin.py:188} INFO - [2025-06-03T13:27:10.065+0000] {dagbag.py:540} INFO - Filling up the DagBag from /home/airflow/.local/lib/python3.8/site-packages/airflow/example_dags/example_params_trigger_ui.py
[2025-06-03T13:27:10.076+0000] {processor.py:840} INFO - DAG(s) 'example_params_trigger_ui' retrieved from /home/airflow/.local/lib/python3.8/site-packages/airflow/example_dags/example_params_trigger_ui.py
[2025-06-03T13:27:10.099+0000] {logging_mixin.py:188} INFO - [2025-06-03T13:27:10.098+0000] {dag.py:3047} INFO - Sync 1 DAGs
[2025-06-03T13:27:10.104+0000] {logging_mixin.py:188} INFO - [2025-06-03T13:27:10.104+0000] {dag.py:3834} INFO - Setting next_dagrun for example_params_trigger_ui to None, run_after=None
[2025-06-03T13:27:10.113+0000] {processor.py:183} INFO - Processing /home/airflow/.local/lib/python3.8/site-packages/airflow/example_dags/example_params_trigger_ui.py took 0.051 seconds
[2025-06-03T13:27:40.644+0000] {processor.py:161} INFO - Started process (PID=1206) to work on /home/airflow/.local/lib/python3.8/site-packages/airflow/example_dags/example_params_trigger_ui.py
[2025-06-03T13:27:40.645+0000] {processor.py:830} INFO - Processing file /home/airflow/.local/lib/python3.8/site-packages/airflow/example_dags/example_params_trigger_ui.py for tasks to queue
[2025-06-03T13:27:40.647+0000] {logging_mixin.py:188} INFO - [2025-06-03T13:27:40.647+0000] {dagbag.py:540} INFO - Filling up the DagBag from /home/airflow/.local/lib/python3.8/site-packages/airflow/example_dags/example_params_trigger_ui.py
[2025-06-03T13:27:40.655+0000] {processor.py:840} INFO - DAG(s) 'example_params_trigger_ui' retrieved from /home/airflow/.local/lib/python3.8/site-packages/airflow/example_dags/example_params_trigger_ui.py
[2025-06-03T13:27:40.677+0000] {logging_mixin.py:188} INFO - [2025-06-03T13:27:40.677+0000] {dag.py:3047} INFO - Sync 1 DAGs
[2025-06-03T13:27:40.685+0000] {logging_mixin.py:188} INFO - [2025-06-03T13:27:40.685+0000] {dag.py:3834} INFO - Setting next_dagrun for example_params_trigger_ui to None, run_after=None
[2025-06-03T13:27:40.693+0000] {processor.py:183} INFO - Processing /home/airflow/.local/lib/python3.8/site-packages/airflow/example_dags/example_params_trigger_ui.py took 0.050 seconds
[2025-06-03T13:28:11.209+0000] {processor.py:161} INFO - Started process (PID=1261) to work on /home/airflow/.local/lib/python3.8/site-packages/airflow/example_dags/example_params_trigger_ui.py
[2025-06-03T13:28:11.210+0000] {processor.py:830} INFO - Processing file /home/airflow/.local/lib/python3.8/site-packages/airflow/example_dags/example_params_trigger_ui.py for tasks to queue
[2025-06-03T13:28:11.210+0000] {logging_mixin.py:188} INFO - [2025-06-03T13:28:11.210+0000] {dagbag.py:540} INFO - Filling up the DagBag from /home/airflow/.local/lib/python3.8/site-packages/airflow/example_dags/example_params_trigger_ui.py
[2025-06-03T13:28:11.217+0000] {processor.py:840} INFO - DAG(s) 'example_params_trigger_ui' retrieved from /home/airflow/.local/lib/python3.8/site-packages/airflow/example_dags/example_params_trigger_ui.py
[2025-06-03T13:28:11.234+0000] {logging_mixin.py:188} INFO - [2025-06-03T13:28:11.234+0000] {dag.py:3047} INFO - Sync 1 DAGs
[2025-06-03T13:28:11.238+0000] {logging_mixin.py:188} INFO - [2025-06-03T13:28:11.238+0000] {dag.py:3834} INFO - Setting next_dagrun for example_params_trigger_ui to None, run_after=None
[2025-06-03T13:28:11.244+0000] {processor.py:183} INFO - Processing /home/airflow/.local/lib/python3.8/site-packages/airflow/example_dags/example_params_trigger_ui.py took 0.036 seconds
[2025-06-03T13:28:42.178+0000] {processor.py:161} INFO - Started process (PID=1316) to work on /home/airflow/.local/lib/python3.8/site-packages/airflow/example_dags/example_params_trigger_ui.py
[2025-06-03T13:28:42.179+0000] {processor.py:830} INFO - Processing file /home/airflow/.local/lib/python3.8/site-packages/airflow/example_dags/example_params_trigger_ui.py for tasks to queue
[2025-06-03T13:28:42.180+0000] {logging_mixin.py:188} INFO - [2025-06-03T13:28:42.180+0000] {dagbag.py:540} INFO - Filling up the DagBag from /home/airflow/.local/lib/python3.8/site-packages/airflow/example_dags/example_params_trigger_ui.py
[2025-06-03T13:28:42.214+0000] {processor.py:840} INFO - DAG(s) 'example_params_trigger_ui' retrieved from /home/airflow/.local/lib/python3.8/site-packages/airflow/example_dags/example_params_trigger_ui.py
[2025-06-03T13:28:42.248+0000] {logging_mixin.py:188} INFO - [2025-06-03T13:28:42.248+0000] {dag.py:3047} INFO - Sync 1 DAGs
[2025-06-03T13:28:42.255+0000] {logging_mixin.py:188} INFO - [2025-06-03T13:28:42.255+0000] {dag.py:3834} INFO - Setting next_dagrun for example_params_trigger_ui to None, run_after=None
[2025-06-03T13:28:42.266+0000] {processor.py:183} INFO - Processing /home/airflow/.local/lib/python3.8/site-packages/airflow/example_dags/example_params_trigger_ui.py took 0.089 seconds
[2025-06-03T13:29:13.226+0000] {processor.py:161} INFO - Started process (PID=1371) to work on /home/airflow/.local/lib/python3.8/site-packages/airflow/example_dags/example_params_trigger_ui.py
[2025-06-03T13:29:13.226+0000] {processor.py:830} INFO - Processing file /home/airflow/.local/lib/python3.8/site-packages/airflow/example_dags/example_params_trigger_ui.py for tasks to queue
[2025-06-03T13:29:13.227+0000] {logging_mixin.py:188} INFO - [2025-06-03T13:29:13.227+0000] {dagbag.py:540} INFO - Filling up the DagBag from /home/airflow/.local/lib/python3.8/site-packages/airflow/example_dags/example_params_trigger_ui.py
[2025-06-03T13:29:13.234+0000] {processor.py:840} INFO - DAG(s) 'example_params_trigger_ui' retrieved from /home/airflow/.local/lib/python3.8/site-packages/airflow/example_dags/example_params_trigger_ui.py
[2025-06-03T13:29:13.257+0000] {logging_mixin.py:188} INFO - [2025-06-03T13:29:13.257+0000] {dag.py:3047} INFO - Sync 1 DAGs
[2025-06-03T13:29:13.263+0000] {logging_mixin.py:188} INFO - [2025-06-03T13:29:13.263+0000] {dag.py:3834} INFO - Setting next_dagrun for example_params_trigger_ui to None, run_after=None
[2025-06-03T13:29:13.270+0000] {processor.py:183} INFO - Processing /home/airflow/.local/lib/python3.8/site-packages/airflow/example_dags/example_params_trigger_ui.py took 0.046 seconds
[2025-06-03T13:29:43.571+0000] {processor.py:161} INFO - Started process (PID=1426) to work on /home/airflow/.local/lib/python3.8/site-packages/airflow/example_dags/example_params_trigger_ui.py
[2025-06-03T13:29:43.572+0000] {processor.py:830} INFO - Processing file /home/airflow/.local/lib/python3.8/site-packages/airflow/example_dags/example_params_trigger_ui.py for tasks to queue
[2025-06-03T13:29:43.572+0000] {logging_mixin.py:188} INFO - [2025-06-03T13:29:43.572+0000] {dagbag.py:540} INFO - Filling up the DagBag from /home/airflow/.local/lib/python3.8/site-packages/airflow/example_dags/example_params_trigger_ui.py
[2025-06-03T13:29:43.578+0000] {processor.py:840} INFO - DAG(s) 'example_params_trigger_ui' retrieved from /home/airflow/.local/lib/python3.8/site-packages/airflow/example_dags/example_params_trigger_ui.py
[2025-06-03T13:29:43.598+0000] {logging_mixin.py:188} INFO - [2025-06-03T13:29:43.598+0000] {dag.py:3047} INFO - Sync 1 DAGs
[2025-06-03T13:29:43.602+0000] {logging_mixin.py:188} INFO - [2025-06-03T13:29:43.602+0000] {dag.py:3834} INFO - Setting next_dagrun for example_params_trigger_ui to None, run_after=None
[2025-06-03T13:29:43.608+0000] {processor.py:183} INFO - Processing /home/airflow/.local/lib/python3.8/site-packages/airflow/example_dags/example_params_trigger_ui.py took 0.039 seconds
[2025-06-03T13:30:13.926+0000] {processor.py:161} INFO - Started process (PID=1481) to work on /home/airflow/.local/lib/python3.8/site-packages/airflow/example_dags/example_params_trigger_ui.py
[2025-06-03T13:30:13.927+0000] {processor.py:830} INFO - Processing file /home/airflow/.local/lib/python3.8/site-packages/airflow/example_dags/example_params_trigger_ui.py for tasks to queue
[2025-06-03T13:30:13.928+0000] {logging_mixin.py:188} INFO - [2025-06-03T13:30:13.927+0000] {dagbag.py:540} INFO - Filling up the DagBag from /home/airflow/.local/lib/python3.8/site-packages/airflow/example_dags/example_params_trigger_ui.py
[2025-06-03T13:30:13.934+0000] {processor.py:840} INFO - DAG(s) 'example_params_trigger_ui' retrieved from /home/airflow/.local/lib/python3.8/site-packages/airflow/example_dags/example_params_trigger_ui.py
[2025-06-03T13:30:13.953+0000] {logging_mixin.py:188} INFO - [2025-06-03T13:30:13.953+0000] {dag.py:3047} INFO - Sync 1 DAGs
[2025-06-03T13:30:13.957+0000] {logging_mixin.py:188} INFO - [2025-06-03T13:30:13.957+0000] {dag.py:3834} INFO - Setting next_dagrun for example_params_trigger_ui to None, run_after=None
[2025-06-03T13:30:13.964+0000] {processor.py:183} INFO - Processing /home/airflow/.local/lib/python3.8/site-packages/airflow/example_dags/example_params_trigger_ui.py took 0.040 seconds
[2025-06-03T13:30:44.254+0000] {processor.py:161} INFO - Started process (PID=1535) to work on /home/airflow/.local/lib/python3.8/site-packages/airflow/example_dags/example_params_trigger_ui.py
[2025-06-03T13:30:44.255+0000] {processor.py:830} INFO - Processing file /home/airflow/.local/lib/python3.8/site-packages/airflow/example_dags/example_params_trigger_ui.py for tasks to queue
[2025-06-03T13:30:44.256+0000] {logging_mixin.py:188} INFO - [2025-06-03T13:30:44.256+0000] {dagbag.py:540} INFO - Filling up the DagBag from /home/airflow/.local/lib/python3.8/site-packages/airflow/example_dags/example_params_trigger_ui.py
[2025-06-03T13:30:44.262+0000] {processor.py:840} INFO - DAG(s) 'example_params_trigger_ui' retrieved from /home/airflow/.local/lib/python3.8/site-packages/airflow/example_dags/example_params_trigger_ui.py
[2025-06-03T13:30:44.282+0000] {logging_mixin.py:188} INFO - [2025-06-03T13:30:44.281+0000] {dag.py:3047} INFO - Sync 1 DAGs
[2025-06-03T13:30:44.286+0000] {logging_mixin.py:188} INFO - [2025-06-03T13:30:44.286+0000] {dag.py:3834} INFO - Setting next_dagrun for example_params_trigger_ui to None, run_after=None
[2025-06-03T13:30:44.292+0000] {processor.py:183} INFO - Processing /home/airflow/.local/lib/python3.8/site-packages/airflow/example_dags/example_params_trigger_ui.py took 0.039 seconds
[2025-06-03T13:31:14.549+0000] {processor.py:161} INFO - Started process (PID=1590) to work on /home/airflow/.local/lib/python3.8/site-packages/airflow/example_dags/example_params_trigger_ui.py
[2025-06-03T13:31:14.550+0000] {processor.py:830} INFO - Processing file /home/airflow/.local/lib/python3.8/site-packages/airflow/example_dags/example_params_trigger_ui.py for tasks to queue
[2025-06-03T13:31:14.550+0000] {logging_mixin.py:188} INFO - [2025-06-03T13:31:14.550+0000] {dagbag.py:540} INFO - Filling up the DagBag from /home/airflow/.local/lib/python3.8/site-packages/airflow/example_dags/example_params_trigger_ui.py
[2025-06-03T13:31:14.556+0000] {processor.py:840} INFO - DAG(s) 'example_params_trigger_ui' retrieved from /home/airflow/.local/lib/python3.8/site-packages/airflow/example_dags/example_params_trigger_ui.py
[2025-06-03T13:31:14.575+0000] {logging_mixin.py:188} INFO - [2025-06-03T13:31:14.575+0000] {dag.py:3047} INFO - Sync 1 DAGs
[2025-06-03T13:31:14.579+0000] {logging_mixin.py:188} INFO - [2025-06-03T13:31:14.579+0000] {dag.py:3834} INFO - Setting next_dagrun for example_params_trigger_ui to None, run_after=None
[2025-06-03T13:31:14.585+0000] {processor.py:183} INFO - Processing /home/airflow/.local/lib/python3.8/site-packages/airflow/example_dags/example_params_trigger_ui.py took 0.038 seconds
[2025-06-03T13:31:44.806+0000] {processor.py:161} INFO - Started process (PID=1645) to work on /home/airflow/.local/lib/python3.8/site-packages/airflow/example_dags/example_params_trigger_ui.py
[2025-06-03T13:31:44.806+0000] {processor.py:830} INFO - Processing file /home/airflow/.local/lib/python3.8/site-packages/airflow/example_dags/example_params_trigger_ui.py for tasks to queue
[2025-06-03T13:31:44.807+0000] {logging_mixin.py:188} INFO - [2025-06-03T13:31:44.807+0000] {dagbag.py:540} INFO - Filling up the DagBag from /home/airflow/.local/lib/python3.8/site-packages/airflow/example_dags/example_params_trigger_ui.py
[2025-06-03T13:31:44.813+0000] {processor.py:840} INFO - DAG(s) 'example_params_trigger_ui' retrieved from /home/airflow/.local/lib/python3.8/site-packages/airflow/example_dags/example_params_trigger_ui.py
[2025-06-03T13:31:44.833+0000] {logging_mixin.py:188} INFO - [2025-06-03T13:31:44.833+0000] {dag.py:3047} INFO - Sync 1 DAGs
[2025-06-03T13:31:44.837+0000] {logging_mixin.py:188} INFO - [2025-06-03T13:31:44.837+0000] {dag.py:3834} INFO - Setting next_dagrun for example_params_trigger_ui to None, run_after=None
[2025-06-03T13:31:44.844+0000] {processor.py:183} INFO - Processing /home/airflow/.local/lib/python3.8/site-packages/airflow/example_dags/example_params_trigger_ui.py took 0.040 seconds
[2025-06-03T13:32:15.128+0000] {processor.py:161} INFO - Started process (PID=1700) to work on /home/airflow/.local/lib/python3.8/site-packages/airflow/example_dags/example_params_trigger_ui.py
[2025-06-03T13:32:15.128+0000] {processor.py:830} INFO - Processing file /home/airflow/.local/lib/python3.8/site-packages/airflow/example_dags/example_params_trigger_ui.py for tasks to queue
[2025-06-03T13:32:15.129+0000] {logging_mixin.py:188} INFO - [2025-06-03T13:32:15.129+0000] {dagbag.py:540} INFO - Filling up the DagBag from /home/airflow/.local/lib/python3.8/site-packages/airflow/example_dags/example_params_trigger_ui.py
[2025-06-03T13:32:15.135+0000] {processor.py:840} INFO - DAG(s) 'example_params_trigger_ui' retrieved from /home/airflow/.local/lib/python3.8/site-packages/airflow/example_dags/example_params_trigger_ui.py
[2025-06-03T13:32:15.156+0000] {logging_mixin.py:188} INFO - [2025-06-03T13:32:15.156+0000] {dag.py:3047} INFO - Sync 1 DAGs
[2025-06-03T13:32:15.160+0000] {logging_mixin.py:188} INFO - [2025-06-03T13:32:15.160+0000] {dag.py:3834} INFO - Setting next_dagrun for example_params_trigger_ui to None, run_after=None
[2025-06-03T13:32:15.167+0000] {processor.py:183} INFO - Processing /home/airflow/.local/lib/python3.8/site-packages/airflow/example_dags/example_params_trigger_ui.py took 0.041 seconds
[2025-06-03T13:32:45.377+0000] {processor.py:161} INFO - Started process (PID=1755) to work on /home/airflow/.local/lib/python3.8/site-packages/airflow/example_dags/example_params_trigger_ui.py
[2025-06-03T13:32:45.377+0000] {processor.py:830} INFO - Processing file /home/airflow/.local/lib/python3.8/site-packages/airflow/example_dags/example_params_trigger_ui.py for tasks to queue
[2025-06-03T13:32:45.378+0000] {logging_mixin.py:188} INFO - [2025-06-03T13:32:45.378+0000] {dagbag.py:540} INFO - Filling up the DagBag from /home/airflow/.local/lib/python3.8/site-packages/airflow/example_dags/example_params_trigger_ui.py
[2025-06-03T13:32:45.384+0000] {processor.py:840} INFO - DAG(s) 'example_params_trigger_ui' retrieved from /home/airflow/.local/lib/python3.8/site-packages/airflow/example_dags/example_params_trigger_ui.py
[2025-06-03T13:32:45.402+0000] {logging_mixin.py:188} INFO - [2025-06-03T13:32:45.402+0000] {dag.py:3047} INFO - Sync 1 DAGs
[2025-06-03T13:32:45.407+0000] {logging_mixin.py:188} INFO - [2025-06-03T13:32:45.407+0000] {dag.py:3834} INFO - Setting next_dagrun for example_params_trigger_ui to None, run_after=None
[2025-06-03T13:32:45.413+0000] {processor.py:183} INFO - Processing /home/airflow/.local/lib/python3.8/site-packages/airflow/example_dags/example_params_trigger_ui.py took 0.037 seconds
[2025-06-03T13:33:15.716+0000] {processor.py:161} INFO - Started process (PID=1810) to work on /home/airflow/.local/lib/python3.8/site-packages/airflow/example_dags/example_params_trigger_ui.py
[2025-06-03T13:33:15.716+0000] {processor.py:830} INFO - Processing file /home/airflow/.local/lib/python3.8/site-packages/airflow/example_dags/example_params_trigger_ui.py for tasks to queue
[2025-06-03T13:33:15.717+0000] {logging_mixin.py:188} INFO - [2025-06-03T13:33:15.717+0000] {dagbag.py:540} INFO - Filling up the DagBag from /home/airflow/.local/lib/python3.8/site-packages/airflow/example_dags/example_params_trigger_ui.py
[2025-06-03T13:33:15.723+0000] {processor.py:840} INFO - DAG(s) 'example_params_trigger_ui' retrieved from /home/airflow/.local/lib/python3.8/site-packages/airflow/example_dags/example_params_trigger_ui.py
[2025-06-03T13:33:15.744+0000] {logging_mixin.py:188} INFO - [2025-06-03T13:33:15.744+0000] {dag.py:3047} INFO - Sync 1 DAGs
[2025-06-03T13:33:15.749+0000] {logging_mixin.py:188} INFO - [2025-06-03T13:33:15.749+0000] {dag.py:3834} INFO - Setting next_dagrun for example_params_trigger_ui to None, run_after=None
[2025-06-03T13:33:15.755+0000] {processor.py:183} INFO - Processing /home/airflow/.local/lib/python3.8/site-packages/airflow/example_dags/example_params_trigger_ui.py took 0.041 seconds
[2025-06-03T13:33:46.020+0000] {processor.py:161} INFO - Started process (PID=1865) to work on /home/airflow/.local/lib/python3.8/site-packages/airflow/example_dags/example_params_trigger_ui.py
[2025-06-03T13:33:46.020+0000] {processor.py:830} INFO - Processing file /home/airflow/.local/lib/python3.8/site-packages/airflow/example_dags/example_params_trigger_ui.py for tasks to queue
[2025-06-03T13:33:46.021+0000] {logging_mixin.py:188} INFO - [2025-06-03T13:33:46.021+0000] {dagbag.py:540} INFO - Filling up the DagBag from /home/airflow/.local/lib/python3.8/site-packages/airflow/example_dags/example_params_trigger_ui.py
[2025-06-03T13:33:46.027+0000] {processor.py:840} INFO - DAG(s) 'example_params_trigger_ui' retrieved from /home/airflow/.local/lib/python3.8/site-packages/airflow/example_dags/example_params_trigger_ui.py
[2025-06-03T13:33:46.047+0000] {logging_mixin.py:188} INFO - [2025-06-03T13:33:46.047+0000] {dag.py:3047} INFO - Sync 1 DAGs
[2025-06-03T13:33:46.051+0000] {logging_mixin.py:188} INFO - [2025-06-03T13:33:46.051+0000] {dag.py:3834} INFO - Setting next_dagrun for example_params_trigger_ui to None, run_after=None
[2025-06-03T13:33:46.059+0000] {processor.py:183} INFO - Processing /home/airflow/.local/lib/python3.8/site-packages/airflow/example_dags/example_params_trigger_ui.py took 0.040 seconds
[2025-06-03T13:34:16.272+0000] {processor.py:161} INFO - Started process (PID=1920) to work on /home/airflow/.local/lib/python3.8/site-packages/airflow/example_dags/example_params_trigger_ui.py
[2025-06-03T13:34:16.273+0000] {processor.py:830} INFO - Processing file /home/airflow/.local/lib/python3.8/site-packages/airflow/example_dags/example_params_trigger_ui.py for tasks to queue
[2025-06-03T13:34:16.274+0000] {logging_mixin.py:188} INFO - [2025-06-03T13:34:16.273+0000] {dagbag.py:540} INFO - Filling up the DagBag from /home/airflow/.local/lib/python3.8/site-packages/airflow/example_dags/example_params_trigger_ui.py
[2025-06-03T13:34:16.280+0000] {processor.py:840} INFO - DAG(s) 'example_params_trigger_ui' retrieved from /home/airflow/.local/lib/python3.8/site-packages/airflow/example_dags/example_params_trigger_ui.py
[2025-06-03T13:34:16.300+0000] {logging_mixin.py:188} INFO - [2025-06-03T13:34:16.300+0000] {dag.py:3047} INFO - Sync 1 DAGs
[2025-06-03T13:34:16.304+0000] {logging_mixin.py:188} INFO - [2025-06-03T13:34:16.304+0000] {dag.py:3834} INFO - Setting next_dagrun for example_params_trigger_ui to None, run_after=None
[2025-06-03T13:34:16.311+0000] {processor.py:183} INFO - Processing /home/airflow/.local/lib/python3.8/site-packages/airflow/example_dags/example_params_trigger_ui.py took 0.040 seconds
[2025-06-03T13:34:46.609+0000] {processor.py:161} INFO - Started process (PID=1975) to work on /home/airflow/.local/lib/python3.8/site-packages/airflow/example_dags/example_params_trigger_ui.py
[2025-06-03T13:34:46.610+0000] {processor.py:830} INFO - Processing file /home/airflow/.local/lib/python3.8/site-packages/airflow/example_dags/example_params_trigger_ui.py for tasks to queue
[2025-06-03T13:34:46.610+0000] {logging_mixin.py:188} INFO - [2025-06-03T13:34:46.610+0000] {dagbag.py:540} INFO - Filling up the DagBag from /home/airflow/.local/lib/python3.8/site-packages/airflow/example_dags/example_params_trigger_ui.py
[2025-06-03T13:34:46.618+0000] {processor.py:840} INFO - DAG(s) 'example_params_trigger_ui' retrieved from /home/airflow/.local/lib/python3.8/site-packages/airflow/example_dags/example_params_trigger_ui.py
[2025-06-03T13:34:46.640+0000] {logging_mixin.py:188} INFO - [2025-06-03T13:34:46.640+0000] {dag.py:3047} INFO - Sync 1 DAGs
[2025-06-03T13:34:46.645+0000] {logging_mixin.py:188} INFO - [2025-06-03T13:34:46.645+0000] {dag.py:3834} INFO - Setting next_dagrun for example_params_trigger_ui to None, run_after=None
[2025-06-03T13:34:46.651+0000] {processor.py:183} INFO - Processing /home/airflow/.local/lib/python3.8/site-packages/airflow/example_dags/example_params_trigger_ui.py took 0.044 seconds
[2025-06-03T13:35:17.058+0000] {processor.py:161} INFO - Started process (PID=2030) to work on /home/airflow/.local/lib/python3.8/site-packages/airflow/example_dags/example_params_trigger_ui.py
[2025-06-03T13:35:17.060+0000] {processor.py:830} INFO - Processing file /home/airflow/.local/lib/python3.8/site-packages/airflow/example_dags/example_params_trigger_ui.py for tasks to queue
[2025-06-03T13:35:17.063+0000] {logging_mixin.py:188} INFO - [2025-06-03T13:35:17.062+0000] {dagbag.py:540} INFO - Filling up the DagBag from /home/airflow/.local/lib/python3.8/site-packages/airflow/example_dags/example_params_trigger_ui.py
[2025-06-03T13:35:17.074+0000] {processor.py:840} INFO - DAG(s) 'example_params_trigger_ui' retrieved from /home/airflow/.local/lib/python3.8/site-packages/airflow/example_dags/example_params_trigger_ui.py
[2025-06-03T13:35:17.110+0000] {logging_mixin.py:188} INFO - [2025-06-03T13:35:17.110+0000] {dag.py:3047} INFO - Sync 1 DAGs
[2025-06-03T13:35:17.118+0000] {logging_mixin.py:188} INFO - [2025-06-03T13:35:17.118+0000] {dag.py:3834} INFO - Setting next_dagrun for example_params_trigger_ui to None, run_after=None
[2025-06-03T13:35:17.129+0000] {processor.py:183} INFO - Processing /home/airflow/.local/lib/python3.8/site-packages/airflow/example_dags/example_params_trigger_ui.py took 0.074 seconds
[2025-06-03T13:35:47.614+0000] {processor.py:161} INFO - Started process (PID=2085) to work on /home/airflow/.local/lib/python3.8/site-packages/airflow/example_dags/example_params_trigger_ui.py
[2025-06-03T13:35:47.615+0000] {processor.py:830} INFO - Processing file /home/airflow/.local/lib/python3.8/site-packages/airflow/example_dags/example_params_trigger_ui.py for tasks to queue
[2025-06-03T13:35:47.615+0000] {logging_mixin.py:188} INFO - [2025-06-03T13:35:47.615+0000] {dagbag.py:540} INFO - Filling up the DagBag from /home/airflow/.local/lib/python3.8/site-packages/airflow/example_dags/example_params_trigger_ui.py
[2025-06-03T13:35:47.622+0000] {processor.py:840} INFO - DAG(s) 'example_params_trigger_ui' retrieved from /home/airflow/.local/lib/python3.8/site-packages/airflow/example_dags/example_params_trigger_ui.py
[2025-06-03T13:35:47.641+0000] {logging_mixin.py:188} INFO - [2025-06-03T13:35:47.641+0000] {dag.py:3047} INFO - Sync 1 DAGs
[2025-06-03T13:35:47.645+0000] {logging_mixin.py:188} INFO - [2025-06-03T13:35:47.645+0000] {dag.py:3834} INFO - Setting next_dagrun for example_params_trigger_ui to None, run_after=None
[2025-06-03T13:35:47.652+0000] {processor.py:183} INFO - Processing /home/airflow/.local/lib/python3.8/site-packages/airflow/example_dags/example_params_trigger_ui.py took 0.039 seconds
[2025-06-03T13:36:17.941+0000] {processor.py:161} INFO - Started process (PID=2140) to work on /home/airflow/.local/lib/python3.8/site-packages/airflow/example_dags/example_params_trigger_ui.py
[2025-06-03T13:36:17.942+0000] {processor.py:830} INFO - Processing file /home/airflow/.local/lib/python3.8/site-packages/airflow/example_dags/example_params_trigger_ui.py for tasks to queue
[2025-06-03T13:36:17.943+0000] {logging_mixin.py:188} INFO - [2025-06-03T13:36:17.943+0000] {dagbag.py:540} INFO - Filling up the DagBag from /home/airflow/.local/lib/python3.8/site-packages/airflow/example_dags/example_params_trigger_ui.py
[2025-06-03T13:36:17.950+0000] {processor.py:840} INFO - DAG(s) 'example_params_trigger_ui' retrieved from /home/airflow/.local/lib/python3.8/site-packages/airflow/example_dags/example_params_trigger_ui.py
[2025-06-03T13:36:17.969+0000] {logging_mixin.py:188} INFO - [2025-06-03T13:36:17.969+0000] {dag.py:3047} INFO - Sync 1 DAGs
[2025-06-03T13:36:17.973+0000] {logging_mixin.py:188} INFO - [2025-06-03T13:36:17.973+0000] {dag.py:3834} INFO - Setting next_dagrun for example_params_trigger_ui to None, run_after=None
[2025-06-03T13:36:17.979+0000] {processor.py:183} INFO - Processing /home/airflow/.local/lib/python3.8/site-packages/airflow/example_dags/example_params_trigger_ui.py took 0.040 seconds
[2025-06-03T13:36:48.245+0000] {processor.py:161} INFO - Started process (PID=2195) to work on /home/airflow/.local/lib/python3.8/site-packages/airflow/example_dags/example_params_trigger_ui.py
[2025-06-03T13:36:48.246+0000] {processor.py:830} INFO - Processing file /home/airflow/.local/lib/python3.8/site-packages/airflow/example_dags/example_params_trigger_ui.py for tasks to queue
[2025-06-03T13:36:48.247+0000] {logging_mixin.py:188} INFO - [2025-06-03T13:36:48.246+0000] {dagbag.py:540} INFO - Filling up the DagBag from /home/airflow/.local/lib/python3.8/site-packages/airflow/example_dags/example_params_trigger_ui.py
[2025-06-03T13:36:48.252+0000] {processor.py:840} INFO - DAG(s) 'example_params_trigger_ui' retrieved from /home/airflow/.local/lib/python3.8/site-packages/airflow/example_dags/example_params_trigger_ui.py
[2025-06-03T13:36:48.271+0000] {logging_mixin.py:188} INFO - [2025-06-03T13:36:48.271+0000] {dag.py:3047} INFO - Sync 1 DAGs
[2025-06-03T13:36:48.276+0000] {logging_mixin.py:188} INFO - [2025-06-03T13:36:48.276+0000] {dag.py:3834} INFO - Setting next_dagrun for example_params_trigger_ui to None, run_after=None
[2025-06-03T13:36:48.282+0000] {processor.py:183} INFO - Processing /home/airflow/.local/lib/python3.8/site-packages/airflow/example_dags/example_params_trigger_ui.py took 0.038 seconds
[2025-06-03T13:37:18.660+0000] {processor.py:161} INFO - Started process (PID=2250) to work on /home/airflow/.local/lib/python3.8/site-packages/airflow/example_dags/example_params_trigger_ui.py
[2025-06-03T13:37:18.660+0000] {processor.py:830} INFO - Processing file /home/airflow/.local/lib/python3.8/site-packages/airflow/example_dags/example_params_trigger_ui.py for tasks to queue
[2025-06-03T13:37:18.661+0000] {logging_mixin.py:188} INFO - [2025-06-03T13:37:18.661+0000] {dagbag.py:540} INFO - Filling up the DagBag from /home/airflow/.local/lib/python3.8/site-packages/airflow/example_dags/example_params_trigger_ui.py
[2025-06-03T13:37:18.666+0000] {processor.py:840} INFO - DAG(s) 'example_params_trigger_ui' retrieved from /home/airflow/.local/lib/python3.8/site-packages/airflow/example_dags/example_params_trigger_ui.py
[2025-06-03T13:37:18.684+0000] {logging_mixin.py:188} INFO - [2025-06-03T13:37:18.684+0000] {dag.py:3047} INFO - Sync 1 DAGs
[2025-06-03T13:37:18.689+0000] {logging_mixin.py:188} INFO - [2025-06-03T13:37:18.689+0000] {dag.py:3834} INFO - Setting next_dagrun for example_params_trigger_ui to None, run_after=None
[2025-06-03T13:37:18.695+0000] {processor.py:183} INFO - Processing /home/airflow/.local/lib/python3.8/site-packages/airflow/example_dags/example_params_trigger_ui.py took 0.036 seconds
[2025-06-03T13:37:49.068+0000] {processor.py:161} INFO - Started process (PID=2305) to work on /home/airflow/.local/lib/python3.8/site-packages/airflow/example_dags/example_params_trigger_ui.py
[2025-06-03T13:37:49.069+0000] {processor.py:830} INFO - Processing file /home/airflow/.local/lib/python3.8/site-packages/airflow/example_dags/example_params_trigger_ui.py for tasks to queue
[2025-06-03T13:37:49.069+0000] {logging_mixin.py:188} INFO - [2025-06-03T13:37:49.069+0000] {dagbag.py:540} INFO - Filling up the DagBag from /home/airflow/.local/lib/python3.8/site-packages/airflow/example_dags/example_params_trigger_ui.py
[2025-06-03T13:37:49.076+0000] {processor.py:840} INFO - DAG(s) 'example_params_trigger_ui' retrieved from /home/airflow/.local/lib/python3.8/site-packages/airflow/example_dags/example_params_trigger_ui.py
[2025-06-03T13:37:49.095+0000] {logging_mixin.py:188} INFO - [2025-06-03T13:37:49.095+0000] {dag.py:3047} INFO - Sync 1 DAGs
[2025-06-03T13:37:49.100+0000] {logging_mixin.py:188} INFO - [2025-06-03T13:37:49.100+0000] {dag.py:3834} INFO - Setting next_dagrun for example_params_trigger_ui to None, run_after=None
[2025-06-03T13:37:49.108+0000] {processor.py:183} INFO - Processing /home/airflow/.local/lib/python3.8/site-packages/airflow/example_dags/example_params_trigger_ui.py took 0.041 seconds
[2025-06-03T13:38:19.861+0000] {processor.py:161} INFO - Started process (PID=2360) to work on /home/airflow/.local/lib/python3.8/site-packages/airflow/example_dags/example_params_trigger_ui.py
[2025-06-03T13:38:19.862+0000] {processor.py:830} INFO - Processing file /home/airflow/.local/lib/python3.8/site-packages/airflow/example_dags/example_params_trigger_ui.py for tasks to queue
[2025-06-03T13:38:19.863+0000] {logging_mixin.py:188} INFO - [2025-06-03T13:38:19.863+0000] {dagbag.py:540} INFO - Filling up the DagBag from /home/airflow/.local/lib/python3.8/site-packages/airflow/example_dags/example_params_trigger_ui.py
[2025-06-03T13:38:19.871+0000] {processor.py:840} INFO - DAG(s) 'example_params_trigger_ui' retrieved from /home/airflow/.local/lib/python3.8/site-packages/airflow/example_dags/example_params_trigger_ui.py
[2025-06-03T13:38:19.893+0000] {logging_mixin.py:188} INFO - [2025-06-03T13:38:19.893+0000] {dag.py:3047} INFO - Sync 1 DAGs
[2025-06-03T13:38:19.898+0000] {logging_mixin.py:188} INFO - [2025-06-03T13:38:19.898+0000] {dag.py:3834} INFO - Setting next_dagrun for example_params_trigger_ui to None, run_after=None
[2025-06-03T13:38:19.919+0000] {processor.py:183} INFO - Processing /home/airflow/.local/lib/python3.8/site-packages/airflow/example_dags/example_params_trigger_ui.py took 0.061 seconds
[2025-06-03T13:38:50.445+0000] {processor.py:161} INFO - Started process (PID=2415) to work on /home/airflow/.local/lib/python3.8/site-packages/airflow/example_dags/example_params_trigger_ui.py
[2025-06-03T13:38:50.446+0000] {processor.py:830} INFO - Processing file /home/airflow/.local/lib/python3.8/site-packages/airflow/example_dags/example_params_trigger_ui.py for tasks to queue
[2025-06-03T13:38:50.447+0000] {logging_mixin.py:188} INFO - [2025-06-03T13:38:50.446+0000] {dagbag.py:540} INFO - Filling up the DagBag from /home/airflow/.local/lib/python3.8/site-packages/airflow/example_dags/example_params_trigger_ui.py
[2025-06-03T13:38:50.456+0000] {processor.py:840} INFO - DAG(s) 'example_params_trigger_ui' retrieved from /home/airflow/.local/lib/python3.8/site-packages/airflow/example_dags/example_params_trigger_ui.py
[2025-06-03T13:38:50.484+0000] {logging_mixin.py:188} INFO - [2025-06-03T13:38:50.484+0000] {dag.py:3047} INFO - Sync 1 DAGs
[2025-06-03T13:38:50.490+0000] {logging_mixin.py:188} INFO - [2025-06-03T13:38:50.490+0000] {dag.py:3834} INFO - Setting next_dagrun for example_params_trigger_ui to None, run_after=None
[2025-06-03T13:38:50.497+0000] {processor.py:183} INFO - Processing /home/airflow/.local/lib/python3.8/site-packages/airflow/example_dags/example_params_trigger_ui.py took 0.054 seconds
[2025-06-03T13:39:20.568+0000] {processor.py:161} INFO - Started process (PID=2470) to work on /home/airflow/.local/lib/python3.8/site-packages/airflow/example_dags/example_params_trigger_ui.py
[2025-06-03T13:39:20.569+0000] {processor.py:830} INFO - Processing file /home/airflow/.local/lib/python3.8/site-packages/airflow/example_dags/example_params_trigger_ui.py for tasks to queue
[2025-06-03T13:39:20.570+0000] {logging_mixin.py:188} INFO - [2025-06-03T13:39:20.569+0000] {dagbag.py:540} INFO - Filling up the DagBag from /home/airflow/.local/lib/python3.8/site-packages/airflow/example_dags/example_params_trigger_ui.py
[2025-06-03T13:39:20.581+0000] {processor.py:840} INFO - DAG(s) 'example_params_trigger_ui' retrieved from /home/airflow/.local/lib/python3.8/site-packages/airflow/example_dags/example_params_trigger_ui.py
[2025-06-03T13:39:20.601+0000] {logging_mixin.py:188} INFO - [2025-06-03T13:39:20.601+0000] {dag.py:3047} INFO - Sync 1 DAGs
[2025-06-03T13:39:20.607+0000] {logging_mixin.py:188} INFO - [2025-06-03T13:39:20.607+0000] {dag.py:3834} INFO - Setting next_dagrun for example_params_trigger_ui to None, run_after=None
[2025-06-03T13:39:20.614+0000] {processor.py:183} INFO - Processing /home/airflow/.local/lib/python3.8/site-packages/airflow/example_dags/example_params_trigger_ui.py took 0.048 seconds
[2025-06-03T13:39:50.676+0000] {processor.py:161} INFO - Started process (PID=2525) to work on /home/airflow/.local/lib/python3.8/site-packages/airflow/example_dags/example_params_trigger_ui.py
[2025-06-03T13:39:50.676+0000] {processor.py:830} INFO - Processing file /home/airflow/.local/lib/python3.8/site-packages/airflow/example_dags/example_params_trigger_ui.py for tasks to queue
[2025-06-03T13:39:50.677+0000] {logging_mixin.py:188} INFO - [2025-06-03T13:39:50.677+0000] {dagbag.py:540} INFO - Filling up the DagBag from /home/airflow/.local/lib/python3.8/site-packages/airflow/example_dags/example_params_trigger_ui.py
[2025-06-03T13:39:50.683+0000] {processor.py:840} INFO - DAG(s) 'example_params_trigger_ui' retrieved from /home/airflow/.local/lib/python3.8/site-packages/airflow/example_dags/example_params_trigger_ui.py
[2025-06-03T13:39:50.701+0000] {logging_mixin.py:188} INFO - [2025-06-03T13:39:50.701+0000] {dag.py:3047} INFO - Sync 1 DAGs
[2025-06-03T13:39:50.705+0000] {logging_mixin.py:188} INFO - [2025-06-03T13:39:50.705+0000] {dag.py:3834} INFO - Setting next_dagrun for example_params_trigger_ui to None, run_after=None
[2025-06-03T13:39:50.711+0000] {processor.py:183} INFO - Processing /home/airflow/.local/lib/python3.8/site-packages/airflow/example_dags/example_params_trigger_ui.py took 0.037 seconds
[2025-06-03T13:40:21.341+0000] {processor.py:161} INFO - Started process (PID=2581) to work on /home/airflow/.local/lib/python3.8/site-packages/airflow/example_dags/example_params_trigger_ui.py
[2025-06-03T13:40:21.342+0000] {processor.py:830} INFO - Processing file /home/airflow/.local/lib/python3.8/site-packages/airflow/example_dags/example_params_trigger_ui.py for tasks to queue
[2025-06-03T13:40:21.343+0000] {logging_mixin.py:188} INFO - [2025-06-03T13:40:21.343+0000] {dagbag.py:540} INFO - Filling up the DagBag from /home/airflow/.local/lib/python3.8/site-packages/airflow/example_dags/example_params_trigger_ui.py
[2025-06-03T13:40:21.354+0000] {processor.py:840} INFO - DAG(s) 'example_params_trigger_ui' retrieved from /home/airflow/.local/lib/python3.8/site-packages/airflow/example_dags/example_params_trigger_ui.py
[2025-06-03T13:40:21.376+0000] {logging_mixin.py:188} INFO - [2025-06-03T13:40:21.376+0000] {dag.py:3047} INFO - Sync 1 DAGs
[2025-06-03T13:40:21.381+0000] {logging_mixin.py:188} INFO - [2025-06-03T13:40:21.381+0000] {dag.py:3834} INFO - Setting next_dagrun for example_params_trigger_ui to None, run_after=None
[2025-06-03T13:40:21.391+0000] {processor.py:183} INFO - Processing /home/airflow/.local/lib/python3.8/site-packages/airflow/example_dags/example_params_trigger_ui.py took 0.052 seconds
