[2025-06-03T13:16:57.490+0000] {processor.py:161} INFO - Started process (PID=47) to work on /home/airflow/.local/lib/python3.8/site-packages/airflow/example_dags/tutorial.py
[2025-06-03T13:16:57.491+0000] {processor.py:830} INFO - Processing file /home/airflow/.local/lib/python3.8/site-packages/airflow/example_dags/tutorial.py for tasks to queue
[2025-06-03T13:16:57.493+0000] {logging_mixin.py:188} INFO - [2025-06-03T13:16:57.492+0000] {dagbag.py:540} INFO - Filling up the DagBag from /home/airflow/.local/lib/python3.8/site-packages/airflow/example_dags/tutorial.py
[2025-06-03T13:16:57.500+0000] {processor.py:840} INFO - DAG(s) 'tutorial' retrieved from /home/airflow/.local/lib/python3.8/site-packages/airflow/example_dags/tutorial.py
[2025-06-03T13:16:57.513+0000] {logging_mixin.py:188} INFO - [2025-06-03T13:16:57.513+0000] {dag.py:3047} INFO - Sync 1 DAGs
[2025-06-03T13:16:57.543+0000] {logging_mixin.py:188} INFO - [2025-06-03T13:16:57.543+0000] {dag.py:3834} INFO - Setting next_dagrun for tutorial to 2025-06-02 00:00:00+00:00, run_after=2025-06-03 00:00:00+00:00
[2025-06-03T13:16:57.559+0000] {processor.py:183} INFO - Processing /home/airflow/.local/lib/python3.8/site-packages/airflow/example_dags/tutorial.py took 0.072 seconds
[2025-06-03T13:17:27.932+0000] {processor.py:161} INFO - Started process (PID=102) to work on /home/airflow/.local/lib/python3.8/site-packages/airflow/example_dags/tutorial.py
[2025-06-03T13:17:27.933+0000] {processor.py:830} INFO - Processing file /home/airflow/.local/lib/python3.8/site-packages/airflow/example_dags/tutorial.py for tasks to queue
[2025-06-03T13:17:27.934+0000] {logging_mixin.py:188} INFO - [2025-06-03T13:17:27.934+0000] {dagbag.py:540} INFO - Filling up the DagBag from /home/airflow/.local/lib/python3.8/site-packages/airflow/example_dags/tutorial.py
[2025-06-03T13:17:27.937+0000] {processor.py:840} INFO - DAG(s) 'tutorial' retrieved from /home/airflow/.local/lib/python3.8/site-packages/airflow/example_dags/tutorial.py
[2025-06-03T13:17:27.976+0000] {logging_mixin.py:188} INFO - [2025-06-03T13:17:27.976+0000] {dag.py:3047} INFO - Sync 1 DAGs
[2025-06-03T13:17:27.983+0000] {logging_mixin.py:188} INFO - [2025-06-03T13:17:27.983+0000] {dag.py:3834} INFO - Setting next_dagrun for tutorial to 2025-06-02 00:00:00+00:00, run_after=2025-06-03 00:00:00+00:00
[2025-06-03T13:17:27.990+0000] {processor.py:183} INFO - Processing /home/airflow/.local/lib/python3.8/site-packages/airflow/example_dags/tutorial.py took 0.060 seconds
[2025-06-03T13:17:58.102+0000] {processor.py:161} INFO - Started process (PID=157) to work on /home/airflow/.local/lib/python3.8/site-packages/airflow/example_dags/tutorial.py
[2025-06-03T13:17:58.106+0000] {processor.py:830} INFO - Processing file /home/airflow/.local/lib/python3.8/site-packages/airflow/example_dags/tutorial.py for tasks to queue
[2025-06-03T13:17:58.108+0000] {logging_mixin.py:188} INFO - [2025-06-03T13:17:58.107+0000] {dagbag.py:540} INFO - Filling up the DagBag from /home/airflow/.local/lib/python3.8/site-packages/airflow/example_dags/tutorial.py
[2025-06-03T13:17:58.110+0000] {processor.py:840} INFO - DAG(s) 'tutorial' retrieved from /home/airflow/.local/lib/python3.8/site-packages/airflow/example_dags/tutorial.py
[2025-06-03T13:17:58.118+0000] {logging_mixin.py:188} INFO - [2025-06-03T13:17:58.118+0000] {dag.py:3047} INFO - Sync 1 DAGs
[2025-06-03T13:17:58.127+0000] {logging_mixin.py:188} INFO - [2025-06-03T13:17:58.127+0000] {dag.py:3834} INFO - Setting next_dagrun for tutorial to 2025-06-02 00:00:00+00:00, run_after=2025-06-03 00:00:00+00:00
[2025-06-03T13:17:58.133+0000] {processor.py:183} INFO - Processing /home/airflow/.local/lib/python3.8/site-packages/airflow/example_dags/tutorial.py took 0.032 seconds
[2025-06-03T13:18:28.649+0000] {processor.py:161} INFO - Started process (PID=212) to work on /home/airflow/.local/lib/python3.8/site-packages/airflow/example_dags/tutorial.py
[2025-06-03T13:18:28.654+0000] {processor.py:830} INFO - Processing file /home/airflow/.local/lib/python3.8/site-packages/airflow/example_dags/tutorial.py for tasks to queue
[2025-06-03T13:18:28.655+0000] {logging_mixin.py:188} INFO - [2025-06-03T13:18:28.655+0000] {dagbag.py:540} INFO - Filling up the DagBag from /home/airflow/.local/lib/python3.8/site-packages/airflow/example_dags/tutorial.py
[2025-06-03T13:18:28.659+0000] {processor.py:840} INFO - DAG(s) 'tutorial' retrieved from /home/airflow/.local/lib/python3.8/site-packages/airflow/example_dags/tutorial.py
[2025-06-03T13:18:28.670+0000] {logging_mixin.py:188} INFO - [2025-06-03T13:18:28.670+0000] {dag.py:3047} INFO - Sync 1 DAGs
[2025-06-03T13:18:28.680+0000] {logging_mixin.py:188} INFO - [2025-06-03T13:18:28.680+0000] {dag.py:3834} INFO - Setting next_dagrun for tutorial to 2025-06-02 00:00:00+00:00, run_after=2025-06-03 00:00:00+00:00
[2025-06-03T13:18:28.690+0000] {processor.py:183} INFO - Processing /home/airflow/.local/lib/python3.8/site-packages/airflow/example_dags/tutorial.py took 0.044 seconds
[2025-06-03T13:18:59.303+0000] {processor.py:161} INFO - Started process (PID=273) to work on /home/airflow/.local/lib/python3.8/site-packages/airflow/example_dags/tutorial.py
[2025-06-03T13:18:59.303+0000] {processor.py:830} INFO - Processing file /home/airflow/.local/lib/python3.8/site-packages/airflow/example_dags/tutorial.py for tasks to queue
[2025-06-03T13:18:59.304+0000] {logging_mixin.py:188} INFO - [2025-06-03T13:18:59.304+0000] {dagbag.py:540} INFO - Filling up the DagBag from /home/airflow/.local/lib/python3.8/site-packages/airflow/example_dags/tutorial.py
[2025-06-03T13:18:59.307+0000] {processor.py:840} INFO - DAG(s) 'tutorial' retrieved from /home/airflow/.local/lib/python3.8/site-packages/airflow/example_dags/tutorial.py
[2025-06-03T13:18:59.323+0000] {logging_mixin.py:188} INFO - [2025-06-03T13:18:59.322+0000] {dag.py:3047} INFO - Sync 1 DAGs
[2025-06-03T13:18:59.337+0000] {logging_mixin.py:188} INFO - [2025-06-03T13:18:59.337+0000] {dag.py:3834} INFO - Setting next_dagrun for tutorial to 2025-06-02 00:00:00+00:00, run_after=2025-06-03 00:00:00+00:00
[2025-06-03T13:18:59.345+0000] {processor.py:183} INFO - Processing /home/airflow/.local/lib/python3.8/site-packages/airflow/example_dags/tutorial.py took 0.044 seconds
[2025-06-03T13:19:29.892+0000] {processor.py:161} INFO - Started process (PID=328) to work on /home/airflow/.local/lib/python3.8/site-packages/airflow/example_dags/tutorial.py
[2025-06-03T13:19:29.893+0000] {processor.py:830} INFO - Processing file /home/airflow/.local/lib/python3.8/site-packages/airflow/example_dags/tutorial.py for tasks to queue
[2025-06-03T13:19:29.894+0000] {logging_mixin.py:188} INFO - [2025-06-03T13:19:29.894+0000] {dagbag.py:540} INFO - Filling up the DagBag from /home/airflow/.local/lib/python3.8/site-packages/airflow/example_dags/tutorial.py
[2025-06-03T13:19:29.897+0000] {processor.py:840} INFO - DAG(s) 'tutorial' retrieved from /home/airflow/.local/lib/python3.8/site-packages/airflow/example_dags/tutorial.py
[2025-06-03T13:19:29.907+0000] {logging_mixin.py:188} INFO - [2025-06-03T13:19:29.907+0000] {dag.py:3047} INFO - Sync 1 DAGs
[2025-06-03T13:19:29.921+0000] {logging_mixin.py:188} INFO - [2025-06-03T13:19:29.921+0000] {dag.py:3834} INFO - Setting next_dagrun for tutorial to 2025-06-02 00:00:00+00:00, run_after=2025-06-03 00:00:00+00:00
[2025-06-03T13:19:29.932+0000] {processor.py:183} INFO - Processing /home/airflow/.local/lib/python3.8/site-packages/airflow/example_dags/tutorial.py took 0.042 seconds
[2025-06-03T13:20:00.493+0000] {processor.py:161} INFO - Started process (PID=383) to work on /home/airflow/.local/lib/python3.8/site-packages/airflow/example_dags/tutorial.py
[2025-06-03T13:20:00.493+0000] {processor.py:830} INFO - Processing file /home/airflow/.local/lib/python3.8/site-packages/airflow/example_dags/tutorial.py for tasks to queue
[2025-06-03T13:20:00.494+0000] {logging_mixin.py:188} INFO - [2025-06-03T13:20:00.494+0000] {dagbag.py:540} INFO - Filling up the DagBag from /home/airflow/.local/lib/python3.8/site-packages/airflow/example_dags/tutorial.py
[2025-06-03T13:20:00.496+0000] {processor.py:840} INFO - DAG(s) 'tutorial' retrieved from /home/airflow/.local/lib/python3.8/site-packages/airflow/example_dags/tutorial.py
[2025-06-03T13:20:00.504+0000] {logging_mixin.py:188} INFO - [2025-06-03T13:20:00.504+0000] {dag.py:3047} INFO - Sync 1 DAGs
[2025-06-03T13:20:00.511+0000] {logging_mixin.py:188} INFO - [2025-06-03T13:20:00.511+0000] {dag.py:3834} INFO - Setting next_dagrun for tutorial to 2025-06-02 00:00:00+00:00, run_after=2025-06-03 00:00:00+00:00
[2025-06-03T13:20:00.517+0000] {processor.py:183} INFO - Processing /home/airflow/.local/lib/python3.8/site-packages/airflow/example_dags/tutorial.py took 0.025 seconds
[2025-06-03T13:20:31.270+0000] {processor.py:161} INFO - Started process (PID=438) to work on /home/airflow/.local/lib/python3.8/site-packages/airflow/example_dags/tutorial.py
[2025-06-03T13:20:31.271+0000] {processor.py:830} INFO - Processing file /home/airflow/.local/lib/python3.8/site-packages/airflow/example_dags/tutorial.py for tasks to queue
[2025-06-03T13:20:31.272+0000] {logging_mixin.py:188} INFO - [2025-06-03T13:20:31.271+0000] {dagbag.py:540} INFO - Filling up the DagBag from /home/airflow/.local/lib/python3.8/site-packages/airflow/example_dags/tutorial.py
[2025-06-03T13:20:31.274+0000] {processor.py:840} INFO - DAG(s) 'tutorial' retrieved from /home/airflow/.local/lib/python3.8/site-packages/airflow/example_dags/tutorial.py
[2025-06-03T13:20:31.282+0000] {logging_mixin.py:188} INFO - [2025-06-03T13:20:31.282+0000] {dag.py:3047} INFO - Sync 1 DAGs
[2025-06-03T13:20:31.291+0000] {logging_mixin.py:188} INFO - [2025-06-03T13:20:31.291+0000] {dag.py:3834} INFO - Setting next_dagrun for tutorial to 2025-06-02 00:00:00+00:00, run_after=2025-06-03 00:00:00+00:00
[2025-06-03T13:20:31.298+0000] {processor.py:183} INFO - Processing /home/airflow/.local/lib/python3.8/site-packages/airflow/example_dags/tutorial.py took 0.029 seconds
[2025-06-03T13:21:02.037+0000] {processor.py:161} INFO - Started process (PID=493) to work on /home/airflow/.local/lib/python3.8/site-packages/airflow/example_dags/tutorial.py
[2025-06-03T13:21:02.038+0000] {processor.py:830} INFO - Processing file /home/airflow/.local/lib/python3.8/site-packages/airflow/example_dags/tutorial.py for tasks to queue
[2025-06-03T13:21:02.039+0000] {logging_mixin.py:188} INFO - [2025-06-03T13:21:02.038+0000] {dagbag.py:540} INFO - Filling up the DagBag from /home/airflow/.local/lib/python3.8/site-packages/airflow/example_dags/tutorial.py
[2025-06-03T13:21:02.042+0000] {processor.py:840} INFO - DAG(s) 'tutorial' retrieved from /home/airflow/.local/lib/python3.8/site-packages/airflow/example_dags/tutorial.py
[2025-06-03T13:21:02.054+0000] {logging_mixin.py:188} INFO - [2025-06-03T13:21:02.054+0000] {dag.py:3047} INFO - Sync 1 DAGs
[2025-06-03T13:21:02.065+0000] {logging_mixin.py:188} INFO - [2025-06-03T13:21:02.065+0000] {dag.py:3834} INFO - Setting next_dagrun for tutorial to 2025-06-02 00:00:00+00:00, run_after=2025-06-03 00:00:00+00:00
[2025-06-03T13:21:02.074+0000] {processor.py:183} INFO - Processing /home/airflow/.local/lib/python3.8/site-packages/airflow/example_dags/tutorial.py took 0.038 seconds
[2025-06-03T13:21:32.903+0000] {processor.py:161} INFO - Started process (PID=548) to work on /home/airflow/.local/lib/python3.8/site-packages/airflow/example_dags/tutorial.py
[2025-06-03T13:21:32.903+0000] {processor.py:830} INFO - Processing file /home/airflow/.local/lib/python3.8/site-packages/airflow/example_dags/tutorial.py for tasks to queue
[2025-06-03T13:21:32.904+0000] {logging_mixin.py:188} INFO - [2025-06-03T13:21:32.904+0000] {dagbag.py:540} INFO - Filling up the DagBag from /home/airflow/.local/lib/python3.8/site-packages/airflow/example_dags/tutorial.py
[2025-06-03T13:21:32.906+0000] {processor.py:840} INFO - DAG(s) 'tutorial' retrieved from /home/airflow/.local/lib/python3.8/site-packages/airflow/example_dags/tutorial.py
[2025-06-03T13:21:32.916+0000] {logging_mixin.py:188} INFO - [2025-06-03T13:21:32.915+0000] {dag.py:3047} INFO - Sync 1 DAGs
[2025-06-03T13:21:32.924+0000] {logging_mixin.py:188} INFO - [2025-06-03T13:21:32.924+0000] {dag.py:3834} INFO - Setting next_dagrun for tutorial to 2025-06-02 00:00:00+00:00, run_after=2025-06-03 00:00:00+00:00
[2025-06-03T13:21:32.931+0000] {processor.py:183} INFO - Processing /home/airflow/.local/lib/python3.8/site-packages/airflow/example_dags/tutorial.py took 0.030 seconds
[2025-06-03T13:22:03.870+0000] {processor.py:161} INFO - Started process (PID=603) to work on /home/airflow/.local/lib/python3.8/site-packages/airflow/example_dags/tutorial.py
[2025-06-03T13:22:03.871+0000] {processor.py:830} INFO - Processing file /home/airflow/.local/lib/python3.8/site-packages/airflow/example_dags/tutorial.py for tasks to queue
[2025-06-03T13:22:03.872+0000] {logging_mixin.py:188} INFO - [2025-06-03T13:22:03.872+0000] {dagbag.py:540} INFO - Filling up the DagBag from /home/airflow/.local/lib/python3.8/site-packages/airflow/example_dags/tutorial.py
[2025-06-03T13:22:03.875+0000] {processor.py:840} INFO - DAG(s) 'tutorial' retrieved from /home/airflow/.local/lib/python3.8/site-packages/airflow/example_dags/tutorial.py
[2025-06-03T13:22:03.885+0000] {logging_mixin.py:188} INFO - [2025-06-03T13:22:03.885+0000] {dag.py:3047} INFO - Sync 1 DAGs
[2025-06-03T13:22:03.894+0000] {logging_mixin.py:188} INFO - [2025-06-03T13:22:03.893+0000] {dag.py:3834} INFO - Setting next_dagrun for tutorial to 2025-06-02 00:00:00+00:00, run_after=2025-06-03 00:00:00+00:00
[2025-06-03T13:22:03.901+0000] {processor.py:183} INFO - Processing /home/airflow/.local/lib/python3.8/site-packages/airflow/example_dags/tutorial.py took 0.033 seconds
[2025-06-03T13:22:34.857+0000] {processor.py:161} INFO - Started process (PID=658) to work on /home/airflow/.local/lib/python3.8/site-packages/airflow/example_dags/tutorial.py
[2025-06-03T13:22:34.860+0000] {processor.py:830} INFO - Processing file /home/airflow/.local/lib/python3.8/site-packages/airflow/example_dags/tutorial.py for tasks to queue
[2025-06-03T13:22:34.861+0000] {logging_mixin.py:188} INFO - [2025-06-03T13:22:34.861+0000] {dagbag.py:540} INFO - Filling up the DagBag from /home/airflow/.local/lib/python3.8/site-packages/airflow/example_dags/tutorial.py
[2025-06-03T13:22:34.864+0000] {processor.py:840} INFO - DAG(s) 'tutorial' retrieved from /home/airflow/.local/lib/python3.8/site-packages/airflow/example_dags/tutorial.py
[2025-06-03T13:22:34.875+0000] {logging_mixin.py:188} INFO - [2025-06-03T13:22:34.875+0000] {dag.py:3047} INFO - Sync 1 DAGs
[2025-06-03T13:22:34.883+0000] {logging_mixin.py:188} INFO - [2025-06-03T13:22:34.883+0000] {dag.py:3834} INFO - Setting next_dagrun for tutorial to 2025-06-02 00:00:00+00:00, run_after=2025-06-03 00:00:00+00:00
[2025-06-03T13:22:34.890+0000] {processor.py:183} INFO - Processing /home/airflow/.local/lib/python3.8/site-packages/airflow/example_dags/tutorial.py took 0.037 seconds
[2025-06-03T13:23:05.656+0000] {processor.py:161} INFO - Started process (PID=713) to work on /home/airflow/.local/lib/python3.8/site-packages/airflow/example_dags/tutorial.py
[2025-06-03T13:23:05.656+0000] {processor.py:830} INFO - Processing file /home/airflow/.local/lib/python3.8/site-packages/airflow/example_dags/tutorial.py for tasks to queue
[2025-06-03T13:23:05.657+0000] {logging_mixin.py:188} INFO - [2025-06-03T13:23:05.657+0000] {dagbag.py:540} INFO - Filling up the DagBag from /home/airflow/.local/lib/python3.8/site-packages/airflow/example_dags/tutorial.py
[2025-06-03T13:23:05.660+0000] {processor.py:840} INFO - DAG(s) 'tutorial' retrieved from /home/airflow/.local/lib/python3.8/site-packages/airflow/example_dags/tutorial.py
[2025-06-03T13:23:05.670+0000] {logging_mixin.py:188} INFO - [2025-06-03T13:23:05.670+0000] {dag.py:3047} INFO - Sync 1 DAGs
[2025-06-03T13:23:05.685+0000] {logging_mixin.py:188} INFO - [2025-06-03T13:23:05.684+0000] {dag.py:3834} INFO - Setting next_dagrun for tutorial to 2025-06-02 00:00:00+00:00, run_after=2025-06-03 00:00:00+00:00
[2025-06-03T13:23:05.692+0000] {processor.py:183} INFO - Processing /home/airflow/.local/lib/python3.8/site-packages/airflow/example_dags/tutorial.py took 0.037 seconds
[2025-06-03T13:23:36.660+0000] {processor.py:161} INFO - Started process (PID=768) to work on /home/airflow/.local/lib/python3.8/site-packages/airflow/example_dags/tutorial.py
[2025-06-03T13:23:36.661+0000] {processor.py:830} INFO - Processing file /home/airflow/.local/lib/python3.8/site-packages/airflow/example_dags/tutorial.py for tasks to queue
[2025-06-03T13:23:36.662+0000] {logging_mixin.py:188} INFO - [2025-06-03T13:23:36.662+0000] {dagbag.py:540} INFO - Filling up the DagBag from /home/airflow/.local/lib/python3.8/site-packages/airflow/example_dags/tutorial.py
[2025-06-03T13:23:36.664+0000] {processor.py:840} INFO - DAG(s) 'tutorial' retrieved from /home/airflow/.local/lib/python3.8/site-packages/airflow/example_dags/tutorial.py
[2025-06-03T13:23:36.676+0000] {logging_mixin.py:188} INFO - [2025-06-03T13:23:36.676+0000] {dag.py:3047} INFO - Sync 1 DAGs
[2025-06-03T13:23:36.685+0000] {logging_mixin.py:188} INFO - [2025-06-03T13:23:36.685+0000] {dag.py:3834} INFO - Setting next_dagrun for tutorial to 2025-06-02 00:00:00+00:00, run_after=2025-06-03 00:00:00+00:00
[2025-06-03T13:23:36.692+0000] {processor.py:183} INFO - Processing /home/airflow/.local/lib/python3.8/site-packages/airflow/example_dags/tutorial.py took 0.033 seconds
[2025-06-03T13:24:06.935+0000] {processor.py:161} INFO - Started process (PID=823) to work on /home/airflow/.local/lib/python3.8/site-packages/airflow/example_dags/tutorial.py
[2025-06-03T13:24:06.936+0000] {processor.py:830} INFO - Processing file /home/airflow/.local/lib/python3.8/site-packages/airflow/example_dags/tutorial.py for tasks to queue
[2025-06-03T13:24:06.937+0000] {logging_mixin.py:188} INFO - [2025-06-03T13:24:06.937+0000] {dagbag.py:540} INFO - Filling up the DagBag from /home/airflow/.local/lib/python3.8/site-packages/airflow/example_dags/tutorial.py
[2025-06-03T13:24:06.940+0000] {processor.py:840} INFO - DAG(s) 'tutorial' retrieved from /home/airflow/.local/lib/python3.8/site-packages/airflow/example_dags/tutorial.py
[2025-06-03T13:24:06.949+0000] {logging_mixin.py:188} INFO - [2025-06-03T13:24:06.949+0000] {dag.py:3047} INFO - Sync 1 DAGs
[2025-06-03T13:24:06.959+0000] {logging_mixin.py:188} INFO - [2025-06-03T13:24:06.958+0000] {dag.py:3834} INFO - Setting next_dagrun for tutorial to 2025-06-02 00:00:00+00:00, run_after=2025-06-03 00:00:00+00:00
[2025-06-03T13:24:06.966+0000] {processor.py:183} INFO - Processing /home/airflow/.local/lib/python3.8/site-packages/airflow/example_dags/tutorial.py took 0.033 seconds
[2025-06-03T13:24:37.844+0000] {processor.py:161} INFO - Started process (PID=878) to work on /home/airflow/.local/lib/python3.8/site-packages/airflow/example_dags/tutorial.py
[2025-06-03T13:24:37.844+0000] {processor.py:830} INFO - Processing file /home/airflow/.local/lib/python3.8/site-packages/airflow/example_dags/tutorial.py for tasks to queue
[2025-06-03T13:24:37.845+0000] {logging_mixin.py:188} INFO - [2025-06-03T13:24:37.845+0000] {dagbag.py:540} INFO - Filling up the DagBag from /home/airflow/.local/lib/python3.8/site-packages/airflow/example_dags/tutorial.py
[2025-06-03T13:24:37.847+0000] {processor.py:840} INFO - DAG(s) 'tutorial' retrieved from /home/airflow/.local/lib/python3.8/site-packages/airflow/example_dags/tutorial.py
[2025-06-03T13:24:37.855+0000] {logging_mixin.py:188} INFO - [2025-06-03T13:24:37.855+0000] {dag.py:3047} INFO - Sync 1 DAGs
[2025-06-03T13:24:37.862+0000] {logging_mixin.py:188} INFO - [2025-06-03T13:24:37.862+0000] {dag.py:3834} INFO - Setting next_dagrun for tutorial to 2025-06-02 00:00:00+00:00, run_after=2025-06-03 00:00:00+00:00
[2025-06-03T13:24:37.868+0000] {processor.py:183} INFO - Processing /home/airflow/.local/lib/python3.8/site-packages/airflow/example_dags/tutorial.py took 0.026 seconds
[2025-06-03T13:25:08.406+0000] {processor.py:161} INFO - Started process (PID=933) to work on /home/airflow/.local/lib/python3.8/site-packages/airflow/example_dags/tutorial.py
[2025-06-03T13:25:08.407+0000] {processor.py:830} INFO - Processing file /home/airflow/.local/lib/python3.8/site-packages/airflow/example_dags/tutorial.py for tasks to queue
[2025-06-03T13:25:08.408+0000] {logging_mixin.py:188} INFO - [2025-06-03T13:25:08.408+0000] {dagbag.py:540} INFO - Filling up the DagBag from /home/airflow/.local/lib/python3.8/site-packages/airflow/example_dags/tutorial.py
[2025-06-03T13:25:08.410+0000] {processor.py:840} INFO - DAG(s) 'tutorial' retrieved from /home/airflow/.local/lib/python3.8/site-packages/airflow/example_dags/tutorial.py
[2025-06-03T13:25:08.422+0000] {logging_mixin.py:188} INFO - [2025-06-03T13:25:08.422+0000] {dag.py:3047} INFO - Sync 1 DAGs
[2025-06-03T13:25:08.430+0000] {logging_mixin.py:188} INFO - [2025-06-03T13:25:08.430+0000] {dag.py:3834} INFO - Setting next_dagrun for tutorial to 2025-06-02 00:00:00+00:00, run_after=2025-06-03 00:00:00+00:00
[2025-06-03T13:25:08.436+0000] {processor.py:183} INFO - Processing /home/airflow/.local/lib/python3.8/site-packages/airflow/example_dags/tutorial.py took 0.032 seconds
[2025-06-03T13:25:38.909+0000] {processor.py:161} INFO - Started process (PID=988) to work on /home/airflow/.local/lib/python3.8/site-packages/airflow/example_dags/tutorial.py
[2025-06-03T13:25:38.910+0000] {processor.py:830} INFO - Processing file /home/airflow/.local/lib/python3.8/site-packages/airflow/example_dags/tutorial.py for tasks to queue
[2025-06-03T13:25:38.911+0000] {logging_mixin.py:188} INFO - [2025-06-03T13:25:38.911+0000] {dagbag.py:540} INFO - Filling up the DagBag from /home/airflow/.local/lib/python3.8/site-packages/airflow/example_dags/tutorial.py
[2025-06-03T13:25:38.915+0000] {processor.py:840} INFO - DAG(s) 'tutorial' retrieved from /home/airflow/.local/lib/python3.8/site-packages/airflow/example_dags/tutorial.py
[2025-06-03T13:25:38.933+0000] {logging_mixin.py:188} INFO - [2025-06-03T13:25:38.932+0000] {dag.py:3047} INFO - Sync 1 DAGs
[2025-06-03T13:25:38.944+0000] {logging_mixin.py:188} INFO - [2025-06-03T13:25:38.944+0000] {dag.py:3834} INFO - Setting next_dagrun for tutorial to 2025-06-02 00:00:00+00:00, run_after=2025-06-03 00:00:00+00:00
[2025-06-03T13:25:38.956+0000] {processor.py:183} INFO - Processing /home/airflow/.local/lib/python3.8/site-packages/airflow/example_dags/tutorial.py took 0.049 seconds
[2025-06-03T13:26:09.008+0000] {processor.py:161} INFO - Started process (PID=1043) to work on /home/airflow/.local/lib/python3.8/site-packages/airflow/example_dags/tutorial.py
[2025-06-03T13:26:09.009+0000] {processor.py:830} INFO - Processing file /home/airflow/.local/lib/python3.8/site-packages/airflow/example_dags/tutorial.py for tasks to queue
[2025-06-03T13:26:09.009+0000] {logging_mixin.py:188} INFO - [2025-06-03T13:26:09.009+0000] {dagbag.py:540} INFO - Filling up the DagBag from /home/airflow/.local/lib/python3.8/site-packages/airflow/example_dags/tutorial.py
[2025-06-03T13:26:09.012+0000] {processor.py:840} INFO - DAG(s) 'tutorial' retrieved from /home/airflow/.local/lib/python3.8/site-packages/airflow/example_dags/tutorial.py
[2025-06-03T13:26:09.019+0000] {logging_mixin.py:188} INFO - [2025-06-03T13:26:09.019+0000] {dag.py:3047} INFO - Sync 1 DAGs
[2025-06-03T13:26:09.026+0000] {logging_mixin.py:188} INFO - [2025-06-03T13:26:09.026+0000] {dag.py:3834} INFO - Setting next_dagrun for tutorial to 2025-06-02 00:00:00+00:00, run_after=2025-06-03 00:00:00+00:00
[2025-06-03T13:26:09.032+0000] {processor.py:183} INFO - Processing /home/airflow/.local/lib/python3.8/site-packages/airflow/example_dags/tutorial.py took 0.025 seconds
[2025-06-03T13:26:39.421+0000] {processor.py:161} INFO - Started process (PID=1098) to work on /home/airflow/.local/lib/python3.8/site-packages/airflow/example_dags/tutorial.py
[2025-06-03T13:26:39.422+0000] {processor.py:830} INFO - Processing file /home/airflow/.local/lib/python3.8/site-packages/airflow/example_dags/tutorial.py for tasks to queue
[2025-06-03T13:26:39.423+0000] {logging_mixin.py:188} INFO - [2025-06-03T13:26:39.423+0000] {dagbag.py:540} INFO - Filling up the DagBag from /home/airflow/.local/lib/python3.8/site-packages/airflow/example_dags/tutorial.py
[2025-06-03T13:26:39.425+0000] {processor.py:840} INFO - DAG(s) 'tutorial' retrieved from /home/airflow/.local/lib/python3.8/site-packages/airflow/example_dags/tutorial.py
[2025-06-03T13:26:39.434+0000] {logging_mixin.py:188} INFO - [2025-06-03T13:26:39.434+0000] {dag.py:3047} INFO - Sync 1 DAGs
[2025-06-03T13:26:39.442+0000] {logging_mixin.py:188} INFO - [2025-06-03T13:26:39.442+0000] {dag.py:3834} INFO - Setting next_dagrun for tutorial to 2025-06-02 00:00:00+00:00, run_after=2025-06-03 00:00:00+00:00
[2025-06-03T13:26:39.449+0000] {processor.py:183} INFO - Processing /home/airflow/.local/lib/python3.8/site-packages/airflow/example_dags/tutorial.py took 0.030 seconds
[2025-06-03T13:27:10.124+0000] {processor.py:161} INFO - Started process (PID=1153) to work on /home/airflow/.local/lib/python3.8/site-packages/airflow/example_dags/tutorial.py
[2025-06-03T13:27:10.124+0000] {processor.py:830} INFO - Processing file /home/airflow/.local/lib/python3.8/site-packages/airflow/example_dags/tutorial.py for tasks to queue
[2025-06-03T13:27:10.125+0000] {logging_mixin.py:188} INFO - [2025-06-03T13:27:10.125+0000] {dagbag.py:540} INFO - Filling up the DagBag from /home/airflow/.local/lib/python3.8/site-packages/airflow/example_dags/tutorial.py
[2025-06-03T13:27:10.127+0000] {processor.py:840} INFO - DAG(s) 'tutorial' retrieved from /home/airflow/.local/lib/python3.8/site-packages/airflow/example_dags/tutorial.py
[2025-06-03T13:27:10.135+0000] {logging_mixin.py:188} INFO - [2025-06-03T13:27:10.135+0000] {dag.py:3047} INFO - Sync 1 DAGs
[2025-06-03T13:27:10.142+0000] {logging_mixin.py:188} INFO - [2025-06-03T13:27:10.142+0000] {dag.py:3834} INFO - Setting next_dagrun for tutorial to 2025-06-02 00:00:00+00:00, run_after=2025-06-03 00:00:00+00:00
[2025-06-03T13:27:10.147+0000] {processor.py:183} INFO - Processing /home/airflow/.local/lib/python3.8/site-packages/airflow/example_dags/tutorial.py took 0.025 seconds
[2025-06-03T13:27:40.702+0000] {processor.py:161} INFO - Started process (PID=1208) to work on /home/airflow/.local/lib/python3.8/site-packages/airflow/example_dags/tutorial.py
[2025-06-03T13:27:40.703+0000] {processor.py:830} INFO - Processing file /home/airflow/.local/lib/python3.8/site-packages/airflow/example_dags/tutorial.py for tasks to queue
[2025-06-03T13:27:40.703+0000] {logging_mixin.py:188} INFO - [2025-06-03T13:27:40.703+0000] {dagbag.py:540} INFO - Filling up the DagBag from /home/airflow/.local/lib/python3.8/site-packages/airflow/example_dags/tutorial.py
[2025-06-03T13:27:40.706+0000] {processor.py:840} INFO - DAG(s) 'tutorial' retrieved from /home/airflow/.local/lib/python3.8/site-packages/airflow/example_dags/tutorial.py
[2025-06-03T13:27:40.717+0000] {logging_mixin.py:188} INFO - [2025-06-03T13:27:40.716+0000] {dag.py:3047} INFO - Sync 1 DAGs
[2025-06-03T13:27:40.725+0000] {logging_mixin.py:188} INFO - [2025-06-03T13:27:40.725+0000] {dag.py:3834} INFO - Setting next_dagrun for tutorial to 2025-06-02 00:00:00+00:00, run_after=2025-06-03 00:00:00+00:00
[2025-06-03T13:27:40.732+0000] {processor.py:183} INFO - Processing /home/airflow/.local/lib/python3.8/site-packages/airflow/example_dags/tutorial.py took 0.031 seconds
[2025-06-03T13:28:11.254+0000] {processor.py:161} INFO - Started process (PID=1263) to work on /home/airflow/.local/lib/python3.8/site-packages/airflow/example_dags/tutorial.py
[2025-06-03T13:28:11.254+0000] {processor.py:830} INFO - Processing file /home/airflow/.local/lib/python3.8/site-packages/airflow/example_dags/tutorial.py for tasks to queue
[2025-06-03T13:28:11.258+0000] {logging_mixin.py:188} INFO - [2025-06-03T13:28:11.258+0000] {dagbag.py:540} INFO - Filling up the DagBag from /home/airflow/.local/lib/python3.8/site-packages/airflow/example_dags/tutorial.py
[2025-06-03T13:28:11.261+0000] {processor.py:840} INFO - DAG(s) 'tutorial' retrieved from /home/airflow/.local/lib/python3.8/site-packages/airflow/example_dags/tutorial.py
[2025-06-03T13:28:11.269+0000] {logging_mixin.py:188} INFO - [2025-06-03T13:28:11.269+0000] {dag.py:3047} INFO - Sync 1 DAGs
[2025-06-03T13:28:11.278+0000] {logging_mixin.py:188} INFO - [2025-06-03T13:28:11.278+0000] {dag.py:3834} INFO - Setting next_dagrun for tutorial to 2025-06-02 00:00:00+00:00, run_after=2025-06-03 00:00:00+00:00
[2025-06-03T13:28:11.286+0000] {processor.py:183} INFO - Processing /home/airflow/.local/lib/python3.8/site-packages/airflow/example_dags/tutorial.py took 0.034 seconds
[2025-06-03T13:28:42.279+0000] {processor.py:161} INFO - Started process (PID=1318) to work on /home/airflow/.local/lib/python3.8/site-packages/airflow/example_dags/tutorial.py
[2025-06-03T13:28:42.280+0000] {processor.py:830} INFO - Processing file /home/airflow/.local/lib/python3.8/site-packages/airflow/example_dags/tutorial.py for tasks to queue
[2025-06-03T13:28:42.281+0000] {logging_mixin.py:188} INFO - [2025-06-03T13:28:42.281+0000] {dagbag.py:540} INFO - Filling up the DagBag from /home/airflow/.local/lib/python3.8/site-packages/airflow/example_dags/tutorial.py
[2025-06-03T13:28:42.285+0000] {processor.py:840} INFO - DAG(s) 'tutorial' retrieved from /home/airflow/.local/lib/python3.8/site-packages/airflow/example_dags/tutorial.py
[2025-06-03T13:28:42.296+0000] {logging_mixin.py:188} INFO - [2025-06-03T13:28:42.296+0000] {dag.py:3047} INFO - Sync 1 DAGs
[2025-06-03T13:28:42.312+0000] {logging_mixin.py:188} INFO - [2025-06-03T13:28:42.311+0000] {dag.py:3834} INFO - Setting next_dagrun for tutorial to 2025-06-02 00:00:00+00:00, run_after=2025-06-03 00:00:00+00:00
[2025-06-03T13:28:42.321+0000] {processor.py:183} INFO - Processing /home/airflow/.local/lib/python3.8/site-packages/airflow/example_dags/tutorial.py took 0.044 seconds
[2025-06-03T13:29:13.279+0000] {processor.py:161} INFO - Started process (PID=1373) to work on /home/airflow/.local/lib/python3.8/site-packages/airflow/example_dags/tutorial.py
[2025-06-03T13:29:13.280+0000] {processor.py:830} INFO - Processing file /home/airflow/.local/lib/python3.8/site-packages/airflow/example_dags/tutorial.py for tasks to queue
[2025-06-03T13:29:13.281+0000] {logging_mixin.py:188} INFO - [2025-06-03T13:29:13.281+0000] {dagbag.py:540} INFO - Filling up the DagBag from /home/airflow/.local/lib/python3.8/site-packages/airflow/example_dags/tutorial.py
[2025-06-03T13:29:13.284+0000] {processor.py:840} INFO - DAG(s) 'tutorial' retrieved from /home/airflow/.local/lib/python3.8/site-packages/airflow/example_dags/tutorial.py
[2025-06-03T13:29:13.293+0000] {logging_mixin.py:188} INFO - [2025-06-03T13:29:13.293+0000] {dag.py:3047} INFO - Sync 1 DAGs
[2025-06-03T13:29:13.305+0000] {logging_mixin.py:188} INFO - [2025-06-03T13:29:13.305+0000] {dag.py:3834} INFO - Setting next_dagrun for tutorial to 2025-06-02 00:00:00+00:00, run_after=2025-06-03 00:00:00+00:00
[2025-06-03T13:29:13.312+0000] {processor.py:183} INFO - Processing /home/airflow/.local/lib/python3.8/site-packages/airflow/example_dags/tutorial.py took 0.034 seconds
[2025-06-03T13:29:43.616+0000] {processor.py:161} INFO - Started process (PID=1428) to work on /home/airflow/.local/lib/python3.8/site-packages/airflow/example_dags/tutorial.py
[2025-06-03T13:29:43.617+0000] {processor.py:830} INFO - Processing file /home/airflow/.local/lib/python3.8/site-packages/airflow/example_dags/tutorial.py for tasks to queue
[2025-06-03T13:29:43.618+0000] {logging_mixin.py:188} INFO - [2025-06-03T13:29:43.618+0000] {dagbag.py:540} INFO - Filling up the DagBag from /home/airflow/.local/lib/python3.8/site-packages/airflow/example_dags/tutorial.py
[2025-06-03T13:29:43.620+0000] {processor.py:840} INFO - DAG(s) 'tutorial' retrieved from /home/airflow/.local/lib/python3.8/site-packages/airflow/example_dags/tutorial.py
[2025-06-03T13:29:43.631+0000] {logging_mixin.py:188} INFO - [2025-06-03T13:29:43.631+0000] {dag.py:3047} INFO - Sync 1 DAGs
[2025-06-03T13:29:43.639+0000] {logging_mixin.py:188} INFO - [2025-06-03T13:29:43.639+0000] {dag.py:3834} INFO - Setting next_dagrun for tutorial to 2025-06-02 00:00:00+00:00, run_after=2025-06-03 00:00:00+00:00
[2025-06-03T13:29:43.645+0000] {processor.py:183} INFO - Processing /home/airflow/.local/lib/python3.8/site-packages/airflow/example_dags/tutorial.py took 0.030 seconds
[2025-06-03T13:30:13.972+0000] {processor.py:161} INFO - Started process (PID=1483) to work on /home/airflow/.local/lib/python3.8/site-packages/airflow/example_dags/tutorial.py
[2025-06-03T13:30:13.972+0000] {processor.py:830} INFO - Processing file /home/airflow/.local/lib/python3.8/site-packages/airflow/example_dags/tutorial.py for tasks to queue
[2025-06-03T13:30:13.973+0000] {logging_mixin.py:188} INFO - [2025-06-03T13:30:13.973+0000] {dagbag.py:540} INFO - Filling up the DagBag from /home/airflow/.local/lib/python3.8/site-packages/airflow/example_dags/tutorial.py
[2025-06-03T13:30:13.975+0000] {processor.py:840} INFO - DAG(s) 'tutorial' retrieved from /home/airflow/.local/lib/python3.8/site-packages/airflow/example_dags/tutorial.py
[2025-06-03T13:30:13.984+0000] {logging_mixin.py:188} INFO - [2025-06-03T13:30:13.984+0000] {dag.py:3047} INFO - Sync 1 DAGs
[2025-06-03T13:30:13.992+0000] {logging_mixin.py:188} INFO - [2025-06-03T13:30:13.992+0000] {dag.py:3834} INFO - Setting next_dagrun for tutorial to 2025-06-02 00:00:00+00:00, run_after=2025-06-03 00:00:00+00:00
[2025-06-03T13:30:13.999+0000] {processor.py:183} INFO - Processing /home/airflow/.local/lib/python3.8/site-packages/airflow/example_dags/tutorial.py took 0.029 seconds
[2025-06-03T13:30:44.299+0000] {processor.py:161} INFO - Started process (PID=1537) to work on /home/airflow/.local/lib/python3.8/site-packages/airflow/example_dags/tutorial.py
[2025-06-03T13:30:44.300+0000] {processor.py:830} INFO - Processing file /home/airflow/.local/lib/python3.8/site-packages/airflow/example_dags/tutorial.py for tasks to queue
[2025-06-03T13:30:44.300+0000] {logging_mixin.py:188} INFO - [2025-06-03T13:30:44.300+0000] {dagbag.py:540} INFO - Filling up the DagBag from /home/airflow/.local/lib/python3.8/site-packages/airflow/example_dags/tutorial.py
[2025-06-03T13:30:44.303+0000] {processor.py:840} INFO - DAG(s) 'tutorial' retrieved from /home/airflow/.local/lib/python3.8/site-packages/airflow/example_dags/tutorial.py
[2025-06-03T13:30:44.311+0000] {logging_mixin.py:188} INFO - [2025-06-03T13:30:44.310+0000] {dag.py:3047} INFO - Sync 1 DAGs
[2025-06-03T13:30:44.319+0000] {logging_mixin.py:188} INFO - [2025-06-03T13:30:44.318+0000] {dag.py:3834} INFO - Setting next_dagrun for tutorial to 2025-06-02 00:00:00+00:00, run_after=2025-06-03 00:00:00+00:00
[2025-06-03T13:30:44.325+0000] {processor.py:183} INFO - Processing /home/airflow/.local/lib/python3.8/site-packages/airflow/example_dags/tutorial.py took 0.027 seconds
[2025-06-03T13:31:14.595+0000] {processor.py:161} INFO - Started process (PID=1592) to work on /home/airflow/.local/lib/python3.8/site-packages/airflow/example_dags/tutorial.py
[2025-06-03T13:31:14.595+0000] {processor.py:830} INFO - Processing file /home/airflow/.local/lib/python3.8/site-packages/airflow/example_dags/tutorial.py for tasks to queue
[2025-06-03T13:31:14.596+0000] {logging_mixin.py:188} INFO - [2025-06-03T13:31:14.596+0000] {dagbag.py:540} INFO - Filling up the DagBag from /home/airflow/.local/lib/python3.8/site-packages/airflow/example_dags/tutorial.py
[2025-06-03T13:31:14.599+0000] {processor.py:840} INFO - DAG(s) 'tutorial' retrieved from /home/airflow/.local/lib/python3.8/site-packages/airflow/example_dags/tutorial.py
[2025-06-03T13:31:14.608+0000] {logging_mixin.py:188} INFO - [2025-06-03T13:31:14.608+0000] {dag.py:3047} INFO - Sync 1 DAGs
[2025-06-03T13:31:14.616+0000] {logging_mixin.py:188} INFO - [2025-06-03T13:31:14.615+0000] {dag.py:3834} INFO - Setting next_dagrun for tutorial to 2025-06-02 00:00:00+00:00, run_after=2025-06-03 00:00:00+00:00
[2025-06-03T13:31:14.623+0000] {processor.py:183} INFO - Processing /home/airflow/.local/lib/python3.8/site-packages/airflow/example_dags/tutorial.py took 0.029 seconds
[2025-06-03T13:31:44.849+0000] {processor.py:161} INFO - Started process (PID=1647) to work on /home/airflow/.local/lib/python3.8/site-packages/airflow/example_dags/tutorial.py
[2025-06-03T13:31:44.850+0000] {processor.py:830} INFO - Processing file /home/airflow/.local/lib/python3.8/site-packages/airflow/example_dags/tutorial.py for tasks to queue
[2025-06-03T13:31:44.851+0000] {logging_mixin.py:188} INFO - [2025-06-03T13:31:44.851+0000] {dagbag.py:540} INFO - Filling up the DagBag from /home/airflow/.local/lib/python3.8/site-packages/airflow/example_dags/tutorial.py
[2025-06-03T13:31:44.853+0000] {processor.py:840} INFO - DAG(s) 'tutorial' retrieved from /home/airflow/.local/lib/python3.8/site-packages/airflow/example_dags/tutorial.py
[2025-06-03T13:31:44.861+0000] {logging_mixin.py:188} INFO - [2025-06-03T13:31:44.861+0000] {dag.py:3047} INFO - Sync 1 DAGs
[2025-06-03T13:31:44.869+0000] {logging_mixin.py:188} INFO - [2025-06-03T13:31:44.869+0000] {dag.py:3834} INFO - Setting next_dagrun for tutorial to 2025-06-02 00:00:00+00:00, run_after=2025-06-03 00:00:00+00:00
[2025-06-03T13:31:44.876+0000] {processor.py:183} INFO - Processing /home/airflow/.local/lib/python3.8/site-packages/airflow/example_dags/tutorial.py took 0.028 seconds
[2025-06-03T13:32:15.176+0000] {processor.py:161} INFO - Started process (PID=1702) to work on /home/airflow/.local/lib/python3.8/site-packages/airflow/example_dags/tutorial.py
[2025-06-03T13:32:15.176+0000] {processor.py:830} INFO - Processing file /home/airflow/.local/lib/python3.8/site-packages/airflow/example_dags/tutorial.py for tasks to queue
[2025-06-03T13:32:15.177+0000] {logging_mixin.py:188} INFO - [2025-06-03T13:32:15.177+0000] {dagbag.py:540} INFO - Filling up the DagBag from /home/airflow/.local/lib/python3.8/site-packages/airflow/example_dags/tutorial.py
[2025-06-03T13:32:15.179+0000] {processor.py:840} INFO - DAG(s) 'tutorial' retrieved from /home/airflow/.local/lib/python3.8/site-packages/airflow/example_dags/tutorial.py
[2025-06-03T13:32:15.188+0000] {logging_mixin.py:188} INFO - [2025-06-03T13:32:15.187+0000] {dag.py:3047} INFO - Sync 1 DAGs
[2025-06-03T13:32:15.195+0000] {logging_mixin.py:188} INFO - [2025-06-03T13:32:15.195+0000] {dag.py:3834} INFO - Setting next_dagrun for tutorial to 2025-06-02 00:00:00+00:00, run_after=2025-06-03 00:00:00+00:00
[2025-06-03T13:32:15.202+0000] {processor.py:183} INFO - Processing /home/airflow/.local/lib/python3.8/site-packages/airflow/example_dags/tutorial.py took 0.028 seconds
[2025-06-03T13:32:45.423+0000] {processor.py:161} INFO - Started process (PID=1757) to work on /home/airflow/.local/lib/python3.8/site-packages/airflow/example_dags/tutorial.py
[2025-06-03T13:32:45.426+0000] {processor.py:830} INFO - Processing file /home/airflow/.local/lib/python3.8/site-packages/airflow/example_dags/tutorial.py for tasks to queue
[2025-06-03T13:32:45.427+0000] {logging_mixin.py:188} INFO - [2025-06-03T13:32:45.427+0000] {dagbag.py:540} INFO - Filling up the DagBag from /home/airflow/.local/lib/python3.8/site-packages/airflow/example_dags/tutorial.py
[2025-06-03T13:32:45.430+0000] {processor.py:840} INFO - DAG(s) 'tutorial' retrieved from /home/airflow/.local/lib/python3.8/site-packages/airflow/example_dags/tutorial.py
[2025-06-03T13:32:45.438+0000] {logging_mixin.py:188} INFO - [2025-06-03T13:32:45.437+0000] {dag.py:3047} INFO - Sync 1 DAGs
[2025-06-03T13:32:45.445+0000] {logging_mixin.py:188} INFO - [2025-06-03T13:32:45.445+0000] {dag.py:3834} INFO - Setting next_dagrun for tutorial to 2025-06-02 00:00:00+00:00, run_after=2025-06-03 00:00:00+00:00
[2025-06-03T13:32:45.452+0000] {processor.py:183} INFO - Processing /home/airflow/.local/lib/python3.8/site-packages/airflow/example_dags/tutorial.py took 0.031 seconds
[2025-06-03T13:33:15.763+0000] {processor.py:161} INFO - Started process (PID=1812) to work on /home/airflow/.local/lib/python3.8/site-packages/airflow/example_dags/tutorial.py
[2025-06-03T13:33:15.764+0000] {processor.py:830} INFO - Processing file /home/airflow/.local/lib/python3.8/site-packages/airflow/example_dags/tutorial.py for tasks to queue
[2025-06-03T13:33:15.764+0000] {logging_mixin.py:188} INFO - [2025-06-03T13:33:15.764+0000] {dagbag.py:540} INFO - Filling up the DagBag from /home/airflow/.local/lib/python3.8/site-packages/airflow/example_dags/tutorial.py
[2025-06-03T13:33:15.766+0000] {processor.py:840} INFO - DAG(s) 'tutorial' retrieved from /home/airflow/.local/lib/python3.8/site-packages/airflow/example_dags/tutorial.py
[2025-06-03T13:33:15.774+0000] {logging_mixin.py:188} INFO - [2025-06-03T13:33:15.774+0000] {dag.py:3047} INFO - Sync 1 DAGs
[2025-06-03T13:33:15.782+0000] {logging_mixin.py:188} INFO - [2025-06-03T13:33:15.782+0000] {dag.py:3834} INFO - Setting next_dagrun for tutorial to 2025-06-02 00:00:00+00:00, run_after=2025-06-03 00:00:00+00:00
[2025-06-03T13:33:15.787+0000] {processor.py:183} INFO - Processing /home/airflow/.local/lib/python3.8/site-packages/airflow/example_dags/tutorial.py took 0.026 seconds
[2025-06-03T13:33:46.068+0000] {processor.py:161} INFO - Started process (PID=1867) to work on /home/airflow/.local/lib/python3.8/site-packages/airflow/example_dags/tutorial.py
[2025-06-03T13:33:46.069+0000] {processor.py:830} INFO - Processing file /home/airflow/.local/lib/python3.8/site-packages/airflow/example_dags/tutorial.py for tasks to queue
[2025-06-03T13:33:46.070+0000] {logging_mixin.py:188} INFO - [2025-06-03T13:33:46.069+0000] {dagbag.py:540} INFO - Filling up the DagBag from /home/airflow/.local/lib/python3.8/site-packages/airflow/example_dags/tutorial.py
[2025-06-03T13:33:46.072+0000] {processor.py:840} INFO - DAG(s) 'tutorial' retrieved from /home/airflow/.local/lib/python3.8/site-packages/airflow/example_dags/tutorial.py
[2025-06-03T13:33:46.080+0000] {logging_mixin.py:188} INFO - [2025-06-03T13:33:46.080+0000] {dag.py:3047} INFO - Sync 1 DAGs
[2025-06-03T13:33:46.088+0000] {logging_mixin.py:188} INFO - [2025-06-03T13:33:46.088+0000] {dag.py:3834} INFO - Setting next_dagrun for tutorial to 2025-06-02 00:00:00+00:00, run_after=2025-06-03 00:00:00+00:00
[2025-06-03T13:33:46.095+0000] {processor.py:183} INFO - Processing /home/airflow/.local/lib/python3.8/site-packages/airflow/example_dags/tutorial.py took 0.028 seconds
[2025-06-03T13:34:16.319+0000] {processor.py:161} INFO - Started process (PID=1922) to work on /home/airflow/.local/lib/python3.8/site-packages/airflow/example_dags/tutorial.py
[2025-06-03T13:34:16.319+0000] {processor.py:830} INFO - Processing file /home/airflow/.local/lib/python3.8/site-packages/airflow/example_dags/tutorial.py for tasks to queue
[2025-06-03T13:34:16.320+0000] {logging_mixin.py:188} INFO - [2025-06-03T13:34:16.320+0000] {dagbag.py:540} INFO - Filling up the DagBag from /home/airflow/.local/lib/python3.8/site-packages/airflow/example_dags/tutorial.py
[2025-06-03T13:34:16.322+0000] {processor.py:840} INFO - DAG(s) 'tutorial' retrieved from /home/airflow/.local/lib/python3.8/site-packages/airflow/example_dags/tutorial.py
[2025-06-03T13:34:16.329+0000] {logging_mixin.py:188} INFO - [2025-06-03T13:34:16.329+0000] {dag.py:3047} INFO - Sync 1 DAGs
[2025-06-03T13:34:16.337+0000] {logging_mixin.py:188} INFO - [2025-06-03T13:34:16.336+0000] {dag.py:3834} INFO - Setting next_dagrun for tutorial to 2025-06-02 00:00:00+00:00, run_after=2025-06-03 00:00:00+00:00
[2025-06-03T13:34:16.342+0000] {processor.py:183} INFO - Processing /home/airflow/.local/lib/python3.8/site-packages/airflow/example_dags/tutorial.py took 0.025 seconds
[2025-06-03T13:34:46.660+0000] {processor.py:161} INFO - Started process (PID=1977) to work on /home/airflow/.local/lib/python3.8/site-packages/airflow/example_dags/tutorial.py
[2025-06-03T13:34:46.661+0000] {processor.py:830} INFO - Processing file /home/airflow/.local/lib/python3.8/site-packages/airflow/example_dags/tutorial.py for tasks to queue
[2025-06-03T13:34:46.662+0000] {logging_mixin.py:188} INFO - [2025-06-03T13:34:46.662+0000] {dagbag.py:540} INFO - Filling up the DagBag from /home/airflow/.local/lib/python3.8/site-packages/airflow/example_dags/tutorial.py
[2025-06-03T13:34:46.665+0000] {processor.py:840} INFO - DAG(s) 'tutorial' retrieved from /home/airflow/.local/lib/python3.8/site-packages/airflow/example_dags/tutorial.py
[2025-06-03T13:34:46.675+0000] {logging_mixin.py:188} INFO - [2025-06-03T13:34:46.675+0000] {dag.py:3047} INFO - Sync 1 DAGs
[2025-06-03T13:34:46.684+0000] {logging_mixin.py:188} INFO - [2025-06-03T13:34:46.684+0000] {dag.py:3834} INFO - Setting next_dagrun for tutorial to 2025-06-02 00:00:00+00:00, run_after=2025-06-03 00:00:00+00:00
[2025-06-03T13:34:46.691+0000] {processor.py:183} INFO - Processing /home/airflow/.local/lib/python3.8/site-packages/airflow/example_dags/tutorial.py took 0.032 seconds
[2025-06-03T13:35:17.141+0000] {processor.py:161} INFO - Started process (PID=2032) to work on /home/airflow/.local/lib/python3.8/site-packages/airflow/example_dags/tutorial.py
[2025-06-03T13:35:17.144+0000] {processor.py:830} INFO - Processing file /home/airflow/.local/lib/python3.8/site-packages/airflow/example_dags/tutorial.py for tasks to queue
[2025-06-03T13:35:17.145+0000] {logging_mixin.py:188} INFO - [2025-06-03T13:35:17.145+0000] {dagbag.py:540} INFO - Filling up the DagBag from /home/airflow/.local/lib/python3.8/site-packages/airflow/example_dags/tutorial.py
[2025-06-03T13:35:17.149+0000] {processor.py:840} INFO - DAG(s) 'tutorial' retrieved from /home/airflow/.local/lib/python3.8/site-packages/airflow/example_dags/tutorial.py
[2025-06-03T13:35:17.160+0000] {logging_mixin.py:188} INFO - [2025-06-03T13:35:17.160+0000] {dag.py:3047} INFO - Sync 1 DAGs
[2025-06-03T13:35:17.170+0000] {logging_mixin.py:188} INFO - [2025-06-03T13:35:17.170+0000] {dag.py:3834} INFO - Setting next_dagrun for tutorial to 2025-06-02 00:00:00+00:00, run_after=2025-06-03 00:00:00+00:00
[2025-06-03T13:35:17.178+0000] {processor.py:183} INFO - Processing /home/airflow/.local/lib/python3.8/site-packages/airflow/example_dags/tutorial.py took 0.039 seconds
[2025-06-03T13:35:47.662+0000] {processor.py:161} INFO - Started process (PID=2087) to work on /home/airflow/.local/lib/python3.8/site-packages/airflow/example_dags/tutorial.py
[2025-06-03T13:35:47.665+0000] {processor.py:830} INFO - Processing file /home/airflow/.local/lib/python3.8/site-packages/airflow/example_dags/tutorial.py for tasks to queue
[2025-06-03T13:35:47.666+0000] {logging_mixin.py:188} INFO - [2025-06-03T13:35:47.666+0000] {dagbag.py:540} INFO - Filling up the DagBag from /home/airflow/.local/lib/python3.8/site-packages/airflow/example_dags/tutorial.py
[2025-06-03T13:35:47.669+0000] {processor.py:840} INFO - DAG(s) 'tutorial' retrieved from /home/airflow/.local/lib/python3.8/site-packages/airflow/example_dags/tutorial.py
[2025-06-03T13:35:47.678+0000] {logging_mixin.py:188} INFO - [2025-06-03T13:35:47.678+0000] {dag.py:3047} INFO - Sync 1 DAGs
[2025-06-03T13:35:47.688+0000] {logging_mixin.py:188} INFO - [2025-06-03T13:35:47.688+0000] {dag.py:3834} INFO - Setting next_dagrun for tutorial to 2025-06-02 00:00:00+00:00, run_after=2025-06-03 00:00:00+00:00
[2025-06-03T13:35:47.697+0000] {processor.py:183} INFO - Processing /home/airflow/.local/lib/python3.8/site-packages/airflow/example_dags/tutorial.py took 0.036 seconds
[2025-06-03T13:36:17.990+0000] {processor.py:161} INFO - Started process (PID=2142) to work on /home/airflow/.local/lib/python3.8/site-packages/airflow/example_dags/tutorial.py
[2025-06-03T13:36:17.994+0000] {processor.py:830} INFO - Processing file /home/airflow/.local/lib/python3.8/site-packages/airflow/example_dags/tutorial.py for tasks to queue
[2025-06-03T13:36:17.994+0000] {logging_mixin.py:188} INFO - [2025-06-03T13:36:17.994+0000] {dagbag.py:540} INFO - Filling up the DagBag from /home/airflow/.local/lib/python3.8/site-packages/airflow/example_dags/tutorial.py
[2025-06-03T13:36:17.997+0000] {processor.py:840} INFO - DAG(s) 'tutorial' retrieved from /home/airflow/.local/lib/python3.8/site-packages/airflow/example_dags/tutorial.py
[2025-06-03T13:36:18.005+0000] {logging_mixin.py:188} INFO - [2025-06-03T13:36:18.005+0000] {dag.py:3047} INFO - Sync 1 DAGs
[2025-06-03T13:36:18.016+0000] {logging_mixin.py:188} INFO - [2025-06-03T13:36:18.016+0000] {dag.py:3834} INFO - Setting next_dagrun for tutorial to 2025-06-02 00:00:00+00:00, run_after=2025-06-03 00:00:00+00:00
[2025-06-03T13:36:18.023+0000] {processor.py:183} INFO - Processing /home/airflow/.local/lib/python3.8/site-packages/airflow/example_dags/tutorial.py took 0.034 seconds
[2025-06-03T13:36:48.292+0000] {processor.py:161} INFO - Started process (PID=2197) to work on /home/airflow/.local/lib/python3.8/site-packages/airflow/example_dags/tutorial.py
[2025-06-03T13:36:48.295+0000] {processor.py:830} INFO - Processing file /home/airflow/.local/lib/python3.8/site-packages/airflow/example_dags/tutorial.py for tasks to queue
[2025-06-03T13:36:48.296+0000] {logging_mixin.py:188} INFO - [2025-06-03T13:36:48.295+0000] {dagbag.py:540} INFO - Filling up the DagBag from /home/airflow/.local/lib/python3.8/site-packages/airflow/example_dags/tutorial.py
[2025-06-03T13:36:48.298+0000] {processor.py:840} INFO - DAG(s) 'tutorial' retrieved from /home/airflow/.local/lib/python3.8/site-packages/airflow/example_dags/tutorial.py
[2025-06-03T13:36:48.306+0000] {logging_mixin.py:188} INFO - [2025-06-03T13:36:48.305+0000] {dag.py:3047} INFO - Sync 1 DAGs
[2025-06-03T13:36:48.314+0000] {logging_mixin.py:188} INFO - [2025-06-03T13:36:48.314+0000] {dag.py:3834} INFO - Setting next_dagrun for tutorial to 2025-06-02 00:00:00+00:00, run_after=2025-06-03 00:00:00+00:00
[2025-06-03T13:36:48.320+0000] {processor.py:183} INFO - Processing /home/airflow/.local/lib/python3.8/site-packages/airflow/example_dags/tutorial.py took 0.030 seconds
[2025-06-03T13:37:18.704+0000] {processor.py:161} INFO - Started process (PID=2252) to work on /home/airflow/.local/lib/python3.8/site-packages/airflow/example_dags/tutorial.py
[2025-06-03T13:37:18.707+0000] {processor.py:830} INFO - Processing file /home/airflow/.local/lib/python3.8/site-packages/airflow/example_dags/tutorial.py for tasks to queue
[2025-06-03T13:37:18.708+0000] {logging_mixin.py:188} INFO - [2025-06-03T13:37:18.708+0000] {dagbag.py:540} INFO - Filling up the DagBag from /home/airflow/.local/lib/python3.8/site-packages/airflow/example_dags/tutorial.py
[2025-06-03T13:37:18.711+0000] {processor.py:840} INFO - DAG(s) 'tutorial' retrieved from /home/airflow/.local/lib/python3.8/site-packages/airflow/example_dags/tutorial.py
[2025-06-03T13:37:18.718+0000] {logging_mixin.py:188} INFO - [2025-06-03T13:37:18.718+0000] {dag.py:3047} INFO - Sync 1 DAGs
[2025-06-03T13:37:18.730+0000] {logging_mixin.py:188} INFO - [2025-06-03T13:37:18.730+0000] {dag.py:3834} INFO - Setting next_dagrun for tutorial to 2025-06-02 00:00:00+00:00, run_after=2025-06-03 00:00:00+00:00
[2025-06-03T13:37:18.736+0000] {processor.py:183} INFO - Processing /home/airflow/.local/lib/python3.8/site-packages/airflow/example_dags/tutorial.py took 0.033 seconds
[2025-06-03T13:37:49.120+0000] {processor.py:161} INFO - Started process (PID=2307) to work on /home/airflow/.local/lib/python3.8/site-packages/airflow/example_dags/tutorial.py
[2025-06-03T13:37:49.124+0000] {processor.py:830} INFO - Processing file /home/airflow/.local/lib/python3.8/site-packages/airflow/example_dags/tutorial.py for tasks to queue
[2025-06-03T13:37:49.124+0000] {logging_mixin.py:188} INFO - [2025-06-03T13:37:49.124+0000] {dagbag.py:540} INFO - Filling up the DagBag from /home/airflow/.local/lib/python3.8/site-packages/airflow/example_dags/tutorial.py
[2025-06-03T13:37:49.126+0000] {processor.py:840} INFO - DAG(s) 'tutorial' retrieved from /home/airflow/.local/lib/python3.8/site-packages/airflow/example_dags/tutorial.py
[2025-06-03T13:37:49.140+0000] {logging_mixin.py:188} INFO - [2025-06-03T13:37:49.140+0000] {dag.py:3047} INFO - Sync 1 DAGs
[2025-06-03T13:37:49.157+0000] {logging_mixin.py:188} INFO - [2025-06-03T13:37:49.157+0000] {dag.py:3834} INFO - Setting next_dagrun for tutorial to 2025-06-02 00:00:00+00:00, run_after=2025-06-03 00:00:00+00:00
[2025-06-03T13:37:49.171+0000] {processor.py:183} INFO - Processing /home/airflow/.local/lib/python3.8/site-packages/airflow/example_dags/tutorial.py took 0.052 seconds
[2025-06-03T13:38:19.993+0000] {processor.py:161} INFO - Started process (PID=2362) to work on /home/airflow/.local/lib/python3.8/site-packages/airflow/example_dags/tutorial.py
[2025-06-03T13:38:19.994+0000] {processor.py:830} INFO - Processing file /home/airflow/.local/lib/python3.8/site-packages/airflow/example_dags/tutorial.py for tasks to queue
[2025-06-03T13:38:19.995+0000] {logging_mixin.py:188} INFO - [2025-06-03T13:38:19.995+0000] {dagbag.py:540} INFO - Filling up the DagBag from /home/airflow/.local/lib/python3.8/site-packages/airflow/example_dags/tutorial.py
[2025-06-03T13:38:20.007+0000] {processor.py:840} INFO - DAG(s) 'tutorial' retrieved from /home/airflow/.local/lib/python3.8/site-packages/airflow/example_dags/tutorial.py
[2025-06-03T13:38:20.030+0000] {logging_mixin.py:188} INFO - [2025-06-03T13:38:20.030+0000] {dag.py:3047} INFO - Sync 1 DAGs
[2025-06-03T13:38:20.047+0000] {logging_mixin.py:188} INFO - [2025-06-03T13:38:20.046+0000] {dag.py:3834} INFO - Setting next_dagrun for tutorial to 2025-06-02 00:00:00+00:00, run_after=2025-06-03 00:00:00+00:00
[2025-06-03T13:38:20.057+0000] {processor.py:183} INFO - Processing /home/airflow/.local/lib/python3.8/site-packages/airflow/example_dags/tutorial.py took 0.069 seconds
[2025-06-03T13:38:50.513+0000] {processor.py:161} INFO - Started process (PID=2417) to work on /home/airflow/.local/lib/python3.8/site-packages/airflow/example_dags/tutorial.py
[2025-06-03T13:38:50.514+0000] {processor.py:830} INFO - Processing file /home/airflow/.local/lib/python3.8/site-packages/airflow/example_dags/tutorial.py for tasks to queue
[2025-06-03T13:38:50.516+0000] {logging_mixin.py:188} INFO - [2025-06-03T13:38:50.516+0000] {dagbag.py:540} INFO - Filling up the DagBag from /home/airflow/.local/lib/python3.8/site-packages/airflow/example_dags/tutorial.py
[2025-06-03T13:38:50.521+0000] {processor.py:840} INFO - DAG(s) 'tutorial' retrieved from /home/airflow/.local/lib/python3.8/site-packages/airflow/example_dags/tutorial.py
[2025-06-03T13:38:50.554+0000] {logging_mixin.py:188} INFO - [2025-06-03T13:38:50.554+0000] {dag.py:3047} INFO - Sync 1 DAGs
[2025-06-03T13:38:50.575+0000] {logging_mixin.py:188} INFO - [2025-06-03T13:38:50.574+0000] {dag.py:3834} INFO - Setting next_dagrun for tutorial to 2025-06-02 00:00:00+00:00, run_after=2025-06-03 00:00:00+00:00
[2025-06-03T13:38:50.589+0000] {processor.py:183} INFO - Processing /home/airflow/.local/lib/python3.8/site-packages/airflow/example_dags/tutorial.py took 0.079 seconds
[2025-06-03T13:39:20.632+0000] {processor.py:161} INFO - Started process (PID=2472) to work on /home/airflow/.local/lib/python3.8/site-packages/airflow/example_dags/tutorial.py
[2025-06-03T13:39:20.633+0000] {processor.py:830} INFO - Processing file /home/airflow/.local/lib/python3.8/site-packages/airflow/example_dags/tutorial.py for tasks to queue
[2025-06-03T13:39:20.634+0000] {logging_mixin.py:188} INFO - [2025-06-03T13:39:20.634+0000] {dagbag.py:540} INFO - Filling up the DagBag from /home/airflow/.local/lib/python3.8/site-packages/airflow/example_dags/tutorial.py
[2025-06-03T13:39:20.639+0000] {processor.py:840} INFO - DAG(s) 'tutorial' retrieved from /home/airflow/.local/lib/python3.8/site-packages/airflow/example_dags/tutorial.py
[2025-06-03T13:39:20.653+0000] {logging_mixin.py:188} INFO - [2025-06-03T13:39:20.653+0000] {dag.py:3047} INFO - Sync 1 DAGs
[2025-06-03T13:39:20.666+0000] {logging_mixin.py:188} INFO - [2025-06-03T13:39:20.666+0000] {dag.py:3834} INFO - Setting next_dagrun for tutorial to 2025-06-02 00:00:00+00:00, run_after=2025-06-03 00:00:00+00:00
[2025-06-03T13:39:20.678+0000] {processor.py:183} INFO - Processing /home/airflow/.local/lib/python3.8/site-packages/airflow/example_dags/tutorial.py took 0.049 seconds
[2025-06-03T13:39:50.723+0000] {processor.py:161} INFO - Started process (PID=2527) to work on /home/airflow/.local/lib/python3.8/site-packages/airflow/example_dags/tutorial.py
[2025-06-03T13:39:50.725+0000] {processor.py:830} INFO - Processing file /home/airflow/.local/lib/python3.8/site-packages/airflow/example_dags/tutorial.py for tasks to queue
[2025-06-03T13:39:50.726+0000] {logging_mixin.py:188} INFO - [2025-06-03T13:39:50.726+0000] {dagbag.py:540} INFO - Filling up the DagBag from /home/airflow/.local/lib/python3.8/site-packages/airflow/example_dags/tutorial.py
[2025-06-03T13:39:50.729+0000] {processor.py:840} INFO - DAG(s) 'tutorial' retrieved from /home/airflow/.local/lib/python3.8/site-packages/airflow/example_dags/tutorial.py
[2025-06-03T13:39:50.739+0000] {logging_mixin.py:188} INFO - [2025-06-03T13:39:50.739+0000] {dag.py:3047} INFO - Sync 1 DAGs
[2025-06-03T13:39:50.754+0000] {logging_mixin.py:188} INFO - [2025-06-03T13:39:50.754+0000] {dag.py:3834} INFO - Setting next_dagrun for tutorial to 2025-06-02 00:00:00+00:00, run_after=2025-06-03 00:00:00+00:00
[2025-06-03T13:39:50.765+0000] {processor.py:183} INFO - Processing /home/airflow/.local/lib/python3.8/site-packages/airflow/example_dags/tutorial.py took 0.044 seconds
[2025-06-03T13:40:21.408+0000] {processor.py:161} INFO - Started process (PID=2583) to work on /home/airflow/.local/lib/python3.8/site-packages/airflow/example_dags/tutorial.py
[2025-06-03T13:40:21.411+0000] {processor.py:830} INFO - Processing file /home/airflow/.local/lib/python3.8/site-packages/airflow/example_dags/tutorial.py for tasks to queue
[2025-06-03T13:40:21.415+0000] {logging_mixin.py:188} INFO - [2025-06-03T13:40:21.415+0000] {dagbag.py:540} INFO - Filling up the DagBag from /home/airflow/.local/lib/python3.8/site-packages/airflow/example_dags/tutorial.py
[2025-06-03T13:40:21.420+0000] {processor.py:840} INFO - DAG(s) 'tutorial' retrieved from /home/airflow/.local/lib/python3.8/site-packages/airflow/example_dags/tutorial.py
[2025-06-03T13:40:21.439+0000] {logging_mixin.py:188} INFO - [2025-06-03T13:40:21.439+0000] {dag.py:3047} INFO - Sync 1 DAGs
[2025-06-03T13:40:21.456+0000] {logging_mixin.py:188} INFO - [2025-06-03T13:40:21.456+0000] {dag.py:3834} INFO - Setting next_dagrun for tutorial to 2025-06-02 00:00:00+00:00, run_after=2025-06-03 00:00:00+00:00
[2025-06-03T13:40:21.471+0000] {processor.py:183} INFO - Processing /home/airflow/.local/lib/python3.8/site-packages/airflow/example_dags/tutorial.py took 0.066 seconds
