[2025-06-03T13:16:58.129+0000] {processor.py:161} INFO - Started process (PID=56) to work on /home/airflow/.local/lib/python3.8/site-packages/airflow/example_dags/tutorial_dag.py
[2025-06-03T13:16:58.130+0000] {processor.py:830} INFO - Processing file /home/airflow/.local/lib/python3.8/site-packages/airflow/example_dags/tutorial_dag.py for tasks to queue
[2025-06-03T13:16:58.132+0000] {logging_mixin.py:188} INFO - [2025-06-03T13:16:58.132+0000] {dagbag.py:540} INFO - Filling up the DagBag from /home/airflow/.local/lib/python3.8/site-packages/airflow/example_dags/tutorial_dag.py
[2025-06-03T13:16:58.139+0000] {processor.py:840} INFO - DAG(s) 'tutorial_dag' retrieved from /home/airflow/.local/lib/python3.8/site-packages/airflow/example_dags/tutorial_dag.py
[2025-06-03T13:16:58.152+0000] {logging_mixin.py:188} INFO - [2025-06-03T13:16:58.152+0000] {dag.py:3047} INFO - Sync 1 DAGs
[2025-06-03T13:16:58.163+0000] {logging_mixin.py:188} INFO - [2025-06-03T13:16:58.163+0000] {dag.py:3834} INFO - Setting next_dagrun for tutorial_dag to None, run_after=None
[2025-06-03T13:16:58.176+0000] {processor.py:183} INFO - Processing /home/airflow/.local/lib/python3.8/site-packages/airflow/example_dags/tutorial_dag.py took 0.052 seconds
[2025-06-03T13:17:28.275+0000] {processor.py:161} INFO - Started process (PID=111) to work on /home/airflow/.local/lib/python3.8/site-packages/airflow/example_dags/tutorial_dag.py
[2025-06-03T13:17:28.276+0000] {processor.py:830} INFO - Processing file /home/airflow/.local/lib/python3.8/site-packages/airflow/example_dags/tutorial_dag.py for tasks to queue
[2025-06-03T13:17:28.277+0000] {logging_mixin.py:188} INFO - [2025-06-03T13:17:28.277+0000] {dagbag.py:540} INFO - Filling up the DagBag from /home/airflow/.local/lib/python3.8/site-packages/airflow/example_dags/tutorial_dag.py
[2025-06-03T13:17:28.280+0000] {processor.py:840} INFO - DAG(s) 'tutorial_dag' retrieved from /home/airflow/.local/lib/python3.8/site-packages/airflow/example_dags/tutorial_dag.py
[2025-06-03T13:17:28.318+0000] {logging_mixin.py:188} INFO - [2025-06-03T13:17:28.318+0000] {dag.py:3047} INFO - Sync 1 DAGs
[2025-06-03T13:17:28.326+0000] {logging_mixin.py:188} INFO - [2025-06-03T13:17:28.326+0000] {dag.py:3834} INFO - Setting next_dagrun for tutorial_dag to None, run_after=None
[2025-06-03T13:17:28.333+0000] {processor.py:183} INFO - Processing /home/airflow/.local/lib/python3.8/site-packages/airflow/example_dags/tutorial_dag.py took 0.061 seconds
[2025-06-03T13:17:59.326+0000] {processor.py:161} INFO - Started process (PID=172) to work on /home/airflow/.local/lib/python3.8/site-packages/airflow/example_dags/tutorial_dag.py
[2025-06-03T13:17:59.327+0000] {processor.py:830} INFO - Processing file /home/airflow/.local/lib/python3.8/site-packages/airflow/example_dags/tutorial_dag.py for tasks to queue
[2025-06-03T13:17:59.328+0000] {logging_mixin.py:188} INFO - [2025-06-03T13:17:59.328+0000] {dagbag.py:540} INFO - Filling up the DagBag from /home/airflow/.local/lib/python3.8/site-packages/airflow/example_dags/tutorial_dag.py
[2025-06-03T13:17:59.333+0000] {processor.py:840} INFO - DAG(s) 'tutorial_dag' retrieved from /home/airflow/.local/lib/python3.8/site-packages/airflow/example_dags/tutorial_dag.py
[2025-06-03T13:17:59.347+0000] {logging_mixin.py:188} INFO - [2025-06-03T13:17:59.347+0000] {dag.py:3047} INFO - Sync 1 DAGs
[2025-06-03T13:17:59.357+0000] {logging_mixin.py:188} INFO - [2025-06-03T13:17:59.356+0000] {dag.py:3834} INFO - Setting next_dagrun for tutorial_dag to None, run_after=None
[2025-06-03T13:17:59.367+0000] {processor.py:183} INFO - Processing /home/airflow/.local/lib/python3.8/site-packages/airflow/example_dags/tutorial_dag.py took 0.044 seconds
[2025-06-03T13:18:29.918+0000] {processor.py:161} INFO - Started process (PID=227) to work on /home/airflow/.local/lib/python3.8/site-packages/airflow/example_dags/tutorial_dag.py
[2025-06-03T13:18:29.920+0000] {processor.py:830} INFO - Processing file /home/airflow/.local/lib/python3.8/site-packages/airflow/example_dags/tutorial_dag.py for tasks to queue
[2025-06-03T13:18:29.921+0000] {logging_mixin.py:188} INFO - [2025-06-03T13:18:29.921+0000] {dagbag.py:540} INFO - Filling up the DagBag from /home/airflow/.local/lib/python3.8/site-packages/airflow/example_dags/tutorial_dag.py
[2025-06-03T13:18:29.928+0000] {processor.py:840} INFO - DAG(s) 'tutorial_dag' retrieved from /home/airflow/.local/lib/python3.8/site-packages/airflow/example_dags/tutorial_dag.py
[2025-06-03T13:18:29.941+0000] {logging_mixin.py:188} INFO - [2025-06-03T13:18:29.941+0000] {dag.py:3047} INFO - Sync 1 DAGs
[2025-06-03T13:18:29.947+0000] {logging_mixin.py:188} INFO - [2025-06-03T13:18:29.947+0000] {dag.py:3834} INFO - Setting next_dagrun for tutorial_dag to None, run_after=None
[2025-06-03T13:18:29.957+0000] {processor.py:183} INFO - Processing /home/airflow/.local/lib/python3.8/site-packages/airflow/example_dags/tutorial_dag.py took 0.043 seconds
[2025-06-03T13:19:00.557+0000] {processor.py:161} INFO - Started process (PID=282) to work on /home/airflow/.local/lib/python3.8/site-packages/airflow/example_dags/tutorial_dag.py
[2025-06-03T13:19:00.561+0000] {processor.py:830} INFO - Processing file /home/airflow/.local/lib/python3.8/site-packages/airflow/example_dags/tutorial_dag.py for tasks to queue
[2025-06-03T13:19:00.563+0000] {logging_mixin.py:188} INFO - [2025-06-03T13:19:00.562+0000] {dagbag.py:540} INFO - Filling up the DagBag from /home/airflow/.local/lib/python3.8/site-packages/airflow/example_dags/tutorial_dag.py
[2025-06-03T13:19:00.566+0000] {processor.py:840} INFO - DAG(s) 'tutorial_dag' retrieved from /home/airflow/.local/lib/python3.8/site-packages/airflow/example_dags/tutorial_dag.py
[2025-06-03T13:19:00.577+0000] {logging_mixin.py:188} INFO - [2025-06-03T13:19:00.577+0000] {dag.py:3047} INFO - Sync 1 DAGs
[2025-06-03T13:19:00.583+0000] {logging_mixin.py:188} INFO - [2025-06-03T13:19:00.583+0000] {dag.py:3834} INFO - Setting next_dagrun for tutorial_dag to None, run_after=None
[2025-06-03T13:19:00.594+0000] {processor.py:183} INFO - Processing /home/airflow/.local/lib/python3.8/site-packages/airflow/example_dags/tutorial_dag.py took 0.039 seconds
[2025-06-03T13:19:31.125+0000] {processor.py:161} INFO - Started process (PID=337) to work on /home/airflow/.local/lib/python3.8/site-packages/airflow/example_dags/tutorial_dag.py
[2025-06-03T13:19:31.130+0000] {processor.py:830} INFO - Processing file /home/airflow/.local/lib/python3.8/site-packages/airflow/example_dags/tutorial_dag.py for tasks to queue
[2025-06-03T13:19:31.132+0000] {logging_mixin.py:188} INFO - [2025-06-03T13:19:31.132+0000] {dagbag.py:540} INFO - Filling up the DagBag from /home/airflow/.local/lib/python3.8/site-packages/airflow/example_dags/tutorial_dag.py
[2025-06-03T13:19:31.136+0000] {processor.py:840} INFO - DAG(s) 'tutorial_dag' retrieved from /home/airflow/.local/lib/python3.8/site-packages/airflow/example_dags/tutorial_dag.py
[2025-06-03T13:19:31.146+0000] {logging_mixin.py:188} INFO - [2025-06-03T13:19:31.146+0000] {dag.py:3047} INFO - Sync 1 DAGs
[2025-06-03T13:19:31.153+0000] {logging_mixin.py:188} INFO - [2025-06-03T13:19:31.153+0000] {dag.py:3834} INFO - Setting next_dagrun for tutorial_dag to None, run_after=None
[2025-06-03T13:19:31.161+0000] {processor.py:183} INFO - Processing /home/airflow/.local/lib/python3.8/site-packages/airflow/example_dags/tutorial_dag.py took 0.039 seconds
[2025-06-03T13:20:01.692+0000] {processor.py:161} INFO - Started process (PID=392) to work on /home/airflow/.local/lib/python3.8/site-packages/airflow/example_dags/tutorial_dag.py
[2025-06-03T13:20:01.695+0000] {processor.py:830} INFO - Processing file /home/airflow/.local/lib/python3.8/site-packages/airflow/example_dags/tutorial_dag.py for tasks to queue
[2025-06-03T13:20:01.697+0000] {logging_mixin.py:188} INFO - [2025-06-03T13:20:01.696+0000] {dagbag.py:540} INFO - Filling up the DagBag from /home/airflow/.local/lib/python3.8/site-packages/airflow/example_dags/tutorial_dag.py
[2025-06-03T13:20:01.703+0000] {processor.py:840} INFO - DAG(s) 'tutorial_dag' retrieved from /home/airflow/.local/lib/python3.8/site-packages/airflow/example_dags/tutorial_dag.py
[2025-06-03T13:20:01.728+0000] {logging_mixin.py:188} INFO - [2025-06-03T13:20:01.728+0000] {dag.py:3047} INFO - Sync 1 DAGs
[2025-06-03T13:20:01.741+0000] {logging_mixin.py:188} INFO - [2025-06-03T13:20:01.741+0000] {dag.py:3834} INFO - Setting next_dagrun for tutorial_dag to None, run_after=None
[2025-06-03T13:20:01.754+0000] {processor.py:183} INFO - Processing /home/airflow/.local/lib/python3.8/site-packages/airflow/example_dags/tutorial_dag.py took 0.066 seconds
[2025-06-03T13:20:32.490+0000] {processor.py:161} INFO - Started process (PID=447) to work on /home/airflow/.local/lib/python3.8/site-packages/airflow/example_dags/tutorial_dag.py
[2025-06-03T13:20:32.493+0000] {processor.py:830} INFO - Processing file /home/airflow/.local/lib/python3.8/site-packages/airflow/example_dags/tutorial_dag.py for tasks to queue
[2025-06-03T13:20:32.498+0000] {logging_mixin.py:188} INFO - [2025-06-03T13:20:32.498+0000] {dagbag.py:540} INFO - Filling up the DagBag from /home/airflow/.local/lib/python3.8/site-packages/airflow/example_dags/tutorial_dag.py
[2025-06-03T13:20:32.502+0000] {processor.py:840} INFO - DAG(s) 'tutorial_dag' retrieved from /home/airflow/.local/lib/python3.8/site-packages/airflow/example_dags/tutorial_dag.py
[2025-06-03T13:20:32.517+0000] {logging_mixin.py:188} INFO - [2025-06-03T13:20:32.517+0000] {dag.py:3047} INFO - Sync 1 DAGs
[2025-06-03T13:20:32.526+0000] {logging_mixin.py:188} INFO - [2025-06-03T13:20:32.526+0000] {dag.py:3834} INFO - Setting next_dagrun for tutorial_dag to None, run_after=None
[2025-06-03T13:20:32.535+0000] {processor.py:183} INFO - Processing /home/airflow/.local/lib/python3.8/site-packages/airflow/example_dags/tutorial_dag.py took 0.049 seconds
[2025-06-03T13:21:03.260+0000] {processor.py:161} INFO - Started process (PID=502) to work on /home/airflow/.local/lib/python3.8/site-packages/airflow/example_dags/tutorial_dag.py
[2025-06-03T13:21:03.263+0000] {processor.py:830} INFO - Processing file /home/airflow/.local/lib/python3.8/site-packages/airflow/example_dags/tutorial_dag.py for tasks to queue
[2025-06-03T13:21:03.265+0000] {logging_mixin.py:188} INFO - [2025-06-03T13:21:03.264+0000] {dagbag.py:540} INFO - Filling up the DagBag from /home/airflow/.local/lib/python3.8/site-packages/airflow/example_dags/tutorial_dag.py
[2025-06-03T13:21:03.270+0000] {processor.py:840} INFO - DAG(s) 'tutorial_dag' retrieved from /home/airflow/.local/lib/python3.8/site-packages/airflow/example_dags/tutorial_dag.py
[2025-06-03T13:21:03.293+0000] {logging_mixin.py:188} INFO - [2025-06-03T13:21:03.292+0000] {dag.py:3047} INFO - Sync 1 DAGs
[2025-06-03T13:21:03.301+0000] {logging_mixin.py:188} INFO - [2025-06-03T13:21:03.301+0000] {dag.py:3834} INFO - Setting next_dagrun for tutorial_dag to None, run_after=None
[2025-06-03T13:21:03.314+0000] {processor.py:183} INFO - Processing /home/airflow/.local/lib/python3.8/site-packages/airflow/example_dags/tutorial_dag.py took 0.057 seconds
[2025-06-03T13:21:34.134+0000] {processor.py:161} INFO - Started process (PID=557) to work on /home/airflow/.local/lib/python3.8/site-packages/airflow/example_dags/tutorial_dag.py
[2025-06-03T13:21:34.135+0000] {processor.py:830} INFO - Processing file /home/airflow/.local/lib/python3.8/site-packages/airflow/example_dags/tutorial_dag.py for tasks to queue
[2025-06-03T13:21:34.136+0000] {logging_mixin.py:188} INFO - [2025-06-03T13:21:34.135+0000] {dagbag.py:540} INFO - Filling up the DagBag from /home/airflow/.local/lib/python3.8/site-packages/airflow/example_dags/tutorial_dag.py
[2025-06-03T13:21:34.139+0000] {processor.py:840} INFO - DAG(s) 'tutorial_dag' retrieved from /home/airflow/.local/lib/python3.8/site-packages/airflow/example_dags/tutorial_dag.py
[2025-06-03T13:21:34.154+0000] {logging_mixin.py:188} INFO - [2025-06-03T13:21:34.154+0000] {dag.py:3047} INFO - Sync 1 DAGs
[2025-06-03T13:21:34.160+0000] {logging_mixin.py:188} INFO - [2025-06-03T13:21:34.160+0000] {dag.py:3834} INFO - Setting next_dagrun for tutorial_dag to None, run_after=None
[2025-06-03T13:21:34.168+0000] {processor.py:183} INFO - Processing /home/airflow/.local/lib/python3.8/site-packages/airflow/example_dags/tutorial_dag.py took 0.035 seconds
[2025-06-03T13:22:05.093+0000] {processor.py:161} INFO - Started process (PID=612) to work on /home/airflow/.local/lib/python3.8/site-packages/airflow/example_dags/tutorial_dag.py
[2025-06-03T13:22:05.094+0000] {processor.py:830} INFO - Processing file /home/airflow/.local/lib/python3.8/site-packages/airflow/example_dags/tutorial_dag.py for tasks to queue
[2025-06-03T13:22:05.096+0000] {logging_mixin.py:188} INFO - [2025-06-03T13:22:05.096+0000] {dagbag.py:540} INFO - Filling up the DagBag from /home/airflow/.local/lib/python3.8/site-packages/airflow/example_dags/tutorial_dag.py
[2025-06-03T13:22:05.100+0000] {processor.py:840} INFO - DAG(s) 'tutorial_dag' retrieved from /home/airflow/.local/lib/python3.8/site-packages/airflow/example_dags/tutorial_dag.py
[2025-06-03T13:22:05.118+0000] {logging_mixin.py:188} INFO - [2025-06-03T13:22:05.118+0000] {dag.py:3047} INFO - Sync 1 DAGs
[2025-06-03T13:22:05.130+0000] {logging_mixin.py:188} INFO - [2025-06-03T13:22:05.130+0000] {dag.py:3834} INFO - Setting next_dagrun for tutorial_dag to None, run_after=None
[2025-06-03T13:22:05.145+0000] {processor.py:183} INFO - Processing /home/airflow/.local/lib/python3.8/site-packages/airflow/example_dags/tutorial_dag.py took 0.057 seconds
[2025-06-03T13:22:36.064+0000] {processor.py:161} INFO - Started process (PID=667) to work on /home/airflow/.local/lib/python3.8/site-packages/airflow/example_dags/tutorial_dag.py
[2025-06-03T13:22:36.066+0000] {processor.py:830} INFO - Processing file /home/airflow/.local/lib/python3.8/site-packages/airflow/example_dags/tutorial_dag.py for tasks to queue
[2025-06-03T13:22:36.067+0000] {logging_mixin.py:188} INFO - [2025-06-03T13:22:36.067+0000] {dagbag.py:540} INFO - Filling up the DagBag from /home/airflow/.local/lib/python3.8/site-packages/airflow/example_dags/tutorial_dag.py
[2025-06-03T13:22:36.070+0000] {processor.py:840} INFO - DAG(s) 'tutorial_dag' retrieved from /home/airflow/.local/lib/python3.8/site-packages/airflow/example_dags/tutorial_dag.py
[2025-06-03T13:22:36.081+0000] {logging_mixin.py:188} INFO - [2025-06-03T13:22:36.081+0000] {dag.py:3047} INFO - Sync 1 DAGs
[2025-06-03T13:22:36.087+0000] {logging_mixin.py:188} INFO - [2025-06-03T13:22:36.087+0000] {dag.py:3834} INFO - Setting next_dagrun for tutorial_dag to None, run_after=None
[2025-06-03T13:22:36.095+0000] {processor.py:183} INFO - Processing /home/airflow/.local/lib/python3.8/site-packages/airflow/example_dags/tutorial_dag.py took 0.033 seconds
[2025-06-03T13:23:06.892+0000] {processor.py:161} INFO - Started process (PID=722) to work on /home/airflow/.local/lib/python3.8/site-packages/airflow/example_dags/tutorial_dag.py
[2025-06-03T13:23:06.896+0000] {processor.py:830} INFO - Processing file /home/airflow/.local/lib/python3.8/site-packages/airflow/example_dags/tutorial_dag.py for tasks to queue
[2025-06-03T13:23:06.900+0000] {logging_mixin.py:188} INFO - [2025-06-03T13:23:06.900+0000] {dagbag.py:540} INFO - Filling up the DagBag from /home/airflow/.local/lib/python3.8/site-packages/airflow/example_dags/tutorial_dag.py
[2025-06-03T13:23:06.904+0000] {processor.py:840} INFO - DAG(s) 'tutorial_dag' retrieved from /home/airflow/.local/lib/python3.8/site-packages/airflow/example_dags/tutorial_dag.py
[2025-06-03T13:23:06.917+0000] {logging_mixin.py:188} INFO - [2025-06-03T13:23:06.916+0000] {dag.py:3047} INFO - Sync 1 DAGs
[2025-06-03T13:23:06.922+0000] {logging_mixin.py:188} INFO - [2025-06-03T13:23:06.922+0000] {dag.py:3834} INFO - Setting next_dagrun for tutorial_dag to None, run_after=None
[2025-06-03T13:23:06.932+0000] {processor.py:183} INFO - Processing /home/airflow/.local/lib/python3.8/site-packages/airflow/example_dags/tutorial_dag.py took 0.044 seconds
[2025-06-03T13:23:37.857+0000] {processor.py:161} INFO - Started process (PID=777) to work on /home/airflow/.local/lib/python3.8/site-packages/airflow/example_dags/tutorial_dag.py
[2025-06-03T13:23:37.861+0000] {processor.py:830} INFO - Processing file /home/airflow/.local/lib/python3.8/site-packages/airflow/example_dags/tutorial_dag.py for tasks to queue
[2025-06-03T13:23:37.862+0000] {logging_mixin.py:188} INFO - [2025-06-03T13:23:37.862+0000] {dagbag.py:540} INFO - Filling up the DagBag from /home/airflow/.local/lib/python3.8/site-packages/airflow/example_dags/tutorial_dag.py
[2025-06-03T13:23:37.865+0000] {processor.py:840} INFO - DAG(s) 'tutorial_dag' retrieved from /home/airflow/.local/lib/python3.8/site-packages/airflow/example_dags/tutorial_dag.py
[2025-06-03T13:23:37.878+0000] {logging_mixin.py:188} INFO - [2025-06-03T13:23:37.877+0000] {dag.py:3047} INFO - Sync 1 DAGs
[2025-06-03T13:23:37.885+0000] {logging_mixin.py:188} INFO - [2025-06-03T13:23:37.884+0000] {dag.py:3834} INFO - Setting next_dagrun for tutorial_dag to None, run_after=None
[2025-06-03T13:23:37.896+0000] {processor.py:183} INFO - Processing /home/airflow/.local/lib/python3.8/site-packages/airflow/example_dags/tutorial_dag.py took 0.041 seconds
[2025-06-03T13:24:08.170+0000] {processor.py:161} INFO - Started process (PID=832) to work on /home/airflow/.local/lib/python3.8/site-packages/airflow/example_dags/tutorial_dag.py
[2025-06-03T13:24:08.170+0000] {processor.py:830} INFO - Processing file /home/airflow/.local/lib/python3.8/site-packages/airflow/example_dags/tutorial_dag.py for tasks to queue
[2025-06-03T13:24:08.172+0000] {logging_mixin.py:188} INFO - [2025-06-03T13:24:08.171+0000] {dagbag.py:540} INFO - Filling up the DagBag from /home/airflow/.local/lib/python3.8/site-packages/airflow/example_dags/tutorial_dag.py
[2025-06-03T13:24:08.177+0000] {processor.py:840} INFO - DAG(s) 'tutorial_dag' retrieved from /home/airflow/.local/lib/python3.8/site-packages/airflow/example_dags/tutorial_dag.py
[2025-06-03T13:24:08.192+0000] {logging_mixin.py:188} INFO - [2025-06-03T13:24:08.192+0000] {dag.py:3047} INFO - Sync 1 DAGs
[2025-06-03T13:24:08.199+0000] {logging_mixin.py:188} INFO - [2025-06-03T13:24:08.199+0000] {dag.py:3834} INFO - Setting next_dagrun for tutorial_dag to None, run_after=None
[2025-06-03T13:24:08.211+0000] {processor.py:183} INFO - Processing /home/airflow/.local/lib/python3.8/site-packages/airflow/example_dags/tutorial_dag.py took 0.043 seconds
[2025-06-03T13:24:39.065+0000] {processor.py:161} INFO - Started process (PID=887) to work on /home/airflow/.local/lib/python3.8/site-packages/airflow/example_dags/tutorial_dag.py
[2025-06-03T13:24:39.066+0000] {processor.py:830} INFO - Processing file /home/airflow/.local/lib/python3.8/site-packages/airflow/example_dags/tutorial_dag.py for tasks to queue
[2025-06-03T13:24:39.070+0000] {logging_mixin.py:188} INFO - [2025-06-03T13:24:39.070+0000] {dagbag.py:540} INFO - Filling up the DagBag from /home/airflow/.local/lib/python3.8/site-packages/airflow/example_dags/tutorial_dag.py
[2025-06-03T13:24:39.074+0000] {processor.py:840} INFO - DAG(s) 'tutorial_dag' retrieved from /home/airflow/.local/lib/python3.8/site-packages/airflow/example_dags/tutorial_dag.py
[2025-06-03T13:24:39.085+0000] {logging_mixin.py:188} INFO - [2025-06-03T13:24:39.085+0000] {dag.py:3047} INFO - Sync 1 DAGs
[2025-06-03T13:24:39.091+0000] {logging_mixin.py:188} INFO - [2025-06-03T13:24:39.091+0000] {dag.py:3834} INFO - Setting next_dagrun for tutorial_dag to None, run_after=None
[2025-06-03T13:24:39.103+0000] {processor.py:183} INFO - Processing /home/airflow/.local/lib/python3.8/site-packages/airflow/example_dags/tutorial_dag.py took 0.041 seconds
[2025-06-03T13:25:09.690+0000] {processor.py:161} INFO - Started process (PID=942) to work on /home/airflow/.local/lib/python3.8/site-packages/airflow/example_dags/tutorial_dag.py
[2025-06-03T13:25:09.693+0000] {processor.py:830} INFO - Processing file /home/airflow/.local/lib/python3.8/site-packages/airflow/example_dags/tutorial_dag.py for tasks to queue
[2025-06-03T13:25:09.697+0000] {logging_mixin.py:188} INFO - [2025-06-03T13:25:09.696+0000] {dagbag.py:540} INFO - Filling up the DagBag from /home/airflow/.local/lib/python3.8/site-packages/airflow/example_dags/tutorial_dag.py
[2025-06-03T13:25:09.709+0000] {processor.py:840} INFO - DAG(s) 'tutorial_dag' retrieved from /home/airflow/.local/lib/python3.8/site-packages/airflow/example_dags/tutorial_dag.py
[2025-06-03T13:25:09.743+0000] {logging_mixin.py:188} INFO - [2025-06-03T13:25:09.743+0000] {dag.py:3047} INFO - Sync 1 DAGs
[2025-06-03T13:25:09.758+0000] {logging_mixin.py:188} INFO - [2025-06-03T13:25:09.757+0000] {dag.py:3834} INFO - Setting next_dagrun for tutorial_dag to None, run_after=None
[2025-06-03T13:25:09.792+0000] {processor.py:183} INFO - Processing /home/airflow/.local/lib/python3.8/site-packages/airflow/example_dags/tutorial_dag.py took 0.106 seconds
[2025-06-03T13:25:40.282+0000] {processor.py:161} INFO - Started process (PID=997) to work on /home/airflow/.local/lib/python3.8/site-packages/airflow/example_dags/tutorial_dag.py
[2025-06-03T13:25:40.284+0000] {processor.py:830} INFO - Processing file /home/airflow/.local/lib/python3.8/site-packages/airflow/example_dags/tutorial_dag.py for tasks to queue
[2025-06-03T13:25:40.285+0000] {logging_mixin.py:188} INFO - [2025-06-03T13:25:40.285+0000] {dagbag.py:540} INFO - Filling up the DagBag from /home/airflow/.local/lib/python3.8/site-packages/airflow/example_dags/tutorial_dag.py
[2025-06-03T13:25:40.291+0000] {processor.py:840} INFO - DAG(s) 'tutorial_dag' retrieved from /home/airflow/.local/lib/python3.8/site-packages/airflow/example_dags/tutorial_dag.py
[2025-06-03T13:25:40.335+0000] {logging_mixin.py:188} INFO - [2025-06-03T13:25:40.333+0000] {dag.py:3047} INFO - Sync 1 DAGs
[2025-06-03T13:25:40.362+0000] {logging_mixin.py:188} INFO - [2025-06-03T13:25:40.362+0000] {dag.py:3834} INFO - Setting next_dagrun for tutorial_dag to None, run_after=None
[2025-06-03T13:25:40.383+0000] {processor.py:183} INFO - Processing /home/airflow/.local/lib/python3.8/site-packages/airflow/example_dags/tutorial_dag.py took 0.104 seconds
[2025-06-03T13:26:10.401+0000] {processor.py:161} INFO - Started process (PID=1051) to work on /home/airflow/.local/lib/python3.8/site-packages/airflow/example_dags/tutorial_dag.py
[2025-06-03T13:26:10.403+0000] {processor.py:830} INFO - Processing file /home/airflow/.local/lib/python3.8/site-packages/airflow/example_dags/tutorial_dag.py for tasks to queue
[2025-06-03T13:26:10.405+0000] {logging_mixin.py:188} INFO - [2025-06-03T13:26:10.405+0000] {dagbag.py:540} INFO - Filling up the DagBag from /home/airflow/.local/lib/python3.8/site-packages/airflow/example_dags/tutorial_dag.py
[2025-06-03T13:26:10.409+0000] {processor.py:840} INFO - DAG(s) 'tutorial_dag' retrieved from /home/airflow/.local/lib/python3.8/site-packages/airflow/example_dags/tutorial_dag.py
[2025-06-03T13:26:10.427+0000] {logging_mixin.py:188} INFO - [2025-06-03T13:26:10.427+0000] {dag.py:3047} INFO - Sync 1 DAGs
[2025-06-03T13:26:10.435+0000] {logging_mixin.py:188} INFO - [2025-06-03T13:26:10.435+0000] {dag.py:3834} INFO - Setting next_dagrun for tutorial_dag to None, run_after=None
[2025-06-03T13:26:10.446+0000] {processor.py:183} INFO - Processing /home/airflow/.local/lib/python3.8/site-packages/airflow/example_dags/tutorial_dag.py took 0.050 seconds
[2025-06-03T13:26:40.685+0000] {processor.py:161} INFO - Started process (PID=1107) to work on /home/airflow/.local/lib/python3.8/site-packages/airflow/example_dags/tutorial_dag.py
[2025-06-03T13:26:40.685+0000] {processor.py:830} INFO - Processing file /home/airflow/.local/lib/python3.8/site-packages/airflow/example_dags/tutorial_dag.py for tasks to queue
[2025-06-03T13:26:40.686+0000] {logging_mixin.py:188} INFO - [2025-06-03T13:26:40.686+0000] {dagbag.py:540} INFO - Filling up the DagBag from /home/airflow/.local/lib/python3.8/site-packages/airflow/example_dags/tutorial_dag.py
[2025-06-03T13:26:40.689+0000] {processor.py:840} INFO - DAG(s) 'tutorial_dag' retrieved from /home/airflow/.local/lib/python3.8/site-packages/airflow/example_dags/tutorial_dag.py
[2025-06-03T13:26:40.702+0000] {logging_mixin.py:188} INFO - [2025-06-03T13:26:40.702+0000] {dag.py:3047} INFO - Sync 1 DAGs
[2025-06-03T13:26:40.707+0000] {logging_mixin.py:188} INFO - [2025-06-03T13:26:40.707+0000] {dag.py:3834} INFO - Setting next_dagrun for tutorial_dag to None, run_after=None
[2025-06-03T13:26:40.714+0000] {processor.py:183} INFO - Processing /home/airflow/.local/lib/python3.8/site-packages/airflow/example_dags/tutorial_dag.py took 0.031 seconds
[2025-06-03T13:27:11.369+0000] {processor.py:161} INFO - Started process (PID=1162) to work on /home/airflow/.local/lib/python3.8/site-packages/airflow/example_dags/tutorial_dag.py
[2025-06-03T13:27:11.370+0000] {processor.py:830} INFO - Processing file /home/airflow/.local/lib/python3.8/site-packages/airflow/example_dags/tutorial_dag.py for tasks to queue
[2025-06-03T13:27:11.371+0000] {logging_mixin.py:188} INFO - [2025-06-03T13:27:11.371+0000] {dagbag.py:540} INFO - Filling up the DagBag from /home/airflow/.local/lib/python3.8/site-packages/airflow/example_dags/tutorial_dag.py
[2025-06-03T13:27:11.374+0000] {processor.py:840} INFO - DAG(s) 'tutorial_dag' retrieved from /home/airflow/.local/lib/python3.8/site-packages/airflow/example_dags/tutorial_dag.py
[2025-06-03T13:27:11.384+0000] {logging_mixin.py:188} INFO - [2025-06-03T13:27:11.384+0000] {dag.py:3047} INFO - Sync 1 DAGs
[2025-06-03T13:27:11.389+0000] {logging_mixin.py:188} INFO - [2025-06-03T13:27:11.389+0000] {dag.py:3834} INFO - Setting next_dagrun for tutorial_dag to None, run_after=None
[2025-06-03T13:27:11.395+0000] {processor.py:183} INFO - Processing /home/airflow/.local/lib/python3.8/site-packages/airflow/example_dags/tutorial_dag.py took 0.028 seconds
[2025-06-03T13:27:41.984+0000] {processor.py:161} INFO - Started process (PID=1217) to work on /home/airflow/.local/lib/python3.8/site-packages/airflow/example_dags/tutorial_dag.py
[2025-06-03T13:27:41.985+0000] {processor.py:830} INFO - Processing file /home/airflow/.local/lib/python3.8/site-packages/airflow/example_dags/tutorial_dag.py for tasks to queue
[2025-06-03T13:27:41.986+0000] {logging_mixin.py:188} INFO - [2025-06-03T13:27:41.986+0000] {dagbag.py:540} INFO - Filling up the DagBag from /home/airflow/.local/lib/python3.8/site-packages/airflow/example_dags/tutorial_dag.py
[2025-06-03T13:27:41.988+0000] {processor.py:840} INFO - DAG(s) 'tutorial_dag' retrieved from /home/airflow/.local/lib/python3.8/site-packages/airflow/example_dags/tutorial_dag.py
[2025-06-03T13:27:42.004+0000] {logging_mixin.py:188} INFO - [2025-06-03T13:27:42.003+0000] {dag.py:3047} INFO - Sync 1 DAGs
[2025-06-03T13:27:42.008+0000] {logging_mixin.py:188} INFO - [2025-06-03T13:27:42.008+0000] {dag.py:3834} INFO - Setting next_dagrun for tutorial_dag to None, run_after=None
[2025-06-03T13:27:42.014+0000] {processor.py:183} INFO - Processing /home/airflow/.local/lib/python3.8/site-packages/airflow/example_dags/tutorial_dag.py took 0.032 seconds
[2025-06-03T13:28:12.537+0000] {processor.py:161} INFO - Started process (PID=1272) to work on /home/airflow/.local/lib/python3.8/site-packages/airflow/example_dags/tutorial_dag.py
[2025-06-03T13:28:12.538+0000] {processor.py:830} INFO - Processing file /home/airflow/.local/lib/python3.8/site-packages/airflow/example_dags/tutorial_dag.py for tasks to queue
[2025-06-03T13:28:12.539+0000] {logging_mixin.py:188} INFO - [2025-06-03T13:28:12.539+0000] {dagbag.py:540} INFO - Filling up the DagBag from /home/airflow/.local/lib/python3.8/site-packages/airflow/example_dags/tutorial_dag.py
[2025-06-03T13:28:12.542+0000] {processor.py:840} INFO - DAG(s) 'tutorial_dag' retrieved from /home/airflow/.local/lib/python3.8/site-packages/airflow/example_dags/tutorial_dag.py
[2025-06-03T13:28:12.551+0000] {logging_mixin.py:188} INFO - [2025-06-03T13:28:12.551+0000] {dag.py:3047} INFO - Sync 1 DAGs
[2025-06-03T13:28:12.556+0000] {logging_mixin.py:188} INFO - [2025-06-03T13:28:12.556+0000] {dag.py:3834} INFO - Setting next_dagrun for tutorial_dag to None, run_after=None
[2025-06-03T13:28:12.563+0000] {processor.py:183} INFO - Processing /home/airflow/.local/lib/python3.8/site-packages/airflow/example_dags/tutorial_dag.py took 0.028 seconds
[2025-06-03T13:28:42.663+0000] {processor.py:161} INFO - Started process (PID=1327) to work on /home/airflow/.local/lib/python3.8/site-packages/airflow/example_dags/tutorial_dag.py
[2025-06-03T13:28:42.667+0000] {processor.py:830} INFO - Processing file /home/airflow/.local/lib/python3.8/site-packages/airflow/example_dags/tutorial_dag.py for tasks to queue
[2025-06-03T13:28:42.668+0000] {logging_mixin.py:188} INFO - [2025-06-03T13:28:42.668+0000] {dagbag.py:540} INFO - Filling up the DagBag from /home/airflow/.local/lib/python3.8/site-packages/airflow/example_dags/tutorial_dag.py
[2025-06-03T13:28:42.671+0000] {processor.py:840} INFO - DAG(s) 'tutorial_dag' retrieved from /home/airflow/.local/lib/python3.8/site-packages/airflow/example_dags/tutorial_dag.py
[2025-06-03T13:28:42.685+0000] {logging_mixin.py:188} INFO - [2025-06-03T13:28:42.685+0000] {dag.py:3047} INFO - Sync 1 DAGs
[2025-06-03T13:28:42.691+0000] {logging_mixin.py:188} INFO - [2025-06-03T13:28:42.691+0000] {dag.py:3834} INFO - Setting next_dagrun for tutorial_dag to None, run_after=None
[2025-06-03T13:28:42.705+0000] {processor.py:183} INFO - Processing /home/airflow/.local/lib/python3.8/site-packages/airflow/example_dags/tutorial_dag.py took 0.048 seconds
[2025-06-03T13:29:13.475+0000] {processor.py:161} INFO - Started process (PID=1382) to work on /home/airflow/.local/lib/python3.8/site-packages/airflow/example_dags/tutorial_dag.py
[2025-06-03T13:29:13.475+0000] {processor.py:830} INFO - Processing file /home/airflow/.local/lib/python3.8/site-packages/airflow/example_dags/tutorial_dag.py for tasks to queue
[2025-06-03T13:29:13.476+0000] {logging_mixin.py:188} INFO - [2025-06-03T13:29:13.476+0000] {dagbag.py:540} INFO - Filling up the DagBag from /home/airflow/.local/lib/python3.8/site-packages/airflow/example_dags/tutorial_dag.py
[2025-06-03T13:29:13.478+0000] {processor.py:840} INFO - DAG(s) 'tutorial_dag' retrieved from /home/airflow/.local/lib/python3.8/site-packages/airflow/example_dags/tutorial_dag.py
[2025-06-03T13:29:13.486+0000] {logging_mixin.py:188} INFO - [2025-06-03T13:29:13.486+0000] {dag.py:3047} INFO - Sync 1 DAGs
[2025-06-03T13:29:13.490+0000] {logging_mixin.py:188} INFO - [2025-06-03T13:29:13.490+0000] {dag.py:3834} INFO - Setting next_dagrun for tutorial_dag to None, run_after=None
[2025-06-03T13:29:13.498+0000] {processor.py:183} INFO - Processing /home/airflow/.local/lib/python3.8/site-packages/airflow/example_dags/tutorial_dag.py took 0.025 seconds
[2025-06-03T13:29:43.818+0000] {processor.py:161} INFO - Started process (PID=1437) to work on /home/airflow/.local/lib/python3.8/site-packages/airflow/example_dags/tutorial_dag.py
[2025-06-03T13:29:43.819+0000] {processor.py:830} INFO - Processing file /home/airflow/.local/lib/python3.8/site-packages/airflow/example_dags/tutorial_dag.py for tasks to queue
[2025-06-03T13:29:43.819+0000] {logging_mixin.py:188} INFO - [2025-06-03T13:29:43.819+0000] {dagbag.py:540} INFO - Filling up the DagBag from /home/airflow/.local/lib/python3.8/site-packages/airflow/example_dags/tutorial_dag.py
[2025-06-03T13:29:43.822+0000] {processor.py:840} INFO - DAG(s) 'tutorial_dag' retrieved from /home/airflow/.local/lib/python3.8/site-packages/airflow/example_dags/tutorial_dag.py
[2025-06-03T13:29:43.830+0000] {logging_mixin.py:188} INFO - [2025-06-03T13:29:43.829+0000] {dag.py:3047} INFO - Sync 1 DAGs
[2025-06-03T13:29:43.834+0000] {logging_mixin.py:188} INFO - [2025-06-03T13:29:43.834+0000] {dag.py:3834} INFO - Setting next_dagrun for tutorial_dag to None, run_after=None
[2025-06-03T13:29:43.842+0000] {processor.py:183} INFO - Processing /home/airflow/.local/lib/python3.8/site-packages/airflow/example_dags/tutorial_dag.py took 0.026 seconds
[2025-06-03T13:30:14.150+0000] {processor.py:161} INFO - Started process (PID=1492) to work on /home/airflow/.local/lib/python3.8/site-packages/airflow/example_dags/tutorial_dag.py
[2025-06-03T13:30:14.151+0000] {processor.py:830} INFO - Processing file /home/airflow/.local/lib/python3.8/site-packages/airflow/example_dags/tutorial_dag.py for tasks to queue
[2025-06-03T13:30:14.151+0000] {logging_mixin.py:188} INFO - [2025-06-03T13:30:14.151+0000] {dagbag.py:540} INFO - Filling up the DagBag from /home/airflow/.local/lib/python3.8/site-packages/airflow/example_dags/tutorial_dag.py
[2025-06-03T13:30:14.156+0000] {processor.py:840} INFO - DAG(s) 'tutorial_dag' retrieved from /home/airflow/.local/lib/python3.8/site-packages/airflow/example_dags/tutorial_dag.py
[2025-06-03T13:30:14.166+0000] {logging_mixin.py:188} INFO - [2025-06-03T13:30:14.166+0000] {dag.py:3047} INFO - Sync 1 DAGs
[2025-06-03T13:30:14.170+0000] {logging_mixin.py:188} INFO - [2025-06-03T13:30:14.170+0000] {dag.py:3834} INFO - Setting next_dagrun for tutorial_dag to None, run_after=None
[2025-06-03T13:30:14.178+0000] {processor.py:183} INFO - Processing /home/airflow/.local/lib/python3.8/site-packages/airflow/example_dags/tutorial_dag.py took 0.029 seconds
[2025-06-03T13:30:44.480+0000] {processor.py:161} INFO - Started process (PID=1546) to work on /home/airflow/.local/lib/python3.8/site-packages/airflow/example_dags/tutorial_dag.py
[2025-06-03T13:30:44.480+0000] {processor.py:830} INFO - Processing file /home/airflow/.local/lib/python3.8/site-packages/airflow/example_dags/tutorial_dag.py for tasks to queue
[2025-06-03T13:30:44.481+0000] {logging_mixin.py:188} INFO - [2025-06-03T13:30:44.481+0000] {dagbag.py:540} INFO - Filling up the DagBag from /home/airflow/.local/lib/python3.8/site-packages/airflow/example_dags/tutorial_dag.py
[2025-06-03T13:30:44.483+0000] {processor.py:840} INFO - DAG(s) 'tutorial_dag' retrieved from /home/airflow/.local/lib/python3.8/site-packages/airflow/example_dags/tutorial_dag.py
[2025-06-03T13:30:44.491+0000] {logging_mixin.py:188} INFO - [2025-06-03T13:30:44.491+0000] {dag.py:3047} INFO - Sync 1 DAGs
[2025-06-03T13:30:44.495+0000] {logging_mixin.py:188} INFO - [2025-06-03T13:30:44.495+0000] {dag.py:3834} INFO - Setting next_dagrun for tutorial_dag to None, run_after=None
[2025-06-03T13:30:44.503+0000] {processor.py:183} INFO - Processing /home/airflow/.local/lib/python3.8/site-packages/airflow/example_dags/tutorial_dag.py took 0.025 seconds
[2025-06-03T13:31:14.793+0000] {processor.py:161} INFO - Started process (PID=1601) to work on /home/airflow/.local/lib/python3.8/site-packages/airflow/example_dags/tutorial_dag.py
[2025-06-03T13:31:14.793+0000] {processor.py:830} INFO - Processing file /home/airflow/.local/lib/python3.8/site-packages/airflow/example_dags/tutorial_dag.py for tasks to queue
[2025-06-03T13:31:14.794+0000] {logging_mixin.py:188} INFO - [2025-06-03T13:31:14.794+0000] {dagbag.py:540} INFO - Filling up the DagBag from /home/airflow/.local/lib/python3.8/site-packages/airflow/example_dags/tutorial_dag.py
[2025-06-03T13:31:14.796+0000] {processor.py:840} INFO - DAG(s) 'tutorial_dag' retrieved from /home/airflow/.local/lib/python3.8/site-packages/airflow/example_dags/tutorial_dag.py
[2025-06-03T13:31:14.807+0000] {logging_mixin.py:188} INFO - [2025-06-03T13:31:14.807+0000] {dag.py:3047} INFO - Sync 1 DAGs
[2025-06-03T13:31:14.811+0000] {logging_mixin.py:188} INFO - [2025-06-03T13:31:14.811+0000] {dag.py:3834} INFO - Setting next_dagrun for tutorial_dag to None, run_after=None
[2025-06-03T13:31:14.818+0000] {processor.py:183} INFO - Processing /home/airflow/.local/lib/python3.8/site-packages/airflow/example_dags/tutorial_dag.py took 0.026 seconds
[2025-06-03T13:31:45.031+0000] {processor.py:161} INFO - Started process (PID=1656) to work on /home/airflow/.local/lib/python3.8/site-packages/airflow/example_dags/tutorial_dag.py
[2025-06-03T13:31:45.035+0000] {processor.py:830} INFO - Processing file /home/airflow/.local/lib/python3.8/site-packages/airflow/example_dags/tutorial_dag.py for tasks to queue
[2025-06-03T13:31:45.038+0000] {logging_mixin.py:188} INFO - [2025-06-03T13:31:45.038+0000] {dagbag.py:540} INFO - Filling up the DagBag from /home/airflow/.local/lib/python3.8/site-packages/airflow/example_dags/tutorial_dag.py
[2025-06-03T13:31:45.041+0000] {processor.py:840} INFO - DAG(s) 'tutorial_dag' retrieved from /home/airflow/.local/lib/python3.8/site-packages/airflow/example_dags/tutorial_dag.py
[2025-06-03T13:31:45.049+0000] {logging_mixin.py:188} INFO - [2025-06-03T13:31:45.049+0000] {dag.py:3047} INFO - Sync 1 DAGs
[2025-06-03T13:31:45.053+0000] {logging_mixin.py:188} INFO - [2025-06-03T13:31:45.053+0000] {dag.py:3834} INFO - Setting next_dagrun for tutorial_dag to None, run_after=None
[2025-06-03T13:31:45.060+0000] {processor.py:183} INFO - Processing /home/airflow/.local/lib/python3.8/site-packages/airflow/example_dags/tutorial_dag.py took 0.030 seconds
[2025-06-03T13:32:15.385+0000] {processor.py:161} INFO - Started process (PID=1711) to work on /home/airflow/.local/lib/python3.8/site-packages/airflow/example_dags/tutorial_dag.py
[2025-06-03T13:32:15.385+0000] {processor.py:830} INFO - Processing file /home/airflow/.local/lib/python3.8/site-packages/airflow/example_dags/tutorial_dag.py for tasks to queue
[2025-06-03T13:32:15.386+0000] {logging_mixin.py:188} INFO - [2025-06-03T13:32:15.386+0000] {dagbag.py:540} INFO - Filling up the DagBag from /home/airflow/.local/lib/python3.8/site-packages/airflow/example_dags/tutorial_dag.py
[2025-06-03T13:32:15.388+0000] {processor.py:840} INFO - DAG(s) 'tutorial_dag' retrieved from /home/airflow/.local/lib/python3.8/site-packages/airflow/example_dags/tutorial_dag.py
[2025-06-03T13:32:15.396+0000] {logging_mixin.py:188} INFO - [2025-06-03T13:32:15.396+0000] {dag.py:3047} INFO - Sync 1 DAGs
[2025-06-03T13:32:15.401+0000] {logging_mixin.py:188} INFO - [2025-06-03T13:32:15.401+0000] {dag.py:3834} INFO - Setting next_dagrun for tutorial_dag to None, run_after=None
[2025-06-03T13:32:15.407+0000] {processor.py:183} INFO - Processing /home/airflow/.local/lib/python3.8/site-packages/airflow/example_dags/tutorial_dag.py took 0.024 seconds
[2025-06-03T13:32:45.649+0000] {processor.py:161} INFO - Started process (PID=1766) to work on /home/airflow/.local/lib/python3.8/site-packages/airflow/example_dags/tutorial_dag.py
[2025-06-03T13:32:45.649+0000] {processor.py:830} INFO - Processing file /home/airflow/.local/lib/python3.8/site-packages/airflow/example_dags/tutorial_dag.py for tasks to queue
[2025-06-03T13:32:45.650+0000] {logging_mixin.py:188} INFO - [2025-06-03T13:32:45.650+0000] {dagbag.py:540} INFO - Filling up the DagBag from /home/airflow/.local/lib/python3.8/site-packages/airflow/example_dags/tutorial_dag.py
[2025-06-03T13:32:45.653+0000] {processor.py:840} INFO - DAG(s) 'tutorial_dag' retrieved from /home/airflow/.local/lib/python3.8/site-packages/airflow/example_dags/tutorial_dag.py
[2025-06-03T13:32:45.662+0000] {logging_mixin.py:188} INFO - [2025-06-03T13:32:45.662+0000] {dag.py:3047} INFO - Sync 1 DAGs
[2025-06-03T13:32:45.666+0000] {logging_mixin.py:188} INFO - [2025-06-03T13:32:45.666+0000] {dag.py:3834} INFO - Setting next_dagrun for tutorial_dag to None, run_after=None
[2025-06-03T13:32:45.673+0000] {processor.py:183} INFO - Processing /home/airflow/.local/lib/python3.8/site-packages/airflow/example_dags/tutorial_dag.py took 0.026 seconds
[2025-06-03T13:33:15.965+0000] {processor.py:161} INFO - Started process (PID=1821) to work on /home/airflow/.local/lib/python3.8/site-packages/airflow/example_dags/tutorial_dag.py
[2025-06-03T13:33:15.965+0000] {processor.py:830} INFO - Processing file /home/airflow/.local/lib/python3.8/site-packages/airflow/example_dags/tutorial_dag.py for tasks to queue
[2025-06-03T13:33:15.967+0000] {logging_mixin.py:188} INFO - [2025-06-03T13:33:15.966+0000] {dagbag.py:540} INFO - Filling up the DagBag from /home/airflow/.local/lib/python3.8/site-packages/airflow/example_dags/tutorial_dag.py
[2025-06-03T13:33:15.970+0000] {processor.py:840} INFO - DAG(s) 'tutorial_dag' retrieved from /home/airflow/.local/lib/python3.8/site-packages/airflow/example_dags/tutorial_dag.py
[2025-06-03T13:33:15.978+0000] {logging_mixin.py:188} INFO - [2025-06-03T13:33:15.978+0000] {dag.py:3047} INFO - Sync 1 DAGs
[2025-06-03T13:33:15.984+0000] {logging_mixin.py:188} INFO - [2025-06-03T13:33:15.984+0000] {dag.py:3834} INFO - Setting next_dagrun for tutorial_dag to None, run_after=None
[2025-06-03T13:33:15.993+0000] {processor.py:183} INFO - Processing /home/airflow/.local/lib/python3.8/site-packages/airflow/example_dags/tutorial_dag.py took 0.030 seconds
[2025-06-03T13:33:46.243+0000] {processor.py:161} INFO - Started process (PID=1876) to work on /home/airflow/.local/lib/python3.8/site-packages/airflow/example_dags/tutorial_dag.py
[2025-06-03T13:33:46.243+0000] {processor.py:830} INFO - Processing file /home/airflow/.local/lib/python3.8/site-packages/airflow/example_dags/tutorial_dag.py for tasks to queue
[2025-06-03T13:33:46.244+0000] {logging_mixin.py:188} INFO - [2025-06-03T13:33:46.244+0000] {dagbag.py:540} INFO - Filling up the DagBag from /home/airflow/.local/lib/python3.8/site-packages/airflow/example_dags/tutorial_dag.py
[2025-06-03T13:33:46.246+0000] {processor.py:840} INFO - DAG(s) 'tutorial_dag' retrieved from /home/airflow/.local/lib/python3.8/site-packages/airflow/example_dags/tutorial_dag.py
[2025-06-03T13:33:46.254+0000] {logging_mixin.py:188} INFO - [2025-06-03T13:33:46.254+0000] {dag.py:3047} INFO - Sync 1 DAGs
[2025-06-03T13:33:46.258+0000] {logging_mixin.py:188} INFO - [2025-06-03T13:33:46.258+0000] {dag.py:3834} INFO - Setting next_dagrun for tutorial_dag to None, run_after=None
[2025-06-03T13:33:46.264+0000] {processor.py:183} INFO - Processing /home/airflow/.local/lib/python3.8/site-packages/airflow/example_dags/tutorial_dag.py took 0.023 seconds
[2025-06-03T13:34:16.509+0000] {processor.py:161} INFO - Started process (PID=1931) to work on /home/airflow/.local/lib/python3.8/site-packages/airflow/example_dags/tutorial_dag.py
[2025-06-03T13:34:16.509+0000] {processor.py:830} INFO - Processing file /home/airflow/.local/lib/python3.8/site-packages/airflow/example_dags/tutorial_dag.py for tasks to queue
[2025-06-03T13:34:16.514+0000] {logging_mixin.py:188} INFO - [2025-06-03T13:34:16.513+0000] {dagbag.py:540} INFO - Filling up the DagBag from /home/airflow/.local/lib/python3.8/site-packages/airflow/example_dags/tutorial_dag.py
[2025-06-03T13:34:16.517+0000] {processor.py:840} INFO - DAG(s) 'tutorial_dag' retrieved from /home/airflow/.local/lib/python3.8/site-packages/airflow/example_dags/tutorial_dag.py
[2025-06-03T13:34:16.525+0000] {logging_mixin.py:188} INFO - [2025-06-03T13:34:16.524+0000] {dag.py:3047} INFO - Sync 1 DAGs
[2025-06-03T13:34:16.530+0000] {logging_mixin.py:188} INFO - [2025-06-03T13:34:16.530+0000] {dag.py:3834} INFO - Setting next_dagrun for tutorial_dag to None, run_after=None
[2025-06-03T13:34:16.537+0000] {processor.py:183} INFO - Processing /home/airflow/.local/lib/python3.8/site-packages/airflow/example_dags/tutorial_dag.py took 0.029 seconds
[2025-06-03T13:34:46.886+0000] {processor.py:161} INFO - Started process (PID=1986) to work on /home/airflow/.local/lib/python3.8/site-packages/airflow/example_dags/tutorial_dag.py
[2025-06-03T13:34:46.886+0000] {processor.py:830} INFO - Processing file /home/airflow/.local/lib/python3.8/site-packages/airflow/example_dags/tutorial_dag.py for tasks to queue
[2025-06-03T13:34:46.888+0000] {logging_mixin.py:188} INFO - [2025-06-03T13:34:46.888+0000] {dagbag.py:540} INFO - Filling up the DagBag from /home/airflow/.local/lib/python3.8/site-packages/airflow/example_dags/tutorial_dag.py
[2025-06-03T13:34:46.891+0000] {processor.py:840} INFO - DAG(s) 'tutorial_dag' retrieved from /home/airflow/.local/lib/python3.8/site-packages/airflow/example_dags/tutorial_dag.py
[2025-06-03T13:34:46.900+0000] {logging_mixin.py:188} INFO - [2025-06-03T13:34:46.900+0000] {dag.py:3047} INFO - Sync 1 DAGs
[2025-06-03T13:34:46.906+0000] {logging_mixin.py:188} INFO - [2025-06-03T13:34:46.906+0000] {dag.py:3834} INFO - Setting next_dagrun for tutorial_dag to None, run_after=None
[2025-06-03T13:34:46.914+0000] {processor.py:183} INFO - Processing /home/airflow/.local/lib/python3.8/site-packages/airflow/example_dags/tutorial_dag.py took 0.029 seconds
[2025-06-03T13:35:17.389+0000] {processor.py:161} INFO - Started process (PID=2041) to work on /home/airflow/.local/lib/python3.8/site-packages/airflow/example_dags/tutorial_dag.py
[2025-06-03T13:35:17.390+0000] {processor.py:830} INFO - Processing file /home/airflow/.local/lib/python3.8/site-packages/airflow/example_dags/tutorial_dag.py for tasks to queue
[2025-06-03T13:35:17.393+0000] {logging_mixin.py:188} INFO - [2025-06-03T13:35:17.393+0000] {dagbag.py:540} INFO - Filling up the DagBag from /home/airflow/.local/lib/python3.8/site-packages/airflow/example_dags/tutorial_dag.py
[2025-06-03T13:35:17.396+0000] {processor.py:840} INFO - DAG(s) 'tutorial_dag' retrieved from /home/airflow/.local/lib/python3.8/site-packages/airflow/example_dags/tutorial_dag.py
[2025-06-03T13:35:17.406+0000] {logging_mixin.py:188} INFO - [2025-06-03T13:35:17.405+0000] {dag.py:3047} INFO - Sync 1 DAGs
[2025-06-03T13:35:17.410+0000] {logging_mixin.py:188} INFO - [2025-06-03T13:35:17.410+0000] {dag.py:3834} INFO - Setting next_dagrun for tutorial_dag to None, run_after=None
[2025-06-03T13:35:17.416+0000] {processor.py:183} INFO - Processing /home/airflow/.local/lib/python3.8/site-packages/airflow/example_dags/tutorial_dag.py took 0.029 seconds
[2025-06-03T13:35:47.892+0000] {processor.py:161} INFO - Started process (PID=2096) to work on /home/airflow/.local/lib/python3.8/site-packages/airflow/example_dags/tutorial_dag.py
[2025-06-03T13:35:47.893+0000] {processor.py:830} INFO - Processing file /home/airflow/.local/lib/python3.8/site-packages/airflow/example_dags/tutorial_dag.py for tasks to queue
[2025-06-03T13:35:47.894+0000] {logging_mixin.py:188} INFO - [2025-06-03T13:35:47.894+0000] {dagbag.py:540} INFO - Filling up the DagBag from /home/airflow/.local/lib/python3.8/site-packages/airflow/example_dags/tutorial_dag.py
[2025-06-03T13:35:47.897+0000] {processor.py:840} INFO - DAG(s) 'tutorial_dag' retrieved from /home/airflow/.local/lib/python3.8/site-packages/airflow/example_dags/tutorial_dag.py
[2025-06-03T13:35:47.906+0000] {logging_mixin.py:188} INFO - [2025-06-03T13:35:47.905+0000] {dag.py:3047} INFO - Sync 1 DAGs
[2025-06-03T13:35:47.910+0000] {logging_mixin.py:188} INFO - [2025-06-03T13:35:47.910+0000] {dag.py:3834} INFO - Setting next_dagrun for tutorial_dag to None, run_after=None
[2025-06-03T13:35:47.917+0000] {processor.py:183} INFO - Processing /home/airflow/.local/lib/python3.8/site-packages/airflow/example_dags/tutorial_dag.py took 0.026 seconds
[2025-06-03T13:36:18.201+0000] {processor.py:161} INFO - Started process (PID=2151) to work on /home/airflow/.local/lib/python3.8/site-packages/airflow/example_dags/tutorial_dag.py
[2025-06-03T13:36:18.203+0000] {processor.py:830} INFO - Processing file /home/airflow/.local/lib/python3.8/site-packages/airflow/example_dags/tutorial_dag.py for tasks to queue
[2025-06-03T13:36:18.204+0000] {logging_mixin.py:188} INFO - [2025-06-03T13:36:18.204+0000] {dagbag.py:540} INFO - Filling up the DagBag from /home/airflow/.local/lib/python3.8/site-packages/airflow/example_dags/tutorial_dag.py
[2025-06-03T13:36:18.206+0000] {processor.py:840} INFO - DAG(s) 'tutorial_dag' retrieved from /home/airflow/.local/lib/python3.8/site-packages/airflow/example_dags/tutorial_dag.py
[2025-06-03T13:36:18.214+0000] {logging_mixin.py:188} INFO - [2025-06-03T13:36:18.214+0000] {dag.py:3047} INFO - Sync 1 DAGs
[2025-06-03T13:36:18.218+0000] {logging_mixin.py:188} INFO - [2025-06-03T13:36:18.218+0000] {dag.py:3834} INFO - Setting next_dagrun for tutorial_dag to None, run_after=None
[2025-06-03T13:36:18.227+0000] {processor.py:183} INFO - Processing /home/airflow/.local/lib/python3.8/site-packages/airflow/example_dags/tutorial_dag.py took 0.027 seconds
[2025-06-03T13:36:48.543+0000] {processor.py:161} INFO - Started process (PID=2206) to work on /home/airflow/.local/lib/python3.8/site-packages/airflow/example_dags/tutorial_dag.py
[2025-06-03T13:36:48.543+0000] {processor.py:830} INFO - Processing file /home/airflow/.local/lib/python3.8/site-packages/airflow/example_dags/tutorial_dag.py for tasks to queue
[2025-06-03T13:36:48.544+0000] {logging_mixin.py:188} INFO - [2025-06-03T13:36:48.544+0000] {dagbag.py:540} INFO - Filling up the DagBag from /home/airflow/.local/lib/python3.8/site-packages/airflow/example_dags/tutorial_dag.py
[2025-06-03T13:36:48.546+0000] {processor.py:840} INFO - DAG(s) 'tutorial_dag' retrieved from /home/airflow/.local/lib/python3.8/site-packages/airflow/example_dags/tutorial_dag.py
[2025-06-03T13:36:48.556+0000] {logging_mixin.py:188} INFO - [2025-06-03T13:36:48.556+0000] {dag.py:3047} INFO - Sync 1 DAGs
[2025-06-03T13:36:48.560+0000] {logging_mixin.py:188} INFO - [2025-06-03T13:36:48.560+0000] {dag.py:3834} INFO - Setting next_dagrun for tutorial_dag to None, run_after=None
[2025-06-03T13:36:48.567+0000] {processor.py:183} INFO - Processing /home/airflow/.local/lib/python3.8/site-packages/airflow/example_dags/tutorial_dag.py took 0.025 seconds
[2025-06-03T13:37:18.926+0000] {processor.py:161} INFO - Started process (PID=2261) to work on /home/airflow/.local/lib/python3.8/site-packages/airflow/example_dags/tutorial_dag.py
[2025-06-03T13:37:18.927+0000] {processor.py:830} INFO - Processing file /home/airflow/.local/lib/python3.8/site-packages/airflow/example_dags/tutorial_dag.py for tasks to queue
[2025-06-03T13:37:18.927+0000] {logging_mixin.py:188} INFO - [2025-06-03T13:37:18.927+0000] {dagbag.py:540} INFO - Filling up the DagBag from /home/airflow/.local/lib/python3.8/site-packages/airflow/example_dags/tutorial_dag.py
[2025-06-03T13:37:18.930+0000] {processor.py:840} INFO - DAG(s) 'tutorial_dag' retrieved from /home/airflow/.local/lib/python3.8/site-packages/airflow/example_dags/tutorial_dag.py
[2025-06-03T13:37:18.938+0000] {logging_mixin.py:188} INFO - [2025-06-03T13:37:18.938+0000] {dag.py:3047} INFO - Sync 1 DAGs
[2025-06-03T13:37:18.943+0000] {logging_mixin.py:188} INFO - [2025-06-03T13:37:18.943+0000] {dag.py:3834} INFO - Setting next_dagrun for tutorial_dag to None, run_after=None
[2025-06-03T13:37:18.951+0000] {processor.py:183} INFO - Processing /home/airflow/.local/lib/python3.8/site-packages/airflow/example_dags/tutorial_dag.py took 0.027 seconds
[2025-06-03T13:37:49.476+0000] {processor.py:161} INFO - Started process (PID=2316) to work on /home/airflow/.local/lib/python3.8/site-packages/airflow/example_dags/tutorial_dag.py
[2025-06-03T13:37:49.477+0000] {processor.py:830} INFO - Processing file /home/airflow/.local/lib/python3.8/site-packages/airflow/example_dags/tutorial_dag.py for tasks to queue
[2025-06-03T13:37:49.481+0000] {logging_mixin.py:188} INFO - [2025-06-03T13:37:49.480+0000] {dagbag.py:540} INFO - Filling up the DagBag from /home/airflow/.local/lib/python3.8/site-packages/airflow/example_dags/tutorial_dag.py
[2025-06-03T13:37:49.484+0000] {processor.py:840} INFO - DAG(s) 'tutorial_dag' retrieved from /home/airflow/.local/lib/python3.8/site-packages/airflow/example_dags/tutorial_dag.py
[2025-06-03T13:37:49.499+0000] {logging_mixin.py:188} INFO - [2025-06-03T13:37:49.498+0000] {dag.py:3047} INFO - Sync 1 DAGs
[2025-06-03T13:37:49.505+0000] {logging_mixin.py:188} INFO - [2025-06-03T13:37:49.505+0000] {dag.py:3834} INFO - Setting next_dagrun for tutorial_dag to None, run_after=None
[2025-06-03T13:37:49.519+0000] {processor.py:183} INFO - Processing /home/airflow/.local/lib/python3.8/site-packages/airflow/example_dags/tutorial_dag.py took 0.045 seconds
[2025-06-03T13:38:20.345+0000] {processor.py:161} INFO - Started process (PID=2371) to work on /home/airflow/.local/lib/python3.8/site-packages/airflow/example_dags/tutorial_dag.py
[2025-06-03T13:38:20.345+0000] {processor.py:830} INFO - Processing file /home/airflow/.local/lib/python3.8/site-packages/airflow/example_dags/tutorial_dag.py for tasks to queue
[2025-06-03T13:38:20.346+0000] {logging_mixin.py:188} INFO - [2025-06-03T13:38:20.346+0000] {dagbag.py:540} INFO - Filling up the DagBag from /home/airflow/.local/lib/python3.8/site-packages/airflow/example_dags/tutorial_dag.py
[2025-06-03T13:38:20.351+0000] {processor.py:840} INFO - DAG(s) 'tutorial_dag' retrieved from /home/airflow/.local/lib/python3.8/site-packages/airflow/example_dags/tutorial_dag.py
[2025-06-03T13:38:20.363+0000] {logging_mixin.py:188} INFO - [2025-06-03T13:38:20.363+0000] {dag.py:3047} INFO - Sync 1 DAGs
[2025-06-03T13:38:20.370+0000] {logging_mixin.py:188} INFO - [2025-06-03T13:38:20.370+0000] {dag.py:3834} INFO - Setting next_dagrun for tutorial_dag to None, run_after=None
[2025-06-03T13:38:20.382+0000] {processor.py:183} INFO - Processing /home/airflow/.local/lib/python3.8/site-packages/airflow/example_dags/tutorial_dag.py took 0.039 seconds
[2025-06-03T13:38:50.873+0000] {processor.py:161} INFO - Started process (PID=2426) to work on /home/airflow/.local/lib/python3.8/site-packages/airflow/example_dags/tutorial_dag.py
[2025-06-03T13:38:50.877+0000] {processor.py:830} INFO - Processing file /home/airflow/.local/lib/python3.8/site-packages/airflow/example_dags/tutorial_dag.py for tasks to queue
[2025-06-03T13:38:50.878+0000] {logging_mixin.py:188} INFO - [2025-06-03T13:38:50.878+0000] {dagbag.py:540} INFO - Filling up the DagBag from /home/airflow/.local/lib/python3.8/site-packages/airflow/example_dags/tutorial_dag.py
[2025-06-03T13:38:50.881+0000] {processor.py:840} INFO - DAG(s) 'tutorial_dag' retrieved from /home/airflow/.local/lib/python3.8/site-packages/airflow/example_dags/tutorial_dag.py
[2025-06-03T13:38:50.899+0000] {logging_mixin.py:188} INFO - [2025-06-03T13:38:50.898+0000] {dag.py:3047} INFO - Sync 1 DAGs
[2025-06-03T13:38:50.906+0000] {logging_mixin.py:188} INFO - [2025-06-03T13:38:50.906+0000] {dag.py:3834} INFO - Setting next_dagrun for tutorial_dag to None, run_after=None
[2025-06-03T13:38:50.914+0000] {processor.py:183} INFO - Processing /home/airflow/.local/lib/python3.8/site-packages/airflow/example_dags/tutorial_dag.py took 0.044 seconds
[2025-06-03T13:39:20.973+0000] {processor.py:161} INFO - Started process (PID=2481) to work on /home/airflow/.local/lib/python3.8/site-packages/airflow/example_dags/tutorial_dag.py
[2025-06-03T13:39:20.974+0000] {processor.py:830} INFO - Processing file /home/airflow/.local/lib/python3.8/site-packages/airflow/example_dags/tutorial_dag.py for tasks to queue
[2025-06-03T13:39:20.974+0000] {logging_mixin.py:188} INFO - [2025-06-03T13:39:20.974+0000] {dagbag.py:540} INFO - Filling up the DagBag from /home/airflow/.local/lib/python3.8/site-packages/airflow/example_dags/tutorial_dag.py
[2025-06-03T13:39:20.976+0000] {processor.py:840} INFO - DAG(s) 'tutorial_dag' retrieved from /home/airflow/.local/lib/python3.8/site-packages/airflow/example_dags/tutorial_dag.py
[2025-06-03T13:39:20.984+0000] {logging_mixin.py:188} INFO - [2025-06-03T13:39:20.984+0000] {dag.py:3047} INFO - Sync 1 DAGs
[2025-06-03T13:39:20.988+0000] {logging_mixin.py:188} INFO - [2025-06-03T13:39:20.988+0000] {dag.py:3834} INFO - Setting next_dagrun for tutorial_dag to None, run_after=None
[2025-06-03T13:39:20.994+0000] {processor.py:183} INFO - Processing /home/airflow/.local/lib/python3.8/site-packages/airflow/example_dags/tutorial_dag.py took 0.022 seconds
[2025-06-03T13:39:51.995+0000] {processor.py:161} INFO - Started process (PID=2536) to work on /home/airflow/.local/lib/python3.8/site-packages/airflow/example_dags/tutorial_dag.py
[2025-06-03T13:39:51.997+0000] {processor.py:830} INFO - Processing file /home/airflow/.local/lib/python3.8/site-packages/airflow/example_dags/tutorial_dag.py for tasks to queue
[2025-06-03T13:39:51.998+0000] {logging_mixin.py:188} INFO - [2025-06-03T13:39:51.998+0000] {dagbag.py:540} INFO - Filling up the DagBag from /home/airflow/.local/lib/python3.8/site-packages/airflow/example_dags/tutorial_dag.py
[2025-06-03T13:39:52.001+0000] {processor.py:840} INFO - DAG(s) 'tutorial_dag' retrieved from /home/airflow/.local/lib/python3.8/site-packages/airflow/example_dags/tutorial_dag.py
[2025-06-03T13:39:52.011+0000] {logging_mixin.py:188} INFO - [2025-06-03T13:39:52.011+0000] {dag.py:3047} INFO - Sync 1 DAGs
[2025-06-03T13:39:52.022+0000] {logging_mixin.py:188} INFO - [2025-06-03T13:39:52.022+0000] {dag.py:3834} INFO - Setting next_dagrun for tutorial_dag to None, run_after=None
[2025-06-03T13:39:52.033+0000] {processor.py:183} INFO - Processing /home/airflow/.local/lib/python3.8/site-packages/airflow/example_dags/tutorial_dag.py took 0.040 seconds
[2025-06-03T13:40:22.786+0000] {processor.py:161} INFO - Started process (PID=2592) to work on /home/airflow/.local/lib/python3.8/site-packages/airflow/example_dags/tutorial_dag.py
[2025-06-03T13:40:22.787+0000] {processor.py:830} INFO - Processing file /home/airflow/.local/lib/python3.8/site-packages/airflow/example_dags/tutorial_dag.py for tasks to queue
[2025-06-03T13:40:22.788+0000] {logging_mixin.py:188} INFO - [2025-06-03T13:40:22.788+0000] {dagbag.py:540} INFO - Filling up the DagBag from /home/airflow/.local/lib/python3.8/site-packages/airflow/example_dags/tutorial_dag.py
[2025-06-03T13:40:22.792+0000] {processor.py:840} INFO - DAG(s) 'tutorial_dag' retrieved from /home/airflow/.local/lib/python3.8/site-packages/airflow/example_dags/tutorial_dag.py
[2025-06-03T13:40:22.802+0000] {logging_mixin.py:188} INFO - [2025-06-03T13:40:22.802+0000] {dag.py:3047} INFO - Sync 1 DAGs
[2025-06-03T13:40:22.809+0000] {logging_mixin.py:188} INFO - [2025-06-03T13:40:22.809+0000] {dag.py:3834} INFO - Setting next_dagrun for tutorial_dag to None, run_after=None
[2025-06-03T13:40:22.826+0000] {processor.py:183} INFO - Processing /home/airflow/.local/lib/python3.8/site-packages/airflow/example_dags/tutorial_dag.py took 0.041 seconds
